OpenROAD b16bda7e82721d10566ff7e2b68f1ff0be9f9e38 
Features included (+) or not (-): +Charts +GPU +GUI +Python
This program is licensed under the BSD-3 license. See the LICENSE file for details.
Components of this program may be licensed under more restrictive licenses which must be honored.
define_corners Typical
read_liberty -corner Typical /home/talha/volare_pdks/sky130A/libs.ref/sky130_fd_sc_hd/lib/sky130_fd_sc_hd__tt_025C_1v80.lib
Using 1e-12 for capacitance...
Using 1e+03 for resistance...
Using 1e-09 for time...
Using 1e+00 for voltage...
Using 1e-03 for current...
Using 1e-09 for power...
Using 1e-06 for distance...
[INFO]: Reading ODB at '/openlane/designs/project_2/runs/RUN_2025.05.04_12.05.36/results/placement/ALU.odb'…
Reading design constraints file at '/openlane/scripts/base.sdc'…
[INFO]: Setting output delay to: 2.0
[INFO]: Setting input delay to: 2.0
[WARNING STA-0366] port '__VIRTUAL_CLK__' not found.
[INFO]: Setting load to: 0.033442
[INFO]: Setting clock uncertainty to: 0.25
[INFO]: Setting clock transition to: 0.15
[WARNING STA-0419] transition time can not be specified for virtual clocks.
[INFO]: Setting timing derate to: 5.0 %
[INFO]: Setting RC values...
min_report

===========================================================================
report_checks -path_delay min (Hold)
============================================================================
======================= Typical Corner ===================================

Startpoint: A[6] (input port clocked by __VIRTUAL_CLK__)
Endpoint: OUT[6] (output port clocked by __VIRTUAL_CLK__)
Path Group: __VIRTUAL_CLK__
Path Type: min

Fanout     Cap    Slew   Delay    Time   Description
-----------------------------------------------------------------------------
                  0.00    0.00    0.00   clock __VIRTUAL_CLK__ (rise edge)
                          0.00    0.00   clock network delay (ideal)
                          2.00    2.00 ^ input external delay
     1    0.01    0.03    0.02    2.02 ^ A[6] (in)
                                         A[6] (net)
                  0.03    0.00    2.02 ^ input7/A (sky130_fd_sc_hd__buf_6)
    10    0.08    0.16    0.17    2.19 ^ input7/X (sky130_fd_sc_hd__buf_6)
                                         net7 (net)
                  0.16    0.00    2.19 ^ _453_/A1 (sky130_fd_sc_hd__a22oi_1)
     1    0.00    0.06    0.10    2.29 v _453_/Y (sky130_fd_sc_hd__a22oi_1)
                                         net26 (net)
                  0.06    0.00    2.29 v output26/A (sky130_fd_sc_hd__buf_2)
     1    0.03    0.09    0.18    2.47 v output26/X (sky130_fd_sc_hd__buf_2)
                                         OUT[6] (net)
                  0.09    0.00    2.47 v OUT[6] (out)
                                  2.47   data arrival time

                  0.00    0.00    0.00   clock __VIRTUAL_CLK__ (rise edge)
                          0.00    0.00   clock network delay (ideal)
                          0.25    0.25   clock uncertainty
                          0.00    0.25   clock reconvergence pessimism
                         -2.00   -1.75   output external delay
                                 -1.75   data required time
-----------------------------------------------------------------------------
                                 -1.75   data required time
                                 -2.47   data arrival time
-----------------------------------------------------------------------------
                                  4.22   slack (MET)


Startpoint: A[7] (input port clocked by __VIRTUAL_CLK__)
Endpoint: OUT[7] (output port clocked by __VIRTUAL_CLK__)
Path Group: __VIRTUAL_CLK__
Path Type: min

Fanout     Cap    Slew   Delay    Time   Description
-----------------------------------------------------------------------------
                  0.00    0.00    0.00   clock __VIRTUAL_CLK__ (rise edge)
                          0.00    0.00   clock network delay (ideal)
                          2.00    2.00 ^ input external delay
     1    0.00    0.02    0.01    2.01 ^ A[7] (in)
                                         A[7] (net)
                  0.02    0.00    2.01 ^ input8/A (sky130_fd_sc_hd__clkbuf_4)
     6    0.03    0.11    0.17    2.18 ^ input8/X (sky130_fd_sc_hd__clkbuf_4)
                                         net8 (net)
                  0.11    0.00    2.18 ^ _502_/A (sky130_fd_sc_hd__inv_2)
     1    0.01    0.03    0.05    2.22 v _502_/Y (sky130_fd_sc_hd__inv_2)
                                         _179_ (net)
                  0.03    0.00    2.22 v _503_/B2 (sky130_fd_sc_hd__o32a_1)
     1    0.01    0.07    0.17    2.39 v _503_/X (sky130_fd_sc_hd__o32a_1)
                                         net27 (net)
                  0.07    0.00    2.39 v output27/A (sky130_fd_sc_hd__buf_2)
     1    0.03    0.09    0.18    2.57 v output27/X (sky130_fd_sc_hd__buf_2)
                                         OUT[7] (net)
                  0.09    0.00    2.57 v OUT[7] (out)
                                  2.57   data arrival time

                  0.00    0.00    0.00   clock __VIRTUAL_CLK__ (rise edge)
                          0.00    0.00   clock network delay (ideal)
                          0.25    0.25   clock uncertainty
                          0.00    0.25   clock reconvergence pessimism
                         -2.00   -1.75   output external delay
                                 -1.75   data required time
-----------------------------------------------------------------------------
                                 -1.75   data required time
                                 -2.57   data arrival time
-----------------------------------------------------------------------------
                                  4.32   slack (MET)


Startpoint: A[5] (input port clocked by __VIRTUAL_CLK__)
Endpoint: OUT[5] (output port clocked by __VIRTUAL_CLK__)
Path Group: __VIRTUAL_CLK__
Path Type: min

Fanout     Cap    Slew   Delay    Time   Description
-----------------------------------------------------------------------------
                  0.00    0.00    0.00   clock __VIRTUAL_CLK__ (rise edge)
                          0.00    0.00   clock network delay (ideal)
                          2.00    2.00 ^ input external delay
     1    0.00    0.02    0.01    2.01 ^ A[5] (in)
                                         A[5] (net)
                  0.02    0.00    2.01 ^ input6/A (sky130_fd_sc_hd__clkbuf_2)
     3    0.02    0.14    0.15    2.16 ^ input6/X (sky130_fd_sc_hd__clkbuf_2)
                                         net6 (net)
                  0.14    0.00    2.17 ^ _374_/A (sky130_fd_sc_hd__buf_4)
    10    0.06    0.17    0.22    2.39 ^ _374_/X (sky130_fd_sc_hd__buf_4)
                                         _052_ (net)
                  0.17    0.00    2.39 ^ _410_/A1 (sky130_fd_sc_hd__a21oi_1)
     1    0.01    0.07    0.13    2.52 v _410_/Y (sky130_fd_sc_hd__a21oi_1)
                                         net25 (net)
                  0.07    0.00    2.52 v output25/A (sky130_fd_sc_hd__buf_2)
     1    0.03    0.09    0.18    2.70 v output25/X (sky130_fd_sc_hd__buf_2)
                                         OUT[5] (net)
                  0.09    0.00    2.70 v OUT[5] (out)
                                  2.70   data arrival time

                  0.00    0.00    0.00   clock __VIRTUAL_CLK__ (rise edge)
                          0.00    0.00   clock network delay (ideal)
                          0.25    0.25   clock uncertainty
                          0.00    0.25   clock reconvergence pessimism
                         -2.00   -1.75   output external delay
                                 -1.75   data required time
-----------------------------------------------------------------------------
                                 -1.75   data required time
                                 -2.70   data arrival time
-----------------------------------------------------------------------------
                                  4.45   slack (MET)


Startpoint: A[3] (input port clocked by __VIRTUAL_CLK__)
Endpoint: OUT[3] (output port clocked by __VIRTUAL_CLK__)
Path Group: __VIRTUAL_CLK__
Path Type: min

Fanout     Cap    Slew   Delay    Time   Description
-----------------------------------------------------------------------------
                  0.00    0.00    0.00   clock __VIRTUAL_CLK__ (rise edge)
                          0.00    0.00   clock network delay (ideal)
                          2.00    2.00 ^ input external delay
     1    0.00    0.02    0.01    2.01 ^ A[3] (in)
                                         A[3] (net)
                  0.02    0.00    2.01 ^ input4/A (sky130_fd_sc_hd__clkbuf_4)
     7    0.04    0.12    0.17    2.18 ^ input4/X (sky130_fd_sc_hd__clkbuf_4)
                                         net4 (net)
                  0.12    0.00    2.18 ^ _310_/A (sky130_fd_sc_hd__buf_4)
    10    0.05    0.15    0.21    2.39 ^ _310_/X (sky130_fd_sc_hd__buf_4)
                                         _238_ (net)
                  0.15    0.00    2.39 ^ _339_/A1_N (sky130_fd_sc_hd__o2bb2a_1)
     1    0.01    0.06    0.24    2.63 v _339_/X (sky130_fd_sc_hd__o2bb2a_1)
                                         net23 (net)
                  0.06    0.00    2.63 v output23/A (sky130_fd_sc_hd__buf_2)
     1    0.03    0.09    0.18    2.80 v output23/X (sky130_fd_sc_hd__buf_2)
                                         OUT[3] (net)
                  0.09    0.00    2.80 v OUT[3] (out)
                                  2.80   data arrival time

                  0.00    0.00    0.00   clock __VIRTUAL_CLK__ (rise edge)
                          0.00    0.00   clock network delay (ideal)
                          0.25    0.25   clock uncertainty
                          0.00    0.25   clock reconvergence pessimism
                         -2.00   -1.75   output external delay
                                 -1.75   data required time
-----------------------------------------------------------------------------
                                 -1.75   data required time
                                 -2.80   data arrival time
-----------------------------------------------------------------------------
                                  4.55   slack (MET)


Startpoint: A[2] (input port clocked by __VIRTUAL_CLK__)
Endpoint: OUT[2] (output port clocked by __VIRTUAL_CLK__)
Path Group: __VIRTUAL_CLK__
Path Type: min

Fanout     Cap    Slew   Delay    Time   Description
-----------------------------------------------------------------------------
                  0.00    0.00    0.00   clock __VIRTUAL_CLK__ (rise edge)
                          0.00    0.00   clock network delay (ideal)
                          2.00    2.00 ^ input external delay
     1    0.00    0.02    0.01    2.01 ^ A[2] (in)
                                         A[2] (net)
                  0.02    0.00    2.01 ^ input3/A (sky130_fd_sc_hd__buf_4)
     8    0.05    0.14    0.16    2.17 ^ input3/X (sky130_fd_sc_hd__buf_4)
                                         net3 (net)
                  0.14    0.00    2.17 ^ _288_/A (sky130_fd_sc_hd__buf_4)
    10    0.05    0.14    0.20    2.38 ^ _288_/X (sky130_fd_sc_hd__buf_4)
                                         _217_ (net)
                  0.14    0.00    2.38 ^ _309_/A1_N (sky130_fd_sc_hd__o2bb2a_1)
     1    0.01    0.07    0.25    2.63 v _309_/X (sky130_fd_sc_hd__o2bb2a_1)
                                         net22 (net)
                  0.07    0.00    2.63 v output22/A (sky130_fd_sc_hd__buf_2)
     1    0.03    0.09    0.18    2.81 v output22/X (sky130_fd_sc_hd__buf_2)
                                         OUT[2] (net)
                  0.09    0.00    2.81 v OUT[2] (out)
                                  2.81   data arrival time

                  0.00    0.00    0.00   clock __VIRTUAL_CLK__ (rise edge)
                          0.00    0.00   clock network delay (ideal)
                          0.25    0.25   clock uncertainty
                          0.00    0.25   clock reconvergence pessimism
                         -2.00   -1.75   output external delay
                                 -1.75   data required time
-----------------------------------------------------------------------------
                                 -1.75   data required time
                                 -2.81   data arrival time
-----------------------------------------------------------------------------
                                  4.56   slack (MET)


Startpoint: A[4] (input port clocked by __VIRTUAL_CLK__)
Endpoint: OUT[4] (output port clocked by __VIRTUAL_CLK__)
Path Group: __VIRTUAL_CLK__
Path Type: min

Fanout     Cap    Slew   Delay    Time   Description
-----------------------------------------------------------------------------
                  0.00    0.00    0.00   clock __VIRTUAL_CLK__ (rise edge)
                          0.00    0.00   clock network delay (ideal)
                          2.00    2.00 v input external delay
     1    0.00    0.01    0.00    2.00 v A[4] (in)
                                         A[4] (net)
                  0.01    0.00    2.00 v input5/A (sky130_fd_sc_hd__buf_2)
     4    0.03    0.08    0.14    2.15 v input5/X (sky130_fd_sc_hd__buf_2)
                                         net5 (net)
                  0.08    0.00    2.15 v _340_/A (sky130_fd_sc_hd__buf_4)
    10    0.05    0.08    0.19    2.34 v _340_/X (sky130_fd_sc_hd__buf_4)
                                         _019_ (net)
                  0.08    0.00    2.34 v _373_/A1_N (sky130_fd_sc_hd__o2bb2a_1)
     1    0.01    0.09    0.27    2.61 ^ _373_/X (sky130_fd_sc_hd__o2bb2a_1)
                                         net24 (net)
                  0.09    0.00    2.61 ^ output24/A (sky130_fd_sc_hd__buf_2)
     1    0.03    0.17    0.20    2.81 ^ output24/X (sky130_fd_sc_hd__buf_2)
                                         OUT[4] (net)
                  0.17    0.00    2.81 ^ OUT[4] (out)
                                  2.81   data arrival time

                  0.00    0.00    0.00   clock __VIRTUAL_CLK__ (rise edge)
                          0.00    0.00   clock network delay (ideal)
                          0.25    0.25   clock uncertainty
                          0.00    0.25   clock reconvergence pessimism
                         -2.00   -1.75   output external delay
                                 -1.75   data required time
-----------------------------------------------------------------------------
                                 -1.75   data required time
                                 -2.81   data arrival time
-----------------------------------------------------------------------------
                                  4.56   slack (MET)


Startpoint: opcode[0] (input port clocked by __VIRTUAL_CLK__)
Endpoint: OUT[0] (output port clocked by __VIRTUAL_CLK__)
Path Group: __VIRTUAL_CLK__
Path Type: min

Fanout     Cap    Slew   Delay    Time   Description
-----------------------------------------------------------------------------
                  0.00    0.00    0.00   clock __VIRTUAL_CLK__ (rise edge)
                          0.00    0.00   clock network delay (ideal)
                          2.00    2.00 v input external delay
     1    0.00    0.01    0.00    2.00 v opcode[0] (in)
                                         opcode[0] (net)
                  0.01    0.00    2.00 v input17/A (sky130_fd_sc_hd__buf_2)
     5    0.03    0.08    0.14    2.15 v input17/X (sky130_fd_sc_hd__buf_2)
                                         net17 (net)
                  0.08    0.00    2.15 v _254_/A (sky130_fd_sc_hd__nand2_2)
     3    0.02    0.13    0.13    2.28 ^ _254_/Y (sky130_fd_sc_hd__nand2_2)
                                         _185_ (net)
                  0.13    0.00    2.28 ^ _261_/A2 (sky130_fd_sc_hd__a31o_1)
     1    0.01    0.08    0.18    2.46 ^ _261_/X (sky130_fd_sc_hd__a31o_1)
                                         _192_ (net)
                  0.08    0.00    2.46 ^ _262_/B2 (sky130_fd_sc_hd__a2bb2o_1)
     1    0.01    0.11    0.17    2.63 ^ _262_/X (sky130_fd_sc_hd__a2bb2o_1)
                                         net20 (net)
                  0.11    0.00    2.63 ^ output20/A (sky130_fd_sc_hd__buf_2)
     1    0.03    0.17    0.21    2.84 ^ output20/X (sky130_fd_sc_hd__buf_2)
                                         OUT[0] (net)
                  0.17    0.00    2.84 ^ OUT[0] (out)
                                  2.84   data arrival time

                  0.00    0.00    0.00   clock __VIRTUAL_CLK__ (rise edge)
                          0.00    0.00   clock network delay (ideal)
                          0.25    0.25   clock uncertainty
                          0.00    0.25   clock reconvergence pessimism
                         -2.00   -1.75   output external delay
                                 -1.75   data required time
-----------------------------------------------------------------------------
                                 -1.75   data required time
                                 -2.84   data arrival time
-----------------------------------------------------------------------------
                                  4.59   slack (MET)


Startpoint: A[1] (input port clocked by __VIRTUAL_CLK__)
Endpoint: OUT[1] (output port clocked by __VIRTUAL_CLK__)
Path Group: __VIRTUAL_CLK__
Path Type: min

Fanout     Cap    Slew   Delay    Time   Description
-----------------------------------------------------------------------------
                  0.00    0.00    0.00   clock __VIRTUAL_CLK__ (rise edge)
                          0.00    0.00   clock network delay (ideal)
                          2.00    2.00 ^ input external delay
     1    0.00    0.02    0.01    2.01 ^ A[1] (in)
                                         A[1] (net)
                  0.02    0.00    2.01 ^ input2/A (sky130_fd_sc_hd__clkbuf_4)
    10    0.04    0.14    0.18    2.19 ^ input2/X (sky130_fd_sc_hd__clkbuf_4)
                                         net2 (net)
                  0.14    0.00    2.20 ^ _263_/A (sky130_fd_sc_hd__clkbuf_4)
    10    0.04    0.14    0.23    2.43 ^ _263_/X (sky130_fd_sc_hd__clkbuf_4)
                                         _193_ (net)
                  0.14    0.00    2.43 ^ _287_/A1_N (sky130_fd_sc_hd__o2bb2a_1)
     1    0.01    0.06    0.24    2.67 v _287_/X (sky130_fd_sc_hd__o2bb2a_1)
                                         net21 (net)
                  0.06    0.00    2.67 v output21/A (sky130_fd_sc_hd__buf_2)
     1    0.03    0.09    0.18    2.85 v output21/X (sky130_fd_sc_hd__buf_2)
                                         OUT[1] (net)
                  0.09    0.00    2.85 v OUT[1] (out)
                                  2.85   data arrival time

                  0.00    0.00    0.00   clock __VIRTUAL_CLK__ (rise edge)
                          0.00    0.00   clock network delay (ideal)
                          0.25    0.25   clock uncertainty
                          0.00    0.25   clock reconvergence pessimism
                         -2.00   -1.75   output external delay
                                 -1.75   data required time
-----------------------------------------------------------------------------
                                 -1.75   data required time
                                 -2.85   data arrival time
-----------------------------------------------------------------------------
                                  4.60   slack (MET)



worst slack corner Typical: 4.2185
min_report_end
max_report

===========================================================================
report_checks -path_delay max (Setup)
============================================================================
======================= Typical Corner ===================================

Startpoint: A[3] (input port clocked by __VIRTUAL_CLK__)
Endpoint: OUT[7] (output port clocked by __VIRTUAL_CLK__)
Path Group: __VIRTUAL_CLK__
Path Type: max

Fanout     Cap    Slew   Delay    Time   Description
-----------------------------------------------------------------------------
                  0.00    0.00    0.00   clock __VIRTUAL_CLK__ (rise edge)
                          0.00    0.00   clock network delay (ideal)
                          2.00    2.00 v input external delay
     1    0.00    0.01    0.00    2.00 v A[3] (in)
                                         A[3] (net)
                  0.01    0.00    2.00 v input4/A (sky130_fd_sc_hd__clkbuf_4)
     7    0.03    0.08    0.17    2.18 v input4/X (sky130_fd_sc_hd__clkbuf_4)
                                         net4 (net)
                  0.08    0.00    2.18 v _347_/C (sky130_fd_sc_hd__and4_2)
     3    0.02    0.07    0.29    2.47 v _347_/X (sky130_fd_sc_hd__and4_2)
                                         _026_ (net)
                  0.07    0.00    2.47 v _349_/B (sky130_fd_sc_hd__or3_2)
     2    0.02    0.12    0.55    3.02 v _349_/X (sky130_fd_sc_hd__or3_2)
                                         _028_ (net)
                  0.12    0.00    3.02 v _353_/A1 (sky130_fd_sc_hd__a21o_1)
     2    0.01    0.07    0.23    3.25 v _353_/X (sky130_fd_sc_hd__a21o_1)
                                         _032_ (net)
                  0.07    0.00    3.25 v _397_/A2 (sky130_fd_sc_hd__a21o_2)
     3    0.03    0.10    0.30    3.55 v _397_/X (sky130_fd_sc_hd__a21o_2)
                                         _075_ (net)
                  0.10    0.00    3.55 v _398_/C (sky130_fd_sc_hd__and3_1)
     2    0.01    0.07    0.25    3.80 v _398_/X (sky130_fd_sc_hd__and3_1)
                                         _076_ (net)
                  0.07    0.00    3.80 v _401_/B (sky130_fd_sc_hd__or3_4)
     4    0.03    0.10    0.45    4.25 v _401_/X (sky130_fd_sc_hd__or3_4)
                                         _079_ (net)
                  0.10    0.00    4.25 v _465_/A2 (sky130_fd_sc_hd__a211o_1)
     2    0.01    0.09    0.38    4.63 v _465_/X (sky130_fd_sc_hd__a211o_1)
                                         _141_ (net)
                  0.09    0.00    4.63 v _494_/A (sky130_fd_sc_hd__or3_1)
     2    0.01    0.09    0.43    5.06 v _494_/X (sky130_fd_sc_hd__or3_1)
                                         _170_ (net)
                  0.09    0.00    5.06 v _496_/B (sky130_fd_sc_hd__and3_1)
     1    0.01    0.07    0.22    5.28 v _496_/X (sky130_fd_sc_hd__and3_1)
                                         _172_ (net)
                  0.07    0.00    5.28 v _498_/A1 (sky130_fd_sc_hd__o21a_1)
     1    0.01    0.05    0.21    5.49 v _498_/X (sky130_fd_sc_hd__o21a_1)
                                         _174_ (net)
                  0.05    0.00    5.49 v _503_/A2 (sky130_fd_sc_hd__o32a_1)
     1    0.01    0.08    0.37    5.87 v _503_/X (sky130_fd_sc_hd__o32a_1)
                                         net27 (net)
                  0.08    0.00    5.87 v output27/A (sky130_fd_sc_hd__buf_2)
     1    0.03    0.09    0.20    6.07 v output27/X (sky130_fd_sc_hd__buf_2)
                                         OUT[7] (net)
                  0.09    0.00    6.07 v OUT[7] (out)
                                  6.07   data arrival time

                  0.00   10.00   10.00   clock __VIRTUAL_CLK__ (rise edge)
                          0.00   10.00   clock network delay (ideal)
                         -0.25    9.75   clock uncertainty
                          0.00    9.75   clock reconvergence pessimism
                         -2.00    7.75   output external delay
                                  7.75   data required time
-----------------------------------------------------------------------------
                                  7.75   data required time
                                 -6.07   data arrival time
-----------------------------------------------------------------------------
                                  1.68   slack (MET)


Startpoint: A[3] (input port clocked by __VIRTUAL_CLK__)
Endpoint: OUT[6] (output port clocked by __VIRTUAL_CLK__)
Path Group: __VIRTUAL_CLK__
Path Type: max

Fanout     Cap    Slew   Delay    Time   Description
-----------------------------------------------------------------------------
                  0.00    0.00    0.00   clock __VIRTUAL_CLK__ (rise edge)
                          0.00    0.00   clock network delay (ideal)
                          2.00    2.00 v input external delay
     1    0.00    0.01    0.00    2.00 v A[3] (in)
                                         A[3] (net)
                  0.01    0.00    2.00 v input4/A (sky130_fd_sc_hd__clkbuf_4)
     7    0.03    0.08    0.17    2.18 v input4/X (sky130_fd_sc_hd__clkbuf_4)
                                         net4 (net)
                  0.08    0.00    2.18 v _347_/C (sky130_fd_sc_hd__and4_2)
     3    0.02    0.07    0.29    2.47 v _347_/X (sky130_fd_sc_hd__and4_2)
                                         _026_ (net)
                  0.07    0.00    2.47 v _349_/B (sky130_fd_sc_hd__or3_2)
     2    0.02    0.12    0.55    3.02 v _349_/X (sky130_fd_sc_hd__or3_2)
                                         _028_ (net)
                  0.12    0.00    3.02 v _353_/A1 (sky130_fd_sc_hd__a21o_1)
     2    0.01    0.07    0.23    3.25 v _353_/X (sky130_fd_sc_hd__a21o_1)
                                         _032_ (net)
                  0.07    0.00    3.25 v _397_/A2 (sky130_fd_sc_hd__a21o_2)
     3    0.03    0.10    0.30    3.55 v _397_/X (sky130_fd_sc_hd__a21o_2)
                                         _075_ (net)
                  0.10    0.00    3.55 v _398_/C (sky130_fd_sc_hd__and3_1)
     2    0.01    0.07    0.25    3.80 v _398_/X (sky130_fd_sc_hd__and3_1)
                                         _076_ (net)
                  0.07    0.00    3.80 v _401_/B (sky130_fd_sc_hd__or3_4)
     4    0.03    0.10    0.45    4.25 v _401_/X (sky130_fd_sc_hd__or3_4)
                                         _079_ (net)
                  0.10    0.00    4.25 v _437_/C1 (sky130_fd_sc_hd__o211a_2)
     2    0.02    0.09    0.19    4.44 v _437_/X (sky130_fd_sc_hd__o211a_2)
                                         _114_ (net)
                  0.09    0.00    4.44 v _439_/B (sky130_fd_sc_hd__or2_1)
     1    0.01    0.08    0.27    4.71 v _439_/X (sky130_fd_sc_hd__or2_1)
                                         _116_ (net)
                  0.08    0.00    4.71 v _440_/A2 (sky130_fd_sc_hd__a21bo_1)
     1    0.01    0.05    0.22    4.94 v _440_/X (sky130_fd_sc_hd__a21bo_1)
                                         _117_ (net)
                  0.05    0.00    4.94 v _441_/B (sky130_fd_sc_hd__or2_1)
     1    0.01    0.09    0.27    5.21 v _441_/X (sky130_fd_sc_hd__or2_1)
                                         _118_ (net)
                  0.09    0.00    5.21 v _453_/B1 (sky130_fd_sc_hd__a22oi_1)
     1    0.00    0.15    0.16    5.36 ^ _453_/Y (sky130_fd_sc_hd__a22oi_1)
                                         net26 (net)
                  0.15    0.00    5.36 ^ output26/A (sky130_fd_sc_hd__buf_2)
     1    0.03    0.17    0.24    5.61 ^ output26/X (sky130_fd_sc_hd__buf_2)
                                         OUT[6] (net)
                  0.17    0.00    5.61 ^ OUT[6] (out)
                                  5.61   data arrival time

                  0.00   10.00   10.00   clock __VIRTUAL_CLK__ (rise edge)
                          0.00   10.00   clock network delay (ideal)
                         -0.25    9.75   clock uncertainty
                          0.00    9.75   clock reconvergence pessimism
                         -2.00    7.75   output external delay
                                  7.75   data required time
-----------------------------------------------------------------------------
                                  7.75   data required time
                                 -5.61   data arrival time
-----------------------------------------------------------------------------
                                  2.14   slack (MET)


Startpoint: A[3] (input port clocked by __VIRTUAL_CLK__)
Endpoint: OUT[5] (output port clocked by __VIRTUAL_CLK__)
Path Group: __VIRTUAL_CLK__
Path Type: max

Fanout     Cap    Slew   Delay    Time   Description
-----------------------------------------------------------------------------
                  0.00    0.00    0.00   clock __VIRTUAL_CLK__ (rise edge)
                          0.00    0.00   clock network delay (ideal)
                          2.00    2.00 v input external delay
     1    0.00    0.01    0.00    2.00 v A[3] (in)
                                         A[3] (net)
                  0.01    0.00    2.00 v input4/A (sky130_fd_sc_hd__clkbuf_4)
     7    0.03    0.08    0.17    2.18 v input4/X (sky130_fd_sc_hd__clkbuf_4)
                                         net4 (net)
                  0.08    0.00    2.18 v _347_/C (sky130_fd_sc_hd__and4_2)
     3    0.02    0.07    0.29    2.47 v _347_/X (sky130_fd_sc_hd__and4_2)
                                         _026_ (net)
                  0.07    0.00    2.47 v _349_/B (sky130_fd_sc_hd__or3_2)
     2    0.02    0.12    0.55    3.02 v _349_/X (sky130_fd_sc_hd__or3_2)
                                         _028_ (net)
                  0.12    0.00    3.02 v _353_/A1 (sky130_fd_sc_hd__a21o_1)
     2    0.01    0.07    0.23    3.25 v _353_/X (sky130_fd_sc_hd__a21o_1)
                                         _032_ (net)
                  0.07    0.00    3.25 v _397_/A2 (sky130_fd_sc_hd__a21o_2)
     3    0.03    0.10    0.30    3.55 v _397_/X (sky130_fd_sc_hd__a21o_2)
                                         _075_ (net)
                  0.10    0.00    3.55 v _398_/C (sky130_fd_sc_hd__and3_1)
     2    0.01    0.07    0.25    3.80 v _398_/X (sky130_fd_sc_hd__and3_1)
                                         _076_ (net)
                  0.07    0.00    3.80 v _401_/B (sky130_fd_sc_hd__or3_4)
     4    0.03    0.10    0.45    4.25 v _401_/X (sky130_fd_sc_hd__or3_4)
                                         _079_ (net)
                  0.10    0.00    4.25 v _402_/B (sky130_fd_sc_hd__nand2_2)
     3    0.03    0.16    0.18    4.43 ^ _402_/Y (sky130_fd_sc_hd__nand2_2)
                                         _080_ (net)
                  0.16    0.00    4.43 ^ _403_/B1 (sky130_fd_sc_hd__a21o_1)
     2    0.01    0.12    0.17    4.60 ^ _403_/X (sky130_fd_sc_hd__a21o_1)
                                         _081_ (net)
                  0.12    0.00    4.60 ^ _408_/A2 (sky130_fd_sc_hd__a31o_1)
     1    0.01    0.14    0.23    4.84 ^ _408_/X (sky130_fd_sc_hd__a31o_1)
                                         _086_ (net)
                  0.14    0.00    4.84 ^ _409_/B1 (sky130_fd_sc_hd__a21oi_1)
     1    0.01    0.07    0.07    4.91 v _409_/Y (sky130_fd_sc_hd__a21oi_1)
                                         _087_ (net)
                  0.07    0.00    4.91 v _410_/B1 (sky130_fd_sc_hd__a21oi_1)
     1    0.01    0.25    0.24    5.15 ^ _410_/Y (sky130_fd_sc_hd__a21oi_1)
                                         net25 (net)
                  0.25    0.00    5.15 ^ output25/A (sky130_fd_sc_hd__buf_2)
     1    0.03    0.17    0.27    5.42 ^ output25/X (sky130_fd_sc_hd__buf_2)
                                         OUT[5] (net)
                  0.17    0.00    5.42 ^ OUT[5] (out)
                                  5.42   data arrival time

                  0.00   10.00   10.00   clock __VIRTUAL_CLK__ (rise edge)
                          0.00   10.00   clock network delay (ideal)
                         -0.25    9.75   clock uncertainty
                          0.00    9.75   clock reconvergence pessimism
                         -2.00    7.75   output external delay
                                  7.75   data required time
-----------------------------------------------------------------------------
                                  7.75   data required time
                                 -5.42   data arrival time
-----------------------------------------------------------------------------
                                  2.33   slack (MET)


Startpoint: B[0] (input port clocked by __VIRTUAL_CLK__)
Endpoint: OUT[4] (output port clocked by __VIRTUAL_CLK__)
Path Group: __VIRTUAL_CLK__
Path Type: max

Fanout     Cap    Slew   Delay    Time   Description
-----------------------------------------------------------------------------
                  0.00    0.00    0.00   clock __VIRTUAL_CLK__ (rise edge)
                          0.00    0.00   clock network delay (ideal)
                          2.00    2.00 ^ input external delay
     1    0.00    0.02    0.01    2.01 ^ B[0] (in)
                                         B[0] (net)
                  0.02    0.00    2.01 ^ input9/A (sky130_fd_sc_hd__buf_2)
     5    0.03    0.15    0.18    2.19 ^ input9/X (sky130_fd_sc_hd__buf_2)
                                         net9 (net)
                  0.15    0.00    2.19 ^ _251_/A (sky130_fd_sc_hd__clkbuf_8)
    10    0.07    0.13    0.24    2.43 ^ _251_/X (sky130_fd_sc_hd__clkbuf_8)
                                         _182_ (net)
                  0.13    0.00    2.44 ^ _252_/A (sky130_fd_sc_hd__buf_4)
    10    0.05    0.14    0.22    2.66 ^ _252_/X (sky130_fd_sc_hd__buf_4)
                                         _183_ (net)
                  0.14    0.00    2.66 ^ _276_/A1 (sky130_fd_sc_hd__a21oi_2)
     2    0.01    0.07    0.11    2.76 v _276_/Y (sky130_fd_sc_hd__a21oi_2)
                                         _206_ (net)
                  0.07    0.00    2.77 v _279_/B (sky130_fd_sc_hd__or3_2)
     2    0.01    0.11    0.53    3.29 v _279_/X (sky130_fd_sc_hd__or3_2)
                                         _209_ (net)
                  0.11    0.00    3.30 v _301_/A2 (sky130_fd_sc_hd__a21o_1)
     3    0.01    0.07    0.25    3.55 v _301_/X (sky130_fd_sc_hd__a21o_1)
                                         _230_ (net)
                  0.07    0.00    3.55 v _312_/A2 (sky130_fd_sc_hd__a21o_1)
     3    0.01    0.08    0.24    3.79 v _312_/X (sky130_fd_sc_hd__a21o_1)
                                         _240_ (net)
                  0.08    0.00    3.79 v _366_/A1 (sky130_fd_sc_hd__a21bo_1)
     3    0.02    0.09    0.24    4.03 v _366_/X (sky130_fd_sc_hd__a21bo_1)
                                         _045_ (net)
                  0.09    0.00    4.03 v _368_/B (sky130_fd_sc_hd__or2_1)
     1    0.01    0.09    0.28    4.31 v _368_/X (sky130_fd_sc_hd__or2_1)
                                         _047_ (net)
                  0.09    0.00    4.31 v _372_/A3 (sky130_fd_sc_hd__a31o_1)
     1    0.01    0.07    0.28    4.59 v _372_/X (sky130_fd_sc_hd__a31o_1)
                                         _051_ (net)
                  0.07    0.00    4.59 v _373_/B2 (sky130_fd_sc_hd__o2bb2a_1)
     1    0.01    0.08    0.33    4.92 v _373_/X (sky130_fd_sc_hd__o2bb2a_1)
                                         net24 (net)
                  0.08    0.00    4.92 v output24/A (sky130_fd_sc_hd__buf_2)
     1    0.03    0.09    0.20    5.12 v output24/X (sky130_fd_sc_hd__buf_2)
                                         OUT[4] (net)
                  0.09    0.00    5.12 v OUT[4] (out)
                                  5.12   data arrival time

                  0.00   10.00   10.00   clock __VIRTUAL_CLK__ (rise edge)
                          0.00   10.00   clock network delay (ideal)
                         -0.25    9.75   clock uncertainty
                          0.00    9.75   clock reconvergence pessimism
                         -2.00    7.75   output external delay
                                  7.75   data required time
-----------------------------------------------------------------------------
                                  7.75   data required time
                                 -5.12   data arrival time
-----------------------------------------------------------------------------
                                  2.63   slack (MET)


Startpoint: B[2] (input port clocked by __VIRTUAL_CLK__)
Endpoint: OUT[3] (output port clocked by __VIRTUAL_CLK__)
Path Group: __VIRTUAL_CLK__
Path Type: max

Fanout     Cap    Slew   Delay    Time   Description
-----------------------------------------------------------------------------
                  0.00    0.00    0.00   clock __VIRTUAL_CLK__ (rise edge)
                          0.00    0.00   clock network delay (ideal)
                          2.00    2.00 ^ input external delay
     1    0.00    0.02    0.01    2.01 ^ B[2] (in)
                                         B[2] (net)
                  0.02    0.00    2.01 ^ input11/A (sky130_fd_sc_hd__buf_2)
     5    0.03    0.15    0.18    2.19 ^ input11/X (sky130_fd_sc_hd__buf_2)
                                         net11 (net)
                  0.15    0.00    2.19 ^ _289_/A (sky130_fd_sc_hd__buf_4)
    10    0.06    0.18    0.26    2.45 ^ _289_/X (sky130_fd_sc_hd__buf_4)
                                         _218_ (net)
                  0.18    0.00    2.45 ^ _322_/B (sky130_fd_sc_hd__nand2_2)
     3    0.02    0.08    0.12    2.57 v _322_/Y (sky130_fd_sc_hd__nand2_2)
                                         _002_ (net)
                  0.08    0.00    2.57 v _325_/A (sky130_fd_sc_hd__or3_1)
     2    0.01    0.11    0.45    3.02 v _325_/X (sky130_fd_sc_hd__or3_1)
                                         _005_ (net)
                  0.11    0.00    3.02 v _330_/A1 (sky130_fd_sc_hd__a21o_1)
     2    0.01    0.06    0.22    3.24 v _330_/X (sky130_fd_sc_hd__a21o_1)
                                         _010_ (net)
                  0.06    0.00    3.24 v _331_/B (sky130_fd_sc_hd__and2b_1)
     1    0.01    0.07    0.21    3.45 v _331_/X (sky130_fd_sc_hd__and2b_1)
                                         _011_ (net)
                  0.07    0.00    3.45 v _332_/B (sky130_fd_sc_hd__xnor2_2)
     2    0.01    0.07    0.17    3.62 v _332_/Y (sky130_fd_sc_hd__xnor2_2)
                                         _012_ (net)
                  0.07    0.00    3.62 v _334_/B (sky130_fd_sc_hd__or2_1)
     1    0.01    0.07    0.26    3.87 v _334_/X (sky130_fd_sc_hd__or2_1)
                                         _014_ (net)
                  0.07    0.00    3.88 v _338_/A3 (sky130_fd_sc_hd__a31o_1)
     1    0.01    0.06    0.27    4.14 v _338_/X (sky130_fd_sc_hd__a31o_1)
                                         _018_ (net)
                  0.06    0.00    4.14 v _339_/B2 (sky130_fd_sc_hd__o2bb2a_1)
     1    0.01    0.07    0.32    4.46 v _339_/X (sky130_fd_sc_hd__o2bb2a_1)
                                         net23 (net)
                  0.07    0.00    4.46 v output23/A (sky130_fd_sc_hd__buf_2)
     1    0.03    0.09    0.20    4.66 v output23/X (sky130_fd_sc_hd__buf_2)
                                         OUT[3] (net)
                  0.09    0.00    4.66 v OUT[3] (out)
                                  4.66   data arrival time

                  0.00   10.00   10.00   clock __VIRTUAL_CLK__ (rise edge)
                          0.00   10.00   clock network delay (ideal)
                         -0.25    9.75   clock uncertainty
                          0.00    9.75   clock reconvergence pessimism
                         -2.00    7.75   output external delay
                                  7.75   data required time
-----------------------------------------------------------------------------
                                  7.75   data required time
                                 -4.66   data arrival time
-----------------------------------------------------------------------------
                                  3.09   slack (MET)


Startpoint: B[0] (input port clocked by __VIRTUAL_CLK__)
Endpoint: OUT[2] (output port clocked by __VIRTUAL_CLK__)
Path Group: __VIRTUAL_CLK__
Path Type: max

Fanout     Cap    Slew   Delay    Time   Description
-----------------------------------------------------------------------------
                  0.00    0.00    0.00   clock __VIRTUAL_CLK__ (rise edge)
                          0.00    0.00   clock network delay (ideal)
                          2.00    2.00 ^ input external delay
     1    0.00    0.02    0.01    2.01 ^ B[0] (in)
                                         B[0] (net)
                  0.02    0.00    2.01 ^ input9/A (sky130_fd_sc_hd__buf_2)
     5    0.03    0.15    0.18    2.19 ^ input9/X (sky130_fd_sc_hd__buf_2)
                                         net9 (net)
                  0.15    0.00    2.19 ^ _251_/A (sky130_fd_sc_hd__clkbuf_8)
    10    0.07    0.13    0.24    2.43 ^ _251_/X (sky130_fd_sc_hd__clkbuf_8)
                                         _182_ (net)
                  0.13    0.00    2.44 ^ _252_/A (sky130_fd_sc_hd__buf_4)
    10    0.05    0.14    0.22    2.66 ^ _252_/X (sky130_fd_sc_hd__buf_4)
                                         _183_ (net)
                  0.14    0.00    2.66 ^ _276_/A1 (sky130_fd_sc_hd__a21oi_2)
     2    0.01    0.07    0.11    2.76 v _276_/Y (sky130_fd_sc_hd__a21oi_2)
                                         _206_ (net)
                  0.07    0.00    2.77 v _279_/B (sky130_fd_sc_hd__or3_2)
     2    0.01    0.11    0.53    3.29 v _279_/X (sky130_fd_sc_hd__or3_2)
                                         _209_ (net)
                  0.11    0.00    3.30 v _301_/A2 (sky130_fd_sc_hd__a21o_1)
     3    0.01    0.07    0.25    3.55 v _301_/X (sky130_fd_sc_hd__a21o_1)
                                         _230_ (net)
                  0.07    0.00    3.55 v _303_/A2 (sky130_fd_sc_hd__o21a_1)
     1    0.00    0.04    0.18    3.73 v _303_/X (sky130_fd_sc_hd__o21a_1)
                                         _232_ (net)
                  0.04    0.00    3.73 v _308_/A2 (sky130_fd_sc_hd__a211o_1)
     1    0.00    0.06    0.31    4.04 v _308_/X (sky130_fd_sc_hd__a211o_1)
                                         _237_ (net)
                  0.06    0.00    4.04 v _309_/B2 (sky130_fd_sc_hd__o2bb2a_1)
     1    0.01    0.08    0.33    4.37 v _309_/X (sky130_fd_sc_hd__o2bb2a_1)
                                         net22 (net)
                  0.08    0.00    4.37 v output22/A (sky130_fd_sc_hd__buf_2)
     1    0.03    0.09    0.21    4.58 v output22/X (sky130_fd_sc_hd__buf_2)
                                         OUT[2] (net)
                  0.09    0.00    4.58 v OUT[2] (out)
                                  4.58   data arrival time

                  0.00   10.00   10.00   clock __VIRTUAL_CLK__ (rise edge)
                          0.00   10.00   clock network delay (ideal)
                         -0.25    9.75   clock uncertainty
                          0.00    9.75   clock reconvergence pessimism
                         -2.00    7.75   output external delay
                                  7.75   data required time
-----------------------------------------------------------------------------
                                  7.75   data required time
                                 -4.58   data arrival time
-----------------------------------------------------------------------------
                                  3.17   slack (MET)


Startpoint: B[0] (input port clocked by __VIRTUAL_CLK__)
Endpoint: OUT[1] (output port clocked by __VIRTUAL_CLK__)
Path Group: __VIRTUAL_CLK__
Path Type: max

Fanout     Cap    Slew   Delay    Time   Description
-----------------------------------------------------------------------------
                  0.00    0.00    0.00   clock __VIRTUAL_CLK__ (rise edge)
                          0.00    0.00   clock network delay (ideal)
                          2.00    2.00 ^ input external delay
     1    0.00    0.02    0.01    2.01 ^ B[0] (in)
                                         B[0] (net)
                  0.02    0.00    2.01 ^ input9/A (sky130_fd_sc_hd__buf_2)
     5    0.03    0.15    0.18    2.19 ^ input9/X (sky130_fd_sc_hd__buf_2)
                                         net9 (net)
                  0.15    0.00    2.19 ^ _251_/A (sky130_fd_sc_hd__clkbuf_8)
    10    0.07    0.13    0.24    2.43 ^ _251_/X (sky130_fd_sc_hd__clkbuf_8)
                                         _182_ (net)
                  0.13    0.00    2.44 ^ _252_/A (sky130_fd_sc_hd__buf_4)
    10    0.05    0.14    0.22    2.66 ^ _252_/X (sky130_fd_sc_hd__buf_4)
                                         _183_ (net)
                  0.14    0.00    2.66 ^ _276_/A1 (sky130_fd_sc_hd__a21oi_2)
     2    0.01    0.07    0.11    2.76 v _276_/Y (sky130_fd_sc_hd__a21oi_2)
                                         _206_ (net)
                  0.07    0.00    2.77 v _279_/B (sky130_fd_sc_hd__or3_2)
     2    0.01    0.11    0.53    3.29 v _279_/X (sky130_fd_sc_hd__or3_2)
                                         _209_ (net)
                  0.11    0.00    3.30 v _280_/B_N (sky130_fd_sc_hd__or2b_1)
     1    0.01    0.07    0.21    3.51 ^ _280_/X (sky130_fd_sc_hd__or2b_1)
                                         _210_ (net)
                  0.07    0.00    3.51 ^ _281_/B (sky130_fd_sc_hd__xnor2_1)
     1    0.01    0.07    0.09    3.60 v _281_/Y (sky130_fd_sc_hd__xnor2_1)
                                         _211_ (net)
                  0.07    0.00    3.60 v _286_/A2 (sky130_fd_sc_hd__a211o_1)
     1    0.00    0.06    0.32    3.92 v _286_/X (sky130_fd_sc_hd__a211o_1)
                                         _216_ (net)
                  0.06    0.00    3.92 v _287_/B2 (sky130_fd_sc_hd__o2bb2a_1)
     1    0.01    0.08    0.33    4.24 v _287_/X (sky130_fd_sc_hd__o2bb2a_1)
                                         net21 (net)
                  0.08    0.00    4.24 v output21/A (sky130_fd_sc_hd__buf_2)
     1    0.03    0.09    0.20    4.45 v output21/X (sky130_fd_sc_hd__buf_2)
                                         OUT[1] (net)
                  0.09    0.00    4.45 v OUT[1] (out)
                                  4.45   data arrival time

                  0.00   10.00   10.00   clock __VIRTUAL_CLK__ (rise edge)
                          0.00   10.00   clock network delay (ideal)
                         -0.25    9.75   clock uncertainty
                          0.00    9.75   clock reconvergence pessimism
                         -2.00    7.75   output external delay
                                  7.75   data required time
-----------------------------------------------------------------------------
                                  7.75   data required time
                                 -4.45   data arrival time
-----------------------------------------------------------------------------
                                  3.30   slack (MET)


Startpoint: opcode[1] (input port clocked by __VIRTUAL_CLK__)
Endpoint: OUT[0] (output port clocked by __VIRTUAL_CLK__)
Path Group: __VIRTUAL_CLK__
Path Type: max

Fanout     Cap    Slew   Delay    Time   Description
-----------------------------------------------------------------------------
                  0.00    0.00    0.00   clock __VIRTUAL_CLK__ (rise edge)
                          0.00    0.00   clock network delay (ideal)
                          2.00    2.00 v input external delay
     1    0.00    0.01    0.00    2.00 v opcode[1] (in)
                                         opcode[1] (net)
                  0.01    0.00    2.00 v input18/A (sky130_fd_sc_hd__clkbuf_4)
     5    0.04    0.09    0.18    2.19 v input18/X (sky130_fd_sc_hd__clkbuf_4)
                                         net18 (net)
                  0.09    0.00    2.19 v _249_/B (sky130_fd_sc_hd__or2_4)
     5    0.03    0.08    0.31    2.50 v _249_/X (sky130_fd_sc_hd__or2_4)
                                         _180_ (net)
                  0.08    0.00    2.50 v _258_/B (sky130_fd_sc_hd__nor2_4)
     8    0.03    0.23    0.22    2.72 ^ _258_/Y (sky130_fd_sc_hd__nor2_4)
                                         _189_ (net)
                  0.23    0.00    2.72 ^ _260_/A1 (sky130_fd_sc_hd__o211a_1)
     1    0.01    0.09    0.24    2.97 ^ _260_/X (sky130_fd_sc_hd__o211a_1)
                                         _191_ (net)
                  0.09    0.00    2.97 ^ _261_/B1 (sky130_fd_sc_hd__a31o_1)
     1    0.01    0.09    0.14    3.11 ^ _261_/X (sky130_fd_sc_hd__a31o_1)
                                         _192_ (net)
                  0.09    0.00    3.11 ^ _262_/B2 (sky130_fd_sc_hd__a2bb2o_1)
     1    0.01    0.11    0.19    3.30 ^ _262_/X (sky130_fd_sc_hd__a2bb2o_1)
                                         net20 (net)
                  0.11    0.00    3.30 ^ output20/A (sky130_fd_sc_hd__buf_2)
     1    0.03    0.17    0.23    3.53 ^ output20/X (sky130_fd_sc_hd__buf_2)
                                         OUT[0] (net)
                  0.17    0.00    3.53 ^ OUT[0] (out)
                                  3.53   data arrival time

                  0.00   10.00   10.00   clock __VIRTUAL_CLK__ (rise edge)
                          0.00   10.00   clock network delay (ideal)
                         -0.25    9.75   clock uncertainty
                          0.00    9.75   clock reconvergence pessimism
                         -2.00    7.75   output external delay
                                  7.75   data required time
-----------------------------------------------------------------------------
                                  7.75   data required time
                                 -3.53   data arrival time
-----------------------------------------------------------------------------
                                  4.22   slack (MET)



worst slack corner Typical: 1.6776
max_report_end
checks_report

===========================================================================
report_checks -unconstrained
===========================================================================
======================= Typical Corner ===================================

Startpoint: A[3] (input port clocked by __VIRTUAL_CLK__)
Endpoint: OUT[7] (output port clocked by __VIRTUAL_CLK__)
Path Group: __VIRTUAL_CLK__
Path Type: max

Fanout     Cap    Slew   Delay    Time   Description
-----------------------------------------------------------------------------
                  0.00    0.00    0.00   clock __VIRTUAL_CLK__ (rise edge)
                          0.00    0.00   clock network delay (ideal)
                          2.00    2.00 v input external delay
     1    0.00    0.01    0.00    2.00 v A[3] (in)
                                         A[3] (net)
                  0.01    0.00    2.00 v input4/A (sky130_fd_sc_hd__clkbuf_4)
     7    0.03    0.08    0.17    2.18 v input4/X (sky130_fd_sc_hd__clkbuf_4)
                                         net4 (net)
                  0.08    0.00    2.18 v _347_/C (sky130_fd_sc_hd__and4_2)
     3    0.02    0.07    0.29    2.47 v _347_/X (sky130_fd_sc_hd__and4_2)
                                         _026_ (net)
                  0.07    0.00    2.47 v _349_/B (sky130_fd_sc_hd__or3_2)
     2    0.02    0.12    0.55    3.02 v _349_/X (sky130_fd_sc_hd__or3_2)
                                         _028_ (net)
                  0.12    0.00    3.02 v _353_/A1 (sky130_fd_sc_hd__a21o_1)
     2    0.01    0.07    0.23    3.25 v _353_/X (sky130_fd_sc_hd__a21o_1)
                                         _032_ (net)
                  0.07    0.00    3.25 v _397_/A2 (sky130_fd_sc_hd__a21o_2)
     3    0.03    0.10    0.30    3.55 v _397_/X (sky130_fd_sc_hd__a21o_2)
                                         _075_ (net)
                  0.10    0.00    3.55 v _398_/C (sky130_fd_sc_hd__and3_1)
     2    0.01    0.07    0.25    3.80 v _398_/X (sky130_fd_sc_hd__and3_1)
                                         _076_ (net)
                  0.07    0.00    3.80 v _401_/B (sky130_fd_sc_hd__or3_4)
     4    0.03    0.10    0.45    4.25 v _401_/X (sky130_fd_sc_hd__or3_4)
                                         _079_ (net)
                  0.10    0.00    4.25 v _465_/A2 (sky130_fd_sc_hd__a211o_1)
     2    0.01    0.09    0.38    4.63 v _465_/X (sky130_fd_sc_hd__a211o_1)
                                         _141_ (net)
                  0.09    0.00    4.63 v _494_/A (sky130_fd_sc_hd__or3_1)
     2    0.01    0.09    0.43    5.06 v _494_/X (sky130_fd_sc_hd__or3_1)
                                         _170_ (net)
                  0.09    0.00    5.06 v _496_/B (sky130_fd_sc_hd__and3_1)
     1    0.01    0.07    0.22    5.28 v _496_/X (sky130_fd_sc_hd__and3_1)
                                         _172_ (net)
                  0.07    0.00    5.28 v _498_/A1 (sky130_fd_sc_hd__o21a_1)
     1    0.01    0.05    0.21    5.49 v _498_/X (sky130_fd_sc_hd__o21a_1)
                                         _174_ (net)
                  0.05    0.00    5.49 v _503_/A2 (sky130_fd_sc_hd__o32a_1)
     1    0.01    0.08    0.37    5.87 v _503_/X (sky130_fd_sc_hd__o32a_1)
                                         net27 (net)
                  0.08    0.00    5.87 v output27/A (sky130_fd_sc_hd__buf_2)
     1    0.03    0.09    0.20    6.07 v output27/X (sky130_fd_sc_hd__buf_2)
                                         OUT[7] (net)
                  0.09    0.00    6.07 v OUT[7] (out)
                                  6.07   data arrival time

                  0.00   10.00   10.00   clock __VIRTUAL_CLK__ (rise edge)
                          0.00   10.00   clock network delay (ideal)
                         -0.25    9.75   clock uncertainty
                          0.00    9.75   clock reconvergence pessimism
                         -2.00    7.75   output external delay
                                  7.75   data required time
-----------------------------------------------------------------------------
                                  7.75   data required time
                                 -6.07   data arrival time
-----------------------------------------------------------------------------
                                  1.68   slack (MET)




===========================================================================
report_checks --slack_max -0.01
============================================================================
======================= Typical Corner ===================================

No paths found.


===========================================================================
 report_check_types -max_slew -max_cap -max_fanout -violators
============================================================================
======================= Typical Corner ===================================


max slew violations count Typical: 0
max fanout violations count Typical: 0
max cap violations count Typical: 0

===========================================================================
report_parasitic_annotation -report_unannotated
============================================================================
Found 0 unannotated drivers.
Found 0 partially unannotated drivers.

===========================================================================
max slew violation count 0
max fanout violation count 0
max cap violation count 0
============================================================================

===========================================================================
check_setup -verbose -unconstrained_endpoints -multiple_clock -no_clock -no_input_delay -loops -generated_clocks
===========================================================================
checks_report_end
power_report

===========================================================================
 report_power
============================================================================
======================= Typical Corner ===================================

Group                  Internal  Switching    Leakage      Total
                          Power      Power      Power      Power (Watts)
----------------------------------------------------------------
Sequential             0.00e+00   0.00e+00   0.00e+00   0.00e+00   0.0%
Combinational          7.76e-05   1.45e-04   1.20e-09   2.23e-04 100.0%
Clock                  0.00e+00   0.00e+00   3.05e-10   3.05e-10   0.0%
Macro                  0.00e+00   0.00e+00   0.00e+00   0.00e+00   0.0%
Pad                    0.00e+00   0.00e+00   0.00e+00   0.00e+00   0.0%
----------------------------------------------------------------
Total                  7.76e-05   1.45e-04   1.50e-09   2.23e-04 100.0%
                          34.8%      65.2%       0.0%

power_report_end
summary_report

===========================================================================
report_tns
============================================================================
tns 0.00

===========================================================================
report_wns
============================================================================
wns 0.00

===========================================================================
report_worst_slack -max (Setup)
============================================================================
worst slack 1.68

===========================================================================
report_worst_slack -min (Hold)
============================================================================
worst slack 4.22
summary_report_end
area_report

===========================================================================
report_design_area
============================================================================
Design area 2721 u^2 24% utilization.
area_report_end
check_nonpropagated_clocks
__VIRTUAL_CLK__
check_nonpropagated_clocks_end
[WARNING] Did not save OpenROAD database!
Writing SDF to '/openlane/designs/project_2/runs/RUN_2025.05.04_12.05.36/results/signoff/ALU.sdf'…
