Fri May 30 22:17:29 +0000 2025 - Executing "{openroad -exit -no_init -python /openlane/scripts/odbpy/lefutil.py get_metal_layers -o /openlane/designs/project_4/runs/RUN_2025.05.30_22.17.17/tmp/layers.list /home/openlane/volare_pdks/sky130A/libs.ref/sky130_fd_sc_hd/techlef/sky130_fd_sc_hd__nom.tlef}"

Fri May 30 22:17:29 +0000 2025 - Executing "{/openlane/scripts/mergeLef.py -o /openlane/designs/project_4/runs/RUN_2025.05.30_22.17.17/tmp/merged.nom.lef -i /home/openlane/volare_pdks/sky130A/libs.ref/sky130_fd_sc_hd/techlef/sky130_fd_sc_hd__nom.tlef {/home/openlane/volare_pdks/sky130A/libs.ref/sky130_fd_sc_hd/lef/sky130_fd_sc_hd.lef /home/openlane/volare_pdks/sky130A/libs.ref/sky130_fd_sc_hd/lef/sky130_ef_sc_hd.lef} |& tee /dev/null}"

Fri May 30 22:17:29 +0000 2025 - Executing "{/openlane/scripts/mergeLef.py -o /openlane/designs/project_4/runs/RUN_2025.05.30_22.17.17/tmp/merged.min.lef -i /home/openlane/volare_pdks/sky130A/libs.ref/sky130_fd_sc_hd/techlef/sky130_fd_sc_hd__min.tlef {/home/openlane/volare_pdks/sky130A/libs.ref/sky130_fd_sc_hd/lef/sky130_fd_sc_hd.lef /home/openlane/volare_pdks/sky130A/libs.ref/sky130_fd_sc_hd/lef/sky130_ef_sc_hd.lef} |& tee /dev/null}"

Fri May 30 22:17:29 +0000 2025 - Executing "{/openlane/scripts/mergeLef.py -o /openlane/designs/project_4/runs/RUN_2025.05.30_22.17.17/tmp/merged.max.lef -i /home/openlane/volare_pdks/sky130A/libs.ref/sky130_fd_sc_hd/techlef/sky130_fd_sc_hd__max.tlef {/home/openlane/volare_pdks/sky130A/libs.ref/sky130_fd_sc_hd/lef/sky130_fd_sc_hd.lef /home/openlane/volare_pdks/sky130A/libs.ref/sky130_fd_sc_hd/lef/sky130_ef_sc_hd.lef} |& tee /dev/null}"

Fri May 30 22:17:30 +0000 2025 - Executing "{python3 /openlane/scripts/mergeLib.py --output /openlane/designs/project_4/runs/RUN_2025.05.30_22.17.17/tmp/synthesis/merged.lib --name sky130A_merged /home/openlane/volare_pdks/sky130A/libs.ref/sky130_fd_sc_hd/lib/sky130_fd_sc_hd__tt_025C_1v80.lib}"

Fri May 30 22:17:30 +0000 2025 - Executing "{python3 /openlane/scripts/libtrim.py --cell-file /openlane/designs/project_4/runs/RUN_2025.05.30_22.17.17/tmp/synthesis/trimmed.lib.exclude.list --output /openlane/designs/project_4/runs/RUN_2025.05.30_22.17.17/tmp/synthesis/trimmed.lib /openlane/designs/project_4/runs/RUN_2025.05.30_22.17.17/tmp/synthesis/merged.lib}"

Fri May 30 22:17:32 +0000 2025 - Executing "{python3 /openlane/scripts/libtrim.py --cell-file /openlane/designs/project_4/runs/RUN_2025.05.30_22.17.17/tmp/cts/cts.lib.exclude.list --output /openlane/designs/project_4/runs/RUN_2025.05.30_22.17.17/tmp/cts/cts.lib /home/openlane/volare_pdks/sky130A/libs.ref/sky130_fd_sc_hd/lib/sky130_fd_sc_hd__tt_025C_1v80.lib}"

Fri May 30 22:17:33 +0000 2025 - Executing "{python3 /openlane/scripts/libtrim.py --cell-file /openlane/designs/project_4/runs/RUN_2025.05.30_22.17.17/tmp/cts/cts-fastest.lib.exclude.list --output /openlane/designs/project_4/runs/RUN_2025.05.30_22.17.17/tmp/cts/cts-fastest.lib /home/openlane/volare_pdks/sky130A/libs.ref/sky130_fd_sc_hd/lib/sky130_fd_sc_hd__ff_n40C_1v95.lib}"

Fri May 30 22:17:36 +0000 2025 - Executing "{python3 /openlane/scripts/libtrim.py --cell-file /openlane/designs/project_4/runs/RUN_2025.05.30_22.17.17/tmp/cts/cts-slowest.lib.exclude.list --output /openlane/designs/project_4/runs/RUN_2025.05.30_22.17.17/tmp/cts/cts-slowest.lib /home/openlane/volare_pdks/sky130A/libs.ref/sky130_fd_sc_hd/lib/sky130_fd_sc_hd__ss_100C_1v60.lib}"

Fri May 30 22:17:37 +0000 2025 - Executing "{python3 /openlane/scripts/new_tracks.py -i /home/openlane/volare_pdks/sky130A/libs.tech/openlane/sky130_fd_sc_hd/tracks.info -o /openlane/designs/project_4/runs/RUN_2025.05.30_22.17.17/tmp/routing/config.tracks}"

Fri May 30 22:17:37 +0000 2025 - Executing "{echo {OpenLane a0237db6ade8e3c8f7cd041f4ae739d7395ef6b8} > /openlane/designs/project_4/runs/RUN_2025.05.30_22.17.17/OPENLANE_COMMIT}"

Fri May 30 22:17:37 +0000 2025 - Executing "{yosys -c /openlane/scripts/yosys/blackbox.tcl}"

Fri May 30 22:17:37 +0000 2025 - Executing "{verilator -Wall --lint-only --Wno-DECLFILENAME --top-module top /openlane/designs/project_4/runs/RUN_2025.05.30_22.17.17/tmp/synthesis/blackbox/sky130_fd_sc_hd__blackbox.v /openlane/designs/project_4/src/system.v -Wno-fatal --relative-includes |& tee /openlane/designs/project_4/runs/RUN_2025.05.30_22.17.17/logs/synthesis/linter.log /dev/null}"

Fri May 30 22:17:38 +0000 2025 - Executing "{sed -E {s/^([[:space:]]+)pg_pin(.*)/\1pin\2\n\1    direction : "inout";/g} /home/openlane/volare_pdks/sky130A/libs.ref/sky130_fd_sc_hd/lib/sky130_fd_sc_hd__tt_025C_1v80.lib > /openlane/designs/project_4/runs/RUN_2025.05.30_22.17.17/tmp/synthesis/1-sky130_fd_sc_hd__tt_025C_1v80.no_pg.lib}"

Fri May 30 22:17:39 +0000 2025 - Executing "{sed -E {s/^([[:space:]]+)pg_pin(.*)/\1pin\2\n\1    direction : "inout";/g} /openlane/designs/project_4/runs/RUN_2025.05.30_22.17.17/tmp/synthesis/trimmed.lib > /openlane/designs/project_4/runs/RUN_2025.05.30_22.17.17/tmp/synthesis/1-trimmed.no_pg.lib}"

Fri May 30 22:17:40 +0000 2025 - Executing "yosys -c /openlane/scripts/yosys/synth.tcl |& tee /dev/null /openlane/designs/project_4/runs/RUN_2025.05.30_22.17.17/logs/synthesis/1-synthesis.log"

Fri May 30 22:17:40 +0000 2025 - Executing "{yosys -c /openlane/scripts/yosys/synth.tcl |& tee /dev/null /openlane/designs/project_4/runs/RUN_2025.05.30_22.17.17/logs/synthesis/1-synthesis.log}"

Fri May 30 22:17:46 +0000 2025 - Executing "{sed -i.bak -e {s/\(set ::env(CURRENT_NETLIST)\).*/\1 \/openlane\/designs\/project_4\/runs\/RUN_2025.05.30_22.17.17\/results\/synthesis\/top.v/} /openlane/designs/project_4/runs/RUN_2025.05.30_22.17.17/config.tcl}"

Fri May 30 22:17:46 +0000 2025 - Executing "{sed -i.bak /defparam/d /openlane/designs/project_4/runs/RUN_2025.05.30_22.17.17/results/synthesis/top.v}"

Fri May 30 22:17:48 +0000 2025 - Executing "sta -exit -no_init /openlane/scripts/openroad/sta/multi_corner.tcl |& tee /dev/null /openlane/designs/project_4/runs/RUN_2025.05.30_22.17.17/logs/synthesis/2-sta.log"

Fri May 30 22:17:48 +0000 2025 - Executing "{sta -exit -no_init /openlane/scripts/openroad/sta/multi_corner.tcl |& tee /dev/null /openlane/designs/project_4/runs/RUN_2025.05.30_22.17.17/logs/synthesis/2-sta.log}"

Fri May 30 22:17:50 +0000 2025 - Executing "openroad -exit /openlane/scripts/openroad/floorplan.tcl |& tee /dev/null /openlane/designs/project_4/runs/RUN_2025.05.30_22.17.17/logs/floorplan/3-initial_fp.log"

Fri May 30 22:17:50 +0000 2025 - Executing "{openroad -exit /openlane/scripts/openroad/floorplan.tcl |& tee /dev/null /openlane/designs/project_4/runs/RUN_2025.05.30_22.17.17/logs/floorplan/3-initial_fp.log}"

Fri May 30 22:17:53 +0000 2025 - Executing "{openroad -exit -no_init -python /openlane/scripts/odbpy/defutil.py extract_core_dims --output-data /openlane/designs/project_4/runs/RUN_2025.05.30_22.17.17/tmp/dimensions.txt --input-lef /openlane/designs/project_4/runs/RUN_2025.05.30_22.17.17/tmp/merged.nom.lef /openlane/designs/project_4/runs/RUN_2025.05.30_22.17.17/tmp/floorplan/3-initial_fp.def}"

Fri May 30 22:17:54 +0000 2025 - Executing "{openroad -exit -no_init -python /openlane/scripts/odbpy/io_place.py --config /openlane/designs/project_4/pin_order.cfg --hor-layer met3 --ver-layer met2 --ver-width-mult 2 --hor-width-mult 2 --hor-extension 0 --ver-extension 0 --length 4 --unmatched-error --input-lef /openlane/designs/project_4/runs/RUN_2025.05.30_22.17.17/tmp/merged.nom.lef --output-def /openlane/designs/project_4/runs/RUN_2025.05.30_22.17.17/tmp/floorplan/4-io.def --output /openlane/designs/project_4/runs/RUN_2025.05.30_22.17.17/tmp/floorplan/4-io.odb /openlane/designs/project_4/runs/RUN_2025.05.30_22.17.17/tmp/floorplan/3-initial_fp.odb |& tee /dev/null /openlane/designs/project_4/runs/RUN_2025.05.30_22.17.17/logs/floorplan/4-place_io.log}"

Fri May 30 22:17:56 +0000 2025 - Executing "openroad -exit /openlane/scripts/openroad/tapcell.tcl |& tee /dev/null /openlane/designs/project_4/runs/RUN_2025.05.30_22.17.17/logs/floorplan/5-tap.log"

Fri May 30 22:17:56 +0000 2025 - Executing "{openroad -exit /openlane/scripts/openroad/tapcell.tcl |& tee /dev/null /openlane/designs/project_4/runs/RUN_2025.05.30_22.17.17/logs/floorplan/5-tap.log}"

Fri May 30 22:17:57 +0000 2025 - Executing "openroad -exit /openlane/scripts/openroad/pdn.tcl |& tee /dev/null /openlane/designs/project_4/runs/RUN_2025.05.30_22.17.17/logs/floorplan/6-pdn.log"

Fri May 30 22:17:57 +0000 2025 - Executing "{openroad -exit /openlane/scripts/openroad/pdn.tcl |& tee /dev/null /openlane/designs/project_4/runs/RUN_2025.05.30_22.17.17/logs/floorplan/6-pdn.log}"

Fri May 30 22:18:00 +0000 2025 - Executing "openroad -exit /openlane/scripts/openroad/gpl.tcl |& tee /dev/null /openlane/designs/project_4/runs/RUN_2025.05.30_22.17.17/logs/placement/6-global.log"

Fri May 30 22:18:00 +0000 2025 - Executing "{openroad -exit /openlane/scripts/openroad/gpl.tcl |& tee /dev/null /openlane/designs/project_4/runs/RUN_2025.05.30_22.17.17/logs/placement/6-global.log}"

Fri May 30 22:18:12 +0000 2025 - Executing "{sed -i.bak -e {s/\(set ::env(CURRENT_NETLIST)\).*/\1 \/openlane\/designs\/project_4\/runs\/RUN_2025.05.30_22.17.17\/tmp\/placement\/7-global.nl.v/} /openlane/designs/project_4/runs/RUN_2025.05.30_22.17.17/config.tcl}"

Fri May 30 22:18:12 +0000 2025 - Executing "openroad -exit /openlane/scripts/openroad/sta/multi_corner.tcl |& tee /dev/null /openlane/designs/project_4/runs/RUN_2025.05.30_22.17.17/logs/placement/8-gpl_sta.log"

Fri May 30 22:18:12 +0000 2025 - Executing "{openroad -exit /openlane/scripts/openroad/sta/multi_corner.tcl |& tee /dev/null /openlane/designs/project_4/runs/RUN_2025.05.30_22.17.17/logs/placement/8-gpl_sta.log}"

Fri May 30 22:18:16 +0000 2025 - Executing "openroad -exit /openlane/scripts/openroad/resizer.tcl |& tee /dev/null /openlane/designs/project_4/runs/RUN_2025.05.30_22.17.17/logs/placement/9-resizer.log"

Fri May 30 22:18:16 +0000 2025 - Executing "{openroad -exit /openlane/scripts/openroad/resizer.tcl |& tee /dev/null /openlane/designs/project_4/runs/RUN_2025.05.30_22.17.17/logs/placement/9-resizer.log}"

Fri May 30 22:18:20 +0000 2025 - Executing "{sed -i.bak -e {s/\(set ::env(CURRENT_NETLIST)\).*/\1 \/openlane\/designs\/project_4\/runs\/RUN_2025.05.30_22.17.17\/tmp\/placement\/9-resizer.nl.v/} /openlane/designs/project_4/runs/RUN_2025.05.30_22.17.17/config.tcl}"

Fri May 30 22:18:20 +0000 2025 - Executing "openroad -exit /openlane/scripts/openroad/dpl.tcl |& tee /dev/null /openlane/designs/project_4/runs/RUN_2025.05.30_22.17.17/logs/placement/10-detailed.log"

Fri May 30 22:18:20 +0000 2025 - Executing "{openroad -exit /openlane/scripts/openroad/dpl.tcl |& tee /dev/null /openlane/designs/project_4/runs/RUN_2025.05.30_22.17.17/logs/placement/10-detailed.log}"

Fri May 30 22:18:23 +0000 2025 - Executing "{sed -i.bak -e {s/\(set ::env(CURRENT_NETLIST)\).*/\1 \/openlane\/designs\/project_4\/runs\/RUN_2025.05.30_22.17.17\/results\/placement\/top.nl.v/} /openlane/designs/project_4/runs/RUN_2025.05.30_22.17.17/config.tcl}"

Fri May 30 22:18:24 +0000 2025 - Executing "openroad -exit /openlane/scripts/openroad/sta/multi_corner.tcl |& tee /dev/null /openlane/designs/project_4/runs/RUN_2025.05.30_22.17.17/logs/placement/11-dpl_sta.log"

Fri May 30 22:18:24 +0000 2025 - Executing "{openroad -exit /openlane/scripts/openroad/sta/multi_corner.tcl |& tee /dev/null /openlane/designs/project_4/runs/RUN_2025.05.30_22.17.17/logs/placement/11-dpl_sta.log}"

Fri May 30 22:18:28 +0000 2025 - Executing "openroad -exit /openlane/scripts/openroad/cts.tcl |& tee /dev/null /openlane/designs/project_4/runs/RUN_2025.05.30_22.17.17/logs/cts/12-cts.log"

Fri May 30 22:18:28 +0000 2025 - Executing "{openroad -exit /openlane/scripts/openroad/cts.tcl |& tee /dev/null /openlane/designs/project_4/runs/RUN_2025.05.30_22.17.17/logs/cts/12-cts.log}"

Fri May 30 22:18:39 +0000 2025 - Executing "openroad -exit /openlane/scripts/openroad/sta/multi_corner.tcl |& tee /dev/null /openlane/designs/project_4/runs/RUN_2025.05.30_22.17.17/logs/cts/13-cts_sta.log"

Fri May 30 22:18:39 +0000 2025 - Executing "{openroad -exit /openlane/scripts/openroad/sta/multi_corner.tcl |& tee /dev/null /openlane/designs/project_4/runs/RUN_2025.05.30_22.17.17/logs/cts/13-cts_sta.log}"

Fri May 30 22:18:44 +0000 2025 - Executing "openroad -exit /openlane/scripts/openroad/resizer_timing.tcl |& tee /dev/null /openlane/designs/project_4/runs/RUN_2025.05.30_22.17.17/logs/cts/14-resizer.log"

Fri May 30 22:18:44 +0000 2025 - Executing "{openroad -exit /openlane/scripts/openroad/resizer_timing.tcl |& tee /dev/null /openlane/designs/project_4/runs/RUN_2025.05.30_22.17.17/logs/cts/14-resizer.log}"

Fri May 30 22:21:42 +0000 2025 - Executing "{sed -i.bak -e {s/\(set ::env(CURRENT_NETLIST)\).*/\1 \/openlane\/designs\/project_4\/runs\/RUN_2025.05.30_22.17.17\/tmp\/cts\/14-top.resized.nl.v/} /openlane/designs/project_4/runs/RUN_2025.05.30_22.17.17/config.tcl}"

Fri May 30 22:21:44 +0000 2025 - Executing "openroad -exit /openlane/scripts/openroad/resizer_routing_design.tcl |& tee /dev/null /openlane/designs/project_4/runs/RUN_2025.05.30_22.17.17/logs/routing/15-resizer_design.log"

Fri May 30 22:21:44 +0000 2025 - Executing "{openroad -exit /openlane/scripts/openroad/resizer_routing_design.tcl |& tee /dev/null /openlane/designs/project_4/runs/RUN_2025.05.30_22.17.17/logs/routing/15-resizer_design.log}"

Fri May 30 22:21:54 +0000 2025 - Executing "{sed -i.bak -e {s/\(set ::env(CURRENT_NETLIST)\).*/\1 \/openlane\/designs\/project_4\/runs\/RUN_2025.05.30_22.17.17\/tmp\/15-top.nl.v/} /openlane/designs/project_4/runs/RUN_2025.05.30_22.17.17/config.tcl}"

Fri May 30 22:21:55 +0000 2025 - Executing "openroad -exit /openlane/scripts/openroad/sta/multi_corner.tcl |& tee /dev/null /openlane/designs/project_4/runs/RUN_2025.05.30_22.17.17/logs/routing/16-rsz_design_sta.log"

Fri May 30 22:21:55 +0000 2025 - Executing "{openroad -exit /openlane/scripts/openroad/sta/multi_corner.tcl |& tee /dev/null /openlane/designs/project_4/runs/RUN_2025.05.30_22.17.17/logs/routing/16-rsz_design_sta.log}"

Fri May 30 22:22:05 +0000 2025 - Executing "openroad -exit /openlane/scripts/openroad/resizer_routing_timing.tcl |& tee /dev/null /openlane/designs/project_4/runs/RUN_2025.05.30_22.17.17/logs/routing/17-resizer_timing.log"

Fri May 30 22:22:05 +0000 2025 - Executing "{openroad -exit /openlane/scripts/openroad/resizer_routing_timing.tcl |& tee /dev/null /openlane/designs/project_4/runs/RUN_2025.05.30_22.17.17/logs/routing/17-resizer_timing.log}"

Fri May 30 22:22:29 +0000 2025 - Executing "{sed -i.bak -e {s/\(set ::env(CURRENT_NETLIST)\).*/\1 \/openlane\/designs\/project_4\/runs\/RUN_2025.05.30_22.17.17\/tmp\/17-top.nl.v/} /openlane/designs/project_4/runs/RUN_2025.05.30_22.17.17/config.tcl}"

Fri May 30 22:22:29 +0000 2025 - Executing "openroad -exit /openlane/scripts/openroad/sta/multi_corner.tcl |& tee /dev/null /openlane/designs/project_4/runs/RUN_2025.05.30_22.17.17/logs/routing/18-rsz_timing_sta.log"

Fri May 30 22:22:29 +0000 2025 - Executing "{openroad -exit /openlane/scripts/openroad/sta/multi_corner.tcl |& tee /dev/null /openlane/designs/project_4/runs/RUN_2025.05.30_22.17.17/logs/routing/18-rsz_timing_sta.log}"

Fri May 30 22:22:37 +0000 2025 - Executing "{openroad -exit -no_init -python /openlane/scripts/odbpy/diodes.py place --diode-cell sky130_fd_sc_hd__diode_2 --diode-pin DIODE --threshold 90 --side-strategy source --port-protect none --input-lef /openlane/designs/project_4/runs/RUN_2025.05.30_22.17.17/tmp/merged.nom.lef --output-def /openlane/designs/project_4/runs/RUN_2025.05.30_22.17.17/tmp/routing/19-diodes.def --output /openlane/designs/project_4/runs/RUN_2025.05.30_22.17.17/tmp/routing/19-diodes.odb /openlane/designs/project_4/runs/RUN_2025.05.30_22.17.17/tmp/17-top.odb |& tee /dev/null /openlane/designs/project_4/runs/RUN_2025.05.30_22.17.17/logs/routing/19-diodes.log}"

Fri May 30 22:22:42 +0000 2025 - Executing "openroad -exit /openlane/scripts/openroad/dpl.tcl |& tee /dev/null /openlane/designs/project_4/runs/RUN_2025.05.30_22.17.17/logs/routing/20-diode_legalization.log"

Fri May 30 22:22:42 +0000 2025 - Executing "{openroad -exit /openlane/scripts/openroad/dpl.tcl |& tee /dev/null /openlane/designs/project_4/runs/RUN_2025.05.30_22.17.17/logs/routing/20-diode_legalization.log}"

Fri May 30 22:22:51 +0000 2025 - Executing "{sed -i.bak -e {s/\(set ::env(CURRENT_NETLIST)\).*/\1 \/openlane\/designs\/project_4\/runs\/RUN_2025.05.30_22.17.17\/tmp\/routing\/.\/19-diodes_legalized.nl.v/} /openlane/designs/project_4/runs/RUN_2025.05.30_22.17.17/config.tcl}"

Fri May 30 22:22:52 +0000 2025 - Executing "openroad -exit /openlane/scripts/openroad/repair_antennas.tcl |& tee /dev/null /openlane/designs/project_4/runs/RUN_2025.05.30_22.17.17/logs/routing/21-global.log"

Fri May 30 22:22:52 +0000 2025 - Executing "{openroad -exit /openlane/scripts/openroad/repair_antennas.tcl |& tee /dev/null /openlane/designs/project_4/runs/RUN_2025.05.30_22.17.17/logs/routing/21-global.log}"

Fri May 30 22:23:04 +0000 2025 - Executing "openroad -exit /openlane/scripts/openroad/write_views.tcl |& tee /dev/null /openlane/designs/project_4/runs/RUN_2025.05.30_22.17.17/logs/routing/21-global_write_netlist.log"

Fri May 30 22:23:04 +0000 2025 - Executing "{openroad -exit /openlane/scripts/openroad/write_views.tcl |& tee /dev/null /openlane/designs/project_4/runs/RUN_2025.05.30_22.17.17/logs/routing/21-global_write_netlist.log}"

Fri May 30 22:23:09 +0000 2025 - Executing "{sed -i.bak -e {s/\(set ::env(CURRENT_NETLIST)\).*/\1 \/openlane\/designs\/project_4\/runs\/RUN_2025.05.30_22.17.17\/tmp\/routing\/global.nl.v/} /openlane/designs/project_4/runs/RUN_2025.05.30_22.17.17/config.tcl}"

Fri May 30 22:23:10 +0000 2025 - Executing "openroad -exit /openlane/scripts/openroad/sta/multi_corner.tcl |& tee /dev/null /openlane/designs/project_4/runs/RUN_2025.05.30_22.17.17/logs/routing/23-grt_sta.log"

Fri May 30 22:23:10 +0000 2025 - Executing "{openroad -exit /openlane/scripts/openroad/sta/multi_corner.tcl |& tee /dev/null /openlane/designs/project_4/runs/RUN_2025.05.30_22.17.17/logs/routing/23-grt_sta.log}"

Fri May 30 22:23:17 +0000 2025 - Executing "openroad -exit /openlane/scripts/openroad/fill.tcl |& tee /dev/null /openlane/designs/project_4/runs/RUN_2025.05.30_22.17.17/logs/routing/24-fill.log"

Fri May 30 22:23:17 +0000 2025 - Executing "{openroad -exit /openlane/scripts/openroad/fill.tcl |& tee /dev/null /openlane/designs/project_4/runs/RUN_2025.05.30_22.17.17/logs/routing/24-fill.log}"

Fri May 30 22:23:28 +0000 2025 - Executing "{sed -i.bak -e {s/\(set ::env(CURRENT_NETLIST)\).*/\1 \/openlane\/designs\/project_4\/runs\/RUN_2025.05.30_22.17.17\/tmp\/routing\/24-fill.nl.v/} /openlane/designs/project_4/runs/RUN_2025.05.30_22.17.17/config.tcl}"

Fri May 30 22:23:29 +0000 2025 - Executing "openroad -exit -metrics /openlane/designs/project_4/runs/RUN_2025.05.30_22.17.17/reports/routing/25-drt_metrics.json /openlane/scripts/openroad/droute.tcl |& tee /dev/null /openlane/designs/project_4/runs/RUN_2025.05.30_22.17.17/logs/routing/25-detailed.log"

Fri May 30 22:23:29 +0000 2025 - Executing "{openroad -exit -metrics /openlane/designs/project_4/runs/RUN_2025.05.30_22.17.17/reports/routing/25-drt_metrics.json /openlane/scripts/openroad/droute.tcl |& tee /dev/null /openlane/designs/project_4/runs/RUN_2025.05.30_22.17.17/logs/routing/25-detailed.log}"

Fri May 30 22:30:24 +0000 2025 - Executing "{sed -i.bak -e {s/\(set ::env(CURRENT_NETLIST)\).*/\1 \/openlane\/designs\/project_4\/runs\/RUN_2025.05.30_22.17.17\/results\/routing\/top.nl.v/} /openlane/designs/project_4/runs/RUN_2025.05.30_22.17.17/config.tcl}"

Fri May 30 22:30:25 +0000 2025 - Executing "{python3 /openlane/scripts/drc_rosetta.py tr to_klayout -o /openlane/designs/project_4/runs/RUN_2025.05.30_22.17.17/reports/routing/drt.klayout.xml --design-name top /openlane/designs/project_4/runs/RUN_2025.05.30_22.17.17/reports/routing/drt.drc}"

Fri May 30 22:30:25 +0000 2025 - Executing "{openroad -exit -no_init -python /openlane/scripts/odbpy/wire_lengths.py --report-out /openlane/designs/project_4/runs/RUN_2025.05.30_22.17.17/reports/routing/26-wire_lengths.csv --input-lef /openlane/designs/project_4/runs/RUN_2025.05.30_22.17.17/tmp/merged.nom.lef --output-def /openlane/designs/project_4/runs/RUN_2025.05.30_22.17.17/results/routing/top.def --output /openlane/designs/project_4/runs/RUN_2025.05.30_22.17.17/results/routing/top.odb /openlane/designs/project_4/runs/RUN_2025.05.30_22.17.17/results/routing/top.odb |& tee /dev/null /openlane/designs/project_4/runs/RUN_2025.05.30_22.17.17/logs/routing/26-wire_lengths.log}"

Fri May 30 22:30:33 +0000 2025 - Executing "openroad -exit /openlane/scripts/openroad/rcx.tcl |& tee /dev/null /openlane/designs/project_4/runs/RUN_2025.05.30_22.17.17/logs/signoff/27-parasitics_extraction.min.log"

Fri May 30 22:30:33 +0000 2025 - Executing "{openroad -exit /openlane/scripts/openroad/rcx.tcl |& tee /dev/null /openlane/designs/project_4/runs/RUN_2025.05.30_22.17.17/logs/signoff/27-parasitics_extraction.min.log}"

Fri May 30 22:30:37 +0000 2025 - Executing "sta -exit -no_init /openlane/scripts/openroad/sta/multi_corner.tcl |& tee /dev/null /openlane/designs/project_4/runs/RUN_2025.05.30_22.17.17/logs/signoff/28-rcx_mcsta.min.log"

Fri May 30 22:30:37 +0000 2025 - Executing "{sta -exit -no_init /openlane/scripts/openroad/sta/multi_corner.tcl |& tee /dev/null /openlane/designs/project_4/runs/RUN_2025.05.30_22.17.17/logs/signoff/28-rcx_mcsta.min.log}"

Fri May 30 22:30:55 +0000 2025 - Executing "openroad -exit /openlane/scripts/openroad/rcx.tcl |& tee /dev/null /openlane/designs/project_4/runs/RUN_2025.05.30_22.17.17/logs/signoff/29-parasitics_extraction.max.log"

Fri May 30 22:30:55 +0000 2025 - Executing "{openroad -exit /openlane/scripts/openroad/rcx.tcl |& tee /dev/null /openlane/designs/project_4/runs/RUN_2025.05.30_22.17.17/logs/signoff/29-parasitics_extraction.max.log}"

Fri May 30 22:30:59 +0000 2025 - Executing "sta -exit -no_init /openlane/scripts/openroad/sta/multi_corner.tcl |& tee /dev/null /openlane/designs/project_4/runs/RUN_2025.05.30_22.17.17/logs/signoff/30-rcx_mcsta.max.log"

Fri May 30 22:30:59 +0000 2025 - Executing "{sta -exit -no_init /openlane/scripts/openroad/sta/multi_corner.tcl |& tee /dev/null /openlane/designs/project_4/runs/RUN_2025.05.30_22.17.17/logs/signoff/30-rcx_mcsta.max.log}"

Fri May 30 22:31:17 +0000 2025 - Executing "openroad -exit /openlane/scripts/openroad/rcx.tcl |& tee /dev/null /openlane/designs/project_4/runs/RUN_2025.05.30_22.17.17/logs/signoff/31-parasitics_extraction.nom.log"

Fri May 30 22:31:17 +0000 2025 - Executing "{openroad -exit /openlane/scripts/openroad/rcx.tcl |& tee /dev/null /openlane/designs/project_4/runs/RUN_2025.05.30_22.17.17/logs/signoff/31-parasitics_extraction.nom.log}"

Fri May 30 22:31:24 +0000 2025 - Executing "sta -exit -no_init /openlane/scripts/openroad/sta/multi_corner.tcl |& tee /dev/null /openlane/designs/project_4/runs/RUN_2025.05.30_22.17.17/logs/signoff/32-rcx_mcsta.nom.log"

Fri May 30 22:31:24 +0000 2025 - Executing "{sta -exit -no_init /openlane/scripts/openroad/sta/multi_corner.tcl |& tee /dev/null /openlane/designs/project_4/runs/RUN_2025.05.30_22.17.17/logs/signoff/32-rcx_mcsta.nom.log}"

Fri May 30 22:31:47 +0000 2025 - Executing "openroad -exit /openlane/scripts/openroad/irdrop.tcl |& tee /dev/null /openlane/designs/project_4/runs/RUN_2025.05.30_22.17.17/logs/signoff/33-irdrop.log"

Fri May 30 22:31:47 +0000 2025 - Executing "{openroad -exit /openlane/scripts/openroad/irdrop.tcl |& tee /dev/null /openlane/designs/project_4/runs/RUN_2025.05.30_22.17.17/logs/signoff/33-irdrop.log}"

Fri May 30 22:31:54 +0000 2025 - Executing "magic -noconsole -dnull -rcfile /home/openlane/volare_pdks/sky130A/libs.tech/magic/sky130A.magicrc < /openlane/scripts/magic/wrapper.tcl |& tee /dev/null /openlane/designs/project_4/runs/RUN_2025.05.30_22.17.17/logs/signoff/34-gdsii.log"

Fri May 30 22:31:54 +0000 2025 - Executing "{magic -noconsole -dnull -rcfile /home/openlane/volare_pdks/sky130A/libs.tech/magic/sky130A.magicrc < /openlane/scripts/magic/wrapper.tcl |& tee /dev/null /openlane/designs/project_4/runs/RUN_2025.05.30_22.17.17/logs/signoff/34-gdsii.log}"

Fri May 30 22:32:07 +0000 2025 - Executing "magic -noconsole -dnull -rcfile /home/openlane/volare_pdks/sky130A/libs.tech/magic/sky130A.magicrc < /openlane/scripts/magic/wrapper.tcl |& tee /dev/null /openlane/designs/project_4/runs/RUN_2025.05.30_22.17.17/logs/signoff/34-gds_ptrs.log"

Fri May 30 22:32:07 +0000 2025 - Executing "{magic -noconsole -dnull -rcfile /home/openlane/volare_pdks/sky130A/libs.tech/magic/sky130A.magicrc < /openlane/scripts/magic/wrapper.tcl |& tee /dev/null /openlane/designs/project_4/runs/RUN_2025.05.30_22.17.17/logs/signoff/34-gds_ptrs.log}"

Fri May 30 22:32:12 +0000 2025 - Executing "{sed -i.bak -n {/^<< properties >>/,/^<< end >>/p} /openlane/designs/project_4/runs/RUN_2025.05.30_22.17.17/tmp/signoff/gds_ptrs.mag}"

Fri May 30 22:32:14 +0000 2025 - Executing "magic -noconsole -dnull -rcfile /home/openlane/volare_pdks/sky130A/libs.tech/magic/sky130A.magicrc < /openlane/scripts/magic/wrapper.tcl |& tee /dev/null /openlane/designs/project_4/runs/RUN_2025.05.30_22.17.17/logs/signoff/34-lef.log"

Fri May 30 22:32:14 +0000 2025 - Executing "{magic -noconsole -dnull -rcfile /home/openlane/volare_pdks/sky130A/libs.tech/magic/sky130A.magicrc < /openlane/scripts/magic/wrapper.tcl |& tee /dev/null /openlane/designs/project_4/runs/RUN_2025.05.30_22.17.17/logs/signoff/34-lef.log}"

Fri May 30 22:32:20 +0000 2025 - Executing "magic -noconsole -dnull -rcfile /home/openlane/volare_pdks/sky130A/libs.tech/magic/sky130A.magicrc < /openlane/scripts/magic/wrapper.tcl |& tee /dev/null /openlane/designs/project_4/runs/RUN_2025.05.30_22.17.17/logs/signoff/34-maglef.log"

Fri May 30 22:32:20 +0000 2025 - Executing "{magic -noconsole -dnull -rcfile /home/openlane/volare_pdks/sky130A/libs.tech/magic/sky130A.magicrc < /openlane/scripts/magic/wrapper.tcl |& tee /dev/null /openlane/designs/project_4/runs/RUN_2025.05.30_22.17.17/logs/signoff/34-maglef.log}"

Fri May 30 22:32:21 +0000 2025 - Executing "{python3 /openlane/scripts/klayout/stream_out.py --output /openlane/designs/project_4/runs/RUN_2025.05.30_22.17.17/results/signoff/top.klayout.gds --lyt /home/openlane/volare_pdks/sky130A/libs.tech/klayout/tech/sky130A.lyt --lym /home/openlane/volare_pdks/sky130A/libs.tech/klayout/tech/sky130A.map --lyp /home/openlane/volare_pdks/sky130A/libs.tech/klayout/tech/sky130A.lyp --top top --with-gds-file /home/openlane/volare_pdks/sky130A/libs.ref/sky130_fd_sc_hd/gds/sky130_fd_sc_hd.gds --input-lef /openlane/designs/project_4/runs/RUN_2025.05.30_22.17.17/tmp/merged.nom.lef /openlane/designs/project_4/runs/RUN_2025.05.30_22.17.17/results/routing/top.def |& tee /dev/null /openlane/designs/project_4/runs/RUN_2025.05.30_22.17.17/logs/signoff/35-gdsii-klayout.log}"

Fri May 30 22:32:24 +0000 2025 - Executing "{klayout -b -r /openlane/scripts/klayout/xor.drc -rd a=/openlane/designs/project_4/runs/RUN_2025.05.30_22.17.17/results/signoff/top.gds -rd b=/openlane/designs/project_4/runs/RUN_2025.05.30_22.17.17/results/signoff/top.klayout.gds -rd jobs=1 -rd rdb_out=/openlane/designs/project_4/runs/RUN_2025.05.30_22.17.17/reports/signoff/36-xor.xml -rd ignore=81/14 -rd rpt_out=/openlane/designs/project_4/runs/RUN_2025.05.30_22.17.17/reports/signoff/36-xor.rpt |& tee /dev/null /openlane/designs/project_4/runs/RUN_2025.05.30_22.17.17/logs/signoff/36-xor.log}"

Fri May 30 22:32:35 +0000 2025 - Executing "magic -noconsole -dnull -rcfile /home/openlane/volare_pdks/sky130A/libs.tech/magic/sky130A.magicrc < /openlane/scripts/magic/wrapper.tcl |& tee /dev/null /openlane/designs/project_4/runs/RUN_2025.05.30_22.17.17/logs/signoff/37-spice.log"

Fri May 30 22:32:35 +0000 2025 - Executing "{magic -noconsole -dnull -rcfile /home/openlane/volare_pdks/sky130A/libs.tech/magic/sky130A.magicrc < /openlane/scripts/magic/wrapper.tcl |& tee /dev/null /openlane/designs/project_4/runs/RUN_2025.05.30_22.17.17/logs/signoff/37-spice.log}"

Fri May 30 22:33:01 +0000 2025 - Executing "{openroad -exit -no_init -python /openlane/scripts/odbpy/power_utils.py write_powered_def --output /openlane/designs/project_4/runs/RUN_2025.05.30_22.17.17/tmp/signoff/37-top.p.def --input-lef /openlane/designs/project_4/runs/RUN_2025.05.30_22.17.17/tmp/merged.nom.lef --power-port VPWR --ground-port VGND --powered-netlist {} /openlane/designs/project_4/runs/RUN_2025.05.30_22.17.17/results/routing/top.def |& tee /dev/null /openlane/designs/project_4/runs/RUN_2025.05.30_22.17.17/logs/signoff/38-write_powered_def.log}"

Fri May 30 22:33:06 +0000 2025 - Executing "openroad -exit /openlane/scripts/openroad/write_views.tcl |& tee /dev/null /openlane/designs/project_4/runs/RUN_2025.05.30_22.17.17/logs/signoff/38-write_powered_verilog.log"

Fri May 30 22:33:06 +0000 2025 - Executing "{openroad -exit /openlane/scripts/openroad/write_views.tcl |& tee /dev/null /openlane/designs/project_4/runs/RUN_2025.05.30_22.17.17/logs/signoff/38-write_powered_verilog.log}"

Fri May 30 22:33:10 +0000 2025 - Executing "{sed -i.bak -e {s/\(set ::env(CURRENT_NETLIST)\).*/\1 \/openlane\/designs\/project_4\/runs\/RUN_2025.05.30_22.17.17\/tmp\/signoff\/37-top.nl.v/} /openlane/designs/project_4/runs/RUN_2025.05.30_22.17.17/config.tcl}"

Fri May 30 22:33:11 +0000 2025 - Executing "{netgen -batch source /openlane/designs/project_4/runs/RUN_2025.05.30_22.17.17/tmp/signoff/40-setup_file.lef.lvs |& tee /dev/null /openlane/designs/project_4/runs/RUN_2025.05.30_22.17.17/logs/signoff/40-lvs.lef.log}"

Fri May 30 22:33:15 +0000 2025 - Executing "magic -noconsole -dnull -rcfile /home/openlane/volare_pdks/sky130A/libs.tech/magic/sky130A.magicrc < /openlane/scripts/magic/wrapper.tcl |& tee /dev/null /openlane/designs/project_4/runs/RUN_2025.05.30_22.17.17/logs/signoff/41-drc.log"

Fri May 30 22:33:15 +0000 2025 - Executing "{magic -noconsole -dnull -rcfile /home/openlane/volare_pdks/sky130A/libs.tech/magic/sky130A.magicrc < /openlane/scripts/magic/wrapper.tcl |& tee /dev/null /openlane/designs/project_4/runs/RUN_2025.05.30_22.17.17/logs/signoff/41-drc.log}"

Fri May 30 22:33:58 +0000 2025 - Executing "{python3 /openlane/scripts/drc_rosetta.py magic to_tcl -o /openlane/designs/project_4/runs/RUN_2025.05.30_22.17.17/reports/signoff/drc.tcl /openlane/designs/project_4/runs/RUN_2025.05.30_22.17.17/reports/signoff/drc.rpt}"

Fri May 30 22:33:59 +0000 2025 - Executing "{python3 /openlane/scripts/drc_rosetta.py magic to_tr -o /openlane/designs/project_4/runs/RUN_2025.05.30_22.17.17/reports/signoff/drc.tr /openlane/designs/project_4/runs/RUN_2025.05.30_22.17.17/reports/signoff/drc.rpt}"

Fri May 30 22:33:59 +0000 2025 - Executing "{python3 /openlane/scripts/drc_rosetta.py tr to_klayout -o /openlane/designs/project_4/runs/RUN_2025.05.30_22.17.17/reports/signoff/drc.klayout.xml --design-name top /openlane/designs/project_4/runs/RUN_2025.05.30_22.17.17/reports/signoff/drc.tr}"

Fri May 30 22:33:59 +0000 2025 - Executing "{python3 /openlane/scripts/drc_rosetta.py magic to_rdb -o /openlane/designs/project_4/runs/RUN_2025.05.30_22.17.17/reports/signoff/drc.rdb /openlane/designs/project_4/runs/RUN_2025.05.30_22.17.17/reports/signoff/drc.rpt}"

Fri May 30 22:34:00 +0000 2025 - Executing "{klayout -b -zz -r /home/openlane/volare_pdks/sky130A/libs.tech/klayout/drc/sky130A_mr.drc -rd topcell=top -rd input=/openlane/designs/project_4/runs/RUN_2025.05.30_22.17.17/results/signoff/top.gds -rd report=/openlane/designs/project_4/runs/RUN_2025.05.30_22.17.17/reports/signoff/violations.xml -rd feol=true -rd beol=true -rd floating_metal=false -rd seal=true -rd thread=1 |& tee /dev/null /openlane/designs/project_4/runs/RUN_2025.05.30_22.17.17/logs/signoff/42-drc-klayout.log}"

Fri May 30 22:34:33 +0000 2025 - Executing "{python3 /openlane/scripts/klayout/xml_drc_report_to_json.py --xml-file /openlane/designs/project_4/runs/RUN_2025.05.30_22.17.17/reports/signoff/violations.xml --json-file /openlane/designs/project_4/runs/RUN_2025.05.30_22.17.17/reports/signoff/violations.json}"

Fri May 30 22:34:34 +0000 2025 - Executing "openroad -exit /openlane/scripts/openroad/antenna_check.tcl |& tee /dev/null /openlane/designs/project_4/runs/RUN_2025.05.30_22.17.17/logs/signoff/43-arc.log"

Fri May 30 22:34:34 +0000 2025 - Executing "{openroad -exit /openlane/scripts/openroad/antenna_check.tcl |& tee /dev/null /openlane/designs/project_4/runs/RUN_2025.05.30_22.17.17/logs/signoff/43-arc.log}"

Fri May 30 22:34:38 +0000 2025 - Executing "{python3 /openlane/scripts/extract_antenna_violators.py --output /openlane/designs/project_4/runs/RUN_2025.05.30_22.17.17/reports/signoff/43-antenna_violators.rpt --plain-out /openlane/designs/project_4/runs/RUN_2025.05.30_22.17.17/reports/signoff/43-antenna_violators_pins.txt /openlane/designs/project_4/runs/RUN_2025.05.30_22.17.17/logs/signoff/43-arc.log}"

Fri May 30 22:35:06 +0000 2025 - Executing "{python3 /openlane/scripts/write_runtime.py --conclude --seconds --time-in 1748644506 {flow completed}}"

Fri May 30 22:35:21 +0000 2025 - Executing "{python3 /openlane/scripts/generate_reports.py -d /openlane/designs/project_4 --design_name top --tag RUN_2025.05.30_22.17.17 --output_file /openlane/designs/project_4/runs/RUN_2025.05.30_22.17.17/reports/metrics.csv --man_report /openlane/designs/project_4/runs/RUN_2025.05.30_22.17.17/reports/manufacturability.rpt --run_path /openlane/designs/project_4/runs/RUN_2025.05.30_22.17.17}"

Fri May 30 22:36:10 +0000 2025 - Executing "{python3 /openlane/scripts/write_runtime.py --conclude --seconds --time-in 1748644570 {flow failed}}"

Fri May 30 22:36:52 +0000 2025 - Executing "{python3 /openlane/scripts/generate_reports.py -d /openlane/designs/project_4 --design_name top --tag RUN_2025.05.30_22.17.17 --output_file /openlane/designs/project_4/runs/RUN_2025.05.30_22.17.17/reports/metrics.csv --man_report /openlane/designs/project_4/runs/RUN_2025.05.30_22.17.17/reports/manufacturability.rpt --run_path /openlane/designs/project_4/runs/RUN_2025.05.30_22.17.17}"

