
===========================================================================
 report_power
============================================================================
======================= Fastest Corner ===================================

Group                  Internal  Switching    Leakage      Total
                          Power      Power      Power      Power (Watts)
----------------------------------------------------------------
Sequential             6.00e-03   8.62e-04   1.49e-08   6.87e-03  37.3%
Combinational          4.50e-03   3.45e-03   5.30e-08   7.96e-03  43.2%
Clock                  1.30e-03   2.30e-03   1.37e-08   3.60e-03  19.6%
Macro                  0.00e+00   0.00e+00   0.00e+00   0.00e+00   0.0%
Pad                    0.00e+00   0.00e+00   0.00e+00   0.00e+00   0.0%
----------------------------------------------------------------
Total                  1.18e-02   6.61e-03   8.15e-08   1.84e-02 100.0%
                          64.1%      35.9%       0.0%

======================= Slowest Corner ===================================

Group                  Internal  Switching    Leakage      Total
                          Power      Power      Power      Power (Watts)
----------------------------------------------------------------
Sequential             4.07e-03   5.48e-04   1.48e-05   4.63e-03  37.1%
Combinational          3.12e-03   2.28e-03   3.81e-05   5.44e-03  43.6%
Clock                  9.28e-04   1.49e-03   1.61e-06   2.42e-03  19.4%
Macro                  0.00e+00   0.00e+00   0.00e+00   0.00e+00   0.0%
Pad                    0.00e+00   0.00e+00   0.00e+00   0.00e+00   0.0%
----------------------------------------------------------------
Total                  8.12e-03   4.32e-03   5.45e-05   1.25e-02 100.0%
                          65.0%      34.6%       0.4%

======================= Typical Corner ===================================

Group                  Internal  Switching    Leakage      Total
                          Power      Power      Power      Power (Watts)
----------------------------------------------------------------
Sequential             5.20e-03   7.13e-04   8.57e-09   5.91e-03  37.3%
Combinational          3.95e-03   2.91e-03   2.62e-08   6.86e-03  43.3%
Clock                  1.14e-03   1.94e-03   9.79e-09   3.08e-03  19.4%
Macro                  0.00e+00   0.00e+00   0.00e+00   0.00e+00   0.0%
Pad                    0.00e+00   0.00e+00   0.00e+00   0.00e+00   0.0%
----------------------------------------------------------------
Total                  1.03e-02   5.56e-03   4.45e-08   1.59e-02 100.0%
                          64.9%      35.1%       0.0%

