
===========================================================================
report_checks -path_delay max (Setup)
============================================================================
======================= Typical Corner ===================================

Startpoint: A[3] (input port clocked by __VIRTUAL_CLK__)
Endpoint: OUT[7] (output port clocked by __VIRTUAL_CLK__)
Path Group: __VIRTUAL_CLK__
Path Type: max

Fanout     Cap    Slew   Delay    Time   Description
-----------------------------------------------------------------------------
                  0.00    0.00    0.00   clock __VIRTUAL_CLK__ (rise edge)
                          0.00    0.00   clock network delay (ideal)
                          2.00    2.00 v input external delay
     1    0.00    0.01    0.00    2.00 v A[3] (in)
                                         A[3] (net)
                  0.01    0.00    2.00 v input4/A (sky130_fd_sc_hd__buf_4)
     7    0.04    0.07    0.16    2.17 v input4/X (sky130_fd_sc_hd__buf_4)
                                         net4 (net)
                  0.07    0.00    2.17 v _310_/A (sky130_fd_sc_hd__buf_4)
    10    0.06    0.08    0.21    2.38 v _310_/X (sky130_fd_sc_hd__buf_4)
                                         _238_ (net)
                  0.08    0.00    2.38 v _466_/A1 (sky130_fd_sc_hd__a22o_2)
     2    0.01    0.07    0.29    2.68 v _466_/X (sky130_fd_sc_hd__a22o_2)
                                         _142_ (net)
                  0.07    0.00    2.68 v _470_/A1 (sky130_fd_sc_hd__a211o_4)
     2    0.01    0.05    0.34    3.02 v _470_/X (sky130_fd_sc_hd__a211o_4)
                                         _146_ (net)
                  0.05    0.00    3.02 v _472_/B1 (sky130_fd_sc_hd__a22o_1)
     2    0.01    0.06    0.21    3.23 v _472_/X (sky130_fd_sc_hd__a22o_1)
                                         _148_ (net)
                  0.06    0.00    3.23 v _477_/A1 (sky130_fd_sc_hd__a21o_1)
     2    0.01    0.07    0.21    3.43 v _477_/X (sky130_fd_sc_hd__a21o_1)
                                         _153_ (net)
                  0.07    0.00    3.43 v _486_/A2 (sky130_fd_sc_hd__a21o_1)
     2    0.01    0.06    0.22    3.66 v _486_/X (sky130_fd_sc_hd__a21o_1)
                                         _162_ (net)
                  0.06    0.00    3.66 v _489_/A2 (sky130_fd_sc_hd__a21o_1)
     2    0.01    0.06    0.22    3.88 v _489_/X (sky130_fd_sc_hd__a21o_1)
                                         _165_ (net)
                  0.06    0.00    3.88 v _493_/B (sky130_fd_sc_hd__and3_1)
     2    0.01    0.07    0.21    4.09 v _493_/X (sky130_fd_sc_hd__and3_1)
                                         _169_ (net)
                  0.07    0.00    4.09 v _494_/A (sky130_fd_sc_hd__or3_4)
     2    0.01    0.07    0.41    4.51 v _494_/X (sky130_fd_sc_hd__or3_4)
                                         _170_ (net)
                  0.07    0.00    4.51 v _496_/B (sky130_fd_sc_hd__and3_4)
     1    0.00    0.03    0.18    4.69 v _496_/X (sky130_fd_sc_hd__and3_4)
                                         _172_ (net)
                  0.03    0.00    4.69 v _498_/A2 (sky130_fd_sc_hd__o21a_1)
     1    0.01    0.07    0.20    4.89 v _498_/X (sky130_fd_sc_hd__o21a_1)
                                         _174_ (net)
                  0.07    0.00    4.89 v _503_/A3 (sky130_fd_sc_hd__o32a_4)
     1    0.01    0.06    0.33    5.22 v _503_/X (sky130_fd_sc_hd__o32a_4)
                                         net27 (net)
                  0.06    0.00    5.22 v output27/A (sky130_fd_sc_hd__buf_8)
     1    0.04    0.04    0.15    5.37 v output27/X (sky130_fd_sc_hd__buf_8)
                                         OUT[7] (net)
                  0.04    0.00    5.37 v OUT[7] (out)
                                  5.37   data arrival time

                  0.00   10.00   10.00   clock __VIRTUAL_CLK__ (rise edge)
                          0.00   10.00   clock network delay (ideal)
                         -0.25    9.75   clock uncertainty
                          0.00    9.75   clock reconvergence pessimism
                         -2.00    7.75   output external delay
                                  7.75   data required time
-----------------------------------------------------------------------------
                                  7.75   data required time
                                 -5.37   data arrival time
-----------------------------------------------------------------------------
                                  2.38   slack (MET)


Startpoint: B[1] (input port clocked by __VIRTUAL_CLK__)
Endpoint: OUT[6] (output port clocked by __VIRTUAL_CLK__)
Path Group: __VIRTUAL_CLK__
Path Type: max

Fanout     Cap    Slew   Delay    Time   Description
-----------------------------------------------------------------------------
                  0.00    0.00    0.00   clock __VIRTUAL_CLK__ (rise edge)
                          0.00    0.00   clock network delay (ideal)
                          2.00    2.00 v input external delay
     1    0.01    0.02    0.01    2.01 v B[1] (in)
                                         B[1] (net)
                  0.02    0.00    2.01 v input10/A (sky130_fd_sc_hd__buf_6)
     5    0.03    0.04    0.13    2.14 v input10/X (sky130_fd_sc_hd__buf_6)
                                         net10 (net)
                  0.04    0.00    2.14 v _266_/A (sky130_fd_sc_hd__buf_12)
     5    0.03    0.03    0.13    2.27 v _266_/X (sky130_fd_sc_hd__buf_12)
                                         _196_ (net)
                  0.03    0.00    2.27 v _383_/A1 (sky130_fd_sc_hd__a22o_4)
     3    0.02    0.06    0.27    2.54 v _383_/X (sky130_fd_sc_hd__a22o_4)
                                         _061_ (net)
                  0.06    0.00    2.54 v _385_/A2 (sky130_fd_sc_hd__a21o_4)
     2    0.01    0.04    0.23    2.77 v _385_/X (sky130_fd_sc_hd__a21o_4)
                                         _063_ (net)
                  0.04    0.00    2.77 v rebuffer12/A (sky130_fd_sc_hd__buf_2)
     1    0.01    0.04    0.14    2.91 v rebuffer12/X (sky130_fd_sc_hd__buf_2)
                                         net39 (net)
                  0.04    0.00    2.91 v _388_/A (sky130_fd_sc_hd__nand3_4)
     3    0.02    0.09    0.08    2.99 ^ _388_/Y (sky130_fd_sc_hd__nand3_4)
                                         _066_ (net)
                  0.09    0.00    2.99 ^ _431_/B1_N (sky130_fd_sc_hd__a21bo_1)
     2    0.02    0.10    0.28    3.27 v _431_/X (sky130_fd_sc_hd__a21bo_1)
                                         _108_ (net)
                  0.10    0.00    3.27 v _433_/B1 (sky130_fd_sc_hd__a21o_4)
     3    0.02    0.05    0.23    3.50 v _433_/X (sky130_fd_sc_hd__a21o_4)
                                         _110_ (net)
                  0.05    0.00    3.50 v _434_/C (sky130_fd_sc_hd__and3_4)
     3    0.02    0.05    0.21    3.70 v _434_/X (sky130_fd_sc_hd__and3_4)
                                         _111_ (net)
                  0.05    0.00    3.70 v _437_/A1 (sky130_fd_sc_hd__o211a_2)
     2    0.01    0.06    0.29    3.99 v _437_/X (sky130_fd_sc_hd__o211a_2)
                                         _114_ (net)
                  0.06    0.00    3.99 v _439_/B (sky130_fd_sc_hd__or2_1)
     1    0.01    0.08    0.26    4.25 v _439_/X (sky130_fd_sc_hd__or2_1)
                                         _116_ (net)
                  0.08    0.00    4.26 v _440_/A2 (sky130_fd_sc_hd__a21bo_1)
     1    0.01    0.05    0.23    4.48 v _440_/X (sky130_fd_sc_hd__a21bo_1)
                                         _117_ (net)
                  0.05    0.00    4.48 v _441_/B (sky130_fd_sc_hd__or2_1)
     1    0.01    0.06    0.23    4.71 v _441_/X (sky130_fd_sc_hd__or2_1)
                                         _118_ (net)
                  0.06    0.00    4.71 v _453_/B1 (sky130_fd_sc_hd__a22oi_1)
     1    0.00    0.13    0.13    4.84 ^ _453_/Y (sky130_fd_sc_hd__a22oi_1)
                                         net26 (net)
                  0.13    0.00    4.84 ^ output26/A (sky130_fd_sc_hd__buf_2)
     1    0.03    0.17    0.24    5.08 ^ output26/X (sky130_fd_sc_hd__buf_2)
                                         OUT[6] (net)
                  0.17    0.00    5.08 ^ OUT[6] (out)
                                  5.08   data arrival time

                  0.00   10.00   10.00   clock __VIRTUAL_CLK__ (rise edge)
                          0.00   10.00   clock network delay (ideal)
                         -0.25    9.75   clock uncertainty
                          0.00    9.75   clock reconvergence pessimism
                         -2.00    7.75   output external delay
                                  7.75   data required time
-----------------------------------------------------------------------------
                                  7.75   data required time
                                 -5.08   data arrival time
-----------------------------------------------------------------------------
                                  2.67   slack (MET)


Startpoint: B[1] (input port clocked by __VIRTUAL_CLK__)
Endpoint: OUT[5] (output port clocked by __VIRTUAL_CLK__)
Path Group: __VIRTUAL_CLK__
Path Type: max

Fanout     Cap    Slew   Delay    Time   Description
-----------------------------------------------------------------------------
                  0.00    0.00    0.00   clock __VIRTUAL_CLK__ (rise edge)
                          0.00    0.00   clock network delay (ideal)
                          2.00    2.00 v input external delay
     1    0.01    0.02    0.01    2.01 v B[1] (in)
                                         B[1] (net)
                  0.02    0.00    2.01 v input10/A (sky130_fd_sc_hd__buf_6)
     5    0.03    0.04    0.13    2.14 v input10/X (sky130_fd_sc_hd__buf_6)
                                         net10 (net)
                  0.04    0.00    2.14 v _266_/A (sky130_fd_sc_hd__buf_12)
     5    0.03    0.03    0.13    2.27 v _266_/X (sky130_fd_sc_hd__buf_12)
                                         _196_ (net)
                  0.03    0.00    2.27 v _383_/A1 (sky130_fd_sc_hd__a22o_4)
     3    0.02    0.06    0.27    2.54 v _383_/X (sky130_fd_sc_hd__a22o_4)
                                         _061_ (net)
                  0.06    0.00    2.54 v _385_/A2 (sky130_fd_sc_hd__a21o_4)
     2    0.01    0.04    0.23    2.77 v _385_/X (sky130_fd_sc_hd__a21o_4)
                                         _063_ (net)
                  0.04    0.00    2.77 v _389_/A2 (sky130_fd_sc_hd__a21o_4)
     3    0.01    0.05    0.23    3.00 v _389_/X (sky130_fd_sc_hd__a21o_4)
                                         _067_ (net)
                  0.05    0.00    3.00 v _395_/A1 (sky130_fd_sc_hd__a21o_4)
     3    0.00    0.03    0.20    3.21 v _395_/X (sky130_fd_sc_hd__a21o_4)
                                         _073_ (net)
                  0.03    0.00    3.21 v _398_/C (sky130_fd_sc_hd__and3_1)
     2    0.00    0.04    0.19    3.39 v _398_/X (sky130_fd_sc_hd__and3_1)
                                         _076_ (net)
                  0.04    0.00    3.39 v _401_/C (sky130_fd_sc_hd__or3_4)
     4    0.01    0.08    0.36    3.75 v _401_/X (sky130_fd_sc_hd__or3_4)
                                         _079_ (net)
                  0.08    0.00    3.75 v rebuffer1/A (sky130_fd_sc_hd__dlymetal6s4s_1)
     1    0.01    0.06    0.30    4.05 v rebuffer1/X (sky130_fd_sc_hd__dlymetal6s4s_1)
                                         net28 (net)
                  0.06    0.00    4.05 v _402_/B (sky130_fd_sc_hd__nand2_4)
     3    0.01    0.06    0.09    4.14 ^ _402_/Y (sky130_fd_sc_hd__nand2_4)
                                         _080_ (net)
                  0.06    0.00    4.14 ^ _403_/B1 (sky130_fd_sc_hd__a21o_1)
     2    0.01    0.11    0.14    4.28 ^ _403_/X (sky130_fd_sc_hd__a21o_1)
                                         _081_ (net)
                  0.11    0.00    4.28 ^ _408_/A2 (sky130_fd_sc_hd__a31o_1)
     1    0.00    0.04    0.15    4.43 ^ _408_/X (sky130_fd_sc_hd__a31o_1)
                                         _086_ (net)
                  0.04    0.00    4.43 ^ _409_/B1 (sky130_fd_sc_hd__a21oi_1)
     1    0.01    0.08    0.05    4.49 v _409_/Y (sky130_fd_sc_hd__a21oi_1)
                                         _087_ (net)
                  0.08    0.00    4.49 v _410_/B1 (sky130_fd_sc_hd__a21oi_1)
     1    0.01    0.27    0.26    4.75 ^ _410_/Y (sky130_fd_sc_hd__a21oi_1)
                                         net25 (net)
                  0.27    0.00    4.75 ^ output25/A (sky130_fd_sc_hd__buf_2)
     1    0.03    0.17    0.28    5.03 ^ output25/X (sky130_fd_sc_hd__buf_2)
                                         OUT[5] (net)
                  0.17    0.00    5.03 ^ OUT[5] (out)
                                  5.03   data arrival time

                  0.00   10.00   10.00   clock __VIRTUAL_CLK__ (rise edge)
                          0.00   10.00   clock network delay (ideal)
                         -0.25    9.75   clock uncertainty
                          0.00    9.75   clock reconvergence pessimism
                         -2.00    7.75   output external delay
                                  7.75   data required time
-----------------------------------------------------------------------------
                                  7.75   data required time
                                 -5.03   data arrival time
-----------------------------------------------------------------------------
                                  2.72   slack (MET)


Startpoint: A[3] (input port clocked by __VIRTUAL_CLK__)
Endpoint: OUT[4] (output port clocked by __VIRTUAL_CLK__)
Path Group: __VIRTUAL_CLK__
Path Type: max

Fanout     Cap    Slew   Delay    Time   Description
-----------------------------------------------------------------------------
                  0.00    0.00    0.00   clock __VIRTUAL_CLK__ (rise edge)
                          0.00    0.00   clock network delay (ideal)
                          2.00    2.00 v input external delay
     1    0.00    0.01    0.00    2.00 v A[3] (in)
                                         A[3] (net)
                  0.01    0.00    2.00 v input4/A (sky130_fd_sc_hd__buf_4)
     7    0.04    0.07    0.16    2.17 v input4/X (sky130_fd_sc_hd__buf_4)
                                         net4 (net)
                  0.07    0.00    2.17 v _347_/C (sky130_fd_sc_hd__and4_4)
     3    0.01    0.04    0.20    2.37 v _347_/X (sky130_fd_sc_hd__and4_4)
                                         _026_ (net)
                  0.04    0.00    2.37 v rebuffer19/A (sky130_fd_sc_hd__dlymetal6s2s_1)
     1    0.01    0.06    0.16    2.53 v rebuffer19/X (sky130_fd_sc_hd__dlymetal6s2s_1)
                                         net46 (net)
                  0.06    0.00    2.53 v _350_/A1 (sky130_fd_sc_hd__o21ai_2)
     2    0.01    0.18    0.21    2.74 ^ _350_/Y (sky130_fd_sc_hd__o21ai_2)
                                         _029_ (net)
                  0.18    0.00    2.74 ^ _353_/A2 (sky130_fd_sc_hd__a21o_1)
     2    0.01    0.11    0.21    2.95 ^ _353_/X (sky130_fd_sc_hd__a21o_1)
                                         _032_ (net)
                  0.11    0.00    2.95 ^ rebuffer3/A (sky130_fd_sc_hd__dlygate4sd1_1)
     1    0.00    0.03    0.21    3.16 ^ rebuffer3/X (sky130_fd_sc_hd__dlygate4sd1_1)
                                         net30 (net)
                  0.03    0.00    3.16 ^ _354_/B_N (sky130_fd_sc_hd__or2b_4)
     1    0.02    0.06    0.29    3.45 v _354_/X (sky130_fd_sc_hd__or2b_4)
                                         _033_ (net)
                  0.06    0.00    3.45 v _355_/A (sky130_fd_sc_hd__xnor2_4)
     2    0.01    0.06    0.16    3.61 v _355_/Y (sky130_fd_sc_hd__xnor2_4)
                                         _034_ (net)
                  0.06    0.00    3.61 v _357_/A (sky130_fd_sc_hd__or2_4)
     2    0.01    0.06    0.28    3.89 v _357_/X (sky130_fd_sc_hd__or2_4)
                                         _036_ (net)
                  0.06    0.00    3.89 v _358_/A2 (sky130_fd_sc_hd__a21bo_1)
     1    0.00    0.03    0.19    4.08 v _358_/X (sky130_fd_sc_hd__a21bo_1)
                                         _037_ (net)
                  0.03    0.00    4.08 v _360_/B (sky130_fd_sc_hd__and3_1)
     1    0.00    0.03    0.15    4.23 v _360_/X (sky130_fd_sc_hd__and3_1)
                                         _039_ (net)
                  0.03    0.00    4.23 v _373_/B1 (sky130_fd_sc_hd__o2bb2a_1)
     1    0.01    0.07    0.32    4.55 v _373_/X (sky130_fd_sc_hd__o2bb2a_1)
                                         net24 (net)
                  0.07    0.00    4.55 v output24/A (sky130_fd_sc_hd__buf_2)
     1    0.03    0.09    0.20    4.75 v output24/X (sky130_fd_sc_hd__buf_2)
                                         OUT[4] (net)
                  0.09    0.00    4.75 v OUT[4] (out)
                                  4.75   data arrival time

                  0.00   10.00   10.00   clock __VIRTUAL_CLK__ (rise edge)
                          0.00   10.00   clock network delay (ideal)
                         -0.25    9.75   clock uncertainty
                          0.00    9.75   clock reconvergence pessimism
                         -2.00    7.75   output external delay
                                  7.75   data required time
-----------------------------------------------------------------------------
                                  7.75   data required time
                                 -4.75   data arrival time
-----------------------------------------------------------------------------
                                  3.00   slack (MET)


Startpoint: B[1] (input port clocked by __VIRTUAL_CLK__)
Endpoint: OUT[2] (output port clocked by __VIRTUAL_CLK__)
Path Group: __VIRTUAL_CLK__
Path Type: max

Fanout     Cap    Slew   Delay    Time   Description
-----------------------------------------------------------------------------
                  0.00    0.00    0.00   clock __VIRTUAL_CLK__ (rise edge)
                          0.00    0.00   clock network delay (ideal)
                          2.00    2.00 v input external delay
     1    0.01    0.02    0.01    2.01 v B[1] (in)
                                         B[1] (net)
                  0.02    0.00    2.01 v input10/A (sky130_fd_sc_hd__buf_6)
     5    0.03    0.04    0.13    2.14 v input10/X (sky130_fd_sc_hd__buf_6)
                                         net10 (net)
                  0.04    0.00    2.14 v _266_/A (sky130_fd_sc_hd__buf_12)
     5    0.03    0.03    0.13    2.27 v _266_/X (sky130_fd_sc_hd__buf_12)
                                         _196_ (net)
                  0.03    0.00    2.27 v _267_/A (sky130_fd_sc_hd__buf_4)
    10    0.02    0.05    0.16    2.43 v _267_/X (sky130_fd_sc_hd__buf_4)
                                         _197_ (net)
                  0.05    0.00    2.43 v _277_/B (sky130_fd_sc_hd__and3_1)
     2    0.00    0.05    0.18    2.60 v _277_/X (sky130_fd_sc_hd__and3_1)
                                         _207_ (net)
                  0.05    0.00    2.60 v _279_/C (sky130_fd_sc_hd__or3_4)
     2    0.01    0.07    0.35    2.96 v _279_/X (sky130_fd_sc_hd__or3_4)
                                         _209_ (net)
                  0.07    0.00    2.96 v _301_/A1 (sky130_fd_sc_hd__a21o_1)
     2    0.01    0.04    0.18    3.14 v _301_/X (sky130_fd_sc_hd__a21o_1)
                                         _230_ (net)
                  0.04    0.00    3.14 v rebuffer23/A (sky130_fd_sc_hd__dlygate4sd1_1)
     2    0.01    0.06    0.27    3.41 v rebuffer23/X (sky130_fd_sc_hd__dlygate4sd1_1)
                                         net50 (net)
                  0.06    0.00    3.41 v _303_/A2 (sky130_fd_sc_hd__o21a_1)
     1    0.00    0.04    0.18    3.59 v _303_/X (sky130_fd_sc_hd__o21a_1)
                                         _232_ (net)
                  0.04    0.00    3.59 v _308_/A2 (sky130_fd_sc_hd__a211o_1)
     1    0.00    0.06    0.31    3.90 v _308_/X (sky130_fd_sc_hd__a211o_1)
                                         _237_ (net)
                  0.06    0.00    3.90 v _309_/B2 (sky130_fd_sc_hd__o2bb2a_1)
     1    0.01    0.08    0.33    4.23 v _309_/X (sky130_fd_sc_hd__o2bb2a_1)
                                         net22 (net)
                  0.08    0.00    4.23 v output22/A (sky130_fd_sc_hd__buf_2)
     1    0.03    0.09    0.21    4.43 v output22/X (sky130_fd_sc_hd__buf_2)
                                         OUT[2] (net)
                  0.09    0.00    4.44 v OUT[2] (out)
                                  4.44   data arrival time

                  0.00   10.00   10.00   clock __VIRTUAL_CLK__ (rise edge)
                          0.00   10.00   clock network delay (ideal)
                         -0.25    9.75   clock uncertainty
                          0.00    9.75   clock reconvergence pessimism
                         -2.00    7.75   output external delay
                                  7.75   data required time
-----------------------------------------------------------------------------
                                  7.75   data required time
                                 -4.44   data arrival time
-----------------------------------------------------------------------------
                                  3.31   slack (MET)


Startpoint: B[2] (input port clocked by __VIRTUAL_CLK__)
Endpoint: OUT[3] (output port clocked by __VIRTUAL_CLK__)
Path Group: __VIRTUAL_CLK__
Path Type: max

Fanout     Cap    Slew   Delay    Time   Description
-----------------------------------------------------------------------------
                  0.00    0.00    0.00   clock __VIRTUAL_CLK__ (rise edge)
                          0.00    0.00   clock network delay (ideal)
                          2.00    2.00 ^ input external delay
     1    0.00    0.02    0.01    2.01 ^ B[2] (in)
                                         B[2] (net)
                  0.02    0.00    2.01 ^ input11/A (sky130_fd_sc_hd__buf_2)
     5    0.03    0.13    0.17    2.18 ^ input11/X (sky130_fd_sc_hd__buf_2)
                                         net11 (net)
                  0.13    0.00    2.18 ^ _289_/A (sky130_fd_sc_hd__buf_6)
    10    0.04    0.09    0.17    2.35 ^ _289_/X (sky130_fd_sc_hd__buf_6)
                                         _218_ (net)
                  0.09    0.00    2.35 ^ _322_/B (sky130_fd_sc_hd__nand2_2)
     3    0.02    0.08    0.11    2.46 v _322_/Y (sky130_fd_sc_hd__nand2_2)
                                         _002_ (net)
                  0.08    0.00    2.46 v _325_/A (sky130_fd_sc_hd__or3_4)
     2    0.00    0.06    0.41    2.87 v _325_/X (sky130_fd_sc_hd__or3_4)
                                         _005_ (net)
                  0.06    0.00    2.87 v _330_/A1 (sky130_fd_sc_hd__a21o_1)
     2    0.01    0.07    0.21    3.07 v _330_/X (sky130_fd_sc_hd__a21o_1)
                                         _010_ (net)
                  0.07    0.00    3.07 v _331_/B (sky130_fd_sc_hd__and2b_1)
     1    0.01    0.08    0.22    3.29 v _331_/X (sky130_fd_sc_hd__and2b_1)
                                         _011_ (net)
                  0.08    0.00    3.29 v _332_/B (sky130_fd_sc_hd__xnor2_2)
     2    0.01    0.08    0.17    3.46 v _332_/Y (sky130_fd_sc_hd__xnor2_2)
                                         _012_ (net)
                  0.08    0.00    3.46 v _334_/B (sky130_fd_sc_hd__or2_1)
     1    0.00    0.05    0.22    3.68 v _334_/X (sky130_fd_sc_hd__or2_1)
                                         _014_ (net)
                  0.05    0.00    3.68 v _338_/A3 (sky130_fd_sc_hd__a31o_1)
     1    0.00    0.03    0.21    3.89 v _338_/X (sky130_fd_sc_hd__a31o_1)
                                         _018_ (net)
                  0.03    0.00    3.89 v _339_/B2 (sky130_fd_sc_hd__o2bb2a_1)
     1    0.01    0.07    0.31    4.20 v _339_/X (sky130_fd_sc_hd__o2bb2a_1)
                                         net23 (net)
                  0.07    0.00    4.21 v output23/A (sky130_fd_sc_hd__buf_2)
     1    0.03    0.09    0.20    4.41 v output23/X (sky130_fd_sc_hd__buf_2)
                                         OUT[3] (net)
                  0.09    0.00    4.41 v OUT[3] (out)
                                  4.41   data arrival time

                  0.00   10.00   10.00   clock __VIRTUAL_CLK__ (rise edge)
                          0.00   10.00   clock network delay (ideal)
                         -0.25    9.75   clock uncertainty
                          0.00    9.75   clock reconvergence pessimism
                         -2.00    7.75   output external delay
                                  7.75   data required time
-----------------------------------------------------------------------------
                                  7.75   data required time
                                 -4.41   data arrival time
-----------------------------------------------------------------------------
                                  3.34   slack (MET)


Startpoint: B[1] (input port clocked by __VIRTUAL_CLK__)
Endpoint: OUT[1] (output port clocked by __VIRTUAL_CLK__)
Path Group: __VIRTUAL_CLK__
Path Type: max

Fanout     Cap    Slew   Delay    Time   Description
-----------------------------------------------------------------------------
                  0.00    0.00    0.00   clock __VIRTUAL_CLK__ (rise edge)
                          0.00    0.00   clock network delay (ideal)
                          2.00    2.00 v input external delay
     1    0.01    0.02    0.01    2.01 v B[1] (in)
                                         B[1] (net)
                  0.02    0.00    2.01 v input10/A (sky130_fd_sc_hd__buf_6)
     5    0.03    0.04    0.13    2.14 v input10/X (sky130_fd_sc_hd__buf_6)
                                         net10 (net)
                  0.04    0.00    2.14 v _266_/A (sky130_fd_sc_hd__buf_12)
     5    0.03    0.03    0.13    2.27 v _266_/X (sky130_fd_sc_hd__buf_12)
                                         _196_ (net)
                  0.03    0.00    2.27 v _267_/A (sky130_fd_sc_hd__buf_4)
    10    0.02    0.05    0.16    2.43 v _267_/X (sky130_fd_sc_hd__buf_4)
                                         _197_ (net)
                  0.05    0.00    2.43 v _277_/B (sky130_fd_sc_hd__and3_1)
     2    0.00    0.05    0.18    2.60 v _277_/X (sky130_fd_sc_hd__and3_1)
                                         _207_ (net)
                  0.05    0.00    2.60 v _279_/C (sky130_fd_sc_hd__or3_4)
     2    0.01    0.07    0.35    2.96 v _279_/X (sky130_fd_sc_hd__or3_4)
                                         _209_ (net)
                  0.07    0.00    2.96 v _280_/B_N (sky130_fd_sc_hd__or2b_1)
     1    0.01    0.08    0.20    3.15 ^ _280_/X (sky130_fd_sc_hd__or2b_1)
                                         _210_ (net)
                  0.08    0.00    3.15 ^ _281_/B (sky130_fd_sc_hd__xnor2_1)
     1    0.00    0.04    0.06    3.22 v _281_/Y (sky130_fd_sc_hd__xnor2_1)
                                         _211_ (net)
                  0.04    0.00    3.22 v _286_/A2 (sky130_fd_sc_hd__a211o_1)
     1    0.01    0.06    0.32    3.53 v _286_/X (sky130_fd_sc_hd__a211o_1)
                                         _216_ (net)
                  0.06    0.00    3.53 v _287_/B2 (sky130_fd_sc_hd__o2bb2a_1)
     1    0.01    0.08    0.34    3.87 v _287_/X (sky130_fd_sc_hd__o2bb2a_1)
                                         net21 (net)
                  0.08    0.00    3.87 v output21/A (sky130_fd_sc_hd__buf_2)
     1    0.03    0.09    0.21    4.08 v output21/X (sky130_fd_sc_hd__buf_2)
                                         OUT[1] (net)
                  0.09    0.00    4.08 v OUT[1] (out)
                                  4.08   data arrival time

                  0.00   10.00   10.00   clock __VIRTUAL_CLK__ (rise edge)
                          0.00   10.00   clock network delay (ideal)
                         -0.25    9.75   clock uncertainty
                          0.00    9.75   clock reconvergence pessimism
                         -2.00    7.75   output external delay
                                  7.75   data required time
-----------------------------------------------------------------------------
                                  7.75   data required time
                                 -4.08   data arrival time
-----------------------------------------------------------------------------
                                  3.67   slack (MET)


Startpoint: opcode[2] (input port clocked by __VIRTUAL_CLK__)
Endpoint: OUT[0] (output port clocked by __VIRTUAL_CLK__)
Path Group: __VIRTUAL_CLK__
Path Type: max

Fanout     Cap    Slew   Delay    Time   Description
-----------------------------------------------------------------------------
                  0.00    0.00    0.00   clock __VIRTUAL_CLK__ (rise edge)
                          0.00    0.00   clock network delay (ideal)
                          2.00    2.00 ^ input external delay
     1    0.00    0.02    0.02    2.02 ^ opcode[2] (in)
                                         opcode[2] (net)
                  0.02    0.00    2.02 ^ input19/A (sky130_fd_sc_hd__buf_4)
     7    0.05    0.15    0.19    2.21 ^ input19/X (sky130_fd_sc_hd__buf_4)
                                         net19 (net)
                  0.16    0.01    2.21 ^ _255_/A (sky130_fd_sc_hd__inv_2)
     2    0.02    0.07    0.10    2.32 v _255_/Y (sky130_fd_sc_hd__inv_2)
                                         _186_ (net)
                  0.07    0.00    2.32 v _256_/B (sky130_fd_sc_hd__nand2_2)
     3    0.02    0.14    0.15    2.47 ^ _256_/Y (sky130_fd_sc_hd__nand2_2)
                                         _187_ (net)
                  0.14    0.00    2.47 ^ _257_/C (sky130_fd_sc_hd__nand3_1)
     1    0.00    0.08    0.11    2.58 v _257_/Y (sky130_fd_sc_hd__nand3_1)
                                         _188_ (net)
                  0.08    0.00    2.58 v _261_/A3 (sky130_fd_sc_hd__a31o_1)
     1    0.01    0.06    0.26    2.84 v _261_/X (sky130_fd_sc_hd__a31o_1)
                                         _192_ (net)
                  0.06    0.00    2.84 v _262_/B2 (sky130_fd_sc_hd__a2bb2o_1)
     1    0.01    0.08    0.30    3.14 v _262_/X (sky130_fd_sc_hd__a2bb2o_1)
                                         net20 (net)
                  0.08    0.00    3.14 v output20/A (sky130_fd_sc_hd__buf_2)
     1    0.03    0.09    0.20    3.34 v output20/X (sky130_fd_sc_hd__buf_2)
                                         OUT[0] (net)
                  0.09    0.00    3.34 v OUT[0] (out)
                                  3.34   data arrival time

                  0.00   10.00   10.00   clock __VIRTUAL_CLK__ (rise edge)
                          0.00   10.00   clock network delay (ideal)
                         -0.25    9.75   clock uncertainty
                          0.00    9.75   clock reconvergence pessimism
                         -2.00    7.75   output external delay
                                  7.75   data required time
-----------------------------------------------------------------------------
                                  7.75   data required time
                                 -3.34   data arrival time
-----------------------------------------------------------------------------
                                  4.41   slack (MET)



worst slack corner Typical: 2.3807
