
===========================================================================
report_checks -path_delay max (Setup)
============================================================================
======================= Typical Corner ===================================

Startpoint: B[1] (input port clocked by __VIRTUAL_CLK__)
Endpoint: OUT[7] (output port clocked by __VIRTUAL_CLK__)
Path Group: __VIRTUAL_CLK__
Path Type: max

Fanout     Cap    Slew   Delay    Time   Description
-----------------------------------------------------------------------------
                  0.00    0.00    0.00   clock __VIRTUAL_CLK__ (rise edge)
                          0.00    0.00   clock network delay (ideal)
                          2.00    2.00 v input external delay
     1    0.00    0.01    0.01    2.01 v B[1] (in)
                                         B[1] (net)
                  0.01    0.00    2.01 v input10/A (sky130_fd_sc_hd__buf_6)
     5    0.03    0.04    0.12    2.13 v input10/X (sky130_fd_sc_hd__buf_6)
                                         net10 (net)
                  0.04    0.00    2.13 v _266_/A (sky130_fd_sc_hd__buf_12)
     5    0.03    0.03    0.13    2.26 v _266_/X (sky130_fd_sc_hd__buf_12)
                                         _196_ (net)
                  0.03    0.00    2.26 v _383_/A1 (sky130_fd_sc_hd__a22o_4)
     3    0.01    0.05    0.26    2.52 v _383_/X (sky130_fd_sc_hd__a22o_4)
                                         _061_ (net)
                  0.05    0.00    2.52 v _385_/A2 (sky130_fd_sc_hd__a21o_4)
     3    0.01    0.04    0.22    2.75 v _385_/X (sky130_fd_sc_hd__a21o_4)
                                         _063_ (net)
                  0.04    0.00    2.75 v _389_/A2 (sky130_fd_sc_hd__a21o_4)
     3    0.01    0.05    0.23    2.98 v _389_/X (sky130_fd_sc_hd__a21o_4)
                                         _067_ (net)
                  0.05    0.00    2.98 v _395_/A1 (sky130_fd_sc_hd__a21o_4)
     3    0.00    0.03    0.20    3.19 v _395_/X (sky130_fd_sc_hd__a21o_4)
                                         _073_ (net)
                  0.03    0.00    3.19 v _398_/C (sky130_fd_sc_hd__and3_1)
     2    0.00    0.04    0.19    3.37 v _398_/X (sky130_fd_sc_hd__and3_1)
                                         _076_ (net)
                  0.04    0.00    3.37 v _401_/C (sky130_fd_sc_hd__or3_4)
     4    0.01    0.08    0.36    3.73 v _401_/X (sky130_fd_sc_hd__or3_4)
                                         _079_ (net)
                  0.08    0.00    3.73 v _465_/A1 (sky130_fd_sc_hd__a211o_4)
     2    0.00    0.05    0.34    4.07 v _465_/X (sky130_fd_sc_hd__a211o_4)
                                         _141_ (net)
                  0.05    0.00    4.07 v _494_/C (sky130_fd_sc_hd__or3_4)
     2    0.01    0.07    0.35    4.41 v _494_/X (sky130_fd_sc_hd__or3_4)
                                         _170_ (net)
                  0.07    0.00    4.41 v _496_/B (sky130_fd_sc_hd__and3_4)
     1    0.00    0.03    0.18    4.59 v _496_/X (sky130_fd_sc_hd__and3_4)
                                         _172_ (net)
                  0.03    0.00    4.59 v _498_/A2 (sky130_fd_sc_hd__o21a_1)
     1    0.00    0.04    0.17    4.76 v _498_/X (sky130_fd_sc_hd__o21a_1)
                                         _174_ (net)
                  0.04    0.00    4.76 v _503_/A3 (sky130_fd_sc_hd__o32a_4)
     1    0.01    0.06    0.32    5.09 v _503_/X (sky130_fd_sc_hd__o32a_4)
                                         net27 (net)
                  0.06    0.00    5.09 v output27/A (sky130_fd_sc_hd__buf_8)
     1    0.03    0.04    0.15    5.23 v output27/X (sky130_fd_sc_hd__buf_8)
                                         OUT[7] (net)
                  0.04    0.00    5.23 v OUT[7] (out)
                                  5.23   data arrival time

                  0.00   10.00   10.00   clock __VIRTUAL_CLK__ (rise edge)
                          0.00   10.00   clock network delay (ideal)
                         -0.25    9.75   clock uncertainty
                          0.00    9.75   clock reconvergence pessimism
                         -2.00    7.75   output external delay
                                  7.75   data required time
-----------------------------------------------------------------------------
                                  7.75   data required time
                                 -5.23   data arrival time
-----------------------------------------------------------------------------
                                  2.52   slack (MET)


Startpoint: B[1] (input port clocked by __VIRTUAL_CLK__)
Endpoint: OUT[6] (output port clocked by __VIRTUAL_CLK__)
Path Group: __VIRTUAL_CLK__
Path Type: max

Fanout     Cap    Slew   Delay    Time   Description
-----------------------------------------------------------------------------
                  0.00    0.00    0.00   clock __VIRTUAL_CLK__ (rise edge)
                          0.00    0.00   clock network delay (ideal)
                          2.00    2.00 v input external delay
     1    0.00    0.01    0.01    2.01 v B[1] (in)
                                         B[1] (net)
                  0.01    0.00    2.01 v input10/A (sky130_fd_sc_hd__buf_6)
     5    0.03    0.04    0.12    2.13 v input10/X (sky130_fd_sc_hd__buf_6)
                                         net10 (net)
                  0.04    0.00    2.13 v _266_/A (sky130_fd_sc_hd__buf_12)
     5    0.03    0.03    0.13    2.26 v _266_/X (sky130_fd_sc_hd__buf_12)
                                         _196_ (net)
                  0.03    0.00    2.26 v _383_/A1 (sky130_fd_sc_hd__a22o_4)
     3    0.01    0.05    0.26    2.52 v _383_/X (sky130_fd_sc_hd__a22o_4)
                                         _061_ (net)
                  0.05    0.00    2.52 v _385_/A2 (sky130_fd_sc_hd__a21o_4)
     3    0.01    0.04    0.22    2.75 v _385_/X (sky130_fd_sc_hd__a21o_4)
                                         _063_ (net)
                  0.04    0.00    2.75 v _389_/A2 (sky130_fd_sc_hd__a21o_4)
     3    0.01    0.05    0.23    2.98 v _389_/X (sky130_fd_sc_hd__a21o_4)
                                         _067_ (net)
                  0.05    0.00    2.98 v _431_/A2 (sky130_fd_sc_hd__a21bo_1)
     2    0.01    0.08    0.24    3.22 v _431_/X (sky130_fd_sc_hd__a21bo_1)
                                         _108_ (net)
                  0.08    0.00    3.22 v _433_/B1 (sky130_fd_sc_hd__a21o_4)
     3    0.02    0.05    0.22    3.44 v _433_/X (sky130_fd_sc_hd__a21o_4)
                                         _110_ (net)
                  0.05    0.00    3.44 v _434_/C (sky130_fd_sc_hd__and3_4)
     3    0.02    0.05    0.21    3.65 v _434_/X (sky130_fd_sc_hd__and3_4)
                                         _111_ (net)
                  0.05    0.00    3.65 v _437_/A1 (sky130_fd_sc_hd__o211a_2)
     2    0.01    0.06    0.29    3.94 v _437_/X (sky130_fd_sc_hd__o211a_2)
                                         _114_ (net)
                  0.06    0.00    3.94 v _439_/B (sky130_fd_sc_hd__or2_1)
     1    0.00    0.05    0.21    4.15 v _439_/X (sky130_fd_sc_hd__or2_1)
                                         _116_ (net)
                  0.05    0.00    4.15 v _440_/A2 (sky130_fd_sc_hd__a21bo_1)
     1    0.00    0.03    0.18    4.34 v _440_/X (sky130_fd_sc_hd__a21bo_1)
                                         _117_ (net)
                  0.03    0.00    4.34 v _441_/B (sky130_fd_sc_hd__or2_1)
     1    0.00    0.05    0.20    4.54 v _441_/X (sky130_fd_sc_hd__or2_1)
                                         _118_ (net)
                  0.05    0.00    4.54 v _453_/B1 (sky130_fd_sc_hd__a22oi_1)
     1    0.00    0.13    0.12    4.66 ^ _453_/Y (sky130_fd_sc_hd__a22oi_1)
                                         net26 (net)
                  0.13    0.00    4.66 ^ output26/A (sky130_fd_sc_hd__buf_2)
     1    0.03    0.17    0.24    4.90 ^ output26/X (sky130_fd_sc_hd__buf_2)
                                         OUT[6] (net)
                  0.17    0.00    4.90 ^ OUT[6] (out)
                                  4.90   data arrival time

                  0.00   10.00   10.00   clock __VIRTUAL_CLK__ (rise edge)
                          0.00   10.00   clock network delay (ideal)
                         -0.25    9.75   clock uncertainty
                          0.00    9.75   clock reconvergence pessimism
                         -2.00    7.75   output external delay
                                  7.75   data required time
-----------------------------------------------------------------------------
                                  7.75   data required time
                                 -4.90   data arrival time
-----------------------------------------------------------------------------
                                  2.85   slack (MET)


Startpoint: B[1] (input port clocked by __VIRTUAL_CLK__)
Endpoint: OUT[5] (output port clocked by __VIRTUAL_CLK__)
Path Group: __VIRTUAL_CLK__
Path Type: max

Fanout     Cap    Slew   Delay    Time   Description
-----------------------------------------------------------------------------
                  0.00    0.00    0.00   clock __VIRTUAL_CLK__ (rise edge)
                          0.00    0.00   clock network delay (ideal)
                          2.00    2.00 v input external delay
     1    0.00    0.01    0.01    2.01 v B[1] (in)
                                         B[1] (net)
                  0.01    0.00    2.01 v input10/A (sky130_fd_sc_hd__buf_6)
     5    0.03    0.04    0.12    2.13 v input10/X (sky130_fd_sc_hd__buf_6)
                                         net10 (net)
                  0.04    0.00    2.13 v _266_/A (sky130_fd_sc_hd__buf_12)
     5    0.03    0.03    0.13    2.26 v _266_/X (sky130_fd_sc_hd__buf_12)
                                         _196_ (net)
                  0.03    0.00    2.26 v _383_/A1 (sky130_fd_sc_hd__a22o_4)
     3    0.01    0.05    0.26    2.52 v _383_/X (sky130_fd_sc_hd__a22o_4)
                                         _061_ (net)
                  0.05    0.00    2.52 v _385_/A2 (sky130_fd_sc_hd__a21o_4)
     3    0.01    0.04    0.22    2.75 v _385_/X (sky130_fd_sc_hd__a21o_4)
                                         _063_ (net)
                  0.04    0.00    2.75 v _389_/A2 (sky130_fd_sc_hd__a21o_4)
     3    0.01    0.05    0.23    2.98 v _389_/X (sky130_fd_sc_hd__a21o_4)
                                         _067_ (net)
                  0.05    0.00    2.98 v _395_/A1 (sky130_fd_sc_hd__a21o_4)
     3    0.00    0.03    0.20    3.19 v _395_/X (sky130_fd_sc_hd__a21o_4)
                                         _073_ (net)
                  0.03    0.00    3.19 v _398_/C (sky130_fd_sc_hd__and3_1)
     2    0.00    0.04    0.19    3.37 v _398_/X (sky130_fd_sc_hd__and3_1)
                                         _076_ (net)
                  0.04    0.00    3.37 v _401_/C (sky130_fd_sc_hd__or3_4)
     4    0.01    0.08    0.36    3.73 v _401_/X (sky130_fd_sc_hd__or3_4)
                                         _079_ (net)
                  0.08    0.00    3.73 v rebuffer1/A (sky130_fd_sc_hd__dlymetal6s4s_1)
     1    0.01    0.06    0.30    4.03 v rebuffer1/X (sky130_fd_sc_hd__dlymetal6s4s_1)
                                         net28 (net)
                  0.06    0.00    4.03 v _402_/B (sky130_fd_sc_hd__nand2_4)
     3    0.01    0.06    0.09    4.12 ^ _402_/Y (sky130_fd_sc_hd__nand2_4)
                                         _080_ (net)
                  0.06    0.00    4.12 ^ _404_/C (sky130_fd_sc_hd__nand3_1)
     1    0.00    0.05    0.07    4.19 v _404_/Y (sky130_fd_sc_hd__nand3_1)
                                         _082_ (net)
                  0.05    0.00    4.19 v _408_/A3 (sky130_fd_sc_hd__a31o_1)
     1    0.00    0.03    0.22    4.41 v _408_/X (sky130_fd_sc_hd__a31o_1)
                                         _086_ (net)
                  0.03    0.00    4.41 v _409_/B1 (sky130_fd_sc_hd__a21oi_1)
     1    0.00    0.10    0.11    4.52 ^ _409_/Y (sky130_fd_sc_hd__a21oi_1)
                                         _087_ (net)
                  0.10    0.00    4.52 ^ _410_/B1 (sky130_fd_sc_hd__a21oi_1)
     1    0.00    0.04    0.04    4.56 v _410_/Y (sky130_fd_sc_hd__a21oi_1)
                                         net25 (net)
                  0.04    0.00    4.56 v output25/A (sky130_fd_sc_hd__buf_2)
     1    0.03    0.09    0.19    4.75 v output25/X (sky130_fd_sc_hd__buf_2)
                                         OUT[5] (net)
                  0.09    0.00    4.75 v OUT[5] (out)
                                  4.75   data arrival time

                  0.00   10.00   10.00   clock __VIRTUAL_CLK__ (rise edge)
                          0.00   10.00   clock network delay (ideal)
                         -0.25    9.75   clock uncertainty
                          0.00    9.75   clock reconvergence pessimism
                         -2.00    7.75   output external delay
                                  7.75   data required time
-----------------------------------------------------------------------------
                                  7.75   data required time
                                 -4.75   data arrival time
-----------------------------------------------------------------------------
                                  3.00   slack (MET)


Startpoint: B[0] (input port clocked by __VIRTUAL_CLK__)
Endpoint: OUT[4] (output port clocked by __VIRTUAL_CLK__)
Path Group: __VIRTUAL_CLK__
Path Type: max

Fanout     Cap    Slew   Delay    Time   Description
-----------------------------------------------------------------------------
                  0.00    0.00    0.00   clock __VIRTUAL_CLK__ (rise edge)
                          0.00    0.00   clock network delay (ideal)
                          2.00    2.00 v input external delay
     1    0.00    0.01    0.00    2.00 v B[0] (in)
                                         B[0] (net)
                  0.01    0.00    2.00 v input9/A (sky130_fd_sc_hd__buf_4)
     6    0.03    0.06    0.16    2.16 v input9/X (sky130_fd_sc_hd__buf_4)
                                         net9 (net)
                  0.06    0.00    2.16 v _347_/D (sky130_fd_sc_hd__and4_4)
     3    0.01    0.04    0.20    2.36 v _347_/X (sky130_fd_sc_hd__and4_4)
                                         _026_ (net)
                  0.04    0.00    2.36 v _349_/B (sky130_fd_sc_hd__or3_4)
     3    0.00    0.07    0.37    2.74 v _349_/X (sky130_fd_sc_hd__or3_4)
                                         _028_ (net)
                  0.07    0.00    2.74 v _352_/A (sky130_fd_sc_hd__and3_1)
     2    0.01    0.05    0.17    2.91 v _352_/X (sky130_fd_sc_hd__and3_1)
                                         _031_ (net)
                  0.05    0.00    2.91 v rebuffer20/A (sky130_fd_sc_hd__dlymetal6s2s_1)
     1    0.00    0.04    0.14    3.05 v rebuffer20/X (sky130_fd_sc_hd__dlymetal6s2s_1)
                                         net47 (net)
                  0.04    0.00    3.05 v _354_/A (sky130_fd_sc_hd__or2b_4)
     1    0.02    0.06    0.28    3.33 v _354_/X (sky130_fd_sc_hd__or2b_4)
                                         _033_ (net)
                  0.06    0.00    3.33 v _355_/A (sky130_fd_sc_hd__xnor2_4)
     2    0.01    0.06    0.16    3.49 v _355_/Y (sky130_fd_sc_hd__xnor2_4)
                                         _034_ (net)
                  0.06    0.00    3.49 v _357_/A (sky130_fd_sc_hd__or2_4)
     2    0.01    0.06    0.28    3.77 v _357_/X (sky130_fd_sc_hd__or2_4)
                                         _036_ (net)
                  0.06    0.00    3.77 v _358_/A2 (sky130_fd_sc_hd__a21bo_1)
     1    0.00    0.03    0.19    3.96 v _358_/X (sky130_fd_sc_hd__a21bo_1)
                                         _037_ (net)
                  0.03    0.00    3.96 v _360_/B (sky130_fd_sc_hd__and3_1)
     1    0.00    0.03    0.15    4.11 v _360_/X (sky130_fd_sc_hd__and3_1)
                                         _039_ (net)
                  0.03    0.00    4.11 v _373_/B1 (sky130_fd_sc_hd__o2bb2a_1)
     1    0.00    0.05    0.28    4.39 v _373_/X (sky130_fd_sc_hd__o2bb2a_1)
                                         net24 (net)
                  0.05    0.00    4.39 v output24/A (sky130_fd_sc_hd__buf_2)
     1    0.03    0.09    0.19    4.58 v output24/X (sky130_fd_sc_hd__buf_2)
                                         OUT[4] (net)
                  0.09    0.00    4.58 v OUT[4] (out)
                                  4.58   data arrival time

                  0.00   10.00   10.00   clock __VIRTUAL_CLK__ (rise edge)
                          0.00   10.00   clock network delay (ideal)
                         -0.25    9.75   clock uncertainty
                          0.00    9.75   clock reconvergence pessimism
                         -2.00    7.75   output external delay
                                  7.75   data required time
-----------------------------------------------------------------------------
                                  7.75   data required time
                                 -4.58   data arrival time
-----------------------------------------------------------------------------
                                  3.17   slack (MET)


Startpoint: B[1] (input port clocked by __VIRTUAL_CLK__)
Endpoint: OUT[2] (output port clocked by __VIRTUAL_CLK__)
Path Group: __VIRTUAL_CLK__
Path Type: max

Fanout     Cap    Slew   Delay    Time   Description
-----------------------------------------------------------------------------
                  0.00    0.00    0.00   clock __VIRTUAL_CLK__ (rise edge)
                          0.00    0.00   clock network delay (ideal)
                          2.00    2.00 v input external delay
     1    0.00    0.01    0.01    2.01 v B[1] (in)
                                         B[1] (net)
                  0.01    0.00    2.01 v input10/A (sky130_fd_sc_hd__buf_6)
     5    0.03    0.04    0.12    2.13 v input10/X (sky130_fd_sc_hd__buf_6)
                                         net10 (net)
                  0.04    0.00    2.13 v _266_/A (sky130_fd_sc_hd__buf_12)
     5    0.03    0.03    0.13    2.26 v _266_/X (sky130_fd_sc_hd__buf_12)
                                         _196_ (net)
                  0.03    0.00    2.26 v _267_/A (sky130_fd_sc_hd__buf_4)
    10    0.02    0.05    0.16    2.42 v _267_/X (sky130_fd_sc_hd__buf_4)
                                         _197_ (net)
                  0.05    0.00    2.42 v _277_/B (sky130_fd_sc_hd__and3_1)
     2    0.00    0.05    0.18    2.60 v _277_/X (sky130_fd_sc_hd__and3_1)
                                         _207_ (net)
                  0.05    0.00    2.60 v _279_/C (sky130_fd_sc_hd__or3_4)
     2    0.00    0.06    0.33    2.93 v _279_/X (sky130_fd_sc_hd__or3_4)
                                         _209_ (net)
                  0.06    0.00    2.93 v _301_/A1 (sky130_fd_sc_hd__a21o_1)
     2    0.00    0.04    0.17    3.10 v _301_/X (sky130_fd_sc_hd__a21o_1)
                                         _230_ (net)
                  0.04    0.00    3.10 v rebuffer23/A (sky130_fd_sc_hd__dlygate4sd1_1)
     2    0.00    0.04    0.24    3.34 v rebuffer23/X (sky130_fd_sc_hd__dlygate4sd1_1)
                                         net50 (net)
                  0.04    0.00    3.34 v _303_/A2 (sky130_fd_sc_hd__o21a_1)
     1    0.00    0.03    0.16    3.51 v _303_/X (sky130_fd_sc_hd__o21a_1)
                                         _232_ (net)
                  0.03    0.00    3.51 v _308_/A2 (sky130_fd_sc_hd__a211o_1)
     1    0.00    0.04    0.28    3.79 v _308_/X (sky130_fd_sc_hd__a211o_1)
                                         _237_ (net)
                  0.04    0.00    3.79 v _309_/B2 (sky130_fd_sc_hd__o2bb2a_1)
     1    0.00    0.05    0.27    4.06 v _309_/X (sky130_fd_sc_hd__o2bb2a_1)
                                         net22 (net)
                  0.05    0.00    4.06 v output22/A (sky130_fd_sc_hd__buf_2)
     1    0.03    0.09    0.19    4.25 v output22/X (sky130_fd_sc_hd__buf_2)
                                         OUT[2] (net)
                  0.09    0.00    4.25 v OUT[2] (out)
                                  4.25   data arrival time

                  0.00   10.00   10.00   clock __VIRTUAL_CLK__ (rise edge)
                          0.00   10.00   clock network delay (ideal)
                         -0.25    9.75   clock uncertainty
                          0.00    9.75   clock reconvergence pessimism
                         -2.00    7.75   output external delay
                                  7.75   data required time
-----------------------------------------------------------------------------
                                  7.75   data required time
                                 -4.25   data arrival time
-----------------------------------------------------------------------------
                                  3.50   slack (MET)


Startpoint: B[2] (input port clocked by __VIRTUAL_CLK__)
Endpoint: OUT[3] (output port clocked by __VIRTUAL_CLK__)
Path Group: __VIRTUAL_CLK__
Path Type: max

Fanout     Cap    Slew   Delay    Time   Description
-----------------------------------------------------------------------------
                  0.00    0.00    0.00   clock __VIRTUAL_CLK__ (rise edge)
                          0.00    0.00   clock network delay (ideal)
                          2.00    2.00 ^ input external delay
     1    0.00    0.02    0.01    2.01 ^ B[2] (in)
                                         B[2] (net)
                  0.02    0.00    2.01 ^ input11/A (sky130_fd_sc_hd__buf_2)
     5    0.02    0.10    0.15    2.15 ^ input11/X (sky130_fd_sc_hd__buf_2)
                                         net11 (net)
                  0.10    0.00    2.15 ^ _289_/A (sky130_fd_sc_hd__buf_6)
    10    0.04    0.09    0.16    2.32 ^ _289_/X (sky130_fd_sc_hd__buf_6)
                                         _218_ (net)
                  0.09    0.00    2.32 ^ _322_/B (sky130_fd_sc_hd__nand2_2)
     3    0.01    0.06    0.08    2.40 v _322_/Y (sky130_fd_sc_hd__nand2_2)
                                         _002_ (net)
                  0.06    0.00    2.40 v _325_/A (sky130_fd_sc_hd__or3_4)
     2    0.00    0.06    0.40    2.80 v _325_/X (sky130_fd_sc_hd__or3_4)
                                         _005_ (net)
                  0.06    0.00    2.80 v _330_/A1 (sky130_fd_sc_hd__a21o_1)
     2    0.00    0.04    0.17    2.97 v _330_/X (sky130_fd_sc_hd__a21o_1)
                                         _010_ (net)
                  0.04    0.00    2.97 v _331_/B (sky130_fd_sc_hd__and2b_1)
     1    0.01    0.06    0.18    3.15 v _331_/X (sky130_fd_sc_hd__and2b_1)
                                         _011_ (net)
                  0.06    0.00    3.15 v _332_/B (sky130_fd_sc_hd__xnor2_2)
     2    0.01    0.05    0.14    3.29 v _332_/Y (sky130_fd_sc_hd__xnor2_2)
                                         _012_ (net)
                  0.05    0.00    3.29 v _334_/B (sky130_fd_sc_hd__or2_1)
     1    0.00    0.05    0.21    3.50 v _334_/X (sky130_fd_sc_hd__or2_1)
                                         _014_ (net)
                  0.05    0.00    3.50 v _338_/A3 (sky130_fd_sc_hd__a31o_1)
     1    0.00    0.03    0.21    3.71 v _338_/X (sky130_fd_sc_hd__a31o_1)
                                         _018_ (net)
                  0.03    0.00    3.71 v _339_/B2 (sky130_fd_sc_hd__o2bb2a_1)
     1    0.00    0.05    0.27    3.98 v _339_/X (sky130_fd_sc_hd__o2bb2a_1)
                                         net23 (net)
                  0.05    0.00    3.98 v output23/A (sky130_fd_sc_hd__buf_2)
     1    0.03    0.09    0.19    4.17 v output23/X (sky130_fd_sc_hd__buf_2)
                                         OUT[3] (net)
                  0.09    0.00    4.17 v OUT[3] (out)
                                  4.17   data arrival time

                  0.00   10.00   10.00   clock __VIRTUAL_CLK__ (rise edge)
                          0.00   10.00   clock network delay (ideal)
                         -0.25    9.75   clock uncertainty
                          0.00    9.75   clock reconvergence pessimism
                         -2.00    7.75   output external delay
                                  7.75   data required time
-----------------------------------------------------------------------------
                                  7.75   data required time
                                 -4.17   data arrival time
-----------------------------------------------------------------------------
                                  3.58   slack (MET)


Startpoint: B[1] (input port clocked by __VIRTUAL_CLK__)
Endpoint: OUT[1] (output port clocked by __VIRTUAL_CLK__)
Path Group: __VIRTUAL_CLK__
Path Type: max

Fanout     Cap    Slew   Delay    Time   Description
-----------------------------------------------------------------------------
                  0.00    0.00    0.00   clock __VIRTUAL_CLK__ (rise edge)
                          0.00    0.00   clock network delay (ideal)
                          2.00    2.00 v input external delay
     1    0.00    0.01    0.01    2.01 v B[1] (in)
                                         B[1] (net)
                  0.01    0.00    2.01 v input10/A (sky130_fd_sc_hd__buf_6)
     5    0.03    0.04    0.12    2.13 v input10/X (sky130_fd_sc_hd__buf_6)
                                         net10 (net)
                  0.04    0.00    2.13 v _266_/A (sky130_fd_sc_hd__buf_12)
     5    0.03    0.03    0.13    2.26 v _266_/X (sky130_fd_sc_hd__buf_12)
                                         _196_ (net)
                  0.03    0.00    2.26 v _267_/A (sky130_fd_sc_hd__buf_4)
    10    0.02    0.05    0.16    2.42 v _267_/X (sky130_fd_sc_hd__buf_4)
                                         _197_ (net)
                  0.05    0.00    2.42 v _277_/B (sky130_fd_sc_hd__and3_1)
     2    0.00    0.05    0.18    2.60 v _277_/X (sky130_fd_sc_hd__and3_1)
                                         _207_ (net)
                  0.05    0.00    2.60 v _279_/C (sky130_fd_sc_hd__or3_4)
     2    0.00    0.06    0.33    2.93 v _279_/X (sky130_fd_sc_hd__or3_4)
                                         _209_ (net)
                  0.06    0.00    2.93 v _280_/B_N (sky130_fd_sc_hd__or2b_1)
     1    0.00    0.05    0.17    3.10 ^ _280_/X (sky130_fd_sc_hd__or2b_1)
                                         _210_ (net)
                  0.05    0.00    3.10 ^ _281_/B (sky130_fd_sc_hd__xnor2_1)
     1    0.00    0.04    0.06    3.16 v _281_/Y (sky130_fd_sc_hd__xnor2_1)
                                         _211_ (net)
                  0.04    0.00    3.16 v _286_/A2 (sky130_fd_sc_hd__a211o_1)
     1    0.00    0.04    0.29    3.45 v _286_/X (sky130_fd_sc_hd__a211o_1)
                                         _216_ (net)
                  0.04    0.00    3.45 v _287_/B2 (sky130_fd_sc_hd__o2bb2a_1)
     1    0.00    0.05    0.27    3.72 v _287_/X (sky130_fd_sc_hd__o2bb2a_1)
                                         net21 (net)
                  0.05    0.00    3.72 v output21/A (sky130_fd_sc_hd__buf_2)
     1    0.03    0.09    0.19    3.91 v output21/X (sky130_fd_sc_hd__buf_2)
                                         OUT[1] (net)
                  0.09    0.00    3.91 v OUT[1] (out)
                                  3.91   data arrival time

                  0.00   10.00   10.00   clock __VIRTUAL_CLK__ (rise edge)
                          0.00   10.00   clock network delay (ideal)
                         -0.25    9.75   clock uncertainty
                          0.00    9.75   clock reconvergence pessimism
                         -2.00    7.75   output external delay
                                  7.75   data required time
-----------------------------------------------------------------------------
                                  7.75   data required time
                                 -3.91   data arrival time
-----------------------------------------------------------------------------
                                  3.84   slack (MET)


Startpoint: opcode[1] (input port clocked by __VIRTUAL_CLK__)
Endpoint: OUT[0] (output port clocked by __VIRTUAL_CLK__)
Path Group: __VIRTUAL_CLK__
Path Type: max

Fanout     Cap    Slew   Delay    Time   Description
-----------------------------------------------------------------------------
                  0.00    0.00    0.00   clock __VIRTUAL_CLK__ (rise edge)
                          0.00    0.00   clock network delay (ideal)
                          2.00    2.00 ^ input external delay
     1    0.00    0.02    0.01    2.01 ^ opcode[1] (in)
                                         opcode[1] (net)
                  0.02    0.00    2.01 ^ input18/A (sky130_fd_sc_hd__clkbuf_4)
     5    0.03    0.09    0.17    2.18 ^ input18/X (sky130_fd_sc_hd__clkbuf_4)
                                         net18 (net)
                  0.09    0.00    2.18 ^ _249_/B (sky130_fd_sc_hd__or2_4)
     5    0.02    0.07    0.16    2.34 ^ _249_/X (sky130_fd_sc_hd__or2_4)
                                         _180_ (net)
                  0.07    0.00    2.34 ^ _258_/B (sky130_fd_sc_hd__nor2_4)
     8    0.02    0.04    0.05    2.39 v _258_/Y (sky130_fd_sc_hd__nor2_4)
                                         _189_ (net)
                  0.04    0.00    2.39 v _260_/A1 (sky130_fd_sc_hd__o211a_1)
     1    0.00    0.04    0.22    2.60 v _260_/X (sky130_fd_sc_hd__o211a_1)
                                         _191_ (net)
                  0.04    0.00    2.60 v _261_/B1 (sky130_fd_sc_hd__a31o_1)
     1    0.00    0.03    0.18    2.78 v _261_/X (sky130_fd_sc_hd__a31o_1)
                                         _192_ (net)
                  0.03    0.00    2.78 v _262_/B2 (sky130_fd_sc_hd__a2bb2o_1)
     2    0.00    0.05    0.24    3.02 v _262_/X (sky130_fd_sc_hd__a2bb2o_1)
                                         net20 (net)
                  0.05    0.00    3.02 v output20/A (sky130_fd_sc_hd__buf_2)
     1    0.03    0.09    0.19    3.21 v output20/X (sky130_fd_sc_hd__buf_2)
                                         OUT[0] (net)
                  0.09    0.00    3.21 v OUT[0] (out)
                                  3.21   data arrival time

                  0.00   10.00   10.00   clock __VIRTUAL_CLK__ (rise edge)
                          0.00   10.00   clock network delay (ideal)
                         -0.25    9.75   clock uncertainty
                          0.00    9.75   clock reconvergence pessimism
                         -2.00    7.75   output external delay
                                  7.75   data required time
-----------------------------------------------------------------------------
                                  7.75   data required time
                                 -3.21   data arrival time
-----------------------------------------------------------------------------
                                  4.54   slack (MET)



worst slack corner Typical: 2.5189
