
===========================================================================
 report_power
============================================================================
======================= Fastest Corner ===================================

Group                  Internal  Switching    Leakage      Total
                          Power      Power      Power      Power (Watts)
----------------------------------------------------------------
Sequential             2.28e-03   3.79e-04   3.66e-08   2.66e-03  14.7%
Combinational          4.61e-03   8.17e-03   1.47e-08   1.28e-02  70.7%
Clock                  1.52e-03   1.12e-03   1.35e-07   2.64e-03  14.6%
Macro                  0.00e+00   0.00e+00   0.00e+00   0.00e+00   0.0%
Pad                    0.00e+00   0.00e+00   0.00e+00   0.00e+00   0.0%
----------------------------------------------------------------
Total                  8.41e-03   9.67e-03   1.87e-07   1.81e-02 100.0%
                          46.5%      53.5%       0.0%

======================= Slowest Corner ===================================

Group                  Internal  Switching    Leakage      Total
                          Power      Power      Power      Power (Watts)
----------------------------------------------------------------
Sequential             1.54e-03   2.48e-04   5.35e-06   1.80e-03  14.4%
Combinational          3.39e-03   5.47e-03   1.28e-05   8.88e-03  71.0%
Clock                  1.09e-03   7.36e-04   1.72e-06   1.83e-03  14.6%
Macro                  0.00e+00   0.00e+00   0.00e+00   0.00e+00   0.0%
Pad                    0.00e+00   0.00e+00   0.00e+00   0.00e+00   0.0%
----------------------------------------------------------------
Total                  6.03e-03   6.45e-03   1.98e-05   1.25e-02 100.0%
                          48.2%      51.6%       0.2%

======================= Typical Corner ===================================

Group                  Internal  Switching    Leakage      Total
                          Power      Power      Power      Power (Watts)
----------------------------------------------------------------
Sequential             1.97e-03   3.17e-04   3.42e-08   2.29e-03  14.6%
Combinational          4.15e-03   6.94e-03   9.21e-09   1.11e-02  70.8%
Clock                  1.33e-03   9.50e-04   1.32e-07   2.28e-03  14.6%
Macro                  0.00e+00   0.00e+00   0.00e+00   0.00e+00   0.0%
Pad                    0.00e+00   0.00e+00   0.00e+00   0.00e+00   0.0%
----------------------------------------------------------------
Total                  7.46e-03   8.20e-03   1.75e-07   1.57e-02 100.0%
                          47.6%      52.4%       0.0%

