
===========================================================================
report_checks -unconstrained
===========================================================================
======================= Fastest Corner ===================================

Startpoint: _4596_ (rising edge-triggered flip-flop clocked by core_clock)
Endpoint: _4432_ (rising edge-triggered flip-flop clocked by core_clock)
Path Group: core_clock
Path Type: max
Corner: Fastest

Fanout     Cap    Slew   Delay    Time   Description
-----------------------------------------------------------------------------
                          0.00    0.00   clock core_clock (rise edge)
                          0.00    0.00   clock source latency
     2    0.19    0.00    0.00    0.00 ^ clk (in)
                                         clk (net)
                  0.04    0.02    0.02 ^ clkbuf_0_clk/A (sky130_fd_sc_hd__clkbuf_16)
    16    0.19    0.16    0.17    0.19 ^ clkbuf_0_clk/X (sky130_fd_sc_hd__clkbuf_16)
                                         clknet_0_clk (net)
                  0.16    0.02    0.21 ^ clkbuf_3_2__f_clk/A (sky130_fd_sc_hd__clkbuf_16)
    18    0.10    0.09    0.16    0.37 ^ clkbuf_3_2__f_clk/X (sky130_fd_sc_hd__clkbuf_16)
                                         clknet_3_2__leaf_clk (net)
                  0.09    0.00    0.37 ^ clkbuf_leaf_12_clk/A (sky130_fd_sc_hd__clkbuf_8)
     7    0.03    0.05    0.11    0.48 ^ clkbuf_leaf_12_clk/X (sky130_fd_sc_hd__clkbuf_8)
                                         clknet_leaf_12_clk (net)
                  0.05    0.00    0.48 ^ _4596_/CLK (sky130_fd_sc_hd__dfrtp_4)
     7    0.03    0.07    0.33    0.81 v _4596_/Q (sky130_fd_sc_hd__dfrtp_4)
                                         IM.address[0] (net)
                  0.07    0.00    0.81 v rebuffer35/A (sky130_fd_sc_hd__dlygate4sd1_1)
     2    0.01    0.03    0.17    0.98 v rebuffer35/X (sky130_fd_sc_hd__dlygate4sd1_1)
                                         net69 (net)
                  0.03    0.00    0.98 v _2190_/B_N (sky130_fd_sc_hd__or2b_4)
     4    0.05    0.11    0.19    1.17 ^ _2190_/X (sky130_fd_sc_hd__or2b_4)
                                         _0446_ (net)
                  0.11    0.00    1.17 ^ _2204_/A2 (sky130_fd_sc_hd__a21o_1)
     2    0.02    0.11    0.14    1.31 ^ _2204_/X (sky130_fd_sc_hd__a21o_1)
                                         _0460_ (net)
                  0.12    0.00    1.32 ^ _2206_/B (sky130_fd_sc_hd__and3_4)
     3    0.03    0.07    0.15    1.47 ^ _2206_/X (sky130_fd_sc_hd__and3_4)
                                         _0462_ (net)
                  0.07    0.00    1.47 ^ _2216_/A (sky130_fd_sc_hd__buf_12)
    16    0.11    0.10    0.11    1.58 ^ _2216_/X (sky130_fd_sc_hd__buf_12)
                                         _0472_ (net)
                  0.11    0.03    1.61 ^ _2217_/A (sky130_fd_sc_hd__buf_12)
    20    0.13    0.12    0.13    1.74 ^ _2217_/X (sky130_fd_sc_hd__buf_12)
                                         _0473_ (net)
                  0.13    0.03    1.77 ^ _2299_/A (sky130_fd_sc_hd__buf_6)
    20    0.08    0.12    0.14    1.91 ^ _2299_/X (sky130_fd_sc_hd__buf_6)
                                         _0555_ (net)
                  0.12    0.01    1.92 ^ _2300_/A (sky130_fd_sc_hd__buf_4)
    20    0.08    0.16    0.18    2.10 ^ _2300_/X (sky130_fd_sc_hd__buf_4)
                                         _0556_ (net)
                  0.16    0.01    2.11 ^ _2301_/A (sky130_fd_sc_hd__buf_4)
    20    0.09    0.19    0.20    2.31 ^ _2301_/X (sky130_fd_sc_hd__buf_4)
                                         _0557_ (net)
                  0.19    0.01    2.32 ^ _2394_/A (sky130_fd_sc_hd__buf_4)
    20    0.09    0.18    0.20    2.51 ^ _2394_/X (sky130_fd_sc_hd__buf_4)
                                         _0650_ (net)
                  0.18    0.00    2.51 ^ _2583_/S (sky130_fd_sc_hd__mux2_1)
     1    0.01    0.05    0.21    2.72 v _2583_/X (sky130_fd_sc_hd__mux2_1)
                                         _0839_ (net)
                  0.05    0.00    2.72 v _2586_/A2 (sky130_fd_sc_hd__a211o_1)
     1    0.01    0.06    0.21    2.93 v _2586_/X (sky130_fd_sc_hd__a211o_1)
                                         _0842_ (net)
                  0.06    0.00    2.93 v _2587_/B1 (sky130_fd_sc_hd__o211a_1)
     2    0.02    0.09    0.14    3.07 v _2587_/X (sky130_fd_sc_hd__o211a_1)
                                         _0843_ (net)
                  0.09    0.00    3.07 v _2588_/B1 (sky130_fd_sc_hd__a21oi_4)
    10    0.05    0.26    0.17    3.25 ^ _2588_/Y (sky130_fd_sc_hd__a21oi_4)
                                         _0844_ (net)
                  0.26    0.00    3.25 ^ _2946_/B (sky130_fd_sc_hd__and4_1)
     1    0.01    0.08    0.17    3.42 ^ _2946_/X (sky130_fd_sc_hd__and4_1)
                                         _1197_ (net)
                  0.08    0.00    3.43 ^ _2954_/B (sky130_fd_sc_hd__and3_2)
    14    0.05    0.20    0.24    3.66 ^ _2954_/X (sky130_fd_sc_hd__and3_2)
                                         _1205_ (net)
                  0.20    0.01    3.67 ^ _2955_/A (sky130_fd_sc_hd__buf_2)
    20    0.06    0.23    0.23    3.90 ^ _2955_/X (sky130_fd_sc_hd__buf_2)
                                         _1206_ (net)
                  0.23    0.01    3.90 ^ _2956_/A (sky130_fd_sc_hd__buf_2)
    20    0.06    0.21    0.23    4.13 ^ _2956_/X (sky130_fd_sc_hd__buf_2)
                                         _1207_ (net)
                  0.21    0.00    4.13 ^ _2957_/A (sky130_fd_sc_hd__buf_2)
    20    0.06    0.20    0.22    4.35 ^ _2957_/X (sky130_fd_sc_hd__buf_2)
                                         _1208_ (net)
                  0.20    0.00    4.35 ^ _3319_/A (sky130_fd_sc_hd__and2_1)
     2    0.01    0.11    0.15    4.50 ^ _3319_/X (sky130_fd_sc_hd__and2_1)
                                         _1550_ (net)
                  0.11    0.00    4.50 ^ _3320_/A1 (sky130_fd_sc_hd__mux2_1)
     2    0.01    0.05    0.11    4.61 ^ _3320_/X (sky130_fd_sc_hd__mux2_1)
                                         _1551_ (net)
                  0.05    0.00    4.61 ^ _3459_/B (sky130_fd_sc_hd__nor2_1)
     1    0.00    0.05    0.03    4.64 v _3459_/Y (sky130_fd_sc_hd__nor2_1)
                                         _1682_ (net)
                  0.05    0.00    4.64 v _3465_/A2 (sky130_fd_sc_hd__o41a_2)
     2    0.04    0.11    0.36    5.00 v _3465_/X (sky130_fd_sc_hd__o41a_2)
                                         _1688_ (net)
                  0.11    0.01    5.01 v _3466_/B1 (sky130_fd_sc_hd__o21ai_4)
    14    0.13    0.67    0.24    5.25 ^ _3466_/Y (sky130_fd_sc_hd__o21ai_4)
                                         net23 (net)
                  0.67    0.05    5.30 ^ _3772_/A0 (sky130_fd_sc_hd__mux2_1)
     1    0.00    0.05    0.10    5.40 ^ _3772_/X (sky130_fd_sc_hd__mux2_1)
                                         _1867_ (net)
                  0.05    0.00    5.40 ^ _3773_/A (sky130_fd_sc_hd__clkbuf_1)
     1    0.00    0.03    0.05    5.46 ^ _3773_/X (sky130_fd_sc_hd__clkbuf_1)
                                         _0129_ (net)
                  0.03    0.00    5.46 ^ _4432_/D (sky130_fd_sc_hd__dfxtp_1)
                                  5.46   data arrival time

                         10.00   10.00   clock core_clock (rise edge)
                          0.00   10.00   clock source latency
     2    0.19    0.00    0.00   10.00 ^ clk (in)
                                         clk (net)
                  0.04    0.02   10.02 ^ clkbuf_0_clk/A (sky130_fd_sc_hd__clkbuf_16)
    16    0.19    0.16    0.17   10.19 ^ clkbuf_0_clk/X (sky130_fd_sc_hd__clkbuf_16)
                                         clknet_0_clk (net)
                  0.16    0.02   10.21 ^ clkbuf_3_5__f_clk/A (sky130_fd_sc_hd__clkbuf_16)
    22    0.11    0.10    0.16   10.37 ^ clkbuf_3_5__f_clk/X (sky130_fd_sc_hd__clkbuf_16)
                                         clknet_3_5__leaf_clk (net)
                  0.10    0.01   10.38 ^ clkbuf_leaf_45_clk/A (sky130_fd_sc_hd__clkbuf_8)
     6    0.02    0.04    0.11   10.49 ^ clkbuf_leaf_45_clk/X (sky130_fd_sc_hd__clkbuf_8)
                                         clknet_leaf_45_clk (net)
                  0.04    0.00   10.49 ^ _4432_/CLK (sky130_fd_sc_hd__dfxtp_1)
                          0.00   10.49   clock reconvergence pessimism
                         -0.03   10.46   library setup time
                                 10.46   data required time
-----------------------------------------------------------------------------
                                 10.46   data required time
                                 -5.46   data arrival time
-----------------------------------------------------------------------------
                                  5.00   slack (MET)



======================= Slowest Corner ===================================

Startpoint: _4599_ (rising edge-triggered flip-flop clocked by core_clock)
Endpoint: _4432_ (rising edge-triggered flip-flop clocked by core_clock)
Path Group: core_clock
Path Type: max
Corner: Slowest

Fanout     Cap    Slew   Delay    Time   Description
-----------------------------------------------------------------------------
                          0.00    0.00   clock core_clock (rise edge)
                          0.00    0.00   clock source latency
     2    0.19    0.00    0.00    0.00 ^ clk (in)
                                         clk (net)
                  0.04    0.02    0.02 ^ clkbuf_0_clk/A (sky130_fd_sc_hd__clkbuf_16)
    16    0.19    0.31    0.40    0.42 ^ clkbuf_0_clk/X (sky130_fd_sc_hd__clkbuf_16)
                                         clknet_0_clk (net)
                  0.31    0.02    0.43 ^ clkbuf_3_2__f_clk/A (sky130_fd_sc_hd__clkbuf_16)
    18    0.10    0.17    0.42    0.85 ^ clkbuf_3_2__f_clk/X (sky130_fd_sc_hd__clkbuf_16)
                                         clknet_3_2__leaf_clk (net)
                  0.17    0.00    0.85 ^ clkbuf_leaf_12_clk/A (sky130_fd_sc_hd__clkbuf_8)
     7    0.03    0.10    0.30    1.15 ^ clkbuf_leaf_12_clk/X (sky130_fd_sc_hd__clkbuf_8)
                                         clknet_leaf_12_clk (net)
                  0.10    0.00    1.15 ^ _4599_/CLK (sky130_fd_sc_hd__dfrtp_4)
     4    0.03    0.17    1.08    2.23 v _4599_/Q (sky130_fd_sc_hd__dfrtp_4)
                                         IM.address[3] (net)
                  0.17    0.00    2.23 v _2155_/A (sky130_fd_sc_hd__or4b_4)
     3    0.02    0.21    1.19    3.42 v _2155_/X (sky130_fd_sc_hd__or4b_4)
                                         _0411_ (net)
                  0.21    0.00    3.43 v _2203_/A2_N (sky130_fd_sc_hd__o2bb2a_4)
     2    0.01    0.08    0.44    3.86 ^ _2203_/X (sky130_fd_sc_hd__o2bb2a_4)
                                         _0459_ (net)
                  0.08    0.00    3.86 ^ _2206_/A (sky130_fd_sc_hd__and3_4)
     3    0.03    0.17    0.47    4.33 ^ _2206_/X (sky130_fd_sc_hd__and3_4)
                                         _0462_ (net)
                  0.17    0.00    4.33 ^ _2216_/A (sky130_fd_sc_hd__buf_12)
    16    0.11    0.21    0.32    4.65 ^ _2216_/X (sky130_fd_sc_hd__buf_12)
                                         _0472_ (net)
                  0.21    0.03    4.68 ^ _2217_/A (sky130_fd_sc_hd__buf_12)
    20    0.13    0.25    0.37    5.04 ^ _2217_/X (sky130_fd_sc_hd__buf_12)
                                         _0473_ (net)
                  0.25    0.03    5.07 ^ _2299_/A (sky130_fd_sc_hd__buf_6)
    20    0.07    0.24    0.39    5.46 ^ _2299_/X (sky130_fd_sc_hd__buf_6)
                                         _0555_ (net)
                  0.25    0.01    5.47 ^ _2300_/A (sky130_fd_sc_hd__buf_4)
    20    0.08    0.34    0.48    5.95 ^ _2300_/X (sky130_fd_sc_hd__buf_4)
                                         _0556_ (net)
                  0.34    0.01    5.96 ^ _2301_/A (sky130_fd_sc_hd__buf_4)
    20    0.09    0.39    0.56    6.52 ^ _2301_/X (sky130_fd_sc_hd__buf_4)
                                         _0557_ (net)
                  0.39    0.01    6.52 ^ _2394_/A (sky130_fd_sc_hd__buf_4)
    20    0.09    0.38    0.56    7.09 ^ _2394_/X (sky130_fd_sc_hd__buf_4)
                                         _0650_ (net)
                  0.38    0.00    7.09 ^ _2583_/S (sky130_fd_sc_hd__mux2_1)
     1    0.01    0.14    0.84    7.93 v _2583_/X (sky130_fd_sc_hd__mux2_1)
                                         _0839_ (net)
                  0.14    0.00    7.93 v _2586_/A2 (sky130_fd_sc_hd__a211o_1)
     1    0.01    0.14    0.63    8.56 v _2586_/X (sky130_fd_sc_hd__a211o_1)
                                         _0842_ (net)
                  0.14    0.00    8.56 v _2587_/B1 (sky130_fd_sc_hd__o211a_1)
     2    0.02    0.25    0.42    8.98 v _2587_/X (sky130_fd_sc_hd__o211a_1)
                                         _0843_ (net)
                  0.25    0.00    8.99 v _2588_/B1 (sky130_fd_sc_hd__a21oi_4)
    10    0.05    0.56    0.56    9.55 ^ _2588_/Y (sky130_fd_sc_hd__a21oi_4)
                                         _0844_ (net)
                  0.56    0.00    9.55 ^ _2946_/B (sky130_fd_sc_hd__and4_1)
     1    0.01    0.20    0.63   10.18 ^ _2946_/X (sky130_fd_sc_hd__and4_1)
                                         _1197_ (net)
                  0.20    0.00   10.18 ^ _2954_/B (sky130_fd_sc_hd__and3_2)
    14    0.05    0.44    0.70   10.89 ^ _2954_/X (sky130_fd_sc_hd__and3_2)
                                         _1205_ (net)
                  0.44    0.01   10.89 ^ _2955_/A (sky130_fd_sc_hd__buf_2)
    20    0.06    0.48    0.64   11.54 ^ _2955_/X (sky130_fd_sc_hd__buf_2)
                                         _1206_ (net)
                  0.48    0.01   11.54 ^ _2956_/A (sky130_fd_sc_hd__buf_2)
    20    0.06    0.46    0.64   12.19 ^ _2956_/X (sky130_fd_sc_hd__buf_2)
                                         _1207_ (net)
                  0.46    0.01   12.20 ^ _3024_/B (sky130_fd_sc_hd__nand3_1)
     3    0.02    0.43    0.53   12.73 v _3024_/Y (sky130_fd_sc_hd__nand3_1)
                                         _1271_ (net)
                  0.43    0.00   12.73 v _3031_/A0 (sky130_fd_sc_hd__mux2_1)
     3    0.02    0.24    0.94   13.67 v _3031_/X (sky130_fd_sc_hd__mux2_1)
                                         _1278_ (net)
                  0.24    0.00   13.67 v _3173_/A0 (sky130_fd_sc_hd__mux2_1)
     2    0.01    0.14    0.74   14.42 v _3173_/X (sky130_fd_sc_hd__mux2_1)
                                         _1412_ (net)
                  0.14    0.00   14.42 v _3464_/A (sky130_fd_sc_hd__or2_1)
     1    0.00    0.10    0.53   14.95 v _3464_/X (sky130_fd_sc_hd__or2_1)
                                         _1687_ (net)
                  0.10    0.00   14.95 v _3465_/B1 (sky130_fd_sc_hd__o41a_2)
     2    0.04    0.28    0.38   15.33 v _3465_/X (sky130_fd_sc_hd__o41a_2)
                                         _1688_ (net)
                  0.28    0.01   15.34 v _3466_/B1 (sky130_fd_sc_hd__o21ai_4)
    14    0.13    1.43    0.58   15.92 ^ _3466_/Y (sky130_fd_sc_hd__o21ai_4)
                                         net23 (net)
                  1.44    0.05   15.97 ^ _3772_/A0 (sky130_fd_sc_hd__mux2_1)
     1    0.00    0.12    0.61   16.59 ^ _3772_/X (sky130_fd_sc_hd__mux2_1)
                                         _1867_ (net)
                  0.12    0.00   16.59 ^ _3773_/A (sky130_fd_sc_hd__clkbuf_1)
     1    0.00    0.07    0.17   16.75 ^ _3773_/X (sky130_fd_sc_hd__clkbuf_1)
                                         _0129_ (net)
                  0.07    0.00   16.75 ^ _4432_/D (sky130_fd_sc_hd__dfxtp_1)
                                 16.75   data arrival time

                         10.00   10.00   clock core_clock (rise edge)
                          0.00   10.00   clock source latency
     2    0.19    0.00    0.00   10.00 ^ clk (in)
                                         clk (net)
                  0.04    0.02   10.02 ^ clkbuf_0_clk/A (sky130_fd_sc_hd__clkbuf_16)
    16    0.19    0.31    0.40   10.42 ^ clkbuf_0_clk/X (sky130_fd_sc_hd__clkbuf_16)
                                         clknet_0_clk (net)
                  0.31    0.02   10.43 ^ clkbuf_3_5__f_clk/A (sky130_fd_sc_hd__clkbuf_16)
    22    0.11    0.19    0.42   10.86 ^ clkbuf_3_5__f_clk/X (sky130_fd_sc_hd__clkbuf_16)
                                         clknet_3_5__leaf_clk (net)
                  0.19    0.01   10.87 ^ clkbuf_leaf_45_clk/A (sky130_fd_sc_hd__clkbuf_8)
     6    0.02    0.08    0.29   11.16 ^ clkbuf_leaf_45_clk/X (sky130_fd_sc_hd__clkbuf_8)
                                         clknet_leaf_45_clk (net)
                  0.08    0.00   11.16 ^ _4432_/CLK (sky130_fd_sc_hd__dfxtp_1)
                          0.00   11.16   clock reconvergence pessimism
                         -0.13   11.03   library setup time
                                 11.03   data required time
-----------------------------------------------------------------------------
                                 11.03   data required time
                                -16.75   data arrival time
-----------------------------------------------------------------------------
                                 -5.72   slack (VIOLATED)



======================= Typical Corner ===================================

Startpoint: _4599_ (rising edge-triggered flip-flop clocked by core_clock)
Endpoint: _4432_ (rising edge-triggered flip-flop clocked by core_clock)
Path Group: core_clock
Path Type: max
Corner: Typical

Fanout     Cap    Slew   Delay    Time   Description
-----------------------------------------------------------------------------
                          0.00    0.00   clock core_clock (rise edge)
                          0.00    0.00   clock source latency
     2    0.19    0.00    0.00    0.00 ^ clk (in)
                                         clk (net)
                  0.04    0.02    0.02 ^ clkbuf_0_clk/A (sky130_fd_sc_hd__clkbuf_16)
    16    0.19    0.21    0.24    0.26 ^ clkbuf_0_clk/X (sky130_fd_sc_hd__clkbuf_16)
                                         clknet_0_clk (net)
                  0.21    0.02    0.28 ^ clkbuf_3_2__f_clk/A (sky130_fd_sc_hd__clkbuf_16)
    18    0.10    0.11    0.24    0.51 ^ clkbuf_3_2__f_clk/X (sky130_fd_sc_hd__clkbuf_16)
                                         clknet_3_2__leaf_clk (net)
                  0.12    0.00    0.52 ^ clkbuf_leaf_12_clk/A (sky130_fd_sc_hd__clkbuf_8)
     7    0.03    0.06    0.17    0.68 ^ clkbuf_leaf_12_clk/X (sky130_fd_sc_hd__clkbuf_8)
                                         clknet_leaf_12_clk (net)
                  0.06    0.00    0.68 ^ _4599_/CLK (sky130_fd_sc_hd__dfrtp_4)
     4    0.03    0.09    0.51    1.20 v _4599_/Q (sky130_fd_sc_hd__dfrtp_4)
                                         IM.address[3] (net)
                  0.09    0.00    1.20 v _2155_/A (sky130_fd_sc_hd__or4b_4)
     3    0.02    0.11    0.59    1.79 v _2155_/X (sky130_fd_sc_hd__or4b_4)
                                         _0411_ (net)
                  0.11    0.00    1.80 v _2203_/A2_N (sky130_fd_sc_hd__o2bb2a_4)
     2    0.01    0.05    0.23    2.02 ^ _2203_/X (sky130_fd_sc_hd__o2bb2a_4)
                                         _0459_ (net)
                  0.05    0.00    2.02 ^ _2206_/A (sky130_fd_sc_hd__and3_4)
     3    0.03    0.10    0.22    2.24 ^ _2206_/X (sky130_fd_sc_hd__and3_4)
                                         _0462_ (net)
                  0.10    0.00    2.24 ^ _2216_/A (sky130_fd_sc_hd__buf_12)
    16    0.11    0.13    0.17    2.41 ^ _2216_/X (sky130_fd_sc_hd__buf_12)
                                         _0472_ (net)
                  0.14    0.03    2.44 ^ _2217_/A (sky130_fd_sc_hd__buf_12)
    20    0.13    0.16    0.20    2.64 ^ _2217_/X (sky130_fd_sc_hd__buf_12)
                                         _0473_ (net)
                  0.17    0.03    2.67 ^ _2299_/A (sky130_fd_sc_hd__buf_6)
    20    0.08    0.15    0.21    2.88 ^ _2299_/X (sky130_fd_sc_hd__buf_6)
                                         _0555_ (net)
                  0.15    0.01    2.89 ^ _2300_/A (sky130_fd_sc_hd__buf_4)
    20    0.08    0.21    0.27    3.15 ^ _2300_/X (sky130_fd_sc_hd__buf_4)
                                         _0556_ (net)
                  0.22    0.01    3.17 ^ _2301_/A (sky130_fd_sc_hd__buf_4)
    20    0.09    0.25    0.30    3.47 ^ _2301_/X (sky130_fd_sc_hd__buf_4)
                                         _0557_ (net)
                  0.25    0.01    3.48 ^ _2394_/A (sky130_fd_sc_hd__buf_4)
    20    0.09    0.24    0.31    3.78 ^ _2394_/X (sky130_fd_sc_hd__buf_4)
                                         _0650_ (net)
                  0.24    0.00    3.79 ^ _2583_/S (sky130_fd_sc_hd__mux2_1)
     1    0.01    0.07    0.37    4.15 v _2583_/X (sky130_fd_sc_hd__mux2_1)
                                         _0839_ (net)
                  0.07    0.00    4.15 v _2586_/A2 (sky130_fd_sc_hd__a211o_1)
     1    0.01    0.08    0.33    4.48 v _2586_/X (sky130_fd_sc_hd__a211o_1)
                                         _0842_ (net)
                  0.08    0.00    4.49 v _2587_/B1 (sky130_fd_sc_hd__o211a_1)
     2    0.02    0.13    0.22    4.70 v _2587_/X (sky130_fd_sc_hd__o211a_1)
                                         _0843_ (net)
                  0.13    0.00    4.71 v _2588_/B1 (sky130_fd_sc_hd__a21oi_4)
    10    0.05    0.36    0.33    5.04 ^ _2588_/Y (sky130_fd_sc_hd__a21oi_4)
                                         _0844_ (net)
                  0.36    0.00    5.04 ^ _2946_/B (sky130_fd_sc_hd__and4_1)
     1    0.01    0.12    0.30    5.34 ^ _2946_/X (sky130_fd_sc_hd__and4_1)
                                         _1197_ (net)
                  0.12    0.00    5.34 ^ _2954_/B (sky130_fd_sc_hd__and3_2)
    14    0.05    0.27    0.36    5.71 ^ _2954_/X (sky130_fd_sc_hd__and3_2)
                                         _1205_ (net)
                  0.27    0.01    5.72 ^ _2955_/A (sky130_fd_sc_hd__buf_2)
    20    0.06    0.30    0.35    6.07 ^ _2955_/X (sky130_fd_sc_hd__buf_2)
                                         _1206_ (net)
                  0.30    0.01    6.07 ^ _2956_/A (sky130_fd_sc_hd__buf_2)
    20    0.06    0.29    0.35    6.42 ^ _2956_/X (sky130_fd_sc_hd__buf_2)
                                         _1207_ (net)
                  0.29    0.01    6.43 ^ _3024_/B (sky130_fd_sc_hd__nand3_1)
     3    0.02    0.19    0.23    6.66 v _3024_/Y (sky130_fd_sc_hd__nand3_1)
                                         _1271_ (net)
                  0.19    0.00    6.67 v _3031_/A0 (sky130_fd_sc_hd__mux2_1)
     3    0.02    0.12    0.42    7.08 v _3031_/X (sky130_fd_sc_hd__mux2_1)
                                         _1278_ (net)
                  0.12    0.00    7.08 v _3173_/A0 (sky130_fd_sc_hd__mux2_1)
     2    0.01    0.07    0.33    7.41 v _3173_/X (sky130_fd_sc_hd__mux2_1)
                                         _1412_ (net)
                  0.07    0.00    7.41 v _3464_/A (sky130_fd_sc_hd__or2_1)
     1    0.00    0.05    0.23    7.65 v _3464_/X (sky130_fd_sc_hd__or2_1)
                                         _1687_ (net)
                  0.05    0.00    7.65 v _3465_/B1 (sky130_fd_sc_hd__o41a_2)
     2    0.04    0.15    0.19    7.84 v _3465_/X (sky130_fd_sc_hd__o41a_2)
                                         _1688_ (net)
                  0.15    0.01    7.85 v _3466_/B1 (sky130_fd_sc_hd__o21ai_4)
    14    0.13    0.90    0.34    8.19 ^ _3466_/Y (sky130_fd_sc_hd__o21ai_4)
                                         net23 (net)
                  0.90    0.05    8.24 ^ _3772_/A0 (sky130_fd_sc_hd__mux2_1)
     1    0.00    0.07    0.24    8.48 ^ _3772_/X (sky130_fd_sc_hd__mux2_1)
                                         _1867_ (net)
                  0.07    0.00    8.48 ^ _3773_/A (sky130_fd_sc_hd__clkbuf_1)
     1    0.00    0.04    0.09    8.57 ^ _3773_/X (sky130_fd_sc_hd__clkbuf_1)
                                         _0129_ (net)
                  0.04    0.00    8.57 ^ _4432_/D (sky130_fd_sc_hd__dfxtp_1)
                                  8.57   data arrival time

                         10.00   10.00   clock core_clock (rise edge)
                          0.00   10.00   clock source latency
     2    0.19    0.00    0.00   10.00 ^ clk (in)
                                         clk (net)
                  0.04    0.02   10.02 ^ clkbuf_0_clk/A (sky130_fd_sc_hd__clkbuf_16)
    16    0.19    0.21    0.24   10.26 ^ clkbuf_0_clk/X (sky130_fd_sc_hd__clkbuf_16)
                                         clknet_0_clk (net)
                  0.21    0.02   10.28 ^ clkbuf_3_5__f_clk/A (sky130_fd_sc_hd__clkbuf_16)
    22    0.11    0.12    0.24   10.52 ^ clkbuf_3_5__f_clk/X (sky130_fd_sc_hd__clkbuf_16)
                                         clknet_3_5__leaf_clk (net)
                  0.12    0.01   10.53 ^ clkbuf_leaf_45_clk/A (sky130_fd_sc_hd__clkbuf_8)
     6    0.02    0.05    0.16   10.69 ^ clkbuf_leaf_45_clk/X (sky130_fd_sc_hd__clkbuf_8)
                                         clknet_leaf_45_clk (net)
                  0.05    0.00   10.69 ^ _4432_/CLK (sky130_fd_sc_hd__dfxtp_1)
                          0.00   10.69   clock reconvergence pessimism
                         -0.05   10.64   library setup time
                                 10.64   data required time
-----------------------------------------------------------------------------
                                 10.64   data required time
                                 -8.57   data arrival time
-----------------------------------------------------------------------------
                                  2.07   slack (MET)




===========================================================================
report_checks --slack_max -0.01
============================================================================
======================= Fastest Corner ===================================

No paths found.

======================= Slowest Corner ===================================

Startpoint: _4599_ (rising edge-triggered flip-flop clocked by core_clock)
Endpoint: _4432_ (rising edge-triggered flip-flop clocked by core_clock)
Path Group: core_clock
Path Type: max
Corner: Slowest

Fanout     Cap    Slew   Delay    Time   Description
-----------------------------------------------------------------------------
                          0.00    0.00   clock core_clock (rise edge)
                          0.00    0.00   clock source latency
     2    0.19    0.00    0.00    0.00 ^ clk (in)
                                         clk (net)
                  0.04    0.02    0.02 ^ clkbuf_0_clk/A (sky130_fd_sc_hd__clkbuf_16)
    16    0.19    0.31    0.40    0.42 ^ clkbuf_0_clk/X (sky130_fd_sc_hd__clkbuf_16)
                                         clknet_0_clk (net)
                  0.31    0.02    0.43 ^ clkbuf_3_2__f_clk/A (sky130_fd_sc_hd__clkbuf_16)
    18    0.10    0.17    0.42    0.85 ^ clkbuf_3_2__f_clk/X (sky130_fd_sc_hd__clkbuf_16)
                                         clknet_3_2__leaf_clk (net)
                  0.17    0.00    0.85 ^ clkbuf_leaf_12_clk/A (sky130_fd_sc_hd__clkbuf_8)
     7    0.03    0.10    0.30    1.15 ^ clkbuf_leaf_12_clk/X (sky130_fd_sc_hd__clkbuf_8)
                                         clknet_leaf_12_clk (net)
                  0.10    0.00    1.15 ^ _4599_/CLK (sky130_fd_sc_hd__dfrtp_4)
     4    0.03    0.17    1.08    2.23 v _4599_/Q (sky130_fd_sc_hd__dfrtp_4)
                                         IM.address[3] (net)
                  0.17    0.00    2.23 v _2155_/A (sky130_fd_sc_hd__or4b_4)
     3    0.02    0.21    1.19    3.42 v _2155_/X (sky130_fd_sc_hd__or4b_4)
                                         _0411_ (net)
                  0.21    0.00    3.43 v _2203_/A2_N (sky130_fd_sc_hd__o2bb2a_4)
     2    0.01    0.08    0.44    3.86 ^ _2203_/X (sky130_fd_sc_hd__o2bb2a_4)
                                         _0459_ (net)
                  0.08    0.00    3.86 ^ _2206_/A (sky130_fd_sc_hd__and3_4)
     3    0.03    0.17    0.47    4.33 ^ _2206_/X (sky130_fd_sc_hd__and3_4)
                                         _0462_ (net)
                  0.17    0.00    4.33 ^ _2216_/A (sky130_fd_sc_hd__buf_12)
    16    0.11    0.21    0.32    4.65 ^ _2216_/X (sky130_fd_sc_hd__buf_12)
                                         _0472_ (net)
                  0.21    0.03    4.68 ^ _2217_/A (sky130_fd_sc_hd__buf_12)
    20    0.13    0.25    0.37    5.04 ^ _2217_/X (sky130_fd_sc_hd__buf_12)
                                         _0473_ (net)
                  0.25    0.03    5.07 ^ _2299_/A (sky130_fd_sc_hd__buf_6)
    20    0.07    0.24    0.39    5.46 ^ _2299_/X (sky130_fd_sc_hd__buf_6)
                                         _0555_ (net)
                  0.25    0.01    5.47 ^ _2300_/A (sky130_fd_sc_hd__buf_4)
    20    0.08    0.34    0.48    5.95 ^ _2300_/X (sky130_fd_sc_hd__buf_4)
                                         _0556_ (net)
                  0.34    0.01    5.96 ^ _2301_/A (sky130_fd_sc_hd__buf_4)
    20    0.09    0.39    0.56    6.52 ^ _2301_/X (sky130_fd_sc_hd__buf_4)
                                         _0557_ (net)
                  0.39    0.01    6.52 ^ _2394_/A (sky130_fd_sc_hd__buf_4)
    20    0.09    0.38    0.56    7.09 ^ _2394_/X (sky130_fd_sc_hd__buf_4)
                                         _0650_ (net)
                  0.38    0.00    7.09 ^ _2583_/S (sky130_fd_sc_hd__mux2_1)
     1    0.01    0.14    0.84    7.93 v _2583_/X (sky130_fd_sc_hd__mux2_1)
                                         _0839_ (net)
                  0.14    0.00    7.93 v _2586_/A2 (sky130_fd_sc_hd__a211o_1)
     1    0.01    0.14    0.63    8.56 v _2586_/X (sky130_fd_sc_hd__a211o_1)
                                         _0842_ (net)
                  0.14    0.00    8.56 v _2587_/B1 (sky130_fd_sc_hd__o211a_1)
     2    0.02    0.25    0.42    8.98 v _2587_/X (sky130_fd_sc_hd__o211a_1)
                                         _0843_ (net)
                  0.25    0.00    8.99 v _2588_/B1 (sky130_fd_sc_hd__a21oi_4)
    10    0.05    0.56    0.56    9.55 ^ _2588_/Y (sky130_fd_sc_hd__a21oi_4)
                                         _0844_ (net)
                  0.56    0.00    9.55 ^ _2946_/B (sky130_fd_sc_hd__and4_1)
     1    0.01    0.20    0.63   10.18 ^ _2946_/X (sky130_fd_sc_hd__and4_1)
                                         _1197_ (net)
                  0.20    0.00   10.18 ^ _2954_/B (sky130_fd_sc_hd__and3_2)
    14    0.05    0.44    0.70   10.89 ^ _2954_/X (sky130_fd_sc_hd__and3_2)
                                         _1205_ (net)
                  0.44    0.01   10.89 ^ _2955_/A (sky130_fd_sc_hd__buf_2)
    20    0.06    0.48    0.64   11.54 ^ _2955_/X (sky130_fd_sc_hd__buf_2)
                                         _1206_ (net)
                  0.48    0.01   11.54 ^ _2956_/A (sky130_fd_sc_hd__buf_2)
    20    0.06    0.46    0.64   12.19 ^ _2956_/X (sky130_fd_sc_hd__buf_2)
                                         _1207_ (net)
                  0.46    0.01   12.20 ^ _3024_/B (sky130_fd_sc_hd__nand3_1)
     3    0.02    0.43    0.53   12.73 v _3024_/Y (sky130_fd_sc_hd__nand3_1)
                                         _1271_ (net)
                  0.43    0.00   12.73 v _3031_/A0 (sky130_fd_sc_hd__mux2_1)
     3    0.02    0.24    0.94   13.67 v _3031_/X (sky130_fd_sc_hd__mux2_1)
                                         _1278_ (net)
                  0.24    0.00   13.67 v _3173_/A0 (sky130_fd_sc_hd__mux2_1)
     2    0.01    0.14    0.74   14.42 v _3173_/X (sky130_fd_sc_hd__mux2_1)
                                         _1412_ (net)
                  0.14    0.00   14.42 v _3464_/A (sky130_fd_sc_hd__or2_1)
     1    0.00    0.10    0.53   14.95 v _3464_/X (sky130_fd_sc_hd__or2_1)
                                         _1687_ (net)
                  0.10    0.00   14.95 v _3465_/B1 (sky130_fd_sc_hd__o41a_2)
     2    0.04    0.28    0.38   15.33 v _3465_/X (sky130_fd_sc_hd__o41a_2)
                                         _1688_ (net)
                  0.28    0.01   15.34 v _3466_/B1 (sky130_fd_sc_hd__o21ai_4)
    14    0.13    1.43    0.58   15.92 ^ _3466_/Y (sky130_fd_sc_hd__o21ai_4)
                                         net23 (net)
                  1.44    0.05   15.97 ^ _3772_/A0 (sky130_fd_sc_hd__mux2_1)
     1    0.00    0.12    0.61   16.59 ^ _3772_/X (sky130_fd_sc_hd__mux2_1)
                                         _1867_ (net)
                  0.12    0.00   16.59 ^ _3773_/A (sky130_fd_sc_hd__clkbuf_1)
     1    0.00    0.07    0.17   16.75 ^ _3773_/X (sky130_fd_sc_hd__clkbuf_1)
                                         _0129_ (net)
                  0.07    0.00   16.75 ^ _4432_/D (sky130_fd_sc_hd__dfxtp_1)
                                 16.75   data arrival time

                         10.00   10.00   clock core_clock (rise edge)
                          0.00   10.00   clock source latency
     2    0.19    0.00    0.00   10.00 ^ clk (in)
                                         clk (net)
                  0.04    0.02   10.02 ^ clkbuf_0_clk/A (sky130_fd_sc_hd__clkbuf_16)
    16    0.19    0.31    0.40   10.42 ^ clkbuf_0_clk/X (sky130_fd_sc_hd__clkbuf_16)
                                         clknet_0_clk (net)
                  0.31    0.02   10.43 ^ clkbuf_3_5__f_clk/A (sky130_fd_sc_hd__clkbuf_16)
    22    0.11    0.19    0.42   10.86 ^ clkbuf_3_5__f_clk/X (sky130_fd_sc_hd__clkbuf_16)
                                         clknet_3_5__leaf_clk (net)
                  0.19    0.01   10.87 ^ clkbuf_leaf_45_clk/A (sky130_fd_sc_hd__clkbuf_8)
     6    0.02    0.08    0.29   11.16 ^ clkbuf_leaf_45_clk/X (sky130_fd_sc_hd__clkbuf_8)
                                         clknet_leaf_45_clk (net)
                  0.08    0.00   11.16 ^ _4432_/CLK (sky130_fd_sc_hd__dfxtp_1)
                          0.00   11.16   clock reconvergence pessimism
                         -0.13   11.03   library setup time
                                 11.03   data required time
-----------------------------------------------------------------------------
                                 11.03   data required time
                                -16.75   data arrival time
-----------------------------------------------------------------------------
                                 -5.72   slack (VIOLATED)



======================= Typical Corner ===================================

No paths found.


===========================================================================
 report_check_types -max_slew -max_cap -max_fanout -violators
============================================================================
======================= Fastest Corner ===================================


max slew violations count Fastest: 0
max fanout violations count Fastest: 0
max cap violations count Fastest: 0
======================= Slowest Corner ===================================

max slew

Pin                                    Limit    Slew   Slack
------------------------------------------------------------
output28/A                              1.50    1.74   -0.24 (VIOLATED)
ANTENNA_output28_A/DIODE                1.50    1.74   -0.24 (VIOLATED)
_3584_/A1                               1.50    1.73   -0.23 (VIOLATED)
ANTENNA__3584__A1/DIODE                 1.50    1.73   -0.23 (VIOLATED)
_3720_/A0                               1.50    1.73   -0.23 (VIOLATED)
ANTENNA__3720__A0/DIODE                 1.50    1.73   -0.23 (VIOLATED)
_3651_/A0                               1.50    1.73   -0.23 (VIOLATED)
ANTENNA__3651__A0/DIODE                 1.50    1.73   -0.23 (VIOLATED)
_3517_/A0                               1.50    1.73   -0.23 (VIOLATED)
ANTENNA__3517__A0/DIODE                 1.50    1.73   -0.23 (VIOLATED)
_3014_/Y                                1.50    1.73   -0.23 (VIOLATED)
_4047_/A1                               1.50    1.73   -0.23 (VIOLATED)
ANTENNA__4047__A1/DIODE                 1.50    1.73   -0.23 (VIOLATED)
_4184_/A1                               1.50    1.73   -0.23 (VIOLATED)
ANTENNA__4184__A1/DIODE                 1.50    1.73   -0.23 (VIOLATED)
output25/A                              1.50    1.51   -0.01 (VIOLATED)
ANTENNA_output25_A/DIODE                1.50    1.51   -0.01 (VIOLATED)
ANTENNA__3582__A1/DIODE                 1.50    1.51   -0.01 (VIOLATED)
_3582_/A1                               1.50    1.51   -0.01 (VIOLATED)
ANTENNA__3649__A0/DIODE                 1.50    1.51   -0.01 (VIOLATED)
_3649_/A0                               1.50    1.51   -0.01 (VIOLATED)
ANTENNA__3718__A0/DIODE                 1.50    1.51   -0.01 (VIOLATED)
_3718_/A0                               1.50    1.51   -0.01 (VIOLATED)
_3515_/A0                               1.50    1.51   -0.01 (VIOLATED)
ANTENNA__3515__A0/DIODE                 1.50    1.51   -0.01 (VIOLATED)
_4045_/A1                               1.50    1.50   -0.00 (VIOLATED)
ANTENNA__4045__A1/DIODE                 1.50    1.50   -0.00 (VIOLATED)
_2996_/Y                                1.50    1.50   -0.00 (VIOLATED)
_4182_/A1                               1.50    1.50   -0.00 (VIOLATED)
ANTENNA__4182__A1/DIODE                 1.50    1.50   -0.00 (VIOLATED)

max capacitance

Pin                                    Limit     Cap   Slack
------------------------------------------------------------
_3014_/Y                                0.14    0.16   -0.02 (VIOLATED)
_2996_/Y                                0.14    0.14   -0.00 (VIOLATED)


max slew violations count Slowest: 30
max fanout violations count Slowest: 0
max cap violations count Slowest: 2
======================= Typical Corner ===================================


max slew violations count Typical: 0
max fanout violations count Typical: 0
max cap violations count Typical: 0

===========================================================================
report_parasitic_annotation -report_unannotated
============================================================================
Found 72 unannotated drivers.
 clkload0/Y
 clkload1/Y
 clkload10/Y
 clkload11/Y
 clkload12/Y
 clkload13/Y
 clkload14/Y
 clkload15/Y
 clkload16/Y
 clkload17/Y
 clkload18/Y
 clkload19/Y
 clkload2/Y
 clkload20/Y
 clkload21/Y
 clkload22/Y
 clkload23/Y
 clkload24/X
 clkload25/X
 clkload26/Y
 clkload27/Y
 clkload28/X
 clkload29/Y
 clkload3/X
 clkload30/Y
 clkload31/Y
 clkload32/Y
 clkload33/Y
 clkload34/X
 clkload35/Y
 clkload36/Y
 clkload37/Y
 clkload38/Y
 clkload39/Y
 clkload4/Y
 clkload40/Y
 clkload41/Y
 clkload42/Y
 clkload43/X
 clkload44/Y
 clkload45/Y
 clkload46/Y
 clkload47/Y
 clkload48/Y
 clkload49/Y
 clkload5/Y
 clkload50/Y
 clkload51/Y
 clkload52/Y
 clkload53/Y
 clkload54/Y
 clkload55/Y
 clkload56/Y
 clkload57/Y
 clkload58/Y
 clkload59/Y
 clkload6/Y
 clkload60/Y
 clkload61/Y
 clkload62/Y
 clkload63/Y
 clkload64/Y
 clkload65/Y
 clkload66/Y
 clkload67/Y
 clkload68/Y
 clkload69/X
 clkload7/Y
 clkload70/Y
 clkload71/X
 clkload8/Y
 clkload9/Y
Found 0 partially unannotated drivers.

===========================================================================
max slew violation count 30
max fanout violation count 0
max cap violation count 2
============================================================================

===========================================================================
check_setup -verbose -unconstrained_endpoints -multiple_clock -no_clock -no_input_delay -loops -generated_clocks
===========================================================================
Warning: There are 2 input ports missing set_input_delay.
  control
  reset
Warning: There are 32 unconstrained endpoints.
  ALUresult[0]
  ALUresult[10]
  ALUresult[11]
  ALUresult[12]
  ALUresult[13]
  ALUresult[14]
  ALUresult[15]
  ALUresult[16]
  ALUresult[17]
  ALUresult[18]
  ALUresult[19]
  ALUresult[1]
  ALUresult[20]
  ALUresult[21]
  ALUresult[22]
  ALUresult[23]
  ALUresult[24]
  ALUresult[25]
  ALUresult[26]
  ALUresult[27]
  ALUresult[28]
  ALUresult[29]
  ALUresult[2]
  ALUresult[30]
  ALUresult[31]
  ALUresult[3]
  ALUresult[4]
  ALUresult[5]
  ALUresult[6]
  ALUresult[7]
  ALUresult[8]
  ALUresult[9]
