
===========================================================================
report_checks -unconstrained
===========================================================================
======================= Typical Corner ===================================

Startpoint: A2[0] (input port clocked by clk)
Endpoint: alu_out[29] (output port clocked by clk)
Path Group: clk
Path Type: max

Fanout     Cap    Slew   Delay    Time   Description
-----------------------------------------------------------------------------
                  0.15    0.00    0.00   clock clk (rise edge)
                          0.00    0.00   clock network delay (ideal)
                          2.00    2.00 ^ input external delay
     4    0.01    0.07    0.05    2.05 ^ A2[0] (in)
                                         A2[0] (net)
                  0.07    0.00    2.05 ^ _4285_/A (sky130_fd_sc_hd__buf_4)
    10    0.06    0.16    0.21    2.26 ^ _4285_/X (sky130_fd_sc_hd__buf_4)
                                         _1041_ (net)
                  0.16    0.00    2.27 ^ _4333_/A (sky130_fd_sc_hd__buf_4)
    10    0.06    0.16    0.25    2.51 ^ _4333_/X (sky130_fd_sc_hd__buf_4)
                                         _1089_ (net)
                  0.16    0.01    2.52 ^ _4463_/A (sky130_fd_sc_hd__buf_4)
    10    0.06    0.17    0.26    2.78 ^ _4463_/X (sky130_fd_sc_hd__buf_4)
                                         _1219_ (net)
                  0.17    0.00    2.78 ^ _4631_/S0 (sky130_fd_sc_hd__mux4_1)
     1    0.00    0.09    0.59    3.37 v _4631_/X (sky130_fd_sc_hd__mux4_1)
                                         _1387_ (net)
                  0.09    0.00    3.37 v _4634_/A1 (sky130_fd_sc_hd__mux4_1)
     1    0.00    0.10    0.55    3.92 v _4634_/X (sky130_fd_sc_hd__mux4_1)
                                         _1390_ (net)
                  0.10    0.00    3.92 v _4643_/A2 (sky130_fd_sc_hd__o21ai_2)
     3    0.02    0.22    0.24    4.16 ^ _4643_/Y (sky130_fd_sc_hd__o21ai_2)
                                         _1399_ (net)
                  0.22    0.00    4.16 ^ _4660_/A (sky130_fd_sc_hd__nand2_2)
     6    0.02    0.11    0.14    4.30 v _4660_/Y (sky130_fd_sc_hd__nand2_2)
                                         _1416_ (net)
                  0.11    0.00    4.30 v _5913_/A_N (sky130_fd_sc_hd__and4b_1)
     5    0.02    0.17    0.38    4.68 ^ _5913_/X (sky130_fd_sc_hd__and4b_1)
                                         _2657_ (net)
                  0.17    0.00    4.68 ^ _5914_/A (sky130_fd_sc_hd__buf_2)
    10    0.03    0.15    0.24    4.91 ^ _5914_/X (sky130_fd_sc_hd__buf_2)
                                         _2658_ (net)
                  0.15    0.00    4.91 ^ _5915_/C (sky130_fd_sc_hd__or3_1)
     2    0.01    0.07    0.15    5.06 ^ _5915_/X (sky130_fd_sc_hd__or3_1)
                                         _2659_ (net)
                  0.07    0.00    5.06 ^ _5917_/A1 (sky130_fd_sc_hd__a21o_1)
     4    0.01    0.10    0.16    5.22 ^ _5917_/X (sky130_fd_sc_hd__a21o_1)
                                         _2661_ (net)
                  0.10    0.00    5.22 ^ _5919_/A (sky130_fd_sc_hd__nand2_1)
     3    0.01    0.06    0.09    5.31 v _5919_/Y (sky130_fd_sc_hd__nand2_1)
                                         _2663_ (net)
                  0.06    0.00    5.31 v _6005_/A (sky130_fd_sc_hd__or4_1)
     3    0.01    0.12    0.59    5.90 v _6005_/X (sky130_fd_sc_hd__or4_1)
                                         _2745_ (net)
                  0.12    0.00    5.90 v _6078_/C (sky130_fd_sc_hd__or4b_2)
     2    0.01    0.13    0.70    6.61 v _6078_/X (sky130_fd_sc_hd__or4b_2)
                                         _2814_ (net)
                  0.13    0.00    6.61 v _6147_/A1 (sky130_fd_sc_hd__a311o_1)
     2    0.00    0.06    0.32    6.92 v _6147_/X (sky130_fd_sc_hd__a311o_1)
                                         _2879_ (net)
                  0.06    0.00    6.92 v _6153_/A1 (sky130_fd_sc_hd__a21oi_1)
     4    0.01    0.27    0.25    7.18 ^ _6153_/Y (sky130_fd_sc_hd__a21oi_1)
                                         _2885_ (net)
                  0.27    0.00    7.18 ^ _6212_/A1 (sky130_fd_sc_hd__a21bo_1)
     3    0.01    0.10    0.21    7.38 ^ _6212_/X (sky130_fd_sc_hd__a21bo_1)
                                         _2940_ (net)
                  0.10    0.00    7.38 ^ _6227_/A2 (sky130_fd_sc_hd__a21oi_1)
     2    0.00    0.08    0.09    7.47 v _6227_/Y (sky130_fd_sc_hd__a21oi_1)
                                         _2954_ (net)
                  0.08    0.00    7.47 v _6228_/B (sky130_fd_sc_hd__or2_1)
     1    0.00    0.05    0.22    7.69 v _6228_/X (sky130_fd_sc_hd__or2_1)
                                         _2955_ (net)
                  0.05    0.00    7.69 v _6230_/B (sky130_fd_sc_hd__and3_1)
     1    0.00    0.04    0.17    7.86 v _6230_/X (sky130_fd_sc_hd__and3_1)
                                         _2957_ (net)
                  0.04    0.00    7.86 v _6238_/A (sky130_fd_sc_hd__or3_2)
     1    0.02    0.13    0.58    8.43 v _6238_/X (sky130_fd_sc_hd__or3_2)
                                         _2965_ (net)
                  0.13    0.00    8.44 v _6239_/A (sky130_fd_sc_hd__clkbuf_1)
     1    0.00    0.02    0.13    8.56 v _6239_/X (sky130_fd_sc_hd__clkbuf_1)
                                         net70 (net)
                  0.02    0.00    8.56 v output70/A (sky130_fd_sc_hd__buf_2)
     1    0.03    0.09    0.18    8.74 v output70/X (sky130_fd_sc_hd__buf_2)
                                         alu_out[29] (net)
                  0.09    0.00    8.74 v alu_out[29] (out)
                                  8.74   data arrival time

                  0.15   10.00   10.00   clock clk (rise edge)
                          0.00   10.00   clock network delay (ideal)
                         -0.25    9.75   clock uncertainty
                          0.00    9.75   clock reconvergence pessimism
                         -2.00    7.75   output external delay
                                  7.75   data required time
-----------------------------------------------------------------------------
                                  7.75   data required time
                                 -8.74   data arrival time
-----------------------------------------------------------------------------
                                 -0.99   slack (VIOLATED)




===========================================================================
report_checks --slack_max -0.01
============================================================================
======================= Typical Corner ===================================

Startpoint: A2[0] (input port clocked by clk)
Endpoint: alu_out[29] (output port clocked by clk)
Path Group: clk
Path Type: max

Fanout     Cap    Slew   Delay    Time   Description
-----------------------------------------------------------------------------
                  0.15    0.00    0.00   clock clk (rise edge)
                          0.00    0.00   clock network delay (ideal)
                          2.00    2.00 ^ input external delay
     4    0.01    0.07    0.05    2.05 ^ A2[0] (in)
                                         A2[0] (net)
                  0.07    0.00    2.05 ^ _4285_/A (sky130_fd_sc_hd__buf_4)
    10    0.06    0.16    0.21    2.26 ^ _4285_/X (sky130_fd_sc_hd__buf_4)
                                         _1041_ (net)
                  0.16    0.00    2.27 ^ _4333_/A (sky130_fd_sc_hd__buf_4)
    10    0.06    0.16    0.25    2.51 ^ _4333_/X (sky130_fd_sc_hd__buf_4)
                                         _1089_ (net)
                  0.16    0.01    2.52 ^ _4463_/A (sky130_fd_sc_hd__buf_4)
    10    0.06    0.17    0.26    2.78 ^ _4463_/X (sky130_fd_sc_hd__buf_4)
                                         _1219_ (net)
                  0.17    0.00    2.78 ^ _4631_/S0 (sky130_fd_sc_hd__mux4_1)
     1    0.00    0.09    0.59    3.37 v _4631_/X (sky130_fd_sc_hd__mux4_1)
                                         _1387_ (net)
                  0.09    0.00    3.37 v _4634_/A1 (sky130_fd_sc_hd__mux4_1)
     1    0.00    0.10    0.55    3.92 v _4634_/X (sky130_fd_sc_hd__mux4_1)
                                         _1390_ (net)
                  0.10    0.00    3.92 v _4643_/A2 (sky130_fd_sc_hd__o21ai_2)
     3    0.02    0.22    0.24    4.16 ^ _4643_/Y (sky130_fd_sc_hd__o21ai_2)
                                         _1399_ (net)
                  0.22    0.00    4.16 ^ _4660_/A (sky130_fd_sc_hd__nand2_2)
     6    0.02    0.11    0.14    4.30 v _4660_/Y (sky130_fd_sc_hd__nand2_2)
                                         _1416_ (net)
                  0.11    0.00    4.30 v _5913_/A_N (sky130_fd_sc_hd__and4b_1)
     5    0.02    0.17    0.38    4.68 ^ _5913_/X (sky130_fd_sc_hd__and4b_1)
                                         _2657_ (net)
                  0.17    0.00    4.68 ^ _5914_/A (sky130_fd_sc_hd__buf_2)
    10    0.03    0.15    0.24    4.91 ^ _5914_/X (sky130_fd_sc_hd__buf_2)
                                         _2658_ (net)
                  0.15    0.00    4.91 ^ _5915_/C (sky130_fd_sc_hd__or3_1)
     2    0.01    0.07    0.15    5.06 ^ _5915_/X (sky130_fd_sc_hd__or3_1)
                                         _2659_ (net)
                  0.07    0.00    5.06 ^ _5917_/A1 (sky130_fd_sc_hd__a21o_1)
     4    0.01    0.10    0.16    5.22 ^ _5917_/X (sky130_fd_sc_hd__a21o_1)
                                         _2661_ (net)
                  0.10    0.00    5.22 ^ _5919_/A (sky130_fd_sc_hd__nand2_1)
     3    0.01    0.06    0.09    5.31 v _5919_/Y (sky130_fd_sc_hd__nand2_1)
                                         _2663_ (net)
                  0.06    0.00    5.31 v _6005_/A (sky130_fd_sc_hd__or4_1)
     3    0.01    0.12    0.59    5.90 v _6005_/X (sky130_fd_sc_hd__or4_1)
                                         _2745_ (net)
                  0.12    0.00    5.90 v _6078_/C (sky130_fd_sc_hd__or4b_2)
     2    0.01    0.13    0.70    6.61 v _6078_/X (sky130_fd_sc_hd__or4b_2)
                                         _2814_ (net)
                  0.13    0.00    6.61 v _6147_/A1 (sky130_fd_sc_hd__a311o_1)
     2    0.00    0.06    0.32    6.92 v _6147_/X (sky130_fd_sc_hd__a311o_1)
                                         _2879_ (net)
                  0.06    0.00    6.92 v _6153_/A1 (sky130_fd_sc_hd__a21oi_1)
     4    0.01    0.27    0.25    7.18 ^ _6153_/Y (sky130_fd_sc_hd__a21oi_1)
                                         _2885_ (net)
                  0.27    0.00    7.18 ^ _6212_/A1 (sky130_fd_sc_hd__a21bo_1)
     3    0.01    0.10    0.21    7.38 ^ _6212_/X (sky130_fd_sc_hd__a21bo_1)
                                         _2940_ (net)
                  0.10    0.00    7.38 ^ _6227_/A2 (sky130_fd_sc_hd__a21oi_1)
     2    0.00    0.08    0.09    7.47 v _6227_/Y (sky130_fd_sc_hd__a21oi_1)
                                         _2954_ (net)
                  0.08    0.00    7.47 v _6228_/B (sky130_fd_sc_hd__or2_1)
     1    0.00    0.05    0.22    7.69 v _6228_/X (sky130_fd_sc_hd__or2_1)
                                         _2955_ (net)
                  0.05    0.00    7.69 v _6230_/B (sky130_fd_sc_hd__and3_1)
     1    0.00    0.04    0.17    7.86 v _6230_/X (sky130_fd_sc_hd__and3_1)
                                         _2957_ (net)
                  0.04    0.00    7.86 v _6238_/A (sky130_fd_sc_hd__or3_2)
     1    0.02    0.13    0.58    8.43 v _6238_/X (sky130_fd_sc_hd__or3_2)
                                         _2965_ (net)
                  0.13    0.00    8.44 v _6239_/A (sky130_fd_sc_hd__clkbuf_1)
     1    0.00    0.02    0.13    8.56 v _6239_/X (sky130_fd_sc_hd__clkbuf_1)
                                         net70 (net)
                  0.02    0.00    8.56 v output70/A (sky130_fd_sc_hd__buf_2)
     1    0.03    0.09    0.18    8.74 v output70/X (sky130_fd_sc_hd__buf_2)
                                         alu_out[29] (net)
                  0.09    0.00    8.74 v alu_out[29] (out)
                                  8.74   data arrival time

                  0.15   10.00   10.00   clock clk (rise edge)
                          0.00   10.00   clock network delay (ideal)
                         -0.25    9.75   clock uncertainty
                          0.00    9.75   clock reconvergence pessimism
                         -2.00    7.75   output external delay
                                  7.75   data required time
-----------------------------------------------------------------------------
                                  7.75   data required time
                                 -8.74   data arrival time
-----------------------------------------------------------------------------
                                 -0.99   slack (VIOLATED)




===========================================================================
 report_check_types -max_slew -max_cap -max_fanout -violators
============================================================================
======================= Typical Corner ===================================


max slew violations count Typical: 0
max fanout violations count Typical: 0
max cap violations count Typical: 0

===========================================================================
report_parasitic_annotation -report_unannotated
============================================================================
Found 1 unannotated drivers.
 clk
Found 0 partially unannotated drivers.

===========================================================================
max slew violation count 0
max fanout violation count 0
max cap violation count 0
============================================================================

===========================================================================
check_setup -verbose -unconstrained_endpoints -multiple_clock -no_clock -no_input_delay -loops -generated_clocks
===========================================================================
