OpenROAD b16bda7e82721d10566ff7e2b68f1ff0be9f9e38 
Features included (+) or not (-): +Charts +GPU +GUI +Python
This program is licensed under the BSD-3 license. See the LICENSE file for details.
Components of this program may be licensed under more restrictive licenses which must be honored.
define_corners Typical
read_liberty -corner Typical /home/talha/volare_pdks/sky130A/libs.ref/sky130_fd_sc_hd/lib/sky130_fd_sc_hd__tt_025C_1v80.lib
Using 1e-12 for capacitance...
Using 1e+03 for resistance...
Using 1e-09 for time...
Using 1e+00 for voltage...
Using 1e-03 for current...
Using 1e-09 for power...
Using 1e-06 for distance...
[INFO]: Reading ODB at '/openlane/designs/project_2/runs/RUN_2025.05.04_12.05.36/results/routing/ALU.odb'…
Reading design constraints file at '/openlane/scripts/base.sdc'…
[INFO]: Setting output delay to: 2.0
[INFO]: Setting input delay to: 2.0
[WARNING STA-0366] port '__VIRTUAL_CLK__' not found.
[INFO]: Setting load to: 0.033442
[INFO]: Setting clock uncertainty to: 0.25
[INFO]: Setting clock transition to: 0.15
[WARNING STA-0419] transition time can not be specified for virtual clocks.
[INFO]: Setting timing derate to: 5.0 %
Net: _055_
  Pin: _379_/B (sky130_fd_sc_hd__nor2_1)
    Layer: met4
      Partial area ratio:   78.59
      Required ratio:    0.00 (Gate area) 
      Partial area ratio:  421.70
      Required ratio: 3139.08 (Side area) 
      Cumulative area ratio:  276.67
      Required ratio:    0.00 (Cumulative area) 
      Cumulative area ratio: 1526.24
      Required ratio:    0.00 (Cumulative side area) 

    Layer: met3
      Partial area ratio:    4.55
      Required ratio:    0.00 (Gate area) 
      Partial area ratio:   26.18
      Required ratio: 2773.88 (Side area) 
      Cumulative area ratio:    6.83
      Required ratio:    0.00 (Cumulative area) 
      Cumulative area ratio:   38.77
      Required ratio:    0.00 (Cumulative side area) 

    Layer: met2
      Partial area ratio:    0.37
      Required ratio:    0.00 (Gate area) 
      Partial area ratio:    2.23
      Required ratio: 2773.88 (Side area) 
      Cumulative area ratio:    2.28
      Required ratio:    0.00 (Cumulative area) 
      Cumulative area ratio:   12.59
      Required ratio:    0.00 (Cumulative side area) 

    Layer: met1
      Partial area ratio:    1.91
      Required ratio:    0.00 (Gate area) 
      Partial area ratio:   10.35
      Required ratio: 2773.88 (Side area) 
      Cumulative area ratio:    1.91
      Required ratio:    0.00 (Cumulative area) 
      Cumulative area ratio:   10.35
      Required ratio:    0.00 (Cumulative side area) 

    Layer: li1
      Partial area ratio:    0.00
      Required ratio:    0.00 (Gate area) 
      Partial area ratio:    0.00
      Required ratio:   75.00 (Side area) 
      Cumulative area ratio:    0.00
      Required ratio:    0.00 (Cumulative area) 
      Cumulative area ratio:    0.00
      Required ratio:    0.00 (Cumulative side area) 

    Via: M3M4_PR
      Partial area ratio:    0.16
      Required ratio:    6.00 (Gate area) 
      Cumulative area ratio:    0.53
      Required ratio:    0.00 (Cumulative area) 

    Via: M2M3_PR
      Partial area ratio:    0.16
      Required ratio:    6.00 (Gate area) 
      Cumulative area ratio:    0.37
      Required ratio:    0.00 (Cumulative area) 

    Via: M1M2_PR
      Partial area ratio:    0.09
      Required ratio:    6.00 (Gate area) 
      Cumulative area ratio:    0.21
      Required ratio:    0.00 (Cumulative area) 

    Via: L1M1_PR_MR
      Partial area ratio:    0.12
      Required ratio:    3.00 (Gate area) 
      Cumulative area ratio:    0.12
      Required ratio:    0.00 (Cumulative area) 

  Pin: _378_/B (sky130_fd_sc_hd__and2_2)
    Layer: met4
      Partial area ratio:   78.59
      Required ratio:    0.00 (Gate area) 
      Partial area ratio:  421.70
      Required ratio: 3139.08 (Side area) 
      Cumulative area ratio:  270.19
      Required ratio:    0.00 (Cumulative area) 
      Cumulative area ratio: 1489.98
      Required ratio:    0.00 (Cumulative side area) 

    Layer: met3
      Partial area ratio:  191.26
      Required ratio:    0.00 (Gate area) 
      Partial area ratio: 1065.78
      Required ratio:  400.00 (Side area) (VIOLATED)
      Cumulative area ratio:  191.61
      Required ratio:    0.00 (Cumulative area) 
      Cumulative area ratio: 1068.28
      Required ratio:    0.00 (Cumulative side area) 

    Layer: met2
      Partial area ratio:    0.34
      Required ratio:    0.00 (Gate area) 
      Partial area ratio:    2.50
      Required ratio:  400.00 (Side area) 
      Cumulative area ratio:    0.34
      Required ratio:    0.00 (Cumulative area) 
      Cumulative area ratio:    2.50
      Required ratio:    0.00 (Cumulative side area) 

    Layer: met1
      Partial area ratio:    0.00
      Required ratio:    0.00 (Gate area) 
      Partial area ratio:    0.00
      Required ratio:  400.00 (Side area) 
      Cumulative area ratio:    0.00
      Required ratio:    0.00 (Cumulative area) 
      Cumulative area ratio:    0.00
      Required ratio:    0.00 (Cumulative side area) 

    Layer: li1
      Partial area ratio:    0.00
      Required ratio:    0.00 (Gate area) 
      Partial area ratio:    0.00
      Required ratio:   75.00 (Side area) 
      Cumulative area ratio:    0.00
      Required ratio:    0.00 (Cumulative area) 
      Cumulative area ratio:    0.00
      Required ratio:    0.00 (Cumulative side area) 

    Via: M3M4_PR
      Partial area ratio:    0.63
      Required ratio:    6.00 (Gate area) 
      Cumulative area ratio:    1.36
      Required ratio:    0.00 (Cumulative area) 

    Via: M2M3_PR
      Partial area ratio:    0.32
      Required ratio:    6.00 (Gate area) 
      Cumulative area ratio:    0.73
      Required ratio:    0.00 (Cumulative area) 

    Via: M1M2_PR
      Partial area ratio:    0.18
      Required ratio:    6.00 (Gate area) 
      Cumulative area ratio:    0.41
      Required ratio:    0.00 (Cumulative area) 

    Via: L1M1_PR_MR
      Partial area ratio:    0.23
      Required ratio:    3.00 (Gate area) 
      Cumulative area ratio:    0.23
      Required ratio:    0.00 (Cumulative area) 


Net: _113_
  Pin: _438_/D1 (sky130_fd_sc_hd__a2111oi_4)
    Layer: met4
      Partial area ratio:   21.66
      Required ratio:    0.00 (Gate area) 
      Partial area ratio:  117.22
      Required ratio: 3274.00 (Side area) 
      Cumulative area ratio:  187.09
      Required ratio:    0.00 (Cumulative area) 
      Cumulative area ratio: 1034.35
      Required ratio:    0.00 (Cumulative side area) 

    Layer: met3
      Partial area ratio:    0.72
      Required ratio:    0.00 (Gate area) 
      Partial area ratio:    4.32
      Required ratio:  400.00 (Side area) 
      Cumulative area ratio:    0.81
      Required ratio:    0.00 (Cumulative area) 
      Cumulative area ratio:    4.87
      Required ratio:    0.00 (Cumulative side area) 

    Layer: met2
      Partial area ratio:    0.09
      Required ratio:    0.00 (Gate area) 
      Partial area ratio:    0.56
      Required ratio:  400.00 (Side area) 
      Cumulative area ratio:    0.09
      Required ratio:    0.00 (Cumulative area) 
      Cumulative area ratio:    0.56
      Required ratio:    0.00 (Cumulative side area) 

    Layer: met1
      Partial area ratio:    0.00
      Required ratio:    0.00 (Gate area) 
      Partial area ratio:    0.00
      Required ratio:  400.00 (Side area) 
      Cumulative area ratio:    0.00
      Required ratio:    0.00 (Cumulative area) 
      Cumulative area ratio:    0.00
      Required ratio:    0.00 (Cumulative side area) 

    Layer: li1
      Partial area ratio:    0.00
      Required ratio:    0.00 (Gate area) 
      Partial area ratio:    0.00
      Required ratio:   75.00 (Side area) 
      Cumulative area ratio:    0.00
      Required ratio:    0.00 (Cumulative area) 
      Cumulative area ratio:    0.00
      Required ratio:    0.00 (Cumulative side area) 

    Via: M3M4_PR
      Partial area ratio:    0.04
      Required ratio:    6.00 (Gate area) 
      Cumulative area ratio:    0.13
      Required ratio:    0.00 (Cumulative area) 

    Via: M2M3_PR
      Partial area ratio:    0.04
      Required ratio:    6.00 (Gate area) 
      Cumulative area ratio:    0.09
      Required ratio:    0.00 (Cumulative area) 

    Via: M1M2_PR
      Partial area ratio:    0.02
      Required ratio:    6.00 (Gate area) 
      Cumulative area ratio:    0.05
      Required ratio:    0.00 (Cumulative area) 

    Via: L1M1_PR_MR
      Partial area ratio:    0.03
      Required ratio:    3.00 (Gate area) 
      Cumulative area ratio:    0.03
      Required ratio:    0.00 (Cumulative area) 

  Pin: _439_/A (sky130_fd_sc_hd__or2_1)
    Layer: met4
      Partial area ratio:   21.66
      Required ratio:    0.00 (Gate area) 
      Partial area ratio:  117.22
      Required ratio: 3274.00 (Side area) 
      Cumulative area ratio:  186.62
      Required ratio:    0.00 (Cumulative area) 
      Cumulative area ratio: 1031.97
      Required ratio:    0.00 (Cumulative side area) 

    Layer: met3
      Partial area ratio:  164.62
      Required ratio:    0.00 (Gate area) 
      Partial area ratio:  912.25
      Required ratio:  400.00 (Side area) (VIOLATED)
      Cumulative area ratio:  164.96
      Required ratio:    0.00 (Cumulative area) 
      Cumulative area ratio:  914.75
      Required ratio:    0.00 (Cumulative side area) 

    Layer: met2
      Partial area ratio:    0.34
      Required ratio:    0.00 (Gate area) 
      Partial area ratio:    2.50
      Required ratio:  400.00 (Side area) 
      Cumulative area ratio:    0.34
      Required ratio:    0.00 (Cumulative area) 
      Cumulative area ratio:    2.50
      Required ratio:    0.00 (Cumulative side area) 

    Layer: met1
      Partial area ratio:    0.00
      Required ratio:    0.00 (Gate area) 
      Partial area ratio:    0.00
      Required ratio:  400.00 (Side area) 
      Cumulative area ratio:    0.00
      Required ratio:    0.00 (Cumulative area) 
      Cumulative area ratio:    0.00
      Required ratio:    0.00 (Cumulative side area) 

    Layer: li1
      Partial area ratio:    0.00
      Required ratio:    0.00 (Gate area) 
      Partial area ratio:    0.00
      Required ratio:   75.00 (Side area) 
      Cumulative area ratio:    0.00
      Required ratio:    0.00 (Cumulative area) 
      Cumulative area ratio:    0.00
      Required ratio:    0.00 (Cumulative side area) 

    Via: M3M4_PR
      Partial area ratio:    0.63
      Required ratio:    6.00 (Gate area) 
      Cumulative area ratio:    1.36
      Required ratio:    0.00 (Cumulative area) 

    Via: M2M3_PR
      Partial area ratio:    0.32
      Required ratio:    6.00 (Gate area) 
      Cumulative area ratio:    0.73
      Required ratio:    0.00 (Cumulative area) 

    Via: M1M2_PR
      Partial area ratio:    0.18
      Required ratio:    6.00 (Gate area) 
      Cumulative area ratio:    0.41
      Required ratio:    0.00 (Cumulative area) 

    Via: L1M1_PR_MR
      Partial area ratio:    0.23
      Required ratio:    3.00 (Gate area) 
      Cumulative area ratio:    0.23
      Required ratio:    0.00 (Cumulative area) 


Net: _114_
  Pin: _439_/B (sky130_fd_sc_hd__or2_1)
    Layer: met4
      Partial area ratio:   29.39
      Required ratio:    0.00 (Gate area) 
      Partial area ratio:  158.45
      Required ratio: 2784.80 (Side area) 
      Cumulative area ratio:  161.47
      Required ratio:    0.00 (Cumulative area) 
      Cumulative area ratio:  874.84
      Required ratio:    0.00 (Cumulative side area) 

    Layer: met3
      Partial area ratio:  131.36
      Required ratio:    0.00 (Gate area) 
      Partial area ratio:  712.00
      Required ratio:  400.00 (Side area) (VIOLATED)
      Cumulative area ratio:  132.08
      Required ratio:    0.00 (Cumulative area) 
      Cumulative area ratio:  716.39
      Required ratio:    0.00 (Cumulative side area) 

    Layer: met2
      Partial area ratio:    0.72
      Required ratio:    0.00 (Gate area) 
      Partial area ratio:    4.39
      Required ratio:  400.00 (Side area) 
      Cumulative area ratio:    0.72
      Required ratio:    0.00 (Cumulative area) 
      Cumulative area ratio:    4.39
      Required ratio:    0.00 (Cumulative side area) 

    Layer: met1
      Partial area ratio:    0.00
      Required ratio:    0.00 (Gate area) 
      Partial area ratio:    0.00
      Required ratio:  400.00 (Side area) 
      Cumulative area ratio:    0.00
      Required ratio:    0.00 (Cumulative area) 
      Cumulative area ratio:    0.00
      Required ratio:    0.00 (Cumulative side area) 

    Layer: li1
      Partial area ratio:    0.00
      Required ratio:    0.00 (Gate area) 
      Partial area ratio:    0.00
      Required ratio:   75.00 (Side area) 
      Cumulative area ratio:    0.00
      Required ratio:    0.00 (Cumulative area) 
      Cumulative area ratio:    0.00
      Required ratio:    0.00 (Cumulative side area) 

    Via: M3M4_PR
      Partial area ratio:    0.32
      Required ratio:    6.00 (Gate area) 
      Cumulative area ratio:    1.04
      Required ratio:    0.00 (Cumulative area) 

    Via: M2M3_PR
      Partial area ratio:    0.32
      Required ratio:    6.00 (Gate area) 
      Cumulative area ratio:    0.73
      Required ratio:    0.00 (Cumulative area) 

    Via: M1M2_PR
      Partial area ratio:    0.18
      Required ratio:    6.00 (Gate area) 
      Cumulative area ratio:    0.41
      Required ratio:    0.00 (Cumulative area) 

    Via: L1M1_PR_MR
      Partial area ratio:    0.23
      Required ratio:    3.00 (Gate area) 
      Cumulative area ratio:    0.23
      Required ratio:    0.00 (Cumulative area) 

  Pin: _438_/C1 (sky130_fd_sc_hd__a2111oi_4)
    Layer: met4
      Partial area ratio:   29.39
      Required ratio:    0.00 (Gate area) 
      Partial area ratio:  158.45
      Required ratio: 2784.80 (Side area) 
      Cumulative area ratio:   32.24
      Required ratio:    0.00 (Cumulative area) 
      Cumulative area ratio:  174.21
      Required ratio:    0.00 (Cumulative side area) 

    Layer: met3
      Partial area ratio:    2.67
      Required ratio:    0.00 (Gate area) 
      Partial area ratio:   14.72
      Required ratio:  400.00 (Side area) 
      Cumulative area ratio:    2.86
      Required ratio:    0.00 (Cumulative area) 
      Cumulative area ratio:   15.76
      Required ratio:    0.00 (Cumulative side area) 

    Layer: met2
      Partial area ratio:    0.19
      Required ratio:    0.00 (Gate area) 
      Partial area ratio:    1.04
      Required ratio:  400.00 (Side area) 
      Cumulative area ratio:    0.19
      Required ratio:    0.00 (Cumulative area) 
      Cumulative area ratio:    1.04
      Required ratio:    0.00 (Cumulative side area) 

    Layer: met1
      Partial area ratio:    0.00
      Required ratio:    0.00 (Gate area) 
      Partial area ratio:    0.00
      Required ratio:  400.00 (Side area) 
      Cumulative area ratio:    0.00
      Required ratio:    0.00 (Cumulative area) 
      Cumulative area ratio:    0.00
      Required ratio:    0.00 (Cumulative side area) 

    Layer: li1
      Partial area ratio:    0.00
      Required ratio:    0.00 (Gate area) 
      Partial area ratio:    0.00
      Required ratio:   75.00 (Side area) 
      Cumulative area ratio:    0.00
      Required ratio:    0.00 (Cumulative area) 
      Cumulative area ratio:    0.00
      Required ratio:    0.00 (Cumulative side area) 

    Via: M3M4_PR
      Partial area ratio:    0.04
      Required ratio:    6.00 (Gate area) 
      Cumulative area ratio:    0.13
      Required ratio:    0.00 (Cumulative area) 

    Via: M2M3_PR
      Partial area ratio:    0.04
      Required ratio:    6.00 (Gate area) 
      Cumulative area ratio:    0.09
      Required ratio:    0.00 (Cumulative area) 

    Via: M1M2_PR
      Partial area ratio:    0.02
      Required ratio:    6.00 (Gate area) 
      Cumulative area ratio:    0.05
      Required ratio:    0.00 (Cumulative area) 

    Via: L1M1_PR_MR
      Partial area ratio:    0.03
      Required ratio:    3.00 (Gate area) 
      Cumulative area ratio:    0.03
      Required ratio:    0.00 (Cumulative area) 


Net: net22
  Pin: output22/A (sky130_fd_sc_hd__buf_2)
    Layer: met4
      Partial area ratio:   36.49
      Required ratio:    0.00 (Gate area) 
      Partial area ratio:  197.64
      Required ratio: 2771.60 (Side area) 
      Cumulative area ratio:  151.46
      Required ratio:    0.00 (Cumulative area) 
      Cumulative area ratio:  814.36
      Required ratio:    0.00 (Cumulative side area) 

    Layer: met3
      Partial area ratio:  114.70
      Required ratio:    0.00 (Gate area) 
      Partial area ratio:  614.74
      Required ratio:  400.00 (Side area) (VIOLATED)
      Cumulative area ratio:  114.97
      Required ratio:    0.00 (Cumulative area) 
      Cumulative area ratio:  616.72
      Required ratio:    0.00 (Cumulative side area) 

    Layer: met2
      Partial area ratio:    0.27
      Required ratio:    0.00 (Gate area) 
      Partial area ratio:    1.98
      Required ratio:  400.00 (Side area) 
      Cumulative area ratio:    0.27
      Required ratio:    0.00 (Cumulative area) 
      Cumulative area ratio:    1.98
      Required ratio:    0.00 (Cumulative side area) 

    Layer: met1
      Partial area ratio:    0.00
      Required ratio:    0.00 (Gate area) 
      Partial area ratio:    0.00
      Required ratio:  400.00 (Side area) 
      Cumulative area ratio:    0.00
      Required ratio:    0.00 (Cumulative area) 
      Cumulative area ratio:    0.00
      Required ratio:    0.00 (Cumulative side area) 

    Layer: li1
      Partial area ratio:    0.00
      Required ratio:    0.00 (Gate area) 
      Partial area ratio:    0.00
      Required ratio:   75.00 (Side area) 
      Cumulative area ratio:    0.00
      Required ratio:    0.00 (Cumulative area) 
      Cumulative area ratio:    0.00
      Required ratio:    0.00 (Cumulative side area) 

    Via: M3M4_PR
      Partial area ratio:    0.25
      Required ratio:    6.00 (Gate area) 
      Cumulative area ratio:    0.83
      Required ratio:    0.00 (Cumulative area) 

    Via: M2M3_PR
      Partial area ratio:    0.25
      Required ratio:    6.00 (Gate area) 
      Cumulative area ratio:    0.57
      Required ratio:    0.00 (Cumulative area) 

    Via: M1M2_PR
      Partial area ratio:    0.14
      Required ratio:    6.00 (Gate area) 
      Cumulative area ratio:    0.32
      Required ratio:    0.00 (Cumulative area) 

    Via: L1M1_PR_MR
      Partial area ratio:    0.18
      Required ratio:    3.00 (Gate area) 
      Cumulative area ratio:    0.18
      Required ratio:    0.00 (Cumulative area) 


[INFO ANT-0002] Found 4 net violations.
[INFO ANT-0001] Found 4 pin violations.
