OpenROAD b16bda7e82721d10566ff7e2b68f1ff0be9f9e38 
Features included (+) or not (-): +Charts +GPU +GUI +Python
This program is licensed under the BSD-3 license. See the LICENSE file for details.
Components of this program may be licensed under more restrictive licenses which must be honored.
[INFO ODB-0227] LEF file: /openlane/designs/project_6/runs/RUN_2025.06.15_17.38.49/tmp/merged.nom.lef, created 13 layers, 25 vias, 441 library cells
[INFO ODB-0127] Reading DEF file: /openlane/designs/project_6/runs/RUN_2025.06.15_17.38.49/results/routing/TopModule.def
[INFO ODB-0128] Design: TopModule
[INFO ODB-0094] 		Created 100000 Insts
[INFO ODB-0094] 		Created 200000 Insts
[INFO ODB-0130]     Created 37 pins.
[INFO ODB-0131]     Created 269312 components and 1012784 component-terminals.
[INFO ODB-0132]     Created 2 special nets and 1001924 connections.
[INFO ODB-0133]     Created 2742 nets and 10788 connections.
[INFO ODB-0134] Finished DEF file: /openlane/designs/project_6/runs/RUN_2025.06.15_17.38.49/results/routing/TopModule.def
Top-level design name: TopModule
Found default power net 'VPWR'
Found default ground net 'VGND'
Found 1 power ports.
Found 1 ground ports.
Modified power connections of 269312/269312 cells.
