
Magic 8.3 revision 483 - Compiled on Sun Jun  2 18:57:41 UTC 2024.
Starting magic under Tcl interpreter
Using the terminal as the console.
Using NULL graphics device.
Processing system .magicrc file
Sourcing design .magicrc for technology sky130A ...
2 Magic internal units = 1 Lambda
Input style sky130(): scaleFactor=2, multiplier=2
The following types are not handled by extraction and will be treated as non-electrical types:
    ubm 
Scaled tech values by 2 / 1 to match internal grid scaling
Loading sky130A Device Generator Menu ...
Using technology "sky130A", version 1.0.466-0-gbdc9412
Warning: Calma reading is not undoable!  I hope that's OK.
Library written using GDS-II Release 3.0
Library name: TopModule
Reading "sky130_ef_sc_hd__decap_12".
Reading "sky130_fd_sc_hd__decap_3".
Reading "sky130_fd_sc_hd__fill_1".
Reading "sky130_fd_sc_hd__tapvpwrvgnd_1".
Reading "sky130_fd_sc_hd__buf_1".
Reading "sky130_fd_sc_hd__decap_4".
Reading "sky130_fd_sc_hd__fill_2".
Reading "sky130_fd_sc_hd__diode_2".
Reading "sky130_fd_sc_hd__decap_8".
Reading "sky130_fd_sc_hd__decap_6".
Reading "sky130_fd_sc_hd__dfxtp_1".
Reading "sky130_fd_sc_hd__clkbuf_1".
Reading "sky130_fd_sc_hd__mux2_1".
Reading "sky130_fd_sc_hd__clkbuf_4".
Reading "sky130_fd_sc_hd__clkinvlp_2".
Reading "sky130_fd_sc_hd__clkinv_1".
Reading "sky130_fd_sc_hd__clkinv_4".
Reading "sky130_fd_sc_hd__clkbuf_8".
Reading "sky130_fd_sc_hd__buf_4".
Reading "sky130_fd_sc_hd__mux2_2".
Reading "sky130_fd_sc_hd__bufinv_16".
Reading "sky130_fd_sc_hd__clkinvlp_4".
Reading "sky130_fd_sc_hd__buf_6".
Reading "sky130_fd_sc_hd__inv_6".
Reading "sky130_fd_sc_hd__nand2_1".
Reading "sky130_fd_sc_hd__bufinv_8".
Reading "sky130_fd_sc_hd__or2_1".
Reading "sky130_fd_sc_hd__o21ai_1".
Reading "sky130_fd_sc_hd__a31o_2".
Reading "sky130_fd_sc_hd__o21a_1".
Reading "sky130_fd_sc_hd__o221a_1".
Reading "sky130_fd_sc_hd__clkbuf_16".
Reading "sky130_fd_sc_hd__o211a_2".
Reading "sky130_fd_sc_hd__o21ai_2".
Reading "sky130_fd_sc_hd__o211a_1".
Reading "sky130_fd_sc_hd__mux2_4".
Reading "sky130_fd_sc_hd__a211o_1".
Reading "sky130_fd_sc_hd__o211ai_2".
Reading "sky130_fd_sc_hd__a22o_1".
Reading "sky130_fd_sc_hd__o211a_4".
Reading "sky130_fd_sc_hd__dlygate4sd1_1".
Reading "sky130_fd_sc_hd__dlymetal6s2s_1".
Reading "sky130_fd_sc_hd__buf_2".
Reading "sky130_fd_sc_hd__a21o_4".
Reading "sky130_fd_sc_hd__a2111o_1".
Reading "sky130_fd_sc_hd__a31o_4".
Reading "sky130_fd_sc_hd__a221o_1".
Reading "sky130_fd_sc_hd__a21o_1".
Reading "sky130_fd_sc_hd__a2111o_4".
Reading "sky130_fd_sc_hd__a31o_1".
Reading "sky130_fd_sc_hd__buf_8".
Reading "sky130_fd_sc_hd__nor2_1".
Reading "sky130_fd_sc_hd__buf_12".
Reading "sky130_fd_sc_hd__a32oi_2".
Reading "sky130_fd_sc_hd__o311a_1".
Reading "sky130_fd_sc_hd__o211ai_1".
Reading "sky130_fd_sc_hd__and3_4".
Reading "sky130_fd_sc_hd__o31a_2".
Reading "sky130_fd_sc_hd__nor2_2".
Reading "sky130_fd_sc_hd__and2_1".
Reading "sky130_fd_sc_hd__a21oi_1".
Reading "sky130_fd_sc_hd__nand2_4".
Reading "sky130_fd_sc_hd__a211o_4".
Reading "sky130_fd_sc_hd__nand2_8".
Reading "sky130_fd_sc_hd__a2bb2o_2".
Reading "sky130_fd_sc_hd__and2_2".
Reading "sky130_fd_sc_hd__a22oi_4".
Reading "sky130_fd_sc_hd__and2_4".
Reading "sky130_fd_sc_hd__nor3_2".
Reading "sky130_fd_sc_hd__or3_4".
Reading "sky130_fd_sc_hd__or2_4".
Reading "sky130_fd_sc_hd__o22a_1".
Reading "sky130_fd_sc_hd__o2bb2a_4".
Reading "sky130_fd_sc_hd__a21oi_2".
Reading "sky130_fd_sc_hd__a211oi_1".
Reading "sky130_fd_sc_hd__a22o_4".
Reading "sky130_fd_sc_hd__inv_2".
Reading "sky130_fd_sc_hd__a31oi_4".
Reading "sky130_fd_sc_hd__or3b_4".
Reading "sky130_fd_sc_hd__nand2_2".
Reading "sky130_fd_sc_hd__nor2_8".
Reading "sky130_fd_sc_hd__o22a_4".
Reading "sky130_fd_sc_hd__o22a_2".
Reading "sky130_fd_sc_hd__o2bb2a_2".
Reading "sky130_fd_sc_hd__a22o_2".
Reading "sky130_fd_sc_hd__a211o_2".
Reading "sky130_fd_sc_hd__and3_1".
Reading "sky130_fd_sc_hd__or2b_4".
Reading "sky130_fd_sc_hd__or2_2".
Reading "sky130_fd_sc_hd__nor2b_4".
Reading "sky130_fd_sc_hd__o22ai_4".
Reading "sky130_fd_sc_hd__or4b_4".
Reading "sky130_fd_sc_hd__or3_1".
Reading "sky130_fd_sc_hd__o21ai_4".
Reading "sky130_fd_sc_hd__a21bo_4".
Reading "sky130_fd_sc_hd__or2b_1".
Reading "sky130_fd_sc_hd__a21oi_4".
Reading "sky130_fd_sc_hd__or4_1".
Reading "sky130_fd_sc_hd__xor2_1".
Reading "sky130_fd_sc_hd__o221ai_1".
Reading "sky130_fd_sc_hd__xnor2_2".
Reading "sky130_fd_sc_hd__or3_2".
Reading "sky130_fd_sc_hd__xnor2_1".
Reading "sky130_fd_sc_hd__a21boi_2".
Reading "sky130_fd_sc_hd__nor2_4".
Reading "sky130_fd_sc_hd__a2bb2o_4".
Reading "sky130_fd_sc_hd__o31a_1".
Reading "sky130_fd_sc_hd__a2bb2o_1".
Reading "sky130_fd_sc_hd__dfrtp_4".
Reading "sky130_fd_sc_hd__and4_1".
Reading "sky130_fd_sc_hd__or4bb_4".
Reading "sky130_fd_sc_hd__clkbuf_2".
Reading "sky130_fd_sc_hd__dlygate4sd3_1".
Reading "sky130_fd_sc_hd__o2bb2ai_1".
Reading "sky130_fd_sc_hd__o2bb2a_1".
Reading "sky130_fd_sc_hd__a31oi_1".
Reading "sky130_fd_sc_hd__or4_4".
Reading "sky130_fd_sc_hd__or4b_1".
Reading "sky130_fd_sc_hd__and4_4".
Reading "sky130_fd_sc_hd__and3b_1".
Reading "sky130_fd_sc_hd__xor2_2".
Reading "sky130_fd_sc_hd__and3_2".
Reading "sky130_fd_sc_hd__nand3_1".
Reading "sky130_fd_sc_hd__o21a_2".
Reading "sky130_fd_sc_hd__a21bo_1".
Reading "sky130_fd_sc_hd__and2b_1".
Reading "sky130_fd_sc_hd__nor3_1".
Reading "sky130_fd_sc_hd__o21ba_1".
Reading "sky130_fd_sc_hd__o311a_4".
Reading "sky130_fd_sc_hd__o31ai_4".
Reading "sky130_fd_sc_hd__a211oi_2".
Reading "sky130_fd_sc_hd__a32o_1".
Reading "sky130_fd_sc_hd__a221oi_1".
Reading "sky130_fd_sc_hd__nand3_2".
Reading "sky130_fd_sc_hd__o41a_2".
Reading "sky130_fd_sc_hd__o21ba_2".
Reading "sky130_fd_sc_hd__o221a_2".
Reading "sky130_fd_sc_hd__o2111a_1".
Reading "TopModule".
    5000 uses
    10000 uses
    15000 uses
    20000 uses
    25000 uses
    30000 uses
    35000 uses
    40000 uses
    45000 uses
    50000 uses
    55000 uses
    60000 uses
    65000 uses
    70000 uses
    75000 uses
    80000 uses
    85000 uses
    90000 uses
    95000 uses
    100000 uses
    105000 uses
    110000 uses
    115000 uses
    120000 uses
    125000 uses
    130000 uses
    135000 uses
    140000 uses
    145000 uses
    150000 uses
    155000 uses
    160000 uses
    165000 uses
    170000 uses
    175000 uses
    180000 uses
    185000 uses
    190000 uses
    195000 uses
    200000 uses
    205000 uses
    210000 uses
    215000 uses
    220000 uses
    225000 uses
    230000 uses
    235000 uses
    240000 uses
    245000 uses
    250000 uses
    255000 uses
    260000 uses
    265000 uses
[INFO]: Loading TopModule

DRC style is now "drc(full)"
Loading DRC CIF style.
No errors found.
[INFO]: COUNT: 0
[INFO]: Should be divided by 3 or 4
[INFO]: DRC Checking DONE (/openlane/designs/project_6/runs/RUN_2025.06.15_17.38.49/reports/signoff/drc.rpt)
[INFO]: Saving mag view with DRC errors (/openlane/designs/project_6/runs/RUN_2025.06.15_17.38.49/results/signoff/TopModule.drc.mag)
[INFO]: Saved
