OpenROAD b16bda7e82721d10566ff7e2b68f1ff0be9f9e38 
Features included (+) or not (-): +Charts +GPU +GUI +Python
This program is licensed under the BSD-3 license. See the LICENSE file for details.
Components of this program may be licensed under more restrictive licenses which must be honored.
define_corners Typical
read_liberty -corner Typical /home/talha/volare_pdks/sky130A/libs.ref/sky130_fd_sc_hd/lib/sky130_fd_sc_hd__tt_025C_1v80.lib
Using 1e-12 for capacitance...
Using 1e+03 for resistance...
Using 1e-09 for time...
Using 1e+00 for voltage...
Using 1e-03 for current...
Using 1e-09 for power...
Using 1e-06 for distance...
[INFO]: Reading ODB at '/openlane/designs/project_6/runs/RUN_2025.06.15_17.38.49/results/routing/TopModule.odb'…
Reading design constraints file at '/openlane/designs/project_6/src/TopModule.sdc'…
Net: net15
  Pin: _4083_/A1 (sky130_fd_sc_hd__mux2_1)
    Layer: met2
      Partial area ratio:   48.15
      Required ratio:    0.00 (Gate area) 
      Partial area ratio:  243.43
      Required ratio: 4584.64 (Side area) 
      Cumulative area ratio:   52.20
      Required ratio:    0.00 (Cumulative area) 
      Cumulative area ratio:  265.99
      Required ratio:    0.00 (Cumulative side area) 

    Layer: met1
      Partial area ratio:    4.04
      Required ratio:    0.00 (Gate area) 
      Partial area ratio:   22.56
      Required ratio: 2773.88 (Side area) 
      Cumulative area ratio:    4.04
      Required ratio:    0.00 (Cumulative area) 
      Cumulative area ratio:   22.56
      Required ratio:    0.00 (Cumulative side area) 

    Layer: li1
      Partial area ratio:    0.00
      Required ratio:    0.00 (Gate area) 
      Partial area ratio:    0.00
      Required ratio:   75.00 (Side area) 
      Cumulative area ratio:    0.00
      Required ratio:    0.00 (Cumulative area) 
      Cumulative area ratio:    0.00
      Required ratio:    0.00 (Cumulative side area) 

    Via: M1M2_PR
      Partial area ratio:    0.36
      Required ratio:    6.00 (Gate area) 
      Cumulative area ratio:    0.59
      Required ratio:    0.00 (Cumulative area) 

    Via: L1M1_PR_MR
      Partial area ratio:    0.23
      Required ratio:    3.00 (Gate area) 
      Cumulative area ratio:    0.23
      Required ratio:    0.00 (Cumulative area) 

  Pin: _3756_/A0 (sky130_fd_sc_hd__mux2_1)
    Layer: met2
      Partial area ratio:   48.15
      Required ratio:    0.00 (Gate area) 
      Partial area ratio:  243.43
      Required ratio: 4584.64 (Side area) 
      Cumulative area ratio:   56.75
      Required ratio:    0.00 (Cumulative area) 
      Cumulative area ratio:  291.10
      Required ratio:    0.00 (Cumulative side area) 

    Layer: met1
      Partial area ratio:    4.56
      Required ratio:    0.00 (Gate area) 
      Partial area ratio:   25.11
      Required ratio: 2773.88 (Side area) 
      Cumulative area ratio:    4.56
      Required ratio:    0.00 (Cumulative area) 
      Cumulative area ratio:   25.11
      Required ratio:    0.00 (Cumulative side area) 

    Layer: li1
      Partial area ratio:    0.00
      Required ratio:    0.00 (Gate area) 
      Partial area ratio:    0.00
      Required ratio:   75.00 (Side area) 
      Cumulative area ratio:    0.00
      Required ratio:    0.00 (Cumulative area) 
      Cumulative area ratio:    0.00
      Required ratio:    0.00 (Cumulative side area) 

    Via: M1M2_PR
      Partial area ratio:    0.36
      Required ratio:    6.00 (Gate area) 
      Cumulative area ratio:    0.59
      Required ratio:    0.00 (Cumulative area) 

    Via: L1M1_PR_MR
      Partial area ratio:    0.23
      Required ratio:    3.00 (Gate area) 
      Cumulative area ratio:    0.23
      Required ratio:    0.00 (Cumulative area) 

  Pin: output15/A (sky130_fd_sc_hd__buf_1)
    Layer: met2
      Partial area ratio:   48.15
      Required ratio:    0.00 (Gate area) 
      Partial area ratio:  243.43
      Required ratio: 4584.64 (Side area) 
      Cumulative area ratio:  139.28
      Required ratio:    0.00 (Cumulative area) 
      Cumulative area ratio:  709.68
      Required ratio:    0.00 (Cumulative side area) 

    Layer: met1
      Partial area ratio:    1.08
      Required ratio:    0.00 (Gate area) 
      Partial area ratio:    5.91
      Required ratio: 2773.88 (Side area) 
      Cumulative area ratio:    1.08
      Required ratio:    0.00 (Cumulative area) 
      Cumulative area ratio:    5.91
      Required ratio:    0.00 (Cumulative side area) 

    Layer: li1
      Partial area ratio:    0.00
      Required ratio:    0.00 (Gate area) 
      Partial area ratio:    0.00
      Required ratio:   75.00 (Side area) 
      Cumulative area ratio:    0.00
      Required ratio:    0.00 (Cumulative area) 
      Cumulative area ratio:    0.00
      Required ratio:    0.00 (Cumulative side area) 

    Via: M1M2_PR
      Partial area ratio:    0.11
      Required ratio:    6.00 (Gate area) 
      Cumulative area ratio:    0.26
      Required ratio:    0.00 (Cumulative area) 

    Via: L1M1_PR_MR
      Partial area ratio:    0.15
      Required ratio:    3.00 (Gate area) 
      Cumulative area ratio:    0.15
      Required ratio:    0.00 (Cumulative area) 

  Pin: _3553_/A0 (sky130_fd_sc_hd__mux2_1)
    Layer: met2
      Partial area ratio:   48.15
      Required ratio:    0.00 (Gate area) 
      Partial area ratio:  243.43
      Required ratio: 4584.64 (Side area) 
      Cumulative area ratio:  138.20
      Required ratio:    0.00 (Cumulative area) 
      Cumulative area ratio:  703.76
      Required ratio:    0.00 (Cumulative side area) 

    Layer: met1
      Partial area ratio:   81.44
      Required ratio:    0.00 (Gate area) 
      Partial area ratio:  412.67
      Required ratio:  400.00 (Side area) (VIOLATED)
      Cumulative area ratio:   81.44
      Required ratio:    0.00 (Cumulative area) 
      Cumulative area ratio:  412.67
      Required ratio:    0.00 (Cumulative side area) 

    Layer: li1
      Partial area ratio:    0.00
      Required ratio:    0.00 (Gate area) 
      Partial area ratio:    0.00
      Required ratio:   75.00 (Side area) 
      Cumulative area ratio:    0.00
      Required ratio:    0.00 (Cumulative area) 
      Cumulative area ratio:    0.00
      Required ratio:    0.00 (Cumulative side area) 

    Via: M1M2_PR
      Partial area ratio:    0.36
      Required ratio:    6.00 (Gate area) 
      Cumulative area ratio:    0.59
      Required ratio:    0.00 (Cumulative area) 

    Via: L1M1_PR_MR
      Partial area ratio:    0.23
      Required ratio:    3.00 (Gate area) 
      Cumulative area ratio:    0.23
      Required ratio:    0.00 (Cumulative area) 

  Pin: _3620_/A1 (sky130_fd_sc_hd__mux2_1)
    Layer: met2
      Partial area ratio:   48.15
      Required ratio:    0.00 (Gate area) 
      Partial area ratio:  243.43
      Required ratio: 4584.64 (Side area) 
      Cumulative area ratio:   56.75
      Required ratio:    0.00 (Cumulative area) 
      Cumulative area ratio:  291.10
      Required ratio:    0.00 (Cumulative side area) 

    Layer: met1
      Partial area ratio:    0.00
      Required ratio:    0.00 (Gate area) 
      Partial area ratio:    0.00
      Required ratio:  400.00 (Side area) 
      Cumulative area ratio:    0.00
      Required ratio:    0.00 (Cumulative area) 
      Cumulative area ratio:    0.00
      Required ratio:    0.00 (Cumulative side area) 

    Layer: li1
      Partial area ratio:    0.00
      Required ratio:    0.00 (Gate area) 
      Partial area ratio:    0.00
      Required ratio:   75.00 (Side area) 
      Cumulative area ratio:    0.00
      Required ratio:    0.00 (Cumulative area) 
      Cumulative area ratio:    0.00
      Required ratio:    0.00 (Cumulative side area) 

    Via: M1M2_PR
      Partial area ratio:    0.18
      Required ratio:    6.00 (Gate area) 
      Cumulative area ratio:    0.41
      Required ratio:    0.00 (Cumulative area) 

    Via: L1M1_PR_MR
      Partial area ratio:    0.23
      Required ratio:    3.00 (Gate area) 
      Cumulative area ratio:    0.23
      Required ratio:    0.00 (Cumulative area) 

  Pin: _3687_/A0 (sky130_fd_sc_hd__mux2_1)
    Layer: met2
      Partial area ratio:   48.15
      Required ratio:    0.00 (Gate area) 
      Partial area ratio:  243.43
      Required ratio: 4584.64 (Side area) 
      Cumulative area ratio:   60.64
      Required ratio:    0.00 (Cumulative area) 
      Cumulative area ratio:  312.10
      Required ratio:    0.00 (Cumulative side area) 

    Layer: met1
      Partial area ratio:    3.89
      Required ratio:    0.00 (Gate area) 
      Partial area ratio:   21.00
      Required ratio: 2773.88 (Side area) 
      Cumulative area ratio:    3.89
      Required ratio:    0.00 (Cumulative area) 
      Cumulative area ratio:   21.00
      Required ratio:    0.00 (Cumulative side area) 

    Layer: li1
      Partial area ratio:    0.00
      Required ratio:    0.00 (Gate area) 
      Partial area ratio:    0.00
      Required ratio:   75.00 (Side area) 
      Cumulative area ratio:    0.00
      Required ratio:    0.00 (Cumulative area) 
      Cumulative area ratio:    0.00
      Required ratio:    0.00 (Cumulative side area) 

    Via: M1M2_PR
      Partial area ratio:    0.18
      Required ratio:    6.00 (Gate area) 
      Cumulative area ratio:    0.41
      Required ratio:    0.00 (Cumulative area) 

    Via: L1M1_PR_MR
      Partial area ratio:    0.23
      Required ratio:    3.00 (Gate area) 
      Cumulative area ratio:    0.23
      Required ratio:    0.00 (Cumulative area) 

  Pin: _4220_/A1 (sky130_fd_sc_hd__mux2_1)
    Layer: met2
      Partial area ratio:   48.15
      Required ratio:    0.00 (Gate area) 
      Partial area ratio:  243.43
      Required ratio: 4584.64 (Side area) 
      Cumulative area ratio:   49.84
      Required ratio:    0.00 (Cumulative area) 
      Cumulative area ratio:  252.65
      Required ratio:    0.00 (Cumulative side area) 

    Layer: met1
      Partial area ratio:    1.69
      Required ratio:    0.00 (Gate area) 
      Partial area ratio:    9.22
      Required ratio:  400.00 (Side area) 
      Cumulative area ratio:    1.69
      Required ratio:    0.00 (Cumulative area) 
      Cumulative area ratio:    9.22
      Required ratio:    0.00 (Cumulative side area) 

    Layer: li1
      Partial area ratio:    0.00
      Required ratio:    0.00 (Gate area) 
      Partial area ratio:    0.00
      Required ratio:   75.00 (Side area) 
      Cumulative area ratio:    0.00
      Required ratio:    0.00 (Cumulative area) 
      Cumulative area ratio:    0.00
      Required ratio:    0.00 (Cumulative side area) 

    Via: M1M2_PR
      Partial area ratio:    0.18
      Required ratio:    6.00 (Gate area) 
      Cumulative area ratio:    0.41
      Required ratio:    0.00 (Cumulative area) 

    Via: L1M1_PR_MR
      Partial area ratio:    0.23
      Required ratio:    3.00 (Gate area) 
      Cumulative area ratio:    0.23
      Required ratio:    0.00 (Cumulative area) 


Net: net16
  Pin: _4222_/A1 (sky130_fd_sc_hd__mux2_1)
    Layer: met2
      Partial area ratio:   46.51
      Required ratio:    0.00 (Gate area) 
      Partial area ratio:  234.32
      Required ratio: 4173.56 (Side area) 
      Cumulative area ratio:   51.94
      Required ratio:    0.00 (Cumulative area) 
      Cumulative area ratio:  262.98
      Required ratio:    0.00 (Cumulative side area) 

    Layer: met1
      Partial area ratio:    5.42
      Required ratio:    0.00 (Gate area) 
      Partial area ratio:   28.67
      Required ratio: 2773.88 (Side area) 
      Cumulative area ratio:    5.42
      Required ratio:    0.00 (Cumulative area) 
      Cumulative area ratio:   28.67
      Required ratio:    0.00 (Cumulative side area) 

    Layer: li1
      Partial area ratio:    0.00
      Required ratio:    0.00 (Gate area) 
      Partial area ratio:    0.00
      Required ratio:   75.00 (Side area) 
      Cumulative area ratio:    0.00
      Required ratio:    0.00 (Cumulative area) 
      Cumulative area ratio:    0.00
      Required ratio:    0.00 (Cumulative side area) 

    Via: M1M2_PR
      Partial area ratio:    0.36
      Required ratio:    6.00 (Gate area) 
      Cumulative area ratio:    0.59
      Required ratio:    0.00 (Cumulative area) 

    Via: L1M1_PR_MR
      Partial area ratio:    0.23
      Required ratio:    3.00 (Gate area) 
      Cumulative area ratio:    0.23
      Required ratio:    0.00 (Cumulative area) 

  Pin: _3555_/A0 (sky130_fd_sc_hd__mux2_1)
    Layer: met2
      Partial area ratio:   46.51
      Required ratio:    0.00 (Gate area) 
      Partial area ratio:  234.32
      Required ratio: 4173.56 (Side area) 
      Cumulative area ratio:  213.94
      Required ratio:    0.00 (Cumulative area) 
      Cumulative area ratio: 1079.98
      Required ratio:    0.00 (Cumulative side area) 

    Layer: met1
      Partial area ratio:  154.20
      Required ratio:    0.00 (Gate area) 
      Partial area ratio:  774.11
      Required ratio:  400.00 (Side area) (VIOLATED)
      Cumulative area ratio:  154.20
      Required ratio:    0.00 (Cumulative area) 
      Cumulative area ratio:  774.11
      Required ratio:    0.00 (Cumulative side area) 

    Layer: li1
      Partial area ratio:    0.00
      Required ratio:    0.00 (Gate area) 
      Partial area ratio:    0.00
      Required ratio:   75.00 (Side area) 
      Cumulative area ratio:    0.00
      Required ratio:    0.00 (Cumulative area) 
      Cumulative area ratio:    0.00
      Required ratio:    0.00 (Cumulative side area) 

    Via: M1M2_PR
      Partial area ratio:    0.36
      Required ratio:    6.00 (Gate area) 
      Cumulative area ratio:    0.59
      Required ratio:    0.00 (Cumulative area) 

    Via: L1M1_PR_MR
      Partial area ratio:    0.23
      Required ratio:    3.00 (Gate area) 
      Cumulative area ratio:    0.23
      Required ratio:    0.00 (Cumulative area) 

  Pin: output16/A (sky130_fd_sc_hd__buf_1)
    Layer: met2
      Partial area ratio:   46.51
      Required ratio:    0.00 (Gate area) 
      Partial area ratio:  234.32
      Required ratio: 4173.56 (Side area) 
      Cumulative area ratio:  215.35
      Required ratio:    0.00 (Cumulative area) 
      Cumulative area ratio: 1087.54
      Required ratio:    0.00 (Cumulative side area) 

    Layer: met1
      Partial area ratio:    1.41
      Required ratio:    0.00 (Gate area) 
      Partial area ratio:    7.55
      Required ratio:  400.00 (Side area) 
      Cumulative area ratio:    1.41
      Required ratio:    0.00 (Cumulative area) 
      Cumulative area ratio:    7.55
      Required ratio:    0.00 (Cumulative side area) 

    Layer: li1
      Partial area ratio:    0.00
      Required ratio:    0.00 (Gate area) 
      Partial area ratio:    0.00
      Required ratio:   75.00 (Side area) 
      Cumulative area ratio:    0.00
      Required ratio:    0.00 (Cumulative area) 
      Cumulative area ratio:    0.00
      Required ratio:    0.00 (Cumulative side area) 

    Via: M1M2_PR
      Partial area ratio:    0.11
      Required ratio:    6.00 (Gate area) 
      Cumulative area ratio:    0.26
      Required ratio:    0.00 (Cumulative area) 

    Via: L1M1_PR_MR
      Partial area ratio:    0.15
      Required ratio:    3.00 (Gate area) 
      Cumulative area ratio:    0.15
      Required ratio:    0.00 (Cumulative area) 

  Pin: _3758_/A0 (sky130_fd_sc_hd__mux2_1)
    Layer: met2
      Partial area ratio:   46.51
      Required ratio:    0.00 (Gate area) 
      Partial area ratio:  234.32
      Required ratio: 4173.56 (Side area) 
      Cumulative area ratio:   59.74
      Required ratio:    0.00 (Cumulative area) 
      Cumulative area ratio:  305.87
      Required ratio:    0.00 (Cumulative side area) 

    Layer: met1
      Partial area ratio:    3.40
      Required ratio:    0.00 (Gate area) 
      Partial area ratio:   19.33
      Required ratio: 2773.88 (Side area) 
      Cumulative area ratio:    3.40
      Required ratio:    0.00 (Cumulative area) 
      Cumulative area ratio:   19.33
      Required ratio:    0.00 (Cumulative side area) 

    Layer: li1
      Partial area ratio:    0.00
      Required ratio:    0.00 (Gate area) 
      Partial area ratio:    0.00
      Required ratio:   75.00 (Side area) 
      Cumulative area ratio:    0.00
      Required ratio:    0.00 (Cumulative area) 
      Cumulative area ratio:    0.00
      Required ratio:    0.00 (Cumulative side area) 

    Via: M1M2_PR
      Partial area ratio:    0.36
      Required ratio:    6.00 (Gate area) 
      Cumulative area ratio:    0.59
      Required ratio:    0.00 (Cumulative area) 

    Via: L1M1_PR_MR
      Partial area ratio:    0.23
      Required ratio:    3.00 (Gate area) 
      Cumulative area ratio:    0.23
      Required ratio:    0.00 (Cumulative area) 

  Pin: _3622_/A1 (sky130_fd_sc_hd__mux2_1)
    Layer: met2
      Partial area ratio:   46.51
      Required ratio:    0.00 (Gate area) 
      Partial area ratio:  234.32
      Required ratio: 4173.56 (Side area) 
      Cumulative area ratio:   61.09
      Required ratio:    0.00 (Cumulative area) 
      Cumulative area ratio:  311.10
      Required ratio:    0.00 (Cumulative side area) 

    Layer: met1
      Partial area ratio:    4.76
      Required ratio:    0.00 (Gate area) 
      Partial area ratio:   24.56
      Required ratio:  400.00 (Side area) 
      Cumulative area ratio:    4.76
      Required ratio:    0.00 (Cumulative area) 
      Cumulative area ratio:   24.56
      Required ratio:    0.00 (Cumulative side area) 

    Layer: li1
      Partial area ratio:    0.00
      Required ratio:    0.00 (Gate area) 
      Partial area ratio:    0.00
      Required ratio:   75.00 (Side area) 
      Cumulative area ratio:    0.00
      Required ratio:    0.00 (Cumulative area) 
      Cumulative area ratio:    0.00
      Required ratio:    0.00 (Cumulative side area) 

    Via: M1M2_PR
      Partial area ratio:    0.18
      Required ratio:    6.00 (Gate area) 
      Cumulative area ratio:    0.41
      Required ratio:    0.00 (Cumulative area) 

    Via: L1M1_PR_MR
      Partial area ratio:    0.23
      Required ratio:    3.00 (Gate area) 
      Cumulative area ratio:    0.23
      Required ratio:    0.00 (Cumulative area) 

  Pin: _3689_/A0 (sky130_fd_sc_hd__mux2_1)
    Layer: met2
      Partial area ratio:   46.51
      Required ratio:    0.00 (Gate area) 
      Partial area ratio:  234.32
      Required ratio: 4173.56 (Side area) 
      Cumulative area ratio:   56.34
      Required ratio:    0.00 (Cumulative area) 
      Cumulative area ratio:  286.54
      Required ratio:    0.00 (Cumulative side area) 

    Layer: met1
      Partial area ratio:    4.40
      Required ratio:    0.00 (Gate area) 
      Partial area ratio:   23.56
      Required ratio:  400.00 (Side area) 
      Cumulative area ratio:    4.40
      Required ratio:    0.00 (Cumulative area) 
      Cumulative area ratio:   23.56
      Required ratio:    0.00 (Cumulative side area) 

    Layer: li1
      Partial area ratio:    0.00
      Required ratio:    0.00 (Gate area) 
      Partial area ratio:    0.00
      Required ratio:   75.00 (Side area) 
      Cumulative area ratio:    0.00
      Required ratio:    0.00 (Cumulative area) 
      Cumulative area ratio:    0.00
      Required ratio:    0.00 (Cumulative side area) 

    Via: M1M2_PR
      Partial area ratio:    0.36
      Required ratio:    6.00 (Gate area) 
      Cumulative area ratio:    0.59
      Required ratio:    0.00 (Cumulative area) 

    Via: L1M1_PR_MR
      Partial area ratio:    0.23
      Required ratio:    3.00 (Gate area) 
      Cumulative area ratio:    0.23
      Required ratio:    0.00 (Cumulative area) 

  Pin: _4085_/A1 (sky130_fd_sc_hd__mux2_1)
    Layer: met2
      Partial area ratio:   46.51
      Required ratio:    0.00 (Gate area) 
      Partial area ratio:  234.32
      Required ratio: 4173.56 (Side area) 
      Cumulative area ratio:   55.69
      Required ratio:    0.00 (Cumulative area) 
      Cumulative area ratio:  283.32
      Required ratio:    0.00 (Cumulative side area) 

    Layer: met1
      Partial area ratio:    3.76
      Required ratio:    0.00 (Gate area) 
      Partial area ratio:   20.33
      Required ratio:  400.00 (Side area) 
      Cumulative area ratio:    3.76
      Required ratio:    0.00 (Cumulative area) 
      Cumulative area ratio:   20.33
      Required ratio:    0.00 (Cumulative side area) 

    Layer: li1
      Partial area ratio:    0.00
      Required ratio:    0.00 (Gate area) 
      Partial area ratio:    0.00
      Required ratio:   75.00 (Side area) 
      Cumulative area ratio:    0.00
      Required ratio:    0.00 (Cumulative area) 
      Cumulative area ratio:    0.00
      Required ratio:    0.00 (Cumulative side area) 

    Via: M1M2_PR
      Partial area ratio:    0.18
      Required ratio:    6.00 (Gate area) 
      Cumulative area ratio:    0.41
      Required ratio:    0.00 (Cumulative area) 

    Via: L1M1_PR_MR
      Partial area ratio:    0.23
      Required ratio:    3.00 (Gate area) 
      Cumulative area ratio:    0.23
      Required ratio:    0.00 (Cumulative area) 


Net: net19
  Pin: output19/A (sky130_fd_sc_hd__buf_1)
    Layer: met2
      Partial area ratio:   47.06
      Required ratio:    0.00 (Gate area) 
      Partial area ratio:  236.64
      Required ratio: 4453.32 (Side area) 
      Cumulative area ratio:  428.58
      Required ratio:    0.00 (Cumulative area) 
      Cumulative area ratio: 2155.64
      Required ratio:    0.00 (Cumulative side area) 

    Layer: met1
      Partial area ratio:    1.41
      Required ratio:    0.00 (Gate area) 
      Partial area ratio:    7.55
      Required ratio:  400.00 (Side area) 
      Cumulative area ratio:    1.41
      Required ratio:    0.00 (Cumulative area) 
      Cumulative area ratio:    7.55
      Required ratio:    0.00 (Cumulative side area) 

    Layer: li1
      Partial area ratio:    0.00
      Required ratio:    0.00 (Gate area) 
      Partial area ratio:    0.00
      Required ratio:   75.00 (Side area) 
      Cumulative area ratio:    0.00
      Required ratio:    0.00 (Cumulative area) 
      Cumulative area ratio:    0.00
      Required ratio:    0.00 (Cumulative side area) 

    Via: M1M2_PR
      Partial area ratio:    0.11
      Required ratio:    6.00 (Gate area) 
      Cumulative area ratio:    0.26
      Required ratio:    0.00 (Cumulative area) 

    Via: L1M1_PR_MR
      Partial area ratio:    0.15
      Required ratio:    3.00 (Gate area) 
      Cumulative area ratio:    0.15
      Required ratio:    0.00 (Cumulative area) 

  Pin: _3764_/A0 (sky130_fd_sc_hd__mux2_1)
    Layer: met2
      Partial area ratio:   47.06
      Required ratio:    0.00 (Gate area) 
      Partial area ratio:  236.64
      Required ratio: 4453.32 (Side area) 
      Cumulative area ratio:  427.17
      Required ratio:    0.00 (Cumulative area) 
      Cumulative area ratio: 2148.08
      Required ratio:    0.00 (Cumulative side area) 

    Layer: met1
      Partial area ratio:  273.27
      Required ratio:    0.00 (Gate area) 
      Partial area ratio: 1368.67
      Required ratio:  400.00 (Side area) (VIOLATED)
      Cumulative area ratio:  273.27
      Required ratio:    0.00 (Cumulative area) 
      Cumulative area ratio: 1368.67
      Required ratio:    0.00 (Cumulative side area) 

    Layer: li1
      Partial area ratio:    0.00
      Required ratio:    0.00 (Gate area) 
      Partial area ratio:    0.00
      Required ratio:   75.00 (Side area) 
      Cumulative area ratio:    0.00
      Required ratio:    0.00 (Cumulative area) 
      Cumulative area ratio:    0.00
      Required ratio:    0.00 (Cumulative side area) 

    Via: M1M2_PR
      Partial area ratio:    0.36
      Required ratio:    6.00 (Gate area) 
      Cumulative area ratio:    0.59
      Required ratio:    0.00 (Cumulative area) 

    Via: L1M1_PR_MR
      Partial area ratio:    0.23
      Required ratio:    3.00 (Gate area) 
      Cumulative area ratio:    0.23
      Required ratio:    0.00 (Cumulative area) 

  Pin: _3628_/A1 (sky130_fd_sc_hd__mux2_1)
    Layer: met2
      Partial area ratio:   47.06
      Required ratio:    0.00 (Gate area) 
      Partial area ratio:  236.64
      Required ratio: 4453.32 (Side area) 
      Cumulative area ratio:  159.84
      Required ratio:    0.00 (Cumulative area) 
      Cumulative area ratio:  810.64
      Required ratio:    0.00 (Cumulative side area) 

    Layer: met1
      Partial area ratio:    5.93
      Required ratio:    0.00 (Gate area) 
      Partial area ratio:   31.22
      Required ratio: 2773.88 (Side area) 
      Cumulative area ratio:    5.93
      Required ratio:    0.00 (Cumulative area) 
      Cumulative area ratio:   31.22
      Required ratio:    0.00 (Cumulative side area) 

    Layer: li1
      Partial area ratio:    0.00
      Required ratio:    0.00 (Gate area) 
      Partial area ratio:    0.00
      Required ratio:   75.00 (Side area) 
      Cumulative area ratio:    0.00
      Required ratio:    0.00 (Cumulative area) 
      Cumulative area ratio:    0.00
      Required ratio:    0.00 (Cumulative side area) 

    Via: M1M2_PR
      Partial area ratio:    0.18
      Required ratio:    6.00 (Gate area) 
      Cumulative area ratio:    0.41
      Required ratio:    0.00 (Cumulative area) 

    Via: L1M1_PR_MR
      Partial area ratio:    0.23
      Required ratio:    3.00 (Gate area) 
      Cumulative area ratio:    0.23
      Required ratio:    0.00 (Cumulative area) 

  Pin: _3695_/A0 (sky130_fd_sc_hd__mux2_1)
    Layer: met2
      Partial area ratio:   47.06
      Required ratio:    0.00 (Gate area) 
      Partial area ratio:  236.64
      Required ratio: 4453.32 (Side area) 
      Cumulative area ratio:  153.91
      Required ratio:    0.00 (Cumulative area) 
      Cumulative area ratio:  779.42
      Required ratio:    0.00 (Cumulative side area) 

    Layer: met1
      Partial area ratio:    6.60
      Required ratio:    0.00 (Gate area) 
      Partial area ratio:   35.33
      Required ratio: 2773.88 (Side area) 
      Cumulative area ratio:    6.60
      Required ratio:    0.00 (Cumulative area) 
      Cumulative area ratio:   35.33
      Required ratio:    0.00 (Cumulative side area) 

    Layer: li1
      Partial area ratio:    0.00
      Required ratio:    0.00 (Gate area) 
      Partial area ratio:    0.00
      Required ratio:   75.00 (Side area) 
      Cumulative area ratio:    0.00
      Required ratio:    0.00 (Cumulative area) 
      Cumulative area ratio:    0.00
      Required ratio:    0.00 (Cumulative side area) 

    Via: M1M2_PR
      Partial area ratio:    0.36
      Required ratio:    6.00 (Gate area) 
      Cumulative area ratio:    0.59
      Required ratio:    0.00 (Cumulative area) 

    Via: L1M1_PR_MR
      Partial area ratio:    0.23
      Required ratio:    3.00 (Gate area) 
      Cumulative area ratio:    0.23
      Required ratio:    0.00 (Cumulative area) 

  Pin: _4091_/A1 (sky130_fd_sc_hd__mux2_1)
    Layer: met2
      Partial area ratio:   47.06
      Required ratio:    0.00 (Gate area) 
      Partial area ratio:  236.64
      Required ratio: 4453.32 (Side area) 
      Cumulative area ratio:  151.73
      Required ratio:    0.00 (Cumulative area) 
      Cumulative area ratio:  768.53
      Required ratio:    0.00 (Cumulative side area) 

    Layer: met1
      Partial area ratio:    4.42
      Required ratio:    0.00 (Gate area) 
      Partial area ratio:   24.44
      Required ratio: 2773.88 (Side area) 
      Cumulative area ratio:    4.42
      Required ratio:    0.00 (Cumulative area) 
      Cumulative area ratio:   24.44
      Required ratio:    0.00 (Cumulative side area) 

    Layer: li1
      Partial area ratio:    0.00
      Required ratio:    0.00 (Gate area) 
      Partial area ratio:    0.00
      Required ratio:   75.00 (Side area) 
      Cumulative area ratio:    0.00
      Required ratio:    0.00 (Cumulative area) 
      Cumulative area ratio:    0.00
      Required ratio:    0.00 (Cumulative side area) 

    Via: M1M2_PR
      Partial area ratio:    0.18
      Required ratio:    6.00 (Gate area) 
      Cumulative area ratio:    0.41
      Required ratio:    0.00 (Cumulative area) 

    Via: L1M1_PR_MR
      Partial area ratio:    0.23
      Required ratio:    3.00 (Gate area) 
      Cumulative area ratio:    0.23
      Required ratio:    0.00 (Cumulative area) 

  Pin: _3561_/A0 (sky130_fd_sc_hd__mux2_1)
    Layer: met2
      Partial area ratio:   47.06
      Required ratio:    0.00 (Gate area) 
      Partial area ratio:  236.64
      Required ratio: 4453.32 (Side area) 
      Cumulative area ratio:  147.31
      Required ratio:    0.00 (Cumulative area) 
      Cumulative area ratio:  744.08
      Required ratio:    0.00 (Cumulative side area) 

    Layer: met1
      Partial area ratio:  100.24
      Required ratio:    0.00 (Gate area) 
      Partial area ratio:  507.44
      Required ratio: 2773.88 (Side area) 
      Cumulative area ratio:  100.24
      Required ratio:    0.00 (Cumulative area) 
      Cumulative area ratio:  507.44
      Required ratio:    0.00 (Cumulative side area) 

    Layer: li1
      Partial area ratio:    0.00
      Required ratio:    0.00 (Gate area) 
      Partial area ratio:    0.00
      Required ratio:   75.00 (Side area) 
      Cumulative area ratio:    0.00
      Required ratio:    0.00 (Cumulative area) 
      Cumulative area ratio:    0.00
      Required ratio:    0.00 (Cumulative side area) 

    Via: M1M2_PR
      Partial area ratio:    0.36
      Required ratio:    6.00 (Gate area) 
      Cumulative area ratio:    0.59
      Required ratio:    0.00 (Cumulative area) 

    Via: L1M1_PR_MR
      Partial area ratio:    0.23
      Required ratio:    3.00 (Gate area) 
      Cumulative area ratio:    0.23
      Required ratio:    0.00 (Cumulative area) 

  Pin: _4228_/A1 (sky130_fd_sc_hd__mux2_1)
    Layer: met2
      Partial area ratio:   47.06
      Required ratio:    0.00 (Gate area) 
      Partial area ratio:  236.64
      Required ratio: 4453.32 (Side area) 
      Cumulative area ratio:   51.71
      Required ratio:    0.00 (Cumulative area) 
      Cumulative area ratio:  261.42
      Required ratio:    0.00 (Cumulative side area) 

    Layer: met1
      Partial area ratio:    4.64
      Required ratio:    0.00 (Gate area) 
      Partial area ratio:   24.78
      Required ratio: 2773.88 (Side area) 
      Cumulative area ratio:    4.64
      Required ratio:    0.00 (Cumulative area) 
      Cumulative area ratio:   24.78
      Required ratio:    0.00 (Cumulative side area) 

    Layer: li1
      Partial area ratio:    0.00
      Required ratio:    0.00 (Gate area) 
      Partial area ratio:    0.00
      Required ratio:   75.00 (Side area) 
      Cumulative area ratio:    0.00
      Required ratio:    0.00 (Cumulative area) 
      Cumulative area ratio:    0.00
      Required ratio:    0.00 (Cumulative side area) 

    Via: M1M2_PR
      Partial area ratio:    0.18
      Required ratio:    6.00 (Gate area) 
      Cumulative area ratio:    0.41
      Required ratio:    0.00 (Cumulative area) 

    Via: L1M1_PR_MR
      Partial area ratio:    0.23
      Required ratio:    3.00 (Gate area) 
      Cumulative area ratio:    0.23
      Required ratio:    0.00 (Cumulative area) 


Net: net23
  Pin: _3703_/A0 (sky130_fd_sc_hd__mux2_1)
    Layer: met2
      Partial area ratio:   49.02
      Required ratio:    0.00 (Gate area) 
      Partial area ratio:  247.24
      Required ratio: 4410.76 (Side area) 
      Cumulative area ratio:   88.99
      Required ratio:    0.00 (Cumulative area) 
      Cumulative area ratio:  454.13
      Required ratio:    0.00 (Cumulative side area) 

    Layer: met1
      Partial area ratio:   28.58
      Required ratio:    0.00 (Gate area) 
      Partial area ratio:  145.22
      Required ratio:  400.00 (Side area) 
      Cumulative area ratio:   28.58
      Required ratio:    0.00 (Cumulative area) 
      Cumulative area ratio:  145.22
      Required ratio:    0.00 (Cumulative side area) 

    Layer: li1
      Partial area ratio:    0.00
      Required ratio:    0.00 (Gate area) 
      Partial area ratio:    0.00
      Required ratio:   75.00 (Side area) 
      Cumulative area ratio:    0.00
      Required ratio:    0.00 (Cumulative area) 
      Cumulative area ratio:    0.00
      Required ratio:    0.00 (Cumulative side area) 

    Via: M1M2_PR
      Partial area ratio:    0.54
      Required ratio:    6.00 (Gate area) 
      Cumulative area ratio:    0.77
      Required ratio:    0.00 (Cumulative area) 

    Via: L1M1_PR_MR
      Partial area ratio:    0.23
      Required ratio:    3.00 (Gate area) 
      Cumulative area ratio:    0.23
      Required ratio:    0.00 (Cumulative area) 

  Pin: _3636_/A1 (sky130_fd_sc_hd__mux2_1)
    Layer: met2
      Partial area ratio:   49.02
      Required ratio:    0.00 (Gate area) 
      Partial area ratio:  247.24
      Required ratio: 4410.76 (Side area) 
      Cumulative area ratio:   92.88
      Required ratio:    0.00 (Cumulative area) 
      Cumulative area ratio:  475.13
      Required ratio:    0.00 (Cumulative side area) 

    Layer: met1
      Partial area ratio:    3.89
      Required ratio:    0.00 (Gate area) 
      Partial area ratio:   21.00
      Required ratio: 2773.88 (Side area) 
      Cumulative area ratio:    3.89
      Required ratio:    0.00 (Cumulative area) 
      Cumulative area ratio:   21.00
      Required ratio:    0.00 (Cumulative side area) 

    Layer: li1
      Partial area ratio:    0.00
      Required ratio:    0.00 (Gate area) 
      Partial area ratio:    0.00
      Required ratio:   75.00 (Side area) 
      Cumulative area ratio:    0.00
      Required ratio:    0.00 (Cumulative area) 
      Cumulative area ratio:    0.00
      Required ratio:    0.00 (Cumulative side area) 

    Via: M1M2_PR
      Partial area ratio:    0.18
      Required ratio:    6.00 (Gate area) 
      Cumulative area ratio:    0.41
      Required ratio:    0.00 (Cumulative area) 

    Via: L1M1_PR_MR
      Partial area ratio:    0.23
      Required ratio:    3.00 (Gate area) 
      Cumulative area ratio:    0.23
      Required ratio:    0.00 (Cumulative area) 

  Pin: _3772_/A0 (sky130_fd_sc_hd__mux2_1)
    Layer: met2
      Partial area ratio:   49.02
      Required ratio:    0.00 (Gate area) 
      Partial area ratio:  247.24
      Required ratio: 4410.76 (Side area) 
      Cumulative area ratio:  492.62
      Required ratio:    0.00 (Cumulative area) 
      Cumulative area ratio: 2475.35
      Required ratio:    0.00 (Cumulative side area) 

    Layer: met1
      Partial area ratio:  403.62
      Required ratio:    0.00 (Gate area) 
      Partial area ratio: 2021.22
      Required ratio:  400.00 (Side area) (VIOLATED)
      Cumulative area ratio:  403.62
      Required ratio:    0.00 (Cumulative area) 
      Cumulative area ratio: 2021.22
      Required ratio:    0.00 (Cumulative side area) 

    Layer: li1
      Partial area ratio:    0.00
      Required ratio:    0.00 (Gate area) 
      Partial area ratio:    0.00
      Required ratio:   75.00 (Side area) 
      Cumulative area ratio:    0.00
      Required ratio:    0.00 (Cumulative area) 
      Cumulative area ratio:    0.00
      Required ratio:    0.00 (Cumulative side area) 

    Via: M1M2_PR
      Partial area ratio:    0.36
      Required ratio:    6.00 (Gate area) 
      Cumulative area ratio:    0.59
      Required ratio:    0.00 (Cumulative area) 

    Via: L1M1_PR_MR
      Partial area ratio:    0.23
      Required ratio:    3.00 (Gate area) 
      Cumulative area ratio:    0.23
      Required ratio:    0.00 (Cumulative area) 

  Pin: output23/A (sky130_fd_sc_hd__buf_1)
    Layer: met2
      Partial area ratio:   49.02
      Required ratio:    0.00 (Gate area) 
      Partial area ratio:  247.24
      Required ratio: 4410.76 (Side area) 
      Cumulative area ratio:  494.68
      Required ratio:    0.00 (Cumulative area) 
      Cumulative area ratio: 2486.18
      Required ratio:    0.00 (Cumulative side area) 

    Layer: met1
      Partial area ratio:    2.07
      Required ratio:    0.00 (Gate area) 
      Partial area ratio:   10.83
      Required ratio:  400.00 (Side area) 
      Cumulative area ratio:    2.07
      Required ratio:    0.00 (Cumulative area) 
      Cumulative area ratio:   10.83
      Required ratio:    0.00 (Cumulative side area) 

    Layer: li1
      Partial area ratio:    0.00
      Required ratio:    0.00 (Gate area) 
      Partial area ratio:    0.00
      Required ratio:   75.00 (Side area) 
      Cumulative area ratio:    0.00
      Required ratio:    0.00 (Cumulative area) 
      Cumulative area ratio:    0.00
      Required ratio:    0.00 (Cumulative side area) 

    Via: M1M2_PR
      Partial area ratio:    0.11
      Required ratio:    6.00 (Gate area) 
      Cumulative area ratio:    0.26
      Required ratio:    0.00 (Cumulative area) 

    Via: L1M1_PR_MR
      Partial area ratio:    0.15
      Required ratio:    3.00 (Gate area) 
      Cumulative area ratio:    0.15
      Required ratio:    0.00 (Cumulative area) 

  Pin: _3569_/A0 (sky130_fd_sc_hd__mux2_1)
    Layer: met2
      Partial area ratio:   49.02
      Required ratio:    0.00 (Gate area) 
      Partial area ratio:  247.24
      Required ratio: 4410.76 (Side area) 
      Cumulative area ratio:  103.84
      Required ratio:    0.00 (Cumulative area) 
      Cumulative area ratio:  529.13
      Required ratio:    0.00 (Cumulative side area) 

    Layer: met1
      Partial area ratio:   43.42
      Required ratio:    0.00 (Gate area) 
      Partial area ratio:  220.22
      Required ratio: 2773.88 (Side area) 
      Cumulative area ratio:   43.42
      Required ratio:    0.00 (Cumulative area) 
      Cumulative area ratio:  220.22
      Required ratio:    0.00 (Cumulative side area) 

    Layer: li1
      Partial area ratio:    0.00
      Required ratio:    0.00 (Gate area) 
      Partial area ratio:    0.00
      Required ratio:   75.00 (Side area) 
      Cumulative area ratio:    0.00
      Required ratio:    0.00 (Cumulative area) 
      Cumulative area ratio:    0.00
      Required ratio:    0.00 (Cumulative side area) 

    Via: M1M2_PR
      Partial area ratio:    0.18
      Required ratio:    6.00 (Gate area) 
      Cumulative area ratio:    0.41
      Required ratio:    0.00 (Cumulative area) 

    Via: L1M1_PR_MR
      Partial area ratio:    0.23
      Required ratio:    3.00 (Gate area) 
      Cumulative area ratio:    0.23
      Required ratio:    0.00 (Cumulative area) 

  Pin: _4099_/A1 (sky130_fd_sc_hd__mux2_1)
    Layer: met2
      Partial area ratio:   49.02
      Required ratio:    0.00 (Gate area) 
      Partial area ratio:  247.24
      Required ratio: 4410.76 (Side area) 
      Cumulative area ratio:   60.42
      Required ratio:    0.00 (Cumulative area) 
      Cumulative area ratio:  308.90
      Required ratio:    0.00 (Cumulative side area) 

    Layer: met1
      Partial area ratio:    4.76
      Required ratio:    0.00 (Gate area) 
      Partial area ratio:   24.56
      Required ratio: 2773.88 (Side area) 
      Cumulative area ratio:    4.76
      Required ratio:    0.00 (Cumulative area) 
      Cumulative area ratio:   24.56
      Required ratio:    0.00 (Cumulative side area) 

    Layer: li1
      Partial area ratio:    0.00
      Required ratio:    0.00 (Gate area) 
      Partial area ratio:    0.00
      Required ratio:   75.00 (Side area) 
      Cumulative area ratio:    0.00
      Required ratio:    0.00 (Cumulative area) 
      Cumulative area ratio:    0.00
      Required ratio:    0.00 (Cumulative side area) 

    Via: M1M2_PR
      Partial area ratio:    0.36
      Required ratio:    6.00 (Gate area) 
      Cumulative area ratio:    0.59
      Required ratio:    0.00 (Cumulative area) 

    Via: L1M1_PR_MR
      Partial area ratio:    0.23
      Required ratio:    3.00 (Gate area) 
      Cumulative area ratio:    0.23
      Required ratio:    0.00 (Cumulative area) 

  Pin: _4236_/A1 (sky130_fd_sc_hd__mux2_1)
    Layer: met2
      Partial area ratio:   49.02
      Required ratio:    0.00 (Gate area) 
      Partial area ratio:  247.24
      Required ratio: 4410.76 (Side area) 
      Cumulative area ratio:   55.66
      Required ratio:    0.00 (Cumulative area) 
      Cumulative area ratio:  284.35
      Required ratio:    0.00 (Cumulative side area) 

    Layer: met1
      Partial area ratio:    6.64
      Required ratio:    0.00 (Gate area) 
      Partial area ratio:   37.11
      Required ratio: 2773.88 (Side area) 
      Cumulative area ratio:    6.64
      Required ratio:    0.00 (Cumulative area) 
      Cumulative area ratio:   37.11
      Required ratio:    0.00 (Cumulative side area) 

    Layer: li1
      Partial area ratio:    0.00
      Required ratio:    0.00 (Gate area) 
      Partial area ratio:    0.00
      Required ratio:   75.00 (Side area) 
      Cumulative area ratio:    0.00
      Required ratio:    0.00 (Cumulative area) 
      Cumulative area ratio:    0.00
      Required ratio:    0.00 (Cumulative side area) 

    Via: M1M2_PR
      Partial area ratio:    0.36
      Required ratio:    6.00 (Gate area) 
      Cumulative area ratio:    0.59
      Required ratio:    0.00 (Cumulative area) 

    Via: L1M1_PR_MR
      Partial area ratio:    0.23
      Required ratio:    3.00 (Gate area) 
      Cumulative area ratio:    0.23
      Required ratio:    0.00 (Cumulative area) 


[INFO ANT-0002] Found 4 net violations.
[INFO ANT-0001] Found 4 pin violations.
