
===========================================================================
report_checks -path_delay max (Setup)
============================================================================
======================= Typical Corner ===================================

Startpoint: A[3] (input port clocked by __VIRTUAL_CLK__)
Endpoint: OUT[7] (output port clocked by __VIRTUAL_CLK__)
Path Group: __VIRTUAL_CLK__
Path Type: max

Fanout     Cap    Slew   Delay    Time   Description
-----------------------------------------------------------------------------
                  0.00    0.00    0.00   clock __VIRTUAL_CLK__ (rise edge)
                          0.00    0.00   clock network delay (ideal)
                          2.00    2.00 v input external delay
     1    0.00    0.01    0.00    2.00 v A[3] (in)
                                         A[3] (net)
                  0.01    0.00    2.00 v input4/A (sky130_fd_sc_hd__clkbuf_4)
     7    0.03    0.08    0.17    2.18 v input4/X (sky130_fd_sc_hd__clkbuf_4)
                                         net4 (net)
                  0.08    0.00    2.18 v _347_/C (sky130_fd_sc_hd__and4_2)
     3    0.02    0.07    0.29    2.47 v _347_/X (sky130_fd_sc_hd__and4_2)
                                         _026_ (net)
                  0.07    0.00    2.47 v _349_/B (sky130_fd_sc_hd__or3_2)
     2    0.02    0.12    0.55    3.02 v _349_/X (sky130_fd_sc_hd__or3_2)
                                         _028_ (net)
                  0.12    0.00    3.02 v _353_/A1 (sky130_fd_sc_hd__a21o_1)
     2    0.01    0.07    0.23    3.25 v _353_/X (sky130_fd_sc_hd__a21o_1)
                                         _032_ (net)
                  0.07    0.00    3.25 v _397_/A2 (sky130_fd_sc_hd__a21o_2)
     3    0.03    0.10    0.30    3.55 v _397_/X (sky130_fd_sc_hd__a21o_2)
                                         _075_ (net)
                  0.10    0.00    3.55 v _398_/C (sky130_fd_sc_hd__and3_1)
     2    0.01    0.07    0.25    3.80 v _398_/X (sky130_fd_sc_hd__and3_1)
                                         _076_ (net)
                  0.07    0.00    3.80 v _401_/B (sky130_fd_sc_hd__or3_4)
     4    0.03    0.10    0.45    4.25 v _401_/X (sky130_fd_sc_hd__or3_4)
                                         _079_ (net)
                  0.10    0.00    4.25 v _465_/A2 (sky130_fd_sc_hd__a211o_1)
     2    0.01    0.09    0.38    4.63 v _465_/X (sky130_fd_sc_hd__a211o_1)
                                         _141_ (net)
                  0.09    0.00    4.63 v _494_/A (sky130_fd_sc_hd__or3_1)
     2    0.01    0.09    0.43    5.06 v _494_/X (sky130_fd_sc_hd__or3_1)
                                         _170_ (net)
                  0.09    0.00    5.06 v _496_/B (sky130_fd_sc_hd__and3_1)
     1    0.01    0.07    0.22    5.28 v _496_/X (sky130_fd_sc_hd__and3_1)
                                         _172_ (net)
                  0.07    0.00    5.28 v _498_/A1 (sky130_fd_sc_hd__o21a_1)
     1    0.01    0.05    0.21    5.49 v _498_/X (sky130_fd_sc_hd__o21a_1)
                                         _174_ (net)
                  0.05    0.00    5.49 v _503_/A2 (sky130_fd_sc_hd__o32a_1)
     1    0.01    0.08    0.37    5.87 v _503_/X (sky130_fd_sc_hd__o32a_1)
                                         net27 (net)
                  0.08    0.00    5.87 v output27/A (sky130_fd_sc_hd__buf_2)
     1    0.03    0.09    0.20    6.07 v output27/X (sky130_fd_sc_hd__buf_2)
                                         OUT[7] (net)
                  0.09    0.00    6.07 v OUT[7] (out)
                                  6.07   data arrival time

                  0.00   10.00   10.00   clock __VIRTUAL_CLK__ (rise edge)
                          0.00   10.00   clock network delay (ideal)
                         -0.25    9.75   clock uncertainty
                          0.00    9.75   clock reconvergence pessimism
                         -2.00    7.75   output external delay
                                  7.75   data required time
-----------------------------------------------------------------------------
                                  7.75   data required time
                                 -6.07   data arrival time
-----------------------------------------------------------------------------
                                  1.68   slack (MET)


Startpoint: A[3] (input port clocked by __VIRTUAL_CLK__)
Endpoint: OUT[6] (output port clocked by __VIRTUAL_CLK__)
Path Group: __VIRTUAL_CLK__
Path Type: max

Fanout     Cap    Slew   Delay    Time   Description
-----------------------------------------------------------------------------
                  0.00    0.00    0.00   clock __VIRTUAL_CLK__ (rise edge)
                          0.00    0.00   clock network delay (ideal)
                          2.00    2.00 v input external delay
     1    0.00    0.01    0.00    2.00 v A[3] (in)
                                         A[3] (net)
                  0.01    0.00    2.00 v input4/A (sky130_fd_sc_hd__clkbuf_4)
     7    0.03    0.08    0.17    2.18 v input4/X (sky130_fd_sc_hd__clkbuf_4)
                                         net4 (net)
                  0.08    0.00    2.18 v _347_/C (sky130_fd_sc_hd__and4_2)
     3    0.02    0.07    0.29    2.47 v _347_/X (sky130_fd_sc_hd__and4_2)
                                         _026_ (net)
                  0.07    0.00    2.47 v _349_/B (sky130_fd_sc_hd__or3_2)
     2    0.02    0.12    0.55    3.02 v _349_/X (sky130_fd_sc_hd__or3_2)
                                         _028_ (net)
                  0.12    0.00    3.02 v _353_/A1 (sky130_fd_sc_hd__a21o_1)
     2    0.01    0.07    0.23    3.25 v _353_/X (sky130_fd_sc_hd__a21o_1)
                                         _032_ (net)
                  0.07    0.00    3.25 v _397_/A2 (sky130_fd_sc_hd__a21o_2)
     3    0.03    0.10    0.30    3.55 v _397_/X (sky130_fd_sc_hd__a21o_2)
                                         _075_ (net)
                  0.10    0.00    3.55 v _398_/C (sky130_fd_sc_hd__and3_1)
     2    0.01    0.07    0.25    3.80 v _398_/X (sky130_fd_sc_hd__and3_1)
                                         _076_ (net)
                  0.07    0.00    3.80 v _401_/B (sky130_fd_sc_hd__or3_4)
     4    0.03    0.10    0.45    4.25 v _401_/X (sky130_fd_sc_hd__or3_4)
                                         _079_ (net)
                  0.10    0.00    4.25 v _437_/C1 (sky130_fd_sc_hd__o211a_2)
     2    0.02    0.09    0.19    4.44 v _437_/X (sky130_fd_sc_hd__o211a_2)
                                         _114_ (net)
                  0.09    0.00    4.44 v _439_/B (sky130_fd_sc_hd__or2_1)
     1    0.01    0.08    0.27    4.71 v _439_/X (sky130_fd_sc_hd__or2_1)
                                         _116_ (net)
                  0.08    0.00    4.71 v _440_/A2 (sky130_fd_sc_hd__a21bo_1)
     1    0.01    0.05    0.22    4.94 v _440_/X (sky130_fd_sc_hd__a21bo_1)
                                         _117_ (net)
                  0.05    0.00    4.94 v _441_/B (sky130_fd_sc_hd__or2_1)
     1    0.01    0.09    0.27    5.21 v _441_/X (sky130_fd_sc_hd__or2_1)
                                         _118_ (net)
                  0.09    0.00    5.21 v _453_/B1 (sky130_fd_sc_hd__a22oi_1)
     1    0.00    0.15    0.16    5.36 ^ _453_/Y (sky130_fd_sc_hd__a22oi_1)
                                         net26 (net)
                  0.15    0.00    5.36 ^ output26/A (sky130_fd_sc_hd__buf_2)
     1    0.03    0.17    0.24    5.61 ^ output26/X (sky130_fd_sc_hd__buf_2)
                                         OUT[6] (net)
                  0.17    0.00    5.61 ^ OUT[6] (out)
                                  5.61   data arrival time

                  0.00   10.00   10.00   clock __VIRTUAL_CLK__ (rise edge)
                          0.00   10.00   clock network delay (ideal)
                         -0.25    9.75   clock uncertainty
                          0.00    9.75   clock reconvergence pessimism
                         -2.00    7.75   output external delay
                                  7.75   data required time
-----------------------------------------------------------------------------
                                  7.75   data required time
                                 -5.61   data arrival time
-----------------------------------------------------------------------------
                                  2.14   slack (MET)


Startpoint: A[3] (input port clocked by __VIRTUAL_CLK__)
Endpoint: OUT[5] (output port clocked by __VIRTUAL_CLK__)
Path Group: __VIRTUAL_CLK__
Path Type: max

Fanout     Cap    Slew   Delay    Time   Description
-----------------------------------------------------------------------------
                  0.00    0.00    0.00   clock __VIRTUAL_CLK__ (rise edge)
                          0.00    0.00   clock network delay (ideal)
                          2.00    2.00 v input external delay
     1    0.00    0.01    0.00    2.00 v A[3] (in)
                                         A[3] (net)
                  0.01    0.00    2.00 v input4/A (sky130_fd_sc_hd__clkbuf_4)
     7    0.03    0.08    0.17    2.18 v input4/X (sky130_fd_sc_hd__clkbuf_4)
                                         net4 (net)
                  0.08    0.00    2.18 v _347_/C (sky130_fd_sc_hd__and4_2)
     3    0.02    0.07    0.29    2.47 v _347_/X (sky130_fd_sc_hd__and4_2)
                                         _026_ (net)
                  0.07    0.00    2.47 v _349_/B (sky130_fd_sc_hd__or3_2)
     2    0.02    0.12    0.55    3.02 v _349_/X (sky130_fd_sc_hd__or3_2)
                                         _028_ (net)
                  0.12    0.00    3.02 v _353_/A1 (sky130_fd_sc_hd__a21o_1)
     2    0.01    0.07    0.23    3.25 v _353_/X (sky130_fd_sc_hd__a21o_1)
                                         _032_ (net)
                  0.07    0.00    3.25 v _397_/A2 (sky130_fd_sc_hd__a21o_2)
     3    0.03    0.10    0.30    3.55 v _397_/X (sky130_fd_sc_hd__a21o_2)
                                         _075_ (net)
                  0.10    0.00    3.55 v _398_/C (sky130_fd_sc_hd__and3_1)
     2    0.01    0.07    0.25    3.80 v _398_/X (sky130_fd_sc_hd__and3_1)
                                         _076_ (net)
                  0.07    0.00    3.80 v _401_/B (sky130_fd_sc_hd__or3_4)
     4    0.03    0.10    0.45    4.25 v _401_/X (sky130_fd_sc_hd__or3_4)
                                         _079_ (net)
                  0.10    0.00    4.25 v _402_/B (sky130_fd_sc_hd__nand2_2)
     3    0.03    0.16    0.18    4.43 ^ _402_/Y (sky130_fd_sc_hd__nand2_2)
                                         _080_ (net)
                  0.16    0.00    4.43 ^ _403_/B1 (sky130_fd_sc_hd__a21o_1)
     2    0.01    0.12    0.17    4.60 ^ _403_/X (sky130_fd_sc_hd__a21o_1)
                                         _081_ (net)
                  0.12    0.00    4.60 ^ _408_/A2 (sky130_fd_sc_hd__a31o_1)
     1    0.01    0.14    0.23    4.84 ^ _408_/X (sky130_fd_sc_hd__a31o_1)
                                         _086_ (net)
                  0.14    0.00    4.84 ^ _409_/B1 (sky130_fd_sc_hd__a21oi_1)
     1    0.01    0.07    0.07    4.91 v _409_/Y (sky130_fd_sc_hd__a21oi_1)
                                         _087_ (net)
                  0.07    0.00    4.91 v _410_/B1 (sky130_fd_sc_hd__a21oi_1)
     1    0.01    0.25    0.24    5.15 ^ _410_/Y (sky130_fd_sc_hd__a21oi_1)
                                         net25 (net)
                  0.25    0.00    5.15 ^ output25/A (sky130_fd_sc_hd__buf_2)
     1    0.03    0.17    0.27    5.42 ^ output25/X (sky130_fd_sc_hd__buf_2)
                                         OUT[5] (net)
                  0.17    0.00    5.42 ^ OUT[5] (out)
                                  5.42   data arrival time

                  0.00   10.00   10.00   clock __VIRTUAL_CLK__ (rise edge)
                          0.00   10.00   clock network delay (ideal)
                         -0.25    9.75   clock uncertainty
                          0.00    9.75   clock reconvergence pessimism
                         -2.00    7.75   output external delay
                                  7.75   data required time
-----------------------------------------------------------------------------
                                  7.75   data required time
                                 -5.42   data arrival time
-----------------------------------------------------------------------------
                                  2.33   slack (MET)


Startpoint: B[0] (input port clocked by __VIRTUAL_CLK__)
Endpoint: OUT[4] (output port clocked by __VIRTUAL_CLK__)
Path Group: __VIRTUAL_CLK__
Path Type: max

Fanout     Cap    Slew   Delay    Time   Description
-----------------------------------------------------------------------------
                  0.00    0.00    0.00   clock __VIRTUAL_CLK__ (rise edge)
                          0.00    0.00   clock network delay (ideal)
                          2.00    2.00 ^ input external delay
     1    0.00    0.02    0.01    2.01 ^ B[0] (in)
                                         B[0] (net)
                  0.02    0.00    2.01 ^ input9/A (sky130_fd_sc_hd__buf_2)
     5    0.03    0.15    0.18    2.19 ^ input9/X (sky130_fd_sc_hd__buf_2)
                                         net9 (net)
                  0.15    0.00    2.19 ^ _251_/A (sky130_fd_sc_hd__clkbuf_8)
    10    0.07    0.13    0.24    2.43 ^ _251_/X (sky130_fd_sc_hd__clkbuf_8)
                                         _182_ (net)
                  0.13    0.00    2.44 ^ _252_/A (sky130_fd_sc_hd__buf_4)
    10    0.05    0.14    0.22    2.66 ^ _252_/X (sky130_fd_sc_hd__buf_4)
                                         _183_ (net)
                  0.14    0.00    2.66 ^ _276_/A1 (sky130_fd_sc_hd__a21oi_2)
     2    0.01    0.07    0.11    2.76 v _276_/Y (sky130_fd_sc_hd__a21oi_2)
                                         _206_ (net)
                  0.07    0.00    2.77 v _279_/B (sky130_fd_sc_hd__or3_2)
     2    0.01    0.11    0.53    3.29 v _279_/X (sky130_fd_sc_hd__or3_2)
                                         _209_ (net)
                  0.11    0.00    3.30 v _301_/A2 (sky130_fd_sc_hd__a21o_1)
     3    0.01    0.07    0.25    3.55 v _301_/X (sky130_fd_sc_hd__a21o_1)
                                         _230_ (net)
                  0.07    0.00    3.55 v _312_/A2 (sky130_fd_sc_hd__a21o_1)
     3    0.01    0.08    0.24    3.79 v _312_/X (sky130_fd_sc_hd__a21o_1)
                                         _240_ (net)
                  0.08    0.00    3.79 v _366_/A1 (sky130_fd_sc_hd__a21bo_1)
     3    0.02    0.09    0.24    4.03 v _366_/X (sky130_fd_sc_hd__a21bo_1)
                                         _045_ (net)
                  0.09    0.00    4.03 v _368_/B (sky130_fd_sc_hd__or2_1)
     1    0.01    0.09    0.28    4.31 v _368_/X (sky130_fd_sc_hd__or2_1)
                                         _047_ (net)
                  0.09    0.00    4.31 v _372_/A3 (sky130_fd_sc_hd__a31o_1)
     1    0.01    0.07    0.28    4.59 v _372_/X (sky130_fd_sc_hd__a31o_1)
                                         _051_ (net)
                  0.07    0.00    4.59 v _373_/B2 (sky130_fd_sc_hd__o2bb2a_1)
     1    0.01    0.08    0.33    4.92 v _373_/X (sky130_fd_sc_hd__o2bb2a_1)
                                         net24 (net)
                  0.08    0.00    4.92 v output24/A (sky130_fd_sc_hd__buf_2)
     1    0.03    0.09    0.20    5.12 v output24/X (sky130_fd_sc_hd__buf_2)
                                         OUT[4] (net)
                  0.09    0.00    5.12 v OUT[4] (out)
                                  5.12   data arrival time

                  0.00   10.00   10.00   clock __VIRTUAL_CLK__ (rise edge)
                          0.00   10.00   clock network delay (ideal)
                         -0.25    9.75   clock uncertainty
                          0.00    9.75   clock reconvergence pessimism
                         -2.00    7.75   output external delay
                                  7.75   data required time
-----------------------------------------------------------------------------
                                  7.75   data required time
                                 -5.12   data arrival time
-----------------------------------------------------------------------------
                                  2.63   slack (MET)


Startpoint: B[2] (input port clocked by __VIRTUAL_CLK__)
Endpoint: OUT[3] (output port clocked by __VIRTUAL_CLK__)
Path Group: __VIRTUAL_CLK__
Path Type: max

Fanout     Cap    Slew   Delay    Time   Description
-----------------------------------------------------------------------------
                  0.00    0.00    0.00   clock __VIRTUAL_CLK__ (rise edge)
                          0.00    0.00   clock network delay (ideal)
                          2.00    2.00 ^ input external delay
     1    0.00    0.02    0.01    2.01 ^ B[2] (in)
                                         B[2] (net)
                  0.02    0.00    2.01 ^ input11/A (sky130_fd_sc_hd__buf_2)
     5    0.03    0.15    0.18    2.19 ^ input11/X (sky130_fd_sc_hd__buf_2)
                                         net11 (net)
                  0.15    0.00    2.19 ^ _289_/A (sky130_fd_sc_hd__buf_4)
    10    0.06    0.18    0.26    2.45 ^ _289_/X (sky130_fd_sc_hd__buf_4)
                                         _218_ (net)
                  0.18    0.00    2.45 ^ _322_/B (sky130_fd_sc_hd__nand2_2)
     3    0.02    0.08    0.12    2.57 v _322_/Y (sky130_fd_sc_hd__nand2_2)
                                         _002_ (net)
                  0.08    0.00    2.57 v _325_/A (sky130_fd_sc_hd__or3_1)
     2    0.01    0.11    0.45    3.02 v _325_/X (sky130_fd_sc_hd__or3_1)
                                         _005_ (net)
                  0.11    0.00    3.02 v _330_/A1 (sky130_fd_sc_hd__a21o_1)
     2    0.01    0.06    0.22    3.24 v _330_/X (sky130_fd_sc_hd__a21o_1)
                                         _010_ (net)
                  0.06    0.00    3.24 v _331_/B (sky130_fd_sc_hd__and2b_1)
     1    0.01    0.07    0.21    3.45 v _331_/X (sky130_fd_sc_hd__and2b_1)
                                         _011_ (net)
                  0.07    0.00    3.45 v _332_/B (sky130_fd_sc_hd__xnor2_2)
     2    0.01    0.07    0.17    3.62 v _332_/Y (sky130_fd_sc_hd__xnor2_2)
                                         _012_ (net)
                  0.07    0.00    3.62 v _334_/B (sky130_fd_sc_hd__or2_1)
     1    0.01    0.07    0.26    3.87 v _334_/X (sky130_fd_sc_hd__or2_1)
                                         _014_ (net)
                  0.07    0.00    3.88 v _338_/A3 (sky130_fd_sc_hd__a31o_1)
     1    0.01    0.06    0.27    4.14 v _338_/X (sky130_fd_sc_hd__a31o_1)
                                         _018_ (net)
                  0.06    0.00    4.14 v _339_/B2 (sky130_fd_sc_hd__o2bb2a_1)
     1    0.01    0.07    0.32    4.46 v _339_/X (sky130_fd_sc_hd__o2bb2a_1)
                                         net23 (net)
                  0.07    0.00    4.46 v output23/A (sky130_fd_sc_hd__buf_2)
     1    0.03    0.09    0.20    4.66 v output23/X (sky130_fd_sc_hd__buf_2)
                                         OUT[3] (net)
                  0.09    0.00    4.66 v OUT[3] (out)
                                  4.66   data arrival time

                  0.00   10.00   10.00   clock __VIRTUAL_CLK__ (rise edge)
                          0.00   10.00   clock network delay (ideal)
                         -0.25    9.75   clock uncertainty
                          0.00    9.75   clock reconvergence pessimism
                         -2.00    7.75   output external delay
                                  7.75   data required time
-----------------------------------------------------------------------------
                                  7.75   data required time
                                 -4.66   data arrival time
-----------------------------------------------------------------------------
                                  3.09   slack (MET)


Startpoint: B[0] (input port clocked by __VIRTUAL_CLK__)
Endpoint: OUT[2] (output port clocked by __VIRTUAL_CLK__)
Path Group: __VIRTUAL_CLK__
Path Type: max

Fanout     Cap    Slew   Delay    Time   Description
-----------------------------------------------------------------------------
                  0.00    0.00    0.00   clock __VIRTUAL_CLK__ (rise edge)
                          0.00    0.00   clock network delay (ideal)
                          2.00    2.00 ^ input external delay
     1    0.00    0.02    0.01    2.01 ^ B[0] (in)
                                         B[0] (net)
                  0.02    0.00    2.01 ^ input9/A (sky130_fd_sc_hd__buf_2)
     5    0.03    0.15    0.18    2.19 ^ input9/X (sky130_fd_sc_hd__buf_2)
                                         net9 (net)
                  0.15    0.00    2.19 ^ _251_/A (sky130_fd_sc_hd__clkbuf_8)
    10    0.07    0.13    0.24    2.43 ^ _251_/X (sky130_fd_sc_hd__clkbuf_8)
                                         _182_ (net)
                  0.13    0.00    2.44 ^ _252_/A (sky130_fd_sc_hd__buf_4)
    10    0.05    0.14    0.22    2.66 ^ _252_/X (sky130_fd_sc_hd__buf_4)
                                         _183_ (net)
                  0.14    0.00    2.66 ^ _276_/A1 (sky130_fd_sc_hd__a21oi_2)
     2    0.01    0.07    0.11    2.76 v _276_/Y (sky130_fd_sc_hd__a21oi_2)
                                         _206_ (net)
                  0.07    0.00    2.77 v _279_/B (sky130_fd_sc_hd__or3_2)
     2    0.01    0.11    0.53    3.29 v _279_/X (sky130_fd_sc_hd__or3_2)
                                         _209_ (net)
                  0.11    0.00    3.30 v _301_/A2 (sky130_fd_sc_hd__a21o_1)
     3    0.01    0.07    0.25    3.55 v _301_/X (sky130_fd_sc_hd__a21o_1)
                                         _230_ (net)
                  0.07    0.00    3.55 v _303_/A2 (sky130_fd_sc_hd__o21a_1)
     1    0.00    0.04    0.18    3.73 v _303_/X (sky130_fd_sc_hd__o21a_1)
                                         _232_ (net)
                  0.04    0.00    3.73 v _308_/A2 (sky130_fd_sc_hd__a211o_1)
     1    0.00    0.06    0.31    4.04 v _308_/X (sky130_fd_sc_hd__a211o_1)
                                         _237_ (net)
                  0.06    0.00    4.04 v _309_/B2 (sky130_fd_sc_hd__o2bb2a_1)
     1    0.01    0.08    0.33    4.37 v _309_/X (sky130_fd_sc_hd__o2bb2a_1)
                                         net22 (net)
                  0.08    0.00    4.37 v output22/A (sky130_fd_sc_hd__buf_2)
     1    0.03    0.09    0.21    4.58 v output22/X (sky130_fd_sc_hd__buf_2)
                                         OUT[2] (net)
                  0.09    0.00    4.58 v OUT[2] (out)
                                  4.58   data arrival time

                  0.00   10.00   10.00   clock __VIRTUAL_CLK__ (rise edge)
                          0.00   10.00   clock network delay (ideal)
                         -0.25    9.75   clock uncertainty
                          0.00    9.75   clock reconvergence pessimism
                         -2.00    7.75   output external delay
                                  7.75   data required time
-----------------------------------------------------------------------------
                                  7.75   data required time
                                 -4.58   data arrival time
-----------------------------------------------------------------------------
                                  3.17   slack (MET)


Startpoint: B[0] (input port clocked by __VIRTUAL_CLK__)
Endpoint: OUT[1] (output port clocked by __VIRTUAL_CLK__)
Path Group: __VIRTUAL_CLK__
Path Type: max

Fanout     Cap    Slew   Delay    Time   Description
-----------------------------------------------------------------------------
                  0.00    0.00    0.00   clock __VIRTUAL_CLK__ (rise edge)
                          0.00    0.00   clock network delay (ideal)
                          2.00    2.00 ^ input external delay
     1    0.00    0.02    0.01    2.01 ^ B[0] (in)
                                         B[0] (net)
                  0.02    0.00    2.01 ^ input9/A (sky130_fd_sc_hd__buf_2)
     5    0.03    0.15    0.18    2.19 ^ input9/X (sky130_fd_sc_hd__buf_2)
                                         net9 (net)
                  0.15    0.00    2.19 ^ _251_/A (sky130_fd_sc_hd__clkbuf_8)
    10    0.07    0.13    0.24    2.43 ^ _251_/X (sky130_fd_sc_hd__clkbuf_8)
                                         _182_ (net)
                  0.13    0.00    2.44 ^ _252_/A (sky130_fd_sc_hd__buf_4)
    10    0.05    0.14    0.22    2.66 ^ _252_/X (sky130_fd_sc_hd__buf_4)
                                         _183_ (net)
                  0.14    0.00    2.66 ^ _276_/A1 (sky130_fd_sc_hd__a21oi_2)
     2    0.01    0.07    0.11    2.76 v _276_/Y (sky130_fd_sc_hd__a21oi_2)
                                         _206_ (net)
                  0.07    0.00    2.77 v _279_/B (sky130_fd_sc_hd__or3_2)
     2    0.01    0.11    0.53    3.29 v _279_/X (sky130_fd_sc_hd__or3_2)
                                         _209_ (net)
                  0.11    0.00    3.30 v _280_/B_N (sky130_fd_sc_hd__or2b_1)
     1    0.01    0.07    0.21    3.51 ^ _280_/X (sky130_fd_sc_hd__or2b_1)
                                         _210_ (net)
                  0.07    0.00    3.51 ^ _281_/B (sky130_fd_sc_hd__xnor2_1)
     1    0.01    0.07    0.09    3.60 v _281_/Y (sky130_fd_sc_hd__xnor2_1)
                                         _211_ (net)
                  0.07    0.00    3.60 v _286_/A2 (sky130_fd_sc_hd__a211o_1)
     1    0.00    0.06    0.32    3.92 v _286_/X (sky130_fd_sc_hd__a211o_1)
                                         _216_ (net)
                  0.06    0.00    3.92 v _287_/B2 (sky130_fd_sc_hd__o2bb2a_1)
     1    0.01    0.08    0.33    4.24 v _287_/X (sky130_fd_sc_hd__o2bb2a_1)
                                         net21 (net)
                  0.08    0.00    4.24 v output21/A (sky130_fd_sc_hd__buf_2)
     1    0.03    0.09    0.20    4.45 v output21/X (sky130_fd_sc_hd__buf_2)
                                         OUT[1] (net)
                  0.09    0.00    4.45 v OUT[1] (out)
                                  4.45   data arrival time

                  0.00   10.00   10.00   clock __VIRTUAL_CLK__ (rise edge)
                          0.00   10.00   clock network delay (ideal)
                         -0.25    9.75   clock uncertainty
                          0.00    9.75   clock reconvergence pessimism
                         -2.00    7.75   output external delay
                                  7.75   data required time
-----------------------------------------------------------------------------
                                  7.75   data required time
                                 -4.45   data arrival time
-----------------------------------------------------------------------------
                                  3.30   slack (MET)


Startpoint: opcode[1] (input port clocked by __VIRTUAL_CLK__)
Endpoint: OUT[0] (output port clocked by __VIRTUAL_CLK__)
Path Group: __VIRTUAL_CLK__
Path Type: max

Fanout     Cap    Slew   Delay    Time   Description
-----------------------------------------------------------------------------
                  0.00    0.00    0.00   clock __VIRTUAL_CLK__ (rise edge)
                          0.00    0.00   clock network delay (ideal)
                          2.00    2.00 v input external delay
     1    0.00    0.01    0.00    2.00 v opcode[1] (in)
                                         opcode[1] (net)
                  0.01    0.00    2.00 v input18/A (sky130_fd_sc_hd__clkbuf_4)
     5    0.04    0.09    0.18    2.19 v input18/X (sky130_fd_sc_hd__clkbuf_4)
                                         net18 (net)
                  0.09    0.00    2.19 v _249_/B (sky130_fd_sc_hd__or2_4)
     5    0.03    0.08    0.31    2.50 v _249_/X (sky130_fd_sc_hd__or2_4)
                                         _180_ (net)
                  0.08    0.00    2.50 v _258_/B (sky130_fd_sc_hd__nor2_4)
     8    0.03    0.23    0.22    2.72 ^ _258_/Y (sky130_fd_sc_hd__nor2_4)
                                         _189_ (net)
                  0.23    0.00    2.72 ^ _260_/A1 (sky130_fd_sc_hd__o211a_1)
     1    0.01    0.09    0.24    2.97 ^ _260_/X (sky130_fd_sc_hd__o211a_1)
                                         _191_ (net)
                  0.09    0.00    2.97 ^ _261_/B1 (sky130_fd_sc_hd__a31o_1)
     1    0.01    0.09    0.14    3.11 ^ _261_/X (sky130_fd_sc_hd__a31o_1)
                                         _192_ (net)
                  0.09    0.00    3.11 ^ _262_/B2 (sky130_fd_sc_hd__a2bb2o_1)
     1    0.01    0.11    0.19    3.30 ^ _262_/X (sky130_fd_sc_hd__a2bb2o_1)
                                         net20 (net)
                  0.11    0.00    3.30 ^ output20/A (sky130_fd_sc_hd__buf_2)
     1    0.03    0.17    0.23    3.53 ^ output20/X (sky130_fd_sc_hd__buf_2)
                                         OUT[0] (net)
                  0.17    0.00    3.53 ^ OUT[0] (out)
                                  3.53   data arrival time

                  0.00   10.00   10.00   clock __VIRTUAL_CLK__ (rise edge)
                          0.00   10.00   clock network delay (ideal)
                         -0.25    9.75   clock uncertainty
                          0.00    9.75   clock reconvergence pessimism
                         -2.00    7.75   output external delay
                                  7.75   data required time
-----------------------------------------------------------------------------
                                  7.75   data required time
                                 -3.53   data arrival time
-----------------------------------------------------------------------------
                                  4.22   slack (MET)



worst slack corner Typical: 1.6776
