OpenROAD b16bda7e82721d10566ff7e2b68f1ff0be9f9e38 
Features included (+) or not (-): +Charts +GPU +GUI +Python
This program is licensed under the BSD-3 license. See the LICENSE file for details.
Components of this program may be licensed under more restrictive licenses which must be honored.
Top-level design name: top
Block boundaries: 0 0 434795 445515
Horizontal Tracks Origin: 340, Count: 655, Step: 680
Vertical Tracks Origin: 230, Count: 945, Step: 460
Placement details for the #E side
Virtual pin count:  0
Actual pin count:  32
Total pin count:  32
Tracks count:  328
Tracks per pin:  10
Used tracks count:  311
Unused track count:  17
Starting track index:  8
Placement Map:
[340, 1700, 3060, 4420, 5780, 7140, 8500, 9860, [91m11220[0m, 12580, 13940, 15300, 16660, 18020, 19380, 20740, 22100, 23460, [91m24820[0m, 26180, 27540, 28900, 30260, 31620, 32980, 34340, 35700, 37060, [91m38420[0m, 39780, 41140, 42500, 43860, 45220, 46580, 47940, 49300, 50660, [91m52020[0m, 53380, 54740, 56100, 57460, 58820, 60180, 61540, 62900, 64260, [91m65620[0m, 66980, 68340, 69700, 71060, 72420, 73780, 75140, 76500, 77860, [91m79220[0m, 80580, 81940, 83300, 84660, 86020, 87380, 88740, 90100, 91460, [91m92820[0m, 94180, 95540, 96900, 98260, 99620, 100980, 102340, 103700, 105060, [91m106420[0m, 107780, 109140, 110500, 111860, 113220, 114580, 115940, 117300, 118660, [91m120020[0m, 121380, 122740, 124100, 125460, 126820, 128180, 129540, 130900, 132260, [91m133620[0m, 134980, 136340, 137700, 139060, 140420, 141780, 143140, 144500, 145860, [91m147220[0m, 148580, 149940, 151300, 152660, 154020, 155380, 156740, 158100, 159460, [91m160820[0m, 162180, 163540, 164900, 166260, 167620, 168980, 170340, 171700, 173060, [91m174420[0m, 175780, 177140, 178500, 179860, 181220, 182580, 183940, 185300, 186660, [91m188020[0m, 189380, 190740, 192100, 193460, 194820, 196180, 197540, 198900, 200260, [91m201620[0m, 202980, 204340, 205700, 207060, 208420, 209780, 211140, 212500, 213860, [91m215220[0m, 216580, 217940, 219300, 220660, 222020, 223380, 224740, 226100, 227460, [91m228820[0m, 230180, 231540, 232900, 234260, 235620, 236980, 238340, 239700, 241060, [91m242420[0m, 243780, 245140, 246500, 247860, 249220, 250580, 251940, 253300, 254660, [91m256020[0m, 257380, 258740, 260100, 261460, 262820, 264180, 265540, 266900, 268260, [91m269620[0m, 270980, 272340, 273700, 275060, 276420, 277780, 279140, 280500, 281860, [91m283220[0m, 284580, 285940, 287300, 288660, 290020, 291380, 292740, 294100, 295460, [91m296820[0m, 298180, 299540, 300900, 302260, 303620, 304980, 306340, 307700, 309060, [91m310420[0m, 311780, 313140, 314500, 315860, 317220, 318580, 319940, 321300, 322660, [91m324020[0m, 325380, 326740, 328100, 329460, 330820, 332180, 333540, 334900, 336260, [91m337620[0m, 338980, 340340, 341700, 343060, 344420, 345780, 347140, 348500, 349860, [91m351220[0m, 352580, 353940, 355300, 356660, 358020, 359380, 360740, 362100, 363460, [91m364820[0m, 366180, 367540, 368900, 370260, 371620, 372980, 374340, 375700, 377060, [91m378420[0m, 379780, 381140, 382500, 383860, 385220, 386580, 387940, 389300, 390660, [91m392020[0m, 393380, 394740, 396100, 397460, 398820, 400180, 401540, 402900, 404260, [91m405620[0m, 406980, 408340, 409700, 411060, 412420, 413780, 415140, 416500, 417860, [91m419220[0m, 420580, 421940, 423300, 424660, 426020, 427380, 428740, 430100, 431460, [91m432820[0m, 434180, 435540, 436900, 438260, 439620, 440980, 442340, 443700, 445060, ]
Indices of used tracks: [8, 18, 28, 38, 48, 58, 68, 78, 88, 98, 108, 118, 128, 138, 148, 158, 168, 178, 188, 198, 208, 218, 228, 238, 248, 258, 268, 278, 288, 298, 308, 318]
---
Placement details for the #W side
Virtual pin count:  0
Actual pin count:  51
Total pin count:  51
Tracks count:  328
Tracks per pin:  6
Used tracks count:  301
Unused track count:  27
Starting track index:  13
Placement Map:
[340, 1700, 3060, 4420, 5780, 7140, 8500, 9860, 11220, 12580, 13940, 15300, 16660, [91m18020[0m, 19380, 20740, 22100, 23460, 24820, [91m26180[0m, 27540, 28900, 30260, 31620, 32980, [91m34340[0m, 35700, 37060, 38420, 39780, 41140, [91m42500[0m, 43860, 45220, 46580, 47940, 49300, [91m50660[0m, 52020, 53380, 54740, 56100, 57460, [91m58820[0m, 60180, 61540, 62900, 64260, 65620, [91m66980[0m, 68340, 69700, 71060, 72420, 73780, [91m75140[0m, 76500, 77860, 79220, 80580, 81940, [91m83300[0m, 84660, 86020, 87380, 88740, 90100, [91m91460[0m, 92820, 94180, 95540, 96900, 98260, [91m99620[0m, 100980, 102340, 103700, 105060, 106420, [91m107780[0m, 109140, 110500, 111860, 113220, 114580, [91m115940[0m, 117300, 118660, 120020, 121380, 122740, [91m124100[0m, 125460, 126820, 128180, 129540, 130900, [91m132260[0m, 133620, 134980, 136340, 137700, 139060, [91m140420[0m, 141780, 143140, 144500, 145860, 147220, [91m148580[0m, 149940, 151300, 152660, 154020, 155380, [91m156740[0m, 158100, 159460, 160820, 162180, 163540, [91m164900[0m, 166260, 167620, 168980, 170340, 171700, [91m173060[0m, 174420, 175780, 177140, 178500, 179860, [91m181220[0m, 182580, 183940, 185300, 186660, 188020, [91m189380[0m, 190740, 192100, 193460, 194820, 196180, [91m197540[0m, 198900, 200260, 201620, 202980, 204340, [91m205700[0m, 207060, 208420, 209780, 211140, 212500, [91m213860[0m, 215220, 216580, 217940, 219300, 220660, [91m222020[0m, 223380, 224740, 226100, 227460, 228820, [91m230180[0m, 231540, 232900, 234260, 235620, 236980, [91m238340[0m, 239700, 241060, 242420, 243780, 245140, [91m246500[0m, 247860, 249220, 250580, 251940, 253300, [91m254660[0m, 256020, 257380, 258740, 260100, 261460, [91m262820[0m, 264180, 265540, 266900, 268260, 269620, [91m270980[0m, 272340, 273700, 275060, 276420, 277780, [91m279140[0m, 280500, 281860, 283220, 284580, 285940, [91m287300[0m, 288660, 290020, 291380, 292740, 294100, [91m295460[0m, 296820, 298180, 299540, 300900, 302260, [91m303620[0m, 304980, 306340, 307700, 309060, 310420, [91m311780[0m, 313140, 314500, 315860, 317220, 318580, [91m319940[0m, 321300, 322660, 324020, 325380, 326740, [91m328100[0m, 329460, 330820, 332180, 333540, 334900, [91m336260[0m, 337620, 338980, 340340, 341700, 343060, [91m344420[0m, 345780, 347140, 348500, 349860, 351220, [91m352580[0m, 353940, 355300, 356660, 358020, 359380, [91m360740[0m, 362100, 363460, 364820, 366180, 367540, [91m368900[0m, 370260, 371620, 372980, 374340, 375700, [91m377060[0m, 378420, 379780, 381140, 382500, 383860, [91m385220[0m, 386580, 387940, 389300, 390660, 392020, [91m393380[0m, 394740, 396100, 397460, 398820, 400180, [91m401540[0m, 402900, 404260, 405620, 406980, 408340, [91m409700[0m, 411060, 412420, 413780, 415140, 416500, [91m417860[0m, 419220, 420580, 421940, 423300, 424660, [91m426020[0m, 427380, 428740, 430100, 431460, 432820, 434180, 435540, 436900, 438260, 439620, 440980, 442340, 443700, 445060, ]
Indices of used tracks: [13, 19, 25, 31, 37, 43, 49, 55, 61, 67, 73, 79, 85, 91, 97, 103, 109, 115, 121, 127, 133, 139, 145, 151, 157, 163, 169, 175, 181, 187, 193, 199, 205, 211, 217, 223, 229, 235, 241, 247, 253, 259, 265, 271, 277, 283, 289, 295, 301, 307, 313]
---
