
===========================================================================
 report_power
============================================================================
======================= Fastest Corner ===================================

Group                  Internal  Switching    Leakage      Total
                          Power      Power      Power      Power (Watts)
----------------------------------------------------------------
Sequential             1.11e-04   0.00e+00   3.46e-10   1.11e-04  54.4%
Combinational          0.00e+00   0.00e+00   1.07e-09   1.07e-09   0.0%
Clock                  6.00e-05   3.32e-05   3.74e-10   9.32e-05  45.6%
Macro                  0.00e+00   0.00e+00   0.00e+00   0.00e+00   0.0%
Pad                    0.00e+00   0.00e+00   0.00e+00   0.00e+00   0.0%
----------------------------------------------------------------
Total                  1.71e-04   3.32e-05   1.79e-09   2.05e-04 100.0%
                          83.8%      16.2%       0.0%

======================= Slowest Corner ===================================

Group                  Internal  Switching    Leakage      Total
                          Power      Power      Power      Power (Watts)
----------------------------------------------------------------
Sequential             7.42e-05   0.00e+00   3.25e-07   7.45e-05  53.7%
Combinational          0.00e+00   0.00e+00   4.07e-07   4.07e-07   0.3%
Clock                  4.27e-05   2.10e-05   5.72e-08   6.37e-05  46.0%
Macro                  0.00e+00   0.00e+00   0.00e+00   0.00e+00   0.0%
Pad                    0.00e+00   0.00e+00   0.00e+00   0.00e+00   0.0%
----------------------------------------------------------------
Total                  1.17e-04   2.10e-05   7.89e-07   1.39e-04 100.0%
                          84.3%      15.1%       0.6%

======================= Typical Corner ===================================

Group                  Internal  Switching    Leakage      Total
                          Power      Power      Power      Power (Watts)
----------------------------------------------------------------
Sequential             9.56e-05   0.00e+00   1.93e-10   9.56e-05  54.4%
Combinational          0.00e+00   0.00e+00   4.61e-10   4.61e-10   0.0%
Clock                  5.24e-05   2.78e-05   2.19e-10   8.02e-05  45.6%
Macro                  0.00e+00   0.00e+00   0.00e+00   0.00e+00   0.0%
Pad                    0.00e+00   0.00e+00   0.00e+00   0.00e+00   0.0%
----------------------------------------------------------------
Total                  1.48e-04   2.78e-05   8.73e-10   1.76e-04 100.0%
                          84.2%      15.8%       0.0%

