
===========================================================================
 report_power
============================================================================
======================= Fastest Corner ===================================

Group                  Internal  Switching    Leakage      Total
                          Power      Power      Power      Power (Watts)
----------------------------------------------------------------
Sequential             6.01e-03   9.11e-04   1.49e-08   6.92e-03  36.7%
Combinational          4.51e-03   3.69e-03   5.30e-08   8.20e-03  43.5%
Clock                  1.30e-03   2.43e-03   1.37e-08   3.73e-03  19.8%
Macro                  0.00e+00   0.00e+00   0.00e+00   0.00e+00   0.0%
Pad                    0.00e+00   0.00e+00   0.00e+00   0.00e+00   0.0%
----------------------------------------------------------------
Total                  1.18e-02   7.03e-03   8.15e-08   1.89e-02 100.0%
                          62.7%      37.3%       0.0%

======================= Slowest Corner ===================================

Group                  Internal  Switching    Leakage      Total
                          Power      Power      Power      Power (Watts)
----------------------------------------------------------------
Sequential             4.07e-03   5.81e-04   1.48e-05   4.66e-03  36.5%
Combinational          3.12e-03   2.44e-03   3.81e-05   5.61e-03  43.9%
Clock                  9.27e-04   1.58e-03   1.61e-06   2.51e-03  19.6%
Macro                  0.00e+00   0.00e+00   0.00e+00   0.00e+00   0.0%
Pad                    0.00e+00   0.00e+00   0.00e+00   0.00e+00   0.0%
----------------------------------------------------------------
Total                  8.12e-03   4.61e-03   5.45e-05   1.28e-02 100.0%
                          63.5%      36.0%       0.4%

======================= Typical Corner ===================================

Group                  Internal  Switching    Leakage      Total
                          Power      Power      Power      Power (Watts)
----------------------------------------------------------------
Sequential             5.20e-03   7.55e-04   8.57e-09   5.96e-03  36.7%
Combinational          3.96e-03   3.12e-03   2.62e-08   7.07e-03  43.6%
Clock                  1.13e-03   2.05e-03   9.79e-09   3.19e-03  19.7%
Macro                  0.00e+00   0.00e+00   0.00e+00   0.00e+00   0.0%
Pad                    0.00e+00   0.00e+00   0.00e+00   0.00e+00   0.0%
----------------------------------------------------------------
Total                  1.03e-02   5.92e-03   4.45e-08   1.62e-02 100.0%
                          63.5%      36.5%       0.0%

