
===========================================================================
report_checks -path_delay max (Setup)
============================================================================
======================= Typical Corner ===================================

Startpoint: in[3] (input port clocked by __VIRTUAL_CLK__)
Endpoint: out[6] (output port clocked by __VIRTUAL_CLK__)
Path Group: __VIRTUAL_CLK__
Path Type: max

Fanout     Cap    Slew   Delay    Time   Description
-----------------------------------------------------------------------------
                  0.00    0.00    0.00   clock __VIRTUAL_CLK__ (rise edge)
                          0.00    0.00   clock network delay (ideal)
                          2.00    2.00 v input external delay
     2    0.01    0.02    0.01    2.01 v in[3] (in)
                                         in[3] (net)
                  0.02    0.00    2.01 v _09_/A (sky130_fd_sc_hd__or4_2)
     5    0.01    0.13    0.74    2.75 v _09_/X (sky130_fd_sc_hd__or4_2)
                                         _00_ (net)
                  0.13    0.00    2.75 v _15_/D (sky130_fd_sc_hd__or4_2)
     2    0.01    0.13    0.63    3.39 v _15_/X (sky130_fd_sc_hd__or4_2)
                                         _04_ (net)
                  0.13    0.00    3.39 v _16_/B (sky130_fd_sc_hd__and2b_2)
     1    0.00    0.03    0.23    3.62 v _16_/X (sky130_fd_sc_hd__and2b_2)
                                         _05_ (net)
                  0.03    0.00    3.62 v _17_/A (sky130_fd_sc_hd__buf_1)
     1    0.03    0.20    0.23    3.85 v _17_/X (sky130_fd_sc_hd__buf_1)
                                         out[6] (net)
                  0.20    0.00    3.85 v out[6] (out)
                                  3.85   data arrival time

                  0.00   10.00   10.00   clock __VIRTUAL_CLK__ (rise edge)
                          0.00   10.00   clock network delay (ideal)
                         -0.25    9.75   clock uncertainty
                          0.00    9.75   clock reconvergence pessimism
                         -2.00    7.75   output external delay
                                  7.75   data required time
-----------------------------------------------------------------------------
                                  7.75   data required time
                                 -3.85   data arrival time
-----------------------------------------------------------------------------
                                  3.90   slack (MET)


Startpoint: in[3] (input port clocked by __VIRTUAL_CLK__)
Endpoint: out[7] (output port clocked by __VIRTUAL_CLK__)
Path Group: __VIRTUAL_CLK__
Path Type: max

Fanout     Cap    Slew   Delay    Time   Description
-----------------------------------------------------------------------------
                  0.00    0.00    0.00   clock __VIRTUAL_CLK__ (rise edge)
                          0.00    0.00   clock network delay (ideal)
                          2.00    2.00 v input external delay
     2    0.01    0.02    0.01    2.01 v in[3] (in)
                                         in[3] (net)
                  0.02    0.00    2.01 v _09_/A (sky130_fd_sc_hd__or4_2)
     5    0.01    0.13    0.74    2.75 v _09_/X (sky130_fd_sc_hd__or4_2)
                                         _00_ (net)
                  0.13    0.00    2.75 v _15_/D (sky130_fd_sc_hd__or4_2)
     2    0.01    0.13    0.63    3.39 v _15_/X (sky130_fd_sc_hd__or4_2)
                                         _04_ (net)
                  0.13    0.00    3.39 v _18_/B (sky130_fd_sc_hd__xor2_2)
     1    0.04    0.44    0.42    3.81 ^ _18_/X (sky130_fd_sc_hd__xor2_2)
                                         out[7] (net)
                  0.44    0.00    3.81 ^ out[7] (out)
                                  3.81   data arrival time

                  0.00   10.00   10.00   clock __VIRTUAL_CLK__ (rise edge)
                          0.00   10.00   clock network delay (ideal)
                         -0.25    9.75   clock uncertainty
                          0.00    9.75   clock reconvergence pessimism
                         -2.00    7.75   output external delay
                                  7.75   data required time
-----------------------------------------------------------------------------
                                  7.75   data required time
                                 -3.81   data arrival time
-----------------------------------------------------------------------------
                                  3.94   slack (MET)


Startpoint: in[3] (input port clocked by __VIRTUAL_CLK__)
Endpoint: out[4] (output port clocked by __VIRTUAL_CLK__)
Path Group: __VIRTUAL_CLK__
Path Type: max

Fanout     Cap    Slew   Delay    Time   Description
-----------------------------------------------------------------------------
                  0.00    0.00    0.00   clock __VIRTUAL_CLK__ (rise edge)
                          0.00    0.00   clock network delay (ideal)
                          2.00    2.00 v input external delay
     2    0.01    0.02    0.01    2.01 v in[3] (in)
                                         in[3] (net)
                  0.02    0.00    2.01 v _09_/A (sky130_fd_sc_hd__or4_2)
     5    0.01    0.13    0.74    2.75 v _09_/X (sky130_fd_sc_hd__or4_2)
                                         _00_ (net)
                  0.13    0.00    2.75 v _11_/B (sky130_fd_sc_hd__and2_2)
     1    0.00    0.04    0.24    3.00 v _11_/X (sky130_fd_sc_hd__and2_2)
                                         _02_ (net)
                  0.04    0.00    3.00 v _12_/B (sky130_fd_sc_hd__nor2_2)
     1    0.03    0.38    0.32    3.31 ^ _12_/Y (sky130_fd_sc_hd__nor2_2)
                                         out[4] (net)
                  0.38    0.00    3.31 ^ out[4] (out)
                                  3.31   data arrival time

                  0.00   10.00   10.00   clock __VIRTUAL_CLK__ (rise edge)
                          0.00   10.00   clock network delay (ideal)
                         -0.25    9.75   clock uncertainty
                          0.00    9.75   clock reconvergence pessimism
                         -2.00    7.75   output external delay
                                  7.75   data required time
-----------------------------------------------------------------------------
                                  7.75   data required time
                                 -3.31   data arrival time
-----------------------------------------------------------------------------
                                  4.44   slack (MET)


Startpoint: in[3] (input port clocked by __VIRTUAL_CLK__)
Endpoint: out[5] (output port clocked by __VIRTUAL_CLK__)
Path Group: __VIRTUAL_CLK__
Path Type: max

Fanout     Cap    Slew   Delay    Time   Description
-----------------------------------------------------------------------------
                  0.00    0.00    0.00   clock __VIRTUAL_CLK__ (rise edge)
                          0.00    0.00   clock network delay (ideal)
                          2.00    2.00 v input external delay
     2    0.01    0.02    0.01    2.01 v in[3] (in)
                                         in[3] (net)
                  0.02    0.00    2.01 v _09_/A (sky130_fd_sc_hd__or4_2)
     5    0.01    0.13    0.74    2.75 v _09_/X (sky130_fd_sc_hd__or4_2)
                                         _00_ (net)
                  0.13    0.00    2.75 v _10_/B (sky130_fd_sc_hd__nor2_2)
     2    0.01    0.17    0.19    2.95 ^ _10_/Y (sky130_fd_sc_hd__nor2_2)
                                         _01_ (net)
                  0.17    0.00    2.95 ^ _13_/B (sky130_fd_sc_hd__xnor2_2)
     1    0.03    0.45    0.24    3.19 ^ _13_/Y (sky130_fd_sc_hd__xnor2_2)
                                         out[5] (net)
                  0.45    0.00    3.19 ^ out[5] (out)
                                  3.19   data arrival time

                  0.00   10.00   10.00   clock __VIRTUAL_CLK__ (rise edge)
                          0.00   10.00   clock network delay (ideal)
                         -0.25    9.75   clock uncertainty
                          0.00    9.75   clock reconvergence pessimism
                         -2.00    7.75   output external delay
                                  7.75   data required time
-----------------------------------------------------------------------------
                                  7.75   data required time
                                 -3.19   data arrival time
-----------------------------------------------------------------------------
                                  4.56   slack (MET)


Startpoint: in[3] (input port clocked by __VIRTUAL_CLK__)
Endpoint: out[3] (output port clocked by __VIRTUAL_CLK__)
Path Group: __VIRTUAL_CLK__
Path Type: max

Fanout     Cap    Slew   Delay    Time   Description
-----------------------------------------------------------------------------
                  0.00    0.00    0.00   clock __VIRTUAL_CLK__ (rise edge)
                          0.00    0.00   clock network delay (ideal)
                          2.00    2.00 v input external delay
     2    0.01    0.02    0.01    2.01 v in[3] (in)
                                         in[3] (net)
                  0.02    0.00    2.01 v _09_/A (sky130_fd_sc_hd__or4_2)
     5    0.01    0.13    0.74    2.75 v _09_/X (sky130_fd_sc_hd__or4_2)
                                         _00_ (net)
                  0.13    0.00    2.75 v _24_/B1_N (sky130_fd_sc_hd__a21boi_2)
     1    0.03    0.13    0.27    3.02 v _24_/Y (sky130_fd_sc_hd__a21boi_2)
                                         out[3] (net)
                  0.13    0.00    3.02 v out[3] (out)
                                  3.02   data arrival time

                  0.00   10.00   10.00   clock __VIRTUAL_CLK__ (rise edge)
                          0.00   10.00   clock network delay (ideal)
                         -0.25    9.75   clock uncertainty
                          0.00    9.75   clock reconvergence pessimism
                         -2.00    7.75   output external delay
                                  7.75   data required time
-----------------------------------------------------------------------------
                                  7.75   data required time
                                 -3.02   data arrival time
-----------------------------------------------------------------------------
                                  4.73   slack (MET)


Startpoint: in[2] (input port clocked by __VIRTUAL_CLK__)
Endpoint: out[2] (output port clocked by __VIRTUAL_CLK__)
Path Group: __VIRTUAL_CLK__
Path Type: max

Fanout     Cap    Slew   Delay    Time   Description
-----------------------------------------------------------------------------
                  0.00    0.00    0.00   clock __VIRTUAL_CLK__ (rise edge)
                          0.00    0.00   clock network delay (ideal)
                          2.00    2.00 v input external delay
     3    0.01    0.02    0.01    2.01 v in[2] (in)
                                         in[2] (net)
                  0.02    0.00    2.01 v _20_/A (sky130_fd_sc_hd__or3_2)
     2    0.01    0.09    0.50    2.52 v _20_/X (sky130_fd_sc_hd__or3_2)
                                         _06_ (net)
                  0.09    0.00    2.52 v _22_/A (sky130_fd_sc_hd__and2_2)
     1    0.00    0.04    0.19    2.71 v _22_/X (sky130_fd_sc_hd__and2_2)
                                         _08_ (net)
                  0.04    0.00    2.71 v _23_/A (sky130_fd_sc_hd__buf_1)
     1    0.03    0.20    0.23    2.94 v _23_/X (sky130_fd_sc_hd__buf_1)
                                         out[2] (net)
                  0.20    0.00    2.94 v out[2] (out)
                                  2.94   data arrival time

                  0.00   10.00   10.00   clock __VIRTUAL_CLK__ (rise edge)
                          0.00   10.00   clock network delay (ideal)
                         -0.25    9.75   clock uncertainty
                          0.00    9.75   clock reconvergence pessimism
                         -2.00    7.75   output external delay
                                  7.75   data required time
-----------------------------------------------------------------------------
                                  7.75   data required time
                                 -2.94   data arrival time
-----------------------------------------------------------------------------
                                  4.81   slack (MET)


Startpoint: in[0] (input port clocked by __VIRTUAL_CLK__)
Endpoint: out[1] (output port clocked by __VIRTUAL_CLK__)
Path Group: __VIRTUAL_CLK__
Path Type: max

Fanout     Cap    Slew   Delay    Time   Description
-----------------------------------------------------------------------------
                  0.00    0.00    0.00   clock __VIRTUAL_CLK__ (rise edge)
                          0.00    0.00   clock network delay (ideal)
                          2.00    2.00 ^ input external delay
     5    0.02    0.10    0.07    2.07 ^ in[0] (in)
                                         in[0] (net)
                  0.10    0.00    2.07 ^ _19_/B (sky130_fd_sc_hd__xor2_2)
     1    0.03    0.43    0.40    2.47 ^ _19_/X (sky130_fd_sc_hd__xor2_2)
                                         out[1] (net)
                  0.43    0.00    2.47 ^ out[1] (out)
                                  2.47   data arrival time

                  0.00   10.00   10.00   clock __VIRTUAL_CLK__ (rise edge)
                          0.00   10.00   clock network delay (ideal)
                         -0.25    9.75   clock uncertainty
                          0.00    9.75   clock reconvergence pessimism
                         -2.00    7.75   output external delay
                                  7.75   data required time
-----------------------------------------------------------------------------
                                  7.75   data required time
                                 -2.47   data arrival time
-----------------------------------------------------------------------------
                                  5.28   slack (MET)


Startpoint: in[0] (input port clocked by __VIRTUAL_CLK__)
Endpoint: out[0] (output port clocked by __VIRTUAL_CLK__)
Path Group: __VIRTUAL_CLK__
Path Type: max

Fanout     Cap    Slew   Delay    Time   Description
-----------------------------------------------------------------------------
                  0.00    0.00    0.00   clock __VIRTUAL_CLK__ (rise edge)
                          0.00    0.00   clock network delay (ideal)
                          2.00    2.00 ^ input external delay
     5    0.02    0.10    0.07    2.07 ^ in[0] (in)
                                         in[0] (net)
                  0.10    0.00    2.07 ^ _25_/A (sky130_fd_sc_hd__buf_2)
     1    0.03    0.17    0.23    2.30 ^ _25_/X (sky130_fd_sc_hd__buf_2)
                                         out[0] (net)
                  0.17    0.00    2.30 ^ out[0] (out)
                                  2.30   data arrival time

                  0.00   10.00   10.00   clock __VIRTUAL_CLK__ (rise edge)
                          0.00   10.00   clock network delay (ideal)
                         -0.25    9.75   clock uncertainty
                          0.00    9.75   clock reconvergence pessimism
                         -2.00    7.75   output external delay
                                  7.75   data required time
-----------------------------------------------------------------------------
                                  7.75   data required time
                                 -2.30   data arrival time
-----------------------------------------------------------------------------
                                  5.45   slack (MET)



worst slack corner Typical: 3.8985
