
===========================================================================
report_checks -unconstrained
===========================================================================
======================= Typical Corner ===================================

Startpoint: in[3] (input port clocked by __VIRTUAL_CLK__)
Endpoint: out[6] (output port clocked by __VIRTUAL_CLK__)
Path Group: __VIRTUAL_CLK__
Path Type: max

Fanout     Cap    Slew   Delay    Time   Description
-----------------------------------------------------------------------------
                  0.00    0.00    0.00   clock __VIRTUAL_CLK__ (rise edge)
                          0.00    0.00   clock network delay (ideal)
                          2.00    2.00 v input external delay
     2    0.01    0.02    0.01    2.01 v in[3] (in)
                                         in[3] (net)
                  0.02    0.00    2.01 v _09_/A (sky130_fd_sc_hd__or4_2)
     5    0.01    0.13    0.74    2.75 v _09_/X (sky130_fd_sc_hd__or4_2)
                                         _00_ (net)
                  0.13    0.00    2.75 v _15_/D (sky130_fd_sc_hd__or4_2)
     2    0.01    0.13    0.63    3.39 v _15_/X (sky130_fd_sc_hd__or4_2)
                                         _04_ (net)
                  0.13    0.00    3.39 v _16_/B (sky130_fd_sc_hd__and2b_2)
     1    0.00    0.03    0.23    3.62 v _16_/X (sky130_fd_sc_hd__and2b_2)
                                         _05_ (net)
                  0.03    0.00    3.62 v _17_/A (sky130_fd_sc_hd__buf_1)
     1    0.03    0.20    0.23    3.85 v _17_/X (sky130_fd_sc_hd__buf_1)
                                         out[6] (net)
                  0.20    0.00    3.85 v out[6] (out)
                                  3.85   data arrival time

                  0.00   10.00   10.00   clock __VIRTUAL_CLK__ (rise edge)
                          0.00   10.00   clock network delay (ideal)
                         -0.25    9.75   clock uncertainty
                          0.00    9.75   clock reconvergence pessimism
                         -2.00    7.75   output external delay
                                  7.75   data required time
-----------------------------------------------------------------------------
                                  7.75   data required time
                                 -3.85   data arrival time
-----------------------------------------------------------------------------
                                  3.90   slack (MET)




===========================================================================
report_checks --slack_max -0.01
============================================================================
======================= Typical Corner ===================================

No paths found.


===========================================================================
 report_check_types -max_slew -max_cap -max_fanout -violators
============================================================================
======================= Typical Corner ===================================


max slew violations count Typical: 0
max fanout violations count Typical: 0
max cap violations count Typical: 0

===========================================================================
report_parasitic_annotation -report_unannotated
============================================================================
Found 0 unannotated drivers.
Found 0 partially unannotated drivers.

===========================================================================
max slew violation count 0
max fanout violation count 0
max cap violation count 0
============================================================================

===========================================================================
check_setup -verbose -unconstrained_endpoints -multiple_clock -no_clock -no_input_delay -loops -generated_clocks
===========================================================================
