
===========================================================================
report_checks -path_delay min (Hold)
============================================================================
======================= Typical Corner ===================================

Startpoint: _357_ (rising edge-triggered flip-flop clocked by clk)
Endpoint: _358_ (rising edge-triggered flip-flop clocked by clk)
Path Group: clk
Path Type: min

Fanout     Cap    Slew   Delay    Time   Description
-----------------------------------------------------------------------------
                  0.00    0.00    0.00   clock clk (rise edge)
                          0.00    0.00   clock network delay (ideal)
                  0.00    0.00    0.00 ^ _357_/CLK (sky130_fd_sc_hd__dfrtp_2)
     5    0.02    0.11    0.39    0.39 ^ _357_/Q (sky130_fd_sc_hd__dfrtp_2)
                                         one_second_enable (net)
                  0.11    0.00    0.39 ^ _174_/A1 (sky130_fd_sc_hd__a21oi_1)
     1    0.01    0.05    0.09    0.48 v _174_/Y (sky130_fd_sc_hd__a21oi_1)
                                         _060_ (net)
                  0.05    0.00    0.48 v _358_/D (sky130_fd_sc_hd__dfrtp_4)
                                  0.48   data arrival time

                  0.00    0.00    0.00   clock clk (rise edge)
                          0.00    0.00   clock network delay (ideal)
                          0.00    0.00   clock reconvergence pessimism
                                  0.00 ^ _358_/CLK (sky130_fd_sc_hd__dfrtp_4)
                         -0.06   -0.06   library hold time
                                 -0.06   data required time
-----------------------------------------------------------------------------
                                 -0.06   data required time
                                 -0.48   data arrival time
-----------------------------------------------------------------------------
                                  0.53   slack (MET)


Startpoint: _356_ (rising edge-triggered flip-flop clocked by clk)
Endpoint: _356_ (rising edge-triggered flip-flop clocked by clk)
Path Group: clk
Path Type: min

Fanout     Cap    Slew   Delay    Time   Description
-----------------------------------------------------------------------------
                  0.00    0.00    0.00   clock clk (rise edge)
                          0.00    0.00   clock network delay (ideal)
                  0.00    0.00    0.00 ^ _356_/CLK (sky130_fd_sc_hd__dfrtp_1)
     2    0.01    0.09    0.33    0.33 ^ _356_/Q (sky130_fd_sc_hd__dfrtp_1)
                                         one_second_counter[26] (net)
                  0.09    0.00    0.33 ^ _284_/A1 (sky130_fd_sc_hd__o211a_1)
     1    0.00    0.05    0.16    0.50 ^ _284_/X (sky130_fd_sc_hd__o211a_1)
                                         _018_ (net)
                  0.05    0.00    0.50 ^ _356_/D (sky130_fd_sc_hd__dfrtp_1)
                                  0.50   data arrival time

                  0.00    0.00    0.00   clock clk (rise edge)
                          0.00    0.00   clock network delay (ideal)
                          0.00    0.00   clock reconvergence pessimism
                                  0.00 ^ _356_/CLK (sky130_fd_sc_hd__dfrtp_1)
                         -0.04   -0.04   library hold time
                                 -0.04   data required time
-----------------------------------------------------------------------------
                                 -0.04   data required time
                                 -0.50   data arrival time
-----------------------------------------------------------------------------
                                  0.54   slack (MET)


Startpoint: _353_ (rising edge-triggered flip-flop clocked by clk)
Endpoint: _353_ (rising edge-triggered flip-flop clocked by clk)
Path Group: clk
Path Type: min

Fanout     Cap    Slew   Delay    Time   Description
-----------------------------------------------------------------------------
                  0.00    0.00    0.00   clock clk (rise edge)
                          0.00    0.00   clock network delay (ideal)
                  0.00    0.00    0.00 ^ _353_/CLK (sky130_fd_sc_hd__dfrtp_1)
     2    0.01    0.06    0.37    0.37 v _353_/Q (sky130_fd_sc_hd__dfrtp_1)
                                         one_second_counter[23] (net)
                  0.06    0.00    0.37 v _273_/A (sky130_fd_sc_hd__inv_2)
     1    0.01    0.05    0.07    0.43 ^ _273_/Y (sky130_fd_sc_hd__inv_2)
                                         _147_ (net)
                  0.05    0.00    0.43 ^ _275_/A1 (sky130_fd_sc_hd__a221oi_2)
     1    0.01    0.05    0.06    0.49 v _275_/Y (sky130_fd_sc_hd__a221oi_2)
                                         _015_ (net)
                  0.05    0.00    0.49 v _353_/D (sky130_fd_sc_hd__dfrtp_1)
                                  0.49   data arrival time

                  0.00    0.00    0.00   clock clk (rise edge)
                          0.00    0.00   clock network delay (ideal)
                          0.00    0.00   clock reconvergence pessimism
                                  0.00 ^ _353_/CLK (sky130_fd_sc_hd__dfrtp_1)
                         -0.06   -0.06   library hold time
                                 -0.06   data required time
-----------------------------------------------------------------------------
                                 -0.06   data required time
                                 -0.49   data arrival time
-----------------------------------------------------------------------------
                                  0.55   slack (MET)


Startpoint: _351_ (rising edge-triggered flip-flop clocked by clk)
Endpoint: _351_ (rising edge-triggered flip-flop clocked by clk)
Path Group: clk
Path Type: min

Fanout     Cap    Slew   Delay    Time   Description
-----------------------------------------------------------------------------
                  0.00    0.00    0.00   clock clk (rise edge)
                          0.00    0.00   clock network delay (ideal)
                  0.00    0.00    0.00 ^ _351_/CLK (sky130_fd_sc_hd__dfrtp_1)
     3    0.01    0.08    0.38    0.38 v _351_/Q (sky130_fd_sc_hd__dfrtp_1)
                                         one_second_counter[21] (net)
                  0.08    0.00    0.38 v _266_/A (sky130_fd_sc_hd__inv_2)
     1    0.00    0.03    0.06    0.44 ^ _266_/Y (sky130_fd_sc_hd__inv_2)
                                         _142_ (net)
                  0.03    0.00    0.44 ^ _268_/A1 (sky130_fd_sc_hd__a211oi_1)
     1    0.00    0.05    0.05    0.50 v _268_/Y (sky130_fd_sc_hd__a211oi_1)
                                         _013_ (net)
                  0.05    0.00    0.50 v _351_/D (sky130_fd_sc_hd__dfrtp_1)
                                  0.50   data arrival time

                  0.00    0.00    0.00   clock clk (rise edge)
                          0.00    0.00   clock network delay (ideal)
                          0.00    0.00   clock reconvergence pessimism
                                  0.00 ^ _351_/CLK (sky130_fd_sc_hd__dfrtp_1)
                         -0.06   -0.06   library hold time
                                 -0.06   data required time
-----------------------------------------------------------------------------
                                 -0.06   data required time
                                 -0.50   data arrival time
-----------------------------------------------------------------------------
                                  0.55   slack (MET)


Startpoint: _337_ (rising edge-triggered flip-flop clocked by clk)
Endpoint: _337_ (rising edge-triggered flip-flop clocked by clk)
Path Group: clk
Path Type: min

Fanout     Cap    Slew   Delay    Time   Description
-----------------------------------------------------------------------------
                  0.00    0.00    0.00   clock clk (rise edge)
                          0.00    0.00   clock network delay (ideal)
                  0.00    0.00    0.00 ^ _337_/CLK (sky130_fd_sc_hd__dfrtp_1)
     2    0.01    0.06    0.37    0.37 v _337_/Q (sky130_fd_sc_hd__dfrtp_1)
                                         one_second_counter[7] (net)
                  0.06    0.00    0.37 v _214_/A (sky130_fd_sc_hd__inv_2)
     1    0.01    0.04    0.06    0.43 ^ _214_/Y (sky130_fd_sc_hd__inv_2)
                                         _104_ (net)
                  0.04    0.00    0.43 ^ _215_/A1 (sky130_fd_sc_hd__a211oi_1)
     1    0.01    0.05    0.08    0.50 v _215_/Y (sky130_fd_sc_hd__a211oi_1)
                                         _024_ (net)
                  0.05    0.00    0.50 v _337_/D (sky130_fd_sc_hd__dfrtp_1)
                                  0.50   data arrival time

                  0.00    0.00    0.00   clock clk (rise edge)
                          0.00    0.00   clock network delay (ideal)
                          0.00    0.00   clock reconvergence pessimism
                                  0.00 ^ _337_/CLK (sky130_fd_sc_hd__dfrtp_1)
                         -0.06   -0.06   library hold time
                                 -0.06   data required time
-----------------------------------------------------------------------------
                                 -0.06   data required time
                                 -0.50   data arrival time
-----------------------------------------------------------------------------
                                  0.56   slack (MET)


Startpoint: _330_ (rising edge-triggered flip-flop clocked by clk)
Endpoint: _330_ (rising edge-triggered flip-flop clocked by clk)
Path Group: clk
Path Type: min

Fanout     Cap    Slew   Delay    Time   Description
-----------------------------------------------------------------------------
                  0.00    0.00    0.00   clock clk (rise edge)
                          0.00    0.00   clock network delay (ideal)
                  0.00    0.00    0.00 ^ _330_/CLK (sky130_fd_sc_hd__dfrtp_4)
     7    0.03    0.10    0.43    0.43 ^ _330_/Q (sky130_fd_sc_hd__dfrtp_4)
                                         one_second_counter[0] (net)
                  0.10    0.00    0.43 ^ _190_/A (sky130_fd_sc_hd__nor2_1)
     1    0.01    0.06    0.08    0.51 v _190_/Y (sky130_fd_sc_hd__nor2_1)
                                         _000_ (net)
                  0.06    0.00    0.51 v _330_/D (sky130_fd_sc_hd__dfrtp_4)
                                  0.51   data arrival time

                  0.00    0.00    0.00   clock clk (rise edge)
                          0.00    0.00   clock network delay (ideal)
                          0.00    0.00   clock reconvergence pessimism
                                  0.00 ^ _330_/CLK (sky130_fd_sc_hd__dfrtp_4)
                         -0.06   -0.06   library hold time
                                 -0.06   data required time
-----------------------------------------------------------------------------
                                 -0.06   data required time
                                 -0.51   data arrival time
-----------------------------------------------------------------------------
                                  0.57   slack (MET)


Startpoint: _345_ (rising edge-triggered flip-flop clocked by clk)
Endpoint: _345_ (rising edge-triggered flip-flop clocked by clk)
Path Group: clk
Path Type: min

Fanout     Cap    Slew   Delay    Time   Description
-----------------------------------------------------------------------------
                  0.00    0.00    0.00   clock clk (rise edge)
                          0.00    0.00   clock network delay (ideal)
                  0.00    0.00    0.00 ^ _345_/CLK (sky130_fd_sc_hd__dfrtp_1)
     3    0.01    0.08    0.38    0.38 v _345_/Q (sky130_fd_sc_hd__dfrtp_1)
                                         one_second_counter[15] (net)
                  0.08    0.00    0.38 v _243_/A (sky130_fd_sc_hd__inv_2)
     1    0.01    0.04    0.07    0.45 ^ _243_/Y (sky130_fd_sc_hd__inv_2)
                                         _125_ (net)
                  0.04    0.00    0.45 ^ _246_/A1 (sky130_fd_sc_hd__a211oi_1)
     1    0.01    0.05    0.07    0.52 v _246_/Y (sky130_fd_sc_hd__a211oi_1)
                                         _006_ (net)
                  0.05    0.00    0.52 v _345_/D (sky130_fd_sc_hd__dfrtp_1)
                                  0.52   data arrival time

                  0.00    0.00    0.00   clock clk (rise edge)
                          0.00    0.00   clock network delay (ideal)
                          0.00    0.00   clock reconvergence pessimism
                                  0.00 ^ _345_/CLK (sky130_fd_sc_hd__dfrtp_1)
                         -0.06   -0.06   library hold time
                                 -0.06   data required time
-----------------------------------------------------------------------------
                                 -0.06   data required time
                                 -0.52   data arrival time
-----------------------------------------------------------------------------
                                  0.58   slack (MET)


Startpoint: _361_ (rising edge-triggered flip-flop clocked by clk)
Endpoint: _361_ (rising edge-triggered flip-flop clocked by clk)
Path Group: clk
Path Type: min

Fanout     Cap    Slew   Delay    Time   Description
-----------------------------------------------------------------------------
                  0.00    0.00    0.00   clock clk (rise edge)
                          0.00    0.00   clock network delay (ideal)
                  0.00    0.00    0.00 ^ _361_/CLK (sky130_fd_sc_hd__dfrtp_4)
     6    0.03    0.11    0.44    0.44 ^ _361_/Q (sky130_fd_sc_hd__dfrtp_4)
                                         decoder.digit[3] (net)
                  0.11    0.00    0.44 ^ _164_/A (sky130_fd_sc_hd__xnor2_1)
     1    0.01    0.05    0.10    0.54 v _164_/Y (sky130_fd_sc_hd__xnor2_1)
                                         _063_ (net)
                  0.05    0.00    0.54 v _361_/D (sky130_fd_sc_hd__dfrtp_4)
                                  0.54   data arrival time

                  0.00    0.00    0.00   clock clk (rise edge)
                          0.00    0.00   clock network delay (ideal)
                          0.00    0.00   clock reconvergence pessimism
                                  0.00 ^ _361_/CLK (sky130_fd_sc_hd__dfrtp_4)
                         -0.06   -0.06   library hold time
                                 -0.06   data required time
-----------------------------------------------------------------------------
                                 -0.06   data required time
                                 -0.54   data arrival time
-----------------------------------------------------------------------------
                                  0.59   slack (MET)


Startpoint: _339_ (rising edge-triggered flip-flop clocked by clk)
Endpoint: _339_ (rising edge-triggered flip-flop clocked by clk)
Path Group: clk
Path Type: min

Fanout     Cap    Slew   Delay    Time   Description
-----------------------------------------------------------------------------
                  0.00    0.00    0.00   clock clk (rise edge)
                          0.00    0.00   clock network delay (ideal)
                  0.00    0.00    0.00 ^ _339_/CLK (sky130_fd_sc_hd__dfrtp_1)
     3    0.01    0.09    0.39    0.39 v _339_/Q (sky130_fd_sc_hd__dfrtp_1)
                                         one_second_counter[9] (net)
                  0.09    0.00    0.40 v _220_/B1 (sky130_fd_sc_hd__a21oi_1)
     1    0.00    0.10    0.14    0.53 ^ _220_/Y (sky130_fd_sc_hd__a21oi_1)
                                         _108_ (net)
                  0.10    0.00    0.53 ^ _222_/B (sky130_fd_sc_hd__nor3_1)
     1    0.01    0.05    0.07    0.60 v _222_/Y (sky130_fd_sc_hd__nor3_1)
                                         _026_ (net)
                  0.05    0.00    0.60 v _339_/D (sky130_fd_sc_hd__dfrtp_1)
                                  0.60   data arrival time

                  0.00    0.00    0.00   clock clk (rise edge)
                          0.00    0.00   clock network delay (ideal)
                          0.00    0.00   clock reconvergence pessimism
                                  0.00 ^ _339_/CLK (sky130_fd_sc_hd__dfrtp_1)
                         -0.06   -0.06   library hold time
                                 -0.06   data required time
-----------------------------------------------------------------------------
                                 -0.06   data required time
                                 -0.60   data arrival time
-----------------------------------------------------------------------------
                                  0.66   slack (MET)


Startpoint: _357_ (rising edge-triggered flip-flop clocked by clk)
Endpoint: _359_ (rising edge-triggered flip-flop clocked by clk)
Path Group: clk
Path Type: min

Fanout     Cap    Slew   Delay    Time   Description
-----------------------------------------------------------------------------
                  0.00    0.00    0.00   clock clk (rise edge)
                          0.00    0.00   clock network delay (ideal)
                  0.00    0.00    0.00 ^ _357_/CLK (sky130_fd_sc_hd__dfrtp_2)
     5    0.02    0.11    0.39    0.39 ^ _357_/Q (sky130_fd_sc_hd__dfrtp_2)
                                         one_second_enable (net)
                  0.11    0.00    0.39 ^ _171_/A1 (sky130_fd_sc_hd__a21oi_1)
     1    0.00    0.04    0.08    0.46 v _171_/Y (sky130_fd_sc_hd__a21oi_1)
                                         _071_ (net)
                  0.04    0.00    0.46 v _172_/B (sky130_fd_sc_hd__nor2_1)
     1    0.01    0.15    0.14    0.60 ^ _172_/Y (sky130_fd_sc_hd__nor2_1)
                                         _061_ (net)
                  0.15    0.00    0.60 ^ _359_/D (sky130_fd_sc_hd__dfrtp_4)
                                  0.60   data arrival time

                  0.00    0.00    0.00   clock clk (rise edge)
                          0.00    0.00   clock network delay (ideal)
                          0.00    0.00   clock reconvergence pessimism
                                  0.00 ^ _359_/CLK (sky130_fd_sc_hd__dfrtp_4)
                         -0.06   -0.06   library hold time
                                 -0.06   data required time
-----------------------------------------------------------------------------
                                 -0.06   data required time
                                 -0.60   data arrival time
-----------------------------------------------------------------------------
                                  0.66   slack (MET)


Startpoint: _341_ (rising edge-triggered flip-flop clocked by clk)
Endpoint: _341_ (rising edge-triggered flip-flop clocked by clk)
Path Group: clk
Path Type: min

Fanout     Cap    Slew   Delay    Time   Description
-----------------------------------------------------------------------------
                  0.00    0.00    0.00   clock clk (rise edge)
                          0.00    0.00   clock network delay (ideal)
                  0.00    0.00    0.00 ^ _341_/CLK (sky130_fd_sc_hd__dfrtp_1)
     4    0.01    0.09    0.39    0.39 v _341_/Q (sky130_fd_sc_hd__dfrtp_1)
                                         one_second_counter[11] (net)
                  0.09    0.00    0.39 v _227_/B1 (sky130_fd_sc_hd__a21oi_1)
     1    0.01    0.14    0.16    0.56 ^ _227_/Y (sky130_fd_sc_hd__a21oi_1)
                                         _113_ (net)
                  0.14    0.00    0.56 ^ _229_/B (sky130_fd_sc_hd__nor3_1)
     1    0.00    0.05    0.08    0.63 v _229_/Y (sky130_fd_sc_hd__nor3_1)
                                         _002_ (net)
                  0.05    0.00    0.63 v _341_/D (sky130_fd_sc_hd__dfrtp_1)
                                  0.63   data arrival time

                  0.00    0.00    0.00   clock clk (rise edge)
                          0.00    0.00   clock network delay (ideal)
                          0.00    0.00   clock reconvergence pessimism
                                  0.00 ^ _341_/CLK (sky130_fd_sc_hd__dfrtp_1)
                         -0.06   -0.06   library hold time
                                 -0.06   data required time
-----------------------------------------------------------------------------
                                 -0.06   data required time
                                 -0.63   data arrival time
-----------------------------------------------------------------------------
                                  0.69   slack (MET)


Startpoint: _335_ (rising edge-triggered flip-flop clocked by clk)
Endpoint: _335_ (rising edge-triggered flip-flop clocked by clk)
Path Group: clk
Path Type: min

Fanout     Cap    Slew   Delay    Time   Description
-----------------------------------------------------------------------------
                  0.00    0.00    0.00   clock clk (rise edge)
                          0.00    0.00   clock network delay (ideal)
                  0.00    0.00    0.00 ^ _335_/CLK (sky130_fd_sc_hd__dfrtp_1)
     3    0.01    0.08    0.39    0.39 v _335_/Q (sky130_fd_sc_hd__dfrtp_1)
                                         one_second_counter[5] (net)
                  0.08    0.00    0.39 v _207_/B1 (sky130_fd_sc_hd__a21oi_1)
     1    0.01    0.15    0.17    0.56 ^ _207_/Y (sky130_fd_sc_hd__a21oi_1)
                                         _099_ (net)
                  0.15    0.00    0.56 ^ _209_/B (sky130_fd_sc_hd__nor3_1)
     1    0.00    0.05    0.08    0.64 v _209_/Y (sky130_fd_sc_hd__nor3_1)
                                         _022_ (net)
                  0.05    0.00    0.64 v _335_/D (sky130_fd_sc_hd__dfrtp_1)
                                  0.64   data arrival time

                  0.00    0.00    0.00   clock clk (rise edge)
                          0.00    0.00   clock network delay (ideal)
                          0.00    0.00   clock reconvergence pessimism
                                  0.00 ^ _335_/CLK (sky130_fd_sc_hd__dfrtp_1)
                         -0.06   -0.06   library hold time
                                 -0.06   data required time
-----------------------------------------------------------------------------
                                 -0.06   data required time
                                 -0.64   data arrival time
-----------------------------------------------------------------------------
                                  0.70   slack (MET)


Startpoint: _354_ (rising edge-triggered flip-flop clocked by clk)
Endpoint: _354_ (rising edge-triggered flip-flop clocked by clk)
Path Group: clk
Path Type: min

Fanout     Cap    Slew   Delay    Time   Description
-----------------------------------------------------------------------------
                  0.00    0.00    0.00   clock clk (rise edge)
                          0.00    0.00   clock network delay (ideal)
                  0.00    0.00    0.00 ^ _354_/CLK (sky130_fd_sc_hd__dfrtp_1)
     3    0.01    0.09    0.39    0.39 v _354_/Q (sky130_fd_sc_hd__dfrtp_1)
                                         one_second_counter[24] (net)
                  0.09    0.00    0.40 v _276_/B1 (sky130_fd_sc_hd__a21oi_1)
     1    0.01    0.15    0.17    0.57 ^ _276_/Y (sky130_fd_sc_hd__a21oi_1)
                                         _149_ (net)
                  0.15    0.00    0.57 ^ _278_/B (sky130_fd_sc_hd__nor3_1)
     1    0.01    0.04    0.08    0.65 v _278_/Y (sky130_fd_sc_hd__nor3_1)
                                         _016_ (net)
                  0.04    0.00    0.65 v _354_/D (sky130_fd_sc_hd__dfrtp_1)
                                  0.65   data arrival time

                  0.00    0.00    0.00   clock clk (rise edge)
                          0.00    0.00   clock network delay (ideal)
                          0.00    0.00   clock reconvergence pessimism
                                  0.00 ^ _354_/CLK (sky130_fd_sc_hd__dfrtp_1)
                         -0.06   -0.06   library hold time
                                 -0.06   data required time
-----------------------------------------------------------------------------
                                 -0.06   data required time
                                 -0.65   data arrival time
-----------------------------------------------------------------------------
                                  0.71   slack (MET)


Startpoint: _347_ (rising edge-triggered flip-flop clocked by clk)
Endpoint: _347_ (rising edge-triggered flip-flop clocked by clk)
Path Group: clk
Path Type: min

Fanout     Cap    Slew   Delay    Time   Description
-----------------------------------------------------------------------------
                  0.00    0.00    0.00   clock clk (rise edge)
                          0.00    0.00   clock network delay (ideal)
                  0.00    0.00    0.00 ^ _347_/CLK (sky130_fd_sc_hd__dfrtp_4)
     7    0.03    0.12    0.44    0.44 ^ _347_/Q (sky130_fd_sc_hd__dfrtp_4)
                                         one_second_counter[17] (net)
                  0.12    0.00    0.44 ^ _251_/A (sky130_fd_sc_hd__xor2_1)
     1    0.01    0.05    0.10    0.54 v _251_/X (sky130_fd_sc_hd__xor2_1)
                                         _131_ (net)
                  0.05    0.00    0.54 v _252_/B (sky130_fd_sc_hd__nor2_1)
     1    0.01    0.14    0.13    0.67 ^ _252_/Y (sky130_fd_sc_hd__nor2_1)
                                         _008_ (net)
                  0.14    0.00    0.67 ^ _347_/D (sky130_fd_sc_hd__dfrtp_4)
                                  0.67   data arrival time

                  0.00    0.00    0.00   clock clk (rise edge)
                          0.00    0.00   clock network delay (ideal)
                          0.00    0.00   clock reconvergence pessimism
                                  0.00 ^ _347_/CLK (sky130_fd_sc_hd__dfrtp_4)
                         -0.06   -0.06   library hold time
                                 -0.06   data required time
-----------------------------------------------------------------------------
                                 -0.06   data required time
                                 -0.67   data arrival time
-----------------------------------------------------------------------------
                                  0.73   slack (MET)


Startpoint: _340_ (rising edge-triggered flip-flop clocked by clk)
Endpoint: _340_ (rising edge-triggered flip-flop clocked by clk)
Path Group: clk
Path Type: min

Fanout     Cap    Slew   Delay    Time   Description
-----------------------------------------------------------------------------
                  0.00    0.00    0.00   clock clk (rise edge)
                          0.00    0.00   clock network delay (ideal)
                  0.00    0.00    0.00 ^ _340_/CLK (sky130_fd_sc_hd__dfrtp_2)
     6    0.02    0.11    0.38    0.38 ^ _340_/Q (sky130_fd_sc_hd__dfrtp_2)
                                         one_second_counter[10] (net)
                  0.11    0.00    0.38 ^ _224_/A (sky130_fd_sc_hd__nand2_1)
     1    0.00    0.04    0.06    0.45 v _224_/Y (sky130_fd_sc_hd__nand2_1)
                                         _111_ (net)
                  0.04    0.00    0.45 v _225_/C (sky130_fd_sc_hd__and3_1)
     1    0.00    0.04    0.18    0.63 v _225_/X (sky130_fd_sc_hd__and3_1)
                                         _112_ (net)
                  0.04    0.00    0.63 v _226_/A (sky130_fd_sc_hd__clkbuf_1)
     1    0.00    0.03    0.09    0.72 v _226_/X (sky130_fd_sc_hd__clkbuf_1)
                                         _001_ (net)
                  0.03    0.00    0.72 v _340_/D (sky130_fd_sc_hd__dfrtp_2)
                                  0.72   data arrival time

                  0.00    0.00    0.00   clock clk (rise edge)
                          0.00    0.00   clock network delay (ideal)
                          0.00    0.00   clock reconvergence pessimism
                                  0.00 ^ _340_/CLK (sky130_fd_sc_hd__dfrtp_2)
                         -0.05   -0.05   library hold time
                                 -0.05   data required time
-----------------------------------------------------------------------------
                                 -0.05   data required time
                                 -0.72   data arrival time
-----------------------------------------------------------------------------
                                  0.76   slack (MET)


Startpoint: _348_ (rising edge-triggered flip-flop clocked by clk)
Endpoint: _348_ (rising edge-triggered flip-flop clocked by clk)
Path Group: clk
Path Type: min

Fanout     Cap    Slew   Delay    Time   Description
-----------------------------------------------------------------------------
                  0.00    0.00    0.00   clock clk (rise edge)
                          0.00    0.00   clock network delay (ideal)
                  0.00    0.00    0.00 ^ _348_/CLK (sky130_fd_sc_hd__dfrtp_4)
     6    0.03    0.10    0.43    0.43 ^ _348_/Q (sky130_fd_sc_hd__dfrtp_4)
                                         one_second_counter[18] (net)
                  0.10    0.00    0.43 ^ _254_/B1 (sky130_fd_sc_hd__a31o_1)
     1    0.01    0.06    0.12    0.55 ^ _254_/X (sky130_fd_sc_hd__a31o_1)
                                         _133_ (net)
                  0.06    0.00    0.55 ^ _255_/B1 (sky130_fd_sc_hd__o211a_1)
     1    0.01    0.07    0.16    0.72 ^ _255_/X (sky130_fd_sc_hd__o211a_1)
                                         _009_ (net)
                  0.07    0.00    0.72 ^ _348_/D (sky130_fd_sc_hd__dfrtp_4)
                                  0.72   data arrival time

                  0.00    0.00    0.00   clock clk (rise edge)
                          0.00    0.00   clock network delay (ideal)
                          0.00    0.00   clock reconvergence pessimism
                                  0.00 ^ _348_/CLK (sky130_fd_sc_hd__dfrtp_4)
                         -0.05   -0.05   library hold time
                                 -0.05   data required time
-----------------------------------------------------------------------------
                                 -0.05   data required time
                                 -0.72   data arrival time
-----------------------------------------------------------------------------
                                  0.76   slack (MET)


Startpoint: _331_ (rising edge-triggered flip-flop clocked by clk)
Endpoint: _331_ (rising edge-triggered flip-flop clocked by clk)
Path Group: clk
Path Type: min

Fanout     Cap    Slew   Delay    Time   Description
-----------------------------------------------------------------------------
                  0.00    0.00    0.00   clock clk (rise edge)
                          0.00    0.00   clock network delay (ideal)
                  0.00    0.00    0.00 ^ _331_/CLK (sky130_fd_sc_hd__dfrtp_2)
     6    0.02    0.11    0.39    0.39 ^ _331_/Q (sky130_fd_sc_hd__dfrtp_2)
                                         one_second_counter[1] (net)
                  0.11    0.00    0.39 ^ _191_/A (sky130_fd_sc_hd__nand2_1)
     1    0.01    0.05    0.08    0.46 v _191_/Y (sky130_fd_sc_hd__nand2_1)
                                         _087_ (net)
                  0.05    0.00    0.46 v _193_/A (sky130_fd_sc_hd__and3_1)
     1    0.00    0.04    0.15    0.61 v _193_/X (sky130_fd_sc_hd__and3_1)
                                         _089_ (net)
                  0.04    0.00    0.61 v _194_/A (sky130_fd_sc_hd__clkbuf_1)
     1    0.01    0.04    0.10    0.71 v _194_/X (sky130_fd_sc_hd__clkbuf_1)
                                         _011_ (net)
                  0.04    0.00    0.71 v _331_/D (sky130_fd_sc_hd__dfrtp_2)
                                  0.71   data arrival time

                  0.00    0.00    0.00   clock clk (rise edge)
                          0.00    0.00   clock network delay (ideal)
                          0.00    0.00   clock reconvergence pessimism
                                  0.00 ^ _331_/CLK (sky130_fd_sc_hd__dfrtp_2)
                         -0.05   -0.05   library hold time
                                 -0.05   data required time
-----------------------------------------------------------------------------
                                 -0.05   data required time
                                 -0.71   data arrival time
-----------------------------------------------------------------------------
                                  0.76   slack (MET)


Startpoint: _332_ (rising edge-triggered flip-flop clocked by clk)
Endpoint: _332_ (rising edge-triggered flip-flop clocked by clk)
Path Group: clk
Path Type: min

Fanout     Cap    Slew   Delay    Time   Description
-----------------------------------------------------------------------------
                  0.00    0.00    0.00   clock clk (rise edge)
                          0.00    0.00   clock network delay (ideal)
                  0.00    0.00    0.00 ^ _332_/CLK (sky130_fd_sc_hd__dfrtp_1)
     4    0.01    0.14    0.38    0.38 ^ _332_/Q (sky130_fd_sc_hd__dfrtp_1)
                                         one_second_counter[2] (net)
                  0.14    0.00    0.38 ^ _195_/A (sky130_fd_sc_hd__nand3_1)
     1    0.00    0.06    0.09    0.47 v _195_/Y (sky130_fd_sc_hd__nand3_1)
                                         _090_ (net)
                  0.06    0.00    0.47 v _197_/A (sky130_fd_sc_hd__and3_1)
     1    0.00    0.04    0.16    0.63 v _197_/X (sky130_fd_sc_hd__and3_1)
                                         _092_ (net)
                  0.04    0.00    0.63 v _198_/A (sky130_fd_sc_hd__clkbuf_1)
     1    0.00    0.03    0.09    0.72 v _198_/X (sky130_fd_sc_hd__clkbuf_1)
                                         _019_ (net)
                  0.03    0.00    0.72 v _332_/D (sky130_fd_sc_hd__dfrtp_1)
                                  0.72   data arrival time

                  0.00    0.00    0.00   clock clk (rise edge)
                          0.00    0.00   clock network delay (ideal)
                          0.00    0.00   clock reconvergence pessimism
                                  0.00 ^ _332_/CLK (sky130_fd_sc_hd__dfrtp_1)
                         -0.05   -0.05   library hold time
                                 -0.05   data required time
-----------------------------------------------------------------------------
                                 -0.05   data required time
                                 -0.72   data arrival time
-----------------------------------------------------------------------------
                                  0.77   slack (MET)


Startpoint: _343_ (rising edge-triggered flip-flop clocked by clk)
Endpoint: _343_ (rising edge-triggered flip-flop clocked by clk)
Path Group: clk
Path Type: min

Fanout     Cap    Slew   Delay    Time   Description
-----------------------------------------------------------------------------
                  0.00    0.00    0.00   clock clk (rise edge)
                          0.00    0.00   clock network delay (ideal)
                  0.00    0.00    0.00 ^ _343_/CLK (sky130_fd_sc_hd__dfrtp_1)
     4    0.02    0.15    0.38    0.38 ^ _343_/Q (sky130_fd_sc_hd__dfrtp_1)
                                         one_second_counter[13] (net)
                  0.15    0.00    0.38 ^ _234_/B1 (sky130_fd_sc_hd__a21o_1)
     1    0.00    0.04    0.10    0.48 ^ _234_/X (sky130_fd_sc_hd__a21o_1)
                                         _118_ (net)
                  0.04    0.00    0.48 ^ _236_/B (sky130_fd_sc_hd__and3_1)
     1    0.00    0.06    0.15    0.63 ^ _236_/X (sky130_fd_sc_hd__and3_1)
                                         _120_ (net)
                  0.06    0.00    0.63 ^ _237_/A (sky130_fd_sc_hd__clkbuf_1)
     1    0.00    0.06    0.10    0.73 ^ _237_/X (sky130_fd_sc_hd__clkbuf_1)
                                         _004_ (net)
                  0.06    0.00    0.73 ^ _343_/D (sky130_fd_sc_hd__dfrtp_1)
                                  0.73   data arrival time

                  0.00    0.00    0.00   clock clk (rise edge)
                          0.00    0.00   clock network delay (ideal)
                          0.00    0.00   clock reconvergence pessimism
                                  0.00 ^ _343_/CLK (sky130_fd_sc_hd__dfrtp_1)
                         -0.04   -0.04   library hold time
                                 -0.04   data required time
-----------------------------------------------------------------------------
                                 -0.04   data required time
                                 -0.73   data arrival time
-----------------------------------------------------------------------------
                                  0.77   slack (MET)


Startpoint: _355_ (rising edge-triggered flip-flop clocked by clk)
Endpoint: _355_ (rising edge-triggered flip-flop clocked by clk)
Path Group: clk
Path Type: min

Fanout     Cap    Slew   Delay    Time   Description
-----------------------------------------------------------------------------
                  0.00    0.00    0.00   clock clk (rise edge)
                          0.00    0.00   clock network delay (ideal)
                  0.00    0.00    0.00 ^ _355_/CLK (sky130_fd_sc_hd__dfrtp_2)
     4    0.02    0.11    0.38    0.38 ^ _355_/Q (sky130_fd_sc_hd__dfrtp_2)
                                         one_second_counter[25] (net)
                  0.11    0.00    0.38 ^ _280_/A (sky130_fd_sc_hd__nand2_1)
     1    0.00    0.04    0.06    0.44 v _280_/Y (sky130_fd_sc_hd__nand2_1)
                                         _152_ (net)
                  0.04    0.00    0.44 v _281_/C (sky130_fd_sc_hd__and3_1)
     1    0.01    0.04    0.18    0.63 v _281_/X (sky130_fd_sc_hd__and3_1)
                                         _153_ (net)
                  0.04    0.00    0.63 v _282_/A (sky130_fd_sc_hd__clkbuf_1)
     1    0.01    0.04    0.10    0.73 v _282_/X (sky130_fd_sc_hd__clkbuf_1)
                                         _017_ (net)
                  0.04    0.00    0.73 v _355_/D (sky130_fd_sc_hd__dfrtp_2)
                                  0.73   data arrival time

                  0.00    0.00    0.00   clock clk (rise edge)
                          0.00    0.00   clock network delay (ideal)
                          0.00    0.00   clock reconvergence pessimism
                                  0.00 ^ _355_/CLK (sky130_fd_sc_hd__dfrtp_2)
                         -0.05   -0.05   library hold time
                                 -0.05   data required time
-----------------------------------------------------------------------------
                                 -0.05   data required time
                                 -0.73   data arrival time
-----------------------------------------------------------------------------
                                  0.78   slack (MET)


Startpoint: _336_ (rising edge-triggered flip-flop clocked by clk)
Endpoint: _336_ (rising edge-triggered flip-flop clocked by clk)
Path Group: clk
Path Type: min

Fanout     Cap    Slew   Delay    Time   Description
-----------------------------------------------------------------------------
                  0.00    0.00    0.00   clock clk (rise edge)
                          0.00    0.00   clock network delay (ideal)
                  0.00    0.00    0.00 ^ _336_/CLK (sky130_fd_sc_hd__dfrtp_1)
     3    0.01    0.11    0.36    0.36 ^ _336_/Q (sky130_fd_sc_hd__dfrtp_1)
                                         one_second_counter[6] (net)
                  0.11    0.00    0.36 ^ _210_/A (sky130_fd_sc_hd__or2_1)
     1    0.01    0.06    0.13    0.48 ^ _210_/X (sky130_fd_sc_hd__or2_1)
                                         _101_ (net)
                  0.06    0.00    0.48 ^ _212_/B (sky130_fd_sc_hd__and3_1)
     1    0.01    0.07    0.16    0.65 ^ _212_/X (sky130_fd_sc_hd__and3_1)
                                         _103_ (net)
                  0.07    0.00    0.65 ^ _213_/A (sky130_fd_sc_hd__clkbuf_1)
     1    0.00    0.05    0.09    0.74 ^ _213_/X (sky130_fd_sc_hd__clkbuf_1)
                                         _023_ (net)
                  0.05    0.00    0.74 ^ _336_/D (sky130_fd_sc_hd__dfrtp_1)
                                  0.74   data arrival time

                  0.00    0.00    0.00   clock clk (rise edge)
                          0.00    0.00   clock network delay (ideal)
                          0.00    0.00   clock reconvergence pessimism
                                  0.00 ^ _336_/CLK (sky130_fd_sc_hd__dfrtp_1)
                         -0.04   -0.04   library hold time
                                 -0.04   data required time
-----------------------------------------------------------------------------
                                 -0.04   data required time
                                 -0.74   data arrival time
-----------------------------------------------------------------------------
                                  0.78   slack (MET)


Startpoint: _334_ (rising edge-triggered flip-flop clocked by clk)
Endpoint: _334_ (rising edge-triggered flip-flop clocked by clk)
Path Group: clk
Path Type: min

Fanout     Cap    Slew   Delay    Time   Description
-----------------------------------------------------------------------------
                  0.00    0.00    0.00   clock clk (rise edge)
                          0.00    0.00   clock network delay (ideal)
                  0.00    0.00    0.00 ^ _334_/CLK (sky130_fd_sc_hd__dfrtp_2)
     5    0.02    0.10    0.37    0.37 ^ _334_/Q (sky130_fd_sc_hd__dfrtp_2)
                                         one_second_counter[4] (net)
                  0.10    0.00    0.37 ^ _203_/A (sky130_fd_sc_hd__nand2_1)
     1    0.01    0.07    0.09    0.47 v _203_/Y (sky130_fd_sc_hd__nand2_1)
                                         _096_ (net)
                  0.07    0.00    0.47 v _205_/B (sky130_fd_sc_hd__and3_1)
     1    0.01    0.05    0.19    0.65 v _205_/X (sky130_fd_sc_hd__and3_1)
                                         _098_ (net)
                  0.05    0.00    0.65 v _206_/A (sky130_fd_sc_hd__clkbuf_1)
     1    0.00    0.03    0.09    0.74 v _206_/X (sky130_fd_sc_hd__clkbuf_1)
                                         _021_ (net)
                  0.03    0.00    0.74 v _334_/D (sky130_fd_sc_hd__dfrtp_2)
                                  0.74   data arrival time

                  0.00    0.00    0.00   clock clk (rise edge)
                          0.00    0.00   clock network delay (ideal)
                          0.00    0.00   clock reconvergence pessimism
                                  0.00 ^ _334_/CLK (sky130_fd_sc_hd__dfrtp_2)
                         -0.04   -0.04   library hold time
                                 -0.04   data required time
-----------------------------------------------------------------------------
                                 -0.04   data required time
                                 -0.74   data arrival time
-----------------------------------------------------------------------------
                                  0.79   slack (MET)


Startpoint: _352_ (rising edge-triggered flip-flop clocked by clk)
Endpoint: _352_ (rising edge-triggered flip-flop clocked by clk)
Path Group: clk
Path Type: min

Fanout     Cap    Slew   Delay    Time   Description
-----------------------------------------------------------------------------
                  0.00    0.00    0.00   clock clk (rise edge)
                          0.00    0.00   clock network delay (ideal)
                  0.00    0.00    0.00 ^ _352_/CLK (sky130_fd_sc_hd__dfrtp_1)
     3    0.01    0.11    0.35    0.35 ^ _352_/Q (sky130_fd_sc_hd__dfrtp_1)
                                         one_second_counter[22] (net)
                  0.11    0.00    0.35 ^ _269_/A (sky130_fd_sc_hd__or2_1)
     1    0.00    0.05    0.12    0.47 ^ _269_/X (sky130_fd_sc_hd__or2_1)
                                         _144_ (net)
                  0.05    0.00    0.47 ^ _271_/B (sky130_fd_sc_hd__and3_1)
     1    0.00    0.07    0.16    0.63 ^ _271_/X (sky130_fd_sc_hd__and3_1)
                                         _146_ (net)
                  0.07    0.00    0.63 ^ _272_/A (sky130_fd_sc_hd__clkbuf_1)
     1    0.01    0.07    0.11    0.74 ^ _272_/X (sky130_fd_sc_hd__clkbuf_1)
                                         _014_ (net)
                  0.07    0.00    0.74 ^ _352_/D (sky130_fd_sc_hd__dfrtp_1)
                                  0.74   data arrival time

                  0.00    0.00    0.00   clock clk (rise edge)
                          0.00    0.00   clock network delay (ideal)
                          0.00    0.00   clock reconvergence pessimism
                                  0.00 ^ _352_/CLK (sky130_fd_sc_hd__dfrtp_1)
                         -0.05   -0.05   library hold time
                                 -0.05   data required time
-----------------------------------------------------------------------------
                                 -0.05   data required time
                                 -0.74   data arrival time
-----------------------------------------------------------------------------
                                  0.79   slack (MET)


Startpoint: _338_ (rising edge-triggered flip-flop clocked by clk)
Endpoint: _338_ (rising edge-triggered flip-flop clocked by clk)
Path Group: clk
Path Type: min

Fanout     Cap    Slew   Delay    Time   Description
-----------------------------------------------------------------------------
                  0.00    0.00    0.00   clock clk (rise edge)
                          0.00    0.00   clock network delay (ideal)
                  0.00    0.00    0.00 ^ _338_/CLK (sky130_fd_sc_hd__dfrtp_2)
     5    0.02    0.11    0.38    0.38 ^ _338_/Q (sky130_fd_sc_hd__dfrtp_2)
                                         one_second_counter[8] (net)
                  0.11    0.00    0.38 ^ _217_/A (sky130_fd_sc_hd__nand2_1)
     1    0.00    0.05    0.07    0.45 v _217_/Y (sky130_fd_sc_hd__nand2_1)
                                         _106_ (net)
                  0.05    0.00    0.45 v _218_/C (sky130_fd_sc_hd__and3_1)
     1    0.01    0.05    0.20    0.65 v _218_/X (sky130_fd_sc_hd__and3_1)
                                         _107_ (net)
                  0.05    0.00    0.65 v _219_/A (sky130_fd_sc_hd__clkbuf_1)
     1    0.01    0.04    0.10    0.75 v _219_/X (sky130_fd_sc_hd__clkbuf_1)
                                         _025_ (net)
                  0.04    0.00    0.75 v _338_/D (sky130_fd_sc_hd__dfrtp_2)
                                  0.75   data arrival time

                  0.00    0.00    0.00   clock clk (rise edge)
                          0.00    0.00   clock network delay (ideal)
                          0.00    0.00   clock reconvergence pessimism
                                  0.00 ^ _338_/CLK (sky130_fd_sc_hd__dfrtp_2)
                         -0.05   -0.05   library hold time
                                 -0.05   data required time
-----------------------------------------------------------------------------
                                 -0.05   data required time
                                 -0.75   data arrival time
-----------------------------------------------------------------------------
                                  0.80   slack (MET)


Startpoint: _344_ (rising edge-triggered flip-flop clocked by clk)
Endpoint: _344_ (rising edge-triggered flip-flop clocked by clk)
Path Group: clk
Path Type: min

Fanout     Cap    Slew   Delay    Time   Description
-----------------------------------------------------------------------------
                  0.00    0.00    0.00   clock clk (rise edge)
                          0.00    0.00   clock network delay (ideal)
                  0.00    0.00    0.00 ^ _344_/CLK (sky130_fd_sc_hd__dfrtp_1)
     3    0.01    0.12    0.36    0.36 ^ _344_/Q (sky130_fd_sc_hd__dfrtp_1)
                                         one_second_counter[14] (net)
                  0.12    0.00    0.36 ^ _238_/A (sky130_fd_sc_hd__inv_2)
     2    0.01    0.04    0.05    0.42 v _238_/Y (sky130_fd_sc_hd__inv_2)
                                         _121_ (net)
                  0.04    0.00    0.42 v _239_/A (sky130_fd_sc_hd__nand2_1)
     1    0.01    0.08    0.09    0.50 ^ _239_/Y (sky130_fd_sc_hd__nand2_1)
                                         _122_ (net)
                  0.08    0.00    0.50 ^ _241_/B (sky130_fd_sc_hd__and3_1)
     1    0.00    0.07    0.17    0.67 ^ _241_/X (sky130_fd_sc_hd__and3_1)
                                         _124_ (net)
                  0.07    0.00    0.67 ^ _242_/A (sky130_fd_sc_hd__clkbuf_1)
     1    0.00    0.05    0.09    0.76 ^ _242_/X (sky130_fd_sc_hd__clkbuf_1)
                                         _005_ (net)
                  0.05    0.00    0.76 ^ _344_/D (sky130_fd_sc_hd__dfrtp_1)
                                  0.76   data arrival time

                  0.00    0.00    0.00   clock clk (rise edge)
                          0.00    0.00   clock network delay (ideal)
                          0.00    0.00   clock reconvergence pessimism
                                  0.00 ^ _344_/CLK (sky130_fd_sc_hd__dfrtp_1)
                         -0.04   -0.04   library hold time
                                 -0.04   data required time
-----------------------------------------------------------------------------
                                 -0.04   data required time
                                 -0.76   data arrival time
-----------------------------------------------------------------------------
                                  0.81   slack (MET)


Startpoint: _333_ (rising edge-triggered flip-flop clocked by clk)
Endpoint: _333_ (rising edge-triggered flip-flop clocked by clk)
Path Group: clk
Path Type: min

Fanout     Cap    Slew   Delay    Time   Description
-----------------------------------------------------------------------------
                  0.00    0.00    0.00   clock clk (rise edge)
                          0.00    0.00   clock network delay (ideal)
                  0.00    0.00    0.00 ^ _333_/CLK (sky130_fd_sc_hd__dfrtp_1)
     2    0.01    0.12    0.36    0.36 ^ _333_/Q (sky130_fd_sc_hd__dfrtp_1)
                                         one_second_counter[3] (net)
                  0.12    0.00    0.36 ^ _199_/B1 (sky130_fd_sc_hd__a31o_1)
     1    0.00    0.06    0.12    0.48 ^ _199_/X (sky130_fd_sc_hd__a31o_1)
                                         _093_ (net)
                  0.06    0.00    0.48 ^ _200_/C (sky130_fd_sc_hd__and3b_1)
     1    0.01    0.08    0.18    0.66 ^ _200_/X (sky130_fd_sc_hd__and3b_1)
                                         _094_ (net)
                  0.08    0.00    0.66 ^ _201_/A (sky130_fd_sc_hd__clkbuf_1)
     1    0.01    0.08    0.11    0.78 ^ _201_/X (sky130_fd_sc_hd__clkbuf_1)
                                         _020_ (net)
                  0.08    0.00    0.78 ^ _333_/D (sky130_fd_sc_hd__dfrtp_1)
                                  0.78   data arrival time

                  0.00    0.00    0.00   clock clk (rise edge)
                          0.00    0.00   clock network delay (ideal)
                          0.00    0.00   clock reconvergence pessimism
                                  0.00 ^ _333_/CLK (sky130_fd_sc_hd__dfrtp_1)
                         -0.05   -0.05   library hold time
                                 -0.05   data required time
-----------------------------------------------------------------------------
                                 -0.05   data required time
                                 -0.78   data arrival time
-----------------------------------------------------------------------------
                                  0.82   slack (MET)


Startpoint: _349_ (rising edge-triggered flip-flop clocked by clk)
Endpoint: _349_ (rising edge-triggered flip-flop clocked by clk)
Path Group: clk
Path Type: min

Fanout     Cap    Slew   Delay    Time   Description
-----------------------------------------------------------------------------
                  0.00    0.00    0.00   clock clk (rise edge)
                          0.00    0.00   clock network delay (ideal)
                  0.00    0.00    0.00 ^ _349_/CLK (sky130_fd_sc_hd__dfrtp_1)
     4    0.02    0.15    0.38    0.38 ^ _349_/Q (sky130_fd_sc_hd__dfrtp_1)
                                         one_second_counter[19] (net)
                  0.15    0.00    0.38 ^ _256_/B1 (sky130_fd_sc_hd__a41o_1)
     1    0.00    0.05    0.12    0.50 ^ _256_/X (sky130_fd_sc_hd__a41o_1)
                                         _134_ (net)
                  0.05    0.00    0.50 ^ _260_/B (sky130_fd_sc_hd__and3_1)
     1    0.01    0.11    0.19    0.69 ^ _260_/X (sky130_fd_sc_hd__and3_1)
                                         _138_ (net)
                  0.11    0.00    0.69 ^ _261_/A (sky130_fd_sc_hd__clkbuf_1)
     1    0.00    0.06    0.11    0.80 ^ _261_/X (sky130_fd_sc_hd__clkbuf_1)
                                         _010_ (net)
                  0.06    0.00    0.80 ^ _349_/D (sky130_fd_sc_hd__dfrtp_1)
                                  0.80   data arrival time

                  0.00    0.00    0.00   clock clk (rise edge)
                          0.00    0.00   clock network delay (ideal)
                          0.00    0.00   clock reconvergence pessimism
                                  0.00 ^ _349_/CLK (sky130_fd_sc_hd__dfrtp_1)
                         -0.04   -0.04   library hold time
                                 -0.04   data required time
-----------------------------------------------------------------------------
                                 -0.04   data required time
                                 -0.80   data arrival time
-----------------------------------------------------------------------------
                                  0.84   slack (MET)


Startpoint: _350_ (rising edge-triggered flip-flop clocked by clk)
Endpoint: _350_ (rising edge-triggered flip-flop clocked by clk)
Path Group: clk
Path Type: min

Fanout     Cap    Slew   Delay    Time   Description
-----------------------------------------------------------------------------
                  0.00    0.00    0.00   clock clk (rise edge)
                          0.00    0.00   clock network delay (ideal)
                  0.00    0.00    0.00 ^ _350_/CLK (sky130_fd_sc_hd__dfrtp_1)
     4    0.01    0.14    0.37    0.37 ^ _350_/Q (sky130_fd_sc_hd__dfrtp_1)
                                         one_second_counter[20] (net)
                  0.14    0.00    0.37 ^ _263_/A (sky130_fd_sc_hd__nand2_1)
     2    0.01    0.08    0.10    0.48 v _263_/Y (sky130_fd_sc_hd__nand2_1)
                                         _140_ (net)
                  0.08    0.00    0.48 v _264_/C (sky130_fd_sc_hd__and3_1)
     1    0.01    0.04    0.20    0.68 v _264_/X (sky130_fd_sc_hd__and3_1)
                                         _141_ (net)
                  0.04    0.00    0.68 v _265_/A (sky130_fd_sc_hd__buf_1)
     1    0.01    0.05    0.11    0.78 v _265_/X (sky130_fd_sc_hd__buf_1)
                                         _012_ (net)
                  0.05    0.00    0.78 v _350_/D (sky130_fd_sc_hd__dfrtp_1)
                                  0.78   data arrival time

                  0.00    0.00    0.00   clock clk (rise edge)
                          0.00    0.00   clock network delay (ideal)
                          0.00    0.00   clock reconvergence pessimism
                                  0.00 ^ _350_/CLK (sky130_fd_sc_hd__dfrtp_1)
                         -0.06   -0.06   library hold time
                                 -0.06   data required time
-----------------------------------------------------------------------------
                                 -0.06   data required time
                                 -0.78   data arrival time
-----------------------------------------------------------------------------
                                  0.84   slack (MET)


Startpoint: _342_ (rising edge-triggered flip-flop clocked by clk)
Endpoint: _342_ (rising edge-triggered flip-flop clocked by clk)
Path Group: clk
Path Type: min

Fanout     Cap    Slew   Delay    Time   Description
-----------------------------------------------------------------------------
                  0.00    0.00    0.00   clock clk (rise edge)
                          0.00    0.00   clock network delay (ideal)
                  0.00    0.00    0.00 ^ _342_/CLK (sky130_fd_sc_hd__dfrtp_2)
     5    0.02    0.11    0.39    0.39 ^ _342_/Q (sky130_fd_sc_hd__dfrtp_2)
                                         one_second_counter[12] (net)
                  0.11    0.00    0.39 ^ _231_/A (sky130_fd_sc_hd__nand2_1)
     1    0.01    0.07    0.09    0.48 v _231_/Y (sky130_fd_sc_hd__nand2_1)
                                         _116_ (net)
                  0.07    0.00    0.48 v _232_/C (sky130_fd_sc_hd__and3_1)
     1    0.01    0.05    0.21    0.69 v _232_/X (sky130_fd_sc_hd__and3_1)
                                         _117_ (net)
                  0.05    0.00    0.69 v _233_/A (sky130_fd_sc_hd__clkbuf_1)
     1    0.01    0.04    0.10    0.79 v _233_/X (sky130_fd_sc_hd__clkbuf_1)
                                         _003_ (net)
                  0.04    0.00    0.79 v _342_/D (sky130_fd_sc_hd__dfrtp_2)
                                  0.79   data arrival time

                  0.00    0.00    0.00   clock clk (rise edge)
                          0.00    0.00   clock network delay (ideal)
                          0.00    0.00   clock reconvergence pessimism
                                  0.00 ^ _342_/CLK (sky130_fd_sc_hd__dfrtp_2)
                         -0.05   -0.05   library hold time
                                 -0.05   data required time
-----------------------------------------------------------------------------
                                 -0.05   data required time
                                 -0.79   data arrival time
-----------------------------------------------------------------------------
                                  0.84   slack (MET)


Startpoint: _346_ (rising edge-triggered flip-flop clocked by clk)
Endpoint: _346_ (rising edge-triggered flip-flop clocked by clk)
Path Group: clk
Path Type: min

Fanout     Cap    Slew   Delay    Time   Description
-----------------------------------------------------------------------------
                  0.00    0.00    0.00   clock clk (rise edge)
                          0.00    0.00   clock network delay (ideal)
                  0.00    0.00    0.00 ^ _346_/CLK (sky130_fd_sc_hd__dfrtp_4)
     6    0.02    0.10    0.42    0.42 ^ _346_/Q (sky130_fd_sc_hd__dfrtp_4)
                                         one_second_counter[16] (net)
                  0.10    0.00    0.43 ^ _247_/A (sky130_fd_sc_hd__or2_1)
     1    0.00    0.04    0.10    0.53 ^ _247_/X (sky130_fd_sc_hd__or2_1)
                                         _128_ (net)
                  0.04    0.00    0.53 ^ _249_/B (sky130_fd_sc_hd__and3_1)
     1    0.00    0.06    0.15    0.68 ^ _249_/X (sky130_fd_sc_hd__and3_1)
                                         _130_ (net)
                  0.06    0.00    0.68 ^ _250_/A (sky130_fd_sc_hd__buf_1)
     1    0.01    0.09    0.12    0.80 ^ _250_/X (sky130_fd_sc_hd__buf_1)
                                         _007_ (net)
                  0.09    0.00    0.80 ^ _346_/D (sky130_fd_sc_hd__dfrtp_4)
                                  0.80   data arrival time

                  0.00    0.00    0.00   clock clk (rise edge)
                          0.00    0.00   clock network delay (ideal)
                          0.00    0.00   clock reconvergence pessimism
                                  0.00 ^ _346_/CLK (sky130_fd_sc_hd__dfrtp_4)
                         -0.05   -0.05   library hold time
                                 -0.05   data required time
-----------------------------------------------------------------------------
                                 -0.05   data required time
                                 -0.80   data arrival time
-----------------------------------------------------------------------------
                                  0.85   slack (MET)


Startpoint: _360_ (rising edge-triggered flip-flop clocked by clk)
Endpoint: _360_ (rising edge-triggered flip-flop clocked by clk)
Path Group: clk
Path Type: min

Fanout     Cap    Slew   Delay    Time   Description
-----------------------------------------------------------------------------
                  0.00    0.00    0.00   clock clk (rise edge)
                          0.00    0.00   clock network delay (ideal)
                  0.00    0.00    0.00 ^ _360_/CLK (sky130_fd_sc_hd__dfrtp_4)
     6    0.03    0.11    0.43    0.43 ^ _360_/Q (sky130_fd_sc_hd__dfrtp_4)
                                         decoder.digit[2] (net)
                  0.11    0.00    0.43 ^ _163_/A (sky130_fd_sc_hd__nand2_1)
     2    0.01    0.09    0.11    0.54 v _163_/Y (sky130_fd_sc_hd__nand2_1)
                                         _065_ (net)
                  0.09    0.00    0.54 v _169_/A (sky130_fd_sc_hd__and2_1)
     1    0.01    0.05    0.17    0.71 v _169_/X (sky130_fd_sc_hd__and2_1)
                                         _070_ (net)
                  0.05    0.00    0.71 v _170_/A (sky130_fd_sc_hd__clkbuf_1)
     1    0.01    0.04    0.10    0.81 v _170_/X (sky130_fd_sc_hd__clkbuf_1)
                                         _062_ (net)
                  0.04    0.00    0.81 v _360_/D (sky130_fd_sc_hd__dfrtp_4)
                                  0.81   data arrival time

                  0.00    0.00    0.00   clock clk (rise edge)
                          0.00    0.00   clock network delay (ideal)
                          0.00    0.00   clock reconvergence pessimism
                                  0.00 ^ _360_/CLK (sky130_fd_sc_hd__dfrtp_4)
                         -0.05   -0.05   library hold time
                                 -0.05   data required time
-----------------------------------------------------------------------------
                                 -0.05   data required time
                                 -0.81   data arrival time
-----------------------------------------------------------------------------
                                  0.86   slack (MET)


Startpoint: _356_ (rising edge-triggered flip-flop clocked by clk)
Endpoint: _357_ (rising edge-triggered flip-flop clocked by clk)
Path Group: clk
Path Type: min

Fanout     Cap    Slew   Delay    Time   Description
-----------------------------------------------------------------------------
                  0.00    0.00    0.00   clock clk (rise edge)
                          0.00    0.00   clock network delay (ideal)
                  0.00    0.00    0.00 ^ _356_/CLK (sky130_fd_sc_hd__dfrtp_1)
     2    0.01    0.09    0.33    0.33 ^ _356_/Q (sky130_fd_sc_hd__dfrtp_1)
                                         one_second_counter[26] (net)
                  0.09    0.00    0.33 ^ _187_/B1_N (sky130_fd_sc_hd__a21bo_2)
     9    0.03    0.09    0.29    0.62 v _187_/X (sky130_fd_sc_hd__a21bo_2)
                                         _085_ (net)
                  0.09    0.00    0.62 v _188_/A (sky130_fd_sc_hd__inv_2)
     2    0.01    0.06    0.08    0.71 ^ _188_/Y (sky130_fd_sc_hd__inv_2)
                                         _086_ (net)
                  0.06    0.00    0.71 ^ _189_/A (sky130_fd_sc_hd__clkbuf_4)
    10    0.04    0.13    0.20    0.91 ^ _189_/X (sky130_fd_sc_hd__clkbuf_4)
                                         _027_ (net)
                  0.13    0.00    0.91 ^ _357_/D (sky130_fd_sc_hd__dfrtp_2)
                                  0.91   data arrival time

                  0.00    0.00    0.00   clock clk (rise edge)
                          0.00    0.00   clock network delay (ideal)
                          0.00    0.00   clock reconvergence pessimism
                                  0.00 ^ _357_/CLK (sky130_fd_sc_hd__dfrtp_2)
                         -0.06   -0.06   library hold time
                                 -0.06   data required time
-----------------------------------------------------------------------------
                                 -0.06   data required time
                                 -0.91   data arrival time
-----------------------------------------------------------------------------
                                  0.97   slack (MET)



worst slack corner Typical: 0.5313
