
===========================================================================
report_checks -path_delay max (Setup)
============================================================================
======================= Typical Corner ===================================

Startpoint: _330_ (rising edge-triggered flip-flop clocked by clk)
Endpoint: _355_ (rising edge-triggered flip-flop clocked by clk)
Path Group: clk
Path Type: max

Fanout     Cap    Slew   Delay    Time   Description
-----------------------------------------------------------------------------
                  0.00    0.00    0.00   clock clk (rise edge)
                          0.00    0.00   clock network delay (ideal)
                  0.00    0.00    0.00 ^ _330_/CLK (sky130_fd_sc_hd__dfrtp_4)
     7    0.02    0.08    0.49    0.49 v _330_/Q (sky130_fd_sc_hd__dfrtp_4)
                                         one_second_counter[0] (net)
                  0.08    0.00    0.49 v _177_/D (sky130_fd_sc_hd__and4_2)
     7    0.02    0.09    0.31    0.79 v _177_/X (sky130_fd_sc_hd__and4_2)
                                         _075_ (net)
                  0.09    0.00    0.79 v _221_/C (sky130_fd_sc_hd__and4_2)
     6    0.02    0.08    0.29    1.08 v _221_/X (sky130_fd_sc_hd__and4_2)
                                         _109_ (net)
                  0.08    0.00    1.08 v _244_/D (sky130_fd_sc_hd__and4_1)
     1    0.01    0.05    0.22    1.30 v _244_/X (sky130_fd_sc_hd__and4_1)
                                         _126_ (net)
                  0.05    0.00    1.30 v _245_/A (sky130_fd_sc_hd__clkbuf_4)
    10    0.03    0.08    0.18    1.49 v _245_/X (sky130_fd_sc_hd__clkbuf_4)
                                         _127_ (net)
                  0.08    0.00    1.49 v _277_/B (sky130_fd_sc_hd__and3_2)
     4    0.02    0.07    0.25    1.73 v _277_/X (sky130_fd_sc_hd__and3_2)
                                         _150_ (net)
                  0.07    0.00    1.73 v _279_/B (sky130_fd_sc_hd__or2_1)
     1    0.01    0.06    0.23    1.96 v _279_/X (sky130_fd_sc_hd__or2_1)
                                         _151_ (net)
                  0.06    0.00    1.96 v _281_/B (sky130_fd_sc_hd__and3_1)
     1    0.01    0.05    0.18    2.14 v _281_/X (sky130_fd_sc_hd__and3_1)
                                         _153_ (net)
                  0.05    0.00    2.14 v _282_/A (sky130_fd_sc_hd__clkbuf_1)
     1    0.01    0.04    0.10    2.24 v _282_/X (sky130_fd_sc_hd__clkbuf_1)
                                         _017_ (net)
                  0.04    0.00    2.24 v _355_/D (sky130_fd_sc_hd__dfrtp_2)
                                  2.24   data arrival time

                  0.00   10.00   10.00   clock clk (rise edge)
                          0.00   10.00   clock network delay (ideal)
                          0.00   10.00   clock reconvergence pessimism
                                 10.00 ^ _355_/CLK (sky130_fd_sc_hd__dfrtp_2)
                         -0.12    9.88   library setup time
                                  9.88   data required time
-----------------------------------------------------------------------------
                                  9.88   data required time
                                 -2.24   data arrival time
-----------------------------------------------------------------------------
                                  7.63   slack (MET)


Startpoint: _342_ (rising edge-triggered flip-flop clocked by clk)
Endpoint: _342_ (rising edge-triggered flip-flop clocked by clk)
Path Group: clk
Path Type: max

Fanout     Cap    Slew   Delay    Time   Description
-----------------------------------------------------------------------------
                  0.00    0.00    0.00   clock clk (rise edge)
                          0.00    0.00   clock network delay (ideal)
                  0.00    0.00    0.00 ^ _342_/CLK (sky130_fd_sc_hd__dfrtp_2)
     5    0.02    0.08    0.42    0.42 v _342_/Q (sky130_fd_sc_hd__dfrtp_2)
                                         one_second_counter[12] (net)
                  0.08    0.00    0.42 v _180_/C (sky130_fd_sc_hd__and4_1)
     2    0.01    0.05    0.21    0.63 v _180_/X (sky130_fd_sc_hd__and4_1)
                                         _078_ (net)
                  0.05    0.00    0.63 v _181_/D (sky130_fd_sc_hd__or4_1)
     1    0.00    0.10    0.42    1.05 v _181_/X (sky130_fd_sc_hd__or4_1)
                                         _079_ (net)
                  0.10    0.00    1.05 v _184_/A3 (sky130_fd_sc_hd__o31a_1)
     1    0.01    0.07    0.29    1.33 v _184_/X (sky130_fd_sc_hd__o31a_1)
                                         _082_ (net)
                  0.07    0.00    1.33 v _186_/A2 (sky130_fd_sc_hd__o211ai_2)
     2    0.01    0.15    0.17    1.50 ^ _186_/Y (sky130_fd_sc_hd__o211ai_2)
                                         _084_ (net)
                  0.15    0.00    1.50 ^ _187_/A2 (sky130_fd_sc_hd__a21bo_2)
     9    0.03    0.16    0.25    1.75 ^ _187_/X (sky130_fd_sc_hd__a21bo_2)
                                         _085_ (net)
                  0.16    0.00    1.75 ^ _202_/A (sky130_fd_sc_hd__buf_2)
    10    0.03    0.14    0.22    1.97 ^ _202_/X (sky130_fd_sc_hd__buf_2)
                                         _095_ (net)
                  0.14    0.00    1.97 ^ _232_/A (sky130_fd_sc_hd__and3_1)
     1    0.01    0.09    0.20    2.17 ^ _232_/X (sky130_fd_sc_hd__and3_1)
                                         _117_ (net)
                  0.09    0.00    2.17 ^ _233_/A (sky130_fd_sc_hd__clkbuf_1)
     1    0.01    0.08    0.12    2.28 ^ _233_/X (sky130_fd_sc_hd__clkbuf_1)
                                         _003_ (net)
                  0.08    0.00    2.29 ^ _342_/D (sky130_fd_sc_hd__dfrtp_2)
                                  2.29   data arrival time

                  0.00   10.00   10.00   clock clk (rise edge)
                          0.00   10.00   clock network delay (ideal)
                          0.00   10.00   clock reconvergence pessimism
                                 10.00 ^ _342_/CLK (sky130_fd_sc_hd__dfrtp_2)
                         -0.08    9.92   library setup time
                                  9.92   data required time
-----------------------------------------------------------------------------
                                  9.92   data required time
                                 -2.29   data arrival time
-----------------------------------------------------------------------------
                                  7.64   slack (MET)


Startpoint: _342_ (rising edge-triggered flip-flop clocked by clk)
Endpoint: _349_ (rising edge-triggered flip-flop clocked by clk)
Path Group: clk
Path Type: max

Fanout     Cap    Slew   Delay    Time   Description
-----------------------------------------------------------------------------
                  0.00    0.00    0.00   clock clk (rise edge)
                          0.00    0.00   clock network delay (ideal)
                  0.00    0.00    0.00 ^ _342_/CLK (sky130_fd_sc_hd__dfrtp_2)
     5    0.02    0.08    0.42    0.42 v _342_/Q (sky130_fd_sc_hd__dfrtp_2)
                                         one_second_counter[12] (net)
                  0.08    0.00    0.42 v _180_/C (sky130_fd_sc_hd__and4_1)
     2    0.01    0.05    0.21    0.63 v _180_/X (sky130_fd_sc_hd__and4_1)
                                         _078_ (net)
                  0.05    0.00    0.63 v _181_/D (sky130_fd_sc_hd__or4_1)
     1    0.00    0.10    0.42    1.05 v _181_/X (sky130_fd_sc_hd__or4_1)
                                         _079_ (net)
                  0.10    0.00    1.05 v _184_/A3 (sky130_fd_sc_hd__o31a_1)
     1    0.01    0.07    0.29    1.33 v _184_/X (sky130_fd_sc_hd__o31a_1)
                                         _082_ (net)
                  0.07    0.00    1.33 v _186_/A2 (sky130_fd_sc_hd__o211ai_2)
     2    0.01    0.15    0.17    1.50 ^ _186_/Y (sky130_fd_sc_hd__o211ai_2)
                                         _084_ (net)
                  0.15    0.00    1.50 ^ _187_/A2 (sky130_fd_sc_hd__a21bo_2)
     9    0.03    0.16    0.25    1.75 ^ _187_/X (sky130_fd_sc_hd__a21bo_2)
                                         _085_ (net)
                  0.16    0.00    1.75 ^ _202_/A (sky130_fd_sc_hd__buf_2)
    10    0.03    0.14    0.22    1.97 ^ _202_/X (sky130_fd_sc_hd__buf_2)
                                         _095_ (net)
                  0.14    0.00    1.97 ^ _260_/A (sky130_fd_sc_hd__and3_1)
     1    0.01    0.11    0.21    2.18 ^ _260_/X (sky130_fd_sc_hd__and3_1)
                                         _138_ (net)
                  0.11    0.00    2.18 ^ _261_/A (sky130_fd_sc_hd__clkbuf_1)
     1    0.00    0.06    0.11    2.29 ^ _261_/X (sky130_fd_sc_hd__clkbuf_1)
                                         _010_ (net)
                  0.06    0.00    2.29 ^ _349_/D (sky130_fd_sc_hd__dfrtp_1)
                                  2.29   data arrival time

                  0.00   10.00   10.00   clock clk (rise edge)
                          0.00   10.00   clock network delay (ideal)
                          0.00   10.00   clock reconvergence pessimism
                                 10.00 ^ _349_/CLK (sky130_fd_sc_hd__dfrtp_1)
                         -0.07    9.93   library setup time
                                  9.93   data required time
-----------------------------------------------------------------------------
                                  9.93   data required time
                                 -2.29   data arrival time
-----------------------------------------------------------------------------
                                  7.64   slack (MET)


Startpoint: _342_ (rising edge-triggered flip-flop clocked by clk)
Endpoint: _345_ (rising edge-triggered flip-flop clocked by clk)
Path Group: clk
Path Type: max

Fanout     Cap    Slew   Delay    Time   Description
-----------------------------------------------------------------------------
                  0.00    0.00    0.00   clock clk (rise edge)
                          0.00    0.00   clock network delay (ideal)
                  0.00    0.00    0.00 ^ _342_/CLK (sky130_fd_sc_hd__dfrtp_2)
     5    0.02    0.08    0.42    0.42 v _342_/Q (sky130_fd_sc_hd__dfrtp_2)
                                         one_second_counter[12] (net)
                  0.08    0.00    0.42 v _180_/C (sky130_fd_sc_hd__and4_1)
     2    0.01    0.05    0.21    0.63 v _180_/X (sky130_fd_sc_hd__and4_1)
                                         _078_ (net)
                  0.05    0.00    0.63 v _181_/D (sky130_fd_sc_hd__or4_1)
     1    0.00    0.10    0.42    1.05 v _181_/X (sky130_fd_sc_hd__or4_1)
                                         _079_ (net)
                  0.10    0.00    1.05 v _184_/A3 (sky130_fd_sc_hd__o31a_1)
     1    0.01    0.07    0.29    1.33 v _184_/X (sky130_fd_sc_hd__o31a_1)
                                         _082_ (net)
                  0.07    0.00    1.33 v _186_/A2 (sky130_fd_sc_hd__o211ai_2)
     2    0.01    0.15    0.17    1.50 ^ _186_/Y (sky130_fd_sc_hd__o211ai_2)
                                         _084_ (net)
                  0.15    0.00    1.50 ^ _187_/A2 (sky130_fd_sc_hd__a21bo_2)
     9    0.03    0.16    0.25    1.75 ^ _187_/X (sky130_fd_sc_hd__a21bo_2)
                                         _085_ (net)
                  0.16    0.00    1.75 ^ _188_/A (sky130_fd_sc_hd__inv_2)
     2    0.01    0.05    0.06    1.81 v _188_/Y (sky130_fd_sc_hd__inv_2)
                                         _086_ (net)
                  0.05    0.00    1.81 v _189_/A (sky130_fd_sc_hd__clkbuf_4)
    10    0.04    0.08    0.19    2.00 v _189_/X (sky130_fd_sc_hd__clkbuf_4)
                                         _027_ (net)
                  0.08    0.00    2.00 v _246_/C1 (sky130_fd_sc_hd__a211oi_1)
     1    0.01    0.25    0.23    2.23 ^ _246_/Y (sky130_fd_sc_hd__a211oi_1)
                                         _006_ (net)
                  0.25    0.00    2.23 ^ _345_/D (sky130_fd_sc_hd__dfrtp_1)
                                  2.23   data arrival time

                  0.00   10.00   10.00   clock clk (rise edge)
                          0.00   10.00   clock network delay (ideal)
                          0.00   10.00   clock reconvergence pessimism
                                 10.00 ^ _345_/CLK (sky130_fd_sc_hd__dfrtp_1)
                         -0.11    9.89   library setup time
                                  9.89   data required time
-----------------------------------------------------------------------------
                                  9.89   data required time
                                 -2.23   data arrival time
-----------------------------------------------------------------------------
                                  7.65   slack (MET)


Startpoint: _342_ (rising edge-triggered flip-flop clocked by clk)
Endpoint: _346_ (rising edge-triggered flip-flop clocked by clk)
Path Group: clk
Path Type: max

Fanout     Cap    Slew   Delay    Time   Description
-----------------------------------------------------------------------------
                  0.00    0.00    0.00   clock clk (rise edge)
                          0.00    0.00   clock network delay (ideal)
                  0.00    0.00    0.00 ^ _342_/CLK (sky130_fd_sc_hd__dfrtp_2)
     5    0.02    0.08    0.42    0.42 v _342_/Q (sky130_fd_sc_hd__dfrtp_2)
                                         one_second_counter[12] (net)
                  0.08    0.00    0.42 v _180_/C (sky130_fd_sc_hd__and4_1)
     2    0.01    0.05    0.21    0.63 v _180_/X (sky130_fd_sc_hd__and4_1)
                                         _078_ (net)
                  0.05    0.00    0.63 v _181_/D (sky130_fd_sc_hd__or4_1)
     1    0.00    0.10    0.42    1.05 v _181_/X (sky130_fd_sc_hd__or4_1)
                                         _079_ (net)
                  0.10    0.00    1.05 v _184_/A3 (sky130_fd_sc_hd__o31a_1)
     1    0.01    0.07    0.29    1.33 v _184_/X (sky130_fd_sc_hd__o31a_1)
                                         _082_ (net)
                  0.07    0.00    1.33 v _186_/A2 (sky130_fd_sc_hd__o211ai_2)
     2    0.01    0.15    0.17    1.50 ^ _186_/Y (sky130_fd_sc_hd__o211ai_2)
                                         _084_ (net)
                  0.15    0.00    1.50 ^ _187_/A2 (sky130_fd_sc_hd__a21bo_2)
     9    0.03    0.16    0.25    1.75 ^ _187_/X (sky130_fd_sc_hd__a21bo_2)
                                         _085_ (net)
                  0.16    0.00    1.75 ^ _202_/A (sky130_fd_sc_hd__buf_2)
    10    0.03    0.14    0.22    1.97 ^ _202_/X (sky130_fd_sc_hd__buf_2)
                                         _095_ (net)
                  0.14    0.00    1.97 ^ _249_/A (sky130_fd_sc_hd__and3_1)
     1    0.00    0.06    0.18    2.14 ^ _249_/X (sky130_fd_sc_hd__and3_1)
                                         _130_ (net)
                  0.06    0.00    2.14 ^ _250_/A (sky130_fd_sc_hd__buf_1)
     1    0.01    0.09    0.12    2.26 ^ _250_/X (sky130_fd_sc_hd__buf_1)
                                         _007_ (net)
                  0.09    0.00    2.26 ^ _346_/D (sky130_fd_sc_hd__dfrtp_4)
                                  2.26   data arrival time

                  0.00   10.00   10.00   clock clk (rise edge)
                          0.00   10.00   clock network delay (ideal)
                          0.00   10.00   clock reconvergence pessimism
                                 10.00 ^ _346_/CLK (sky130_fd_sc_hd__dfrtp_4)
                         -0.08    9.92   library setup time
                                  9.92   data required time
-----------------------------------------------------------------------------
                                  9.92   data required time
                                 -2.26   data arrival time
-----------------------------------------------------------------------------
                                  7.65   slack (MET)


Startpoint: _342_ (rising edge-triggered flip-flop clocked by clk)
Endpoint: _339_ (rising edge-triggered flip-flop clocked by clk)
Path Group: clk
Path Type: max

Fanout     Cap    Slew   Delay    Time   Description
-----------------------------------------------------------------------------
                  0.00    0.00    0.00   clock clk (rise edge)
                          0.00    0.00   clock network delay (ideal)
                  0.00    0.00    0.00 ^ _342_/CLK (sky130_fd_sc_hd__dfrtp_2)
     5    0.02    0.08    0.42    0.42 v _342_/Q (sky130_fd_sc_hd__dfrtp_2)
                                         one_second_counter[12] (net)
                  0.08    0.00    0.42 v _180_/C (sky130_fd_sc_hd__and4_1)
     2    0.01    0.05    0.21    0.63 v _180_/X (sky130_fd_sc_hd__and4_1)
                                         _078_ (net)
                  0.05    0.00    0.63 v _181_/D (sky130_fd_sc_hd__or4_1)
     1    0.00    0.10    0.42    1.05 v _181_/X (sky130_fd_sc_hd__or4_1)
                                         _079_ (net)
                  0.10    0.00    1.05 v _184_/A3 (sky130_fd_sc_hd__o31a_1)
     1    0.01    0.07    0.29    1.33 v _184_/X (sky130_fd_sc_hd__o31a_1)
                                         _082_ (net)
                  0.07    0.00    1.33 v _186_/A2 (sky130_fd_sc_hd__o211ai_2)
     2    0.01    0.15    0.17    1.50 ^ _186_/Y (sky130_fd_sc_hd__o211ai_2)
                                         _084_ (net)
                  0.15    0.00    1.50 ^ _187_/A2 (sky130_fd_sc_hd__a21bo_2)
     9    0.03    0.16    0.25    1.75 ^ _187_/X (sky130_fd_sc_hd__a21bo_2)
                                         _085_ (net)
                  0.16    0.00    1.75 ^ _188_/A (sky130_fd_sc_hd__inv_2)
     2    0.01    0.05    0.06    1.81 v _188_/Y (sky130_fd_sc_hd__inv_2)
                                         _086_ (net)
                  0.05    0.00    1.81 v _189_/A (sky130_fd_sc_hd__clkbuf_4)
    10    0.04    0.08    0.19    2.00 v _189_/X (sky130_fd_sc_hd__clkbuf_4)
                                         _027_ (net)
                  0.08    0.00    2.00 v _222_/A (sky130_fd_sc_hd__nor3_1)
     1    0.01    0.21    0.24    2.24 ^ _222_/Y (sky130_fd_sc_hd__nor3_1)
                                         _026_ (net)
                  0.21    0.00    2.24 ^ _339_/D (sky130_fd_sc_hd__dfrtp_1)
                                  2.24   data arrival time

                  0.00   10.00   10.00   clock clk (rise edge)
                          0.00   10.00   clock network delay (ideal)
                          0.00   10.00   clock reconvergence pessimism
                                 10.00 ^ _339_/CLK (sky130_fd_sc_hd__dfrtp_1)
                         -0.10    9.90   library setup time
                                  9.90   data required time
-----------------------------------------------------------------------------
                                  9.90   data required time
                                 -2.24   data arrival time
-----------------------------------------------------------------------------
                                  7.65   slack (MET)


Startpoint: _342_ (rising edge-triggered flip-flop clocked by clk)
Endpoint: _354_ (rising edge-triggered flip-flop clocked by clk)
Path Group: clk
Path Type: max

Fanout     Cap    Slew   Delay    Time   Description
-----------------------------------------------------------------------------
                  0.00    0.00    0.00   clock clk (rise edge)
                          0.00    0.00   clock network delay (ideal)
                  0.00    0.00    0.00 ^ _342_/CLK (sky130_fd_sc_hd__dfrtp_2)
     5    0.02    0.08    0.42    0.42 v _342_/Q (sky130_fd_sc_hd__dfrtp_2)
                                         one_second_counter[12] (net)
                  0.08    0.00    0.42 v _180_/C (sky130_fd_sc_hd__and4_1)
     2    0.01    0.05    0.21    0.63 v _180_/X (sky130_fd_sc_hd__and4_1)
                                         _078_ (net)
                  0.05    0.00    0.63 v _181_/D (sky130_fd_sc_hd__or4_1)
     1    0.00    0.10    0.42    1.05 v _181_/X (sky130_fd_sc_hd__or4_1)
                                         _079_ (net)
                  0.10    0.00    1.05 v _184_/A3 (sky130_fd_sc_hd__o31a_1)
     1    0.01    0.07    0.29    1.33 v _184_/X (sky130_fd_sc_hd__o31a_1)
                                         _082_ (net)
                  0.07    0.00    1.33 v _186_/A2 (sky130_fd_sc_hd__o211ai_2)
     2    0.01    0.15    0.17    1.50 ^ _186_/Y (sky130_fd_sc_hd__o211ai_2)
                                         _084_ (net)
                  0.15    0.00    1.50 ^ _187_/A2 (sky130_fd_sc_hd__a21bo_2)
     9    0.03    0.16    0.25    1.75 ^ _187_/X (sky130_fd_sc_hd__a21bo_2)
                                         _085_ (net)
                  0.16    0.00    1.75 ^ _188_/A (sky130_fd_sc_hd__inv_2)
     2    0.01    0.05    0.06    1.81 v _188_/Y (sky130_fd_sc_hd__inv_2)
                                         _086_ (net)
                  0.05    0.00    1.81 v _189_/A (sky130_fd_sc_hd__clkbuf_4)
    10    0.04    0.08    0.19    2.00 v _189_/X (sky130_fd_sc_hd__clkbuf_4)
                                         _027_ (net)
                  0.08    0.00    2.00 v _278_/A (sky130_fd_sc_hd__nor3_1)
     1    0.01    0.20    0.24    2.24 ^ _278_/Y (sky130_fd_sc_hd__nor3_1)
                                         _016_ (net)
                  0.20    0.00    2.24 ^ _354_/D (sky130_fd_sc_hd__dfrtp_1)
                                  2.24   data arrival time

                  0.00   10.00   10.00   clock clk (rise edge)
                          0.00   10.00   clock network delay (ideal)
                          0.00   10.00   clock reconvergence pessimism
                                 10.00 ^ _354_/CLK (sky130_fd_sc_hd__dfrtp_1)
                         -0.10    9.90   library setup time
                                  9.90   data required time
-----------------------------------------------------------------------------
                                  9.90   data required time
                                 -2.24   data arrival time
-----------------------------------------------------------------------------
                                  7.66   slack (MET)


Startpoint: _330_ (rising edge-triggered flip-flop clocked by clk)
Endpoint: _350_ (rising edge-triggered flip-flop clocked by clk)
Path Group: clk
Path Type: max

Fanout     Cap    Slew   Delay    Time   Description
-----------------------------------------------------------------------------
                  0.00    0.00    0.00   clock clk (rise edge)
                          0.00    0.00   clock network delay (ideal)
                  0.00    0.00    0.00 ^ _330_/CLK (sky130_fd_sc_hd__dfrtp_4)
     7    0.02    0.08    0.49    0.49 v _330_/Q (sky130_fd_sc_hd__dfrtp_4)
                                         one_second_counter[0] (net)
                  0.08    0.00    0.49 v _177_/D (sky130_fd_sc_hd__and4_2)
     7    0.02    0.09    0.31    0.79 v _177_/X (sky130_fd_sc_hd__and4_2)
                                         _075_ (net)
                  0.09    0.00    0.79 v _221_/C (sky130_fd_sc_hd__and4_2)
     6    0.02    0.08    0.29    1.08 v _221_/X (sky130_fd_sc_hd__and4_2)
                                         _109_ (net)
                  0.08    0.00    1.08 v _244_/D (sky130_fd_sc_hd__and4_1)
     1    0.01    0.05    0.22    1.30 v _244_/X (sky130_fd_sc_hd__and4_1)
                                         _126_ (net)
                  0.05    0.00    1.30 v _245_/A (sky130_fd_sc_hd__clkbuf_4)
    10    0.03    0.08    0.18    1.49 v _245_/X (sky130_fd_sc_hd__clkbuf_4)
                                         _127_ (net)
                  0.08    0.00    1.49 v _258_/A (sky130_fd_sc_hd__and2_1)
     3    0.01    0.08    0.19    1.68 v _258_/X (sky130_fd_sc_hd__and2_1)
                                         _136_ (net)
                  0.08    0.00    1.68 v _262_/B (sky130_fd_sc_hd__or2_1)
     1    0.01    0.07    0.24    1.92 v _262_/X (sky130_fd_sc_hd__or2_1)
                                         _139_ (net)
                  0.07    0.00    1.92 v _264_/B (sky130_fd_sc_hd__and3_1)
     1    0.01    0.05    0.18    2.10 v _264_/X (sky130_fd_sc_hd__and3_1)
                                         _141_ (net)
                  0.05    0.00    2.10 v _265_/A (sky130_fd_sc_hd__buf_1)
     1    0.01    0.05    0.11    2.21 v _265_/X (sky130_fd_sc_hd__buf_1)
                                         _012_ (net)
                  0.05    0.00    2.21 v _350_/D (sky130_fd_sc_hd__dfrtp_1)
                                  2.21   data arrival time

                  0.00   10.00   10.00   clock clk (rise edge)
                          0.00   10.00   clock network delay (ideal)
                          0.00   10.00   clock reconvergence pessimism
                                 10.00 ^ _350_/CLK (sky130_fd_sc_hd__dfrtp_1)
                         -0.13    9.87   library setup time
                                  9.87   data required time
-----------------------------------------------------------------------------
                                  9.87   data required time
                                 -2.21   data arrival time
-----------------------------------------------------------------------------
                                  7.66   slack (MET)


Startpoint: _342_ (rising edge-triggered flip-flop clocked by clk)
Endpoint: _341_ (rising edge-triggered flip-flop clocked by clk)
Path Group: clk
Path Type: max

Fanout     Cap    Slew   Delay    Time   Description
-----------------------------------------------------------------------------
                  0.00    0.00    0.00   clock clk (rise edge)
                          0.00    0.00   clock network delay (ideal)
                  0.00    0.00    0.00 ^ _342_/CLK (sky130_fd_sc_hd__dfrtp_2)
     5    0.02    0.08    0.42    0.42 v _342_/Q (sky130_fd_sc_hd__dfrtp_2)
                                         one_second_counter[12] (net)
                  0.08    0.00    0.42 v _180_/C (sky130_fd_sc_hd__and4_1)
     2    0.01    0.05    0.21    0.63 v _180_/X (sky130_fd_sc_hd__and4_1)
                                         _078_ (net)
                  0.05    0.00    0.63 v _181_/D (sky130_fd_sc_hd__or4_1)
     1    0.00    0.10    0.42    1.05 v _181_/X (sky130_fd_sc_hd__or4_1)
                                         _079_ (net)
                  0.10    0.00    1.05 v _184_/A3 (sky130_fd_sc_hd__o31a_1)
     1    0.01    0.07    0.29    1.33 v _184_/X (sky130_fd_sc_hd__o31a_1)
                                         _082_ (net)
                  0.07    0.00    1.33 v _186_/A2 (sky130_fd_sc_hd__o211ai_2)
     2    0.01    0.15    0.17    1.50 ^ _186_/Y (sky130_fd_sc_hd__o211ai_2)
                                         _084_ (net)
                  0.15    0.00    1.50 ^ _187_/A2 (sky130_fd_sc_hd__a21bo_2)
     9    0.03    0.16    0.25    1.75 ^ _187_/X (sky130_fd_sc_hd__a21bo_2)
                                         _085_ (net)
                  0.16    0.00    1.75 ^ _188_/A (sky130_fd_sc_hd__inv_2)
     2    0.01    0.05    0.06    1.81 v _188_/Y (sky130_fd_sc_hd__inv_2)
                                         _086_ (net)
                  0.05    0.00    1.81 v _189_/A (sky130_fd_sc_hd__clkbuf_4)
    10    0.04    0.08    0.19    2.00 v _189_/X (sky130_fd_sc_hd__clkbuf_4)
                                         _027_ (net)
                  0.08    0.00    2.00 v _229_/A (sky130_fd_sc_hd__nor3_1)
     1    0.00    0.19    0.23    2.23 ^ _229_/Y (sky130_fd_sc_hd__nor3_1)
                                         _002_ (net)
                  0.19    0.00    2.23 ^ _341_/D (sky130_fd_sc_hd__dfrtp_1)
                                  2.23   data arrival time

                  0.00   10.00   10.00   clock clk (rise edge)
                          0.00   10.00   clock network delay (ideal)
                          0.00   10.00   clock reconvergence pessimism
                                 10.00 ^ _341_/CLK (sky130_fd_sc_hd__dfrtp_1)
                         -0.10    9.90   library setup time
                                  9.90   data required time
-----------------------------------------------------------------------------
                                  9.90   data required time
                                 -2.23   data arrival time
-----------------------------------------------------------------------------
                                  7.67   slack (MET)


Startpoint: _330_ (rising edge-triggered flip-flop clocked by clk)
Endpoint: _352_ (rising edge-triggered flip-flop clocked by clk)
Path Group: clk
Path Type: max

Fanout     Cap    Slew   Delay    Time   Description
-----------------------------------------------------------------------------
                  0.00    0.00    0.00   clock clk (rise edge)
                          0.00    0.00   clock network delay (ideal)
                  0.00    0.00    0.00 ^ _330_/CLK (sky130_fd_sc_hd__dfrtp_4)
     7    0.02    0.08    0.49    0.49 v _330_/Q (sky130_fd_sc_hd__dfrtp_4)
                                         one_second_counter[0] (net)
                  0.08    0.00    0.49 v _177_/D (sky130_fd_sc_hd__and4_2)
     7    0.02    0.09    0.31    0.79 v _177_/X (sky130_fd_sc_hd__and4_2)
                                         _075_ (net)
                  0.09    0.00    0.79 v _221_/C (sky130_fd_sc_hd__and4_2)
     6    0.02    0.08    0.29    1.08 v _221_/X (sky130_fd_sc_hd__and4_2)
                                         _109_ (net)
                  0.08    0.00    1.08 v _244_/D (sky130_fd_sc_hd__and4_1)
     1    0.01    0.05    0.22    1.30 v _244_/X (sky130_fd_sc_hd__and4_1)
                                         _126_ (net)
                  0.05    0.00    1.30 v _245_/A (sky130_fd_sc_hd__clkbuf_4)
    10    0.03    0.08    0.18    1.49 v _245_/X (sky130_fd_sc_hd__clkbuf_4)
                                         _127_ (net)
                  0.08    0.00    1.49 v _267_/C (sky130_fd_sc_hd__and4_1)
     3    0.01    0.07    0.23    1.72 v _267_/X (sky130_fd_sc_hd__and4_1)
                                         _143_ (net)
                  0.07    0.00    1.72 v _269_/B (sky130_fd_sc_hd__or2_1)
     1    0.00    0.06    0.22    1.94 v _269_/X (sky130_fd_sc_hd__or2_1)
                                         _144_ (net)
                  0.06    0.00    1.94 v _271_/B (sky130_fd_sc_hd__and3_1)
     1    0.00    0.04    0.17    2.11 v _271_/X (sky130_fd_sc_hd__and3_1)
                                         _146_ (net)
                  0.04    0.00    2.11 v _272_/A (sky130_fd_sc_hd__clkbuf_1)
     1    0.01    0.04    0.10    2.21 v _272_/X (sky130_fd_sc_hd__clkbuf_1)
                                         _014_ (net)
                  0.04    0.00    2.21 v _352_/D (sky130_fd_sc_hd__dfrtp_1)
                                  2.21   data arrival time

                  0.00   10.00   10.00   clock clk (rise edge)
                          0.00   10.00   clock network delay (ideal)
                          0.00   10.00   clock reconvergence pessimism
                                 10.00 ^ _352_/CLK (sky130_fd_sc_hd__dfrtp_1)
                         -0.12    9.88   library setup time
                                  9.88   data required time
-----------------------------------------------------------------------------
                                  9.88   data required time
                                 -2.21   data arrival time
-----------------------------------------------------------------------------
                                  7.67   slack (MET)


Startpoint: _342_ (rising edge-triggered flip-flop clocked by clk)
Endpoint: _335_ (rising edge-triggered flip-flop clocked by clk)
Path Group: clk
Path Type: max

Fanout     Cap    Slew   Delay    Time   Description
-----------------------------------------------------------------------------
                  0.00    0.00    0.00   clock clk (rise edge)
                          0.00    0.00   clock network delay (ideal)
                  0.00    0.00    0.00 ^ _342_/CLK (sky130_fd_sc_hd__dfrtp_2)
     5    0.02    0.08    0.42    0.42 v _342_/Q (sky130_fd_sc_hd__dfrtp_2)
                                         one_second_counter[12] (net)
                  0.08    0.00    0.42 v _180_/C (sky130_fd_sc_hd__and4_1)
     2    0.01    0.05    0.21    0.63 v _180_/X (sky130_fd_sc_hd__and4_1)
                                         _078_ (net)
                  0.05    0.00    0.63 v _181_/D (sky130_fd_sc_hd__or4_1)
     1    0.00    0.10    0.42    1.05 v _181_/X (sky130_fd_sc_hd__or4_1)
                                         _079_ (net)
                  0.10    0.00    1.05 v _184_/A3 (sky130_fd_sc_hd__o31a_1)
     1    0.01    0.07    0.29    1.33 v _184_/X (sky130_fd_sc_hd__o31a_1)
                                         _082_ (net)
                  0.07    0.00    1.33 v _186_/A2 (sky130_fd_sc_hd__o211ai_2)
     2    0.01    0.15    0.17    1.50 ^ _186_/Y (sky130_fd_sc_hd__o211ai_2)
                                         _084_ (net)
                  0.15    0.00    1.50 ^ _187_/A2 (sky130_fd_sc_hd__a21bo_2)
     9    0.03    0.16    0.25    1.75 ^ _187_/X (sky130_fd_sc_hd__a21bo_2)
                                         _085_ (net)
                  0.16    0.00    1.75 ^ _188_/A (sky130_fd_sc_hd__inv_2)
     2    0.01    0.05    0.06    1.81 v _188_/Y (sky130_fd_sc_hd__inv_2)
                                         _086_ (net)
                  0.05    0.00    1.81 v _189_/A (sky130_fd_sc_hd__clkbuf_4)
    10    0.04    0.08    0.19    2.00 v _189_/X (sky130_fd_sc_hd__clkbuf_4)
                                         _027_ (net)
                  0.08    0.00    2.00 v _209_/A (sky130_fd_sc_hd__nor3_1)
     1    0.00    0.19    0.22    2.23 ^ _209_/Y (sky130_fd_sc_hd__nor3_1)
                                         _022_ (net)
                  0.19    0.00    2.23 ^ _335_/D (sky130_fd_sc_hd__dfrtp_1)
                                  2.23   data arrival time

                  0.00   10.00   10.00   clock clk (rise edge)
                          0.00   10.00   clock network delay (ideal)
                          0.00   10.00   clock reconvergence pessimism
                                 10.00 ^ _335_/CLK (sky130_fd_sc_hd__dfrtp_1)
                         -0.10    9.90   library setup time
                                  9.90   data required time
-----------------------------------------------------------------------------
                                  9.90   data required time
                                 -2.23   data arrival time
-----------------------------------------------------------------------------
                                  7.67   slack (MET)


Startpoint: _342_ (rising edge-triggered flip-flop clocked by clk)
Endpoint: _353_ (rising edge-triggered flip-flop clocked by clk)
Path Group: clk
Path Type: max

Fanout     Cap    Slew   Delay    Time   Description
-----------------------------------------------------------------------------
                  0.00    0.00    0.00   clock clk (rise edge)
                          0.00    0.00   clock network delay (ideal)
                  0.00    0.00    0.00 ^ _342_/CLK (sky130_fd_sc_hd__dfrtp_2)
     5    0.02    0.08    0.42    0.42 v _342_/Q (sky130_fd_sc_hd__dfrtp_2)
                                         one_second_counter[12] (net)
                  0.08    0.00    0.42 v _180_/C (sky130_fd_sc_hd__and4_1)
     2    0.01    0.05    0.21    0.63 v _180_/X (sky130_fd_sc_hd__and4_1)
                                         _078_ (net)
                  0.05    0.00    0.63 v _181_/D (sky130_fd_sc_hd__or4_1)
     1    0.00    0.10    0.42    1.05 v _181_/X (sky130_fd_sc_hd__or4_1)
                                         _079_ (net)
                  0.10    0.00    1.05 v _184_/A3 (sky130_fd_sc_hd__o31a_1)
     1    0.01    0.07    0.29    1.33 v _184_/X (sky130_fd_sc_hd__o31a_1)
                                         _082_ (net)
                  0.07    0.00    1.33 v _186_/A2 (sky130_fd_sc_hd__o211ai_2)
     2    0.01    0.15    0.17    1.50 ^ _186_/Y (sky130_fd_sc_hd__o211ai_2)
                                         _084_ (net)
                  0.15    0.00    1.50 ^ _187_/A2 (sky130_fd_sc_hd__a21bo_2)
     9    0.03    0.16    0.25    1.75 ^ _187_/X (sky130_fd_sc_hd__a21bo_2)
                                         _085_ (net)
                  0.16    0.00    1.75 ^ _188_/A (sky130_fd_sc_hd__inv_2)
     2    0.01    0.05    0.06    1.81 v _188_/Y (sky130_fd_sc_hd__inv_2)
                                         _086_ (net)
                  0.05    0.00    1.81 v _189_/A (sky130_fd_sc_hd__clkbuf_4)
    10    0.04    0.08    0.19    2.00 v _189_/X (sky130_fd_sc_hd__clkbuf_4)
                                         _027_ (net)
                  0.08    0.00    2.00 v _275_/C1 (sky130_fd_sc_hd__a221oi_2)
     1    0.01    0.22    0.21    2.21 ^ _275_/Y (sky130_fd_sc_hd__a221oi_2)
                                         _015_ (net)
                  0.22    0.00    2.21 ^ _353_/D (sky130_fd_sc_hd__dfrtp_1)
                                  2.21   data arrival time

                  0.00   10.00   10.00   clock clk (rise edge)
                          0.00   10.00   clock network delay (ideal)
                          0.00   10.00   clock reconvergence pessimism
                                 10.00 ^ _353_/CLK (sky130_fd_sc_hd__dfrtp_1)
                         -0.11    9.89   library setup time
                                  9.89   data required time
-----------------------------------------------------------------------------
                                  9.89   data required time
                                 -2.21   data arrival time
-----------------------------------------------------------------------------
                                  7.68   slack (MET)


Startpoint: _342_ (rising edge-triggered flip-flop clocked by clk)
Endpoint: _334_ (rising edge-triggered flip-flop clocked by clk)
Path Group: clk
Path Type: max

Fanout     Cap    Slew   Delay    Time   Description
-----------------------------------------------------------------------------
                  0.00    0.00    0.00   clock clk (rise edge)
                          0.00    0.00   clock network delay (ideal)
                  0.00    0.00    0.00 ^ _342_/CLK (sky130_fd_sc_hd__dfrtp_2)
     5    0.02    0.08    0.42    0.42 v _342_/Q (sky130_fd_sc_hd__dfrtp_2)
                                         one_second_counter[12] (net)
                  0.08    0.00    0.42 v _180_/C (sky130_fd_sc_hd__and4_1)
     2    0.01    0.05    0.21    0.63 v _180_/X (sky130_fd_sc_hd__and4_1)
                                         _078_ (net)
                  0.05    0.00    0.63 v _181_/D (sky130_fd_sc_hd__or4_1)
     1    0.00    0.10    0.42    1.05 v _181_/X (sky130_fd_sc_hd__or4_1)
                                         _079_ (net)
                  0.10    0.00    1.05 v _184_/A3 (sky130_fd_sc_hd__o31a_1)
     1    0.01    0.07    0.29    1.33 v _184_/X (sky130_fd_sc_hd__o31a_1)
                                         _082_ (net)
                  0.07    0.00    1.33 v _186_/A2 (sky130_fd_sc_hd__o211ai_2)
     2    0.01    0.15    0.17    1.50 ^ _186_/Y (sky130_fd_sc_hd__o211ai_2)
                                         _084_ (net)
                  0.15    0.00    1.50 ^ _187_/A2 (sky130_fd_sc_hd__a21bo_2)
     9    0.03    0.16    0.25    1.75 ^ _187_/X (sky130_fd_sc_hd__a21bo_2)
                                         _085_ (net)
                  0.16    0.00    1.75 ^ _202_/A (sky130_fd_sc_hd__buf_2)
    10    0.03    0.14    0.22    1.97 ^ _202_/X (sky130_fd_sc_hd__buf_2)
                                         _095_ (net)
                  0.14    0.00    1.97 ^ _205_/A (sky130_fd_sc_hd__and3_1)
     1    0.01    0.08    0.19    2.15 ^ _205_/X (sky130_fd_sc_hd__and3_1)
                                         _098_ (net)
                  0.08    0.00    2.15 ^ _206_/A (sky130_fd_sc_hd__clkbuf_1)
     1    0.00    0.05    0.09    2.24 ^ _206_/X (sky130_fd_sc_hd__clkbuf_1)
                                         _021_ (net)
                  0.05    0.00    2.24 ^ _334_/D (sky130_fd_sc_hd__dfrtp_2)
                                  2.24   data arrival time

                  0.00   10.00   10.00   clock clk (rise edge)
                          0.00   10.00   clock network delay (ideal)
                          0.00   10.00   clock reconvergence pessimism
                                 10.00 ^ _334_/CLK (sky130_fd_sc_hd__dfrtp_2)
                         -0.07    9.93   library setup time
                                  9.93   data required time
-----------------------------------------------------------------------------
                                  9.93   data required time
                                 -2.24   data arrival time
-----------------------------------------------------------------------------
                                  7.69   slack (MET)


Startpoint: _342_ (rising edge-triggered flip-flop clocked by clk)
Endpoint: _343_ (rising edge-triggered flip-flop clocked by clk)
Path Group: clk
Path Type: max

Fanout     Cap    Slew   Delay    Time   Description
-----------------------------------------------------------------------------
                  0.00    0.00    0.00   clock clk (rise edge)
                          0.00    0.00   clock network delay (ideal)
                  0.00    0.00    0.00 ^ _342_/CLK (sky130_fd_sc_hd__dfrtp_2)
     5    0.02    0.08    0.42    0.42 v _342_/Q (sky130_fd_sc_hd__dfrtp_2)
                                         one_second_counter[12] (net)
                  0.08    0.00    0.42 v _180_/C (sky130_fd_sc_hd__and4_1)
     2    0.01    0.05    0.21    0.63 v _180_/X (sky130_fd_sc_hd__and4_1)
                                         _078_ (net)
                  0.05    0.00    0.63 v _181_/D (sky130_fd_sc_hd__or4_1)
     1    0.00    0.10    0.42    1.05 v _181_/X (sky130_fd_sc_hd__or4_1)
                                         _079_ (net)
                  0.10    0.00    1.05 v _184_/A3 (sky130_fd_sc_hd__o31a_1)
     1    0.01    0.07    0.29    1.33 v _184_/X (sky130_fd_sc_hd__o31a_1)
                                         _082_ (net)
                  0.07    0.00    1.33 v _186_/A2 (sky130_fd_sc_hd__o211ai_2)
     2    0.01    0.15    0.17    1.50 ^ _186_/Y (sky130_fd_sc_hd__o211ai_2)
                                         _084_ (net)
                  0.15    0.00    1.50 ^ _187_/A2 (sky130_fd_sc_hd__a21bo_2)
     9    0.03    0.16    0.25    1.75 ^ _187_/X (sky130_fd_sc_hd__a21bo_2)
                                         _085_ (net)
                  0.16    0.00    1.75 ^ _202_/A (sky130_fd_sc_hd__buf_2)
    10    0.03    0.14    0.22    1.97 ^ _202_/X (sky130_fd_sc_hd__buf_2)
                                         _095_ (net)
                  0.14    0.00    1.97 ^ _236_/A (sky130_fd_sc_hd__and3_1)
     1    0.00    0.06    0.18    2.14 ^ _236_/X (sky130_fd_sc_hd__and3_1)
                                         _120_ (net)
                  0.06    0.00    2.14 ^ _237_/A (sky130_fd_sc_hd__clkbuf_1)
     1    0.00    0.06    0.10    2.24 ^ _237_/X (sky130_fd_sc_hd__clkbuf_1)
                                         _004_ (net)
                  0.06    0.00    2.24 ^ _343_/D (sky130_fd_sc_hd__dfrtp_1)
                                  2.24   data arrival time

                  0.00   10.00   10.00   clock clk (rise edge)
                          0.00   10.00   clock network delay (ideal)
                          0.00   10.00   clock reconvergence pessimism
                                 10.00 ^ _343_/CLK (sky130_fd_sc_hd__dfrtp_1)
                         -0.07    9.93   library setup time
                                  9.93   data required time
-----------------------------------------------------------------------------
                                  9.93   data required time
                                 -2.24   data arrival time
-----------------------------------------------------------------------------
                                  7.69   slack (MET)


Startpoint: _342_ (rising edge-triggered flip-flop clocked by clk)
Endpoint: _336_ (rising edge-triggered flip-flop clocked by clk)
Path Group: clk
Path Type: max

Fanout     Cap    Slew   Delay    Time   Description
-----------------------------------------------------------------------------
                  0.00    0.00    0.00   clock clk (rise edge)
                          0.00    0.00   clock network delay (ideal)
                  0.00    0.00    0.00 ^ _342_/CLK (sky130_fd_sc_hd__dfrtp_2)
     5    0.02    0.08    0.42    0.42 v _342_/Q (sky130_fd_sc_hd__dfrtp_2)
                                         one_second_counter[12] (net)
                  0.08    0.00    0.42 v _180_/C (sky130_fd_sc_hd__and4_1)
     2    0.01    0.05    0.21    0.63 v _180_/X (sky130_fd_sc_hd__and4_1)
                                         _078_ (net)
                  0.05    0.00    0.63 v _181_/D (sky130_fd_sc_hd__or4_1)
     1    0.00    0.10    0.42    1.05 v _181_/X (sky130_fd_sc_hd__or4_1)
                                         _079_ (net)
                  0.10    0.00    1.05 v _184_/A3 (sky130_fd_sc_hd__o31a_1)
     1    0.01    0.07    0.29    1.33 v _184_/X (sky130_fd_sc_hd__o31a_1)
                                         _082_ (net)
                  0.07    0.00    1.33 v _186_/A2 (sky130_fd_sc_hd__o211ai_2)
     2    0.01    0.15    0.17    1.50 ^ _186_/Y (sky130_fd_sc_hd__o211ai_2)
                                         _084_ (net)
                  0.15    0.00    1.50 ^ _187_/A2 (sky130_fd_sc_hd__a21bo_2)
     9    0.03    0.16    0.25    1.75 ^ _187_/X (sky130_fd_sc_hd__a21bo_2)
                                         _085_ (net)
                  0.16    0.00    1.75 ^ _202_/A (sky130_fd_sc_hd__buf_2)
    10    0.03    0.14    0.22    1.97 ^ _202_/X (sky130_fd_sc_hd__buf_2)
                                         _095_ (net)
                  0.14    0.00    1.97 ^ _212_/A (sky130_fd_sc_hd__and3_1)
     1    0.01    0.07    0.18    2.15 ^ _212_/X (sky130_fd_sc_hd__and3_1)
                                         _103_ (net)
                  0.07    0.00    2.15 ^ _213_/A (sky130_fd_sc_hd__clkbuf_1)
     1    0.00    0.05    0.09    2.24 ^ _213_/X (sky130_fd_sc_hd__clkbuf_1)
                                         _023_ (net)
                  0.05    0.00    2.24 ^ _336_/D (sky130_fd_sc_hd__dfrtp_1)
                                  2.24   data arrival time

                  0.00   10.00   10.00   clock clk (rise edge)
                          0.00   10.00   clock network delay (ideal)
                          0.00   10.00   clock reconvergence pessimism
                                 10.00 ^ _336_/CLK (sky130_fd_sc_hd__dfrtp_1)
                         -0.07    9.93   library setup time
                                  9.93   data required time
-----------------------------------------------------------------------------
                                  9.93   data required time
                                 -2.24   data arrival time
-----------------------------------------------------------------------------
                                  7.69   slack (MET)


Startpoint: _342_ (rising edge-triggered flip-flop clocked by clk)
Endpoint: _344_ (rising edge-triggered flip-flop clocked by clk)
Path Group: clk
Path Type: max

Fanout     Cap    Slew   Delay    Time   Description
-----------------------------------------------------------------------------
                  0.00    0.00    0.00   clock clk (rise edge)
                          0.00    0.00   clock network delay (ideal)
                  0.00    0.00    0.00 ^ _342_/CLK (sky130_fd_sc_hd__dfrtp_2)
     5    0.02    0.08    0.42    0.42 v _342_/Q (sky130_fd_sc_hd__dfrtp_2)
                                         one_second_counter[12] (net)
                  0.08    0.00    0.42 v _180_/C (sky130_fd_sc_hd__and4_1)
     2    0.01    0.05    0.21    0.63 v _180_/X (sky130_fd_sc_hd__and4_1)
                                         _078_ (net)
                  0.05    0.00    0.63 v _181_/D (sky130_fd_sc_hd__or4_1)
     1    0.00    0.10    0.42    1.05 v _181_/X (sky130_fd_sc_hd__or4_1)
                                         _079_ (net)
                  0.10    0.00    1.05 v _184_/A3 (sky130_fd_sc_hd__o31a_1)
     1    0.01    0.07    0.29    1.33 v _184_/X (sky130_fd_sc_hd__o31a_1)
                                         _082_ (net)
                  0.07    0.00    1.33 v _186_/A2 (sky130_fd_sc_hd__o211ai_2)
     2    0.01    0.15    0.17    1.50 ^ _186_/Y (sky130_fd_sc_hd__o211ai_2)
                                         _084_ (net)
                  0.15    0.00    1.50 ^ _187_/A2 (sky130_fd_sc_hd__a21bo_2)
     9    0.03    0.16    0.25    1.75 ^ _187_/X (sky130_fd_sc_hd__a21bo_2)
                                         _085_ (net)
                  0.16    0.00    1.75 ^ _202_/A (sky130_fd_sc_hd__buf_2)
    10    0.03    0.14    0.22    1.97 ^ _202_/X (sky130_fd_sc_hd__buf_2)
                                         _095_ (net)
                  0.14    0.00    1.97 ^ _241_/A (sky130_fd_sc_hd__and3_1)
     1    0.00    0.07    0.18    2.15 ^ _241_/X (sky130_fd_sc_hd__and3_1)
                                         _124_ (net)
                  0.07    0.00    2.15 ^ _242_/A (sky130_fd_sc_hd__clkbuf_1)
     1    0.00    0.05    0.09    2.24 ^ _242_/X (sky130_fd_sc_hd__clkbuf_1)
                                         _005_ (net)
                  0.05    0.00    2.24 ^ _344_/D (sky130_fd_sc_hd__dfrtp_1)
                                  2.24   data arrival time

                  0.00   10.00   10.00   clock clk (rise edge)
                          0.00   10.00   clock network delay (ideal)
                          0.00   10.00   clock reconvergence pessimism
                                 10.00 ^ _344_/CLK (sky130_fd_sc_hd__dfrtp_1)
                         -0.07    9.93   library setup time
                                  9.93   data required time
-----------------------------------------------------------------------------
                                  9.93   data required time
                                 -2.24   data arrival time
-----------------------------------------------------------------------------
                                  7.69   slack (MET)


Startpoint: _342_ (rising edge-triggered flip-flop clocked by clk)
Endpoint: _340_ (rising edge-triggered flip-flop clocked by clk)
Path Group: clk
Path Type: max

Fanout     Cap    Slew   Delay    Time   Description
-----------------------------------------------------------------------------
                  0.00    0.00    0.00   clock clk (rise edge)
                          0.00    0.00   clock network delay (ideal)
                  0.00    0.00    0.00 ^ _342_/CLK (sky130_fd_sc_hd__dfrtp_2)
     5    0.02    0.08    0.42    0.42 v _342_/Q (sky130_fd_sc_hd__dfrtp_2)
                                         one_second_counter[12] (net)
                  0.08    0.00    0.42 v _180_/C (sky130_fd_sc_hd__and4_1)
     2    0.01    0.05    0.21    0.63 v _180_/X (sky130_fd_sc_hd__and4_1)
                                         _078_ (net)
                  0.05    0.00    0.63 v _181_/D (sky130_fd_sc_hd__or4_1)
     1    0.00    0.10    0.42    1.05 v _181_/X (sky130_fd_sc_hd__or4_1)
                                         _079_ (net)
                  0.10    0.00    1.05 v _184_/A3 (sky130_fd_sc_hd__o31a_1)
     1    0.01    0.07    0.29    1.33 v _184_/X (sky130_fd_sc_hd__o31a_1)
                                         _082_ (net)
                  0.07    0.00    1.33 v _186_/A2 (sky130_fd_sc_hd__o211ai_2)
     2    0.01    0.15    0.17    1.50 ^ _186_/Y (sky130_fd_sc_hd__o211ai_2)
                                         _084_ (net)
                  0.15    0.00    1.50 ^ _187_/A2 (sky130_fd_sc_hd__a21bo_2)
     9    0.03    0.16    0.25    1.75 ^ _187_/X (sky130_fd_sc_hd__a21bo_2)
                                         _085_ (net)
                  0.16    0.00    1.75 ^ _202_/A (sky130_fd_sc_hd__buf_2)
    10    0.03    0.14    0.22    1.97 ^ _202_/X (sky130_fd_sc_hd__buf_2)
                                         _095_ (net)
                  0.14    0.00    1.97 ^ _225_/A (sky130_fd_sc_hd__and3_1)
     1    0.00    0.06    0.18    2.14 ^ _225_/X (sky130_fd_sc_hd__and3_1)
                                         _112_ (net)
                  0.06    0.00    2.14 ^ _226_/A (sky130_fd_sc_hd__clkbuf_1)
     1    0.00    0.05    0.09    2.23 ^ _226_/X (sky130_fd_sc_hd__clkbuf_1)
                                         _001_ (net)
                  0.05    0.00    2.23 ^ _340_/D (sky130_fd_sc_hd__dfrtp_2)
                                  2.23   data arrival time

                  0.00   10.00   10.00   clock clk (rise edge)
                          0.00   10.00   clock network delay (ideal)
                          0.00   10.00   clock reconvergence pessimism
                                 10.00 ^ _340_/CLK (sky130_fd_sc_hd__dfrtp_2)
                         -0.07    9.93   library setup time
                                  9.93   data required time
-----------------------------------------------------------------------------
                                  9.93   data required time
                                 -2.23   data arrival time
-----------------------------------------------------------------------------
                                  7.70   slack (MET)


Startpoint: _342_ (rising edge-triggered flip-flop clocked by clk)
Endpoint: _330_ (rising edge-triggered flip-flop clocked by clk)
Path Group: clk
Path Type: max

Fanout     Cap    Slew   Delay    Time   Description
-----------------------------------------------------------------------------
                  0.00    0.00    0.00   clock clk (rise edge)
                          0.00    0.00   clock network delay (ideal)
                  0.00    0.00    0.00 ^ _342_/CLK (sky130_fd_sc_hd__dfrtp_2)
     5    0.02    0.08    0.42    0.42 v _342_/Q (sky130_fd_sc_hd__dfrtp_2)
                                         one_second_counter[12] (net)
                  0.08    0.00    0.42 v _180_/C (sky130_fd_sc_hd__and4_1)
     2    0.01    0.05    0.21    0.63 v _180_/X (sky130_fd_sc_hd__and4_1)
                                         _078_ (net)
                  0.05    0.00    0.63 v _181_/D (sky130_fd_sc_hd__or4_1)
     1    0.00    0.10    0.42    1.05 v _181_/X (sky130_fd_sc_hd__or4_1)
                                         _079_ (net)
                  0.10    0.00    1.05 v _184_/A3 (sky130_fd_sc_hd__o31a_1)
     1    0.01    0.07    0.29    1.33 v _184_/X (sky130_fd_sc_hd__o31a_1)
                                         _082_ (net)
                  0.07    0.00    1.33 v _186_/A2 (sky130_fd_sc_hd__o211ai_2)
     2    0.01    0.15    0.17    1.50 ^ _186_/Y (sky130_fd_sc_hd__o211ai_2)
                                         _084_ (net)
                  0.15    0.00    1.50 ^ _187_/A2 (sky130_fd_sc_hd__a21bo_2)
     9    0.03    0.16    0.25    1.75 ^ _187_/X (sky130_fd_sc_hd__a21bo_2)
                                         _085_ (net)
                  0.16    0.00    1.75 ^ _188_/A (sky130_fd_sc_hd__inv_2)
     2    0.01    0.05    0.06    1.81 v _188_/Y (sky130_fd_sc_hd__inv_2)
                                         _086_ (net)
                  0.05    0.00    1.81 v _189_/A (sky130_fd_sc_hd__clkbuf_4)
    10    0.04    0.08    0.19    2.00 v _189_/X (sky130_fd_sc_hd__clkbuf_4)
                                         _027_ (net)
                  0.08    0.00    2.00 v _190_/B (sky130_fd_sc_hd__nor2_1)
     1    0.01    0.19    0.18    2.18 ^ _190_/Y (sky130_fd_sc_hd__nor2_1)
                                         _000_ (net)
                  0.19    0.00    2.18 ^ _330_/D (sky130_fd_sc_hd__dfrtp_4)
                                  2.18   data arrival time

                  0.00   10.00   10.00   clock clk (rise edge)
                          0.00   10.00   clock network delay (ideal)
                          0.00   10.00   clock reconvergence pessimism
                                 10.00 ^ _330_/CLK (sky130_fd_sc_hd__dfrtp_4)
                         -0.10    9.90   library setup time
                                  9.90   data required time
-----------------------------------------------------------------------------
                                  9.90   data required time
                                 -2.18   data arrival time
-----------------------------------------------------------------------------
                                  7.72   slack (MET)


Startpoint: _342_ (rising edge-triggered flip-flop clocked by clk)
Endpoint: _351_ (rising edge-triggered flip-flop clocked by clk)
Path Group: clk
Path Type: max

Fanout     Cap    Slew   Delay    Time   Description
-----------------------------------------------------------------------------
                  0.00    0.00    0.00   clock clk (rise edge)
                          0.00    0.00   clock network delay (ideal)
                  0.00    0.00    0.00 ^ _342_/CLK (sky130_fd_sc_hd__dfrtp_2)
     5    0.02    0.08    0.42    0.42 v _342_/Q (sky130_fd_sc_hd__dfrtp_2)
                                         one_second_counter[12] (net)
                  0.08    0.00    0.42 v _180_/C (sky130_fd_sc_hd__and4_1)
     2    0.01    0.05    0.21    0.63 v _180_/X (sky130_fd_sc_hd__and4_1)
                                         _078_ (net)
                  0.05    0.00    0.63 v _181_/D (sky130_fd_sc_hd__or4_1)
     1    0.00    0.10    0.42    1.05 v _181_/X (sky130_fd_sc_hd__or4_1)
                                         _079_ (net)
                  0.10    0.00    1.05 v _184_/A3 (sky130_fd_sc_hd__o31a_1)
     1    0.01    0.07    0.29    1.33 v _184_/X (sky130_fd_sc_hd__o31a_1)
                                         _082_ (net)
                  0.07    0.00    1.33 v _186_/A2 (sky130_fd_sc_hd__o211ai_2)
     2    0.01    0.15    0.17    1.50 ^ _186_/Y (sky130_fd_sc_hd__o211ai_2)
                                         _084_ (net)
                  0.15    0.00    1.50 ^ _187_/A2 (sky130_fd_sc_hd__a21bo_2)
     9    0.03    0.16    0.25    1.75 ^ _187_/X (sky130_fd_sc_hd__a21bo_2)
                                         _085_ (net)
                  0.16    0.00    1.75 ^ _188_/A (sky130_fd_sc_hd__inv_2)
     2    0.01    0.05    0.06    1.81 v _188_/Y (sky130_fd_sc_hd__inv_2)
                                         _086_ (net)
                  0.05    0.00    1.81 v _189_/A (sky130_fd_sc_hd__clkbuf_4)
    10    0.04    0.08    0.19    2.00 v _189_/X (sky130_fd_sc_hd__clkbuf_4)
                                         _027_ (net)
                  0.08    0.00    2.00 v _268_/C1 (sky130_fd_sc_hd__a211oi_1)
     1    0.00    0.19    0.18    2.18 ^ _268_/Y (sky130_fd_sc_hd__a211oi_1)
                                         _013_ (net)
                  0.19    0.00    2.18 ^ _351_/D (sky130_fd_sc_hd__dfrtp_1)
                                  2.18   data arrival time

                  0.00   10.00   10.00   clock clk (rise edge)
                          0.00   10.00   clock network delay (ideal)
                          0.00   10.00   clock reconvergence pessimism
                                 10.00 ^ _351_/CLK (sky130_fd_sc_hd__dfrtp_1)
                         -0.10    9.90   library setup time
                                  9.90   data required time
-----------------------------------------------------------------------------
                                  9.90   data required time
                                 -2.18   data arrival time
-----------------------------------------------------------------------------
                                  7.72   slack (MET)


Startpoint: _342_ (rising edge-triggered flip-flop clocked by clk)
Endpoint: _347_ (rising edge-triggered flip-flop clocked by clk)
Path Group: clk
Path Type: max

Fanout     Cap    Slew   Delay    Time   Description
-----------------------------------------------------------------------------
                  0.00    0.00    0.00   clock clk (rise edge)
                          0.00    0.00   clock network delay (ideal)
                  0.00    0.00    0.00 ^ _342_/CLK (sky130_fd_sc_hd__dfrtp_2)
     5    0.02    0.08    0.42    0.42 v _342_/Q (sky130_fd_sc_hd__dfrtp_2)
                                         one_second_counter[12] (net)
                  0.08    0.00    0.42 v _180_/C (sky130_fd_sc_hd__and4_1)
     2    0.01    0.05    0.21    0.63 v _180_/X (sky130_fd_sc_hd__and4_1)
                                         _078_ (net)
                  0.05    0.00    0.63 v _181_/D (sky130_fd_sc_hd__or4_1)
     1    0.00    0.10    0.42    1.05 v _181_/X (sky130_fd_sc_hd__or4_1)
                                         _079_ (net)
                  0.10    0.00    1.05 v _184_/A3 (sky130_fd_sc_hd__o31a_1)
     1    0.01    0.07    0.29    1.33 v _184_/X (sky130_fd_sc_hd__o31a_1)
                                         _082_ (net)
                  0.07    0.00    1.33 v _186_/A2 (sky130_fd_sc_hd__o211ai_2)
     2    0.01    0.15    0.17    1.50 ^ _186_/Y (sky130_fd_sc_hd__o211ai_2)
                                         _084_ (net)
                  0.15    0.00    1.50 ^ _187_/A2 (sky130_fd_sc_hd__a21bo_2)
     9    0.03    0.16    0.25    1.75 ^ _187_/X (sky130_fd_sc_hd__a21bo_2)
                                         _085_ (net)
                  0.16    0.00    1.75 ^ _188_/A (sky130_fd_sc_hd__inv_2)
     2    0.01    0.05    0.06    1.81 v _188_/Y (sky130_fd_sc_hd__inv_2)
                                         _086_ (net)
                  0.05    0.00    1.81 v _189_/A (sky130_fd_sc_hd__clkbuf_4)
    10    0.04    0.08    0.19    2.00 v _189_/X (sky130_fd_sc_hd__clkbuf_4)
                                         _027_ (net)
                  0.08    0.00    2.00 v _252_/A (sky130_fd_sc_hd__nor2_1)
     1    0.01    0.14    0.16    2.16 ^ _252_/Y (sky130_fd_sc_hd__nor2_1)
                                         _008_ (net)
                  0.14    0.00    2.16 ^ _347_/D (sky130_fd_sc_hd__dfrtp_4)
                                  2.16   data arrival time

                  0.00   10.00   10.00   clock clk (rise edge)
                          0.00   10.00   clock network delay (ideal)
                          0.00   10.00   clock reconvergence pessimism
                                 10.00 ^ _347_/CLK (sky130_fd_sc_hd__dfrtp_4)
                         -0.09    9.91   library setup time
                                  9.91   data required time
-----------------------------------------------------------------------------
                                  9.91   data required time
                                 -2.16   data arrival time
-----------------------------------------------------------------------------
                                  7.75   slack (MET)


Startpoint: _342_ (rising edge-triggered flip-flop clocked by clk)
Endpoint: _348_ (rising edge-triggered flip-flop clocked by clk)
Path Group: clk
Path Type: max

Fanout     Cap    Slew   Delay    Time   Description
-----------------------------------------------------------------------------
                  0.00    0.00    0.00   clock clk (rise edge)
                          0.00    0.00   clock network delay (ideal)
                  0.00    0.00    0.00 ^ _342_/CLK (sky130_fd_sc_hd__dfrtp_2)
     5    0.02    0.08    0.42    0.42 v _342_/Q (sky130_fd_sc_hd__dfrtp_2)
                                         one_second_counter[12] (net)
                  0.08    0.00    0.42 v _180_/C (sky130_fd_sc_hd__and4_1)
     2    0.01    0.05    0.21    0.63 v _180_/X (sky130_fd_sc_hd__and4_1)
                                         _078_ (net)
                  0.05    0.00    0.63 v _181_/D (sky130_fd_sc_hd__or4_1)
     1    0.00    0.10    0.42    1.05 v _181_/X (sky130_fd_sc_hd__or4_1)
                                         _079_ (net)
                  0.10    0.00    1.05 v _184_/A3 (sky130_fd_sc_hd__o31a_1)
     1    0.01    0.07    0.29    1.33 v _184_/X (sky130_fd_sc_hd__o31a_1)
                                         _082_ (net)
                  0.07    0.00    1.33 v _186_/A2 (sky130_fd_sc_hd__o211ai_2)
     2    0.01    0.15    0.17    1.50 ^ _186_/Y (sky130_fd_sc_hd__o211ai_2)
                                         _084_ (net)
                  0.15    0.00    1.50 ^ _187_/A2 (sky130_fd_sc_hd__a21bo_2)
     9    0.03    0.16    0.25    1.75 ^ _187_/X (sky130_fd_sc_hd__a21bo_2)
                                         _085_ (net)
                  0.16    0.00    1.75 ^ _202_/A (sky130_fd_sc_hd__buf_2)
    10    0.03    0.14    0.22    1.97 ^ _202_/X (sky130_fd_sc_hd__buf_2)
                                         _095_ (net)
                  0.14    0.00    1.97 ^ _255_/C1 (sky130_fd_sc_hd__o211a_1)
     1    0.01    0.07    0.18    2.15 ^ _255_/X (sky130_fd_sc_hd__o211a_1)
                                         _009_ (net)
                  0.07    0.00    2.15 ^ _348_/D (sky130_fd_sc_hd__dfrtp_4)
                                  2.15   data arrival time

                  0.00   10.00   10.00   clock clk (rise edge)
                          0.00   10.00   clock network delay (ideal)
                          0.00   10.00   clock reconvergence pessimism
                                 10.00 ^ _348_/CLK (sky130_fd_sc_hd__dfrtp_4)
                         -0.08    9.92   library setup time
                                  9.92   data required time
-----------------------------------------------------------------------------
                                  9.92   data required time
                                 -2.15   data arrival time
-----------------------------------------------------------------------------
                                  7.78   slack (MET)


Startpoint: _342_ (rising edge-triggered flip-flop clocked by clk)
Endpoint: _337_ (rising edge-triggered flip-flop clocked by clk)
Path Group: clk
Path Type: max

Fanout     Cap    Slew   Delay    Time   Description
-----------------------------------------------------------------------------
                  0.00    0.00    0.00   clock clk (rise edge)
                          0.00    0.00   clock network delay (ideal)
                  0.00    0.00    0.00 ^ _342_/CLK (sky130_fd_sc_hd__dfrtp_2)
     5    0.02    0.08    0.42    0.42 v _342_/Q (sky130_fd_sc_hd__dfrtp_2)
                                         one_second_counter[12] (net)
                  0.08    0.00    0.42 v _180_/C (sky130_fd_sc_hd__and4_1)
     2    0.01    0.05    0.21    0.63 v _180_/X (sky130_fd_sc_hd__and4_1)
                                         _078_ (net)
                  0.05    0.00    0.63 v _181_/D (sky130_fd_sc_hd__or4_1)
     1    0.00    0.10    0.42    1.05 v _181_/X (sky130_fd_sc_hd__or4_1)
                                         _079_ (net)
                  0.10    0.00    1.05 v _184_/A3 (sky130_fd_sc_hd__o31a_1)
     1    0.01    0.07    0.29    1.33 v _184_/X (sky130_fd_sc_hd__o31a_1)
                                         _082_ (net)
                  0.07    0.00    1.33 v _186_/A2 (sky130_fd_sc_hd__o211ai_2)
     2    0.01    0.15    0.17    1.50 ^ _186_/Y (sky130_fd_sc_hd__o211ai_2)
                                         _084_ (net)
                  0.15    0.00    1.50 ^ _187_/A2 (sky130_fd_sc_hd__a21bo_2)
     9    0.03    0.16    0.25    1.75 ^ _187_/X (sky130_fd_sc_hd__a21bo_2)
                                         _085_ (net)
                  0.16    0.00    1.75 ^ _188_/A (sky130_fd_sc_hd__inv_2)
     2    0.01    0.05    0.06    1.81 v _188_/Y (sky130_fd_sc_hd__inv_2)
                                         _086_ (net)
                  0.05    0.00    1.81 v _215_/B1 (sky130_fd_sc_hd__a211oi_1)
     1    0.01    0.28    0.29    2.10 ^ _215_/Y (sky130_fd_sc_hd__a211oi_1)
                                         _024_ (net)
                  0.28    0.00    2.10 ^ _337_/D (sky130_fd_sc_hd__dfrtp_1)
                                  2.10   data arrival time

                  0.00   10.00   10.00   clock clk (rise edge)
                          0.00   10.00   clock network delay (ideal)
                          0.00   10.00   clock reconvergence pessimism
                                 10.00 ^ _337_/CLK (sky130_fd_sc_hd__dfrtp_1)
                         -0.12    9.88   library setup time
                                  9.88   data required time
-----------------------------------------------------------------------------
                                  9.88   data required time
                                 -2.10   data arrival time
-----------------------------------------------------------------------------
                                  7.78   slack (MET)


Startpoint: _342_ (rising edge-triggered flip-flop clocked by clk)
Endpoint: _356_ (rising edge-triggered flip-flop clocked by clk)
Path Group: clk
Path Type: max

Fanout     Cap    Slew   Delay    Time   Description
-----------------------------------------------------------------------------
                  0.00    0.00    0.00   clock clk (rise edge)
                          0.00    0.00   clock network delay (ideal)
                  0.00    0.00    0.00 ^ _342_/CLK (sky130_fd_sc_hd__dfrtp_2)
     5    0.02    0.08    0.42    0.42 v _342_/Q (sky130_fd_sc_hd__dfrtp_2)
                                         one_second_counter[12] (net)
                  0.08    0.00    0.42 v _180_/C (sky130_fd_sc_hd__and4_1)
     2    0.01    0.05    0.21    0.63 v _180_/X (sky130_fd_sc_hd__and4_1)
                                         _078_ (net)
                  0.05    0.00    0.63 v _181_/D (sky130_fd_sc_hd__or4_1)
     1    0.00    0.10    0.42    1.05 v _181_/X (sky130_fd_sc_hd__or4_1)
                                         _079_ (net)
                  0.10    0.00    1.05 v _184_/A3 (sky130_fd_sc_hd__o31a_1)
     1    0.01    0.07    0.29    1.33 v _184_/X (sky130_fd_sc_hd__o31a_1)
                                         _082_ (net)
                  0.07    0.00    1.33 v _186_/A2 (sky130_fd_sc_hd__o211ai_2)
     2    0.01    0.15    0.17    1.50 ^ _186_/Y (sky130_fd_sc_hd__o211ai_2)
                                         _084_ (net)
                  0.15    0.00    1.50 ^ _187_/A2 (sky130_fd_sc_hd__a21bo_2)
     9    0.03    0.16    0.25    1.75 ^ _187_/X (sky130_fd_sc_hd__a21bo_2)
                                         _085_ (net)
                  0.16    0.00    1.75 ^ _202_/A (sky130_fd_sc_hd__buf_2)
    10    0.03    0.14    0.22    1.97 ^ _202_/X (sky130_fd_sc_hd__buf_2)
                                         _095_ (net)
                  0.14    0.00    1.97 ^ _284_/B1 (sky130_fd_sc_hd__o211a_1)
     1    0.00    0.05    0.17    2.14 ^ _284_/X (sky130_fd_sc_hd__o211a_1)
                                         _018_ (net)
                  0.05    0.00    2.14 ^ _356_/D (sky130_fd_sc_hd__dfrtp_1)
                                  2.14   data arrival time

                  0.00   10.00   10.00   clock clk (rise edge)
                          0.00   10.00   clock network delay (ideal)
                          0.00   10.00   clock reconvergence pessimism
                                 10.00 ^ _356_/CLK (sky130_fd_sc_hd__dfrtp_1)
                         -0.07    9.93   library setup time
                                  9.93   data required time
-----------------------------------------------------------------------------
                                  9.93   data required time
                                 -2.14   data arrival time
-----------------------------------------------------------------------------
                                  7.79   slack (MET)


Startpoint: _342_ (rising edge-triggered flip-flop clocked by clk)
Endpoint: _357_ (rising edge-triggered flip-flop clocked by clk)
Path Group: clk
Path Type: max

Fanout     Cap    Slew   Delay    Time   Description
-----------------------------------------------------------------------------
                  0.00    0.00    0.00   clock clk (rise edge)
                          0.00    0.00   clock network delay (ideal)
                  0.00    0.00    0.00 ^ _342_/CLK (sky130_fd_sc_hd__dfrtp_2)
     5    0.02    0.08    0.42    0.42 v _342_/Q (sky130_fd_sc_hd__dfrtp_2)
                                         one_second_counter[12] (net)
                  0.08    0.00    0.42 v _180_/C (sky130_fd_sc_hd__and4_1)
     2    0.01    0.05    0.21    0.63 v _180_/X (sky130_fd_sc_hd__and4_1)
                                         _078_ (net)
                  0.05    0.00    0.63 v _181_/D (sky130_fd_sc_hd__or4_1)
     1    0.00    0.10    0.42    1.05 v _181_/X (sky130_fd_sc_hd__or4_1)
                                         _079_ (net)
                  0.10    0.00    1.05 v _184_/A3 (sky130_fd_sc_hd__o31a_1)
     1    0.01    0.07    0.29    1.33 v _184_/X (sky130_fd_sc_hd__o31a_1)
                                         _082_ (net)
                  0.07    0.00    1.33 v _186_/A2 (sky130_fd_sc_hd__o211ai_2)
     2    0.01    0.15    0.17    1.50 ^ _186_/Y (sky130_fd_sc_hd__o211ai_2)
                                         _084_ (net)
                  0.15    0.00    1.50 ^ _187_/A2 (sky130_fd_sc_hd__a21bo_2)
     9    0.03    0.16    0.25    1.75 ^ _187_/X (sky130_fd_sc_hd__a21bo_2)
                                         _085_ (net)
                  0.16    0.00    1.75 ^ _188_/A (sky130_fd_sc_hd__inv_2)
     2    0.01    0.05    0.06    1.81 v _188_/Y (sky130_fd_sc_hd__inv_2)
                                         _086_ (net)
                  0.05    0.00    1.81 v _189_/A (sky130_fd_sc_hd__clkbuf_4)
    10    0.04    0.08    0.19    2.00 v _189_/X (sky130_fd_sc_hd__clkbuf_4)
                                         _027_ (net)
                  0.08    0.00    2.00 v _357_/D (sky130_fd_sc_hd__dfrtp_2)
                                  2.00   data arrival time

                  0.00   10.00   10.00   clock clk (rise edge)
                          0.00   10.00   clock network delay (ideal)
                          0.00   10.00   clock reconvergence pessimism
                                 10.00 ^ _357_/CLK (sky130_fd_sc_hd__dfrtp_2)
                         -0.14    9.86   library setup time
                                  9.86   data required time
-----------------------------------------------------------------------------
                                  9.86   data required time
                                 -2.00   data arrival time
-----------------------------------------------------------------------------
                                  7.85   slack (MET)


Startpoint: _342_ (rising edge-triggered flip-flop clocked by clk)
Endpoint: _338_ (rising edge-triggered flip-flop clocked by clk)
Path Group: clk
Path Type: max

Fanout     Cap    Slew   Delay    Time   Description
-----------------------------------------------------------------------------
                  0.00    0.00    0.00   clock clk (rise edge)
                          0.00    0.00   clock network delay (ideal)
                  0.00    0.00    0.00 ^ _342_/CLK (sky130_fd_sc_hd__dfrtp_2)
     5    0.02    0.08    0.42    0.42 v _342_/Q (sky130_fd_sc_hd__dfrtp_2)
                                         one_second_counter[12] (net)
                  0.08    0.00    0.42 v _180_/C (sky130_fd_sc_hd__and4_1)
     2    0.01    0.05    0.21    0.63 v _180_/X (sky130_fd_sc_hd__and4_1)
                                         _078_ (net)
                  0.05    0.00    0.63 v _181_/D (sky130_fd_sc_hd__or4_1)
     1    0.00    0.10    0.42    1.05 v _181_/X (sky130_fd_sc_hd__or4_1)
                                         _079_ (net)
                  0.10    0.00    1.05 v _184_/A3 (sky130_fd_sc_hd__o31a_1)
     1    0.01    0.07    0.29    1.33 v _184_/X (sky130_fd_sc_hd__o31a_1)
                                         _082_ (net)
                  0.07    0.00    1.33 v _186_/A2 (sky130_fd_sc_hd__o211ai_2)
     2    0.01    0.15    0.17    1.50 ^ _186_/Y (sky130_fd_sc_hd__o211ai_2)
                                         _084_ (net)
                  0.15    0.00    1.50 ^ _187_/A2 (sky130_fd_sc_hd__a21bo_2)
     9    0.03    0.16    0.25    1.75 ^ _187_/X (sky130_fd_sc_hd__a21bo_2)
                                         _085_ (net)
                  0.16    0.00    1.75 ^ _218_/B (sky130_fd_sc_hd__and3_1)
     1    0.01    0.09    0.20    1.95 ^ _218_/X (sky130_fd_sc_hd__and3_1)
                                         _107_ (net)
                  0.09    0.00    1.95 ^ _219_/A (sky130_fd_sc_hd__clkbuf_1)
     1    0.01    0.07    0.11    2.07 ^ _219_/X (sky130_fd_sc_hd__clkbuf_1)
                                         _025_ (net)
                  0.07    0.00    2.07 ^ _338_/D (sky130_fd_sc_hd__dfrtp_2)
                                  2.07   data arrival time

                  0.00   10.00   10.00   clock clk (rise edge)
                          0.00   10.00   clock network delay (ideal)
                          0.00   10.00   clock reconvergence pessimism
                                 10.00 ^ _338_/CLK (sky130_fd_sc_hd__dfrtp_2)
                         -0.08    9.92   library setup time
                                  9.92   data required time
-----------------------------------------------------------------------------
                                  9.92   data required time
                                 -2.07   data arrival time
-----------------------------------------------------------------------------
                                  7.86   slack (MET)


Startpoint: _342_ (rising edge-triggered flip-flop clocked by clk)
Endpoint: _333_ (rising edge-triggered flip-flop clocked by clk)
Path Group: clk
Path Type: max

Fanout     Cap    Slew   Delay    Time   Description
-----------------------------------------------------------------------------
                  0.00    0.00    0.00   clock clk (rise edge)
                          0.00    0.00   clock network delay (ideal)
                  0.00    0.00    0.00 ^ _342_/CLK (sky130_fd_sc_hd__dfrtp_2)
     5    0.02    0.08    0.42    0.42 v _342_/Q (sky130_fd_sc_hd__dfrtp_2)
                                         one_second_counter[12] (net)
                  0.08    0.00    0.42 v _180_/C (sky130_fd_sc_hd__and4_1)
     2    0.01    0.05    0.21    0.63 v _180_/X (sky130_fd_sc_hd__and4_1)
                                         _078_ (net)
                  0.05    0.00    0.63 v _181_/D (sky130_fd_sc_hd__or4_1)
     1    0.00    0.10    0.42    1.05 v _181_/X (sky130_fd_sc_hd__or4_1)
                                         _079_ (net)
                  0.10    0.00    1.05 v _184_/A3 (sky130_fd_sc_hd__o31a_1)
     1    0.01    0.07    0.29    1.33 v _184_/X (sky130_fd_sc_hd__o31a_1)
                                         _082_ (net)
                  0.07    0.00    1.33 v _186_/A2 (sky130_fd_sc_hd__o211ai_2)
     2    0.01    0.15    0.17    1.50 ^ _186_/Y (sky130_fd_sc_hd__o211ai_2)
                                         _084_ (net)
                  0.15    0.00    1.50 ^ _187_/A2 (sky130_fd_sc_hd__a21bo_2)
     9    0.03    0.16    0.25    1.75 ^ _187_/X (sky130_fd_sc_hd__a21bo_2)
                                         _085_ (net)
                  0.16    0.00    1.75 ^ _200_/B (sky130_fd_sc_hd__and3b_1)
     1    0.01    0.08    0.20    1.95 ^ _200_/X (sky130_fd_sc_hd__and3b_1)
                                         _094_ (net)
                  0.08    0.00    1.95 ^ _201_/A (sky130_fd_sc_hd__clkbuf_1)
     1    0.01    0.08    0.12    2.06 ^ _201_/X (sky130_fd_sc_hd__clkbuf_1)
                                         _020_ (net)
                  0.08    0.00    2.06 ^ _333_/D (sky130_fd_sc_hd__dfrtp_1)
                                  2.06   data arrival time

                  0.00   10.00   10.00   clock clk (rise edge)
                          0.00   10.00   clock network delay (ideal)
                          0.00   10.00   clock reconvergence pessimism
                                 10.00 ^ _333_/CLK (sky130_fd_sc_hd__dfrtp_1)
                         -0.07    9.93   library setup time
                                  9.93   data required time
-----------------------------------------------------------------------------
                                  9.93   data required time
                                 -2.06   data arrival time
-----------------------------------------------------------------------------
                                  7.86   slack (MET)


Startpoint: _342_ (rising edge-triggered flip-flop clocked by clk)
Endpoint: _331_ (rising edge-triggered flip-flop clocked by clk)
Path Group: clk
Path Type: max

Fanout     Cap    Slew   Delay    Time   Description
-----------------------------------------------------------------------------
                  0.00    0.00    0.00   clock clk (rise edge)
                          0.00    0.00   clock network delay (ideal)
                  0.00    0.00    0.00 ^ _342_/CLK (sky130_fd_sc_hd__dfrtp_2)
     5    0.02    0.08    0.42    0.42 v _342_/Q (sky130_fd_sc_hd__dfrtp_2)
                                         one_second_counter[12] (net)
                  0.08    0.00    0.42 v _180_/C (sky130_fd_sc_hd__and4_1)
     2    0.01    0.05    0.21    0.63 v _180_/X (sky130_fd_sc_hd__and4_1)
                                         _078_ (net)
                  0.05    0.00    0.63 v _181_/D (sky130_fd_sc_hd__or4_1)
     1    0.00    0.10    0.42    1.05 v _181_/X (sky130_fd_sc_hd__or4_1)
                                         _079_ (net)
                  0.10    0.00    1.05 v _184_/A3 (sky130_fd_sc_hd__o31a_1)
     1    0.01    0.07    0.29    1.33 v _184_/X (sky130_fd_sc_hd__o31a_1)
                                         _082_ (net)
                  0.07    0.00    1.33 v _186_/A2 (sky130_fd_sc_hd__o211ai_2)
     2    0.01    0.15    0.17    1.50 ^ _186_/Y (sky130_fd_sc_hd__o211ai_2)
                                         _084_ (net)
                  0.15    0.00    1.50 ^ _187_/A2 (sky130_fd_sc_hd__a21bo_2)
     9    0.03    0.16    0.25    1.75 ^ _187_/X (sky130_fd_sc_hd__a21bo_2)
                                         _085_ (net)
                  0.16    0.00    1.75 ^ _193_/B (sky130_fd_sc_hd__and3_1)
     1    0.00    0.06    0.19    1.93 ^ _193_/X (sky130_fd_sc_hd__and3_1)
                                         _089_ (net)
                  0.06    0.00    1.93 ^ _194_/A (sky130_fd_sc_hd__clkbuf_1)
     1    0.01    0.07    0.11    2.04 ^ _194_/X (sky130_fd_sc_hd__clkbuf_1)
                                         _011_ (net)
                  0.07    0.00    2.04 ^ _331_/D (sky130_fd_sc_hd__dfrtp_2)
                                  2.04   data arrival time

                  0.00   10.00   10.00   clock clk (rise edge)
                          0.00   10.00   clock network delay (ideal)
                          0.00   10.00   clock reconvergence pessimism
                                 10.00 ^ _331_/CLK (sky130_fd_sc_hd__dfrtp_2)
                         -0.08    9.92   library setup time
                                  9.92   data required time
-----------------------------------------------------------------------------
                                  9.92   data required time
                                 -2.04   data arrival time
-----------------------------------------------------------------------------
                                  7.88   slack (MET)


Startpoint: _342_ (rising edge-triggered flip-flop clocked by clk)
Endpoint: _332_ (rising edge-triggered flip-flop clocked by clk)
Path Group: clk
Path Type: max

Fanout     Cap    Slew   Delay    Time   Description
-----------------------------------------------------------------------------
                  0.00    0.00    0.00   clock clk (rise edge)
                          0.00    0.00   clock network delay (ideal)
                  0.00    0.00    0.00 ^ _342_/CLK (sky130_fd_sc_hd__dfrtp_2)
     5    0.02    0.08    0.42    0.42 v _342_/Q (sky130_fd_sc_hd__dfrtp_2)
                                         one_second_counter[12] (net)
                  0.08    0.00    0.42 v _180_/C (sky130_fd_sc_hd__and4_1)
     2    0.01    0.05    0.21    0.63 v _180_/X (sky130_fd_sc_hd__and4_1)
                                         _078_ (net)
                  0.05    0.00    0.63 v _181_/D (sky130_fd_sc_hd__or4_1)
     1    0.00    0.10    0.42    1.05 v _181_/X (sky130_fd_sc_hd__or4_1)
                                         _079_ (net)
                  0.10    0.00    1.05 v _184_/A3 (sky130_fd_sc_hd__o31a_1)
     1    0.01    0.07    0.29    1.33 v _184_/X (sky130_fd_sc_hd__o31a_1)
                                         _082_ (net)
                  0.07    0.00    1.33 v _186_/A2 (sky130_fd_sc_hd__o211ai_2)
     2    0.01    0.15    0.17    1.50 ^ _186_/Y (sky130_fd_sc_hd__o211ai_2)
                                         _084_ (net)
                  0.15    0.00    1.50 ^ _187_/A2 (sky130_fd_sc_hd__a21bo_2)
     9    0.03    0.16    0.25    1.75 ^ _187_/X (sky130_fd_sc_hd__a21bo_2)
                                         _085_ (net)
                  0.16    0.00    1.75 ^ _197_/B (sky130_fd_sc_hd__and3_1)
     1    0.00    0.07    0.19    1.94 ^ _197_/X (sky130_fd_sc_hd__and3_1)
                                         _092_ (net)
                  0.07    0.00    1.94 ^ _198_/A (sky130_fd_sc_hd__clkbuf_1)
     1    0.00    0.06    0.10    2.03 ^ _198_/X (sky130_fd_sc_hd__clkbuf_1)
                                         _019_ (net)
                  0.06    0.00    2.03 ^ _332_/D (sky130_fd_sc_hd__dfrtp_1)
                                  2.03   data arrival time

                  0.00   10.00   10.00   clock clk (rise edge)
                          0.00   10.00   clock network delay (ideal)
                          0.00   10.00   clock reconvergence pessimism
                                 10.00 ^ _332_/CLK (sky130_fd_sc_hd__dfrtp_1)
                         -0.07    9.93   library setup time
                                  9.93   data required time
-----------------------------------------------------------------------------
                                  9.93   data required time
                                 -2.03   data arrival time
-----------------------------------------------------------------------------
                                  7.90   slack (MET)


Startpoint: _361_ (rising edge-triggered flip-flop clocked by clk)
Endpoint: _360_ (rising edge-triggered flip-flop clocked by clk)
Path Group: clk
Path Type: max

Fanout     Cap    Slew   Delay    Time   Description
-----------------------------------------------------------------------------
                  0.00    0.00    0.00   clock clk (rise edge)
                          0.00    0.00   clock network delay (ideal)
                  0.00    0.00    0.00 ^ _361_/CLK (sky130_fd_sc_hd__dfrtp_4)
     6    0.03    0.09    0.50    0.50 v _361_/Q (sky130_fd_sc_hd__dfrtp_4)
                                         decoder.digit[3] (net)
                  0.09    0.00    0.50 v _165_/A (sky130_fd_sc_hd__nor2_1)
     2    0.01    0.22    0.22    0.72 ^ _165_/Y (sky130_fd_sc_hd__nor2_1)
                                         _066_ (net)
                  0.22    0.00    0.72 ^ _166_/B (sky130_fd_sc_hd__nand2_1)
     3    0.01    0.11    0.15    0.87 v _166_/Y (sky130_fd_sc_hd__nand2_1)
                                         _067_ (net)
                  0.11    0.00    0.87 v _167_/B (sky130_fd_sc_hd__nor2_1)
     3    0.01    0.23    0.22    1.09 ^ _167_/Y (sky130_fd_sc_hd__nor2_1)
                                         _068_ (net)
                  0.23    0.00    1.09 ^ _168_/A2_N (sky130_fd_sc_hd__o2bb2a_1)
     1    0.01    0.07    0.27    1.35 v _168_/X (sky130_fd_sc_hd__o2bb2a_1)
                                         _069_ (net)
                  0.07    0.00    1.35 v _169_/B (sky130_fd_sc_hd__and2_1)
     1    0.01    0.05    0.18    1.53 v _169_/X (sky130_fd_sc_hd__and2_1)
                                         _070_ (net)
                  0.05    0.00    1.53 v _170_/A (sky130_fd_sc_hd__clkbuf_1)
     1    0.01    0.04    0.10    1.64 v _170_/X (sky130_fd_sc_hd__clkbuf_1)
                                         _062_ (net)
                  0.04    0.00    1.64 v _360_/D (sky130_fd_sc_hd__dfrtp_4)
                                  1.64   data arrival time

                  0.00   10.00   10.00   clock clk (rise edge)
                          0.00   10.00   clock network delay (ideal)
                          0.00   10.00   clock reconvergence pessimism
                                 10.00 ^ _360_/CLK (sky130_fd_sc_hd__dfrtp_4)
                         -0.12    9.88   library setup time
                                  9.88   data required time
-----------------------------------------------------------------------------
                                  9.88   data required time
                                 -1.64   data arrival time
-----------------------------------------------------------------------------
                                  8.24   slack (MET)


Startpoint: _361_ (rising edge-triggered flip-flop clocked by clk)
Endpoint: _358_ (rising edge-triggered flip-flop clocked by clk)
Path Group: clk
Path Type: max

Fanout     Cap    Slew   Delay    Time   Description
-----------------------------------------------------------------------------
                  0.00    0.00    0.00   clock clk (rise edge)
                          0.00    0.00   clock network delay (ideal)
                  0.00    0.00    0.00 ^ _361_/CLK (sky130_fd_sc_hd__dfrtp_4)
     6    0.03    0.09    0.50    0.50 v _361_/Q (sky130_fd_sc_hd__dfrtp_4)
                                         decoder.digit[3] (net)
                  0.09    0.00    0.50 v _165_/A (sky130_fd_sc_hd__nor2_1)
     2    0.01    0.22    0.22    0.72 ^ _165_/Y (sky130_fd_sc_hd__nor2_1)
                                         _066_ (net)
                  0.22    0.00    0.72 ^ _166_/B (sky130_fd_sc_hd__nand2_1)
     3    0.01    0.11    0.15    0.87 v _166_/Y (sky130_fd_sc_hd__nand2_1)
                                         _067_ (net)
                  0.11    0.00    0.87 v _173_/A2 (sky130_fd_sc_hd__a21oi_1)
     1    0.01    0.16    0.20    1.07 ^ _173_/Y (sky130_fd_sc_hd__a21oi_1)
                                         _072_ (net)
                  0.16    0.00    1.07 ^ _174_/B1 (sky130_fd_sc_hd__a21oi_1)
     1    0.01    0.06    0.07    1.14 v _174_/Y (sky130_fd_sc_hd__a21oi_1)
                                         _060_ (net)
                  0.06    0.00    1.14 v _358_/D (sky130_fd_sc_hd__dfrtp_4)
                                  1.14   data arrival time

                  0.00   10.00   10.00   clock clk (rise edge)
                          0.00   10.00   clock network delay (ideal)
                          0.00   10.00   clock reconvergence pessimism
                                 10.00 ^ _358_/CLK (sky130_fd_sc_hd__dfrtp_4)
                         -0.13    9.87   library setup time
                                  9.87   data required time
-----------------------------------------------------------------------------
                                  9.87   data required time
                                 -1.14   data arrival time
-----------------------------------------------------------------------------
                                  8.73   slack (MET)


Startpoint: _358_ (rising edge-triggered flip-flop clocked by clk)
Endpoint: _361_ (rising edge-triggered flip-flop clocked by clk)
Path Group: clk
Path Type: max

Fanout     Cap    Slew   Delay    Time   Description
-----------------------------------------------------------------------------
                  0.00    0.00    0.00   clock clk (rise edge)
                          0.00    0.00   clock network delay (ideal)
                  0.00    0.00    0.00 ^ _358_/CLK (sky130_fd_sc_hd__dfrtp_4)
     8    0.03    0.09    0.50    0.50 v _358_/Q (sky130_fd_sc_hd__dfrtp_4)
                                         decoder.digit[0] (net)
                  0.09    0.00    0.50 v _162_/C (sky130_fd_sc_hd__and3_1)
     3    0.02    0.09    0.26    0.76 v _162_/X (sky130_fd_sc_hd__and3_1)
                                         _064_ (net)
                  0.09    0.00    0.76 v _163_/B (sky130_fd_sc_hd__nand2_1)
     2    0.01    0.11    0.13    0.89 ^ _163_/Y (sky130_fd_sc_hd__nand2_1)
                                         _065_ (net)
                  0.11    0.00    0.89 ^ _164_/B (sky130_fd_sc_hd__xnor2_1)
     1    0.01    0.16    0.14    1.04 ^ _164_/Y (sky130_fd_sc_hd__xnor2_1)
                                         _063_ (net)
                  0.16    0.00    1.04 ^ _361_/D (sky130_fd_sc_hd__dfrtp_4)
                                  1.04   data arrival time

                  0.00   10.00   10.00   clock clk (rise edge)
                          0.00   10.00   clock network delay (ideal)
                          0.00   10.00   clock reconvergence pessimism
                                 10.00 ^ _361_/CLK (sky130_fd_sc_hd__dfrtp_4)
                         -0.10    9.90   library setup time
                                  9.90   data required time
-----------------------------------------------------------------------------
                                  9.90   data required time
                                 -1.04   data arrival time
-----------------------------------------------------------------------------
                                  8.87   slack (MET)


Startpoint: _358_ (rising edge-triggered flip-flop clocked by clk)
Endpoint: _359_ (rising edge-triggered flip-flop clocked by clk)
Path Group: clk
Path Type: max

Fanout     Cap    Slew   Delay    Time   Description
-----------------------------------------------------------------------------
                  0.00    0.00    0.00   clock clk (rise edge)
                          0.00    0.00   clock network delay (ideal)
                  0.00    0.00    0.00 ^ _358_/CLK (sky130_fd_sc_hd__dfrtp_4)
     8    0.03    0.09    0.50    0.50 v _358_/Q (sky130_fd_sc_hd__dfrtp_4)
                                         decoder.digit[0] (net)
                  0.09    0.00    0.50 v _162_/C (sky130_fd_sc_hd__and3_1)
     3    0.02    0.09    0.26    0.76 v _162_/X (sky130_fd_sc_hd__and3_1)
                                         _064_ (net)
                  0.09    0.00    0.76 v _172_/A (sky130_fd_sc_hd__nor2_1)
     1    0.01    0.15    0.17    0.93 ^ _172_/Y (sky130_fd_sc_hd__nor2_1)
                                         _061_ (net)
                  0.15    0.00    0.93 ^ _359_/D (sky130_fd_sc_hd__dfrtp_4)
                                  0.93   data arrival time

                  0.00   10.00   10.00   clock clk (rise edge)
                          0.00   10.00   clock network delay (ideal)
                          0.00   10.00   clock reconvergence pessimism
                                 10.00 ^ _359_/CLK (sky130_fd_sc_hd__dfrtp_4)
                         -0.09    9.91   library setup time
                                  9.91   data required time
-----------------------------------------------------------------------------
                                  9.91   data required time
                                 -0.93   data arrival time
-----------------------------------------------------------------------------
                                  8.98   slack (MET)



worst slack corner Typical: 7.6317
