
===========================================================================
report_checks -path_delay max (Setup)
============================================================================
======================= Typical Corner ===================================

Startpoint: _149_ (rising edge-triggered flip-flop clocked by clk)
Endpoint: an[7] (output port clocked by clk)
Path Group: clk
Path Type: max

Fanout     Cap    Slew   Delay    Time   Description
-----------------------------------------------------------------------------
                  0.15    0.00    0.00   clock clk (rise edge)
                          0.00    0.00   clock network delay (ideal)
                  0.15    0.00    0.00 ^ _149_/CLK (sky130_fd_sc_hd__dfxtp_2)
     2    0.04    0.20    0.49    0.49 ^ _149_/Q (sky130_fd_sc_hd__dfxtp_2)
                                         an[7] (net)
                  0.20    0.00    0.49 ^ an[7] (out)
                                  0.49   data arrival time

                  0.15   10.00   10.00   clock clk (rise edge)
                          0.00   10.00   clock network delay (ideal)
                         -0.25    9.75   clock uncertainty
                          0.00    9.75   clock reconvergence pessimism
                         -2.00    7.75   output external delay
                                  7.75   data required time
-----------------------------------------------------------------------------
                                  7.75   data required time
                                 -0.49   data arrival time
-----------------------------------------------------------------------------
                                  7.26   slack (MET)


Startpoint: _146_ (rising edge-triggered flip-flop clocked by clk)
Endpoint: an[0] (output port clocked by clk)
Path Group: clk
Path Type: max

Fanout     Cap    Slew   Delay    Time   Description
-----------------------------------------------------------------------------
                  0.15    0.00    0.00   clock clk (rise edge)
                          0.00    0.00   clock network delay (ideal)
                  0.15    0.00    0.00 ^ _146_/CLK (sky130_fd_sc_hd__dfxtp_2)
     2    0.04    0.19    0.48    0.48 ^ _146_/Q (sky130_fd_sc_hd__dfxtp_2)
                                         an[0] (net)
                  0.19    0.00    0.48 ^ an[0] (out)
                                  0.48   data arrival time

                  0.15   10.00   10.00   clock clk (rise edge)
                          0.00   10.00   clock network delay (ideal)
                         -0.25    9.75   clock uncertainty
                          0.00    9.75   clock reconvergence pessimism
                         -2.00    7.75   output external delay
                                  7.75   data required time
-----------------------------------------------------------------------------
                                  7.75   data required time
                                 -0.48   data arrival time
-----------------------------------------------------------------------------
                                  7.27   slack (MET)


Startpoint: _144_ (rising edge-triggered flip-flop clocked by clk)
Endpoint: an[1] (output port clocked by clk)
Path Group: clk
Path Type: max

Fanout     Cap    Slew   Delay    Time   Description
-----------------------------------------------------------------------------
                  0.15    0.00    0.00   clock clk (rise edge)
                          0.00    0.00   clock network delay (ideal)
                  0.15    0.00    0.00 ^ _144_/CLK (sky130_fd_sc_hd__dfxtp_2)
     2    0.04    0.19    0.48    0.48 ^ _144_/Q (sky130_fd_sc_hd__dfxtp_2)
                                         an[1] (net)
                  0.19    0.00    0.48 ^ an[1] (out)
                                  0.48   data arrival time

                  0.15   10.00   10.00   clock clk (rise edge)
                          0.00   10.00   clock network delay (ideal)
                         -0.25    9.75   clock uncertainty
                          0.00    9.75   clock reconvergence pessimism
                         -2.00    7.75   output external delay
                                  7.75   data required time
-----------------------------------------------------------------------------
                                  7.75   data required time
                                 -0.48   data arrival time
-----------------------------------------------------------------------------
                                  7.27   slack (MET)


Startpoint: _145_ (rising edge-triggered flip-flop clocked by clk)
Endpoint: an[2] (output port clocked by clk)
Path Group: clk
Path Type: max

Fanout     Cap    Slew   Delay    Time   Description
-----------------------------------------------------------------------------
                  0.15    0.00    0.00   clock clk (rise edge)
                          0.00    0.00   clock network delay (ideal)
                  0.15    0.00    0.00 ^ _145_/CLK (sky130_fd_sc_hd__dfxtp_2)
     2    0.04    0.19    0.48    0.48 ^ _145_/Q (sky130_fd_sc_hd__dfxtp_2)
                                         an[2] (net)
                  0.19    0.00    0.48 ^ an[2] (out)
                                  0.48   data arrival time

                  0.15   10.00   10.00   clock clk (rise edge)
                          0.00   10.00   clock network delay (ideal)
                         -0.25    9.75   clock uncertainty
                          0.00    9.75   clock reconvergence pessimism
                         -2.00    7.75   output external delay
                                  7.75   data required time
-----------------------------------------------------------------------------
                                  7.75   data required time
                                 -0.48   data arrival time
-----------------------------------------------------------------------------
                                  7.27   slack (MET)


Startpoint: _148_ (rising edge-triggered flip-flop clocked by clk)
Endpoint: an[5] (output port clocked by clk)
Path Group: clk
Path Type: max

Fanout     Cap    Slew   Delay    Time   Description
-----------------------------------------------------------------------------
                  0.15    0.00    0.00   clock clk (rise edge)
                          0.00    0.00   clock network delay (ideal)
                  0.15    0.00    0.00 ^ _148_/CLK (sky130_fd_sc_hd__dfxtp_2)
     2    0.04    0.19    0.48    0.48 ^ _148_/Q (sky130_fd_sc_hd__dfxtp_2)
                                         an[5] (net)
                  0.19    0.00    0.48 ^ an[5] (out)
                                  0.48   data arrival time

                  0.15   10.00   10.00   clock clk (rise edge)
                          0.00   10.00   clock network delay (ideal)
                         -0.25    9.75   clock uncertainty
                          0.00    9.75   clock reconvergence pessimism
                         -2.00    7.75   output external delay
                                  7.75   data required time
-----------------------------------------------------------------------------
                                  7.75   data required time
                                 -0.48   data arrival time
-----------------------------------------------------------------------------
                                  7.27   slack (MET)


Startpoint: _150_ (rising edge-triggered flip-flop clocked by clk)
Endpoint: an[6] (output port clocked by clk)
Path Group: clk
Path Type: max

Fanout     Cap    Slew   Delay    Time   Description
-----------------------------------------------------------------------------
                  0.15    0.00    0.00   clock clk (rise edge)
                          0.00    0.00   clock network delay (ideal)
                  0.15    0.00    0.00 ^ _150_/CLK (sky130_fd_sc_hd__dfxtp_2)
     2    0.04    0.19    0.48    0.48 ^ _150_/Q (sky130_fd_sc_hd__dfxtp_2)
                                         an[6] (net)
                  0.19    0.00    0.48 ^ an[6] (out)
                                  0.48   data arrival time

                  0.15   10.00   10.00   clock clk (rise edge)
                          0.00   10.00   clock network delay (ideal)
                         -0.25    9.75   clock uncertainty
                          0.00    9.75   clock reconvergence pessimism
                         -2.00    7.75   output external delay
                                  7.75   data required time
-----------------------------------------------------------------------------
                                  7.75   data required time
                                 -0.48   data arrival time
-----------------------------------------------------------------------------
                                  7.27   slack (MET)


Startpoint: _151_ (rising edge-triggered flip-flop clocked by clk)
Endpoint: an[3] (output port clocked by clk)
Path Group: clk
Path Type: max

Fanout     Cap    Slew   Delay    Time   Description
-----------------------------------------------------------------------------
                  0.15    0.00    0.00   clock clk (rise edge)
                          0.00    0.00   clock network delay (ideal)
                  0.15    0.00    0.00 ^ _151_/CLK (sky130_fd_sc_hd__dfxtp_2)
     2    0.04    0.19    0.48    0.48 ^ _151_/Q (sky130_fd_sc_hd__dfxtp_2)
                                         an[3] (net)
                  0.19    0.00    0.48 ^ an[3] (out)
                                  0.48   data arrival time

                  0.15   10.00   10.00   clock clk (rise edge)
                          0.00   10.00   clock network delay (ideal)
                         -0.25    9.75   clock uncertainty
                          0.00    9.75   clock reconvergence pessimism
                         -2.00    7.75   output external delay
                                  7.75   data required time
-----------------------------------------------------------------------------
                                  7.75   data required time
                                 -0.48   data arrival time
-----------------------------------------------------------------------------
                                  7.27   slack (MET)


Startpoint: _147_ (rising edge-triggered flip-flop clocked by clk)
Endpoint: an[4] (output port clocked by clk)
Path Group: clk
Path Type: max

Fanout     Cap    Slew   Delay    Time   Description
-----------------------------------------------------------------------------
                  0.15    0.00    0.00   clock clk (rise edge)
                          0.00    0.00   clock network delay (ideal)
                  0.15    0.00    0.00 ^ _147_/CLK (sky130_fd_sc_hd__dfxtp_2)
     2    0.04    0.19    0.48    0.48 ^ _147_/Q (sky130_fd_sc_hd__dfxtp_2)
                                         an[4] (net)
                  0.19    0.00    0.48 ^ an[4] (out)
                                  0.48   data arrival time

                  0.15   10.00   10.00   clock clk (rise edge)
                          0.00   10.00   clock network delay (ideal)
                         -0.25    9.75   clock uncertainty
                          0.00    9.75   clock reconvergence pessimism
                         -2.00    7.75   output external delay
                                  7.75   data required time
-----------------------------------------------------------------------------
                                  7.75   data required time
                                 -0.48   data arrival time
-----------------------------------------------------------------------------
                                  7.27   slack (MET)


Startpoint: _128_ (rising edge-triggered flip-flop clocked by clk)
Endpoint: cx[1] (output port clocked by clk)
Path Group: clk
Path Type: max

Fanout     Cap    Slew   Delay    Time   Description
-----------------------------------------------------------------------------
                  0.15    0.00    0.00   clock clk (rise edge)
                          0.00    0.00   clock network delay (ideal)
                  0.15    0.00    0.00 ^ _128_/CLK (sky130_fd_sc_hd__dfxtp_2)
     1    0.03    0.18    0.47    0.47 ^ _128_/Q (sky130_fd_sc_hd__dfxtp_2)
                                         cx[1] (net)
                  0.18    0.00    0.47 ^ cx[1] (out)
                                  0.47   data arrival time

                  0.15   10.00   10.00   clock clk (rise edge)
                          0.00   10.00   clock network delay (ideal)
                         -0.25    9.75   clock uncertainty
                          0.00    9.75   clock reconvergence pessimism
                         -2.00    7.75   output external delay
                                  7.75   data required time
-----------------------------------------------------------------------------
                                  7.75   data required time
                                 -0.47   data arrival time
-----------------------------------------------------------------------------
                                  7.28   slack (MET)


Startpoint: _129_ (rising edge-triggered flip-flop clocked by clk)
Endpoint: cx[2] (output port clocked by clk)
Path Group: clk
Path Type: max

Fanout     Cap    Slew   Delay    Time   Description
-----------------------------------------------------------------------------
                  0.15    0.00    0.00   clock clk (rise edge)
                          0.00    0.00   clock network delay (ideal)
                  0.15    0.00    0.00 ^ _129_/CLK (sky130_fd_sc_hd__dfxtp_2)
     1    0.03    0.18    0.47    0.47 ^ _129_/Q (sky130_fd_sc_hd__dfxtp_2)
                                         cx[2] (net)
                  0.18    0.00    0.47 ^ cx[2] (out)
                                  0.47   data arrival time

                  0.15   10.00   10.00   clock clk (rise edge)
                          0.00   10.00   clock network delay (ideal)
                         -0.25    9.75   clock uncertainty
                          0.00    9.75   clock reconvergence pessimism
                         -2.00    7.75   output external delay
                                  7.75   data required time
-----------------------------------------------------------------------------
                                  7.75   data required time
                                 -0.47   data arrival time
-----------------------------------------------------------------------------
                                  7.28   slack (MET)


Startpoint: _130_ (rising edge-triggered flip-flop clocked by clk)
Endpoint: cx[3] (output port clocked by clk)
Path Group: clk
Path Type: max

Fanout     Cap    Slew   Delay    Time   Description
-----------------------------------------------------------------------------
                  0.15    0.00    0.00   clock clk (rise edge)
                          0.00    0.00   clock network delay (ideal)
                  0.15    0.00    0.00 ^ _130_/CLK (sky130_fd_sc_hd__dfxtp_2)
     1    0.03    0.18    0.47    0.47 ^ _130_/Q (sky130_fd_sc_hd__dfxtp_2)
                                         cx[3] (net)
                  0.18    0.00    0.47 ^ cx[3] (out)
                                  0.47   data arrival time

                  0.15   10.00   10.00   clock clk (rise edge)
                          0.00   10.00   clock network delay (ideal)
                         -0.25    9.75   clock uncertainty
                          0.00    9.75   clock reconvergence pessimism
                         -2.00    7.75   output external delay
                                  7.75   data required time
-----------------------------------------------------------------------------
                                  7.75   data required time
                                 -0.47   data arrival time
-----------------------------------------------------------------------------
                                  7.28   slack (MET)


Startpoint: _131_ (rising edge-triggered flip-flop clocked by clk)
Endpoint: cx[4] (output port clocked by clk)
Path Group: clk
Path Type: max

Fanout     Cap    Slew   Delay    Time   Description
-----------------------------------------------------------------------------
                  0.15    0.00    0.00   clock clk (rise edge)
                          0.00    0.00   clock network delay (ideal)
                  0.15    0.00    0.00 ^ _131_/CLK (sky130_fd_sc_hd__dfxtp_2)
     1    0.03    0.18    0.47    0.47 ^ _131_/Q (sky130_fd_sc_hd__dfxtp_2)
                                         cx[4] (net)
                  0.18    0.00    0.47 ^ cx[4] (out)
                                  0.47   data arrival time

                  0.15   10.00   10.00   clock clk (rise edge)
                          0.00   10.00   clock network delay (ideal)
                         -0.25    9.75   clock uncertainty
                          0.00    9.75   clock reconvergence pessimism
                         -2.00    7.75   output external delay
                                  7.75   data required time
-----------------------------------------------------------------------------
                                  7.75   data required time
                                 -0.47   data arrival time
-----------------------------------------------------------------------------
                                  7.28   slack (MET)


Startpoint: _132_ (rising edge-triggered flip-flop clocked by clk)
Endpoint: cx[5] (output port clocked by clk)
Path Group: clk
Path Type: max

Fanout     Cap    Slew   Delay    Time   Description
-----------------------------------------------------------------------------
                  0.15    0.00    0.00   clock clk (rise edge)
                          0.00    0.00   clock network delay (ideal)
                  0.15    0.00    0.00 ^ _132_/CLK (sky130_fd_sc_hd__dfxtp_2)
     1    0.03    0.18    0.47    0.47 ^ _132_/Q (sky130_fd_sc_hd__dfxtp_2)
                                         cx[5] (net)
                  0.18    0.00    0.47 ^ cx[5] (out)
                                  0.47   data arrival time

                  0.15   10.00   10.00   clock clk (rise edge)
                          0.00   10.00   clock network delay (ideal)
                         -0.25    9.75   clock uncertainty
                          0.00    9.75   clock reconvergence pessimism
                         -2.00    7.75   output external delay
                                  7.75   data required time
-----------------------------------------------------------------------------
                                  7.75   data required time
                                 -0.47   data arrival time
-----------------------------------------------------------------------------
                                  7.28   slack (MET)


Startpoint: _133_ (rising edge-triggered flip-flop clocked by clk)
Endpoint: cx[6] (output port clocked by clk)
Path Group: clk
Path Type: max

Fanout     Cap    Slew   Delay    Time   Description
-----------------------------------------------------------------------------
                  0.15    0.00    0.00   clock clk (rise edge)
                          0.00    0.00   clock network delay (ideal)
                  0.15    0.00    0.00 ^ _133_/CLK (sky130_fd_sc_hd__dfxtp_2)
     1    0.03    0.18    0.47    0.47 ^ _133_/Q (sky130_fd_sc_hd__dfxtp_2)
                                         cx[6] (net)
                  0.18    0.00    0.47 ^ cx[6] (out)
                                  0.47   data arrival time

                  0.15   10.00   10.00   clock clk (rise edge)
                          0.00   10.00   clock network delay (ideal)
                         -0.25    9.75   clock uncertainty
                          0.00    9.75   clock reconvergence pessimism
                         -2.00    7.75   output external delay
                                  7.75   data required time
-----------------------------------------------------------------------------
                                  7.75   data required time
                                 -0.47   data arrival time
-----------------------------------------------------------------------------
                                  7.28   slack (MET)


Startpoint: _134_ (rising edge-triggered flip-flop clocked by clk)
Endpoint: cx[7] (output port clocked by clk)
Path Group: clk
Path Type: max

Fanout     Cap    Slew   Delay    Time   Description
-----------------------------------------------------------------------------
                  0.15    0.00    0.00   clock clk (rise edge)
                          0.00    0.00   clock network delay (ideal)
                  0.15    0.00    0.00 ^ _134_/CLK (sky130_fd_sc_hd__dfxtp_2)
     1    0.03    0.18    0.47    0.47 ^ _134_/Q (sky130_fd_sc_hd__dfxtp_2)
                                         cx[7] (net)
                  0.18    0.00    0.47 ^ cx[7] (out)
                                  0.47   data arrival time

                  0.15   10.00   10.00   clock clk (rise edge)
                          0.00   10.00   clock network delay (ideal)
                         -0.25    9.75   clock uncertainty
                          0.00    9.75   clock reconvergence pessimism
                         -2.00    7.75   output external delay
                                  7.75   data required time
-----------------------------------------------------------------------------
                                  7.75   data required time
                                 -0.47   data arrival time
-----------------------------------------------------------------------------
                                  7.28   slack (MET)


Startpoint: _142_ (rising edge-triggered flip-flop clocked by clk)
Endpoint: _133_ (rising edge-triggered flip-flop clocked by clk)
Path Group: clk
Path Type: max

Fanout     Cap    Slew   Delay    Time   Description
-----------------------------------------------------------------------------
                  0.15    0.00    0.00   clock clk (rise edge)
                          0.00    0.00   clock network delay (ideal)
                  0.15    0.00    0.00 ^ _142_/CLK (sky130_fd_sc_hd__dfxtp_2)
     4    0.01    0.08    0.40    0.40 ^ _142_/Q (sky130_fd_sc_hd__dfxtp_2)
                                         U7.digit_counter[3] (net)
                  0.08    0.00    0.40 ^ _064_/A (sky130_fd_sc_hd__buf_1)
    10    0.04    0.43    0.37    0.77 ^ _064_/X (sky130_fd_sc_hd__buf_1)
                                         _025_ (net)
                  0.43    0.00    0.77 ^ _065_/A (sky130_fd_sc_hd__nand2_2)
     6    0.01    0.13    0.15    0.92 v _065_/Y (sky130_fd_sc_hd__nand2_2)
                                         _026_ (net)
                  0.13    0.00    0.92 v _077_/C1 (sky130_fd_sc_hd__o211a_2)
     3    0.01    0.05    0.17    1.09 v _077_/X (sky130_fd_sc_hd__o211a_2)
                                         _034_ (net)
                  0.05    0.00    1.09 v _093_/A (sky130_fd_sc_hd__or2_2)
     2    0.01    0.07    0.33    1.42 v _093_/X (sky130_fd_sc_hd__or2_2)
                                         _047_ (net)
                  0.07    0.00    1.42 v _100_/B1 (sky130_fd_sc_hd__o22a_2)
     1    0.00    0.03    0.20    1.62 v _100_/X (sky130_fd_sc_hd__o22a_2)
                                         _052_ (net)
                  0.03    0.00    1.62 v _101_/B1_N (sky130_fd_sc_hd__o21ba_2)
     1    0.00    0.03    0.22    1.84 ^ _101_/X (sky130_fd_sc_hd__o21ba_2)
                                         _005_ (net)
                  0.03    0.00    1.84 ^ _133_/D (sky130_fd_sc_hd__dfxtp_2)
                                  1.84   data arrival time

                  0.15   10.00   10.00   clock clk (rise edge)
                          0.00   10.00   clock network delay (ideal)
                         -0.25    9.75   clock uncertainty
                          0.00    9.75   clock reconvergence pessimism
                                  9.75 ^ _133_/CLK (sky130_fd_sc_hd__dfxtp_2)
                         -0.04    9.71   library setup time
                                  9.71   data required time
-----------------------------------------------------------------------------
                                  9.71   data required time
                                 -1.84   data arrival time
-----------------------------------------------------------------------------
                                  7.87   slack (MET)


Startpoint: _142_ (rising edge-triggered flip-flop clocked by clk)
Endpoint: _129_ (rising edge-triggered flip-flop clocked by clk)
Path Group: clk
Path Type: max

Fanout     Cap    Slew   Delay    Time   Description
-----------------------------------------------------------------------------
                  0.15    0.00    0.00   clock clk (rise edge)
                          0.00    0.00   clock network delay (ideal)
                  0.15    0.00    0.00 ^ _142_/CLK (sky130_fd_sc_hd__dfxtp_2)
     4    0.01    0.08    0.40    0.40 ^ _142_/Q (sky130_fd_sc_hd__dfxtp_2)
                                         U7.digit_counter[3] (net)
                  0.08    0.00    0.40 ^ _064_/A (sky130_fd_sc_hd__buf_1)
    10    0.04    0.43    0.37    0.77 ^ _064_/X (sky130_fd_sc_hd__buf_1)
                                         _025_ (net)
                  0.43    0.00    0.77 ^ _065_/A (sky130_fd_sc_hd__nand2_2)
     6    0.01    0.13    0.15    0.92 v _065_/Y (sky130_fd_sc_hd__nand2_2)
                                         _026_ (net)
                  0.13    0.00    0.92 v _077_/C1 (sky130_fd_sc_hd__o211a_2)
     3    0.01    0.05    0.17    1.09 v _077_/X (sky130_fd_sc_hd__o211a_2)
                                         _034_ (net)
                  0.05    0.00    1.09 v _084_/A_N (sky130_fd_sc_hd__and2b_2)
     1    0.00    0.04    0.21    1.30 ^ _084_/X (sky130_fd_sc_hd__and2b_2)
                                         _040_ (net)
                  0.04    0.00    1.30 ^ _085_/S (sky130_fd_sc_hd__mux2_2)
     1    0.00    0.05    0.33    1.63 v _085_/X (sky130_fd_sc_hd__mux2_2)
                                         _041_ (net)
                  0.05    0.00    1.63 v _086_/A (sky130_fd_sc_hd__buf_1)
     1    0.00    0.02    0.09    1.72 v _086_/X (sky130_fd_sc_hd__buf_1)
                                         _001_ (net)
                  0.02    0.00    1.72 v _129_/D (sky130_fd_sc_hd__dfxtp_2)
                                  1.72   data arrival time

                  0.15   10.00   10.00   clock clk (rise edge)
                          0.00   10.00   clock network delay (ideal)
                         -0.25    9.75   clock uncertainty
                          0.00    9.75   clock reconvergence pessimism
                                  9.75 ^ _129_/CLK (sky130_fd_sc_hd__dfxtp_2)
                         -0.08    9.67   library setup time
                                  9.67   data required time
-----------------------------------------------------------------------------
                                  9.67   data required time
                                 -1.72   data arrival time
-----------------------------------------------------------------------------
                                  7.95   slack (MET)


Startpoint: _142_ (rising edge-triggered flip-flop clocked by clk)
Endpoint: _134_ (rising edge-triggered flip-flop clocked by clk)
Path Group: clk
Path Type: max

Fanout     Cap    Slew   Delay    Time   Description
-----------------------------------------------------------------------------
                  0.15    0.00    0.00   clock clk (rise edge)
                          0.00    0.00   clock network delay (ideal)
                  0.15    0.00    0.00 ^ _142_/CLK (sky130_fd_sc_hd__dfxtp_2)
     4    0.01    0.08    0.40    0.40 ^ _142_/Q (sky130_fd_sc_hd__dfxtp_2)
                                         U7.digit_counter[3] (net)
                  0.08    0.00    0.40 ^ _064_/A (sky130_fd_sc_hd__buf_1)
    10    0.04    0.43    0.37    0.77 ^ _064_/X (sky130_fd_sc_hd__buf_1)
                                         _025_ (net)
                  0.43    0.00    0.77 ^ _069_/A1 (sky130_fd_sc_hd__o21ai_2)
     8    0.02    0.12    0.18    0.95 v _069_/Y (sky130_fd_sc_hd__o21ai_2)
                                         _007_ (net)
                  0.12    0.00    0.95 v _088_/B (sky130_fd_sc_hd__and3_2)
     2    0.00    0.04    0.23    1.18 v _088_/X (sky130_fd_sc_hd__and3_2)
                                         _043_ (net)
                  0.04    0.00    1.18 v _102_/B (sky130_fd_sc_hd__or2_2)
     1    0.00    0.05    0.27    1.45 v _102_/X (sky130_fd_sc_hd__or2_2)
                                         _053_ (net)
                  0.05    0.00    1.45 v _104_/A2 (sky130_fd_sc_hd__a22o_2)
     1    0.00    0.04    0.26    1.71 v _104_/X (sky130_fd_sc_hd__a22o_2)
                                         _006_ (net)
                  0.04    0.00    1.71 v _134_/D (sky130_fd_sc_hd__dfxtp_2)
                                  1.71   data arrival time

                  0.15   10.00   10.00   clock clk (rise edge)
                          0.00   10.00   clock network delay (ideal)
                         -0.25    9.75   clock uncertainty
                          0.00    9.75   clock reconvergence pessimism
                                  9.75 ^ _134_/CLK (sky130_fd_sc_hd__dfxtp_2)
                         -0.08    9.67   library setup time
                                  9.67   data required time
-----------------------------------------------------------------------------
                                  9.67   data required time
                                 -1.71   data arrival time
-----------------------------------------------------------------------------
                                  7.96   slack (MET)


Startpoint: _142_ (rising edge-triggered flip-flop clocked by clk)
Endpoint: _131_ (rising edge-triggered flip-flop clocked by clk)
Path Group: clk
Path Type: max

Fanout     Cap    Slew   Delay    Time   Description
-----------------------------------------------------------------------------
                  0.15    0.00    0.00   clock clk (rise edge)
                          0.00    0.00   clock network delay (ideal)
                  0.15    0.00    0.00 ^ _142_/CLK (sky130_fd_sc_hd__dfxtp_2)
     4    0.01    0.08    0.40    0.40 ^ _142_/Q (sky130_fd_sc_hd__dfxtp_2)
                                         U7.digit_counter[3] (net)
                  0.08    0.00    0.40 ^ _064_/A (sky130_fd_sc_hd__buf_1)
    10    0.04    0.43    0.37    0.77 ^ _064_/X (sky130_fd_sc_hd__buf_1)
                                         _025_ (net)
                  0.43    0.00    0.77 ^ _065_/A (sky130_fd_sc_hd__nand2_2)
     6    0.01    0.13    0.15    0.92 v _065_/Y (sky130_fd_sc_hd__nand2_2)
                                         _026_ (net)
                  0.13    0.00    0.92 v _077_/C1 (sky130_fd_sc_hd__o211a_2)
     3    0.01    0.05    0.17    1.09 v _077_/X (sky130_fd_sc_hd__o211a_2)
                                         _034_ (net)
                  0.05    0.00    1.09 v _093_/A (sky130_fd_sc_hd__or2_2)
     2    0.01    0.07    0.33    1.42 v _093_/X (sky130_fd_sc_hd__or2_2)
                                         _047_ (net)
                  0.07    0.00    1.42 v _094_/A2 (sky130_fd_sc_hd__a21oi_2)
     1    0.00    0.10    0.15    1.57 ^ _094_/Y (sky130_fd_sc_hd__a21oi_2)
                                         _048_ (net)
                  0.10    0.00    1.57 ^ _095_/B1 (sky130_fd_sc_hd__a21oi_2)
     1    0.00    0.03    0.03    1.60 v _095_/Y (sky130_fd_sc_hd__a21oi_2)
                                         _003_ (net)
                  0.03    0.00    1.60 v _131_/D (sky130_fd_sc_hd__dfxtp_2)
                                  1.60   data arrival time

                  0.15   10.00   10.00   clock clk (rise edge)
                          0.00   10.00   clock network delay (ideal)
                         -0.25    9.75   clock uncertainty
                          0.00    9.75   clock reconvergence pessimism
                                  9.75 ^ _131_/CLK (sky130_fd_sc_hd__dfxtp_2)
                         -0.08    9.67   library setup time
                                  9.67   data required time
-----------------------------------------------------------------------------
                                  9.67   data required time
                                 -1.60   data arrival time
-----------------------------------------------------------------------------
                                  8.06   slack (MET)


Startpoint: _142_ (rising edge-triggered flip-flop clocked by clk)
Endpoint: _132_ (rising edge-triggered flip-flop clocked by clk)
Path Group: clk
Path Type: max

Fanout     Cap    Slew   Delay    Time   Description
-----------------------------------------------------------------------------
                  0.15    0.00    0.00   clock clk (rise edge)
                          0.00    0.00   clock network delay (ideal)
                  0.15    0.00    0.00 ^ _142_/CLK (sky130_fd_sc_hd__dfxtp_2)
     4    0.01    0.08    0.40    0.40 ^ _142_/Q (sky130_fd_sc_hd__dfxtp_2)
                                         U7.digit_counter[3] (net)
                  0.08    0.00    0.40 ^ _064_/A (sky130_fd_sc_hd__buf_1)
    10    0.04    0.43    0.37    0.77 ^ _064_/X (sky130_fd_sc_hd__buf_1)
                                         _025_ (net)
                  0.43    0.00    0.77 ^ _065_/A (sky130_fd_sc_hd__nand2_2)
     6    0.01    0.13    0.15    0.92 v _065_/Y (sky130_fd_sc_hd__nand2_2)
                                         _026_ (net)
                  0.13    0.00    0.92 v _091_/B (sky130_fd_sc_hd__or3_2)
     2    0.01    0.10    0.53    1.45 v _091_/X (sky130_fd_sc_hd__or3_2)
                                         _045_ (net)
                  0.10    0.00    1.45 v _099_/A2 (sky130_fd_sc_hd__a21oi_2)
     1    0.00    0.07    0.14    1.59 ^ _099_/Y (sky130_fd_sc_hd__a21oi_2)
                                         _004_ (net)
                  0.07    0.00    1.59 ^ _132_/D (sky130_fd_sc_hd__dfxtp_2)
                                  1.59   data arrival time

                  0.15   10.00   10.00   clock clk (rise edge)
                          0.00   10.00   clock network delay (ideal)
                         -0.25    9.75   clock uncertainty
                          0.00    9.75   clock reconvergence pessimism
                                  9.75 ^ _132_/CLK (sky130_fd_sc_hd__dfxtp_2)
                         -0.05    9.70   library setup time
                                  9.70   data required time
-----------------------------------------------------------------------------
                                  9.70   data required time
                                 -1.59   data arrival time
-----------------------------------------------------------------------------
                                  8.11   slack (MET)


Startpoint: _142_ (rising edge-triggered flip-flop clocked by clk)
Endpoint: _130_ (rising edge-triggered flip-flop clocked by clk)
Path Group: clk
Path Type: max

Fanout     Cap    Slew   Delay    Time   Description
-----------------------------------------------------------------------------
                  0.15    0.00    0.00   clock clk (rise edge)
                          0.00    0.00   clock network delay (ideal)
                  0.15    0.00    0.00 ^ _142_/CLK (sky130_fd_sc_hd__dfxtp_2)
     4    0.01    0.08    0.40    0.40 ^ _142_/Q (sky130_fd_sc_hd__dfxtp_2)
                                         U7.digit_counter[3] (net)
                  0.08    0.00    0.40 ^ _064_/A (sky130_fd_sc_hd__buf_1)
    10    0.04    0.43    0.37    0.77 ^ _064_/X (sky130_fd_sc_hd__buf_1)
                                         _025_ (net)
                  0.43    0.00    0.77 ^ _069_/A1 (sky130_fd_sc_hd__o21ai_2)
     8    0.02    0.12    0.18    0.95 v _069_/Y (sky130_fd_sc_hd__o21ai_2)
                                         _007_ (net)
                  0.12    0.00    0.95 v _088_/B (sky130_fd_sc_hd__and3_2)
     2    0.00    0.04    0.23    1.18 v _088_/X (sky130_fd_sc_hd__and3_2)
                                         _043_ (net)
                  0.04    0.00    1.18 v _089_/A1 (sky130_fd_sc_hd__mux2_2)
     1    0.00    0.05    0.26    1.44 v _089_/X (sky130_fd_sc_hd__mux2_2)
                                         _044_ (net)
                  0.05    0.00    1.44 v _090_/A (sky130_fd_sc_hd__buf_1)
     1    0.00    0.02    0.09    1.53 v _090_/X (sky130_fd_sc_hd__buf_1)
                                         _002_ (net)
                  0.02    0.00    1.53 v _130_/D (sky130_fd_sc_hd__dfxtp_2)
                                  1.53   data arrival time

                  0.15   10.00   10.00   clock clk (rise edge)
                          0.00   10.00   clock network delay (ideal)
                         -0.25    9.75   clock uncertainty
                          0.00    9.75   clock reconvergence pessimism
                                  9.75 ^ _130_/CLK (sky130_fd_sc_hd__dfxtp_2)
                         -0.08    9.67   library setup time
                                  9.67   data required time
-----------------------------------------------------------------------------
                                  9.67   data required time
                                 -1.53   data arrival time
-----------------------------------------------------------------------------
                                  8.15   slack (MET)


Startpoint: _142_ (rising edge-triggered flip-flop clocked by clk)
Endpoint: _128_ (rising edge-triggered flip-flop clocked by clk)
Path Group: clk
Path Type: max

Fanout     Cap    Slew   Delay    Time   Description
-----------------------------------------------------------------------------
                  0.15    0.00    0.00   clock clk (rise edge)
                          0.00    0.00   clock network delay (ideal)
                  0.15    0.00    0.00 ^ _142_/CLK (sky130_fd_sc_hd__dfxtp_2)
     4    0.01    0.08    0.40    0.40 ^ _142_/Q (sky130_fd_sc_hd__dfxtp_2)
                                         U7.digit_counter[3] (net)
                  0.08    0.00    0.40 ^ _064_/A (sky130_fd_sc_hd__buf_1)
    10    0.04    0.43    0.37    0.77 ^ _064_/X (sky130_fd_sc_hd__buf_1)
                                         _025_ (net)
                  0.43    0.00    0.77 ^ _069_/A1 (sky130_fd_sc_hd__o21ai_2)
     8    0.02    0.12    0.18    0.95 v _069_/Y (sky130_fd_sc_hd__o21ai_2)
                                         _007_ (net)
                  0.12    0.00    0.95 v _074_/A2 (sky130_fd_sc_hd__a21o_2)
     2    0.01    0.05    0.26    1.21 v _074_/X (sky130_fd_sc_hd__a21o_2)
                                         _031_ (net)
                  0.05    0.00    1.21 v _078_/A1 (sky130_fd_sc_hd__a21oi_2)
     1    0.01    0.10    0.13    1.34 ^ _078_/Y (sky130_fd_sc_hd__a21oi_2)
                                         _035_ (net)
                  0.10    0.00    1.34 ^ _082_/A1 (sky130_fd_sc_hd__o21ai_2)
     1    0.00    0.03    0.07    1.41 v _082_/Y (sky130_fd_sc_hd__o21ai_2)
                                         _000_ (net)
                  0.03    0.00    1.41 v _128_/D (sky130_fd_sc_hd__dfxtp_2)
                                  1.41   data arrival time

                  0.15   10.00   10.00   clock clk (rise edge)
                          0.00   10.00   clock network delay (ideal)
                         -0.25    9.75   clock uncertainty
                          0.00    9.75   clock reconvergence pessimism
                                  9.75 ^ _128_/CLK (sky130_fd_sc_hd__dfxtp_2)
                         -0.08    9.67   library setup time
                                  9.67   data required time
-----------------------------------------------------------------------------
                                  9.67   data required time
                                 -1.41   data arrival time
-----------------------------------------------------------------------------
                                  8.26   slack (MET)


Startpoint: _142_ (rising edge-triggered flip-flop clocked by clk)
Endpoint: _146_ (rising edge-triggered flip-flop clocked by clk)
Path Group: clk
Path Type: max

Fanout     Cap    Slew   Delay    Time   Description
-----------------------------------------------------------------------------
                  0.15    0.00    0.00   clock clk (rise edge)
                          0.00    0.00   clock network delay (ideal)
                  0.15    0.00    0.00 ^ _142_/CLK (sky130_fd_sc_hd__dfxtp_2)
     4    0.01    0.04    0.38    0.38 v _142_/Q (sky130_fd_sc_hd__dfxtp_2)
                                         U7.digit_counter[3] (net)
                  0.04    0.00    0.38 v _064_/A (sky130_fd_sc_hd__buf_1)
    10    0.03    0.20    0.23    0.61 v _064_/X (sky130_fd_sc_hd__buf_1)
                                         _025_ (net)
                  0.20    0.00    0.61 v _115_/A (sky130_fd_sc_hd__or2_2)
     4    0.01    0.07    0.39    1.00 v _115_/X (sky130_fd_sc_hd__or2_2)
                                         _061_ (net)
                  0.07    0.00    1.00 v _116_/A_N (sky130_fd_sc_hd__and3b_2)
     2    0.00    0.05    0.25    1.25 ^ _116_/X (sky130_fd_sc_hd__and3b_2)
                                         _062_ (net)
                  0.05    0.00    1.25 ^ _120_/B1_N (sky130_fd_sc_hd__o21ba_2)
     1    0.00    0.03    0.15    1.40 v _120_/X (sky130_fd_sc_hd__o21ba_2)
                                         _018_ (net)
                  0.03    0.00    1.40 v _146_/D (sky130_fd_sc_hd__dfxtp_2)
                                  1.40   data arrival time

                  0.15   10.00   10.00   clock clk (rise edge)
                          0.00   10.00   clock network delay (ideal)
                         -0.25    9.75   clock uncertainty
                          0.00    9.75   clock reconvergence pessimism
                                  9.75 ^ _146_/CLK (sky130_fd_sc_hd__dfxtp_2)
                         -0.08    9.67   library setup time
                                  9.67   data required time
-----------------------------------------------------------------------------
                                  9.67   data required time
                                 -1.40   data arrival time
-----------------------------------------------------------------------------
                                  8.27   slack (MET)


Startpoint: _142_ (rising edge-triggered flip-flop clocked by clk)
Endpoint: _143_ (rising edge-triggered flip-flop clocked by clk)
Path Group: clk
Path Type: max

Fanout     Cap    Slew   Delay    Time   Description
-----------------------------------------------------------------------------
                  0.15    0.00    0.00   clock clk (rise edge)
                          0.00    0.00   clock network delay (ideal)
                  0.15    0.00    0.00 ^ _142_/CLK (sky130_fd_sc_hd__dfxtp_2)
     4    0.01    0.08    0.40    0.40 ^ _142_/Q (sky130_fd_sc_hd__dfxtp_2)
                                         U7.digit_counter[3] (net)
                  0.08    0.00    0.40 ^ _064_/A (sky130_fd_sc_hd__buf_1)
    10    0.04    0.43    0.37    0.77 ^ _064_/X (sky130_fd_sc_hd__buf_1)
                                         _025_ (net)
                  0.43    0.00    0.77 ^ _115_/A (sky130_fd_sc_hd__or2_2)
     4    0.01    0.06    0.22    1.00 ^ _115_/X (sky130_fd_sc_hd__or2_2)
                                         _061_ (net)
                  0.06    0.00    1.00 ^ _116_/A_N (sky130_fd_sc_hd__and3b_2)
     2    0.00    0.04    0.21    1.21 v _116_/X (sky130_fd_sc_hd__and3b_2)
                                         _062_ (net)
                  0.04    0.00    1.21 v _117_/B1 (sky130_fd_sc_hd__a21o_2)
     1    0.00    0.03    0.18    1.39 v _117_/X (sky130_fd_sc_hd__a21o_2)
                                         _015_ (net)
                  0.03    0.00    1.39 v _143_/D (sky130_fd_sc_hd__dfxtp_2)
                                  1.39   data arrival time

                  0.15   10.00   10.00   clock clk (rise edge)
                          0.00   10.00   clock network delay (ideal)
                         -0.25    9.75   clock uncertainty
                          0.00    9.75   clock reconvergence pessimism
                                  9.75 ^ _143_/CLK (sky130_fd_sc_hd__dfxtp_2)
                         -0.08    9.67   library setup time
                                  9.67   data required time
-----------------------------------------------------------------------------
                                  9.67   data required time
                                 -1.39   data arrival time
-----------------------------------------------------------------------------
                                  8.28   slack (MET)


Startpoint: _142_ (rising edge-triggered flip-flop clocked by clk)
Endpoint: _151_ (rising edge-triggered flip-flop clocked by clk)
Path Group: clk
Path Type: max

Fanout     Cap    Slew   Delay    Time   Description
-----------------------------------------------------------------------------
                  0.15    0.00    0.00   clock clk (rise edge)
                          0.00    0.00   clock network delay (ideal)
                  0.15    0.00    0.00 ^ _142_/CLK (sky130_fd_sc_hd__dfxtp_2)
     4    0.01    0.04    0.38    0.38 v _142_/Q (sky130_fd_sc_hd__dfxtp_2)
                                         U7.digit_counter[3] (net)
                  0.04    0.00    0.38 v _064_/A (sky130_fd_sc_hd__buf_1)
    10    0.03    0.20    0.23    0.61 v _064_/X (sky130_fd_sc_hd__buf_1)
                                         _025_ (net)
                  0.20    0.00    0.61 v _115_/A (sky130_fd_sc_hd__or2_2)
     4    0.01    0.07    0.39    1.00 v _115_/X (sky130_fd_sc_hd__or2_2)
                                         _061_ (net)
                  0.07    0.00    1.00 v _127_/A3 (sky130_fd_sc_hd__o32a_2)
     1    0.00    0.05    0.33    1.33 v _127_/X (sky130_fd_sc_hd__o32a_2)
                                         _023_ (net)
                  0.05    0.00    1.33 v _151_/D (sky130_fd_sc_hd__dfxtp_2)
                                  1.33   data arrival time

                  0.15   10.00   10.00   clock clk (rise edge)
                          0.00   10.00   clock network delay (ideal)
                         -0.25    9.75   clock uncertainty
                          0.00    9.75   clock reconvergence pessimism
                                  9.75 ^ _151_/CLK (sky130_fd_sc_hd__dfxtp_2)
                         -0.09    9.66   library setup time
                                  9.66   data required time
-----------------------------------------------------------------------------
                                  9.66   data required time
                                 -1.33   data arrival time
-----------------------------------------------------------------------------
                                  8.33   slack (MET)


Startpoint: _142_ (rising edge-triggered flip-flop clocked by clk)
Endpoint: _147_ (rising edge-triggered flip-flop clocked by clk)
Path Group: clk
Path Type: max

Fanout     Cap    Slew   Delay    Time   Description
-----------------------------------------------------------------------------
                  0.15    0.00    0.00   clock clk (rise edge)
                          0.00    0.00   clock network delay (ideal)
                  0.15    0.00    0.00 ^ _142_/CLK (sky130_fd_sc_hd__dfxtp_2)
     4    0.01    0.04    0.38    0.38 v _142_/Q (sky130_fd_sc_hd__dfxtp_2)
                                         U7.digit_counter[3] (net)
                  0.04    0.00    0.38 v _064_/A (sky130_fd_sc_hd__buf_1)
    10    0.03    0.20    0.23    0.61 v _064_/X (sky130_fd_sc_hd__buf_1)
                                         _025_ (net)
                  0.20    0.00    0.61 v _113_/A (sky130_fd_sc_hd__inv_2)
     9    0.03    0.16    0.21    0.82 ^ _113_/Y (sky130_fd_sc_hd__inv_2)
                                         _060_ (net)
                  0.16    0.00    0.82 ^ _121_/A (sky130_fd_sc_hd__nand2_2)
     3    0.01    0.06    0.08    0.89 v _121_/Y (sky130_fd_sc_hd__nand2_2)
                                         _063_ (net)
                  0.06    0.00    0.89 v _122_/A3 (sky130_fd_sc_hd__o32a_2)
     1    0.00    0.05    0.33    1.22 v _122_/X (sky130_fd_sc_hd__o32a_2)
                                         _019_ (net)
                  0.05    0.00    1.22 v _147_/D (sky130_fd_sc_hd__dfxtp_2)
                                  1.22   data arrival time

                  0.15   10.00   10.00   clock clk (rise edge)
                          0.00   10.00   clock network delay (ideal)
                         -0.25    9.75   clock uncertainty
                          0.00    9.75   clock reconvergence pessimism
                                  9.75 ^ _147_/CLK (sky130_fd_sc_hd__dfxtp_2)
                         -0.09    9.66   library setup time
                                  9.66   data required time
-----------------------------------------------------------------------------
                                  9.66   data required time
                                 -1.22   data arrival time
-----------------------------------------------------------------------------
                                  8.44   slack (MET)


Startpoint: _142_ (rising edge-triggered flip-flop clocked by clk)
Endpoint: _144_ (rising edge-triggered flip-flop clocked by clk)
Path Group: clk
Path Type: max

Fanout     Cap    Slew   Delay    Time   Description
-----------------------------------------------------------------------------
                  0.15    0.00    0.00   clock clk (rise edge)
                          0.00    0.00   clock network delay (ideal)
                  0.15    0.00    0.00 ^ _142_/CLK (sky130_fd_sc_hd__dfxtp_2)
     4    0.01    0.08    0.40    0.40 ^ _142_/Q (sky130_fd_sc_hd__dfxtp_2)
                                         U7.digit_counter[3] (net)
                  0.08    0.00    0.40 ^ _064_/A (sky130_fd_sc_hd__buf_1)
    10    0.04    0.43    0.37    0.77 ^ _064_/X (sky130_fd_sc_hd__buf_1)
                                         _025_ (net)
                  0.43    0.00    0.77 ^ _113_/A (sky130_fd_sc_hd__inv_2)
     9    0.03    0.13    0.17    0.94 v _113_/Y (sky130_fd_sc_hd__inv_2)
                                         _060_ (net)
                  0.13    0.00    0.94 v _118_/A1 (sky130_fd_sc_hd__o22a_2)
     1    0.00    0.03    0.27    1.21 v _118_/X (sky130_fd_sc_hd__o22a_2)
                                         _016_ (net)
                  0.03    0.00    1.21 v _144_/D (sky130_fd_sc_hd__dfxtp_2)
                                  1.21   data arrival time

                  0.15   10.00   10.00   clock clk (rise edge)
                          0.00   10.00   clock network delay (ideal)
                         -0.25    9.75   clock uncertainty
                          0.00    9.75   clock reconvergence pessimism
                                  9.75 ^ _144_/CLK (sky130_fd_sc_hd__dfxtp_2)
                         -0.08    9.67   library setup time
                                  9.67   data required time
-----------------------------------------------------------------------------
                                  9.67   data required time
                                 -1.21   data arrival time
-----------------------------------------------------------------------------
                                  8.46   slack (MET)


Startpoint: _142_ (rising edge-triggered flip-flop clocked by clk)
Endpoint: _145_ (rising edge-triggered flip-flop clocked by clk)
Path Group: clk
Path Type: max

Fanout     Cap    Slew   Delay    Time   Description
-----------------------------------------------------------------------------
                  0.15    0.00    0.00   clock clk (rise edge)
                          0.00    0.00   clock network delay (ideal)
                  0.15    0.00    0.00 ^ _142_/CLK (sky130_fd_sc_hd__dfxtp_2)
     4    0.01    0.08    0.40    0.40 ^ _142_/Q (sky130_fd_sc_hd__dfxtp_2)
                                         U7.digit_counter[3] (net)
                  0.08    0.00    0.40 ^ _064_/A (sky130_fd_sc_hd__buf_1)
    10    0.04    0.43    0.37    0.77 ^ _064_/X (sky130_fd_sc_hd__buf_1)
                                         _025_ (net)
                  0.43    0.00    0.77 ^ _113_/A (sky130_fd_sc_hd__inv_2)
     9    0.03    0.13    0.17    0.94 v _113_/Y (sky130_fd_sc_hd__inv_2)
                                         _060_ (net)
                  0.13    0.00    0.94 v _119_/A1 (sky130_fd_sc_hd__o22a_2)
     1    0.00    0.03    0.27    1.21 v _119_/X (sky130_fd_sc_hd__o22a_2)
                                         _017_ (net)
                  0.03    0.00    1.21 v _145_/D (sky130_fd_sc_hd__dfxtp_2)
                                  1.21   data arrival time

                  0.15   10.00   10.00   clock clk (rise edge)
                          0.00   10.00   clock network delay (ideal)
                         -0.25    9.75   clock uncertainty
                          0.00    9.75   clock reconvergence pessimism
                                  9.75 ^ _145_/CLK (sky130_fd_sc_hd__dfxtp_2)
                         -0.08    9.67   library setup time
                                  9.67   data required time
-----------------------------------------------------------------------------
                                  9.67   data required time
                                 -1.21   data arrival time
-----------------------------------------------------------------------------
                                  8.46   slack (MET)


Startpoint: _142_ (rising edge-triggered flip-flop clocked by clk)
Endpoint: _148_ (rising edge-triggered flip-flop clocked by clk)
Path Group: clk
Path Type: max

Fanout     Cap    Slew   Delay    Time   Description
-----------------------------------------------------------------------------
                  0.15    0.00    0.00   clock clk (rise edge)
                          0.00    0.00   clock network delay (ideal)
                  0.15    0.00    0.00 ^ _142_/CLK (sky130_fd_sc_hd__dfxtp_2)
     4    0.01    0.08    0.40    0.40 ^ _142_/Q (sky130_fd_sc_hd__dfxtp_2)
                                         U7.digit_counter[3] (net)
                  0.08    0.00    0.40 ^ _064_/A (sky130_fd_sc_hd__buf_1)
    10    0.04    0.43    0.37    0.77 ^ _064_/X (sky130_fd_sc_hd__buf_1)
                                         _025_ (net)
                  0.43    0.00    0.77 ^ _113_/A (sky130_fd_sc_hd__inv_2)
     9    0.03    0.13    0.17    0.94 v _113_/Y (sky130_fd_sc_hd__inv_2)
                                         _060_ (net)
                  0.13    0.00    0.94 v _123_/A1 (sky130_fd_sc_hd__o22a_2)
     1    0.00    0.03    0.27    1.21 v _123_/X (sky130_fd_sc_hd__o22a_2)
                                         _020_ (net)
                  0.03    0.00    1.21 v _148_/D (sky130_fd_sc_hd__dfxtp_2)
                                  1.21   data arrival time

                  0.15   10.00   10.00   clock clk (rise edge)
                          0.00   10.00   clock network delay (ideal)
                         -0.25    9.75   clock uncertainty
                          0.00    9.75   clock reconvergence pessimism
                                  9.75 ^ _148_/CLK (sky130_fd_sc_hd__dfxtp_2)
                         -0.08    9.67   library setup time
                                  9.67   data required time
-----------------------------------------------------------------------------
                                  9.67   data required time
                                 -1.21   data arrival time
-----------------------------------------------------------------------------
                                  8.46   slack (MET)


Startpoint: _142_ (rising edge-triggered flip-flop clocked by clk)
Endpoint: _150_ (rising edge-triggered flip-flop clocked by clk)
Path Group: clk
Path Type: max

Fanout     Cap    Slew   Delay    Time   Description
-----------------------------------------------------------------------------
                  0.15    0.00    0.00   clock clk (rise edge)
                          0.00    0.00   clock network delay (ideal)
                  0.15    0.00    0.00 ^ _142_/CLK (sky130_fd_sc_hd__dfxtp_2)
     4    0.01    0.08    0.40    0.40 ^ _142_/Q (sky130_fd_sc_hd__dfxtp_2)
                                         U7.digit_counter[3] (net)
                  0.08    0.00    0.40 ^ _064_/A (sky130_fd_sc_hd__buf_1)
    10    0.04    0.43    0.37    0.77 ^ _064_/X (sky130_fd_sc_hd__buf_1)
                                         _025_ (net)
                  0.43    0.00    0.77 ^ _113_/A (sky130_fd_sc_hd__inv_2)
     9    0.03    0.13    0.17    0.94 v _113_/Y (sky130_fd_sc_hd__inv_2)
                                         _060_ (net)
                  0.13    0.00    0.94 v _126_/A1 (sky130_fd_sc_hd__o22a_2)
     1    0.00    0.03    0.27    1.21 v _126_/X (sky130_fd_sc_hd__o22a_2)
                                         _022_ (net)
                  0.03    0.00    1.21 v _150_/D (sky130_fd_sc_hd__dfxtp_2)
                                  1.21   data arrival time

                  0.15   10.00   10.00   clock clk (rise edge)
                          0.00   10.00   clock network delay (ideal)
                         -0.25    9.75   clock uncertainty
                          0.00    9.75   clock reconvergence pessimism
                                  9.75 ^ _150_/CLK (sky130_fd_sc_hd__dfxtp_2)
                         -0.08    9.67   library setup time
                                  9.67   data required time
-----------------------------------------------------------------------------
                                  9.67   data required time
                                 -1.21   data arrival time
-----------------------------------------------------------------------------
                                  8.46   slack (MET)


Startpoint: _142_ (rising edge-triggered flip-flop clocked by clk)
Endpoint: _142_ (rising edge-triggered flip-flop clocked by clk)
Path Group: clk
Path Type: max

Fanout     Cap    Slew   Delay    Time   Description
-----------------------------------------------------------------------------
                  0.15    0.00    0.00   clock clk (rise edge)
                          0.00    0.00   clock network delay (ideal)
                  0.15    0.00    0.00 ^ _142_/CLK (sky130_fd_sc_hd__dfxtp_2)
     4    0.01    0.08    0.40    0.40 ^ _142_/Q (sky130_fd_sc_hd__dfxtp_2)
                                         U7.digit_counter[3] (net)
                  0.08    0.00    0.40 ^ _064_/A (sky130_fd_sc_hd__buf_1)
    10    0.04    0.43    0.37    0.77 ^ _064_/X (sky130_fd_sc_hd__buf_1)
                                         _025_ (net)
                  0.43    0.00    0.77 ^ _113_/A (sky130_fd_sc_hd__inv_2)
     9    0.03    0.13    0.17    0.94 v _113_/Y (sky130_fd_sc_hd__inv_2)
                                         _060_ (net)
                  0.13    0.00    0.94 v _114_/A (sky130_fd_sc_hd__xnor2_2)
     1    0.00    0.04    0.17    1.11 v _114_/Y (sky130_fd_sc_hd__xnor2_2)
                                         _014_ (net)
                  0.04    0.00    1.11 v _142_/D (sky130_fd_sc_hd__dfxtp_2)
                                  1.11   data arrival time

                  0.15   10.00   10.00   clock clk (rise edge)
                          0.00   10.00   clock network delay (ideal)
                         -0.25    9.75   clock uncertainty
                          0.00    9.75   clock reconvergence pessimism
                                  9.75 ^ _142_/CLK (sky130_fd_sc_hd__dfxtp_2)
                         -0.09    9.66   library setup time
                                  9.66   data required time
-----------------------------------------------------------------------------
                                  9.66   data required time
                                 -1.11   data arrival time
-----------------------------------------------------------------------------
                                  8.55   slack (MET)


Startpoint: _142_ (rising edge-triggered flip-flop clocked by clk)
Endpoint: _138_ (rising edge-triggered flip-flop clocked by clk)
Path Group: clk
Path Type: max

Fanout     Cap    Slew   Delay    Time   Description
-----------------------------------------------------------------------------
                  0.15    0.00    0.00   clock clk (rise edge)
                          0.00    0.00   clock network delay (ideal)
                  0.15    0.00    0.00 ^ _142_/CLK (sky130_fd_sc_hd__dfxtp_2)
     4    0.01    0.08    0.40    0.40 ^ _142_/Q (sky130_fd_sc_hd__dfxtp_2)
                                         U7.digit_counter[3] (net)
                  0.08    0.00    0.40 ^ _064_/A (sky130_fd_sc_hd__buf_1)
    10    0.04    0.43    0.37    0.77 ^ _064_/X (sky130_fd_sc_hd__buf_1)
                                         _025_ (net)
                  0.43    0.00    0.77 ^ _072_/A (sky130_fd_sc_hd__nand2_2)
     6    0.02    0.15    0.17    0.95 v _072_/Y (sky130_fd_sc_hd__nand2_2)
                                         _030_ (net)
                  0.15    0.00    0.95 v _073_/A (sky130_fd_sc_hd__inv_2)
     6    0.02    0.10    0.14    1.09 ^ _073_/Y (sky130_fd_sc_hd__inv_2)
                                         _010_ (net)
                  0.10    0.00    1.09 ^ _138_/D (sky130_fd_sc_hd__dfxtp_2)
                                  1.09   data arrival time

                  0.15   10.00   10.00   clock clk (rise edge)
                          0.00   10.00   clock network delay (ideal)
                         -0.25    9.75   clock uncertainty
                          0.00    9.75   clock reconvergence pessimism
                                  9.75 ^ _138_/CLK (sky130_fd_sc_hd__dfxtp_2)
                         -0.06    9.69   library setup time
                                  9.69   data required time
-----------------------------------------------------------------------------
                                  9.69   data required time
                                 -1.09   data arrival time
-----------------------------------------------------------------------------
                                  8.61   slack (MET)


Startpoint: _142_ (rising edge-triggered flip-flop clocked by clk)
Endpoint: _135_ (rising edge-triggered flip-flop clocked by clk)
Path Group: clk
Path Type: max

Fanout     Cap    Slew   Delay    Time   Description
-----------------------------------------------------------------------------
                  0.15    0.00    0.00   clock clk (rise edge)
                          0.00    0.00   clock network delay (ideal)
                  0.15    0.00    0.00 ^ _142_/CLK (sky130_fd_sc_hd__dfxtp_2)
     4    0.01    0.08    0.40    0.40 ^ _142_/Q (sky130_fd_sc_hd__dfxtp_2)
                                         U7.digit_counter[3] (net)
                  0.08    0.00    0.40 ^ _064_/A (sky130_fd_sc_hd__buf_1)
    10    0.04    0.43    0.37    0.77 ^ _064_/X (sky130_fd_sc_hd__buf_1)
                                         _025_ (net)
                  0.43    0.00    0.77 ^ _069_/A1 (sky130_fd_sc_hd__o21ai_2)
     8    0.02    0.12    0.18    0.95 v _069_/Y (sky130_fd_sc_hd__o21ai_2)
                                         _007_ (net)
                  0.12    0.00    0.95 v _135_/D (sky130_fd_sc_hd__dfxtp_2)
                                  0.95   data arrival time

                  0.15   10.00   10.00   clock clk (rise edge)
                          0.00   10.00   clock network delay (ideal)
                         -0.25    9.75   clock uncertainty
                          0.00    9.75   clock reconvergence pessimism
                                  9.75 ^ _135_/CLK (sky130_fd_sc_hd__dfxtp_2)
                         -0.12    9.63   library setup time
                                  9.63   data required time
-----------------------------------------------------------------------------
                                  9.63   data required time
                                 -0.95   data arrival time
-----------------------------------------------------------------------------
                                  8.68   slack (MET)


Startpoint: _142_ (rising edge-triggered flip-flop clocked by clk)
Endpoint: _136_ (rising edge-triggered flip-flop clocked by clk)
Path Group: clk
Path Type: max

Fanout     Cap    Slew   Delay    Time   Description
-----------------------------------------------------------------------------
                  0.15    0.00    0.00   clock clk (rise edge)
                          0.00    0.00   clock network delay (ideal)
                  0.15    0.00    0.00 ^ _142_/CLK (sky130_fd_sc_hd__dfxtp_2)
     4    0.01    0.08    0.40    0.40 ^ _142_/Q (sky130_fd_sc_hd__dfxtp_2)
                                         U7.digit_counter[3] (net)
                  0.08    0.00    0.40 ^ _064_/A (sky130_fd_sc_hd__buf_1)
    10    0.04    0.43    0.37    0.77 ^ _064_/X (sky130_fd_sc_hd__buf_1)
                                         _025_ (net)
                  0.43    0.00    0.77 ^ _065_/A (sky130_fd_sc_hd__nand2_2)
     6    0.01    0.13    0.15    0.92 v _065_/Y (sky130_fd_sc_hd__nand2_2)
                                         _026_ (net)
                  0.13    0.00    0.92 v _066_/A (sky130_fd_sc_hd__inv_2)
     1    0.00    0.04    0.06    0.98 ^ _066_/Y (sky130_fd_sc_hd__inv_2)
                                         _008_ (net)
                  0.04    0.00    0.98 ^ _136_/D (sky130_fd_sc_hd__dfxtp_2)
                                  0.98   data arrival time

                  0.15   10.00   10.00   clock clk (rise edge)
                          0.00   10.00   clock network delay (ideal)
                         -0.25    9.75   clock uncertainty
                          0.00    9.75   clock reconvergence pessimism
                                  9.75 ^ _136_/CLK (sky130_fd_sc_hd__dfxtp_2)
                         -0.04    9.71   library setup time
                                  9.71   data required time
-----------------------------------------------------------------------------
                                  9.71   data required time
                                 -0.98   data arrival time
-----------------------------------------------------------------------------
                                  8.73   slack (MET)


Startpoint: _142_ (rising edge-triggered flip-flop clocked by clk)
Endpoint: _149_ (rising edge-triggered flip-flop clocked by clk)
Path Group: clk
Path Type: max

Fanout     Cap    Slew   Delay    Time   Description
-----------------------------------------------------------------------------
                  0.15    0.00    0.00   clock clk (rise edge)
                          0.00    0.00   clock network delay (ideal)
                  0.15    0.00    0.00 ^ _142_/CLK (sky130_fd_sc_hd__dfxtp_2)
     4    0.01    0.08    0.40    0.40 ^ _142_/Q (sky130_fd_sc_hd__dfxtp_2)
                                         U7.digit_counter[3] (net)
                  0.08    0.00    0.40 ^ _064_/A (sky130_fd_sc_hd__buf_1)
    10    0.04    0.43    0.37    0.77 ^ _064_/X (sky130_fd_sc_hd__buf_1)
                                         _025_ (net)
                  0.43    0.00    0.77 ^ _124_/A (sky130_fd_sc_hd__nand2_2)
     1    0.00    0.09    0.08    0.86 v _124_/Y (sky130_fd_sc_hd__nand2_2)
                                         _024_ (net)
                  0.09    0.00    0.86 v _125_/B1 (sky130_fd_sc_hd__o21ai_2)
     1    0.00    0.08    0.06    0.92 ^ _125_/Y (sky130_fd_sc_hd__o21ai_2)
                                         _021_ (net)
                  0.08    0.00    0.92 ^ _149_/D (sky130_fd_sc_hd__dfxtp_2)
                                  0.92   data arrival time

                  0.15   10.00   10.00   clock clk (rise edge)
                          0.00   10.00   clock network delay (ideal)
                         -0.25    9.75   clock uncertainty
                          0.00    9.75   clock reconvergence pessimism
                                  9.75 ^ _149_/CLK (sky130_fd_sc_hd__dfxtp_2)
                         -0.05    9.70   library setup time
                                  9.70   data required time
-----------------------------------------------------------------------------
                                  9.70   data required time
                                 -0.92   data arrival time
-----------------------------------------------------------------------------
                                  8.78   slack (MET)


Startpoint: _139_ (rising edge-triggered flip-flop clocked by clk)
Endpoint: _141_ (rising edge-triggered flip-flop clocked by clk)
Path Group: clk
Path Type: max

Fanout     Cap    Slew   Delay    Time   Description
-----------------------------------------------------------------------------
                  0.15    0.00    0.00   clock clk (rise edge)
                          0.00    0.00   clock network delay (ideal)
                  0.15    0.00    0.00 ^ _139_/CLK (sky130_fd_sc_hd__dfxtp_2)
     6    0.02    0.12    0.44    0.44 ^ _139_/Q (sky130_fd_sc_hd__dfxtp_2)
                                         U7.digit_counter[0] (net)
                  0.12    0.00    0.44 ^ _110_/B (sky130_fd_sc_hd__and3_2)
     3    0.02    0.11    0.26    0.70 ^ _110_/X (sky130_fd_sc_hd__and3_2)
                                         _058_ (net)
                  0.11    0.00    0.70 ^ _112_/A (sky130_fd_sc_hd__nor2_2)
     1    0.00    0.03    0.05    0.74 v _112_/Y (sky130_fd_sc_hd__nor2_2)
                                         _013_ (net)
                  0.03    0.00    0.74 v _141_/D (sky130_fd_sc_hd__dfxtp_2)
                                  0.74   data arrival time

                  0.15   10.00   10.00   clock clk (rise edge)
                          0.00   10.00   clock network delay (ideal)
                         -0.25    9.75   clock uncertainty
                          0.00    9.75   clock reconvergence pessimism
                                  9.75 ^ _141_/CLK (sky130_fd_sc_hd__dfxtp_2)
                         -0.08    9.67   library setup time
                                  9.67   data required time
-----------------------------------------------------------------------------
                                  9.67   data required time
                                 -0.74   data arrival time
-----------------------------------------------------------------------------
                                  8.92   slack (MET)


Startpoint: _139_ (rising edge-triggered flip-flop clocked by clk)
Endpoint: _140_ (rising edge-triggered flip-flop clocked by clk)
Path Group: clk
Path Type: max

Fanout     Cap    Slew   Delay    Time   Description
-----------------------------------------------------------------------------
                  0.15    0.00    0.00   clock clk (rise edge)
                          0.00    0.00   clock network delay (ideal)
                  0.15    0.00    0.00 ^ _139_/CLK (sky130_fd_sc_hd__dfxtp_2)
     6    0.02    0.12    0.44    0.44 ^ _139_/Q (sky130_fd_sc_hd__dfxtp_2)
                                         U7.digit_counter[0] (net)
                  0.12    0.00    0.44 ^ _107_/A (sky130_fd_sc_hd__inv_2)
     4    0.01    0.04    0.06    0.50 v _107_/Y (sky130_fd_sc_hd__inv_2)
                                         _011_ (net)
                  0.04    0.00    0.50 v _108_/B (sky130_fd_sc_hd__nand2_2)
     3    0.01    0.07    0.08    0.58 ^ _108_/Y (sky130_fd_sc_hd__nand2_2)
                                         _057_ (net)
                  0.07    0.00    0.58 ^ _109_/B (sky130_fd_sc_hd__nand2_2)
     1    0.00    0.03    0.05    0.63 v _109_/Y (sky130_fd_sc_hd__nand2_2)
                                         _012_ (net)
                  0.03    0.00    0.63 v _140_/D (sky130_fd_sc_hd__dfxtp_2)
                                  0.63   data arrival time

                  0.15   10.00   10.00   clock clk (rise edge)
                          0.00   10.00   clock network delay (ideal)
                         -0.25    9.75   clock uncertainty
                          0.00    9.75   clock reconvergence pessimism
                                  9.75 ^ _140_/CLK (sky130_fd_sc_hd__dfxtp_2)
                         -0.08    9.67   library setup time
                                  9.67   data required time
-----------------------------------------------------------------------------
                                  9.67   data required time
                                 -0.63   data arrival time
-----------------------------------------------------------------------------
                                  9.04   slack (MET)


Startpoint: _137_ (rising edge-triggered flip-flop clocked by clk)
Endpoint: _137_ (rising edge-triggered flip-flop clocked by clk)
Path Group: clk
Path Type: max

Fanout     Cap    Slew   Delay    Time   Description
-----------------------------------------------------------------------------
                  0.15    0.00    0.00   clock clk (rise edge)
                          0.00    0.00   clock network delay (ideal)
                  0.15    0.00    0.00 ^ _137_/CLK (sky130_fd_sc_hd__dfxtp_2)
     4    0.01    0.05    0.39    0.39 v _137_/Q (sky130_fd_sc_hd__dfxtp_2)
                                         U7.current_digit[2] (net)
                  0.05    0.00    0.39 v _070_/B (sky130_fd_sc_hd__nand2_2)
     5    0.02    0.11    0.11    0.50 ^ _070_/Y (sky130_fd_sc_hd__nand2_2)
                                         _029_ (net)
                  0.11    0.00    0.50 ^ _071_/A (sky130_fd_sc_hd__inv_2)
     4    0.01    0.04    0.05    0.55 v _071_/Y (sky130_fd_sc_hd__inv_2)
                                         _009_ (net)
                  0.04    0.00    0.55 v _137_/D (sky130_fd_sc_hd__dfxtp_2)
                                  0.55   data arrival time

                  0.15   10.00   10.00   clock clk (rise edge)
                          0.00   10.00   clock network delay (ideal)
                         -0.25    9.75   clock uncertainty
                          0.00    9.75   clock reconvergence pessimism
                                  9.75 ^ _137_/CLK (sky130_fd_sc_hd__dfxtp_2)
                         -0.08    9.67   library setup time
                                  9.67   data required time
-----------------------------------------------------------------------------
                                  9.67   data required time
                                 -0.55   data arrival time
-----------------------------------------------------------------------------
                                  9.11   slack (MET)


Startpoint: _139_ (rising edge-triggered flip-flop clocked by clk)
Endpoint: _139_ (rising edge-triggered flip-flop clocked by clk)
Path Group: clk
Path Type: max

Fanout     Cap    Slew   Delay    Time   Description
-----------------------------------------------------------------------------
                  0.15    0.00    0.00   clock clk (rise edge)
                          0.00    0.00   clock network delay (ideal)
                  0.15    0.00    0.00 ^ _139_/CLK (sky130_fd_sc_hd__dfxtp_2)
     6    0.02    0.12    0.44    0.44 ^ _139_/Q (sky130_fd_sc_hd__dfxtp_2)
                                         U7.digit_counter[0] (net)
                  0.12    0.00    0.44 ^ _107_/A (sky130_fd_sc_hd__inv_2)
     4    0.01    0.04    0.06    0.50 v _107_/Y (sky130_fd_sc_hd__inv_2)
                                         _011_ (net)
                  0.04    0.00    0.50 v _139_/D (sky130_fd_sc_hd__dfxtp_2)
                                  0.50   data arrival time

                  0.15   10.00   10.00   clock clk (rise edge)
                          0.00   10.00   clock network delay (ideal)
                         -0.25    9.75   clock uncertainty
                          0.00    9.75   clock reconvergence pessimism
                                  9.75 ^ _139_/CLK (sky130_fd_sc_hd__dfxtp_2)
                         -0.09    9.66   library setup time
                                  9.66   data required time
-----------------------------------------------------------------------------
                                  9.66   data required time
                                 -0.50   data arrival time
-----------------------------------------------------------------------------
                                  9.17   slack (MET)



worst slack corner Typical: 7.2600
