Instance,Terminal,Layer,X location,Y location,Voltage
FILLER_0_5_29,VGND,li1,19.3200,27.2000,0.000003
FILLER_0_5_18,VGND,li1,14.2600,27.2000,0.000003
FILLER_0_5_6,VGND,li1,8.7400,27.2000,0.000004
FILLER_0_4_36,VGND,li1,22.3100,21.7600,0.000002
FILLER_0_4_3,VGND,li1,7.1300,21.7600,0.000003
FILLER_0_3_27,VGND,li1,18.4000,21.7600,0.000003
FILLER_0_3_15,VGND,li1,15.1800,21.7600,0.000003
FILLER_0_3_9,VGND,li1,9.8900,21.7600,0.000003
FILLER_0_2_34,VGND,li1,21.8500,16.3200,0.000002
FILLER_0_2_29,VGND,li1,19.3200,16.3200,0.000002
FILLER_0_2_24,VGND,li1,16.7900,16.3200,0.000002
FILLER_0_2_14,VGND,li1,12.4200,16.3200,0.000002
FILLER_0_2_6,VGND,li1,10.1200,16.3200,0.000002
FILLER_0_1_31,VGND,li1,20.2400,16.3200,0.000002
FILLER_0_1_22,VGND,li1,16.1000,16.3200,0.000002
FILLER_0_0_26,VGND,li1,17.9400,10.8800,0.000002
FILLER_0_0_18,VGND,li1,15.6400,10.8800,0.000002
FILLER_0_0_3,VGND,li1,7.3600,10.8800,0.000002
output16,VGND,li1,19.7800,10.8800,0.000002
output15,VGND,li1,21.6200,10.8800,0.000002
output14,VGND,li1,21.6200,16.3200,0.000002
output13,VGND,li1,19.7800,21.7600,0.000003
output12,VGND,li1,21.6200,21.7600,0.000003
output11,VGND,li1,15.6400,27.2000,0.000004
output10,VGND,li1,17.4800,27.2000,0.000004
output9,VGND,li1,21.1600,27.2000,0.000003
input8,VGND,li1,13.1100,10.8800,0.000002
input7,VGND,li1,11.7300,10.8800,0.000002
input6,VGND,li1,7.5900,16.3200,0.000002
input5,VGND,li1,8.9700,21.7600,0.000003
input4,VGND,li1,7.5900,21.7600,0.000003
input3,VGND,li1,13.1100,27.2000,0.000004
input2,VGND,li1,11.7300,27.2000,0.000004
input1,VGND,li1,7.5900,27.2000,0.000004
TAP_TAPCELL_ROW_5_15,VGND,li1,18.6300,26.9080,0.000004
TAP_TAPCELL_ROW_4_14,VGND,li1,18.6300,22.0510,0.000003
TAP_TAPCELL_ROW_2_13,VGND,li1,18.6300,16.6110,0.000002
TAP_TAPCELL_ROW_0_12,VGND,li1,18.6300,11.1710,0.000002
PHY_EDGE_ROW_5_Left_11,VGND,li1,6.2100,27.2000,0.000004
PHY_EDGE_ROW_4_Left_10,VGND,li1,6.2100,21.7600,0.000003
PHY_EDGE_ROW_3_Left_9,VGND,li1,6.2100,21.7600,0.000003
PHY_EDGE_ROW_2_Left_8,VGND,li1,6.2100,16.3200,0.000002
PHY_EDGE_ROW_1_Left_7,VGND,li1,6.2100,16.3200,0.000002
PHY_EDGE_ROW_0_Left_6,VGND,li1,6.2100,10.8800,0.000002
PHY_EDGE_ROW_5_Right_5,VGND,li1,23.2300,27.2000,0.000003
PHY_EDGE_ROW_4_Right_4,VGND,li1,23.2300,21.7600,0.000002
PHY_EDGE_ROW_3_Right_3,VGND,li1,23.2300,21.7600,0.000002
PHY_EDGE_ROW_2_Right_2,VGND,li1,23.2300,16.3200,0.000002
PHY_EDGE_ROW_1_Right_1,VGND,li1,23.2300,16.3200,0.000002
PHY_EDGE_ROW_0_Right_0,VGND,li1,23.2300,10.8800,0.000002
_25_,VGND,li1,17.7100,21.7600,0.000003
_24_,VGND,li1,11.9600,21.7600,0.000003
_23_,VGND,li1,16.3300,21.7600,0.000003
_22_,VGND,li1,14.4900,21.7600,0.000003
_21_,VGND,li1,10.1200,27.2000,0.000004
_20_,VGND,li1,11.2700,21.7600,0.000003
_19_,VGND,li1,20.4700,21.7600,0.000003
_18_,VGND,li1,11.2700,16.3200,0.000002
_17_,VGND,li1,20.4700,16.3200,0.000002
_16_,VGND,li1,14.2600,16.3200,0.000002
_15_,VGND,li1,8.2800,16.3200,0.000002
_14_,VGND,li1,9.4300,10.8800,0.000002
_13_,VGND,li1,18.1700,16.3200,0.000002
_12_,VGND,li1,17.7100,16.3200,0.000002
_11_,VGND,li1,15.4100,16.3200,0.000002
_10_,VGND,li1,13.5700,16.3200,0.000002
_09_,VGND,li1,8.9700,21.7600,0.000003
