Instance,Terminal,Layer,X location,Y location,Voltage
FILLER_0_5_29,VPWR,li1,19.3200,24.4800,1.799996
FILLER_0_5_18,VPWR,li1,14.2600,24.4800,1.799996
FILLER_0_5_6,VPWR,li1,8.7400,24.4800,1.799996
FILLER_0_4_36,VPWR,li1,22.3100,24.4800,1.799996
FILLER_0_4_3,VPWR,li1,7.1300,24.4800,1.799996
FILLER_0_3_27,VPWR,li1,18.4000,19.0400,1.799997
FILLER_0_3_15,VPWR,li1,15.1800,19.0400,1.799998
FILLER_0_3_9,VPWR,li1,9.8900,19.0400,1.799998
FILLER_0_2_34,VPWR,li1,21.8500,19.0400,1.799997
FILLER_0_2_29,VPWR,li1,19.3200,19.0400,1.799997
FILLER_0_2_24,VPWR,li1,16.7900,19.0400,1.799998
FILLER_0_2_14,VPWR,li1,12.4200,19.0400,1.799998
FILLER_0_2_6,VPWR,li1,10.1200,19.0400,1.799998
FILLER_0_1_31,VPWR,li1,20.2400,13.6000,1.799998
FILLER_0_1_22,VPWR,li1,16.1000,13.6000,1.799998
FILLER_0_0_26,VPWR,li1,17.9400,13.6000,1.799998
FILLER_0_0_18,VPWR,li1,15.6400,13.6000,1.799998
FILLER_0_0_3,VPWR,li1,7.3600,13.6000,1.799998
output16,VPWR,li1,19.7800,13.6000,1.799998
output15,VPWR,li1,21.6200,13.6000,1.799997
output14,VPWR,li1,21.6200,13.6000,1.799997
output13,VPWR,li1,19.7800,19.0400,1.799997
output12,VPWR,li1,21.6200,19.0400,1.799997
output11,VPWR,li1,15.6400,24.4800,1.799996
output10,VPWR,li1,17.4800,24.4800,1.799996
output9,VPWR,li1,21.1600,24.4800,1.799996
input8,VPWR,li1,13.1100,13.6000,1.799998
input7,VPWR,li1,11.7300,13.6000,1.799998
input6,VPWR,li1,7.5900,19.0400,1.799998
input5,VPWR,li1,8.9700,19.0400,1.799998
input4,VPWR,li1,7.5900,19.0400,1.799998
input3,VPWR,li1,13.1100,24.4800,1.799996
input2,VPWR,li1,11.7300,24.4800,1.799996
input1,VPWR,li1,7.5900,24.4800,1.799996
TAP_TAPCELL_ROW_5_15,VPWR,li1,18.6300,24.7860,1.799996
TAP_TAPCELL_ROW_4_14,VPWR,li1,18.6300,24.1730,1.799996
TAP_TAPCELL_ROW_2_13,VPWR,li1,18.6300,18.7330,1.799997
TAP_TAPCELL_ROW_0_12,VPWR,li1,18.6300,13.2930,1.799998
PHY_EDGE_ROW_5_Left_11,VPWR,li1,6.2100,24.4800,1.799996
PHY_EDGE_ROW_4_Left_10,VPWR,li1,6.2100,24.4800,1.799996
PHY_EDGE_ROW_3_Left_9,VPWR,li1,6.2100,19.0400,1.799998
PHY_EDGE_ROW_2_Left_8,VPWR,li1,6.2100,19.0400,1.799998
PHY_EDGE_ROW_1_Left_7,VPWR,li1,6.2100,13.6000,1.799998
PHY_EDGE_ROW_0_Left_6,VPWR,li1,6.2100,13.6000,1.799998
PHY_EDGE_ROW_5_Right_5,VPWR,li1,23.2300,24.4800,1.799996
PHY_EDGE_ROW_4_Right_4,VPWR,li1,23.2300,24.4800,1.799996
PHY_EDGE_ROW_3_Right_3,VPWR,li1,23.2300,19.0400,1.799997
PHY_EDGE_ROW_2_Right_2,VPWR,li1,23.2300,19.0400,1.799997
PHY_EDGE_ROW_1_Right_1,VPWR,li1,23.2300,13.6000,1.799997
PHY_EDGE_ROW_0_Right_0,VPWR,li1,23.2300,13.6000,1.799997
_25_,VPWR,li1,17.7100,24.4800,1.799996
_24_,VPWR,li1,11.9600,24.4800,1.799996
_23_,VPWR,li1,16.3300,24.4800,1.799996
_22_,VPWR,li1,14.4900,24.4800,1.799996
_21_,VPWR,li1,10.1200,24.4800,1.799996
_20_,VPWR,li1,11.2700,19.0400,1.799998
_19_,VPWR,li1,20.4700,24.4800,1.799996
_18_,VPWR,li1,11.2700,13.6000,1.799998
_17_,VPWR,li1,20.4700,19.0400,1.799997
_16_,VPWR,li1,14.2600,13.6000,1.799998
_15_,VPWR,li1,8.2800,13.6000,1.799998
_14_,VPWR,li1,9.4300,13.6000,1.799998
_13_,VPWR,li1,18.1700,13.6000,1.799998
_12_,VPWR,li1,17.7100,19.0400,1.799997
_11_,VPWR,li1,15.4100,19.0400,1.799998
_10_,VPWR,li1,13.5700,19.0400,1.799998
_09_,VPWR,li1,8.9700,24.4800,1.799996
