
===========================================================================
 report_power
============================================================================
======================= Fastest Corner ===================================

Group                  Internal  Switching    Leakage      Total
                          Power      Power      Power      Power (Watts)
----------------------------------------------------------------
Sequential             6.01e-03   9.63e-04   1.49e-08   6.97e-03  36.2%
Combinational          4.52e-03   3.93e-03   5.30e-08   8.44e-03  43.8%
Clock                  1.31e-03   2.56e-03   1.37e-08   3.87e-03  20.1%
Macro                  0.00e+00   0.00e+00   0.00e+00   0.00e+00   0.0%
Pad                    0.00e+00   0.00e+00   0.00e+00   0.00e+00   0.0%
----------------------------------------------------------------
Total                  1.18e-02   7.45e-03   8.15e-08   1.93e-02 100.0%
                          61.4%      38.6%       0.0%

======================= Slowest Corner ===================================

Group                  Internal  Switching    Leakage      Total
                          Power      Power      Power      Power (Watts)
----------------------------------------------------------------
Sequential             4.07e-03   6.16e-04   1.48e-05   4.70e-03  36.0%
Combinational          3.13e-03   2.60e-03   3.81e-05   5.77e-03  44.1%
Clock                  9.26e-04   1.67e-03   1.61e-06   2.60e-03  19.9%
Macro                  0.00e+00   0.00e+00   0.00e+00   0.00e+00   0.0%
Pad                    0.00e+00   0.00e+00   0.00e+00   0.00e+00   0.0%
----------------------------------------------------------------
Total                  8.12e-03   4.89e-03   5.45e-05   1.31e-02 100.0%
                          62.2%      37.4%       0.4%

======================= Typical Corner ===================================

Group                  Internal  Switching    Leakage      Total
                          Power      Power      Power      Power (Watts)
----------------------------------------------------------------
Sequential             5.20e-03   7.99e-04   8.57e-09   6.00e-03  36.2%
Combinational          3.96e-03   3.31e-03   2.62e-08   7.27e-03  43.9%
Clock                  1.13e-03   2.16e-03   9.79e-09   3.30e-03  19.9%
Macro                  0.00e+00   0.00e+00   0.00e+00   0.00e+00   0.0%
Pad                    0.00e+00   0.00e+00   0.00e+00   0.00e+00   0.0%
----------------------------------------------------------------
Total                  1.03e-02   6.28e-03   4.45e-08   1.66e-02 100.0%
                          62.1%      37.9%       0.0%

