Instance,Terminal,Layer,X location,Y location,Voltage
FILLER_0_18_107,VPWR,li1,54.9700,62.5600,1.799986
FILLER_0_18_75,VPWR,li1,40.2500,62.5600,1.799993
FILLER_0_18_69,VPWR,li1,38.6400,62.5600,1.799993
FILLER_0_18_57,VPWR,li1,34.5000,62.5600,1.799995
FILLER_0_18_53,VPWR,li1,30.5900,62.5600,1.799996
FILLER_0_18_41,VPWR,li1,27.1400,62.5600,1.799996
FILLER_0_18_29,VPWR,li1,21.6200,62.5600,1.799997
FILLER_0_18_27,VPWR,li1,18.1700,62.5600,1.799998
FILLER_0_18_15,VPWR,li1,15.1800,62.5600,1.799998
FILLER_0_18_3,VPWR,li1,9.6600,62.5600,1.799999
FILLER_0_17_107,VPWR,li1,54.9700,57.1200,1.799968
FILLER_0_17_65,VPWR,li1,35.8800,57.1200,1.799987
FILLER_0_17_57,VPWR,li1,33.5800,57.1200,1.799987
FILLER_0_17_55,VPWR,li1,31.0500,57.1200,1.799987
FILLER_0_17_51,VPWR,li1,29.9000,57.1200,1.799986
FILLER_0_17_39,VPWR,li1,26.2200,57.1200,1.799988
FILLER_0_17_27,VPWR,li1,20.7000,57.1200,1.799990
FILLER_0_17_15,VPWR,li1,15.1800,57.1200,1.799993
FILLER_0_17_3,VPWR,li1,9.6600,57.1200,1.799995
FILLER_0_16_111,VPWR,li1,57.0400,57.1200,1.799968
FILLER_0_16_82,VPWR,li1,43.7000,57.1200,1.799979
FILLER_0_16_41,VPWR,li1,24.6100,57.1200,1.799988
FILLER_0_16_29,VPWR,li1,21.6200,57.1200,1.799990
FILLER_0_16_27,VPWR,li1,18.1700,57.1200,1.799991
FILLER_0_16_15,VPWR,li1,15.1800,57.1200,1.799993
FILLER_0_16_3,VPWR,li1,9.6600,57.1200,1.799995
FILLER_0_15_111,VPWR,li1,56.8100,51.6800,1.799971
FILLER_0_15_94,VPWR,li1,48.9900,51.6800,1.799975
FILLER_0_15_84,VPWR,li1,44.3900,51.6800,1.799981
FILLER_0_15_65,VPWR,li1,35.6500,51.6800,1.799991
FILLER_0_15_57,VPWR,li1,33.5800,51.6800,1.799991
FILLER_0_15_55,VPWR,li1,31.0500,51.6800,1.799992
FILLER_0_15_51,VPWR,li1,29.9000,51.6800,1.799992
FILLER_0_15_39,VPWR,li1,26.2200,51.6800,1.799993
FILLER_0_15_27,VPWR,li1,20.7000,51.6800,1.799995
FILLER_0_15_15,VPWR,li1,15.1800,51.6800,1.799996
FILLER_0_15_3,VPWR,li1,9.6600,51.6800,1.799997
FILLER_0_14_76,VPWR,li1,40.9400,51.6800,1.799986
FILLER_0_14_69,VPWR,li1,37.9500,51.6800,1.799989
FILLER_0_14_53,VPWR,li1,31.7400,51.6800,1.799992
FILLER_0_14_41,VPWR,li1,27.1400,51.6800,1.799993
FILLER_0_14_29,VPWR,li1,21.6200,51.6800,1.799995
FILLER_0_14_27,VPWR,li1,18.1700,51.6800,1.799995
FILLER_0_14_15,VPWR,li1,15.1800,51.6800,1.799996
FILLER_0_14_3,VPWR,li1,9.6600,51.6800,1.799997
FILLER_0_13_98,VPWR,li1,51.0600,46.2400,1.799915
FILLER_0_13_77,VPWR,li1,41.1700,46.2400,1.799940
FILLER_0_13_71,VPWR,li1,38.4100,46.2400,1.799951
FILLER_0_13_57,VPWR,li1,32.2000,46.2400,1.799966
FILLER_0_13_55,VPWR,li1,31.0500,46.2400,1.799969
FILLER_0_13_51,VPWR,li1,29.9000,46.2400,1.799969
FILLER_0_13_39,VPWR,li1,26.2200,46.2400,1.799972
FILLER_0_13_27,VPWR,li1,20.7000,46.2400,1.799978
FILLER_0_13_15,VPWR,li1,15.1800,46.2400,1.799984
FILLER_0_13_3,VPWR,li1,9.6600,46.2400,1.799990
FILLER_0_12_95,VPWR,li1,49.6800,46.2400,1.799916
FILLER_0_12_83,VPWR,li1,43.9300,46.2400,1.799927
FILLER_0_12_77,VPWR,li1,41.1700,46.2400,1.799940
FILLER_0_12_53,VPWR,li1,30.8200,46.2400,1.799969
FILLER_0_12_41,VPWR,li1,27.1400,46.2400,1.799972
FILLER_0_12_29,VPWR,li1,21.6200,46.2400,1.799978
FILLER_0_12_27,VPWR,li1,18.1700,46.2400,1.799981
FILLER_0_12_15,VPWR,li1,15.1800,46.2400,1.799984
FILLER_0_12_3,VPWR,li1,9.6600,46.2400,1.799990
FILLER_0_11_95,VPWR,li1,49.4500,40.8000,1.799979
FILLER_0_11_51,VPWR,li1,29.4400,40.8000,1.799987
FILLER_0_11_39,VPWR,li1,26.2200,40.8000,1.799988
FILLER_0_11_27,VPWR,li1,20.7000,40.8000,1.799990
FILLER_0_11_15,VPWR,li1,15.1800,40.8000,1.799993
FILLER_0_11_3,VPWR,li1,9.6600,40.8000,1.799995
FILLER_0_10_111,VPWR,li1,57.0400,40.8000,1.799976
FILLER_0_10_62,VPWR,li1,34.2700,40.8000,1.799987
FILLER_0_10_45,VPWR,li1,26.4500,40.8000,1.799988
FILLER_0_10_41,VPWR,li1,25.3000,40.8000,1.799988
FILLER_0_10_29,VPWR,li1,21.6200,40.8000,1.799990
FILLER_0_10_27,VPWR,li1,18.1700,40.8000,1.799992
FILLER_0_10_15,VPWR,li1,15.1800,40.8000,1.799993
FILLER_0_10_3,VPWR,li1,9.6600,40.8000,1.799995
FILLER_0_9_107,VPWR,li1,54.9700,35.3600,1.799937
FILLER_0_9_90,VPWR,li1,47.1500,35.3600,1.799940
FILLER_0_9_69,VPWR,li1,37.4900,35.3600,1.799956
FILLER_0_9_57,VPWR,li1,31.9700,35.3600,1.799968
FILLER_0_9_51,VPWR,li1,29.4400,35.3600,1.799970
FILLER_0_9_39,VPWR,li1,26.2200,35.3600,1.799974
FILLER_0_9_27,VPWR,li1,20.7000,35.3600,1.799979
FILLER_0_9_15,VPWR,li1,15.1800,35.3600,1.799985
FILLER_0_9_3,VPWR,li1,9.6600,35.3600,1.799990
FILLER_0_8_111,VPWR,li1,57.0400,35.3600,1.799937
FILLER_0_8_95,VPWR,li1,49.4500,35.3600,1.799939
FILLER_0_8_53,VPWR,li1,30.3600,35.3600,1.799970
FILLER_0_8_41,VPWR,li1,27.1400,35.3600,1.799974
FILLER_0_8_29,VPWR,li1,21.6200,35.3600,1.799979
FILLER_0_8_27,VPWR,li1,18.1700,35.3600,1.799982
FILLER_0_8_15,VPWR,li1,15.1800,35.3600,1.799985
FILLER_0_8_3,VPWR,li1,9.6600,35.3600,1.799990
FILLER_0_7_57,VPWR,li1,32.6600,29.9200,1.799961
FILLER_0_7_55,VPWR,li1,31.0500,29.9200,1.799964
FILLER_0_7_51,VPWR,li1,29.9000,29.9200,1.799964
FILLER_0_7_39,VPWR,li1,26.2200,29.9200,1.799968
FILLER_0_7_27,VPWR,li1,20.7000,29.9200,1.799975
FILLER_0_7_15,VPWR,li1,15.1800,29.9200,1.799982
FILLER_0_7_3,VPWR,li1,9.6600,29.9200,1.799988
FILLER_0_6_53,VPWR,li1,31.2800,29.9200,1.799964
FILLER_0_6_41,VPWR,li1,27.1400,29.9200,1.799968
FILLER_0_6_29,VPWR,li1,21.6200,29.9200,1.799975
FILLER_0_6_27,VPWR,li1,18.1700,29.9200,1.799978
FILLER_0_6_15,VPWR,li1,15.1800,29.9200,1.799982
FILLER_0_6_3,VPWR,li1,9.6600,29.9200,1.799988
FILLER_0_5_78,VPWR,li1,41.8600,24.4800,1.799977
FILLER_0_5_57,VPWR,li1,32.2000,24.4800,1.799988
FILLER_0_5_55,VPWR,li1,31.0500,24.4800,1.799988
FILLER_0_5_51,VPWR,li1,29.9000,24.4800,1.799988
FILLER_0_5_39,VPWR,li1,26.2200,24.4800,1.799990
FILLER_0_5_27,VPWR,li1,20.7000,24.4800,1.799992
FILLER_0_5_15,VPWR,li1,15.1800,24.4800,1.799994
FILLER_0_5_3,VPWR,li1,9.6600,24.4800,1.799996
FILLER_0_4_53,VPWR,li1,30.1300,24.4800,1.799988
FILLER_0_4_41,VPWR,li1,27.1400,24.4800,1.799990
FILLER_0_4_29,VPWR,li1,21.6200,24.4800,1.799992
FILLER_0_4_27,VPWR,li1,18.1700,24.4800,1.799993
FILLER_0_4_15,VPWR,li1,15.1800,24.4800,1.799994
FILLER_0_4_3,VPWR,li1,9.6600,24.4800,1.799996
FILLER_0_3_110,VPWR,li1,56.5800,19.0400,1.799972
FILLER_0_3_47,VPWR,li1,27.6000,19.0400,1.799990
FILLER_0_3_39,VPWR,li1,25.3000,19.0400,1.799990
FILLER_0_3_27,VPWR,li1,20.7000,19.0400,1.799992
FILLER_0_3_15,VPWR,li1,15.1800,19.0400,1.799994
FILLER_0_3_3,VPWR,li1,9.6600,19.0400,1.799996
FILLER_0_2_111,VPWR,li1,57.0400,19.0400,1.799972
FILLER_0_2_93,VPWR,li1,48.7600,19.0400,1.799974
FILLER_0_2_53,VPWR,li1,30.8200,19.0400,1.799989
FILLER_0_2_41,VPWR,li1,27.1400,19.0400,1.799990
FILLER_0_2_29,VPWR,li1,21.6200,19.0400,1.799992
FILLER_0_2_27,VPWR,li1,18.1700,19.0400,1.799993
FILLER_0_2_15,VPWR,li1,15.1800,19.0400,1.799994
FILLER_0_2_3,VPWR,li1,9.6600,19.0400,1.799996
FILLER_0_1_57,VPWR,li1,32.4300,13.6000,1.799987
FILLER_0_1_55,VPWR,li1,31.0500,13.6000,1.799988
FILLER_0_1_51,VPWR,li1,29.9000,13.6000,1.799988
FILLER_0_1_39,VPWR,li1,26.2200,13.6000,1.799990
FILLER_0_1_27,VPWR,li1,20.7000,13.6000,1.799992
FILLER_0_1_15,VPWR,li1,15.1800,13.6000,1.799994
FILLER_0_1_3,VPWR,li1,9.6600,13.6000,1.799996
FILLER_0_0_111,VPWR,li1,56.8100,13.6000,1.799964
FILLER_0_0_93,VPWR,li1,48.7600,13.6000,1.799967
FILLER_0_0_57,VPWR,li1,33.5800,13.6000,1.799987
FILLER_0_0_53,VPWR,li1,30.5900,13.6000,1.799988
FILLER_0_0_41,VPWR,li1,27.1400,13.6000,1.799990
FILLER_0_0_29,VPWR,li1,21.6200,13.6000,1.799992
FILLER_0_0_27,VPWR,li1,18.1700,13.6000,1.799993
FILLER_0_0_15,VPWR,li1,15.1800,13.6000,1.799994
FILLER_0_0_3,VPWR,li1,9.6600,13.6000,1.799996
hold18,VPWR,li1,46.4600,24.4800,1.799972
hold17,VPWR,li1,46.9200,19.0400,1.799975
hold16,VPWR,li1,46.4600,51.6800,1.799978
hold15,VPWR,li1,42.3200,40.8000,1.799983
hold14,VPWR,li1,38.6400,40.8000,1.799985
hold13,VPWR,li1,35.4200,35.3600,1.799965
hold12,VPWR,li1,44.6200,29.9200,1.799913
hold11,VPWR,li1,42.3200,24.4800,1.799977
hold10,VPWR,li1,44.1600,24.4800,1.799974
hold9,VPWR,li1,38.6400,24.4800,1.799982
hold8,VPWR,li1,42.3200,13.6000,1.799974
hold7,VPWR,li1,55.2000,24.4800,1.799966
hold6,VPWR,li1,34.9600,19.0400,1.799987
hold5,VPWR,li1,55.6600,29.9200,1.799888
hold4,VPWR,li1,46.0000,13.6000,1.799972
hold3,VPWR,li1,54.7400,35.3600,1.799937
hold2,VPWR,li1,54.2800,19.0400,1.799972
hold1,VPWR,li1,34.9600,24.4800,1.799986
clkbuf_1_1__f_clk,VPWR,li1,46.0000,46.2400,1.799918
clkbuf_1_0__f_clk,VPWR,li1,49.2200,29.9200,1.799891
clkbuf_0_clk,VPWR,li1,42.3200,35.3600,1.799943
cpu_top_16,VPWR,li1,30.5900,35.3600,1.799970
output15,VPWR,li1,46.0000,62.5600,1.799989
output14,VPWR,li1,41.4000,62.5600,1.799991
output13,VPWR,li1,43.2400,62.5600,1.799990
output12,VPWR,li1,56.1200,62.5600,1.799986
output11,VPWR,li1,56.1200,57.1200,1.799968
output10,VPWR,li1,56.1200,46.2400,1.799913
output9,VPWR,li1,54.2800,46.2400,1.799913
output8,VPWR,li1,56.1200,35.3600,1.799937
output7,VPWR,li1,52.4400,46.2400,1.799915
output6,VPWR,li1,56.1200,13.6000,1.799964
output5,VPWR,li1,34.0400,13.6000,1.799987
output4,VPWR,li1,43.2400,13.6000,1.799974
output3,VPWR,li1,49.2200,24.4800,1.799968
output2,VPWR,li1,37.7200,13.6000,1.799983
output1,VPWR,li1,39.5600,13.6000,1.799979
TAP_TAPCELL_ROW_18_79,VPWR,li1,57.2700,62.2530,1.799986
TAP_TAPCELL_ROW_18_78,VPWR,li1,44.3900,62.2530,1.799990
TAP_TAPCELL_ROW_18_77,VPWR,li1,31.5100,62.2530,1.799996
TAP_TAPCELL_ROW_18_76,VPWR,li1,18.6300,62.2530,1.799998
TAP_TAPCELL_ROW_17_75,VPWR,li1,57.2700,57.4260,1.799968
TAP_TAPCELL_ROW_17_74,VPWR,li1,31.5100,57.4260,1.799987
TAP_TAPCELL_ROW_16_73,VPWR,li1,44.3900,56.8130,1.799977
TAP_TAPCELL_ROW_16_72,VPWR,li1,18.6300,56.8130,1.799991
TAP_TAPCELL_ROW_15_71,VPWR,li1,57.2700,51.9860,1.799971
TAP_TAPCELL_ROW_15_70,VPWR,li1,31.5100,51.9860,1.799992
TAP_TAPCELL_ROW_14_69,VPWR,li1,44.3900,51.3730,1.799981
TAP_TAPCELL_ROW_14_68,VPWR,li1,18.6300,51.3730,1.799995
TAP_TAPCELL_ROW_13_67,VPWR,li1,57.2700,46.5460,1.799913
TAP_TAPCELL_ROW_13_66,VPWR,li1,31.5100,46.5460,1.799969
TAP_TAPCELL_ROW_12_65,VPWR,li1,44.3900,45.9330,1.799918
TAP_TAPCELL_ROW_12_64,VPWR,li1,18.6300,45.9330,1.799981
TAP_TAPCELL_ROW_11_63,VPWR,li1,57.2700,41.1060,1.799976
TAP_TAPCELL_ROW_11_62,VPWR,li1,31.5100,41.1060,1.799987
TAP_TAPCELL_ROW_10_61,VPWR,li1,44.3900,40.4930,1.799981
TAP_TAPCELL_ROW_10_60,VPWR,li1,18.6300,40.4930,1.799992
TAP_TAPCELL_ROW_9_59,VPWR,li1,57.2700,35.6660,1.799937
TAP_TAPCELL_ROW_9_58,VPWR,li1,31.5100,35.6660,1.799968
TAP_TAPCELL_ROW_8_57,VPWR,li1,44.3900,35.0530,1.799941
TAP_TAPCELL_ROW_8_56,VPWR,li1,18.6300,35.0530,1.799982
TAP_TAPCELL_ROW_7_55,VPWR,li1,57.2700,30.2260,1.799888
TAP_TAPCELL_ROW_7_54,VPWR,li1,31.5100,30.2260,1.799964
TAP_TAPCELL_ROW_6_53,VPWR,li1,44.3900,29.6130,1.799913
TAP_TAPCELL_ROW_6_52,VPWR,li1,18.6300,29.6130,1.799978
TAP_TAPCELL_ROW_5_51,VPWR,li1,57.2700,24.7860,1.799966
TAP_TAPCELL_ROW_5_50,VPWR,li1,31.5100,24.7860,1.799988
TAP_TAPCELL_ROW_4_49,VPWR,li1,44.3900,24.1730,1.799974
TAP_TAPCELL_ROW_4_48,VPWR,li1,18.6300,24.1730,1.799993
TAP_TAPCELL_ROW_3_47,VPWR,li1,57.2700,19.3460,1.799972
TAP_TAPCELL_ROW_3_46,VPWR,li1,31.5100,19.3460,1.799988
TAP_TAPCELL_ROW_2_45,VPWR,li1,44.3900,18.7330,1.799977
TAP_TAPCELL_ROW_2_44,VPWR,li1,18.6300,18.7330,1.799993
TAP_TAPCELL_ROW_1_43,VPWR,li1,57.2700,13.9060,1.799964
TAP_TAPCELL_ROW_1_42,VPWR,li1,31.5100,13.9060,1.799988
TAP_TAPCELL_ROW_0_41,VPWR,li1,57.2700,13.2930,1.799964
TAP_TAPCELL_ROW_0_40,VPWR,li1,44.3900,13.2930,1.799972
TAP_TAPCELL_ROW_0_39,VPWR,li1,31.5100,13.2930,1.799988
TAP_TAPCELL_ROW_0_38,VPWR,li1,18.6300,13.2930,1.799993
PHY_EDGE_ROW_18_Left_37,VPWR,li1,6.2100,62.5600,1.799999
PHY_EDGE_ROW_17_Left_36,VPWR,li1,6.2100,57.1200,1.799995
PHY_EDGE_ROW_16_Left_35,VPWR,li1,6.2100,57.1200,1.799995
PHY_EDGE_ROW_15_Left_34,VPWR,li1,6.2100,51.6800,1.799997
PHY_EDGE_ROW_14_Left_33,VPWR,li1,6.2100,51.6800,1.799997
PHY_EDGE_ROW_13_Left_32,VPWR,li1,6.2100,46.2400,1.799990
PHY_EDGE_ROW_12_Left_31,VPWR,li1,6.2100,46.2400,1.799990
PHY_EDGE_ROW_11_Left_30,VPWR,li1,6.2100,40.8000,1.799995
PHY_EDGE_ROW_10_Left_29,VPWR,li1,6.2100,40.8000,1.799995
PHY_EDGE_ROW_9_Left_28,VPWR,li1,6.2100,35.3600,1.799990
PHY_EDGE_ROW_8_Left_27,VPWR,li1,6.2100,35.3600,1.799990
PHY_EDGE_ROW_7_Left_26,VPWR,li1,6.2100,29.9200,1.799988
PHY_EDGE_ROW_6_Left_25,VPWR,li1,6.2100,29.9200,1.799988
PHY_EDGE_ROW_5_Left_24,VPWR,li1,6.2100,24.4800,1.799996
PHY_EDGE_ROW_4_Left_23,VPWR,li1,6.2100,24.4800,1.799996
PHY_EDGE_ROW_3_Left_22,VPWR,li1,6.2100,19.0400,1.799996
PHY_EDGE_ROW_2_Left_21,VPWR,li1,6.2100,19.0400,1.799996
PHY_EDGE_ROW_1_Left_20,VPWR,li1,6.2100,13.6000,1.799996
PHY_EDGE_ROW_0_Left_19,VPWR,li1,6.2100,13.6000,1.799996
PHY_EDGE_ROW_18_Right_18,VPWR,li1,58.1900,62.5600,1.799986
PHY_EDGE_ROW_17_Right_17,VPWR,li1,58.1900,57.1200,1.799968
PHY_EDGE_ROW_16_Right_16,VPWR,li1,58.1900,57.1200,1.799968
PHY_EDGE_ROW_15_Right_15,VPWR,li1,58.1900,51.6800,1.799971
PHY_EDGE_ROW_14_Right_14,VPWR,li1,58.1900,51.6800,1.799971
PHY_EDGE_ROW_13_Right_13,VPWR,li1,58.1900,46.2400,1.799913
PHY_EDGE_ROW_12_Right_12,VPWR,li1,58.1900,46.2400,1.799913
PHY_EDGE_ROW_11_Right_11,VPWR,li1,58.1900,40.8000,1.799976
PHY_EDGE_ROW_10_Right_10,VPWR,li1,58.1900,40.8000,1.799976
PHY_EDGE_ROW_9_Right_9,VPWR,li1,58.1900,35.3600,1.799937
PHY_EDGE_ROW_8_Right_8,VPWR,li1,58.1900,35.3600,1.799937
PHY_EDGE_ROW_7_Right_7,VPWR,li1,58.1900,29.9200,1.799888
PHY_EDGE_ROW_6_Right_6,VPWR,li1,58.1900,29.9200,1.799888
PHY_EDGE_ROW_5_Right_5,VPWR,li1,58.1900,24.4800,1.799966
PHY_EDGE_ROW_4_Right_4,VPWR,li1,58.1900,24.4800,1.799966
PHY_EDGE_ROW_3_Right_3,VPWR,li1,58.1900,19.0400,1.799972
PHY_EDGE_ROW_2_Right_2,VPWR,li1,58.1900,19.0400,1.799972
PHY_EDGE_ROW_1_Right_1,VPWR,li1,58.1900,13.6000,1.799964
PHY_EDGE_ROW_0_Right_0,VPWR,li1,58.1900,13.6000,1.799964
_151_,VPWR,li1,40.4800,19.0400,1.799979
_150_,VPWR,li1,53.3600,29.9200,1.799888
_149_,VPWR,li1,51.0600,35.3600,1.799937
_148_,VPWR,li1,53.8200,24.4800,1.799966
_147_,VPWR,li1,49.6800,24.4800,1.799968
_146_,VPWR,li1,51.5200,13.6000,1.799964
_145_,VPWR,li1,52.9000,19.0400,1.799972
_144_,VPWR,li1,52.9000,13.6000,1.799964
_143_,VPWR,li1,37.7200,24.4800,1.799982
_142_,VPWR,li1,35.8800,35.3600,1.799965
_141_,VPWR,li1,39.1000,29.9200,1.799933
_140_,VPWR,li1,38.6400,13.6000,1.799979
_139_,VPWR,li1,38.6400,19.0400,1.799981
_138_,VPWR,li1,35.8800,57.1200,1.799987
_137_,VPWR,li1,28.5200,57.1200,1.799986
_136_,VPWR,li1,30.3600,40.8000,1.799987
_135_,VPWR,li1,35.4200,40.8000,1.799987
_134_,VPWR,li1,51.0600,62.5600,1.799986
_133_,VPWR,li1,52.9000,51.6800,1.799971
_132_,VPWR,li1,51.0600,57.1200,1.799969
_131_,VPWR,li1,52.9000,57.1200,1.799968
_130_,VPWR,li1,53.8200,51.6800,1.799971
_129_,VPWR,li1,53.8200,46.2400,1.799913
_128_,VPWR,li1,53.3600,40.8000,1.799976
_127_,VPWR,li1,46.4600,19.0400,1.799975
_126_,VPWR,li1,54.9700,40.8000,1.799976
_125_,VPWR,li1,51.0600,40.8000,1.799977
_124_,VPWR,li1,34.2700,29.9200,1.799959
_123_,VPWR,li1,29.6700,19.0400,1.799989
_122_,VPWR,li1,50.6000,19.0400,1.799973
_121_,VPWR,li1,31.5100,35.3600,1.799968
_120_,VPWR,li1,46.4600,13.6000,1.799970
_119_,VPWR,li1,51.2900,35.3600,1.799937
_118_,VPWR,li1,48.0700,29.9200,1.799891
_117_,VPWR,li1,43.7000,19.0400,1.799977
_116_,VPWR,li1,33.3500,19.0400,1.799987
_115_,VPWR,li1,48.0700,35.3600,1.799939
_114_,VPWR,li1,36.5700,29.9200,1.799947
_113_,VPWR,li1,33.3500,29.9200,1.799961
_112_,VPWR,li1,34.7300,29.9200,1.799959
_111_,VPWR,li1,43.2400,35.3600,1.799941
_110_,VPWR,li1,45.7700,35.3600,1.799940
_109_,VPWR,li1,32.4300,19.0400,1.799988
_108_,VPWR,li1,31.0500,24.4800,1.799988
_107_,VPWR,li1,32.4300,24.4800,1.799988
_106_,VPWR,li1,33.3500,24.4800,1.799988
_105_,VPWR,li1,36.1100,13.6000,1.799983
_104_,VPWR,li1,46.2300,57.1200,1.799975
_103_,VPWR,li1,42.5500,57.1200,1.799979
_102_,VPWR,li1,39.7900,46.2400,1.799940
_101_,VPWR,li1,41.4000,57.1200,1.799982
_100_,VPWR,li1,40.2500,51.6800,1.799986
_099_,VPWR,li1,46.4600,57.1200,1.799975
_098_,VPWR,li1,40.0200,57.1200,1.799982
_097_,VPWR,li1,37.4900,57.1200,1.799985
_096_,VPWR,li1,42.0900,51.6800,1.799983
_095_,VPWR,li1,44.6200,57.1200,1.799977
_094_,VPWR,li1,47.8400,51.6800,1.799978
_093_,VPWR,li1,42.5500,46.2400,1.799927
_092_,VPWR,li1,39.5600,51.6800,1.799986
_091_,VPWR,li1,43.0100,51.6800,1.799983
_090_,VPWR,li1,52.6700,40.8000,1.799977
_089_,VPWR,li1,34.7300,46.2400,1.799964
_088_,VPWR,li1,34.7300,51.6800,1.799991
_087_,VPWR,li1,33.1200,46.2400,1.799966
_086_,VPWR,li1,43.4700,51.6800,1.799983
_085_,VPWR,li1,44.8500,40.8000,1.799981
_084_,VPWR,li1,46.0000,46.2400,1.799918
_083_,VPWR,li1,48.9900,40.8000,1.799979
_082_,VPWR,li1,49.2200,51.6800,1.799975
_081_,VPWR,li1,43.4700,29.9200,1.799913
_080_,VPWR,li1,45.7700,51.6800,1.799981
_079_,VPWR,li1,35.4200,46.2400,1.799964
_078_,VPWR,li1,48.3000,46.2400,1.799916
_077_,VPWR,li1,40.9400,40.8000,1.799983
_076_,VPWR,li1,39.7900,46.2400,1.799940
_075_,VPWR,li1,37.4900,46.2400,1.799951
_074_,VPWR,li1,37.2600,51.6800,1.799989
_073_,VPWR,li1,48.5300,57.1200,1.799972
_072_,VPWR,li1,48.0700,40.8000,1.799979
_071_,VPWR,li1,36.5700,51.6800,1.799991
_070_,VPWR,li1,37.4900,46.2400,1.799951
_069_,VPWR,li1,46.2300,40.8000,1.799980
_068_,VPWR,li1,32.8900,35.3600,1.799968
_067_,VPWR,li1,40.4800,29.9200,1.799933
_066_,VPWR,li1,30.5900,40.8000,1.799987
_065_,VPWR,li1,35.6500,40.8000,1.799987
_064_,VPWR,li1,40.9400,35.3600,1.799943
