Instance,Terminal,Layer,X location,Y location,Voltage
FILLER_0_18_107,VGND,li1,54.9700,59.8400,0.000012
FILLER_0_18_75,VGND,li1,40.2500,59.8400,0.000006
FILLER_0_18_69,VGND,li1,38.6400,59.8400,0.000004
FILLER_0_18_57,VGND,li1,34.5000,59.8400,0.000004
FILLER_0_18_53,VGND,li1,30.5900,59.8400,0.000003
FILLER_0_18_41,VGND,li1,27.1400,59.8400,0.000003
FILLER_0_18_29,VGND,li1,21.6200,59.8400,0.000002
FILLER_0_18_27,VGND,li1,18.1700,59.8400,0.000002
FILLER_0_18_15,VGND,li1,15.1800,59.8400,0.000001
FILLER_0_18_3,VGND,li1,9.6600,59.8400,0.000001
FILLER_0_17_107,VGND,li1,54.9700,59.8400,0.000012
FILLER_0_17_65,VGND,li1,35.8800,59.8400,0.000004
FILLER_0_17_57,VGND,li1,33.5800,59.8400,0.000004
FILLER_0_17_55,VGND,li1,31.0500,59.8400,0.000003
FILLER_0_17_51,VGND,li1,29.9000,59.8400,0.000003
FILLER_0_17_39,VGND,li1,26.2200,59.8400,0.000003
FILLER_0_17_27,VGND,li1,20.7000,59.8400,0.000002
FILLER_0_17_15,VGND,li1,15.1800,59.8400,0.000001
FILLER_0_17_3,VGND,li1,9.6600,59.8400,0.000001
FILLER_0_16_111,VGND,li1,57.0400,54.4000,0.000020
FILLER_0_16_82,VGND,li1,43.7000,54.4000,0.000015
FILLER_0_16_41,VGND,li1,24.6100,54.4000,0.000012
FILLER_0_16_29,VGND,li1,21.6200,54.4000,0.000009
FILLER_0_16_27,VGND,li1,18.1700,54.4000,0.000008
FILLER_0_16_15,VGND,li1,15.1800,54.4000,0.000006
FILLER_0_16_3,VGND,li1,9.6600,54.4000,0.000006
FILLER_0_15_111,VGND,li1,56.8100,54.4000,0.000020
FILLER_0_15_94,VGND,li1,48.9900,54.4000,0.000017
FILLER_0_15_84,VGND,li1,44.3900,54.4000,0.000015
FILLER_0_15_65,VGND,li1,35.6500,54.4000,0.000014
FILLER_0_15_57,VGND,li1,33.5800,54.4000,0.000014
FILLER_0_15_55,VGND,li1,31.0500,54.4000,0.000014
FILLER_0_15_51,VGND,li1,29.9000,54.4000,0.000014
FILLER_0_15_39,VGND,li1,26.2200,54.4000,0.000012
FILLER_0_15_27,VGND,li1,20.7000,54.4000,0.000009
FILLER_0_15_15,VGND,li1,15.1800,54.4000,0.000006
FILLER_0_15_3,VGND,li1,9.6600,54.4000,0.000006
FILLER_0_14_76,VGND,li1,40.9400,48.9600,0.000048
FILLER_0_14_69,VGND,li1,37.9500,48.9600,0.000034
FILLER_0_14_53,VGND,li1,31.7400,48.9600,0.000029
FILLER_0_14_41,VGND,li1,27.1400,48.9600,0.000023
FILLER_0_14_29,VGND,li1,21.6200,48.9600,0.000018
FILLER_0_14_27,VGND,li1,18.1700,48.9600,0.000015
FILLER_0_14_15,VGND,li1,15.1800,48.9600,0.000010
FILLER_0_14_3,VGND,li1,9.6600,48.9600,0.000010
FILLER_0_13_98,VGND,li1,51.0600,48.9600,0.000075
FILLER_0_13_77,VGND,li1,41.1700,48.9600,0.000048
FILLER_0_13_71,VGND,li1,38.4100,48.9600,0.000036
FILLER_0_13_57,VGND,li1,32.2000,48.9600,0.000029
FILLER_0_13_55,VGND,li1,31.0500,48.9600,0.000027
FILLER_0_13_51,VGND,li1,29.9000,48.9600,0.000027
FILLER_0_13_39,VGND,li1,26.2200,48.9600,0.000023
FILLER_0_13_27,VGND,li1,20.7000,48.9600,0.000018
FILLER_0_13_15,VGND,li1,15.1800,48.9600,0.000010
FILLER_0_13_3,VGND,li1,9.6600,48.9600,0.000010
FILLER_0_12_95,VGND,li1,49.6800,43.5200,0.000021
FILLER_0_12_83,VGND,li1,43.9300,43.5200,0.000015
FILLER_0_12_77,VGND,li1,41.1700,43.5200,0.000012
FILLER_0_12_53,VGND,li1,30.8200,43.5200,0.000007
FILLER_0_12_41,VGND,li1,27.1400,43.5200,0.000006
FILLER_0_12_29,VGND,li1,21.6200,43.5200,0.000004
FILLER_0_12_27,VGND,li1,18.1700,43.5200,0.000004
FILLER_0_12_15,VGND,li1,15.1800,43.5200,0.000003
FILLER_0_12_3,VGND,li1,9.6600,43.5200,0.000003
FILLER_0_11_95,VGND,li1,49.4500,43.5200,0.000021
FILLER_0_11_51,VGND,li1,29.4400,43.5200,0.000007
FILLER_0_11_39,VGND,li1,26.2200,43.5200,0.000006
FILLER_0_11_27,VGND,li1,20.7000,43.5200,0.000004
FILLER_0_11_15,VGND,li1,15.1800,43.5200,0.000003
FILLER_0_11_3,VGND,li1,9.6600,43.5200,0.000003
FILLER_0_10_111,VGND,li1,57.0400,38.0800,0.000003
FILLER_0_10_62,VGND,li1,34.2700,38.0800,0.000004
FILLER_0_10_45,VGND,li1,26.4500,38.0800,0.000005
FILLER_0_10_41,VGND,li1,25.3000,38.0800,0.000005
FILLER_0_10_29,VGND,li1,21.6200,38.0800,0.000004
FILLER_0_10_27,VGND,li1,18.1700,38.0800,0.000003
FILLER_0_10_15,VGND,li1,15.1800,38.0800,0.000002
FILLER_0_10_3,VGND,li1,9.6600,38.0800,0.000002
FILLER_0_9_107,VGND,li1,54.9700,38.0800,0.000003
FILLER_0_9_90,VGND,li1,47.1500,38.0800,0.000003
FILLER_0_9_69,VGND,li1,37.4900,38.0800,0.000003
FILLER_0_9_57,VGND,li1,31.9700,38.0800,0.000005
FILLER_0_9_51,VGND,li1,29.4400,38.0800,0.000006
FILLER_0_9_39,VGND,li1,26.2200,38.0800,0.000005
FILLER_0_9_27,VGND,li1,20.7000,38.0800,0.000004
FILLER_0_9_15,VGND,li1,15.1800,38.0800,0.000002
FILLER_0_9_3,VGND,li1,9.6600,38.0800,0.000002
FILLER_0_8_111,VGND,li1,57.0400,32.6400,0.000017
FILLER_0_8_95,VGND,li1,49.4500,32.6400,0.000014
FILLER_0_8_53,VGND,li1,30.3600,32.6400,0.000008
FILLER_0_8_41,VGND,li1,27.1400,32.6400,0.000007
FILLER_0_8_29,VGND,li1,21.6200,32.6400,0.000005
FILLER_0_8_27,VGND,li1,18.1700,32.6400,0.000005
FILLER_0_8_15,VGND,li1,15.1800,32.6400,0.000003
FILLER_0_8_3,VGND,li1,9.6600,32.6400,0.000003
FILLER_0_7_57,VGND,li1,32.6600,32.6400,0.000009
FILLER_0_7_55,VGND,li1,31.0500,32.6400,0.000008
FILLER_0_7_51,VGND,li1,29.9000,32.6400,0.000008
FILLER_0_7_39,VGND,li1,26.2200,32.6400,0.000007
FILLER_0_7_27,VGND,li1,20.7000,32.6400,0.000005
FILLER_0_7_15,VGND,li1,15.1800,32.6400,0.000003
FILLER_0_7_3,VGND,li1,9.6600,32.6400,0.000003
FILLER_0_6_53,VGND,li1,31.2800,27.2000,0.000035
FILLER_0_6_41,VGND,li1,27.1400,27.2000,0.000030
FILLER_0_6_29,VGND,li1,21.6200,27.2000,0.000023
FILLER_0_6_27,VGND,li1,18.1700,27.2000,0.000019
FILLER_0_6_15,VGND,li1,15.1800,27.2000,0.000013
FILLER_0_6_3,VGND,li1,9.6600,27.2000,0.000013
FILLER_0_5_78,VGND,li1,41.8600,27.2000,0.000065
FILLER_0_5_57,VGND,li1,32.2000,27.2000,0.000038
FILLER_0_5_55,VGND,li1,31.0500,27.2000,0.000035
FILLER_0_5_51,VGND,li1,29.9000,27.2000,0.000035
FILLER_0_5_39,VGND,li1,26.2200,27.2000,0.000030
FILLER_0_5_27,VGND,li1,20.7000,27.2000,0.000023
FILLER_0_5_15,VGND,li1,15.1800,27.2000,0.000013
FILLER_0_5_3,VGND,li1,9.6600,27.2000,0.000013
FILLER_0_4_53,VGND,li1,30.1300,21.7600,0.000003
FILLER_0_4_41,VGND,li1,27.1400,21.7600,0.000003
FILLER_0_4_29,VGND,li1,21.6200,21.7600,0.000002
FILLER_0_4_27,VGND,li1,18.1700,21.7600,0.000002
FILLER_0_4_15,VGND,li1,15.1800,21.7600,0.000001
FILLER_0_4_3,VGND,li1,9.6600,21.7600,0.000001
FILLER_0_3_110,VGND,li1,56.5800,21.7600,0.000013
FILLER_0_3_47,VGND,li1,27.6000,21.7600,0.000003
FILLER_0_3_39,VGND,li1,25.3000,21.7600,0.000003
FILLER_0_3_27,VGND,li1,20.7000,21.7600,0.000002
FILLER_0_3_15,VGND,li1,15.1800,21.7600,0.000001
FILLER_0_3_3,VGND,li1,9.6600,21.7600,0.000001
FILLER_0_2_111,VGND,li1,57.0400,16.3200,0.000034
FILLER_0_2_93,VGND,li1,48.7600,16.3200,0.000031
FILLER_0_2_53,VGND,li1,30.8200,16.3200,0.000013
FILLER_0_2_41,VGND,li1,27.1400,16.3200,0.000012
FILLER_0_2_29,VGND,li1,21.6200,16.3200,0.000009
FILLER_0_2_27,VGND,li1,18.1700,16.3200,0.000007
FILLER_0_2_15,VGND,li1,15.1800,16.3200,0.000005
FILLER_0_2_3,VGND,li1,9.6600,16.3200,0.000005
FILLER_0_1_57,VGND,li1,32.4300,16.3200,0.000015
FILLER_0_1_55,VGND,li1,31.0500,16.3200,0.000013
FILLER_0_1_51,VGND,li1,29.9000,16.3200,0.000013
FILLER_0_1_39,VGND,li1,26.2200,16.3200,0.000012
FILLER_0_1_27,VGND,li1,20.7000,16.3200,0.000009
FILLER_0_1_15,VGND,li1,15.1800,16.3200,0.000005
FILLER_0_1_3,VGND,li1,9.6600,16.3200,0.000005
FILLER_0_0_111,VGND,li1,56.8100,10.8800,0.000013
FILLER_0_0_93,VGND,li1,48.7600,10.8800,0.000010
FILLER_0_0_57,VGND,li1,33.5800,10.8800,0.000004
FILLER_0_0_53,VGND,li1,30.5900,10.8800,0.000003
FILLER_0_0_41,VGND,li1,27.1400,10.8800,0.000003
FILLER_0_0_29,VGND,li1,21.6200,10.8800,0.000002
FILLER_0_0_27,VGND,li1,18.1700,10.8800,0.000002
FILLER_0_0_15,VGND,li1,15.1800,10.8800,0.000001
FILLER_0_0_3,VGND,li1,9.6600,10.8800,0.000001
hold18,VGND,li1,46.4600,21.7600,0.000009
hold17,VGND,li1,46.9200,21.7600,0.000009
hold16,VGND,li1,46.4600,48.9600,0.000072
hold15,VGND,li1,42.3200,38.0800,0.000003
hold14,VGND,li1,38.6400,38.0800,0.000003
hold13,VGND,li1,35.4200,38.0800,0.000004
hold12,VGND,li1,44.6200,32.6400,0.000011
hold11,VGND,li1,42.3200,21.7600,0.000007
hold10,VGND,li1,44.1600,27.2000,0.000076
hold9,VGND,li1,38.6400,21.7600,0.000004
hold8,VGND,li1,42.3200,10.8800,0.000007
hold7,VGND,li1,55.2000,27.2000,0.000100
hold6,VGND,li1,34.9600,16.3200,0.000016
hold5,VGND,li1,55.6600,27.2000,0.000100
hold4,VGND,li1,46.0000,16.3200,0.000028
hold3,VGND,li1,54.7400,32.6400,0.000017
hold2,VGND,li1,54.2800,21.7600,0.000013
hold1,VGND,li1,34.9600,21.7600,0.000004
clkbuf_1_1__f_clk,VGND,li1,46.0000,48.9600,0.000072
clkbuf_1_0__f_clk,VGND,li1,49.2200,27.2000,0.000100
clkbuf_0_clk,VGND,li1,42.3200,38.0800,0.000003
cpu_top_16,VGND,li1,30.5900,38.0800,0.000006
output15,VGND,li1,46.0000,59.8400,0.000008
output14,VGND,li1,41.4000,59.8400,0.000006
output13,VGND,li1,43.2400,59.8400,0.000007
output12,VGND,li1,56.1200,59.8400,0.000012
output11,VGND,li1,56.1200,59.8400,0.000012
output10,VGND,li1,56.1200,48.9600,0.000076
output9,VGND,li1,54.2800,48.9600,0.000076
output8,VGND,li1,56.1200,38.0800,0.000003
output7,VGND,li1,52.4400,48.9600,0.000075
output6,VGND,li1,56.1200,16.3200,0.000034
output5,VGND,li1,34.0400,16.3200,0.000016
output4,VGND,li1,43.2400,16.3200,0.000024
output3,VGND,li1,49.2200,21.7600,0.000011
output2,VGND,li1,37.7200,10.8800,0.000004
output1,VGND,li1,39.5600,10.8800,0.000004
TAP_TAPCELL_ROW_18_79,VGND,li1,57.2700,60.1310,0.000012
TAP_TAPCELL_ROW_18_78,VGND,li1,44.3900,60.1310,0.000008
TAP_TAPCELL_ROW_18_77,VGND,li1,31.5100,60.1310,0.000003
TAP_TAPCELL_ROW_18_76,VGND,li1,18.6300,60.1310,0.000002
TAP_TAPCELL_ROW_17_75,VGND,li1,57.2700,59.5480,0.000012
TAP_TAPCELL_ROW_17_74,VGND,li1,31.5100,59.5480,0.000003
TAP_TAPCELL_ROW_16_73,VGND,li1,44.3900,54.6910,0.000015
TAP_TAPCELL_ROW_16_72,VGND,li1,18.6300,54.6910,0.000008
TAP_TAPCELL_ROW_15_71,VGND,li1,57.2700,54.1080,0.000020
TAP_TAPCELL_ROW_15_70,VGND,li1,31.5100,54.1080,0.000014
TAP_TAPCELL_ROW_14_69,VGND,li1,44.3900,49.2510,0.000060
TAP_TAPCELL_ROW_14_68,VGND,li1,18.6300,49.2510,0.000015
TAP_TAPCELL_ROW_13_67,VGND,li1,57.2700,48.6680,0.000076
TAP_TAPCELL_ROW_13_66,VGND,li1,31.5100,48.6680,0.000027
TAP_TAPCELL_ROW_12_65,VGND,li1,44.3900,43.8110,0.000017
TAP_TAPCELL_ROW_12_64,VGND,li1,18.6300,43.8110,0.000004
TAP_TAPCELL_ROW_11_63,VGND,li1,57.2700,43.2280,0.000027
TAP_TAPCELL_ROW_11_62,VGND,li1,31.5100,43.2280,0.000007
TAP_TAPCELL_ROW_10_61,VGND,li1,44.3900,38.3710,0.000003
TAP_TAPCELL_ROW_10_60,VGND,li1,18.6300,38.3710,0.000003
TAP_TAPCELL_ROW_9_59,VGND,li1,57.2700,37.7880,0.000003
TAP_TAPCELL_ROW_9_58,VGND,li1,31.5100,37.7880,0.000005
TAP_TAPCELL_ROW_8_57,VGND,li1,44.3900,32.9310,0.000011
TAP_TAPCELL_ROW_8_56,VGND,li1,18.6300,32.9310,0.000005
TAP_TAPCELL_ROW_7_55,VGND,li1,57.2700,32.3480,0.000017
TAP_TAPCELL_ROW_7_54,VGND,li1,31.5100,32.3480,0.000008
TAP_TAPCELL_ROW_6_53,VGND,li1,44.3900,27.4910,0.000076
TAP_TAPCELL_ROW_6_52,VGND,li1,18.6300,27.4910,0.000019
TAP_TAPCELL_ROW_5_51,VGND,li1,57.2700,26.9080,0.000100
TAP_TAPCELL_ROW_5_50,VGND,li1,31.5100,26.9080,0.000035
TAP_TAPCELL_ROW_4_49,VGND,li1,44.3900,22.0510,0.000008
TAP_TAPCELL_ROW_4_48,VGND,li1,18.6300,22.0510,0.000002
TAP_TAPCELL_ROW_3_47,VGND,li1,57.2700,21.4680,0.000013
TAP_TAPCELL_ROW_3_46,VGND,li1,31.5100,21.4680,0.000004
TAP_TAPCELL_ROW_2_45,VGND,li1,44.3900,16.6110,0.000024
TAP_TAPCELL_ROW_2_44,VGND,li1,18.6300,16.6110,0.000007
TAP_TAPCELL_ROW_1_43,VGND,li1,57.2700,16.0280,0.000034
TAP_TAPCELL_ROW_1_42,VGND,li1,31.5100,16.0280,0.000013
TAP_TAPCELL_ROW_0_41,VGND,li1,57.2700,11.1710,0.000013
TAP_TAPCELL_ROW_0_40,VGND,li1,44.3900,11.1710,0.000008
TAP_TAPCELL_ROW_0_39,VGND,li1,31.5100,11.1710,0.000003
TAP_TAPCELL_ROW_0_38,VGND,li1,18.6300,11.1710,0.000002
PHY_EDGE_ROW_18_Left_37,VGND,li1,6.2100,59.8400,0.000001
PHY_EDGE_ROW_17_Left_36,VGND,li1,6.2100,59.8400,0.000001
PHY_EDGE_ROW_16_Left_35,VGND,li1,6.2100,54.4000,0.000006
PHY_EDGE_ROW_15_Left_34,VGND,li1,6.2100,54.4000,0.000006
PHY_EDGE_ROW_14_Left_33,VGND,li1,6.2100,48.9600,0.000010
PHY_EDGE_ROW_13_Left_32,VGND,li1,6.2100,48.9600,0.000010
PHY_EDGE_ROW_12_Left_31,VGND,li1,6.2100,43.5200,0.000003
PHY_EDGE_ROW_11_Left_30,VGND,li1,6.2100,43.5200,0.000003
PHY_EDGE_ROW_10_Left_29,VGND,li1,6.2100,38.0800,0.000002
PHY_EDGE_ROW_9_Left_28,VGND,li1,6.2100,38.0800,0.000002
PHY_EDGE_ROW_8_Left_27,VGND,li1,6.2100,32.6400,0.000003
PHY_EDGE_ROW_7_Left_26,VGND,li1,6.2100,32.6400,0.000003
PHY_EDGE_ROW_6_Left_25,VGND,li1,6.2100,27.2000,0.000013
PHY_EDGE_ROW_5_Left_24,VGND,li1,6.2100,27.2000,0.000013
PHY_EDGE_ROW_4_Left_23,VGND,li1,6.2100,21.7600,0.000001
PHY_EDGE_ROW_3_Left_22,VGND,li1,6.2100,21.7600,0.000001
PHY_EDGE_ROW_2_Left_21,VGND,li1,6.2100,16.3200,0.000005
PHY_EDGE_ROW_1_Left_20,VGND,li1,6.2100,16.3200,0.000005
PHY_EDGE_ROW_0_Left_19,VGND,li1,6.2100,10.8800,0.000001
PHY_EDGE_ROW_18_Right_18,VGND,li1,58.1900,59.8400,0.000012
PHY_EDGE_ROW_17_Right_17,VGND,li1,58.1900,59.8400,0.000012
PHY_EDGE_ROW_16_Right_16,VGND,li1,58.1900,54.4000,0.000020
PHY_EDGE_ROW_15_Right_15,VGND,li1,58.1900,54.4000,0.000020
PHY_EDGE_ROW_14_Right_14,VGND,li1,58.1900,48.9600,0.000076
PHY_EDGE_ROW_13_Right_13,VGND,li1,58.1900,48.9600,0.000076
PHY_EDGE_ROW_12_Right_12,VGND,li1,58.1900,43.5200,0.000027
PHY_EDGE_ROW_11_Right_11,VGND,li1,58.1900,43.5200,0.000027
PHY_EDGE_ROW_10_Right_10,VGND,li1,58.1900,38.0800,0.000003
PHY_EDGE_ROW_9_Right_9,VGND,li1,58.1900,38.0800,0.000003
PHY_EDGE_ROW_8_Right_8,VGND,li1,58.1900,32.6400,0.000017
PHY_EDGE_ROW_7_Right_7,VGND,li1,58.1900,32.6400,0.000017
PHY_EDGE_ROW_6_Right_6,VGND,li1,58.1900,27.2000,0.000100
PHY_EDGE_ROW_5_Right_5,VGND,li1,58.1900,27.2000,0.000100
PHY_EDGE_ROW_4_Right_4,VGND,li1,58.1900,21.7600,0.000013
PHY_EDGE_ROW_3_Right_3,VGND,li1,58.1900,21.7600,0.000013
PHY_EDGE_ROW_2_Right_2,VGND,li1,58.1900,16.3200,0.000034
PHY_EDGE_ROW_1_Right_1,VGND,li1,58.1900,16.3200,0.000034
PHY_EDGE_ROW_0_Right_0,VGND,li1,58.1900,10.8800,0.000013
_151_,VGND,li1,40.4800,16.3200,0.000021
_150_,VGND,li1,53.3600,32.6400,0.000017
_149_,VGND,li1,51.0600,38.0800,0.000003
_148_,VGND,li1,53.8200,21.7600,0.000013
_147_,VGND,li1,49.6800,27.2000,0.000100
_146_,VGND,li1,51.5200,16.3200,0.000034
_145_,VGND,li1,52.9000,16.3200,0.000034
_144_,VGND,li1,52.9000,10.8800,0.000013
_143_,VGND,li1,37.7200,27.2000,0.000045
_142_,VGND,li1,35.8800,32.6400,0.000010
_141_,VGND,li1,39.1000,27.2000,0.000045
_140_,VGND,li1,38.6400,16.3200,0.000018
_139_,VGND,li1,38.6400,21.7600,0.000004
_138_,VGND,li1,35.8800,54.4000,0.000014
_137_,VGND,li1,28.5200,54.4000,0.000014
_136_,VGND,li1,30.3600,38.0800,0.000006
_135_,VGND,li1,35.4200,43.5200,0.000008
_134_,VGND,li1,51.0600,59.8400,0.000012
_133_,VGND,li1,52.9000,54.4000,0.000020
_132_,VGND,li1,51.0600,59.8400,0.000012
_131_,VGND,li1,52.9000,54.4000,0.000020
_130_,VGND,li1,53.8200,48.9600,0.000076
_129_,VGND,li1,53.8200,43.5200,0.000027
_128_,VGND,li1,53.3600,43.5200,0.000027
_127_,VGND,li1,46.4600,16.3200,0.000028
_126_,VGND,li1,54.9700,38.0800,0.000003
_125_,VGND,li1,51.0600,38.0800,0.000003
_124_,VGND,li1,34.2700,32.6400,0.000010
_123_,VGND,li1,29.6700,21.7600,0.000003
_122_,VGND,li1,50.6000,21.7600,0.000011
_121_,VGND,li1,31.5100,32.6400,0.000008
_120_,VGND,li1,46.4600,10.8800,0.000009
_119_,VGND,li1,51.2900,32.6400,0.000016
_118_,VGND,li1,48.0700,32.6400,0.000014
_117_,VGND,li1,43.7000,21.7600,0.000007
_116_,VGND,li1,33.3500,21.7600,0.000004
_115_,VGND,li1,48.0700,32.6400,0.000014
_114_,VGND,li1,36.5700,32.6400,0.000009
_113_,VGND,li1,33.3500,27.2000,0.000038
_112_,VGND,li1,34.7300,27.2000,0.000041
_111_,VGND,li1,43.2400,32.6400,0.000011
_110_,VGND,li1,45.7700,32.6400,0.000012
_109_,VGND,li1,32.4300,16.3200,0.000015
_108_,VGND,li1,31.0500,21.7600,0.000003
_107_,VGND,li1,32.4300,21.7600,0.000004
_106_,VGND,li1,33.3500,27.2000,0.000038
_105_,VGND,li1,36.1100,10.8800,0.000004
_104_,VGND,li1,46.2300,54.4000,0.000016
_103_,VGND,li1,42.5500,59.8400,0.000007
_102_,VGND,li1,39.7900,48.9600,0.000036
_101_,VGND,li1,41.4000,54.4000,0.000013
_100_,VGND,li1,40.2500,54.4000,0.000012
_099_,VGND,li1,46.4600,59.8400,0.000010
_098_,VGND,li1,40.0200,59.8400,0.000006
_097_,VGND,li1,37.4900,59.8400,0.000004
_096_,VGND,li1,42.0900,48.9600,0.000048
_095_,VGND,li1,44.6200,59.8400,0.000008
_094_,VGND,li1,47.8400,54.4000,0.000017
_093_,VGND,li1,42.5500,43.5200,0.000015
_092_,VGND,li1,39.5600,48.9600,0.000036
_091_,VGND,li1,43.0100,54.4000,0.000013
_090_,VGND,li1,52.6700,38.0800,0.000003
_089_,VGND,li1,34.7300,48.9600,0.000032
_088_,VGND,li1,34.7300,48.9600,0.000032
_087_,VGND,li1,33.1200,43.5200,0.000007
_086_,VGND,li1,43.4700,48.9600,0.000060
_085_,VGND,li1,44.8500,43.5200,0.000017
_084_,VGND,li1,46.0000,43.5200,0.000017
_083_,VGND,li1,48.9900,38.0800,0.000003
_082_,VGND,li1,49.2200,48.9600,0.000074
_081_,VGND,li1,43.4700,27.2000,0.000065
_080_,VGND,li1,45.7700,54.4000,0.000016
_079_,VGND,li1,35.4200,43.5200,0.000008
_078_,VGND,li1,48.3000,43.5200,0.000021
_077_,VGND,li1,40.9400,43.5200,0.000012
_076_,VGND,li1,39.7900,43.5200,0.000012
_075_,VGND,li1,37.4900,43.5200,0.000009
_074_,VGND,li1,37.2600,54.4000,0.000014
_073_,VGND,li1,48.5300,54.4000,0.000017
_072_,VGND,li1,48.0700,43.5200,0.000021
_071_,VGND,li1,36.5700,48.9600,0.000034
_070_,VGND,li1,37.4900,48.9600,0.000034
_069_,VGND,li1,46.2300,38.0800,0.000003
_068_,VGND,li1,32.8900,38.0800,0.000005
_067_,VGND,li1,40.4800,32.6400,0.000008
_066_,VGND,li1,30.5900,43.5200,0.000007
_065_,VGND,li1,35.6500,38.0800,0.000004
_064_,VGND,li1,40.9400,32.6400,0.000010
