Sat Apr 26 17:10:36 +0000 2025 - Executing "{openroad -exit -no_init -python /openlane/scripts/odbpy/lefutil.py get_metal_layers -o /openlane/designs/first_project/runs/RUN_2025.04.26_17.10.17/tmp/layers.list /home/talha/volare_pdks/sky130A/libs.ref/sky130_fd_sc_hd/techlef/sky130_fd_sc_hd__nom.tlef}"

Sat Apr 26 17:10:37 +0000 2025 - Executing "{/openlane/scripts/mergeLef.py -o /openlane/designs/first_project/runs/RUN_2025.04.26_17.10.17/tmp/merged.nom.lef -i /home/talha/volare_pdks/sky130A/libs.ref/sky130_fd_sc_hd/techlef/sky130_fd_sc_hd__nom.tlef {/home/talha/volare_pdks/sky130A/libs.ref/sky130_fd_sc_hd/lef/sky130_fd_sc_hd.lef /home/talha/volare_pdks/sky130A/libs.ref/sky130_fd_sc_hd/lef/sky130_ef_sc_hd.lef} |& tee /dev/null}"

Sat Apr 26 17:10:37 +0000 2025 - Executing "{/openlane/scripts/mergeLef.py -o /openlane/designs/first_project/runs/RUN_2025.04.26_17.10.17/tmp/merged.min.lef -i /home/talha/volare_pdks/sky130A/libs.ref/sky130_fd_sc_hd/techlef/sky130_fd_sc_hd__min.tlef {/home/talha/volare_pdks/sky130A/libs.ref/sky130_fd_sc_hd/lef/sky130_fd_sc_hd.lef /home/talha/volare_pdks/sky130A/libs.ref/sky130_fd_sc_hd/lef/sky130_ef_sc_hd.lef} |& tee /dev/null}"

Sat Apr 26 17:10:38 +0000 2025 - Executing "{/openlane/scripts/mergeLef.py -o /openlane/designs/first_project/runs/RUN_2025.04.26_17.10.17/tmp/merged.max.lef -i /home/talha/volare_pdks/sky130A/libs.ref/sky130_fd_sc_hd/techlef/sky130_fd_sc_hd__max.tlef {/home/talha/volare_pdks/sky130A/libs.ref/sky130_fd_sc_hd/lef/sky130_fd_sc_hd.lef /home/talha/volare_pdks/sky130A/libs.ref/sky130_fd_sc_hd/lef/sky130_ef_sc_hd.lef} |& tee /dev/null}"

Sat Apr 26 17:10:38 +0000 2025 - Executing "{python3 /openlane/scripts/mergeLib.py --output /openlane/designs/first_project/runs/RUN_2025.04.26_17.10.17/tmp/synthesis/merged.lib --name sky130A_merged /home/talha/volare_pdks/sky130A/libs.ref/sky130_fd_sc_hd/lib/sky130_fd_sc_hd__tt_025C_1v80.lib}"

Sat Apr 26 17:10:38 +0000 2025 - Executing "{python3 /openlane/scripts/libtrim.py --cell-file /openlane/designs/first_project/runs/RUN_2025.04.26_17.10.17/tmp/synthesis/trimmed.lib.exclude.list --output /openlane/designs/first_project/runs/RUN_2025.04.26_17.10.17/tmp/synthesis/trimmed.lib /openlane/designs/first_project/runs/RUN_2025.04.26_17.10.17/tmp/synthesis/merged.lib}"

Sat Apr 26 17:10:39 +0000 2025 - Executing "{python3 /openlane/scripts/libtrim.py --cell-file /openlane/designs/first_project/runs/RUN_2025.04.26_17.10.17/tmp/cts/cts.lib.exclude.list --output /openlane/designs/first_project/runs/RUN_2025.04.26_17.10.17/tmp/cts/cts.lib /home/talha/volare_pdks/sky130A/libs.ref/sky130_fd_sc_hd/lib/sky130_fd_sc_hd__tt_025C_1v80.lib}"

Sat Apr 26 17:10:41 +0000 2025 - Executing "{python3 /openlane/scripts/libtrim.py --cell-file /openlane/designs/first_project/runs/RUN_2025.04.26_17.10.17/tmp/cts/cts-fastest.lib.exclude.list --output /openlane/designs/first_project/runs/RUN_2025.04.26_17.10.17/tmp/cts/cts-fastest.lib /home/talha/volare_pdks/sky130A/libs.ref/sky130_fd_sc_hd/lib/sky130_fd_sc_hd__ff_n40C_1v95.lib}"

Sat Apr 26 17:10:47 +0000 2025 - Executing "{python3 /openlane/scripts/libtrim.py --cell-file /openlane/designs/first_project/runs/RUN_2025.04.26_17.10.17/tmp/cts/cts-slowest.lib.exclude.list --output /openlane/designs/first_project/runs/RUN_2025.04.26_17.10.17/tmp/cts/cts-slowest.lib /home/talha/volare_pdks/sky130A/libs.ref/sky130_fd_sc_hd/lib/sky130_fd_sc_hd__ss_100C_1v60.lib}"

Sat Apr 26 17:10:49 +0000 2025 - Executing "{python3 /openlane/scripts/new_tracks.py -i /home/talha/volare_pdks/sky130A/libs.tech/openlane/sky130_fd_sc_hd/tracks.info -o /openlane/designs/first_project/runs/RUN_2025.04.26_17.10.17/tmp/routing/config.tracks}"

Sat Apr 26 17:10:49 +0000 2025 - Executing "{echo {OpenLane e73fb3c57e687a0023fcd4dcfd1566ecd478362a} > /openlane/designs/first_project/runs/RUN_2025.04.26_17.10.17/OPENLANE_COMMIT}"

Sat Apr 26 17:10:50 +0000 2025 - Executing "{yosys -c /openlane/scripts/yosys/blackbox.tcl}"

Sat Apr 26 17:10:50 +0000 2025 - Executing "{verilator -Wall --lint-only --Wno-DECLFILENAME --top-module first_project /openlane/designs/first_project/runs/RUN_2025.04.26_17.10.17/tmp/synthesis/blackbox/sky130_fd_sc_hd__blackbox.v /openlane/designs/first_project/src/first_project.v -Wno-fatal --relative-includes |& tee /openlane/designs/first_project/runs/RUN_2025.04.26_17.10.17/logs/synthesis/linter.log /dev/null}"

Sat Apr 26 17:10:52 +0000 2025 - Executing "{sed -E {s/^([[:space:]]+)pg_pin(.*)/\1pin\2\n\1    direction : "inout";/g} /home/talha/volare_pdks/sky130A/libs.ref/sky130_fd_sc_hd/lib/sky130_fd_sc_hd__tt_025C_1v80.lib > /openlane/designs/first_project/runs/RUN_2025.04.26_17.10.17/tmp/synthesis/1-sky130_fd_sc_hd__tt_025C_1v80.no_pg.lib}"

Sat Apr 26 17:10:54 +0000 2025 - Executing "{sed -E {s/^([[:space:]]+)pg_pin(.*)/\1pin\2\n\1    direction : "inout";/g} /openlane/designs/first_project/runs/RUN_2025.04.26_17.10.17/tmp/synthesis/trimmed.lib > /openlane/designs/first_project/runs/RUN_2025.04.26_17.10.17/tmp/synthesis/1-trimmed.no_pg.lib}"

Sat Apr 26 17:11:00 +0000 2025 - Executing "yosys -c /openlane/scripts/yosys/synth.tcl |& tee /dev/null /openlane/designs/first_project/runs/RUN_2025.04.26_17.10.17/logs/synthesis/1-synthesis.log"

Sat Apr 26 17:11:00 +0000 2025 - Executing "{yosys -c /openlane/scripts/yosys/synth.tcl |& tee /dev/null /openlane/designs/first_project/runs/RUN_2025.04.26_17.10.17/logs/synthesis/1-synthesis.log}"

Sat Apr 26 17:11:02 +0000 2025 - Executing "{sed -i.bak -e {s/\(set ::env(CURRENT_NETLIST)\).*/\1 \/openlane\/designs\/first_project\/runs\/RUN_2025.04.26_17.10.17\/results\/synthesis\/first_project.v/} /openlane/designs/first_project/runs/RUN_2025.04.26_17.10.17/config.tcl}"

Sat Apr 26 17:11:03 +0000 2025 - Executing "{sed -i.bak /defparam/d /openlane/designs/first_project/runs/RUN_2025.04.26_17.10.17/results/synthesis/first_project.v}"

Sat Apr 26 17:11:03 +0000 2025 - Executing "sta -exit -no_init /openlane/scripts/openroad/sta/multi_corner.tcl |& tee /dev/null /openlane/designs/first_project/runs/RUN_2025.04.26_17.10.17/logs/synthesis/2-sta.log"

Sat Apr 26 17:11:03 +0000 2025 - Executing "{sta -exit -no_init /openlane/scripts/openroad/sta/multi_corner.tcl |& tee /dev/null /openlane/designs/first_project/runs/RUN_2025.04.26_17.10.17/logs/synthesis/2-sta.log}"

Sat Apr 26 17:11:05 +0000 2025 - Executing "openroad -exit /openlane/scripts/openroad/floorplan.tcl |& tee /dev/null /openlane/designs/first_project/runs/RUN_2025.04.26_17.10.17/logs/floorplan/3-initial_fp.log"

Sat Apr 26 17:11:05 +0000 2025 - Executing "{openroad -exit /openlane/scripts/openroad/floorplan.tcl |& tee /dev/null /openlane/designs/first_project/runs/RUN_2025.04.26_17.10.17/logs/floorplan/3-initial_fp.log}"

Sat Apr 26 17:11:07 +0000 2025 - Executing "{openroad -exit -no_init -python /openlane/scripts/odbpy/defutil.py extract_core_dims --output-data /openlane/designs/first_project/runs/RUN_2025.04.26_17.10.17/tmp/dimensions.txt --input-lef /openlane/designs/first_project/runs/RUN_2025.04.26_17.10.17/tmp/merged.nom.lef /openlane/designs/first_project/runs/RUN_2025.04.26_17.10.17/tmp/floorplan/3-initial_fp.def}"

Sat Apr 26 17:11:08 +0000 2025 - Executing "{openroad -exit -no_init -python /openlane/scripts/odbpy/io_place.py --config /openlane/designs/first_project/pin_order.cfg --hor-layer met3 --ver-layer met2 --ver-width-mult 2 --hor-width-mult 2 --hor-extension 0 --ver-extension 0 --length 4 --unmatched-error --input-lef /openlane/designs/first_project/runs/RUN_2025.04.26_17.10.17/tmp/merged.nom.lef --output-def /openlane/designs/first_project/runs/RUN_2025.04.26_17.10.17/tmp/floorplan/4-io.def --output /openlane/designs/first_project/runs/RUN_2025.04.26_17.10.17/tmp/floorplan/4-io.odb /openlane/designs/first_project/runs/RUN_2025.04.26_17.10.17/tmp/floorplan/3-initial_fp.odb |& tee /dev/null /openlane/designs/first_project/runs/RUN_2025.04.26_17.10.17/logs/floorplan/4-place_io.log}"

Sat Apr 26 17:11:10 +0000 2025 - Executing "openroad -exit /openlane/scripts/openroad/tapcell.tcl |& tee /dev/null /openlane/designs/first_project/runs/RUN_2025.04.26_17.10.17/logs/floorplan/5-tap.log"

Sat Apr 26 17:11:10 +0000 2025 - Executing "{openroad -exit /openlane/scripts/openroad/tapcell.tcl |& tee /dev/null /openlane/designs/first_project/runs/RUN_2025.04.26_17.10.17/logs/floorplan/5-tap.log}"

Sat Apr 26 17:11:12 +0000 2025 - Executing "openroad -exit /openlane/scripts/openroad/pdn.tcl |& tee /dev/null /openlane/designs/first_project/runs/RUN_2025.04.26_17.10.17/logs/floorplan/6-pdn.log"

Sat Apr 26 17:11:12 +0000 2025 - Executing "{openroad -exit /openlane/scripts/openroad/pdn.tcl |& tee /dev/null /openlane/designs/first_project/runs/RUN_2025.04.26_17.10.17/logs/floorplan/6-pdn.log}"

Sat Apr 26 17:11:14 +0000 2025 - Executing "{openroad -exit -no_init -python /openlane/scripts/odbpy/random_place.py --input-lef /openlane/designs/first_project/runs/RUN_2025.04.26_17.10.17/tmp/merged.nom.lef --output-def /openlane/designs/first_project/runs/RUN_2025.04.26_17.10.17/tmp/placement/7-global.def --output /openlane/designs/first_project/runs/RUN_2025.04.26_17.10.17/tmp/placement/7-global.odb /openlane/designs/first_project/runs/RUN_2025.04.26_17.10.17/results/floorplan/first_project.odb |& tee /dev/null /openlane/designs/first_project/runs/RUN_2025.04.26_17.10.17/logs/placement/7-global.log}"

Sat Apr 26 17:11:17 +0000 2025 - Executing "openroad -exit /openlane/scripts/openroad/resizer.tcl |& tee /dev/null /openlane/designs/first_project/runs/RUN_2025.04.26_17.10.17/logs/placement/8-resizer.log"

Sat Apr 26 17:11:17 +0000 2025 - Executing "{openroad -exit /openlane/scripts/openroad/resizer.tcl |& tee /dev/null /openlane/designs/first_project/runs/RUN_2025.04.26_17.10.17/logs/placement/8-resizer.log}"

Sat Apr 26 17:11:19 +0000 2025 - Executing "{sed -i.bak -e {s/\(set ::env(CURRENT_NETLIST)\).*/\1 \/openlane\/designs\/first_project\/runs\/RUN_2025.04.26_17.10.17\/tmp\/placement\/8-resizer.nl.v/} /openlane/designs/first_project/runs/RUN_2025.04.26_17.10.17/config.tcl}"

Sat Apr 26 17:11:20 +0000 2025 - Executing "openroad -exit /openlane/scripts/openroad/dpl.tcl |& tee /dev/null /openlane/designs/first_project/runs/RUN_2025.04.26_17.10.17/logs/placement/9-detailed.log"

Sat Apr 26 17:11:20 +0000 2025 - Executing "{openroad -exit /openlane/scripts/openroad/dpl.tcl |& tee /dev/null /openlane/designs/first_project/runs/RUN_2025.04.26_17.10.17/logs/placement/9-detailed.log}"

Sat Apr 26 17:11:20 +0000 2025 - Executing "{sed -i.bak -e {s/\(set ::env(CURRENT_NETLIST)\).*/\1 \/openlane\/designs\/first_project\/runs\/RUN_2025.04.26_17.10.17\/results\/placement\/first_project.nl.v/} /openlane/designs/first_project/runs/RUN_2025.04.26_17.10.17/config.tcl}"

Sat Apr 26 17:11:21 +0000 2025 - Executing "openroad -exit /openlane/scripts/openroad/sta/multi_corner.tcl |& tee /dev/null /openlane/designs/first_project/runs/RUN_2025.04.26_17.10.17/logs/placement/10-dpl_sta.log"

Sat Apr 26 17:11:21 +0000 2025 - Executing "{openroad -exit /openlane/scripts/openroad/sta/multi_corner.tcl |& tee /dev/null /openlane/designs/first_project/runs/RUN_2025.04.26_17.10.17/logs/placement/10-dpl_sta.log}"

Sat Apr 26 17:11:22 +0000 2025 - Executing "openroad -exit /openlane/scripts/openroad/cts.tcl |& tee /dev/null /openlane/designs/first_project/runs/RUN_2025.04.26_17.10.17/logs/cts/11-cts.log"

Sat Apr 26 17:11:22 +0000 2025 - Executing "{openroad -exit /openlane/scripts/openroad/cts.tcl |& tee /dev/null /openlane/designs/first_project/runs/RUN_2025.04.26_17.10.17/logs/cts/11-cts.log}"

Sat Apr 26 17:11:35 +0000 2025 - Executing "openroad -exit /openlane/scripts/openroad/sta/multi_corner.tcl |& tee /dev/null /openlane/designs/first_project/runs/RUN_2025.04.26_17.10.17/logs/cts/12-cts_sta.log"

Sat Apr 26 17:11:35 +0000 2025 - Executing "{openroad -exit /openlane/scripts/openroad/sta/multi_corner.tcl |& tee /dev/null /openlane/designs/first_project/runs/RUN_2025.04.26_17.10.17/logs/cts/12-cts_sta.log}"

Sat Apr 26 17:11:37 +0000 2025 - Executing "openroad -exit /openlane/scripts/openroad/resizer_timing.tcl |& tee /dev/null /openlane/designs/first_project/runs/RUN_2025.04.26_17.10.17/logs/cts/13-resizer.log"

Sat Apr 26 17:11:37 +0000 2025 - Executing "{openroad -exit /openlane/scripts/openroad/resizer_timing.tcl |& tee /dev/null /openlane/designs/first_project/runs/RUN_2025.04.26_17.10.17/logs/cts/13-resizer.log}"

Sat Apr 26 17:11:39 +0000 2025 - Executing "{sed -i.bak -e {s/\(set ::env(CURRENT_NETLIST)\).*/\1 \/openlane\/designs\/first_project\/runs\/RUN_2025.04.26_17.10.17\/tmp\/cts\/13-first_project.resized.nl.v/} /openlane/designs/first_project/runs/RUN_2025.04.26_17.10.17/config.tcl}"

Sat Apr 26 17:11:40 +0000 2025 - Executing "openroad -exit /openlane/scripts/openroad/resizer_routing_design.tcl |& tee /dev/null /openlane/designs/first_project/runs/RUN_2025.04.26_17.10.17/logs/routing/14-resizer_design.log"

Sat Apr 26 17:11:40 +0000 2025 - Executing "{openroad -exit /openlane/scripts/openroad/resizer_routing_design.tcl |& tee /dev/null /openlane/designs/first_project/runs/RUN_2025.04.26_17.10.17/logs/routing/14-resizer_design.log}"

Sat Apr 26 17:11:43 +0000 2025 - Executing "{sed -i.bak -e {s/\(set ::env(CURRENT_NETLIST)\).*/\1 \/openlane\/designs\/first_project\/runs\/RUN_2025.04.26_17.10.17\/tmp\/14-first_project.nl.v/} /openlane/designs/first_project/runs/RUN_2025.04.26_17.10.17/config.tcl}"

Sat Apr 26 17:11:43 +0000 2025 - Executing "openroad -exit /openlane/scripts/openroad/sta/multi_corner.tcl |& tee /dev/null /openlane/designs/first_project/runs/RUN_2025.04.26_17.10.17/logs/routing/15-rsz_design_sta.log"

Sat Apr 26 17:11:43 +0000 2025 - Executing "{openroad -exit /openlane/scripts/openroad/sta/multi_corner.tcl |& tee /dev/null /openlane/designs/first_project/runs/RUN_2025.04.26_17.10.17/logs/routing/15-rsz_design_sta.log}"

Sat Apr 26 17:11:45 +0000 2025 - Executing "openroad -exit /openlane/scripts/openroad/resizer_routing_timing.tcl |& tee /dev/null /openlane/designs/first_project/runs/RUN_2025.04.26_17.10.17/logs/routing/16-resizer_timing.log"

Sat Apr 26 17:11:45 +0000 2025 - Executing "{openroad -exit /openlane/scripts/openroad/resizer_routing_timing.tcl |& tee /dev/null /openlane/designs/first_project/runs/RUN_2025.04.26_17.10.17/logs/routing/16-resizer_timing.log}"

Sat Apr 26 17:11:47 +0000 2025 - Executing "{sed -i.bak -e {s/\(set ::env(CURRENT_NETLIST)\).*/\1 \/openlane\/designs\/first_project\/runs\/RUN_2025.04.26_17.10.17\/tmp\/16-first_project.nl.v/} /openlane/designs/first_project/runs/RUN_2025.04.26_17.10.17/config.tcl}"

Sat Apr 26 17:11:47 +0000 2025 - Executing "openroad -exit /openlane/scripts/openroad/sta/multi_corner.tcl |& tee /dev/null /openlane/designs/first_project/runs/RUN_2025.04.26_17.10.17/logs/routing/17-rsz_timing_sta.log"

Sat Apr 26 17:11:47 +0000 2025 - Executing "{openroad -exit /openlane/scripts/openroad/sta/multi_corner.tcl |& tee /dev/null /openlane/designs/first_project/runs/RUN_2025.04.26_17.10.17/logs/routing/17-rsz_timing_sta.log}"

Sat Apr 26 17:11:48 +0000 2025 - Executing "openroad -exit /openlane/scripts/openroad/repair_antennas.tcl |& tee /dev/null /openlane/designs/first_project/runs/RUN_2025.04.26_17.10.17/logs/routing/18-global.log"

Sat Apr 26 17:11:48 +0000 2025 - Executing "{openroad -exit /openlane/scripts/openroad/repair_antennas.tcl |& tee /dev/null /openlane/designs/first_project/runs/RUN_2025.04.26_17.10.17/logs/routing/18-global.log}"

Sat Apr 26 17:11:50 +0000 2025 - Executing "openroad -exit /openlane/scripts/openroad/write_views.tcl |& tee /dev/null /openlane/designs/first_project/runs/RUN_2025.04.26_17.10.17/logs/routing/18-global_write_netlist.log"

Sat Apr 26 17:11:50 +0000 2025 - Executing "{openroad -exit /openlane/scripts/openroad/write_views.tcl |& tee /dev/null /openlane/designs/first_project/runs/RUN_2025.04.26_17.10.17/logs/routing/18-global_write_netlist.log}"

Sat Apr 26 17:11:51 +0000 2025 - Executing "{sed -i.bak -e {s/\(set ::env(CURRENT_NETLIST)\).*/\1 \/openlane\/designs\/first_project\/runs\/RUN_2025.04.26_17.10.17\/tmp\/routing\/global.nl.v/} /openlane/designs/first_project/runs/RUN_2025.04.26_17.10.17/config.tcl}"

Sat Apr 26 17:11:51 +0000 2025 - Executing "openroad -exit /openlane/scripts/openroad/sta/multi_corner.tcl |& tee /dev/null /openlane/designs/first_project/runs/RUN_2025.04.26_17.10.17/logs/routing/20-grt_sta.log"

Sat Apr 26 17:11:51 +0000 2025 - Executing "{openroad -exit /openlane/scripts/openroad/sta/multi_corner.tcl |& tee /dev/null /openlane/designs/first_project/runs/RUN_2025.04.26_17.10.17/logs/routing/20-grt_sta.log}"

Sat Apr 26 17:11:53 +0000 2025 - Executing "openroad -exit /openlane/scripts/openroad/fill.tcl |& tee /dev/null /openlane/designs/first_project/runs/RUN_2025.04.26_17.10.17/logs/routing/21-fill.log"

Sat Apr 26 17:11:53 +0000 2025 - Executing "{openroad -exit /openlane/scripts/openroad/fill.tcl |& tee /dev/null /openlane/designs/first_project/runs/RUN_2025.04.26_17.10.17/logs/routing/21-fill.log}"

Sat Apr 26 17:11:54 +0000 2025 - Executing "{sed -i.bak -e {s/\(set ::env(CURRENT_NETLIST)\).*/\1 \/openlane\/designs\/first_project\/runs\/RUN_2025.04.26_17.10.17\/tmp\/routing\/21-fill.nl.v/} /openlane/designs/first_project/runs/RUN_2025.04.26_17.10.17/config.tcl}"

Sat Apr 26 17:11:55 +0000 2025 - Executing "openroad -exit -metrics /openlane/designs/first_project/runs/RUN_2025.04.26_17.10.17/reports/routing/22-drt_metrics.json /openlane/scripts/openroad/droute.tcl |& tee /dev/null /openlane/designs/first_project/runs/RUN_2025.04.26_17.10.17/logs/routing/22-detailed.log"

Sat Apr 26 17:11:55 +0000 2025 - Executing "{openroad -exit -metrics /openlane/designs/first_project/runs/RUN_2025.04.26_17.10.17/reports/routing/22-drt_metrics.json /openlane/scripts/openroad/droute.tcl |& tee /dev/null /openlane/designs/first_project/runs/RUN_2025.04.26_17.10.17/logs/routing/22-detailed.log}"

Sat Apr 26 17:11:57 +0000 2025 - Executing "{sed -i.bak -e {s/\(set ::env(CURRENT_NETLIST)\).*/\1 \/openlane\/designs\/first_project\/runs\/RUN_2025.04.26_17.10.17\/results\/routing\/first_project.nl.v/} /openlane/designs/first_project/runs/RUN_2025.04.26_17.10.17/config.tcl}"

Sat Apr 26 17:11:57 +0000 2025 - Executing "{python3 /openlane/scripts/drc_rosetta.py tr to_klayout -o /openlane/designs/first_project/runs/RUN_2025.04.26_17.10.17/reports/routing/drt.klayout.xml --design-name first_project /openlane/designs/first_project/runs/RUN_2025.04.26_17.10.17/reports/routing/drt.drc}"

Sat Apr 26 17:11:59 +0000 2025 - Executing "{openroad -exit -no_init -python /openlane/scripts/odbpy/wire_lengths.py --report-out /openlane/designs/first_project/runs/RUN_2025.04.26_17.10.17/reports/routing/23-wire_lengths.csv --input-lef /openlane/designs/first_project/runs/RUN_2025.04.26_17.10.17/tmp/merged.nom.lef --output-def /openlane/designs/first_project/runs/RUN_2025.04.26_17.10.17/results/routing/first_project.def --output /openlane/designs/first_project/runs/RUN_2025.04.26_17.10.17/results/routing/first_project.odb /openlane/designs/first_project/runs/RUN_2025.04.26_17.10.17/results/routing/first_project.odb |& tee /dev/null /openlane/designs/first_project/runs/RUN_2025.04.26_17.10.17/logs/routing/23-wire_lengths.log}"

Sat Apr 26 17:12:00 +0000 2025 - Executing "openroad -exit /openlane/scripts/openroad/rcx.tcl |& tee /dev/null /openlane/designs/first_project/runs/RUN_2025.04.26_17.10.17/logs/signoff/24-parasitics_extraction.min.log"

Sat Apr 26 17:12:00 +0000 2025 - Executing "{openroad -exit /openlane/scripts/openroad/rcx.tcl |& tee /dev/null /openlane/designs/first_project/runs/RUN_2025.04.26_17.10.17/logs/signoff/24-parasitics_extraction.min.log}"

Sat Apr 26 17:12:02 +0000 2025 - Executing "sta -exit -no_init /openlane/scripts/openroad/sta/multi_corner.tcl |& tee /dev/null /openlane/designs/first_project/runs/RUN_2025.04.26_17.10.17/logs/signoff/25-rcx_mcsta.min.log"

Sat Apr 26 17:12:02 +0000 2025 - Executing "{sta -exit -no_init /openlane/scripts/openroad/sta/multi_corner.tcl |& tee /dev/null /openlane/designs/first_project/runs/RUN_2025.04.26_17.10.17/logs/signoff/25-rcx_mcsta.min.log}"

Sat Apr 26 17:12:09 +0000 2025 - Executing "openroad -exit /openlane/scripts/openroad/rcx.tcl |& tee /dev/null /openlane/designs/first_project/runs/RUN_2025.04.26_17.10.17/logs/signoff/26-parasitics_extraction.max.log"

Sat Apr 26 17:12:09 +0000 2025 - Executing "{openroad -exit /openlane/scripts/openroad/rcx.tcl |& tee /dev/null /openlane/designs/first_project/runs/RUN_2025.04.26_17.10.17/logs/signoff/26-parasitics_extraction.max.log}"

Sat Apr 26 17:12:11 +0000 2025 - Executing "sta -exit -no_init /openlane/scripts/openroad/sta/multi_corner.tcl |& tee /dev/null /openlane/designs/first_project/runs/RUN_2025.04.26_17.10.17/logs/signoff/27-rcx_mcsta.max.log"

Sat Apr 26 17:12:11 +0000 2025 - Executing "{sta -exit -no_init /openlane/scripts/openroad/sta/multi_corner.tcl |& tee /dev/null /openlane/designs/first_project/runs/RUN_2025.04.26_17.10.17/logs/signoff/27-rcx_mcsta.max.log}"

Sat Apr 26 17:12:15 +0000 2025 - Executing "openroad -exit /openlane/scripts/openroad/rcx.tcl |& tee /dev/null /openlane/designs/first_project/runs/RUN_2025.04.26_17.10.17/logs/signoff/28-parasitics_extraction.nom.log"

Sat Apr 26 17:12:15 +0000 2025 - Executing "{openroad -exit /openlane/scripts/openroad/rcx.tcl |& tee /dev/null /openlane/designs/first_project/runs/RUN_2025.04.26_17.10.17/logs/signoff/28-parasitics_extraction.nom.log}"

Sat Apr 26 17:12:16 +0000 2025 - Executing "sta -exit -no_init /openlane/scripts/openroad/sta/multi_corner.tcl |& tee /dev/null /openlane/designs/first_project/runs/RUN_2025.04.26_17.10.17/logs/signoff/29-rcx_mcsta.nom.log"

Sat Apr 26 17:12:16 +0000 2025 - Executing "{sta -exit -no_init /openlane/scripts/openroad/sta/multi_corner.tcl |& tee /dev/null /openlane/designs/first_project/runs/RUN_2025.04.26_17.10.17/logs/signoff/29-rcx_mcsta.nom.log}"

Sat Apr 26 17:12:21 +0000 2025 - Executing "openroad -exit /openlane/scripts/openroad/irdrop.tcl |& tee /dev/null /openlane/designs/first_project/runs/RUN_2025.04.26_17.10.17/logs/signoff/30-irdrop.log"

Sat Apr 26 17:12:21 +0000 2025 - Executing "{openroad -exit /openlane/scripts/openroad/irdrop.tcl |& tee /dev/null /openlane/designs/first_project/runs/RUN_2025.04.26_17.10.17/logs/signoff/30-irdrop.log}"

Sat Apr 26 17:12:22 +0000 2025 - Executing "magic -noconsole -dnull -rcfile /home/talha/volare_pdks/sky130A/libs.tech/magic/sky130A.magicrc < /openlane/scripts/magic/wrapper.tcl |& tee /dev/null /openlane/designs/first_project/runs/RUN_2025.04.26_17.10.17/logs/signoff/31-gdsii.log"

Sat Apr 26 17:12:22 +0000 2025 - Executing "{magic -noconsole -dnull -rcfile /home/talha/volare_pdks/sky130A/libs.tech/magic/sky130A.magicrc < /openlane/scripts/magic/wrapper.tcl |& tee /dev/null /openlane/designs/first_project/runs/RUN_2025.04.26_17.10.17/logs/signoff/31-gdsii.log}"

Sat Apr 26 17:12:23 +0000 2025 - Executing "magic -noconsole -dnull -rcfile /home/talha/volare_pdks/sky130A/libs.tech/magic/sky130A.magicrc < /openlane/scripts/magic/wrapper.tcl |& tee /dev/null /openlane/designs/first_project/runs/RUN_2025.04.26_17.10.17/logs/signoff/31-gds_ptrs.log"

Sat Apr 26 17:12:23 +0000 2025 - Executing "{magic -noconsole -dnull -rcfile /home/talha/volare_pdks/sky130A/libs.tech/magic/sky130A.magicrc < /openlane/scripts/magic/wrapper.tcl |& tee /dev/null /openlane/designs/first_project/runs/RUN_2025.04.26_17.10.17/logs/signoff/31-gds_ptrs.log}"

Sat Apr 26 17:12:24 +0000 2025 - Executing "{sed -i.bak -n {/^<< properties >>/,/^<< end >>/p} /openlane/designs/first_project/runs/RUN_2025.04.26_17.10.17/tmp/signoff/gds_ptrs.mag}"

Sat Apr 26 17:12:24 +0000 2025 - Executing "magic -noconsole -dnull -rcfile /home/talha/volare_pdks/sky130A/libs.tech/magic/sky130A.magicrc < /openlane/scripts/magic/wrapper.tcl |& tee /dev/null /openlane/designs/first_project/runs/RUN_2025.04.26_17.10.17/logs/signoff/31-lef.log"

Sat Apr 26 17:12:24 +0000 2025 - Executing "{magic -noconsole -dnull -rcfile /home/talha/volare_pdks/sky130A/libs.tech/magic/sky130A.magicrc < /openlane/scripts/magic/wrapper.tcl |& tee /dev/null /openlane/designs/first_project/runs/RUN_2025.04.26_17.10.17/logs/signoff/31-lef.log}"

Sat Apr 26 17:12:25 +0000 2025 - Executing "magic -noconsole -dnull -rcfile /home/talha/volare_pdks/sky130A/libs.tech/magic/sky130A.magicrc < /openlane/scripts/magic/wrapper.tcl |& tee /dev/null /openlane/designs/first_project/runs/RUN_2025.04.26_17.10.17/logs/signoff/31-maglef.log"

Sat Apr 26 17:12:25 +0000 2025 - Executing "{magic -noconsole -dnull -rcfile /home/talha/volare_pdks/sky130A/libs.tech/magic/sky130A.magicrc < /openlane/scripts/magic/wrapper.tcl |& tee /dev/null /openlane/designs/first_project/runs/RUN_2025.04.26_17.10.17/logs/signoff/31-maglef.log}"

Sat Apr 26 17:12:25 +0000 2025 - Executing "{python3 /openlane/scripts/klayout/stream_out.py --output /openlane/designs/first_project/runs/RUN_2025.04.26_17.10.17/results/signoff/first_project.klayout.gds --lyt /home/talha/volare_pdks/sky130A/libs.tech/klayout/tech/sky130A.lyt --lym /home/talha/volare_pdks/sky130A/libs.tech/klayout/tech/sky130A.map --lyp /home/talha/volare_pdks/sky130A/libs.tech/klayout/tech/sky130A.lyp --top first_project --with-gds-file /home/talha/volare_pdks/sky130A/libs.ref/sky130_fd_sc_hd/gds/sky130_fd_sc_hd.gds --input-lef /openlane/designs/first_project/runs/RUN_2025.04.26_17.10.17/tmp/merged.nom.lef /openlane/designs/first_project/runs/RUN_2025.04.26_17.10.17/results/routing/first_project.def |& tee /dev/null /openlane/designs/first_project/runs/RUN_2025.04.26_17.10.17/logs/signoff/32-gdsii-klayout.log}"

Sat Apr 26 17:12:27 +0000 2025 - Executing "{klayout -b -r /openlane/scripts/klayout/xor.drc -rd a=/openlane/designs/first_project/runs/RUN_2025.04.26_17.10.17/results/signoff/first_project.gds -rd b=/openlane/designs/first_project/runs/RUN_2025.04.26_17.10.17/results/signoff/first_project.klayout.gds -rd jobs=1 -rd rdb_out=/openlane/designs/first_project/runs/RUN_2025.04.26_17.10.17/reports/signoff/33-xor.xml -rd ignore=81/14 -rd rpt_out=/openlane/designs/first_project/runs/RUN_2025.04.26_17.10.17/reports/signoff/33-xor.rpt |& tee /dev/null /openlane/designs/first_project/runs/RUN_2025.04.26_17.10.17/logs/signoff/33-xor.log}"

Sat Apr 26 17:12:28 +0000 2025 - Executing "magic -noconsole -dnull -rcfile /home/talha/volare_pdks/sky130A/libs.tech/magic/sky130A.magicrc < /openlane/scripts/magic/wrapper.tcl |& tee /dev/null /openlane/designs/first_project/runs/RUN_2025.04.26_17.10.17/logs/signoff/34-spice.log"

Sat Apr 26 17:12:28 +0000 2025 - Executing "{magic -noconsole -dnull -rcfile /home/talha/volare_pdks/sky130A/libs.tech/magic/sky130A.magicrc < /openlane/scripts/magic/wrapper.tcl |& tee /dev/null /openlane/designs/first_project/runs/RUN_2025.04.26_17.10.17/logs/signoff/34-spice.log}"

Sat Apr 26 17:12:30 +0000 2025 - Executing "{openroad -exit -no_init -python /openlane/scripts/odbpy/power_utils.py write_powered_def --output /openlane/designs/first_project/runs/RUN_2025.04.26_17.10.17/tmp/signoff/34-first_project.p.def --input-lef /openlane/designs/first_project/runs/RUN_2025.04.26_17.10.17/tmp/merged.nom.lef --power-port VPWR --ground-port VGND --powered-netlist {} /openlane/designs/first_project/runs/RUN_2025.04.26_17.10.17/results/routing/first_project.def |& tee /dev/null /openlane/designs/first_project/runs/RUN_2025.04.26_17.10.17/logs/signoff/35-write_powered_def.log}"

Sat Apr 26 17:12:30 +0000 2025 - Executing "openroad -exit /openlane/scripts/openroad/write_views.tcl |& tee /dev/null /openlane/designs/first_project/runs/RUN_2025.04.26_17.10.17/logs/signoff/35-write_powered_verilog.log"

Sat Apr 26 17:12:30 +0000 2025 - Executing "{openroad -exit /openlane/scripts/openroad/write_views.tcl |& tee /dev/null /openlane/designs/first_project/runs/RUN_2025.04.26_17.10.17/logs/signoff/35-write_powered_verilog.log}"

Sat Apr 26 17:12:31 +0000 2025 - Executing "{sed -i.bak -e {s/\(set ::env(CURRENT_NETLIST)\).*/\1 \/openlane\/designs\/first_project\/runs\/RUN_2025.04.26_17.10.17\/tmp\/signoff\/34-first_project.nl.v/} /openlane/designs/first_project/runs/RUN_2025.04.26_17.10.17/config.tcl}"

Sat Apr 26 17:12:32 +0000 2025 - Executing "{netgen -batch source /openlane/designs/first_project/runs/RUN_2025.04.26_17.10.17/tmp/signoff/37-setup_file.lef.lvs |& tee /dev/null /openlane/designs/first_project/runs/RUN_2025.04.26_17.10.17/logs/signoff/37-lvs.lef.log}"

Sat Apr 26 17:12:33 +0000 2025 - Executing "magic -noconsole -dnull -rcfile /home/talha/volare_pdks/sky130A/libs.tech/magic/sky130A.magicrc < /openlane/scripts/magic/wrapper.tcl |& tee /dev/null /openlane/designs/first_project/runs/RUN_2025.04.26_17.10.17/logs/signoff/38-drc.log"

Sat Apr 26 17:12:33 +0000 2025 - Executing "{magic -noconsole -dnull -rcfile /home/talha/volare_pdks/sky130A/libs.tech/magic/sky130A.magicrc < /openlane/scripts/magic/wrapper.tcl |& tee /dev/null /openlane/designs/first_project/runs/RUN_2025.04.26_17.10.17/logs/signoff/38-drc.log}"

Sat Apr 26 17:12:34 +0000 2025 - Executing "{python3 /openlane/scripts/drc_rosetta.py magic to_tcl -o /openlane/designs/first_project/runs/RUN_2025.04.26_17.10.17/reports/signoff/drc.tcl /openlane/designs/first_project/runs/RUN_2025.04.26_17.10.17/reports/signoff/drc.rpt}"

Sat Apr 26 17:12:34 +0000 2025 - Executing "{python3 /openlane/scripts/drc_rosetta.py magic to_tr -o /openlane/designs/first_project/runs/RUN_2025.04.26_17.10.17/reports/signoff/drc.tr /openlane/designs/first_project/runs/RUN_2025.04.26_17.10.17/reports/signoff/drc.rpt}"

Sat Apr 26 17:12:34 +0000 2025 - Executing "{python3 /openlane/scripts/drc_rosetta.py tr to_klayout -o /openlane/designs/first_project/runs/RUN_2025.04.26_17.10.17/reports/signoff/drc.klayout.xml --design-name first_project /openlane/designs/first_project/runs/RUN_2025.04.26_17.10.17/reports/signoff/drc.tr}"

Sat Apr 26 17:12:34 +0000 2025 - Executing "{python3 /openlane/scripts/drc_rosetta.py magic to_rdb -o /openlane/designs/first_project/runs/RUN_2025.04.26_17.10.17/reports/signoff/drc.rdb /openlane/designs/first_project/runs/RUN_2025.04.26_17.10.17/reports/signoff/drc.rpt}"

Sat Apr 26 17:12:35 +0000 2025 - Executing "{klayout -b -zz -r /home/talha/volare_pdks/sky130A/libs.tech/klayout/drc/sky130A_mr.drc -rd topcell=first_project -rd input=/openlane/designs/first_project/runs/RUN_2025.04.26_17.10.17/results/signoff/first_project.gds -rd report=/openlane/designs/first_project/runs/RUN_2025.04.26_17.10.17/reports/signoff/violations.xml -rd feol=true -rd beol=true -rd floating_metal=false -rd seal=true -rd thread=1 |& tee /dev/null /openlane/designs/first_project/runs/RUN_2025.04.26_17.10.17/logs/signoff/39-drc-klayout.log}"

Sat Apr 26 17:12:36 +0000 2025 - Executing "{python3 /openlane/scripts/klayout/xml_drc_report_to_json.py --xml-file /openlane/designs/first_project/runs/RUN_2025.04.26_17.10.17/reports/signoff/violations.xml --json-file /openlane/designs/first_project/runs/RUN_2025.04.26_17.10.17/reports/signoff/violations.json}"

Sat Apr 26 17:12:37 +0000 2025 - Executing "openroad -exit /openlane/scripts/openroad/antenna_check.tcl |& tee /dev/null /openlane/designs/first_project/runs/RUN_2025.04.26_17.10.17/logs/signoff/40-arc.log"

Sat Apr 26 17:12:37 +0000 2025 - Executing "{openroad -exit /openlane/scripts/openroad/antenna_check.tcl |& tee /dev/null /openlane/designs/first_project/runs/RUN_2025.04.26_17.10.17/logs/signoff/40-arc.log}"

Sat Apr 26 17:12:38 +0000 2025 - Executing "{python3 /openlane/scripts/extract_antenna_violators.py --output /openlane/designs/first_project/runs/RUN_2025.04.26_17.10.17/reports/signoff/40-antenna_violators.rpt --plain-out /openlane/designs/first_project/runs/RUN_2025.04.26_17.10.17/reports/signoff/40-antenna_violators_pins.txt /openlane/designs/first_project/runs/RUN_2025.04.26_17.10.17/logs/signoff/40-arc.log}"

Sat Apr 26 17:12:47 +0000 2025 - Executing "{python3 /openlane/scripts/write_runtime.py --conclude --seconds --time-in 1745687567 {flow completed}}"

Sat Apr 26 17:13:12 +0000 2025 - Executing "{python3 /openlane/scripts/generate_reports.py -d /openlane/designs/first_project --design_name first_project --tag RUN_2025.04.26_17.10.17 --output_file /openlane/designs/first_project/runs/RUN_2025.04.26_17.10.17/reports/metrics.csv --man_report /openlane/designs/first_project/runs/RUN_2025.04.26_17.10.17/reports/manufacturability.rpt --run_path /openlane/designs/first_project/runs/RUN_2025.04.26_17.10.17}"

