
===========================================================================
 report_power
============================================================================
======================= Fastest Corner ===================================

Group                  Internal  Switching    Leakage      Total
                          Power      Power      Power      Power (Watts)
----------------------------------------------------------------
Sequential             2.28e-03   3.64e-04   3.66e-08   2.65e-03  15.0%
Combinational          4.61e-03   7.80e-03   1.47e-08   1.24e-02  70.3%
Clock                  1.52e-03   1.09e-03   1.35e-07   2.61e-03  14.8%
Macro                  0.00e+00   0.00e+00   0.00e+00   0.00e+00   0.0%
Pad                    0.00e+00   0.00e+00   0.00e+00   0.00e+00   0.0%
----------------------------------------------------------------
Total                  8.41e-03   9.25e-03   1.87e-07   1.77e-02 100.0%
                          47.6%      52.4%       0.0%

======================= Slowest Corner ===================================

Group                  Internal  Switching    Leakage      Total
                          Power      Power      Power      Power (Watts)
----------------------------------------------------------------
Sequential             1.55e-03   2.38e-04   5.35e-06   1.79e-03  14.6%
Combinational          3.39e-03   5.22e-03   1.28e-05   8.62e-03  70.6%
Clock                  1.09e-03   7.11e-04   1.72e-06   1.80e-03  14.8%
Macro                  0.00e+00   0.00e+00   0.00e+00   0.00e+00   0.0%
Pad                    0.00e+00   0.00e+00   0.00e+00   0.00e+00   0.0%
----------------------------------------------------------------
Total                  6.03e-03   6.17e-03   1.98e-05   1.22e-02 100.0%
                          49.3%      50.5%       0.2%

======================= Typical Corner ===================================

Group                  Internal  Switching    Leakage      Total
                          Power      Power      Power      Power (Watts)
----------------------------------------------------------------
Sequential             1.97e-03   3.05e-04   3.42e-08   2.28e-03  14.9%
Combinational          4.15e-03   6.62e-03   9.21e-09   1.08e-02  70.4%
Clock                  1.33e-03   9.18e-04   1.32e-07   2.25e-03  14.7%
Macro                  0.00e+00   0.00e+00   0.00e+00   0.00e+00   0.0%
Pad                    0.00e+00   0.00e+00   0.00e+00   0.00e+00   0.0%
----------------------------------------------------------------
Total                  7.46e-03   7.84e-03   1.75e-07   1.53e-02 100.0%
                          48.7%      51.3%       0.0%

