
===========================================================================
report_checks -unconstrained
===========================================================================
======================= Fastest Corner ===================================

Startpoint: _4596_ (rising edge-triggered flip-flop clocked by core_clock)
Endpoint: _4432_ (rising edge-triggered flip-flop clocked by core_clock)
Path Group: core_clock
Path Type: max
Corner: Fastest

Fanout     Cap    Slew   Delay    Time   Description
-----------------------------------------------------------------------------
                          0.00    0.00   clock core_clock (rise edge)
                          0.00    0.00   clock source latency
     2    0.17    0.00    0.00    0.00 ^ clk (in)
                                         clk (net)
                  0.03    0.02    0.02 ^ clkbuf_0_clk/A (sky130_fd_sc_hd__clkbuf_16)
    16    0.19    0.15    0.17    0.19 ^ clkbuf_0_clk/X (sky130_fd_sc_hd__clkbuf_16)
                                         clknet_0_clk (net)
                  0.15    0.01    0.19 ^ clkbuf_3_2__f_clk/A (sky130_fd_sc_hd__clkbuf_16)
    18    0.09    0.09    0.16    0.35 ^ clkbuf_3_2__f_clk/X (sky130_fd_sc_hd__clkbuf_16)
                                         clknet_3_2__leaf_clk (net)
                  0.09    0.00    0.35 ^ clkbuf_leaf_12_clk/A (sky130_fd_sc_hd__clkbuf_8)
     7    0.03    0.04    0.11    0.46 ^ clkbuf_leaf_12_clk/X (sky130_fd_sc_hd__clkbuf_8)
                                         clknet_leaf_12_clk (net)
                  0.04    0.00    0.46 ^ _4596_/CLK (sky130_fd_sc_hd__dfrtp_4)
     7    0.03    0.07    0.33    0.79 v _4596_/Q (sky130_fd_sc_hd__dfrtp_4)
                                         IM.address[0] (net)
                  0.07    0.00    0.79 v rebuffer35/A (sky130_fd_sc_hd__dlygate4sd1_1)
     2    0.01    0.03    0.17    0.95 v rebuffer35/X (sky130_fd_sc_hd__dlygate4sd1_1)
                                         net69 (net)
                  0.03    0.00    0.95 v _2190_/B_N (sky130_fd_sc_hd__or2b_4)
     4    0.04    0.11    0.19    1.14 ^ _2190_/X (sky130_fd_sc_hd__or2b_4)
                                         _0446_ (net)
                  0.11    0.00    1.14 ^ _2204_/A2 (sky130_fd_sc_hd__a21o_1)
     2    0.02    0.11    0.14    1.28 ^ _2204_/X (sky130_fd_sc_hd__a21o_1)
                                         _0460_ (net)
                  0.11    0.00    1.28 ^ _2206_/B (sky130_fd_sc_hd__and3_4)
     3    0.03    0.07    0.15    1.43 ^ _2206_/X (sky130_fd_sc_hd__and3_4)
                                         _0462_ (net)
                  0.07    0.00    1.43 ^ _2216_/A (sky130_fd_sc_hd__buf_12)
    16    0.10    0.10    0.12    1.55 ^ _2216_/X (sky130_fd_sc_hd__buf_12)
                                         _0472_ (net)
                  0.10    0.02    1.56 ^ _2217_/A (sky130_fd_sc_hd__buf_12)
    20    0.13    0.11    0.13    1.70 ^ _2217_/X (sky130_fd_sc_hd__buf_12)
                                         _0473_ (net)
                  0.12    0.01    1.71 ^ _2299_/A (sky130_fd_sc_hd__buf_6)
    20    0.07    0.11    0.14    1.85 ^ _2299_/X (sky130_fd_sc_hd__buf_6)
                                         _0555_ (net)
                  0.11    0.00    1.86 ^ _2300_/A (sky130_fd_sc_hd__buf_4)
    20    0.07    0.16    0.18    2.03 ^ _2300_/X (sky130_fd_sc_hd__buf_4)
                                         _0556_ (net)
                  0.16    0.01    2.04 ^ _2301_/A (sky130_fd_sc_hd__buf_4)
    20    0.09    0.18    0.20    2.24 ^ _2301_/X (sky130_fd_sc_hd__buf_4)
                                         _0557_ (net)
                  0.18    0.00    2.24 ^ _2394_/A (sky130_fd_sc_hd__buf_4)
    20    0.08    0.18    0.19    2.44 ^ _2394_/X (sky130_fd_sc_hd__buf_4)
                                         _0650_ (net)
                  0.18    0.00    2.44 ^ _2583_/S (sky130_fd_sc_hd__mux2_1)
     1    0.01    0.05    0.21    2.64 v _2583_/X (sky130_fd_sc_hd__mux2_1)
                                         _0839_ (net)
                  0.05    0.00    2.64 v _2586_/A2 (sky130_fd_sc_hd__a211o_1)
     1    0.01    0.05    0.21    2.85 v _2586_/X (sky130_fd_sc_hd__a211o_1)
                                         _0842_ (net)
                  0.05    0.00    2.85 v _2587_/B1 (sky130_fd_sc_hd__o211a_1)
     2    0.02    0.08    0.13    2.98 v _2587_/X (sky130_fd_sc_hd__o211a_1)
                                         _0843_ (net)
                  0.08    0.00    2.98 v _2588_/B1 (sky130_fd_sc_hd__a21oi_4)
    10    0.05    0.25    0.17    3.15 ^ _2588_/Y (sky130_fd_sc_hd__a21oi_4)
                                         _0844_ (net)
                  0.25    0.00    3.16 ^ _2946_/B (sky130_fd_sc_hd__and4_1)
     1    0.01    0.08    0.17    3.33 ^ _2946_/X (sky130_fd_sc_hd__and4_1)
                                         _1197_ (net)
                  0.08    0.00    3.33 ^ _2954_/B (sky130_fd_sc_hd__and3_2)
    14    0.05    0.19    0.23    3.56 ^ _2954_/X (sky130_fd_sc_hd__and3_2)
                                         _1205_ (net)
                  0.19    0.00    3.56 ^ _2955_/A (sky130_fd_sc_hd__buf_2)
    20    0.06    0.21    0.22    3.79 ^ _2955_/X (sky130_fd_sc_hd__buf_2)
                                         _1206_ (net)
                  0.21    0.00    3.79 ^ _2956_/A (sky130_fd_sc_hd__buf_2)
    20    0.06    0.21    0.22    4.01 ^ _2956_/X (sky130_fd_sc_hd__buf_2)
                                         _1207_ (net)
                  0.21    0.00    4.01 ^ _2957_/A (sky130_fd_sc_hd__buf_2)
    20    0.05    0.20    0.22    4.23 ^ _2957_/X (sky130_fd_sc_hd__buf_2)
                                         _1208_ (net)
                  0.20    0.00    4.23 ^ _3319_/A (sky130_fd_sc_hd__and2_1)
     2    0.01    0.11    0.15    4.38 ^ _3319_/X (sky130_fd_sc_hd__and2_1)
                                         _1550_ (net)
                  0.11    0.00    4.38 ^ _3320_/A1 (sky130_fd_sc_hd__mux2_1)
     2    0.01    0.05    0.11    4.48 ^ _3320_/X (sky130_fd_sc_hd__mux2_1)
                                         _1551_ (net)
                  0.05    0.00    4.48 ^ _3459_/B (sky130_fd_sc_hd__nor2_1)
     1    0.00    0.05    0.03    4.51 v _3459_/Y (sky130_fd_sc_hd__nor2_1)
                                         _1682_ (net)
                  0.05    0.00    4.51 v _3465_/A2 (sky130_fd_sc_hd__o41a_2)
     2    0.04    0.11    0.36    4.87 v _3465_/X (sky130_fd_sc_hd__o41a_2)
                                         _1688_ (net)
                  0.11    0.00    4.87 v _3466_/B1 (sky130_fd_sc_hd__o21ai_4)
    14    0.12    0.62    0.24    5.11 ^ _3466_/Y (sky130_fd_sc_hd__o21ai_4)
                                         net23 (net)
                  0.63    0.03    5.14 ^ _3772_/A0 (sky130_fd_sc_hd__mux2_1)
     1    0.00    0.04    0.10    5.25 ^ _3772_/X (sky130_fd_sc_hd__mux2_1)
                                         _1867_ (net)
                  0.04    0.00    5.25 ^ _3773_/A (sky130_fd_sc_hd__clkbuf_1)
     1    0.00    0.03    0.05    5.30 ^ _3773_/X (sky130_fd_sc_hd__clkbuf_1)
                                         _0129_ (net)
                  0.03    0.00    5.30 ^ _4432_/D (sky130_fd_sc_hd__dfxtp_1)
                                  5.30   data arrival time

                         10.00   10.00   clock core_clock (rise edge)
                          0.00   10.00   clock source latency
     2    0.17    0.00    0.00   10.00 ^ clk (in)
                                         clk (net)
                  0.03    0.02   10.02 ^ clkbuf_0_clk/A (sky130_fd_sc_hd__clkbuf_16)
    16    0.19    0.15    0.17   10.19 ^ clkbuf_0_clk/X (sky130_fd_sc_hd__clkbuf_16)
                                         clknet_0_clk (net)
                  0.15    0.01   10.19 ^ clkbuf_3_5__f_clk/A (sky130_fd_sc_hd__clkbuf_16)
    22    0.10    0.09    0.16   10.35 ^ clkbuf_3_5__f_clk/X (sky130_fd_sc_hd__clkbuf_16)
                                         clknet_3_5__leaf_clk (net)
                  0.09    0.01   10.36 ^ clkbuf_leaf_45_clk/A (sky130_fd_sc_hd__clkbuf_8)
     6    0.02    0.04    0.10   10.46 ^ clkbuf_leaf_45_clk/X (sky130_fd_sc_hd__clkbuf_8)
                                         clknet_leaf_45_clk (net)
                  0.04    0.00   10.46 ^ _4432_/CLK (sky130_fd_sc_hd__dfxtp_1)
                          0.00   10.46   clock reconvergence pessimism
                         -0.03   10.43   library setup time
                                 10.43   data required time
-----------------------------------------------------------------------------
                                 10.43   data required time
                                 -5.30   data arrival time
-----------------------------------------------------------------------------
                                  5.13   slack (MET)



======================= Slowest Corner ===================================

Startpoint: _4599_ (rising edge-triggered flip-flop clocked by core_clock)
Endpoint: _4432_ (rising edge-triggered flip-flop clocked by core_clock)
Path Group: core_clock
Path Type: max
Corner: Slowest

Fanout     Cap    Slew   Delay    Time   Description
-----------------------------------------------------------------------------
                          0.00    0.00   clock core_clock (rise edge)
                          0.00    0.00   clock source latency
     2    0.17    0.00    0.00    0.00 ^ clk (in)
                                         clk (net)
                  0.03    0.02    0.02 ^ clkbuf_0_clk/A (sky130_fd_sc_hd__clkbuf_16)
    16    0.19    0.29    0.39    0.40 ^ clkbuf_0_clk/X (sky130_fd_sc_hd__clkbuf_16)
                                         clknet_0_clk (net)
                  0.29    0.01    0.41 ^ clkbuf_3_2__f_clk/A (sky130_fd_sc_hd__clkbuf_16)
    18    0.10    0.17    0.41    0.82 ^ clkbuf_3_2__f_clk/X (sky130_fd_sc_hd__clkbuf_16)
                                         clknet_3_2__leaf_clk (net)
                  0.17    0.00    0.82 ^ clkbuf_leaf_12_clk/A (sky130_fd_sc_hd__clkbuf_8)
     7    0.02    0.09    0.29    1.12 ^ clkbuf_leaf_12_clk/X (sky130_fd_sc_hd__clkbuf_8)
                                         clknet_leaf_12_clk (net)
                  0.09    0.00    1.12 ^ _4599_/CLK (sky130_fd_sc_hd__dfrtp_4)
     4    0.02    0.17    1.08    2.19 v _4599_/Q (sky130_fd_sc_hd__dfrtp_4)
                                         IM.address[3] (net)
                  0.17    0.00    2.19 v _2155_/A (sky130_fd_sc_hd__or4b_4)
     3    0.02    0.20    1.18    3.37 v _2155_/X (sky130_fd_sc_hd__or4b_4)
                                         _0411_ (net)
                  0.20    0.00    3.38 v _2203_/A2_N (sky130_fd_sc_hd__o2bb2a_4)
     2    0.01    0.08    0.43    3.81 ^ _2203_/X (sky130_fd_sc_hd__o2bb2a_4)
                                         _0459_ (net)
                  0.08    0.00    3.81 ^ _2206_/A (sky130_fd_sc_hd__and3_4)
     3    0.02    0.17    0.47    4.27 ^ _2206_/X (sky130_fd_sc_hd__and3_4)
                                         _0462_ (net)
                  0.17    0.00    4.27 ^ _2216_/A (sky130_fd_sc_hd__buf_12)
    16    0.10    0.20    0.32    4.59 ^ _2216_/X (sky130_fd_sc_hd__buf_12)
                                         _0472_ (net)
                  0.20    0.02    4.61 ^ _2217_/A (sky130_fd_sc_hd__buf_12)
    20    0.13    0.23    0.36    4.97 ^ _2217_/X (sky130_fd_sc_hd__buf_12)
                                         _0473_ (net)
                  0.24    0.01    4.98 ^ _2299_/A (sky130_fd_sc_hd__buf_6)
    20    0.07    0.24    0.38    5.36 ^ _2299_/X (sky130_fd_sc_hd__buf_6)
                                         _0555_ (net)
                  0.24    0.00    5.36 ^ _2300_/A (sky130_fd_sc_hd__buf_4)
    20    0.07    0.33    0.47    5.84 ^ _2300_/X (sky130_fd_sc_hd__buf_4)
                                         _0556_ (net)
                  0.33    0.01    5.84 ^ _2301_/A (sky130_fd_sc_hd__buf_4)
    20    0.08    0.37    0.54    6.38 ^ _2301_/X (sky130_fd_sc_hd__buf_4)
                                         _0557_ (net)
                  0.37    0.00    6.39 ^ _2394_/A (sky130_fd_sc_hd__buf_4)
    20    0.08    0.36    0.55    6.94 ^ _2394_/X (sky130_fd_sc_hd__buf_4)
                                         _0650_ (net)
                  0.36    0.00    6.94 ^ _2583_/S (sky130_fd_sc_hd__mux2_1)
     1    0.01    0.14    0.83    7.77 v _2583_/X (sky130_fd_sc_hd__mux2_1)
                                         _0839_ (net)
                  0.14    0.00    7.77 v _2586_/A2 (sky130_fd_sc_hd__a211o_1)
     1    0.01    0.13    0.62    8.40 v _2586_/X (sky130_fd_sc_hd__a211o_1)
                                         _0842_ (net)
                  0.13    0.00    8.40 v _2587_/B1 (sky130_fd_sc_hd__o211a_1)
     2    0.02    0.24    0.41    8.80 v _2587_/X (sky130_fd_sc_hd__o211a_1)
                                         _0843_ (net)
                  0.24    0.00    8.81 v _2588_/B1 (sky130_fd_sc_hd__a21oi_4)
    10    0.05    0.54    0.54    9.35 ^ _2588_/Y (sky130_fd_sc_hd__a21oi_4)
                                         _0844_ (net)
                  0.54    0.00    9.35 ^ _2946_/B (sky130_fd_sc_hd__and4_1)
     1    0.01    0.19    0.62    9.97 ^ _2946_/X (sky130_fd_sc_hd__and4_1)
                                         _1197_ (net)
                  0.19    0.00    9.97 ^ _2954_/B (sky130_fd_sc_hd__and3_2)
    14    0.05    0.42    0.69   10.66 ^ _2954_/X (sky130_fd_sc_hd__and3_2)
                                         _1205_ (net)
                  0.42    0.00   10.66 ^ _2955_/A (sky130_fd_sc_hd__buf_2)
    20    0.06    0.45    0.62   11.28 ^ _2955_/X (sky130_fd_sc_hd__buf_2)
                                         _1206_ (net)
                  0.45    0.00   11.29 ^ _2956_/A (sky130_fd_sc_hd__buf_2)
    20    0.06    0.45    0.63   11.91 ^ _2956_/X (sky130_fd_sc_hd__buf_2)
                                         _1207_ (net)
                  0.45    0.01   11.92 ^ _3024_/B (sky130_fd_sc_hd__nand3_1)
     3    0.02    0.41    0.51   12.43 v _3024_/Y (sky130_fd_sc_hd__nand3_1)
                                         _1271_ (net)
                  0.41    0.00   12.43 v _3031_/A0 (sky130_fd_sc_hd__mux2_1)
     3    0.02    0.23    0.93   13.36 v _3031_/X (sky130_fd_sc_hd__mux2_1)
                                         _1278_ (net)
                  0.23    0.00   13.36 v _3173_/A0 (sky130_fd_sc_hd__mux2_1)
     2    0.01    0.14    0.74   14.10 v _3173_/X (sky130_fd_sc_hd__mux2_1)
                                         _1412_ (net)
                  0.14    0.00   14.10 v _3464_/A (sky130_fd_sc_hd__or2_1)
     1    0.00    0.10    0.53   14.63 v _3464_/X (sky130_fd_sc_hd__or2_1)
                                         _1687_ (net)
                  0.10    0.00   14.63 v _3465_/B1 (sky130_fd_sc_hd__o41a_2)
     2    0.04    0.27    0.37   15.00 v _3465_/X (sky130_fd_sc_hd__o41a_2)
                                         _1688_ (net)
                  0.27    0.00   15.01 v _3466_/B1 (sky130_fd_sc_hd__o21ai_4)
    14    0.12    1.34    0.56   15.57 ^ _3466_/Y (sky130_fd_sc_hd__o21ai_4)
                                         net23 (net)
                  1.34    0.03   15.60 ^ _3772_/A0 (sky130_fd_sc_hd__mux2_1)
     1    0.00    0.11    0.59   16.19 ^ _3772_/X (sky130_fd_sc_hd__mux2_1)
                                         _1867_ (net)
                  0.11    0.00   16.19 ^ _3773_/A (sky130_fd_sc_hd__clkbuf_1)
     1    0.00    0.07    0.16   16.36 ^ _3773_/X (sky130_fd_sc_hd__clkbuf_1)
                                         _0129_ (net)
                  0.07    0.00   16.36 ^ _4432_/D (sky130_fd_sc_hd__dfxtp_1)
                                 16.36   data arrival time

                         10.00   10.00   clock core_clock (rise edge)
                          0.00   10.00   clock source latency
     2    0.17    0.00    0.00   10.00 ^ clk (in)
                                         clk (net)
                  0.03    0.02   10.02 ^ clkbuf_0_clk/A (sky130_fd_sc_hd__clkbuf_16)
    16    0.19    0.29    0.39   10.40 ^ clkbuf_0_clk/X (sky130_fd_sc_hd__clkbuf_16)
                                         clknet_0_clk (net)
                  0.29    0.01   10.41 ^ clkbuf_3_5__f_clk/A (sky130_fd_sc_hd__clkbuf_16)
    22    0.10    0.18    0.42   10.83 ^ clkbuf_3_5__f_clk/X (sky130_fd_sc_hd__clkbuf_16)
                                         clknet_3_5__leaf_clk (net)
                  0.18    0.01   10.84 ^ clkbuf_leaf_45_clk/A (sky130_fd_sc_hd__clkbuf_8)
     6    0.02    0.08    0.28   11.12 ^ clkbuf_leaf_45_clk/X (sky130_fd_sc_hd__clkbuf_8)
                                         clknet_leaf_45_clk (net)
                  0.08    0.00   11.12 ^ _4432_/CLK (sky130_fd_sc_hd__dfxtp_1)
                          0.00   11.12   clock reconvergence pessimism
                         -0.13   10.99   library setup time
                                 10.99   data required time
-----------------------------------------------------------------------------
                                 10.99   data required time
                                -16.36   data arrival time
-----------------------------------------------------------------------------
                                 -5.36   slack (VIOLATED)



======================= Typical Corner ===================================

Startpoint: _4599_ (rising edge-triggered flip-flop clocked by core_clock)
Endpoint: _4432_ (rising edge-triggered flip-flop clocked by core_clock)
Path Group: core_clock
Path Type: max
Corner: Typical

Fanout     Cap    Slew   Delay    Time   Description
-----------------------------------------------------------------------------
                          0.00    0.00   clock core_clock (rise edge)
                          0.00    0.00   clock source latency
     2    0.17    0.00    0.00    0.00 ^ clk (in)
                                         clk (net)
                  0.03    0.02    0.02 ^ clkbuf_0_clk/A (sky130_fd_sc_hd__clkbuf_16)
    16    0.19    0.20    0.24    0.25 ^ clkbuf_0_clk/X (sky130_fd_sc_hd__clkbuf_16)
                                         clknet_0_clk (net)
                  0.20    0.01    0.26 ^ clkbuf_3_2__f_clk/A (sky130_fd_sc_hd__clkbuf_16)
    18    0.10    0.11    0.23    0.49 ^ clkbuf_3_2__f_clk/X (sky130_fd_sc_hd__clkbuf_16)
                                         clknet_3_2__leaf_clk (net)
                  0.11    0.00    0.49 ^ clkbuf_leaf_12_clk/A (sky130_fd_sc_hd__clkbuf_8)
     7    0.02    0.06    0.16    0.66 ^ clkbuf_leaf_12_clk/X (sky130_fd_sc_hd__clkbuf_8)
                                         clknet_leaf_12_clk (net)
                  0.06    0.00    0.66 ^ _4599_/CLK (sky130_fd_sc_hd__dfrtp_4)
     4    0.02    0.09    0.51    1.17 v _4599_/Q (sky130_fd_sc_hd__dfrtp_4)
                                         IM.address[3] (net)
                  0.09    0.00    1.17 v _2155_/A (sky130_fd_sc_hd__or4b_4)
     3    0.02    0.11    0.59    1.76 v _2155_/X (sky130_fd_sc_hd__or4b_4)
                                         _0411_ (net)
                  0.11    0.00    1.76 v _2203_/A2_N (sky130_fd_sc_hd__o2bb2a_4)
     2    0.01    0.04    0.23    1.99 ^ _2203_/X (sky130_fd_sc_hd__o2bb2a_4)
                                         _0459_ (net)
                  0.04    0.00    1.99 ^ _2206_/A (sky130_fd_sc_hd__and3_4)
     3    0.03    0.10    0.21    2.20 ^ _2206_/X (sky130_fd_sc_hd__and3_4)
                                         _0462_ (net)
                  0.10    0.00    2.20 ^ _2216_/A (sky130_fd_sc_hd__buf_12)
    16    0.10    0.13    0.17    2.38 ^ _2216_/X (sky130_fd_sc_hd__buf_12)
                                         _0472_ (net)
                  0.13    0.02    2.39 ^ _2217_/A (sky130_fd_sc_hd__buf_12)
    20    0.13    0.15    0.20    2.59 ^ _2217_/X (sky130_fd_sc_hd__buf_12)
                                         _0473_ (net)
                  0.15    0.01    2.61 ^ _2299_/A (sky130_fd_sc_hd__buf_6)
    20    0.07    0.15    0.21    2.81 ^ _2299_/X (sky130_fd_sc_hd__buf_6)
                                         _0555_ (net)
                  0.15    0.00    2.82 ^ _2300_/A (sky130_fd_sc_hd__buf_4)
    20    0.07    0.21    0.26    3.08 ^ _2300_/X (sky130_fd_sc_hd__buf_4)
                                         _0556_ (net)
                  0.21    0.01    3.09 ^ _2301_/A (sky130_fd_sc_hd__buf_4)
    20    0.09    0.24    0.30    3.39 ^ _2301_/X (sky130_fd_sc_hd__buf_4)
                                         _0557_ (net)
                  0.24    0.00    3.39 ^ _2394_/A (sky130_fd_sc_hd__buf_4)
    20    0.08    0.23    0.30    3.69 ^ _2394_/X (sky130_fd_sc_hd__buf_4)
                                         _0650_ (net)
                  0.23    0.00    3.69 ^ _2583_/S (sky130_fd_sc_hd__mux2_1)
     1    0.01    0.07    0.36    4.06 v _2583_/X (sky130_fd_sc_hd__mux2_1)
                                         _0839_ (net)
                  0.07    0.00    4.06 v _2586_/A2 (sky130_fd_sc_hd__a211o_1)
     1    0.01    0.08    0.33    4.38 v _2586_/X (sky130_fd_sc_hd__a211o_1)
                                         _0842_ (net)
                  0.08    0.00    4.38 v _2587_/B1 (sky130_fd_sc_hd__o211a_1)
     2    0.02    0.12    0.21    4.59 v _2587_/X (sky130_fd_sc_hd__o211a_1)
                                         _0843_ (net)
                  0.12    0.00    4.60 v _2588_/B1 (sky130_fd_sc_hd__a21oi_4)
    10    0.05    0.34    0.32    4.92 ^ _2588_/Y (sky130_fd_sc_hd__a21oi_4)
                                         _0844_ (net)
                  0.34    0.00    4.92 ^ _2946_/B (sky130_fd_sc_hd__and4_1)
     1    0.01    0.11    0.30    5.22 ^ _2946_/X (sky130_fd_sc_hd__and4_1)
                                         _1197_ (net)
                  0.11    0.00    5.22 ^ _2954_/B (sky130_fd_sc_hd__and3_2)
    14    0.05    0.26    0.36    5.57 ^ _2954_/X (sky130_fd_sc_hd__and3_2)
                                         _1205_ (net)
                  0.26    0.00    5.58 ^ _2955_/A (sky130_fd_sc_hd__buf_2)
    20    0.06    0.28    0.34    5.92 ^ _2955_/X (sky130_fd_sc_hd__buf_2)
                                         _1206_ (net)
                  0.28    0.00    5.92 ^ _2956_/A (sky130_fd_sc_hd__buf_2)
    20    0.06    0.28    0.34    6.26 ^ _2956_/X (sky130_fd_sc_hd__buf_2)
                                         _1207_ (net)
                  0.28    0.01    6.27 ^ _3024_/B (sky130_fd_sc_hd__nand3_1)
     3    0.02    0.18    0.22    6.49 v _3024_/Y (sky130_fd_sc_hd__nand3_1)
                                         _1271_ (net)
                  0.18    0.00    6.49 v _3031_/A0 (sky130_fd_sc_hd__mux2_1)
     3    0.02    0.12    0.41    6.90 v _3031_/X (sky130_fd_sc_hd__mux2_1)
                                         _1278_ (net)
                  0.12    0.00    6.90 v _3173_/A0 (sky130_fd_sc_hd__mux2_1)
     2    0.01    0.07    0.33    7.23 v _3173_/X (sky130_fd_sc_hd__mux2_1)
                                         _1412_ (net)
                  0.07    0.00    7.23 v _3464_/A (sky130_fd_sc_hd__or2_1)
     1    0.00    0.05    0.23    7.46 v _3464_/X (sky130_fd_sc_hd__or2_1)
                                         _1687_ (net)
                  0.05    0.00    7.46 v _3465_/B1 (sky130_fd_sc_hd__o41a_2)
     2    0.04    0.14    0.19    7.65 v _3465_/X (sky130_fd_sc_hd__o41a_2)
                                         _1688_ (net)
                  0.14    0.00    7.66 v _3466_/B1 (sky130_fd_sc_hd__o21ai_4)
    14    0.12    0.84    0.33    7.99 ^ _3466_/Y (sky130_fd_sc_hd__o21ai_4)
                                         net23 (net)
                  0.84    0.03    8.02 ^ _3772_/A0 (sky130_fd_sc_hd__mux2_1)
     1    0.00    0.07    0.24    8.26 ^ _3772_/X (sky130_fd_sc_hd__mux2_1)
                                         _1867_ (net)
                  0.07    0.00    8.26 ^ _3773_/A (sky130_fd_sc_hd__clkbuf_1)
     1    0.00    0.04    0.09    8.35 ^ _3773_/X (sky130_fd_sc_hd__clkbuf_1)
                                         _0129_ (net)
                  0.04    0.00    8.35 ^ _4432_/D (sky130_fd_sc_hd__dfxtp_1)
                                  8.35   data arrival time

                         10.00   10.00   clock core_clock (rise edge)
                          0.00   10.00   clock source latency
     2    0.17    0.00    0.00   10.00 ^ clk (in)
                                         clk (net)
                  0.03    0.02   10.02 ^ clkbuf_0_clk/A (sky130_fd_sc_hd__clkbuf_16)
    16    0.19    0.20    0.24   10.25 ^ clkbuf_0_clk/X (sky130_fd_sc_hd__clkbuf_16)
                                         clknet_0_clk (net)
                  0.20    0.01   10.26 ^ clkbuf_3_5__f_clk/A (sky130_fd_sc_hd__clkbuf_16)
    22    0.10    0.12    0.24   10.50 ^ clkbuf_3_5__f_clk/X (sky130_fd_sc_hd__clkbuf_16)
                                         clknet_3_5__leaf_clk (net)
                  0.12    0.01   10.50 ^ clkbuf_leaf_45_clk/A (sky130_fd_sc_hd__clkbuf_8)
     6    0.02    0.05    0.16   10.66 ^ clkbuf_leaf_45_clk/X (sky130_fd_sc_hd__clkbuf_8)
                                         clknet_leaf_45_clk (net)
                  0.05    0.00   10.66 ^ _4432_/CLK (sky130_fd_sc_hd__dfxtp_1)
                          0.00   10.66   clock reconvergence pessimism
                         -0.05   10.61   library setup time
                                 10.61   data required time
-----------------------------------------------------------------------------
                                 10.61   data required time
                                 -8.35   data arrival time
-----------------------------------------------------------------------------
                                  2.26   slack (MET)




===========================================================================
report_checks --slack_max -0.01
============================================================================
======================= Fastest Corner ===================================

No paths found.

======================= Slowest Corner ===================================

Startpoint: _4599_ (rising edge-triggered flip-flop clocked by core_clock)
Endpoint: _4432_ (rising edge-triggered flip-flop clocked by core_clock)
Path Group: core_clock
Path Type: max
Corner: Slowest

Fanout     Cap    Slew   Delay    Time   Description
-----------------------------------------------------------------------------
                          0.00    0.00   clock core_clock (rise edge)
                          0.00    0.00   clock source latency
     2    0.17    0.00    0.00    0.00 ^ clk (in)
                                         clk (net)
                  0.03    0.02    0.02 ^ clkbuf_0_clk/A (sky130_fd_sc_hd__clkbuf_16)
    16    0.19    0.29    0.39    0.40 ^ clkbuf_0_clk/X (sky130_fd_sc_hd__clkbuf_16)
                                         clknet_0_clk (net)
                  0.29    0.01    0.41 ^ clkbuf_3_2__f_clk/A (sky130_fd_sc_hd__clkbuf_16)
    18    0.10    0.17    0.41    0.82 ^ clkbuf_3_2__f_clk/X (sky130_fd_sc_hd__clkbuf_16)
                                         clknet_3_2__leaf_clk (net)
                  0.17    0.00    0.82 ^ clkbuf_leaf_12_clk/A (sky130_fd_sc_hd__clkbuf_8)
     7    0.02    0.09    0.29    1.12 ^ clkbuf_leaf_12_clk/X (sky130_fd_sc_hd__clkbuf_8)
                                         clknet_leaf_12_clk (net)
                  0.09    0.00    1.12 ^ _4599_/CLK (sky130_fd_sc_hd__dfrtp_4)
     4    0.02    0.17    1.08    2.19 v _4599_/Q (sky130_fd_sc_hd__dfrtp_4)
                                         IM.address[3] (net)
                  0.17    0.00    2.19 v _2155_/A (sky130_fd_sc_hd__or4b_4)
     3    0.02    0.20    1.18    3.37 v _2155_/X (sky130_fd_sc_hd__or4b_4)
                                         _0411_ (net)
                  0.20    0.00    3.38 v _2203_/A2_N (sky130_fd_sc_hd__o2bb2a_4)
     2    0.01    0.08    0.43    3.81 ^ _2203_/X (sky130_fd_sc_hd__o2bb2a_4)
                                         _0459_ (net)
                  0.08    0.00    3.81 ^ _2206_/A (sky130_fd_sc_hd__and3_4)
     3    0.02    0.17    0.47    4.27 ^ _2206_/X (sky130_fd_sc_hd__and3_4)
                                         _0462_ (net)
                  0.17    0.00    4.27 ^ _2216_/A (sky130_fd_sc_hd__buf_12)
    16    0.10    0.20    0.32    4.59 ^ _2216_/X (sky130_fd_sc_hd__buf_12)
                                         _0472_ (net)
                  0.20    0.02    4.61 ^ _2217_/A (sky130_fd_sc_hd__buf_12)
    20    0.13    0.23    0.36    4.97 ^ _2217_/X (sky130_fd_sc_hd__buf_12)
                                         _0473_ (net)
                  0.24    0.01    4.98 ^ _2299_/A (sky130_fd_sc_hd__buf_6)
    20    0.07    0.24    0.38    5.36 ^ _2299_/X (sky130_fd_sc_hd__buf_6)
                                         _0555_ (net)
                  0.24    0.00    5.36 ^ _2300_/A (sky130_fd_sc_hd__buf_4)
    20    0.07    0.33    0.47    5.84 ^ _2300_/X (sky130_fd_sc_hd__buf_4)
                                         _0556_ (net)
                  0.33    0.01    5.84 ^ _2301_/A (sky130_fd_sc_hd__buf_4)
    20    0.08    0.37    0.54    6.38 ^ _2301_/X (sky130_fd_sc_hd__buf_4)
                                         _0557_ (net)
                  0.37    0.00    6.39 ^ _2394_/A (sky130_fd_sc_hd__buf_4)
    20    0.08    0.36    0.55    6.94 ^ _2394_/X (sky130_fd_sc_hd__buf_4)
                                         _0650_ (net)
                  0.36    0.00    6.94 ^ _2583_/S (sky130_fd_sc_hd__mux2_1)
     1    0.01    0.14    0.83    7.77 v _2583_/X (sky130_fd_sc_hd__mux2_1)
                                         _0839_ (net)
                  0.14    0.00    7.77 v _2586_/A2 (sky130_fd_sc_hd__a211o_1)
     1    0.01    0.13    0.62    8.40 v _2586_/X (sky130_fd_sc_hd__a211o_1)
                                         _0842_ (net)
                  0.13    0.00    8.40 v _2587_/B1 (sky130_fd_sc_hd__o211a_1)
     2    0.02    0.24    0.41    8.80 v _2587_/X (sky130_fd_sc_hd__o211a_1)
                                         _0843_ (net)
                  0.24    0.00    8.81 v _2588_/B1 (sky130_fd_sc_hd__a21oi_4)
    10    0.05    0.54    0.54    9.35 ^ _2588_/Y (sky130_fd_sc_hd__a21oi_4)
                                         _0844_ (net)
                  0.54    0.00    9.35 ^ _2946_/B (sky130_fd_sc_hd__and4_1)
     1    0.01    0.19    0.62    9.97 ^ _2946_/X (sky130_fd_sc_hd__and4_1)
                                         _1197_ (net)
                  0.19    0.00    9.97 ^ _2954_/B (sky130_fd_sc_hd__and3_2)
    14    0.05    0.42    0.69   10.66 ^ _2954_/X (sky130_fd_sc_hd__and3_2)
                                         _1205_ (net)
                  0.42    0.00   10.66 ^ _2955_/A (sky130_fd_sc_hd__buf_2)
    20    0.06    0.45    0.62   11.28 ^ _2955_/X (sky130_fd_sc_hd__buf_2)
                                         _1206_ (net)
                  0.45    0.00   11.29 ^ _2956_/A (sky130_fd_sc_hd__buf_2)
    20    0.06    0.45    0.63   11.91 ^ _2956_/X (sky130_fd_sc_hd__buf_2)
                                         _1207_ (net)
                  0.45    0.01   11.92 ^ _3024_/B (sky130_fd_sc_hd__nand3_1)
     3    0.02    0.41    0.51   12.43 v _3024_/Y (sky130_fd_sc_hd__nand3_1)
                                         _1271_ (net)
                  0.41    0.00   12.43 v _3031_/A0 (sky130_fd_sc_hd__mux2_1)
     3    0.02    0.23    0.93   13.36 v _3031_/X (sky130_fd_sc_hd__mux2_1)
                                         _1278_ (net)
                  0.23    0.00   13.36 v _3173_/A0 (sky130_fd_sc_hd__mux2_1)
     2    0.01    0.14    0.74   14.10 v _3173_/X (sky130_fd_sc_hd__mux2_1)
                                         _1412_ (net)
                  0.14    0.00   14.10 v _3464_/A (sky130_fd_sc_hd__or2_1)
     1    0.00    0.10    0.53   14.63 v _3464_/X (sky130_fd_sc_hd__or2_1)
                                         _1687_ (net)
                  0.10    0.00   14.63 v _3465_/B1 (sky130_fd_sc_hd__o41a_2)
     2    0.04    0.27    0.37   15.00 v _3465_/X (sky130_fd_sc_hd__o41a_2)
                                         _1688_ (net)
                  0.27    0.00   15.01 v _3466_/B1 (sky130_fd_sc_hd__o21ai_4)
    14    0.12    1.34    0.56   15.57 ^ _3466_/Y (sky130_fd_sc_hd__o21ai_4)
                                         net23 (net)
                  1.34    0.03   15.60 ^ _3772_/A0 (sky130_fd_sc_hd__mux2_1)
     1    0.00    0.11    0.59   16.19 ^ _3772_/X (sky130_fd_sc_hd__mux2_1)
                                         _1867_ (net)
                  0.11    0.00   16.19 ^ _3773_/A (sky130_fd_sc_hd__clkbuf_1)
     1    0.00    0.07    0.16   16.36 ^ _3773_/X (sky130_fd_sc_hd__clkbuf_1)
                                         _0129_ (net)
                  0.07    0.00   16.36 ^ _4432_/D (sky130_fd_sc_hd__dfxtp_1)
                                 16.36   data arrival time

                         10.00   10.00   clock core_clock (rise edge)
                          0.00   10.00   clock source latency
     2    0.17    0.00    0.00   10.00 ^ clk (in)
                                         clk (net)
                  0.03    0.02   10.02 ^ clkbuf_0_clk/A (sky130_fd_sc_hd__clkbuf_16)
    16    0.19    0.29    0.39   10.40 ^ clkbuf_0_clk/X (sky130_fd_sc_hd__clkbuf_16)
                                         clknet_0_clk (net)
                  0.29    0.01   10.41 ^ clkbuf_3_5__f_clk/A (sky130_fd_sc_hd__clkbuf_16)
    22    0.10    0.18    0.42   10.83 ^ clkbuf_3_5__f_clk/X (sky130_fd_sc_hd__clkbuf_16)
                                         clknet_3_5__leaf_clk (net)
                  0.18    0.01   10.84 ^ clkbuf_leaf_45_clk/A (sky130_fd_sc_hd__clkbuf_8)
     6    0.02    0.08    0.28   11.12 ^ clkbuf_leaf_45_clk/X (sky130_fd_sc_hd__clkbuf_8)
                                         clknet_leaf_45_clk (net)
                  0.08    0.00   11.12 ^ _4432_/CLK (sky130_fd_sc_hd__dfxtp_1)
                          0.00   11.12   clock reconvergence pessimism
                         -0.13   10.99   library setup time
                                 10.99   data required time
-----------------------------------------------------------------------------
                                 10.99   data required time
                                -16.36   data arrival time
-----------------------------------------------------------------------------
                                 -5.36   slack (VIOLATED)



======================= Typical Corner ===================================

No paths found.


===========================================================================
 report_check_types -max_slew -max_cap -max_fanout -violators
============================================================================
======================= Fastest Corner ===================================


max slew violations count Fastest: 0
max fanout violations count Fastest: 0
max cap violations count Fastest: 0
======================= Slowest Corner ===================================

max slew

Pin                                    Limit    Slew   Slack
------------------------------------------------------------
output28/A                              1.50    1.63   -0.13 (VIOLATED)
ANTENNA_output28_A/DIODE                1.50    1.63   -0.13 (VIOLATED)
_3014_/Y                                1.50    1.63   -0.13 (VIOLATED)
_3584_/A1                               1.50    1.63   -0.13 (VIOLATED)
ANTENNA__3584__A1/DIODE                 1.50    1.63   -0.13 (VIOLATED)
_3720_/A0                               1.50    1.63   -0.13 (VIOLATED)
ANTENNA__3720__A0/DIODE                 1.50    1.63   -0.13 (VIOLATED)
_3651_/A0                               1.50    1.63   -0.13 (VIOLATED)
ANTENNA__3651__A0/DIODE                 1.50    1.63   -0.13 (VIOLATED)
_3517_/A0                               1.50    1.63   -0.13 (VIOLATED)
ANTENNA__3517__A0/DIODE                 1.50    1.63   -0.13 (VIOLATED)
_4047_/A1                               1.50    1.63   -0.13 (VIOLATED)
ANTENNA__4047__A1/DIODE                 1.50    1.63   -0.13 (VIOLATED)
_4184_/A1                               1.50    1.63   -0.13 (VIOLATED)
ANTENNA__4184__A1/DIODE                 1.50    1.63   -0.13 (VIOLATED)

max capacitance

Pin                                    Limit     Cap   Slack
------------------------------------------------------------
_3014_/Y                                0.14    0.15   -0.02 (VIOLATED)


max slew violations count Slowest: 15
max fanout violations count Slowest: 0
max cap violations count Slowest: 1
======================= Typical Corner ===================================


max slew violations count Typical: 0
max fanout violations count Typical: 0
max cap violations count Typical: 0

===========================================================================
report_parasitic_annotation -report_unannotated
============================================================================
Found 72 unannotated drivers.
 clkload0/Y
 clkload1/Y
 clkload10/Y
 clkload11/Y
 clkload12/Y
 clkload13/Y
 clkload14/Y
 clkload15/Y
 clkload16/Y
 clkload17/Y
 clkload18/Y
 clkload19/Y
 clkload2/Y
 clkload20/Y
 clkload21/Y
 clkload22/Y
 clkload23/Y
 clkload24/X
 clkload25/X
 clkload26/Y
 clkload27/Y
 clkload28/X
 clkload29/Y
 clkload3/X
 clkload30/Y
 clkload31/Y
 clkload32/Y
 clkload33/Y
 clkload34/X
 clkload35/Y
 clkload36/Y
 clkload37/Y
 clkload38/Y
 clkload39/Y
 clkload4/Y
 clkload40/Y
 clkload41/Y
 clkload42/Y
 clkload43/X
 clkload44/Y
 clkload45/Y
 clkload46/Y
 clkload47/Y
 clkload48/Y
 clkload49/Y
 clkload5/Y
 clkload50/Y
 clkload51/Y
 clkload52/Y
 clkload53/Y
 clkload54/Y
 clkload55/Y
 clkload56/Y
 clkload57/Y
 clkload58/Y
 clkload59/Y
 clkload6/Y
 clkload60/Y
 clkload61/Y
 clkload62/Y
 clkload63/Y
 clkload64/Y
 clkload65/Y
 clkload66/Y
 clkload67/Y
 clkload68/Y
 clkload69/X
 clkload7/Y
 clkload70/Y
 clkload71/X
 clkload8/Y
 clkload9/Y
Found 0 partially unannotated drivers.

===========================================================================
max slew violation count 15
max fanout violation count 0
max cap violation count 1
============================================================================

===========================================================================
check_setup -verbose -unconstrained_endpoints -multiple_clock -no_clock -no_input_delay -loops -generated_clocks
===========================================================================
Warning: There are 2 input ports missing set_input_delay.
  control
  reset
Warning: There are 32 unconstrained endpoints.
  ALUresult[0]
  ALUresult[10]
  ALUresult[11]
  ALUresult[12]
  ALUresult[13]
  ALUresult[14]
  ALUresult[15]
  ALUresult[16]
  ALUresult[17]
  ALUresult[18]
  ALUresult[19]
  ALUresult[1]
  ALUresult[20]
  ALUresult[21]
  ALUresult[22]
  ALUresult[23]
  ALUresult[24]
  ALUresult[25]
  ALUresult[26]
  ALUresult[27]
  ALUresult[28]
  ALUresult[29]
  ALUresult[2]
  ALUresult[30]
  ALUresult[31]
  ALUresult[3]
  ALUresult[4]
  ALUresult[5]
  ALUresult[6]
  ALUresult[7]
  ALUresult[8]
  ALUresult[9]
