OpenROAD b16bda7e82721d10566ff7e2b68f1ff0be9f9e38 
Features included (+) or not (-): +Charts +GPU +GUI +Python
This program is licensed under the BSD-3 license. See the LICENSE file for details.
Components of this program may be licensed under more restrictive licenses which must be honored.
define_corners Typical
read_liberty -corner Typical /home/talha/volare_pdks/sky130A/libs.ref/sky130_fd_sc_hd/lib/sky130_fd_sc_hd__tt_025C_1v80.lib
Using 1e-12 for capacitance...
Using 1e+03 for resistance...
Using 1e-09 for time...
Using 1e+00 for voltage...
Using 1e-03 for current...
Using 1e-09 for power...
Using 1e-06 for distance...
[INFO]: Reading ODB at '/openlane/designs/project_5/runs/RUN_2025.06.08_19.44.02/tmp/routing/24-fill.odb'…
Reading design constraints file at '/openlane/scripts/base.sdc'…
[INFO]: Setting output delay to: 2.0
[INFO]: Setting input delay to: 2.0
[INFO]: Setting load to: 0.033442
[INFO]: Setting clock uncertainty to: 0.25
[INFO]: Setting clock transition to: 0.15
[INFO]: Setting timing derate to: 5.0 %
[INFO ORD-0030] Using 2 thread(s).
[INFO DRT-0149] Reading tech and libs.
[WARNING DRT-0349] LEF58_ENCLOSURE with no CUTCLASS is not supported. Skipping for layer mcon
[WARNING DRT-0349] LEF58_ENCLOSURE with no CUTCLASS is not supported. Skipping for layer mcon
[WARNING DRT-0349] LEF58_ENCLOSURE with no CUTCLASS is not supported. Skipping for layer via
[WARNING DRT-0349] LEF58_ENCLOSURE with no CUTCLASS is not supported. Skipping for layer via
[WARNING DRT-0349] LEF58_ENCLOSURE with no CUTCLASS is not supported. Skipping for layer via2
[WARNING DRT-0349] LEF58_ENCLOSURE with no CUTCLASS is not supported. Skipping for layer via2
[WARNING DRT-0349] LEF58_ENCLOSURE with no CUTCLASS is not supported. Skipping for layer via3
[WARNING DRT-0349] LEF58_ENCLOSURE with no CUTCLASS is not supported. Skipping for layer via3
[WARNING DRT-0349] LEF58_ENCLOSURE with no CUTCLASS is not supported. Skipping for layer via4
[WARNING DRT-0349] LEF58_ENCLOSURE with no CUTCLASS is not supported. Skipping for layer via4

Units:                1000
Number of layers:     13
Number of macros:     441
Number of vias:       29
Number of viarulegen: 25

[INFO DRT-0150] Reading design.

Design:                   cpu_top
Die area:                 ( 0 0 ) ( 64815 75535 )
Number of track patterns: 12
Number of DEF vias:       0
Number of components:     357
Number of terminals:      20
Number of snets:          2
Number of nets:           127

[INFO DRT-0167] List of default vias:
  Layer via
    default via: M1M2_PR
  Layer via2
    default via: M2M3_PR
  Layer via3
    default via: M3M4_PR
  Layer via4
    default via: M4M5_PR
[INFO DRT-0162] Library cell analysis.
[INFO DRT-0163] Instance analysis.
[INFO DRT-0164] Number of unique instances = 78.
[INFO DRT-0168] Init region query.
[INFO DRT-0024]   Complete FR_MASTERSLICE.
[INFO DRT-0024]   Complete Fr_VIA.
[INFO DRT-0024]   Complete li1.
[INFO DRT-0024]   Complete mcon.
[INFO DRT-0024]   Complete met1.
[INFO DRT-0024]   Complete via.
[INFO DRT-0024]   Complete met2.
[INFO DRT-0024]   Complete via2.
[INFO DRT-0024]   Complete met3.
[INFO DRT-0024]   Complete via3.
[INFO DRT-0024]   Complete met4.
[INFO DRT-0024]   Complete via4.
[INFO DRT-0024]   Complete met5.
[INFO DRT-0033] FR_MASTERSLICE shape region query size = 0.
[INFO DRT-0033] FR_VIA shape region query size = 0.
[INFO DRT-0033] li1 shape region query size = 5327.
[INFO DRT-0033] mcon shape region query size = 1776.
[INFO DRT-0033] met1 shape region query size = 966.
[INFO DRT-0033] via shape region query size = 200.
[INFO DRT-0033] met2 shape region query size = 120.
[INFO DRT-0033] via2 shape region query size = 160.
[INFO DRT-0033] met3 shape region query size = 138.
[INFO DRT-0033] via3 shape region query size = 160.
[INFO DRT-0033] met4 shape region query size = 56.
[INFO DRT-0033] via4 shape region query size = 8.
[INFO DRT-0033] met5 shape region query size = 16.
[INFO DRT-0165] Start pin access.
[INFO DRT-0078]   Complete 202 pins.
[INFO DRT-0081]   Complete 61 unique inst patterns.
[INFO DRT-0084]   Complete 52 groups.
#scanned instances     = 357
#unique  instances     = 78
#stdCellGenAp          = 1560
#stdCellValidPlanarAp  = 0
#stdCellValidViaAp     = 1212
#stdCellPinNoAp        = 0
#stdCellPinCnt         = 373
#instTermValidViaApCnt = 0
#macroGenAp            = 0
#macroValidPlanarAp    = 0
#macroValidViaAp       = 0
#macroNoAp             = 0
[INFO DRT-0166] Complete pin access.
[INFO DRT-0267] cpu time = 00:00:06, elapsed time = 00:00:02, memory = 114.36 (MB), peak = 114.48 (MB)

Number of guides:     852

[INFO DRT-0169] Post process guides.
[INFO DRT-0176] GCELLGRID X 0 DO 9 STEP 6900 ;
[INFO DRT-0177] GCELLGRID Y 0 DO 10 STEP 6900 ;
[INFO DRT-0028]   Complete FR_MASTERSLICE.
[INFO DRT-0028]   Complete Fr_VIA.
[INFO DRT-0028]   Complete li1.
[INFO DRT-0028]   Complete mcon.
[INFO DRT-0028]   Complete met1.
[INFO DRT-0028]   Complete via.
[INFO DRT-0028]   Complete met2.
[INFO DRT-0028]   Complete via2.
[INFO DRT-0028]   Complete met3.
[INFO DRT-0028]   Complete via3.
[INFO DRT-0028]   Complete met4.
[INFO DRT-0028]   Complete via4.
[INFO DRT-0028]   Complete met5.
[INFO DRT-0178] Init guide query.
[INFO DRT-0035]   Complete FR_MASTERSLICE (guide).
[INFO DRT-0035]   Complete Fr_VIA (guide).
[INFO DRT-0035]   Complete li1 (guide).
[INFO DRT-0035]   Complete mcon (guide).
[INFO DRT-0035]   Complete met1 (guide).
[INFO DRT-0035]   Complete via (guide).
[INFO DRT-0035]   Complete met2 (guide).
[INFO DRT-0035]   Complete via2 (guide).
[INFO DRT-0035]   Complete met3 (guide).
[INFO DRT-0035]   Complete via3 (guide).
[INFO DRT-0035]   Complete met4 (guide).
[INFO DRT-0035]   Complete via4 (guide).
[INFO DRT-0035]   Complete met5 (guide).
[INFO DRT-0036] FR_MASTERSLICE guide region query size = 0.
[INFO DRT-0036] FR_VIA guide region query size = 0.
[INFO DRT-0036] li1 guide region query size = 304.
[INFO DRT-0036] mcon guide region query size = 0.
[INFO DRT-0036] met1 guide region query size = 240.
[INFO DRT-0036] via guide region query size = 0.
[INFO DRT-0036] met2 guide region query size = 125.
[INFO DRT-0036] via2 guide region query size = 0.
[INFO DRT-0036] met3 guide region query size = 22.
[INFO DRT-0036] via3 guide region query size = 0.
[INFO DRT-0036] met4 guide region query size = 1.
[INFO DRT-0036] via4 guide region query size = 0.
[INFO DRT-0036] met5 guide region query size = 0.
[INFO DRT-0179] Init gr pin query.
[INFO DRT-0245] skipped writing guide updates to database.
[INFO DRT-0185] Post process initialize RPin region query.
[INFO DRT-0181] Start track assignment.
[INFO DRT-0184] Done with 430 vertical wires in 1 frboxes and 262 horizontal wires in 1 frboxes.
[INFO DRT-0186] Done with 56 vertical wires in 1 frboxes and 79 horizontal wires in 1 frboxes.
[INFO DRT-0182] Complete track assignment.
[INFO DRT-0267] cpu time = 00:00:00, elapsed time = 00:00:00, memory = 116.86 (MB), peak = 116.86 (MB)
[INFO DRT-0187] Start routing data preparation.
[INFO DRT-0267] cpu time = 00:00:00, elapsed time = 00:00:00, memory = 116.86 (MB), peak = 116.86 (MB)
[INFO DRT-0194] Start detail routing.
[INFO DRT-0195] Start 0th optimization iteration.
    Completing 10% with 0 violations.
    elapsed time = 00:00:00, memory = 125.77 (MB).
    Completing 20% with 27 violations.
    elapsed time = 00:00:00, memory = 129.02 (MB).
    Completing 30% with 43 violations.
    elapsed time = 00:00:00, memory = 129.02 (MB).
    Completing 40% with 55 violations.
    elapsed time = 00:00:00, memory = 129.02 (MB).
[INFO DRT-0199]   Number of violations = 91.
Viol/Layer        met1   met2   met3
Metal Spacing       19      3      2
Recheck             24      3      1
Short               37      2      0
[INFO DRT-0267] cpu time = 00:00:01, elapsed time = 00:00:01, memory = 490.14 (MB), peak = 490.14 (MB)
Total wire length = 2523 um.
Total wire length on LAYER li1 = 0 um.
Total wire length on LAYER met1 = 1113 um.
Total wire length on LAYER met2 = 1115 um.
Total wire length on LAYER met3 = 277 um.
Total wire length on LAYER met4 = 17 um.
Total wire length on LAYER met5 = 0 um.
Total number of vias = 795.
Up-via summary (total 795):

----------------------
 FR_MASTERSLICE      0
            li1    374
           met1    396
           met2     23
           met3      2
           met4      0
----------------------
                   795


[INFO DRT-0195] Start 1st optimization iteration.
    Completing 10% with 91 violations.
    elapsed time = 00:00:00, memory = 490.14 (MB).
    Completing 20% with 92 violations.
    elapsed time = 00:00:00, memory = 490.14 (MB).
    Completing 30% with 92 violations.
    elapsed time = 00:00:00, memory = 492.02 (MB).
    Completing 40% with 58 violations.
    elapsed time = 00:00:00, memory = 496.64 (MB).
[INFO DRT-0199]   Number of violations = 30.
Viol/Layer        met1   met2
Metal Spacing       10      1
Short               18      1
[INFO DRT-0267] cpu time = 00:00:01, elapsed time = 00:00:00, memory = 497.64 (MB), peak = 497.64 (MB)
Total wire length = 2461 um.
Total wire length on LAYER li1 = 0 um.
Total wire length on LAYER met1 = 1067 um.
Total wire length on LAYER met2 = 1089 um.
Total wire length on LAYER met3 = 286 um.
Total wire length on LAYER met4 = 17 um.
Total wire length on LAYER met5 = 0 um.
Total number of vias = 793.
Up-via summary (total 793):

----------------------
 FR_MASTERSLICE      0
            li1    373
           met1    389
           met2     29
           met3      2
           met4      0
----------------------
                   793


[INFO DRT-0195] Start 2nd optimization iteration.
    Completing 10% with 30 violations.
    elapsed time = 00:00:00, memory = 497.64 (MB).
    Completing 20% with 30 violations.
    elapsed time = 00:00:00, memory = 497.64 (MB).
    Completing 30% with 30 violations.
    elapsed time = 00:00:00, memory = 497.64 (MB).
    Completing 40% with 30 violations.
    elapsed time = 00:00:00, memory = 497.64 (MB).
    Completing 50% with 30 violations.
    elapsed time = 00:00:00, memory = 497.64 (MB).
    Completing 60% with 30 violations.
    elapsed time = 00:00:01, memory = 497.64 (MB).
[INFO DRT-0199]   Number of violations = 24.
Viol/Layer        met1   met2
Metal Spacing        6      1
Short               16      1
[INFO DRT-0267] cpu time = 00:00:01, elapsed time = 00:00:01, memory = 497.77 (MB), peak = 497.77 (MB)
Total wire length = 2419 um.
Total wire length on LAYER li1 = 0 um.
Total wire length on LAYER met1 = 1079 um.
Total wire length on LAYER met2 = 1045 um.
Total wire length on LAYER met3 = 277 um.
Total wire length on LAYER met4 = 17 um.
Total wire length on LAYER met5 = 0 um.
Total number of vias = 779.
Up-via summary (total 779):

----------------------
 FR_MASTERSLICE      0
            li1    373
           met1    379
           met2     25
           met3      2
           met4      0
----------------------
                   779


[INFO DRT-0195] Start 3rd optimization iteration.
    Completing 10% with 24 violations.
    elapsed time = 00:00:00, memory = 497.77 (MB).
    Completing 20% with 7 violations.
    elapsed time = 00:00:00, memory = 497.77 (MB).
    Completing 30% with 3 violations.
    elapsed time = 00:00:00, memory = 497.77 (MB).
    Completing 40% with 0 violations.
    elapsed time = 00:00:00, memory = 497.77 (MB).
[INFO DRT-0199]   Number of violations = 0.
[INFO DRT-0267] cpu time = 00:00:01, elapsed time = 00:00:00, memory = 497.77 (MB), peak = 497.77 (MB)
Total wire length = 2443 um.
Total wire length on LAYER li1 = 0 um.
Total wire length on LAYER met1 = 1042 um.
Total wire length on LAYER met2 = 1062 um.
Total wire length on LAYER met3 = 322 um.
Total wire length on LAYER met4 = 17 um.
Total wire length on LAYER met5 = 0 um.
Total number of vias = 796.
Up-via summary (total 796):

----------------------
 FR_MASTERSLICE      0
            li1    373
           met1    383
           met2     38
           met3      2
           met4      0
----------------------
                   796


[INFO DRT-0198] Complete detail routing.
Total wire length = 2443 um.
Total wire length on LAYER li1 = 0 um.
Total wire length on LAYER met1 = 1042 um.
Total wire length on LAYER met2 = 1062 um.
Total wire length on LAYER met3 = 322 um.
Total wire length on LAYER met4 = 17 um.
Total wire length on LAYER met5 = 0 um.
Total number of vias = 796.
Up-via summary (total 796):

----------------------
 FR_MASTERSLICE      0
            li1    373
           met1    383
           met2     38
           met3      2
           met4      0
----------------------
                   796


[INFO DRT-0267] cpu time = 00:00:06, elapsed time = 00:00:04, memory = 497.77 (MB), peak = 497.77 (MB)

[INFO DRT-0180] Post processing.
Setting global connections for newly added cells…
Writing OpenROAD database to '/openlane/designs/project_5/runs/RUN_2025.06.08_19.44.02/results/routing/cpu_top.odb'…
Writing netlist to '/openlane/designs/project_5/runs/RUN_2025.06.08_19.44.02/results/routing/cpu_top.nl.v'…
Writing powered netlist to '/openlane/designs/project_5/runs/RUN_2025.06.08_19.44.02/results/routing/cpu_top.pnl.v'…
Writing layout to '/openlane/designs/project_5/runs/RUN_2025.06.08_19.44.02/results/routing/cpu_top.def'…
