
===========================================================================
report_checks -unconstrained
===========================================================================
======================= Typical Corner ===================================

Startpoint: A2[0] (input port clocked by clk)
Endpoint: alu_out[0] (output port clocked by clk)
Path Group: clk
Path Type: max

Fanout     Cap    Slew   Delay    Time   Description
-----------------------------------------------------------------------------
                  0.15    0.00    0.00   clock clk (rise edge)
                          0.00    0.00   clock network delay (ideal)
                          2.00    2.00 ^ input external delay
     4    0.01    0.07    0.05    2.05 ^ A2[0] (in)
                                         A2[0] (net)
                  0.07    0.00    2.05 ^ _4285_/A (sky130_fd_sc_hd__buf_4)
    10    0.06    0.17    0.22    2.27 ^ _4285_/X (sky130_fd_sc_hd__buf_4)
                                         _1041_ (net)
                  0.17    0.01    2.28 ^ _4333_/A (sky130_fd_sc_hd__clkbuf_8)
    10    0.07    0.12    0.24    2.52 ^ _4333_/X (sky130_fd_sc_hd__clkbuf_8)
                                         _1089_ (net)
                  0.12    0.00    2.52 ^ _4463_/A (sky130_fd_sc_hd__buf_4)
    10    0.06    0.17    0.24    2.77 ^ _4463_/X (sky130_fd_sc_hd__buf_4)
                                         _1219_ (net)
                  0.17    0.00    2.77 ^ _4506_/A (sky130_fd_sc_hd__clkbuf_8)
    10    0.07    0.14    0.25    3.02 ^ _4506_/X (sky130_fd_sc_hd__clkbuf_8)
                                         _1262_ (net)
                  0.14    0.01    3.03 ^ _4548_/S0 (sky130_fd_sc_hd__mux4_1)
     1    0.00    0.08    0.58    3.61 v _4548_/X (sky130_fd_sc_hd__mux4_1)
                                         _1304_ (net)
                  0.08    0.00    3.61 v _4549_/A1 (sky130_fd_sc_hd__mux2_1)
     1    0.00    0.06    0.33    3.94 v _4549_/X (sky130_fd_sc_hd__mux2_1)
                                         _1305_ (net)
                  0.06    0.00    3.94 v _4550_/A1 (sky130_fd_sc_hd__mux2_1)
     1    0.00    0.05    0.31    4.24 v _4550_/X (sky130_fd_sc_hd__mux2_1)
                                         _1306_ (net)
                  0.05    0.00    4.24 v _4559_/A2_N (sky130_fd_sc_hd__o2bb2a_2)
     2    0.03    0.15    0.34    4.59 ^ _4559_/X (sky130_fd_sc_hd__o2bb2a_2)
                                         _1315_ (net)
                  0.15    0.00    4.59 ^ _4560_/B (sky130_fd_sc_hd__nand2_1)
     2    0.00    0.05    0.09    4.68 v _4560_/Y (sky130_fd_sc_hd__nand2_1)
                                         _1316_ (net)
                  0.05    0.00    4.68 v _4594_/C (sky130_fd_sc_hd__or4_1)
     1    0.00    0.08    0.47    5.15 v _4594_/X (sky130_fd_sc_hd__or4_1)
                                         _1350_ (net)
                  0.08    0.00    5.15 v _4881_/A (sky130_fd_sc_hd__or4b_1)
     1    0.00    0.08    0.53    5.68 v _4881_/X (sky130_fd_sc_hd__or4b_1)
                                         _1637_ (net)
                  0.08    0.00    5.68 v _4882_/A (sky130_fd_sc_hd__buf_2)
    10    0.03    0.08    0.20    5.88 v _4882_/X (sky130_fd_sc_hd__buf_2)
                                         _1638_ (net)
                  0.08    0.00    5.88 v _4883_/A (sky130_fd_sc_hd__buf_2)
    10    0.03    0.07    0.19    6.07 v _4883_/X (sky130_fd_sc_hd__buf_2)
                                         _1639_ (net)
                  0.07    0.00    6.07 v _5278_/A (sky130_fd_sc_hd__or2_1)
     2    0.00    0.05    0.25    6.32 v _5278_/X (sky130_fd_sc_hd__or2_1)
                                         _2034_ (net)
                  0.05    0.00    6.32 v _5279_/B (sky130_fd_sc_hd__and2_1)
     2    0.00    0.04    0.17    6.49 v _5279_/X (sky130_fd_sc_hd__and2_1)
                                         _2035_ (net)
                  0.04    0.00    6.49 v _5280_/B (sky130_fd_sc_hd__or2_1)
     2    0.00    0.06    0.22    6.71 v _5280_/X (sky130_fd_sc_hd__or2_1)
                                         _2036_ (net)
                  0.06    0.00    6.71 v _5281_/A1 (sky130_fd_sc_hd__mux2_1)
     2    0.01    0.07    0.33    7.03 v _5281_/X (sky130_fd_sc_hd__mux2_1)
                                         _2037_ (net)
                  0.07    0.00    7.03 v _5282_/A1 (sky130_fd_sc_hd__mux2_1)
     3    0.01    0.10    0.38    7.41 v _5282_/X (sky130_fd_sc_hd__mux2_1)
                                         _2038_ (net)
                  0.10    0.00    7.41 v _5285_/A1 (sky130_fd_sc_hd__mux2_1)
     2    0.01    0.07    0.35    7.76 v _5285_/X (sky130_fd_sc_hd__mux2_1)
                                         _2041_ (net)
                  0.07    0.00    7.76 v _5574_/A2 (sky130_fd_sc_hd__o22a_1)
     1    0.01    0.08    0.24    8.01 v _5574_/X (sky130_fd_sc_hd__o22a_1)
                                         _2330_ (net)
                  0.08    0.00    8.01 v _5579_/B1 (sky130_fd_sc_hd__o211ai_4)
     1    0.02    0.25    0.14    8.15 ^ _5579_/Y (sky130_fd_sc_hd__o211ai_4)
                                         net49 (net)
                  0.25    0.00    8.15 ^ output49/A (sky130_fd_sc_hd__buf_2)
     1    0.03    0.17    0.27    8.42 ^ output49/X (sky130_fd_sc_hd__buf_2)
                                         alu_out[0] (net)
                  0.17    0.00    8.42 ^ alu_out[0] (out)
                                  8.42   data arrival time

                  0.15   10.00   10.00   clock clk (rise edge)
                          0.00   10.00   clock network delay (ideal)
                         -0.25    9.75   clock uncertainty
                          0.00    9.75   clock reconvergence pessimism
                         -2.00    7.75   output external delay
                                  7.75   data required time
-----------------------------------------------------------------------------
                                  7.75   data required time
                                 -8.42   data arrival time
-----------------------------------------------------------------------------
                                 -0.67   slack (VIOLATED)




===========================================================================
report_checks --slack_max -0.01
============================================================================
======================= Typical Corner ===================================

Startpoint: A2[0] (input port clocked by clk)
Endpoint: alu_out[0] (output port clocked by clk)
Path Group: clk
Path Type: max

Fanout     Cap    Slew   Delay    Time   Description
-----------------------------------------------------------------------------
                  0.15    0.00    0.00   clock clk (rise edge)
                          0.00    0.00   clock network delay (ideal)
                          2.00    2.00 ^ input external delay
     4    0.01    0.07    0.05    2.05 ^ A2[0] (in)
                                         A2[0] (net)
                  0.07    0.00    2.05 ^ _4285_/A (sky130_fd_sc_hd__buf_4)
    10    0.06    0.17    0.22    2.27 ^ _4285_/X (sky130_fd_sc_hd__buf_4)
                                         _1041_ (net)
                  0.17    0.01    2.28 ^ _4333_/A (sky130_fd_sc_hd__clkbuf_8)
    10    0.07    0.12    0.24    2.52 ^ _4333_/X (sky130_fd_sc_hd__clkbuf_8)
                                         _1089_ (net)
                  0.12    0.00    2.52 ^ _4463_/A (sky130_fd_sc_hd__buf_4)
    10    0.06    0.17    0.24    2.77 ^ _4463_/X (sky130_fd_sc_hd__buf_4)
                                         _1219_ (net)
                  0.17    0.00    2.77 ^ _4506_/A (sky130_fd_sc_hd__clkbuf_8)
    10    0.07    0.14    0.25    3.02 ^ _4506_/X (sky130_fd_sc_hd__clkbuf_8)
                                         _1262_ (net)
                  0.14    0.01    3.03 ^ _4548_/S0 (sky130_fd_sc_hd__mux4_1)
     1    0.00    0.08    0.58    3.61 v _4548_/X (sky130_fd_sc_hd__mux4_1)
                                         _1304_ (net)
                  0.08    0.00    3.61 v _4549_/A1 (sky130_fd_sc_hd__mux2_1)
     1    0.00    0.06    0.33    3.94 v _4549_/X (sky130_fd_sc_hd__mux2_1)
                                         _1305_ (net)
                  0.06    0.00    3.94 v _4550_/A1 (sky130_fd_sc_hd__mux2_1)
     1    0.00    0.05    0.31    4.24 v _4550_/X (sky130_fd_sc_hd__mux2_1)
                                         _1306_ (net)
                  0.05    0.00    4.24 v _4559_/A2_N (sky130_fd_sc_hd__o2bb2a_2)
     2    0.03    0.15    0.34    4.59 ^ _4559_/X (sky130_fd_sc_hd__o2bb2a_2)
                                         _1315_ (net)
                  0.15    0.00    4.59 ^ _4560_/B (sky130_fd_sc_hd__nand2_1)
     2    0.00    0.05    0.09    4.68 v _4560_/Y (sky130_fd_sc_hd__nand2_1)
                                         _1316_ (net)
                  0.05    0.00    4.68 v _4594_/C (sky130_fd_sc_hd__or4_1)
     1    0.00    0.08    0.47    5.15 v _4594_/X (sky130_fd_sc_hd__or4_1)
                                         _1350_ (net)
                  0.08    0.00    5.15 v _4881_/A (sky130_fd_sc_hd__or4b_1)
     1    0.00    0.08    0.53    5.68 v _4881_/X (sky130_fd_sc_hd__or4b_1)
                                         _1637_ (net)
                  0.08    0.00    5.68 v _4882_/A (sky130_fd_sc_hd__buf_2)
    10    0.03    0.08    0.20    5.88 v _4882_/X (sky130_fd_sc_hd__buf_2)
                                         _1638_ (net)
                  0.08    0.00    5.88 v _4883_/A (sky130_fd_sc_hd__buf_2)
    10    0.03    0.07    0.19    6.07 v _4883_/X (sky130_fd_sc_hd__buf_2)
                                         _1639_ (net)
                  0.07    0.00    6.07 v _5278_/A (sky130_fd_sc_hd__or2_1)
     2    0.00    0.05    0.25    6.32 v _5278_/X (sky130_fd_sc_hd__or2_1)
                                         _2034_ (net)
                  0.05    0.00    6.32 v _5279_/B (sky130_fd_sc_hd__and2_1)
     2    0.00    0.04    0.17    6.49 v _5279_/X (sky130_fd_sc_hd__and2_1)
                                         _2035_ (net)
                  0.04    0.00    6.49 v _5280_/B (sky130_fd_sc_hd__or2_1)
     2    0.00    0.06    0.22    6.71 v _5280_/X (sky130_fd_sc_hd__or2_1)
                                         _2036_ (net)
                  0.06    0.00    6.71 v _5281_/A1 (sky130_fd_sc_hd__mux2_1)
     2    0.01    0.07    0.33    7.03 v _5281_/X (sky130_fd_sc_hd__mux2_1)
                                         _2037_ (net)
                  0.07    0.00    7.03 v _5282_/A1 (sky130_fd_sc_hd__mux2_1)
     3    0.01    0.10    0.38    7.41 v _5282_/X (sky130_fd_sc_hd__mux2_1)
                                         _2038_ (net)
                  0.10    0.00    7.41 v _5285_/A1 (sky130_fd_sc_hd__mux2_1)
     2    0.01    0.07    0.35    7.76 v _5285_/X (sky130_fd_sc_hd__mux2_1)
                                         _2041_ (net)
                  0.07    0.00    7.76 v _5574_/A2 (sky130_fd_sc_hd__o22a_1)
     1    0.01    0.08    0.24    8.01 v _5574_/X (sky130_fd_sc_hd__o22a_1)
                                         _2330_ (net)
                  0.08    0.00    8.01 v _5579_/B1 (sky130_fd_sc_hd__o211ai_4)
     1    0.02    0.25    0.14    8.15 ^ _5579_/Y (sky130_fd_sc_hd__o211ai_4)
                                         net49 (net)
                  0.25    0.00    8.15 ^ output49/A (sky130_fd_sc_hd__buf_2)
     1    0.03    0.17    0.27    8.42 ^ output49/X (sky130_fd_sc_hd__buf_2)
                                         alu_out[0] (net)
                  0.17    0.00    8.42 ^ alu_out[0] (out)
                                  8.42   data arrival time

                  0.15   10.00   10.00   clock clk (rise edge)
                          0.00   10.00   clock network delay (ideal)
                         -0.25    9.75   clock uncertainty
                          0.00    9.75   clock reconvergence pessimism
                         -2.00    7.75   output external delay
                                  7.75   data required time
-----------------------------------------------------------------------------
                                  7.75   data required time
                                 -8.42   data arrival time
-----------------------------------------------------------------------------
                                 -0.67   slack (VIOLATED)




===========================================================================
 report_check_types -max_slew -max_cap -max_fanout -violators
============================================================================
======================= Typical Corner ===================================


max slew violations count Typical: 0
max fanout violations count Typical: 0
max cap violations count Typical: 0

===========================================================================
report_parasitic_annotation -report_unannotated
============================================================================
Found 1 unannotated drivers.
 clk
Found 0 partially unannotated drivers.

===========================================================================
max slew violation count 0
max fanout violation count 0
max cap violation count 0
============================================================================

===========================================================================
check_setup -verbose -unconstrained_endpoints -multiple_clock -no_clock -no_input_delay -loops -generated_clocks
===========================================================================
