
===========================================================================
 report_power
============================================================================
======================= Fastest Corner ===================================

Group                  Internal  Switching    Leakage      Total
                          Power      Power      Power      Power (Watts)
----------------------------------------------------------------
Sequential             0.00e+00   0.00e+00   0.00e+00   0.00e+00   0.0%
Combinational          4.47e-06   9.50e-06   1.39e-10   1.40e-05 100.0%
Clock                  0.00e+00   0.00e+00   4.63e-11   4.63e-11   0.0%
Macro                  0.00e+00   0.00e+00   0.00e+00   0.00e+00   0.0%
Pad                    0.00e+00   0.00e+00   0.00e+00   0.00e+00   0.0%
----------------------------------------------------------------
Total                  4.47e-06   9.50e-06   1.85e-10   1.40e-05 100.0%
                          32.0%      68.0%       0.0%

======================= Slowest Corner ===================================

Group                  Internal  Switching    Leakage      Total
                          Power      Power      Power      Power (Watts)
----------------------------------------------------------------
Sequential             0.00e+00   0.00e+00   0.00e+00   0.00e+00   0.0%
Combinational          3.35e-06   6.33e-06   1.46e-07   9.83e-06 100.0%
Clock                  0.00e+00   0.00e+00   4.63e-11   4.63e-11   0.0%
Macro                  0.00e+00   0.00e+00   0.00e+00   0.00e+00   0.0%
Pad                    0.00e+00   0.00e+00   0.00e+00   0.00e+00   0.0%
----------------------------------------------------------------
Total                  3.35e-06   6.33e-06   1.46e-07   9.83e-06 100.0%
                          34.1%      64.5%       1.5%

======================= Typical Corner ===================================

Group                  Internal  Switching    Leakage      Total
                          Power      Power      Power      Power (Watts)
----------------------------------------------------------------
Sequential             0.00e+00   0.00e+00   0.00e+00   0.00e+00   0.0%
Combinational          4.04e-06   8.06e-06   7.86e-11   1.21e-05 100.0%
Clock                  0.00e+00   0.00e+00   4.63e-11   4.63e-11   0.0%
Macro                  0.00e+00   0.00e+00   0.00e+00   0.00e+00   0.0%
Pad                    0.00e+00   0.00e+00   0.00e+00   0.00e+00   0.0%
----------------------------------------------------------------
Total                  4.04e-06   8.06e-06   1.25e-10   1.21e-05 100.0%
                          33.4%      66.6%       0.0%

