
===========================================================================
report_checks -unconstrained
===========================================================================
======================= Fastest Corner ===================================

Startpoint: in[3] (input port clocked by __VIRTUAL_CLK__)
Endpoint: out[6] (output port clocked by __VIRTUAL_CLK__)
Path Group: __VIRTUAL_CLK__
Path Type: max
Corner: Fastest

Fanout     Cap    Slew   Delay    Time   Description
-----------------------------------------------------------------------------
                  0.00    0.00    0.00   clock __VIRTUAL_CLK__ (rise edge)
                          0.00    0.00   clock network delay (ideal)
                          2.00    2.00 v input external delay
     1    0.00    0.00    0.00    2.00 v in[3] (in)
                                         in[3] (net)
                  0.00    0.00    2.00 v input4/A (sky130_fd_sc_hd__clkbuf_1)
     2    0.00    0.03    0.06    2.06 v input4/X (sky130_fd_sc_hd__clkbuf_1)
                                         net4 (net)
                  0.03    0.00    2.06 v _09_/A (sky130_fd_sc_hd__or4_2)
     5    0.01    0.09    0.43    2.48 v _09_/X (sky130_fd_sc_hd__or4_2)
                                         _00_ (net)
                  0.09    0.00    2.48 v _15_/D (sky130_fd_sc_hd__or4_1)
     2    0.01    0.07    0.27    2.75 v _15_/X (sky130_fd_sc_hd__or4_1)
                                         _04_ (net)
                  0.07    0.00    2.75 v _16_/B (sky130_fd_sc_hd__and2b_1)
     1    0.00    0.03    0.12    2.87 v _16_/X (sky130_fd_sc_hd__and2b_1)
                                         _05_ (net)
                  0.03    0.00    2.87 v _17_/A (sky130_fd_sc_hd__clkbuf_1)
     1    0.00    0.02    0.06    2.93 v _17_/X (sky130_fd_sc_hd__clkbuf_1)
                                         net15 (net)
                  0.02    0.00    2.93 v output15/A (sky130_fd_sc_hd__buf_2)
     1    0.03    0.06    0.12    3.04 v output15/X (sky130_fd_sc_hd__buf_2)
                                         out[6] (net)
                  0.06    0.00    3.04 v out[6] (out)
                                  3.04   data arrival time

                  0.00   10.00   10.00   clock __VIRTUAL_CLK__ (rise edge)
                          0.00   10.00   clock network delay (ideal)
                         -0.25    9.75   clock uncertainty
                          0.00    9.75   clock reconvergence pessimism
                         -2.00    7.75   output external delay
                                  7.75   data required time
-----------------------------------------------------------------------------
                                  7.75   data required time
                                 -3.04   data arrival time
-----------------------------------------------------------------------------
                                  4.71   slack (MET)



======================= Slowest Corner ===================================

Startpoint: in[3] (input port clocked by __VIRTUAL_CLK__)
Endpoint: out[6] (output port clocked by __VIRTUAL_CLK__)
Path Group: __VIRTUAL_CLK__
Path Type: max
Corner: Slowest

Fanout     Cap    Slew   Delay    Time   Description
-----------------------------------------------------------------------------
                  0.00    0.00    0.00   clock __VIRTUAL_CLK__ (rise edge)
                          0.00    0.00   clock network delay (ideal)
                          2.00    2.00 v input external delay
     1    0.00    0.02    0.01    2.01 v in[3] (in)
                                         in[3] (net)
                  0.02    0.00    2.01 v input4/A (sky130_fd_sc_hd__clkbuf_1)
     2    0.00    0.07    0.16    2.17 v input4/X (sky130_fd_sc_hd__clkbuf_1)
                                         net4 (net)
                  0.07    0.00    2.17 v _09_/A (sky130_fd_sc_hd__or4_2)
     5    0.01    0.28    1.76    3.93 v _09_/X (sky130_fd_sc_hd__or4_2)
                                         _00_ (net)
                  0.28    0.00    3.93 v _15_/D (sky130_fd_sc_hd__or4_1)
     2    0.01    0.23    1.16    5.09 v _15_/X (sky130_fd_sc_hd__or4_1)
                                         _04_ (net)
                  0.23    0.00    5.09 v _16_/B (sky130_fd_sc_hd__and2b_1)
     1    0.00    0.07    0.42    5.51 v _16_/X (sky130_fd_sc_hd__and2b_1)
                                         _05_ (net)
                  0.07    0.00    5.51 v _17_/A (sky130_fd_sc_hd__clkbuf_1)
     1    0.00    0.05    0.16    5.68 v _17_/X (sky130_fd_sc_hd__clkbuf_1)
                                         net15 (net)
                  0.05    0.00    5.68 v output15/A (sky130_fd_sc_hd__buf_2)
     1    0.03    0.17    0.35    6.03 v output15/X (sky130_fd_sc_hd__buf_2)
                                         out[6] (net)
                  0.17    0.00    6.03 v out[6] (out)
                                  6.03   data arrival time

                  0.00   10.00   10.00   clock __VIRTUAL_CLK__ (rise edge)
                          0.00   10.00   clock network delay (ideal)
                         -0.25    9.75   clock uncertainty
                          0.00    9.75   clock reconvergence pessimism
                         -2.00    7.75   output external delay
                                  7.75   data required time
-----------------------------------------------------------------------------
                                  7.75   data required time
                                 -6.03   data arrival time
-----------------------------------------------------------------------------
                                  1.72   slack (MET)



======================= Typical Corner ===================================

Startpoint: in[3] (input port clocked by __VIRTUAL_CLK__)
Endpoint: out[6] (output port clocked by __VIRTUAL_CLK__)
Path Group: __VIRTUAL_CLK__
Path Type: max
Corner: Typical

Fanout     Cap    Slew   Delay    Time   Description
-----------------------------------------------------------------------------
                  0.00    0.00    0.00   clock __VIRTUAL_CLK__ (rise edge)
                          0.00    0.00   clock network delay (ideal)
                          2.00    2.00 v input external delay
     1    0.00    0.01    0.00    2.00 v in[3] (in)
                                         in[3] (net)
                  0.01    0.00    2.00 v input4/A (sky130_fd_sc_hd__clkbuf_1)
     2    0.00    0.04    0.09    2.09 v input4/X (sky130_fd_sc_hd__clkbuf_1)
                                         net4 (net)
                  0.04    0.00    2.09 v _09_/A (sky130_fd_sc_hd__or4_2)
     5    0.01    0.13    0.75    2.84 v _09_/X (sky130_fd_sc_hd__or4_2)
                                         _00_ (net)
                  0.13    0.00    2.84 v _15_/D (sky130_fd_sc_hd__or4_1)
     2    0.01    0.11    0.48    3.32 v _15_/X (sky130_fd_sc_hd__or4_1)
                                         _04_ (net)
                  0.11    0.00    3.32 v _16_/B (sky130_fd_sc_hd__and2b_1)
     1    0.00    0.03    0.19    3.51 v _16_/X (sky130_fd_sc_hd__and2b_1)
                                         _05_ (net)
                  0.03    0.00    3.51 v _17_/A (sky130_fd_sc_hd__clkbuf_1)
     1    0.00    0.03    0.08    3.60 v _17_/X (sky130_fd_sc_hd__clkbuf_1)
                                         net15 (net)
                  0.03    0.00    3.60 v output15/A (sky130_fd_sc_hd__buf_2)
     1    0.03    0.09    0.18    3.78 v output15/X (sky130_fd_sc_hd__buf_2)
                                         out[6] (net)
                  0.09    0.00    3.78 v out[6] (out)
                                  3.78   data arrival time

                  0.00   10.00   10.00   clock __VIRTUAL_CLK__ (rise edge)
                          0.00   10.00   clock network delay (ideal)
                         -0.25    9.75   clock uncertainty
                          0.00    9.75   clock reconvergence pessimism
                         -2.00    7.75   output external delay
                                  7.75   data required time
-----------------------------------------------------------------------------
                                  7.75   data required time
                                 -3.78   data arrival time
-----------------------------------------------------------------------------
                                  3.97   slack (MET)




===========================================================================
report_checks --slack_max -0.01
============================================================================
======================= Fastest Corner ===================================

No paths found.

======================= Slowest Corner ===================================

No paths found.

======================= Typical Corner ===================================

No paths found.


===========================================================================
 report_check_types -max_slew -max_cap -max_fanout -violators
============================================================================
======================= Fastest Corner ===================================


max slew violations count Fastest: 0
max fanout violations count Fastest: 0
max cap violations count Fastest: 0
======================= Slowest Corner ===================================


max slew violations count Slowest: 0
max fanout violations count Slowest: 0
max cap violations count Slowest: 0
======================= Typical Corner ===================================


max slew violations count Typical: 0
max fanout violations count Typical: 0
max cap violations count Typical: 0

===========================================================================
report_parasitic_annotation -report_unannotated
============================================================================
Found 0 unannotated drivers.
Found 0 partially unannotated drivers.

===========================================================================
max slew violation count 0
max fanout violation count 0
max cap violation count 0
============================================================================

===========================================================================
check_setup -verbose -unconstrained_endpoints -multiple_clock -no_clock -no_input_delay -loops -generated_clocks
===========================================================================
