
===========================================================================
 report_power
============================================================================
======================= Fastest Corner ===================================

Group                  Internal  Switching    Leakage      Total
                          Power      Power      Power      Power (Watts)
----------------------------------------------------------------
Sequential             1.51e-04   0.00e+00   2.93e-08   1.51e-04  40.6%
Combinational          2.65e-06   1.33e-05   8.30e-10   1.60e-05   4.3%
Clock                  1.33e-04   7.16e-05   1.06e-09   2.05e-04  55.1%
Macro                  0.00e+00   0.00e+00   0.00e+00   0.00e+00   0.0%
Pad                    0.00e+00   0.00e+00   0.00e+00   0.00e+00   0.0%
----------------------------------------------------------------
Total                  2.87e-04   8.49e-05   3.12e-08   3.72e-04 100.0%
                          77.2%      22.8%       0.0%

======================= Slowest Corner ===================================

Group                  Internal  Switching    Leakage      Total
                          Power      Power      Power      Power (Watts)
----------------------------------------------------------------
Sequential             9.94e-05   0.00e+00   6.05e-07   1.00e-04  39.4%
Combinational          1.77e-06   8.83e-06   7.34e-07   1.13e-05   4.5%
Clock                  9.57e-05   4.65e-05   1.26e-07   1.42e-04  56.1%
Macro                  0.00e+00   0.00e+00   0.00e+00   0.00e+00   0.0%
Pad                    0.00e+00   0.00e+00   0.00e+00   0.00e+00   0.0%
----------------------------------------------------------------
Total                  1.97e-04   5.54e-05   1.46e-06   2.54e-04 100.0%
                          77.6%      21.8%       0.6%

======================= Typical Corner ===================================

Group                  Internal  Switching    Leakage      Total
                          Power      Power      Power      Power (Watts)
----------------------------------------------------------------
Sequential             1.29e-04   0.00e+00   2.90e-08   1.29e-04  40.5%
Combinational          2.17e-06   1.14e-05   6.30e-10   1.35e-05   4.2%
Clock                  1.17e-04   5.99e-05   7.17e-10   1.77e-04  55.3%
Macro                  0.00e+00   0.00e+00   0.00e+00   0.00e+00   0.0%
Pad                    0.00e+00   0.00e+00   0.00e+00   0.00e+00   0.0%
----------------------------------------------------------------
Total                  2.48e-04   7.13e-05   3.03e-08   3.20e-04 100.0%
                          77.7%      22.3%       0.0%

