
===========================================================================
report_checks -unconstrained
===========================================================================
======================= Typical Corner ===================================

Startpoint: _4599_ (rising edge-triggered flip-flop clocked by core_clock)
Endpoint: _4371_ (rising edge-triggered flip-flop clocked by core_clock)
Path Group: core_clock
Path Type: max

Fanout     Cap    Slew   Delay    Time   Description
-----------------------------------------------------------------------------
                  0.00    0.00    0.00   clock core_clock (rise edge)
                          0.00    0.00   clock network delay (ideal)
                  0.00    0.00    0.00 ^ _4599_/CLK (sky130_fd_sc_hd__dfrtp_4)
     9    0.04    0.10    0.51    0.51 v _4599_/Q (sky130_fd_sc_hd__dfrtp_4)
                                         IM.address[3] (net)
                  0.10    0.00    0.51 v _2155_/A (sky130_fd_sc_hd__or4b_2)
     3    0.01    0.14    0.75    1.27 v _2155_/X (sky130_fd_sc_hd__or4b_2)
                                         _0411_ (net)
                  0.14    0.00    1.27 v _2203_/A2_N (sky130_fd_sc_hd__o2bb2a_2)
     5    0.02    0.10    0.33    1.60 ^ _2203_/X (sky130_fd_sc_hd__o2bb2a_2)
                                         _0459_ (net)
                  0.10    0.00    1.60 ^ _2206_/A (sky130_fd_sc_hd__and3_1)
     2    0.01    0.09    0.19    1.79 ^ _2206_/X (sky130_fd_sc_hd__and3_1)
                                         _0462_ (net)
                  0.09    0.00    1.79 ^ _2207_/A (sky130_fd_sc_hd__buf_4)
    10    0.05    0.14    0.20    1.99 ^ _2207_/X (sky130_fd_sc_hd__buf_4)
                                         _0463_ (net)
                  0.14    0.00    1.99 ^ _2208_/A (sky130_fd_sc_hd__clkbuf_8)
    10    0.07    0.12    0.22    2.21 ^ _2208_/X (sky130_fd_sc_hd__clkbuf_8)
                                         _0464_ (net)
                  0.12    0.00    2.21 ^ _2239_/A (sky130_fd_sc_hd__clkbuf_8)
    10    0.07    0.13    0.22    2.43 ^ _2239_/X (sky130_fd_sc_hd__clkbuf_8)
                                         _0495_ (net)
                  0.13    0.01    2.44 ^ _2637_/S (sky130_fd_sc_hd__mux2_1)
     1    0.01    0.09    0.39    2.83 v _2637_/X (sky130_fd_sc_hd__mux2_1)
                                         _0893_ (net)
                  0.09    0.00    2.83 v _2646_/A2_N (sky130_fd_sc_hd__a2bb2o_2)
     6    0.02    0.12    0.30    3.13 ^ _2646_/X (sky130_fd_sc_hd__a2bb2o_2)
                                         _0902_ (net)
                  0.12    0.00    3.14 ^ _2949_/A (sky130_fd_sc_hd__and4_1)
     4    0.02    0.16    0.28    3.41 ^ _2949_/X (sky130_fd_sc_hd__and4_1)
                                         _1200_ (net)
                  0.16    0.00    3.41 ^ _3210_/C_N (sky130_fd_sc_hd__or4bb_1)
     3    0.01    0.12    0.55    3.96 v _3210_/X (sky130_fd_sc_hd__or4bb_1)
                                         _1446_ (net)
                  0.12    0.00    3.96 v _3255_/A3 (sky130_fd_sc_hd__o31a_1)
     1    0.00    0.06    0.27    4.23 v _3255_/X (sky130_fd_sc_hd__o31a_1)
                                         _1489_ (net)
                  0.06    0.00    4.23 v _3256_/B (sky130_fd_sc_hd__xor2_1)
     2    0.01    0.08    0.16    4.39 v _3256_/X (sky130_fd_sc_hd__xor2_1)
                                         _1490_ (net)
                  0.08    0.00    4.39 v _3257_/B (sky130_fd_sc_hd__and2_1)
     2    0.01    0.05    0.18    4.57 v _3257_/X (sky130_fd_sc_hd__and2_1)
                                         _1491_ (net)
                  0.05    0.00    4.57 v _3259_/A (sky130_fd_sc_hd__nor2_1)
     5    0.02    0.29    0.26    4.83 ^ _3259_/Y (sky130_fd_sc_hd__nor2_1)
                                         _1493_ (net)
                  0.29    0.00    4.83 ^ _3276_/A2 (sky130_fd_sc_hd__a21oi_1)
     2    0.01    0.09    0.14    4.97 v _3276_/Y (sky130_fd_sc_hd__a21oi_1)
                                         _1509_ (net)
                  0.09    0.00    4.97 v _3313_/A2 (sky130_fd_sc_hd__o31a_1)
     1    0.00    0.05    0.29    5.26 v _3313_/X (sky130_fd_sc_hd__o31a_1)
                                         _1544_ (net)
                  0.05    0.00    5.26 v _3314_/B1 (sky130_fd_sc_hd__o21a_1)
     2    0.01    0.08    0.14    5.40 v _3314_/X (sky130_fd_sc_hd__o21a_1)
                                         _1545_ (net)
                  0.08    0.00    5.40 v _3384_/A1 (sky130_fd_sc_hd__o31a_1)
     2    0.01    0.06    0.32    5.72 v _3384_/X (sky130_fd_sc_hd__o31a_1)
                                         _1611_ (net)
                  0.06    0.00    5.72 v _3448_/A2 (sky130_fd_sc_hd__a211o_1)
     2    0.01    0.09    0.34    6.06 v _3448_/X (sky130_fd_sc_hd__a211o_1)
                                         _1671_ (net)
                  0.09    0.00    6.06 v _3457_/A1 (sky130_fd_sc_hd__a21oi_4)
     5    0.02    0.19    0.21    6.27 ^ _3457_/Y (sky130_fd_sc_hd__a21oi_4)
                                         _1680_ (net)
                  0.19    0.00    6.27 ^ _3487_/A2 (sky130_fd_sc_hd__o311a_1)
     3    0.02    0.16    0.27    6.54 ^ _3487_/X (sky130_fd_sc_hd__o311a_1)
                                         _1708_ (net)
                  0.16    0.00    6.54 ^ _3500_/A2 (sky130_fd_sc_hd__o21ai_1)
     1    0.00    0.06    0.08    6.62 v _3500_/Y (sky130_fd_sc_hd__o21ai_1)
                                         _1720_ (net)
                  0.06    0.00    6.62 v _3507_/A3 (sky130_fd_sc_hd__a31o_1)
     1    0.00    0.05    0.23    6.85 v _3507_/X (sky130_fd_sc_hd__a31o_1)
                                         _1727_ (net)
                  0.05    0.00    6.85 v _3508_/A (sky130_fd_sc_hd__buf_6)
     7    0.08    0.08    0.16    7.01 v _3508_/X (sky130_fd_sc_hd__buf_6)
                                         net27 (net)
                  0.08    0.01    7.02 v _3642_/A1 (sky130_fd_sc_hd__mux2_1)
     1    0.00    0.06    0.31    7.33 v _3642_/X (sky130_fd_sc_hd__mux2_1)
                                         _1798_ (net)
                  0.06    0.00    7.33 v _3643_/A (sky130_fd_sc_hd__clkbuf_1)
     1    0.00    0.03    0.10    7.42 v _3643_/X (sky130_fd_sc_hd__clkbuf_1)
                                         _0068_ (net)
                  0.03    0.00    7.42 v _4371_/D (sky130_fd_sc_hd__dfxtp_1)
                                  7.42   data arrival time

                  0.00   10.00   10.00   clock core_clock (rise edge)
                          0.00   10.00   clock network delay (ideal)
                          0.00   10.00   clock reconvergence pessimism
                                 10.00 ^ _4371_/CLK (sky130_fd_sc_hd__dfxtp_1)
                         -0.11    9.89   library setup time
                                  9.89   data required time
-----------------------------------------------------------------------------
                                  9.89   data required time
                                 -7.42   data arrival time
-----------------------------------------------------------------------------
                                  2.46   slack (MET)




===========================================================================
report_checks --slack_max -0.01
============================================================================
======================= Typical Corner ===================================

No paths found.


===========================================================================
 report_check_types -max_slew -max_cap -max_fanout -violators
============================================================================
======================= Typical Corner ===================================


max slew violations count Typical: 0
max fanout violations count Typical: 0
max cap violations count Typical: 0

===========================================================================
report_parasitic_annotation -report_unannotated
============================================================================
Found 1 unannotated drivers.
 clk
Found 0 partially unannotated drivers.

===========================================================================
max slew violation count 0
max fanout violation count 0
max cap violation count 0
============================================================================

===========================================================================
check_setup -verbose -unconstrained_endpoints -multiple_clock -no_clock -no_input_delay -loops -generated_clocks
===========================================================================
Warning: There are 2 input ports missing set_input_delay.
  control
  reset
Warning: There are 32 unconstrained endpoints.
  ALUresult[0]
  ALUresult[10]
  ALUresult[11]
  ALUresult[12]
  ALUresult[13]
  ALUresult[14]
  ALUresult[15]
  ALUresult[16]
  ALUresult[17]
  ALUresult[18]
  ALUresult[19]
  ALUresult[1]
  ALUresult[20]
  ALUresult[21]
  ALUresult[22]
  ALUresult[23]
  ALUresult[24]
  ALUresult[25]
  ALUresult[26]
  ALUresult[27]
  ALUresult[28]
  ALUresult[29]
  ALUresult[2]
  ALUresult[30]
  ALUresult[31]
  ALUresult[3]
  ALUresult[4]
  ALUresult[5]
  ALUresult[6]
  ALUresult[7]
  ALUresult[8]
  ALUresult[9]
