
===========================================================================
report_checks -unconstrained
===========================================================================
======================= Typical Corner ===================================

Startpoint: _4599_ (rising edge-triggered flip-flop clocked by core_clock)
Endpoint: _4334_ (rising edge-triggered flip-flop clocked by core_clock)
Path Group: core_clock
Path Type: max

Fanout     Cap    Slew   Delay    Time   Description
-----------------------------------------------------------------------------
                  0.00    0.00    0.00   clock core_clock (rise edge)
                          0.00    0.00   clock network delay (ideal)
                  0.00    0.00    0.00 ^ _4599_/CLK (sky130_fd_sc_hd__dfrtp_2)
     9    0.03    0.11    0.45    0.45 v _4599_/Q (sky130_fd_sc_hd__dfrtp_2)
                                         IM.address[3] (net)
                  0.11    0.00    0.45 v _2155_/A (sky130_fd_sc_hd__or4b_2)
     3    0.01    0.14    0.75    1.19 v _2155_/X (sky130_fd_sc_hd__or4b_2)
                                         _0411_ (net)
                  0.14    0.00    1.19 v _2203_/A2_N (sky130_fd_sc_hd__o2bb2a_2)
     5    0.02    0.11    0.33    1.52 ^ _2203_/X (sky130_fd_sc_hd__o2bb2a_2)
                                         _0459_ (net)
                  0.11    0.00    1.53 ^ _2206_/A (sky130_fd_sc_hd__and3_2)
     2    0.01    0.05    0.19    1.71 ^ _2206_/X (sky130_fd_sc_hd__and3_2)
                                         _0462_ (net)
                  0.05    0.00    1.71 ^ _2216_/A (sky130_fd_sc_hd__buf_1)
    10    0.07    0.85    0.64    2.35 ^ _2216_/X (sky130_fd_sc_hd__buf_1)
                                         _0472_ (net)
                  0.85    0.01    2.36 ^ _2217_/A (sky130_fd_sc_hd__buf_1)
    10    0.07    0.77    0.66    3.02 ^ _2217_/X (sky130_fd_sc_hd__buf_1)
                                         _0473_ (net)
                  0.77    0.01    3.02 ^ _2299_/A (sky130_fd_sc_hd__buf_1)
    10    0.05    0.55    0.51    3.53 ^ _2299_/X (sky130_fd_sc_hd__buf_1)
                                         _0555_ (net)
                  0.55    0.00    3.53 ^ _2300_/A (sky130_fd_sc_hd__buf_1)
    10    0.05    0.56    0.50    4.03 ^ _2300_/X (sky130_fd_sc_hd__buf_1)
                                         _0556_ (net)
                  0.56    0.00    4.04 ^ _2301_/A (sky130_fd_sc_hd__buf_1)
    10    0.05    0.63    0.55    4.59 ^ _2301_/X (sky130_fd_sc_hd__buf_1)
                                         _0557_ (net)
                  0.63    0.00    4.59 ^ _2394_/A (sky130_fd_sc_hd__buf_1)
    10    0.05    0.63    0.55    5.14 ^ _2394_/X (sky130_fd_sc_hd__buf_1)
                                         _0650_ (net)
                  0.63    0.00    5.14 ^ _2583_/S (sky130_fd_sc_hd__mux2_2)
     1    0.00    0.05    0.41    5.55 v _2583_/X (sky130_fd_sc_hd__mux2_2)
                                         _0839_ (net)
                  0.05    0.00    5.55 v _2586_/A2 (sky130_fd_sc_hd__a211o_2)
     1    0.01    0.06    0.34    5.89 v _2586_/X (sky130_fd_sc_hd__a211o_2)
                                         _0842_ (net)
                  0.06    0.00    5.89 v _2587_/B1 (sky130_fd_sc_hd__o211a_2)
     1    0.01    0.06    0.16    6.05 v _2587_/X (sky130_fd_sc_hd__o211a_2)
                                         _0843_ (net)
                  0.06    0.00    6.05 v _2588_/B1 (sky130_fd_sc_hd__a21oi_2)
     5    0.03    0.36    0.30    6.35 ^ _2588_/Y (sky130_fd_sc_hd__a21oi_2)
                                         _0844_ (net)
                  0.36    0.00    6.35 ^ _2946_/B (sky130_fd_sc_hd__and4_2)
     1    0.00    0.06    0.29    6.64 ^ _2946_/X (sky130_fd_sc_hd__and4_2)
                                         _1197_ (net)
                  0.06    0.00    6.64 ^ _2954_/B (sky130_fd_sc_hd__and3_2)
     7    0.03    0.16    0.27    6.91 ^ _2954_/X (sky130_fd_sc_hd__and3_2)
                                         _1205_ (net)
                  0.16    0.00    6.92 ^ _2955_/A (sky130_fd_sc_hd__buf_1)
    10    0.04    0.41    0.36    7.28 ^ _2955_/X (sky130_fd_sc_hd__buf_1)
                                         _1206_ (net)
                  0.41    0.00    7.28 ^ _2956_/A (sky130_fd_sc_hd__buf_1)
    10    0.05    0.54    0.48    7.76 ^ _2956_/X (sky130_fd_sc_hd__buf_1)
                                         _1207_ (net)
                  0.54    0.00    7.76 ^ _2957_/A (sky130_fd_sc_hd__buf_1)
    10    0.04    0.46    0.43    8.19 ^ _2957_/X (sky130_fd_sc_hd__buf_1)
                                         _1208_ (net)
                  0.46    0.00    8.19 ^ _3352_/A (sky130_fd_sc_hd__and2_2)
     2    0.01    0.07    0.25    8.45 ^ _3352_/X (sky130_fd_sc_hd__and2_2)
                                         _1581_ (net)
                  0.07    0.00    8.45 ^ _3428_/A (sky130_fd_sc_hd__nor2_2)
     1    0.00    0.03    0.04    8.48 v _3428_/Y (sky130_fd_sc_hd__nor2_2)
                                         _1653_ (net)
                  0.03    0.00    8.48 v _3429_/D (sky130_fd_sc_hd__or4_2)
     1    0.00    0.11    0.54    9.03 v _3429_/X (sky130_fd_sc_hd__or4_2)
                                         _1654_ (net)
                  0.11    0.00    9.03 v _3430_/B1 (sky130_fd_sc_hd__o21ai_2)
     1    0.01    0.18    0.12    9.14 ^ _3430_/Y (sky130_fd_sc_hd__o21ai_2)
                                         _1655_ (net)
                  0.18    0.00    9.14 ^ _3431_/B1 (sky130_fd_sc_hd__a21o_2)
     1    0.00    0.04    0.12    9.26 ^ _3431_/X (sky130_fd_sc_hd__a21o_2)
                                         _1656_ (net)
                  0.04    0.00    9.26 ^ _3432_/A (sky130_fd_sc_hd__buf_1)
     7    0.06    0.72    0.54    9.81 ^ _3432_/X (sky130_fd_sc_hd__buf_1)
                                         ALUresult[26] (net)
                  0.73    0.01    9.82 ^ _3565_/A0 (sky130_fd_sc_hd__mux2_2)
     1    0.00    0.05    0.27   10.09 ^ _3565_/X (sky130_fd_sc_hd__mux2_2)
                                         _1758_ (net)
                  0.05    0.00   10.09 ^ _3566_/A (sky130_fd_sc_hd__buf_1)
     1    0.00    0.03    0.08   10.17 ^ _3566_/X (sky130_fd_sc_hd__buf_1)
                                         _0031_ (net)
                  0.03    0.00   10.17 ^ _4334_/D (sky130_fd_sc_hd__dfxtp_2)
                                 10.17   data arrival time

                  0.00   10.00   10.00   clock core_clock (rise edge)
                          0.00   10.00   clock network delay (ideal)
                          0.00   10.00   clock reconvergence pessimism
                                 10.00 ^ _4334_/CLK (sky130_fd_sc_hd__dfxtp_2)
                         -0.06    9.94   library setup time
                                  9.94   data required time
-----------------------------------------------------------------------------
                                  9.94   data required time
                                -10.17   data arrival time
-----------------------------------------------------------------------------
                                 -0.23   slack (VIOLATED)




===========================================================================
report_checks --slack_max -0.01
============================================================================
======================= Typical Corner ===================================

Startpoint: _4599_ (rising edge-triggered flip-flop clocked by core_clock)
Endpoint: _4334_ (rising edge-triggered flip-flop clocked by core_clock)
Path Group: core_clock
Path Type: max

Fanout     Cap    Slew   Delay    Time   Description
-----------------------------------------------------------------------------
                  0.00    0.00    0.00   clock core_clock (rise edge)
                          0.00    0.00   clock network delay (ideal)
                  0.00    0.00    0.00 ^ _4599_/CLK (sky130_fd_sc_hd__dfrtp_2)
     9    0.03    0.11    0.45    0.45 v _4599_/Q (sky130_fd_sc_hd__dfrtp_2)
                                         IM.address[3] (net)
                  0.11    0.00    0.45 v _2155_/A (sky130_fd_sc_hd__or4b_2)
     3    0.01    0.14    0.75    1.19 v _2155_/X (sky130_fd_sc_hd__or4b_2)
                                         _0411_ (net)
                  0.14    0.00    1.19 v _2203_/A2_N (sky130_fd_sc_hd__o2bb2a_2)
     5    0.02    0.11    0.33    1.52 ^ _2203_/X (sky130_fd_sc_hd__o2bb2a_2)
                                         _0459_ (net)
                  0.11    0.00    1.53 ^ _2206_/A (sky130_fd_sc_hd__and3_2)
     2    0.01    0.05    0.19    1.71 ^ _2206_/X (sky130_fd_sc_hd__and3_2)
                                         _0462_ (net)
                  0.05    0.00    1.71 ^ _2216_/A (sky130_fd_sc_hd__buf_1)
    10    0.07    0.85    0.64    2.35 ^ _2216_/X (sky130_fd_sc_hd__buf_1)
                                         _0472_ (net)
                  0.85    0.01    2.36 ^ _2217_/A (sky130_fd_sc_hd__buf_1)
    10    0.07    0.77    0.66    3.02 ^ _2217_/X (sky130_fd_sc_hd__buf_1)
                                         _0473_ (net)
                  0.77    0.01    3.02 ^ _2299_/A (sky130_fd_sc_hd__buf_1)
    10    0.05    0.55    0.51    3.53 ^ _2299_/X (sky130_fd_sc_hd__buf_1)
                                         _0555_ (net)
                  0.55    0.00    3.53 ^ _2300_/A (sky130_fd_sc_hd__buf_1)
    10    0.05    0.56    0.50    4.03 ^ _2300_/X (sky130_fd_sc_hd__buf_1)
                                         _0556_ (net)
                  0.56    0.00    4.04 ^ _2301_/A (sky130_fd_sc_hd__buf_1)
    10    0.05    0.63    0.55    4.59 ^ _2301_/X (sky130_fd_sc_hd__buf_1)
                                         _0557_ (net)
                  0.63    0.00    4.59 ^ _2394_/A (sky130_fd_sc_hd__buf_1)
    10    0.05    0.63    0.55    5.14 ^ _2394_/X (sky130_fd_sc_hd__buf_1)
                                         _0650_ (net)
                  0.63    0.00    5.14 ^ _2583_/S (sky130_fd_sc_hd__mux2_2)
     1    0.00    0.05    0.41    5.55 v _2583_/X (sky130_fd_sc_hd__mux2_2)
                                         _0839_ (net)
                  0.05    0.00    5.55 v _2586_/A2 (sky130_fd_sc_hd__a211o_2)
     1    0.01    0.06    0.34    5.89 v _2586_/X (sky130_fd_sc_hd__a211o_2)
                                         _0842_ (net)
                  0.06    0.00    5.89 v _2587_/B1 (sky130_fd_sc_hd__o211a_2)
     1    0.01    0.06    0.16    6.05 v _2587_/X (sky130_fd_sc_hd__o211a_2)
                                         _0843_ (net)
                  0.06    0.00    6.05 v _2588_/B1 (sky130_fd_sc_hd__a21oi_2)
     5    0.03    0.36    0.30    6.35 ^ _2588_/Y (sky130_fd_sc_hd__a21oi_2)
                                         _0844_ (net)
                  0.36    0.00    6.35 ^ _2946_/B (sky130_fd_sc_hd__and4_2)
     1    0.00    0.06    0.29    6.64 ^ _2946_/X (sky130_fd_sc_hd__and4_2)
                                         _1197_ (net)
                  0.06    0.00    6.64 ^ _2954_/B (sky130_fd_sc_hd__and3_2)
     7    0.03    0.16    0.27    6.91 ^ _2954_/X (sky130_fd_sc_hd__and3_2)
                                         _1205_ (net)
                  0.16    0.00    6.92 ^ _2955_/A (sky130_fd_sc_hd__buf_1)
    10    0.04    0.41    0.36    7.28 ^ _2955_/X (sky130_fd_sc_hd__buf_1)
                                         _1206_ (net)
                  0.41    0.00    7.28 ^ _2956_/A (sky130_fd_sc_hd__buf_1)
    10    0.05    0.54    0.48    7.76 ^ _2956_/X (sky130_fd_sc_hd__buf_1)
                                         _1207_ (net)
                  0.54    0.00    7.76 ^ _2957_/A (sky130_fd_sc_hd__buf_1)
    10    0.04    0.46    0.43    8.19 ^ _2957_/X (sky130_fd_sc_hd__buf_1)
                                         _1208_ (net)
                  0.46    0.00    8.19 ^ _3352_/A (sky130_fd_sc_hd__and2_2)
     2    0.01    0.07    0.25    8.45 ^ _3352_/X (sky130_fd_sc_hd__and2_2)
                                         _1581_ (net)
                  0.07    0.00    8.45 ^ _3428_/A (sky130_fd_sc_hd__nor2_2)
     1    0.00    0.03    0.04    8.48 v _3428_/Y (sky130_fd_sc_hd__nor2_2)
                                         _1653_ (net)
                  0.03    0.00    8.48 v _3429_/D (sky130_fd_sc_hd__or4_2)
     1    0.00    0.11    0.54    9.03 v _3429_/X (sky130_fd_sc_hd__or4_2)
                                         _1654_ (net)
                  0.11    0.00    9.03 v _3430_/B1 (sky130_fd_sc_hd__o21ai_2)
     1    0.01    0.18    0.12    9.14 ^ _3430_/Y (sky130_fd_sc_hd__o21ai_2)
                                         _1655_ (net)
                  0.18    0.00    9.14 ^ _3431_/B1 (sky130_fd_sc_hd__a21o_2)
     1    0.00    0.04    0.12    9.26 ^ _3431_/X (sky130_fd_sc_hd__a21o_2)
                                         _1656_ (net)
                  0.04    0.00    9.26 ^ _3432_/A (sky130_fd_sc_hd__buf_1)
     7    0.06    0.72    0.54    9.81 ^ _3432_/X (sky130_fd_sc_hd__buf_1)
                                         ALUresult[26] (net)
                  0.73    0.01    9.82 ^ _3565_/A0 (sky130_fd_sc_hd__mux2_2)
     1    0.00    0.05    0.27   10.09 ^ _3565_/X (sky130_fd_sc_hd__mux2_2)
                                         _1758_ (net)
                  0.05    0.00   10.09 ^ _3566_/A (sky130_fd_sc_hd__buf_1)
     1    0.00    0.03    0.08   10.17 ^ _3566_/X (sky130_fd_sc_hd__buf_1)
                                         _0031_ (net)
                  0.03    0.00   10.17 ^ _4334_/D (sky130_fd_sc_hd__dfxtp_2)
                                 10.17   data arrival time

                  0.00   10.00   10.00   clock core_clock (rise edge)
                          0.00   10.00   clock network delay (ideal)
                          0.00   10.00   clock reconvergence pessimism
                                 10.00 ^ _4334_/CLK (sky130_fd_sc_hd__dfxtp_2)
                         -0.06    9.94   library setup time
                                  9.94   data required time
-----------------------------------------------------------------------------
                                  9.94   data required time
                                -10.17   data arrival time
-----------------------------------------------------------------------------
                                 -0.23   slack (VIOLATED)




===========================================================================
 report_check_types -max_slew -max_cap -max_fanout -violators
============================================================================
======================= Typical Corner ===================================


max slew violations count Typical: 0
max fanout violations count Typical: 0
max cap violations count Typical: 0

===========================================================================
report_parasitic_annotation -report_unannotated
============================================================================
Found 1 unannotated drivers.
 clk
Found 0 partially unannotated drivers.

===========================================================================
max slew violation count 0
max fanout violation count 0
max cap violation count 0
============================================================================

===========================================================================
check_setup -verbose -unconstrained_endpoints -multiple_clock -no_clock -no_input_delay -loops -generated_clocks
===========================================================================
Warning: There are 2 input ports missing set_input_delay.
  control
  reset
Warning: There are 32 unconstrained endpoints.
  ALUresult[0]
  ALUresult[10]
  ALUresult[11]
  ALUresult[12]
  ALUresult[13]
  ALUresult[14]
  ALUresult[15]
  ALUresult[16]
  ALUresult[17]
  ALUresult[18]
  ALUresult[19]
  ALUresult[1]
  ALUresult[20]
  ALUresult[21]
  ALUresult[22]
  ALUresult[23]
  ALUresult[24]
  ALUresult[25]
  ALUresult[26]
  ALUresult[27]
  ALUresult[28]
  ALUresult[29]
  ALUresult[2]
  ALUresult[30]
  ALUresult[31]
  ALUresult[3]
  ALUresult[4]
  ALUresult[5]
  ALUresult[6]
  ALUresult[7]
  ALUresult[8]
  ALUresult[9]
