
===========================================================================
 report_power
============================================================================
======================= Fastest Corner ===================================

Group                  Internal  Switching    Leakage      Total
                          Power      Power      Power      Power (Watts)
----------------------------------------------------------------
Sequential             0.00e+00   0.00e+00   0.00e+00   0.00e+00   0.0%
Combinational          1.15e-04   3.35e-04   3.44e-09   4.51e-04 100.0%
Clock                 -3.70e-10   0.00e+00   1.22e-09   8.48e-10   0.0%
Macro                  0.00e+00   0.00e+00   0.00e+00   0.00e+00   0.0%
Pad                    0.00e+00   0.00e+00   0.00e+00   0.00e+00   0.0%
----------------------------------------------------------------
Total                  1.15e-04   3.35e-04   4.66e-09   4.51e-04 100.0%
                          25.6%      74.4%       0.0%

======================= Slowest Corner ===================================

Group                  Internal  Switching    Leakage      Total
                          Power      Power      Power      Power (Watts)
----------------------------------------------------------------
Sequential             0.00e+00   0.00e+00   0.00e+00   0.00e+00   0.0%
Combinational          8.36e-05   2.25e-04   1.86e-06   3.10e-04 100.0%
Clock                 -1.44e-10   0.00e+00   1.23e-09   1.09e-09   0.0%
Macro                  0.00e+00   0.00e+00   0.00e+00   0.00e+00   0.0%
Pad                    0.00e+00   0.00e+00   0.00e+00   0.00e+00   0.0%
----------------------------------------------------------------
Total                  8.36e-05   2.25e-04   1.86e-06   3.10e-04 100.0%
                          26.9%      72.5%       0.6%

======================= Typical Corner ===================================

Group                  Internal  Switching    Leakage      Total
                          Power      Power      Power      Power (Watts)
----------------------------------------------------------------
Sequential             0.00e+00   0.00e+00   0.00e+00   0.00e+00   0.0%
Combinational          1.04e-04   2.85e-04   1.43e-09   3.89e-04 100.0%
Clock                 -5.21e-11   0.00e+00   1.22e-09   1.17e-09   0.0%
Macro                  0.00e+00   0.00e+00   0.00e+00   0.00e+00   0.0%
Pad                    0.00e+00   0.00e+00   0.00e+00   0.00e+00   0.0%
----------------------------------------------------------------
Total                  1.04e-04   2.85e-04   2.65e-09   3.89e-04 100.0%
                          26.8%      73.2%       0.0%

