
===========================================================================
report_checks -path_delay min (Hold)
============================================================================
======================= Fastest Corner ===================================

Startpoint: in[3] (input port clocked by __VIRTUAL_CLK__)
Endpoint: out[3] (output port clocked by __VIRTUAL_CLK__)
Path Group: __VIRTUAL_CLK__
Path Type: min
Corner: Fastest

Fanout     Cap    Slew   Delay    Time   Description
-----------------------------------------------------------------------------
                  0.00    0.00    0.00   clock __VIRTUAL_CLK__ (rise edge)
                          0.00    0.00   clock network delay (ideal)
                          2.00    2.00 ^ input external delay
     1    0.00    0.01    0.01    2.01 ^ in[3] (in)
                                         in[3] (net)
                  0.01    0.00    2.01 ^ input4/A (sky130_fd_sc_hd__clkbuf_1)
     2    0.01    0.06    0.07    2.07 ^ input4/X (sky130_fd_sc_hd__clkbuf_1)
                                         net4 (net)
                  0.06    0.00    2.07 ^ _24_/A1 (sky130_fd_sc_hd__a21boi_1)
     1    0.01    0.03    0.05    2.12 v _24_/Y (sky130_fd_sc_hd__a21boi_1)
                                         net12 (net)
                  0.03    0.00    2.12 v output12/A (sky130_fd_sc_hd__buf_2)
     1    0.03    0.06    0.11    2.23 v output12/X (sky130_fd_sc_hd__buf_2)
                                         out[3] (net)
                  0.06    0.00    2.23 v out[3] (out)
                                  2.23   data arrival time

                  0.00    0.00    0.00   clock __VIRTUAL_CLK__ (rise edge)
                          0.00    0.00   clock network delay (ideal)
                          0.25    0.25   clock uncertainty
                          0.00    0.25   clock reconvergence pessimism
                         -2.00   -1.75   output external delay
                                 -1.75   data required time
-----------------------------------------------------------------------------
                                 -1.75   data required time
                                 -2.23   data arrival time
-----------------------------------------------------------------------------
                                  3.98   slack (MET)


Startpoint: in[7] (input port clocked by __VIRTUAL_CLK__)
Endpoint: out[7] (output port clocked by __VIRTUAL_CLK__)
Path Group: __VIRTUAL_CLK__
Path Type: min
Corner: Fastest

Fanout     Cap    Slew   Delay    Time   Description
-----------------------------------------------------------------------------
                  0.00    0.00    0.00   clock __VIRTUAL_CLK__ (rise edge)
                          0.00    0.00   clock network delay (ideal)
                          2.00    2.00 ^ input external delay
     1    0.00    0.02    0.01    2.01 ^ in[7] (in)
                                         in[7] (net)
                  0.02    0.00    2.01 ^ input8/A (sky130_fd_sc_hd__buf_1)
     1    0.01    0.09    0.08    2.09 ^ input8/X (sky130_fd_sc_hd__buf_1)
                                         net8 (net)
                  0.09    0.00    2.09 ^ _18_/A (sky130_fd_sc_hd__xor2_1)
     1    0.00    0.03    0.05    2.14 v _18_/X (sky130_fd_sc_hd__xor2_1)
                                         net16 (net)
                  0.03    0.00    2.14 v output16/A (sky130_fd_sc_hd__clkbuf_4)
     1    0.03    0.06    0.12    2.26 v output16/X (sky130_fd_sc_hd__clkbuf_4)
                                         out[7] (net)
                  0.06    0.00    2.26 v out[7] (out)
                                  2.26   data arrival time

                  0.00    0.00    0.00   clock __VIRTUAL_CLK__ (rise edge)
                          0.00    0.00   clock network delay (ideal)
                          0.25    0.25   clock uncertainty
                          0.00    0.25   clock reconvergence pessimism
                         -2.00   -1.75   output external delay
                                 -1.75   data required time
-----------------------------------------------------------------------------
                                 -1.75   data required time
                                 -2.26   data arrival time
-----------------------------------------------------------------------------
                                  4.01   slack (MET)


Startpoint: in[5] (input port clocked by __VIRTUAL_CLK__)
Endpoint: out[5] (output port clocked by __VIRTUAL_CLK__)
Path Group: __VIRTUAL_CLK__
Path Type: min
Corner: Fastest

Fanout     Cap    Slew   Delay    Time   Description
-----------------------------------------------------------------------------
                  0.00    0.00    0.00   clock __VIRTUAL_CLK__ (rise edge)
                          0.00    0.00   clock network delay (ideal)
                          2.00    2.00 v input external delay
     1    0.00    0.01    0.00    2.00 v in[5] (in)
                                         in[5] (net)
                  0.01    0.00    2.00 v input6/A (sky130_fd_sc_hd__buf_1)
     3    0.01    0.05    0.07    2.08 v input6/X (sky130_fd_sc_hd__buf_1)
                                         net6 (net)
                  0.05    0.00    2.08 v _13_/A (sky130_fd_sc_hd__xnor2_1)
     1    0.00    0.03    0.09    2.17 v _13_/Y (sky130_fd_sc_hd__xnor2_1)
                                         net14 (net)
                  0.03    0.00    2.17 v output14/A (sky130_fd_sc_hd__buf_2)
     1    0.03    0.06    0.11    2.28 v output14/X (sky130_fd_sc_hd__buf_2)
                                         out[5] (net)
                  0.06    0.00    2.28 v out[5] (out)
                                  2.28   data arrival time

                  0.00    0.00    0.00   clock __VIRTUAL_CLK__ (rise edge)
                          0.00    0.00   clock network delay (ideal)
                          0.25    0.25   clock uncertainty
                          0.00    0.25   clock reconvergence pessimism
                         -2.00   -1.75   output external delay
                                 -1.75   data required time
-----------------------------------------------------------------------------
                                 -1.75   data required time
                                 -2.28   data arrival time
-----------------------------------------------------------------------------
                                  4.03   slack (MET)


Startpoint: in[1] (input port clocked by __VIRTUAL_CLK__)
Endpoint: out[1] (output port clocked by __VIRTUAL_CLK__)
Path Group: __VIRTUAL_CLK__
Path Type: min
Corner: Fastest

Fanout     Cap    Slew   Delay    Time   Description
-----------------------------------------------------------------------------
                  0.00    0.00    0.00   clock __VIRTUAL_CLK__ (rise edge)
                          0.00    0.00   clock network delay (ideal)
                          2.00    2.00 ^ input external delay
     1    0.00    0.01    0.01    2.01 ^ in[1] (in)
                                         in[1] (net)
                  0.01    0.00    2.01 ^ input2/A (sky130_fd_sc_hd__buf_1)
     4    0.02    0.15    0.12    2.13 ^ input2/X (sky130_fd_sc_hd__buf_1)
                                         net2 (net)
                  0.15    0.00    2.13 ^ _19_/A (sky130_fd_sc_hd__xor2_1)
     1    0.00    0.03    0.05    2.18 v _19_/X (sky130_fd_sc_hd__xor2_1)
                                         net10 (net)
                  0.03    0.00    2.18 v output10/A (sky130_fd_sc_hd__buf_2)
     1    0.03    0.06    0.11    2.29 v output10/X (sky130_fd_sc_hd__buf_2)
                                         out[1] (net)
                  0.06    0.00    2.29 v out[1] (out)
                                  2.29   data arrival time

                  0.00    0.00    0.00   clock __VIRTUAL_CLK__ (rise edge)
                          0.00    0.00   clock network delay (ideal)
                          0.25    0.25   clock uncertainty
                          0.00    0.25   clock reconvergence pessimism
                         -2.00   -1.75   output external delay
                                 -1.75   data required time
-----------------------------------------------------------------------------
                                 -1.75   data required time
                                 -2.29   data arrival time
-----------------------------------------------------------------------------
                                  4.04   slack (MET)


Startpoint: in[0] (input port clocked by __VIRTUAL_CLK__)
Endpoint: out[0] (output port clocked by __VIRTUAL_CLK__)
Path Group: __VIRTUAL_CLK__
Path Type: min
Corner: Fastest

Fanout     Cap    Slew   Delay    Time   Description
-----------------------------------------------------------------------------
                  0.00    0.00    0.00   clock __VIRTUAL_CLK__ (rise edge)
                          0.00    0.00   clock network delay (ideal)
                          2.00    2.00 v input external delay
     1    0.00    0.00    0.00    2.00 v in[0] (in)
                                         in[0] (net)
                  0.00    0.00    2.00 v input1/A (sky130_fd_sc_hd__dlymetal6s2s_1)
     5    0.02    0.08    0.11    2.12 v input1/X (sky130_fd_sc_hd__dlymetal6s2s_1)
                                         net1 (net)
                  0.08    0.00    2.12 v _25_/A (sky130_fd_sc_hd__clkbuf_1)
     1    0.01    0.03    0.08    2.19 v _25_/X (sky130_fd_sc_hd__clkbuf_1)
                                         net9 (net)
                  0.03    0.00    2.19 v output9/A (sky130_fd_sc_hd__buf_2)
     1    0.03    0.06    0.11    2.30 v output9/X (sky130_fd_sc_hd__buf_2)
                                         out[0] (net)
                  0.06    0.00    2.31 v out[0] (out)
                                  2.31   data arrival time

                  0.00    0.00    0.00   clock __VIRTUAL_CLK__ (rise edge)
                          0.00    0.00   clock network delay (ideal)
                          0.25    0.25   clock uncertainty
                          0.00    0.25   clock reconvergence pessimism
                         -2.00   -1.75   output external delay
                                 -1.75   data required time
-----------------------------------------------------------------------------
                                 -1.75   data required time
                                 -2.31   data arrival time
-----------------------------------------------------------------------------
                                  4.06   slack (MET)


Startpoint: in[4] (input port clocked by __VIRTUAL_CLK__)
Endpoint: out[4] (output port clocked by __VIRTUAL_CLK__)
Path Group: __VIRTUAL_CLK__
Path Type: min
Corner: Fastest

Fanout     Cap    Slew   Delay    Time   Description
-----------------------------------------------------------------------------
                  0.00    0.00    0.00   clock __VIRTUAL_CLK__ (rise edge)
                          0.00    0.00   clock network delay (ideal)
                          2.00    2.00 ^ input external delay
     1    0.00    0.01    0.01    2.01 ^ in[4] (in)
                                         in[4] (net)
                  0.01    0.00    2.01 ^ input5/A (sky130_fd_sc_hd__buf_1)
     4    0.01    0.13    0.11    2.11 ^ input5/X (sky130_fd_sc_hd__buf_1)
                                         net5 (net)
                  0.13    0.00    2.11 ^ _11_/A (sky130_fd_sc_hd__and2_1)
     1    0.01    0.06    0.10    2.21 ^ _11_/X (sky130_fd_sc_hd__and2_1)
                                         _02_ (net)
                  0.06    0.00    2.21 ^ _12_/B (sky130_fd_sc_hd__nor2_1)
     1    0.00    0.02    0.02    2.24 v _12_/Y (sky130_fd_sc_hd__nor2_1)
                                         net13 (net)
                  0.02    0.00    2.24 v output13/A (sky130_fd_sc_hd__buf_2)
     1    0.03    0.06    0.11    2.34 v output13/X (sky130_fd_sc_hd__buf_2)
                                         out[4] (net)
                  0.06    0.00    2.34 v out[4] (out)
                                  2.34   data arrival time

                  0.00    0.00    0.00   clock __VIRTUAL_CLK__ (rise edge)
                          0.00    0.00   clock network delay (ideal)
                          0.25    0.25   clock uncertainty
                          0.00    0.25   clock reconvergence pessimism
                         -2.00   -1.75   output external delay
                                 -1.75   data required time
-----------------------------------------------------------------------------
                                 -1.75   data required time
                                 -2.34   data arrival time
-----------------------------------------------------------------------------
                                  4.09   slack (MET)


Startpoint: in[2] (input port clocked by __VIRTUAL_CLK__)
Endpoint: out[2] (output port clocked by __VIRTUAL_CLK__)
Path Group: __VIRTUAL_CLK__
Path Type: min
Corner: Fastest

Fanout     Cap    Slew   Delay    Time   Description
-----------------------------------------------------------------------------
                  0.00    0.00    0.00   clock __VIRTUAL_CLK__ (rise edge)
                          0.00    0.00   clock network delay (ideal)
                          2.00    2.00 ^ input external delay
     1    0.00    0.01    0.01    2.01 ^ in[2] (in)
                                         in[2] (net)
                  0.01    0.00    2.01 ^ input3/A (sky130_fd_sc_hd__buf_1)
     3    0.01    0.09    0.09    2.09 ^ input3/X (sky130_fd_sc_hd__buf_1)
                                         net3 (net)
                  0.09    0.00    2.09 ^ _21_/B1 (sky130_fd_sc_hd__o21ai_1)
     1    0.00    0.04    0.04    2.13 v _21_/Y (sky130_fd_sc_hd__o21ai_1)
                                         _07_ (net)
                  0.04    0.00    2.13 v _22_/B (sky130_fd_sc_hd__and2_1)
     1    0.00    0.03    0.10    2.23 v _22_/X (sky130_fd_sc_hd__and2_1)
                                         _08_ (net)
                  0.03    0.00    2.23 v _23_/A (sky130_fd_sc_hd__clkbuf_1)
     1    0.00    0.02    0.05    2.28 v _23_/X (sky130_fd_sc_hd__clkbuf_1)
                                         net11 (net)
                  0.02    0.00    2.28 v output11/A (sky130_fd_sc_hd__buf_2)
     1    0.03    0.06    0.11    2.39 v output11/X (sky130_fd_sc_hd__buf_2)
                                         out[2] (net)
                  0.06    0.00    2.39 v out[2] (out)
                                  2.39   data arrival time

                  0.00    0.00    0.00   clock __VIRTUAL_CLK__ (rise edge)
                          0.00    0.00   clock network delay (ideal)
                          0.25    0.25   clock uncertainty
                          0.00    0.25   clock reconvergence pessimism
                         -2.00   -1.75   output external delay
                                 -1.75   data required time
-----------------------------------------------------------------------------
                                 -1.75   data required time
                                 -2.39   data arrival time
-----------------------------------------------------------------------------
                                  4.14   slack (MET)


Startpoint: in[6] (input port clocked by __VIRTUAL_CLK__)
Endpoint: out[6] (output port clocked by __VIRTUAL_CLK__)
Path Group: __VIRTUAL_CLK__
Path Type: min
Corner: Fastest

Fanout     Cap    Slew   Delay    Time   Description
-----------------------------------------------------------------------------
                  0.00    0.00    0.00   clock __VIRTUAL_CLK__ (rise edge)
                          0.00    0.00   clock network delay (ideal)
                          2.00    2.00 ^ input external delay
     1    0.00    0.01    0.01    2.01 ^ in[6] (in)
                                         in[6] (net)
                  0.01    0.00    2.01 ^ input7/A (sky130_fd_sc_hd__clkbuf_1)
     2    0.01    0.09    0.08    2.09 ^ input7/X (sky130_fd_sc_hd__clkbuf_1)
                                         net7 (net)
                  0.09    0.00    2.09 ^ _14_/B1 (sky130_fd_sc_hd__o31a_1)
     1    0.00    0.04    0.07    2.16 ^ _14_/X (sky130_fd_sc_hd__o31a_1)
                                         _03_ (net)
                  0.04    0.00    2.16 ^ _16_/A_N (sky130_fd_sc_hd__and2b_1)
     1    0.01    0.04    0.11    2.27 v _16_/X (sky130_fd_sc_hd__and2b_1)
                                         _05_ (net)
                  0.04    0.00    2.27 v _17_/A (sky130_fd_sc_hd__clkbuf_1)
     1    0.01    0.03    0.07    2.34 v _17_/X (sky130_fd_sc_hd__clkbuf_1)
                                         net15 (net)
                  0.03    0.00    2.34 v output15/A (sky130_fd_sc_hd__buf_2)
     1    0.03    0.06    0.11    2.45 v output15/X (sky130_fd_sc_hd__buf_2)
                                         out[6] (net)
                  0.06    0.00    2.46 v out[6] (out)
                                  2.46   data arrival time

                  0.00    0.00    0.00   clock __VIRTUAL_CLK__ (rise edge)
                          0.00    0.00   clock network delay (ideal)
                          0.25    0.25   clock uncertainty
                          0.00    0.25   clock reconvergence pessimism
                         -2.00   -1.75   output external delay
                                 -1.75   data required time
-----------------------------------------------------------------------------
                                 -1.75   data required time
                                 -2.46   data arrival time
-----------------------------------------------------------------------------
                                  4.21   slack (MET)



worst slack corner Fastest: 3.9822
======================= Slowest Corner ===================================

Startpoint: in[3] (input port clocked by __VIRTUAL_CLK__)
Endpoint: out[3] (output port clocked by __VIRTUAL_CLK__)
Path Group: __VIRTUAL_CLK__
Path Type: min
Corner: Slowest

Fanout     Cap    Slew   Delay    Time   Description
-----------------------------------------------------------------------------
                  0.00    0.00    0.00   clock __VIRTUAL_CLK__ (rise edge)
                          0.00    0.00   clock network delay (ideal)
                          2.00    2.00 ^ input external delay
     1    0.00    0.03    0.01    2.01 ^ in[3] (in)
                                         in[3] (net)
                  0.03    0.00    2.01 ^ input4/A (sky130_fd_sc_hd__clkbuf_1)
     2    0.01    0.14    0.17    2.19 ^ input4/X (sky130_fd_sc_hd__clkbuf_1)
                                         net4 (net)
                  0.14    0.00    2.19 ^ _24_/A1 (sky130_fd_sc_hd__a21boi_1)
     1    0.01    0.09    0.17    2.36 v _24_/Y (sky130_fd_sc_hd__a21boi_1)
                                         net12 (net)
                  0.09    0.00    2.36 v output12/A (sky130_fd_sc_hd__buf_2)
     1    0.03    0.16    0.34    2.70 v output12/X (sky130_fd_sc_hd__buf_2)
                                         out[3] (net)
                  0.16    0.00    2.70 v out[3] (out)
                                  2.70   data arrival time

                  0.00    0.00    0.00   clock __VIRTUAL_CLK__ (rise edge)
                          0.00    0.00   clock network delay (ideal)
                          0.25    0.25   clock uncertainty
                          0.00    0.25   clock reconvergence pessimism
                         -2.00   -1.75   output external delay
                                 -1.75   data required time
-----------------------------------------------------------------------------
                                 -1.75   data required time
                                 -2.70   data arrival time
-----------------------------------------------------------------------------
                                  4.45   slack (MET)


Startpoint: in[7] (input port clocked by __VIRTUAL_CLK__)
Endpoint: out[7] (output port clocked by __VIRTUAL_CLK__)
Path Group: __VIRTUAL_CLK__
Path Type: min
Corner: Slowest

Fanout     Cap    Slew   Delay    Time   Description
-----------------------------------------------------------------------------
                  0.00    0.00    0.00   clock __VIRTUAL_CLK__ (rise edge)
                          0.00    0.00   clock network delay (ideal)
                          2.00    2.00 ^ input external delay
     1    0.00    0.04    0.02    2.02 ^ in[7] (in)
                                         in[7] (net)
                  0.04    0.00    2.02 ^ input8/A (sky130_fd_sc_hd__buf_1)
     1    0.01    0.19    0.21    2.23 ^ input8/X (sky130_fd_sc_hd__buf_1)
                                         net8 (net)
                  0.19    0.00    2.23 ^ _18_/A (sky130_fd_sc_hd__xor2_1)
     1    0.00    0.08    0.18    2.41 v _18_/X (sky130_fd_sc_hd__xor2_1)
                                         net16 (net)
                  0.08    0.00    2.41 v output16/A (sky130_fd_sc_hd__clkbuf_4)
     1    0.03    0.14    0.31    2.73 v output16/X (sky130_fd_sc_hd__clkbuf_4)
                                         out[7] (net)
                  0.14    0.00    2.73 v out[7] (out)
                                  2.73   data arrival time

                  0.00    0.00    0.00   clock __VIRTUAL_CLK__ (rise edge)
                          0.00    0.00   clock network delay (ideal)
                          0.25    0.25   clock uncertainty
                          0.00    0.25   clock reconvergence pessimism
                         -2.00   -1.75   output external delay
                                 -1.75   data required time
-----------------------------------------------------------------------------
                                 -1.75   data required time
                                 -2.73   data arrival time
-----------------------------------------------------------------------------
                                  4.48   slack (MET)


Startpoint: in[5] (input port clocked by __VIRTUAL_CLK__)
Endpoint: out[5] (output port clocked by __VIRTUAL_CLK__)
Path Group: __VIRTUAL_CLK__
Path Type: min
Corner: Slowest

Fanout     Cap    Slew   Delay    Time   Description
-----------------------------------------------------------------------------
                  0.00    0.00    0.00   clock __VIRTUAL_CLK__ (rise edge)
                          0.00    0.00   clock network delay (ideal)
                          2.00    2.00 v input external delay
     1    0.00    0.02    0.01    2.01 v in[5] (in)
                                         in[5] (net)
                  0.02    0.00    2.01 v input6/A (sky130_fd_sc_hd__buf_1)
     3    0.01    0.15    0.21    2.22 v input6/X (sky130_fd_sc_hd__buf_1)
                                         net6 (net)
                  0.15    0.00    2.22 v _13_/A (sky130_fd_sc_hd__xnor2_1)
     1    0.00    0.10    0.26    2.48 v _13_/Y (sky130_fd_sc_hd__xnor2_1)
                                         net14 (net)
                  0.10    0.00    2.48 v output14/A (sky130_fd_sc_hd__buf_2)
     1    0.03    0.16    0.34    2.83 v output14/X (sky130_fd_sc_hd__buf_2)
                                         out[5] (net)
                  0.16    0.00    2.83 v out[5] (out)
                                  2.83   data arrival time

                  0.00    0.00    0.00   clock __VIRTUAL_CLK__ (rise edge)
                          0.00    0.00   clock network delay (ideal)
                          0.25    0.25   clock uncertainty
                          0.00    0.25   clock reconvergence pessimism
                         -2.00   -1.75   output external delay
                                 -1.75   data required time
-----------------------------------------------------------------------------
                                 -1.75   data required time
                                 -2.83   data arrival time
-----------------------------------------------------------------------------
                                  4.58   slack (MET)


Startpoint: in[1] (input port clocked by __VIRTUAL_CLK__)
Endpoint: out[1] (output port clocked by __VIRTUAL_CLK__)
Path Group: __VIRTUAL_CLK__
Path Type: min
Corner: Slowest

Fanout     Cap    Slew   Delay    Time   Description
-----------------------------------------------------------------------------
                  0.00    0.00    0.00   clock __VIRTUAL_CLK__ (rise edge)
                          0.00    0.00   clock network delay (ideal)
                          2.00    2.00 ^ input external delay
     1    0.00    0.03    0.02    2.02 ^ in[1] (in)
                                         in[1] (net)
                  0.03    0.00    2.02 ^ input2/A (sky130_fd_sc_hd__buf_1)
     4    0.02    0.31    0.29    2.30 ^ input2/X (sky130_fd_sc_hd__buf_1)
                                         net2 (net)
                  0.31    0.00    2.31 ^ _19_/A (sky130_fd_sc_hd__xor2_1)
     1    0.00    0.07    0.21    2.51 v _19_/X (sky130_fd_sc_hd__xor2_1)
                                         net10 (net)
                  0.07    0.00    2.51 v output10/A (sky130_fd_sc_hd__buf_2)
     1    0.03    0.16    0.33    2.84 v output10/X (sky130_fd_sc_hd__buf_2)
                                         out[1] (net)
                  0.16    0.00    2.84 v out[1] (out)
                                  2.84   data arrival time

                  0.00    0.00    0.00   clock __VIRTUAL_CLK__ (rise edge)
                          0.00    0.00   clock network delay (ideal)
                          0.25    0.25   clock uncertainty
                          0.00    0.25   clock reconvergence pessimism
                         -2.00   -1.75   output external delay
                                 -1.75   data required time
-----------------------------------------------------------------------------
                                 -1.75   data required time
                                 -2.84   data arrival time
-----------------------------------------------------------------------------
                                  4.59   slack (MET)


Startpoint: in[0] (input port clocked by __VIRTUAL_CLK__)
Endpoint: out[0] (output port clocked by __VIRTUAL_CLK__)
Path Group: __VIRTUAL_CLK__
Path Type: min
Corner: Slowest

Fanout     Cap    Slew   Delay    Time   Description
-----------------------------------------------------------------------------
                  0.00    0.00    0.00   clock __VIRTUAL_CLK__ (rise edge)
                          0.00    0.00   clock network delay (ideal)
                          2.00    2.00 v input external delay
     1    0.00    0.02    0.01    2.01 v in[0] (in)
                                         in[0] (net)
                  0.02    0.00    2.01 v input1/A (sky130_fd_sc_hd__dlymetal6s2s_1)
     5    0.02    0.21    0.36    2.37 v input1/X (sky130_fd_sc_hd__dlymetal6s2s_1)
                                         net1 (net)
                  0.21    0.00    2.37 v _25_/A (sky130_fd_sc_hd__clkbuf_1)
     1    0.00    0.07    0.23    2.60 v _25_/X (sky130_fd_sc_hd__clkbuf_1)
                                         net9 (net)
                  0.07    0.00    2.60 v output9/A (sky130_fd_sc_hd__buf_2)
     1    0.03    0.17    0.33    2.93 v output9/X (sky130_fd_sc_hd__buf_2)
                                         out[0] (net)
                  0.17    0.00    2.93 v out[0] (out)
                                  2.93   data arrival time

                  0.00    0.00    0.00   clock __VIRTUAL_CLK__ (rise edge)
                          0.00    0.00   clock network delay (ideal)
                          0.25    0.25   clock uncertainty
                          0.00    0.25   clock reconvergence pessimism
                         -2.00   -1.75   output external delay
                                 -1.75   data required time
-----------------------------------------------------------------------------
                                 -1.75   data required time
                                 -2.93   data arrival time
-----------------------------------------------------------------------------
                                  4.68   slack (MET)


Startpoint: in[4] (input port clocked by __VIRTUAL_CLK__)
Endpoint: out[4] (output port clocked by __VIRTUAL_CLK__)
Path Group: __VIRTUAL_CLK__
Path Type: min
Corner: Slowest

Fanout     Cap    Slew   Delay    Time   Description
-----------------------------------------------------------------------------
                  0.00    0.00    0.00   clock __VIRTUAL_CLK__ (rise edge)
                          0.00    0.00   clock network delay (ideal)
                          2.00    2.00 ^ input external delay
     1    0.00    0.03    0.01    2.01 ^ in[4] (in)
                                         in[4] (net)
                  0.03    0.00    2.01 ^ input5/A (sky130_fd_sc_hd__buf_1)
     4    0.01    0.26    0.26    2.27 ^ input5/X (sky130_fd_sc_hd__buf_1)
                                         net5 (net)
                  0.26    0.00    2.27 ^ _11_/A (sky130_fd_sc_hd__and2_1)
     1    0.01    0.12    0.32    2.59 ^ _11_/X (sky130_fd_sc_hd__and2_1)
                                         _02_ (net)
                  0.12    0.00    2.59 ^ _12_/B (sky130_fd_sc_hd__nor2_1)
     1    0.00    0.04    0.09    2.68 v _12_/Y (sky130_fd_sc_hd__nor2_1)
                                         net13 (net)
                  0.04    0.00    2.68 v output13/A (sky130_fd_sc_hd__buf_2)
     1    0.03    0.16    0.32    2.99 v output13/X (sky130_fd_sc_hd__buf_2)
                                         out[4] (net)
                  0.16    0.00    2.99 v out[4] (out)
                                  2.99   data arrival time

                  0.00    0.00    0.00   clock __VIRTUAL_CLK__ (rise edge)
                          0.00    0.00   clock network delay (ideal)
                          0.25    0.25   clock uncertainty
                          0.00    0.25   clock reconvergence pessimism
                         -2.00   -1.75   output external delay
                                 -1.75   data required time
-----------------------------------------------------------------------------
                                 -1.75   data required time
                                 -2.99   data arrival time
-----------------------------------------------------------------------------
                                  4.74   slack (MET)


Startpoint: in[2] (input port clocked by __VIRTUAL_CLK__)
Endpoint: out[2] (output port clocked by __VIRTUAL_CLK__)
Path Group: __VIRTUAL_CLK__
Path Type: min
Corner: Slowest

Fanout     Cap    Slew   Delay    Time   Description
-----------------------------------------------------------------------------
                  0.00    0.00    0.00   clock __VIRTUAL_CLK__ (rise edge)
                          0.00    0.00   clock network delay (ideal)
                          2.00    2.00 v input external delay
     1    0.00    0.02    0.01    2.01 v in[2] (in)
                                         in[2] (net)
                  0.02    0.00    2.01 v input3/A (sky130_fd_sc_hd__buf_1)
     3    0.01    0.12    0.18    2.19 v input3/X (sky130_fd_sc_hd__buf_1)
                                         net3 (net)
                  0.12    0.00    2.19 v _21_/B1 (sky130_fd_sc_hd__o21ai_1)
     1    0.00    0.17    0.17    2.36 ^ _21_/Y (sky130_fd_sc_hd__o21ai_1)
                                         _07_ (net)
                  0.17    0.00    2.36 ^ _22_/B (sky130_fd_sc_hd__and2_1)
     1    0.00    0.09    0.26    2.62 ^ _22_/X (sky130_fd_sc_hd__and2_1)
                                         _08_ (net)
                  0.09    0.00    2.62 ^ _23_/A (sky130_fd_sc_hd__clkbuf_1)
     1    0.00    0.09    0.16    2.79 ^ _23_/X (sky130_fd_sc_hd__clkbuf_1)
                                         net11 (net)
                  0.09    0.00    2.79 ^ output11/A (sky130_fd_sc_hd__buf_2)
     1    0.03    0.27    0.33    3.12 ^ output11/X (sky130_fd_sc_hd__buf_2)
                                         out[2] (net)
                  0.27    0.00    3.12 ^ out[2] (out)
                                  3.12   data arrival time

                  0.00    0.00    0.00   clock __VIRTUAL_CLK__ (rise edge)
                          0.00    0.00   clock network delay (ideal)
                          0.25    0.25   clock uncertainty
                          0.00    0.25   clock reconvergence pessimism
                         -2.00   -1.75   output external delay
                                 -1.75   data required time
-----------------------------------------------------------------------------
                                 -1.75   data required time
                                 -3.12   data arrival time
-----------------------------------------------------------------------------
                                  4.87   slack (MET)


Startpoint: in[6] (input port clocked by __VIRTUAL_CLK__)
Endpoint: out[6] (output port clocked by __VIRTUAL_CLK__)
Path Group: __VIRTUAL_CLK__
Path Type: min
Corner: Slowest

Fanout     Cap    Slew   Delay    Time   Description
-----------------------------------------------------------------------------
                  0.00    0.00    0.00   clock __VIRTUAL_CLK__ (rise edge)
                          0.00    0.00   clock network delay (ideal)
                          2.00    2.00 v input external delay
     1    0.00    0.02    0.01    2.01 v in[6] (in)
                                         in[6] (net)
                  0.02    0.00    2.01 v input7/A (sky130_fd_sc_hd__clkbuf_1)
     2    0.01    0.11    0.18    2.19 v input7/X (sky130_fd_sc_hd__clkbuf_1)
                                         net7 (net)
                  0.11    0.00    2.19 v _14_/B1 (sky130_fd_sc_hd__o31a_1)
     1    0.00    0.06    0.20    2.39 v _14_/X (sky130_fd_sc_hd__o31a_1)
                                         _03_ (net)
                  0.06    0.00    2.39 v _16_/A_N (sky130_fd_sc_hd__and2b_1)
     1    0.01    0.13    0.39    2.78 ^ _16_/X (sky130_fd_sc_hd__and2b_1)
                                         _05_ (net)
                  0.13    0.00    2.78 ^ _17_/A (sky130_fd_sc_hd__clkbuf_1)
     1    0.01    0.15    0.22    3.00 ^ _17_/X (sky130_fd_sc_hd__clkbuf_1)
                                         net15 (net)
                  0.15    0.00    3.00 ^ output15/A (sky130_fd_sc_hd__buf_2)
     1    0.03    0.27    0.36    3.36 ^ output15/X (sky130_fd_sc_hd__buf_2)
                                         out[6] (net)
                  0.27    0.00    3.36 ^ out[6] (out)
                                  3.36   data arrival time

                  0.00    0.00    0.00   clock __VIRTUAL_CLK__ (rise edge)
                          0.00    0.00   clock network delay (ideal)
                          0.25    0.25   clock uncertainty
                          0.00    0.25   clock reconvergence pessimism
                         -2.00   -1.75   output external delay
                                 -1.75   data required time
-----------------------------------------------------------------------------
                                 -1.75   data required time
                                 -3.36   data arrival time
-----------------------------------------------------------------------------
                                  5.11   slack (MET)



worst slack corner Slowest: 4.4468
======================= Typical Corner ===================================

Startpoint: in[3] (input port clocked by __VIRTUAL_CLK__)
Endpoint: out[3] (output port clocked by __VIRTUAL_CLK__)
Path Group: __VIRTUAL_CLK__
Path Type: min
Corner: Typical

Fanout     Cap    Slew   Delay    Time   Description
-----------------------------------------------------------------------------
                  0.00    0.00    0.00   clock __VIRTUAL_CLK__ (rise edge)
                          0.00    0.00   clock network delay (ideal)
                          2.00    2.00 ^ input external delay
     1    0.00    0.02    0.01    2.01 ^ in[3] (in)
                                         in[3] (net)
                  0.02    0.00    2.01 ^ input4/A (sky130_fd_sc_hd__clkbuf_1)
     2    0.01    0.09    0.10    2.11 ^ input4/X (sky130_fd_sc_hd__clkbuf_1)
                                         net4 (net)
                  0.09    0.00    2.11 ^ _24_/A1 (sky130_fd_sc_hd__a21boi_1)
     1    0.01    0.05    0.08    2.19 v _24_/Y (sky130_fd_sc_hd__a21boi_1)
                                         net12 (net)
                  0.05    0.00    2.19 v output12/A (sky130_fd_sc_hd__buf_2)
     1    0.03    0.09    0.17    2.36 v output12/X (sky130_fd_sc_hd__buf_2)
                                         out[3] (net)
                  0.09    0.00    2.36 v out[3] (out)
                                  2.36   data arrival time

                  0.00    0.00    0.00   clock __VIRTUAL_CLK__ (rise edge)
                          0.00    0.00   clock network delay (ideal)
                          0.25    0.25   clock uncertainty
                          0.00    0.25   clock reconvergence pessimism
                         -2.00   -1.75   output external delay
                                 -1.75   data required time
-----------------------------------------------------------------------------
                                 -1.75   data required time
                                 -2.36   data arrival time
-----------------------------------------------------------------------------
                                  4.11   slack (MET)


Startpoint: in[7] (input port clocked by __VIRTUAL_CLK__)
Endpoint: out[7] (output port clocked by __VIRTUAL_CLK__)
Path Group: __VIRTUAL_CLK__
Path Type: min
Corner: Typical

Fanout     Cap    Slew   Delay    Time   Description
-----------------------------------------------------------------------------
                  0.00    0.00    0.00   clock __VIRTUAL_CLK__ (rise edge)
                          0.00    0.00   clock network delay (ideal)
                          2.00    2.00 ^ input external delay
     1    0.00    0.02    0.01    2.01 ^ in[7] (in)
                                         in[7] (net)
                  0.02    0.00    2.01 ^ input8/A (sky130_fd_sc_hd__buf_1)
     1    0.01    0.12    0.12    2.13 ^ input8/X (sky130_fd_sc_hd__buf_1)
                                         net8 (net)
                  0.12    0.00    2.13 ^ _18_/A (sky130_fd_sc_hd__xor2_1)
     1    0.00    0.04    0.08    2.22 v _18_/X (sky130_fd_sc_hd__xor2_1)
                                         net16 (net)
                  0.04    0.00    2.22 v output16/A (sky130_fd_sc_hd__clkbuf_4)
     1    0.03    0.08    0.17    2.39 v output16/X (sky130_fd_sc_hd__clkbuf_4)
                                         out[7] (net)
                  0.08    0.00    2.39 v out[7] (out)
                                  2.39   data arrival time

                  0.00    0.00    0.00   clock __VIRTUAL_CLK__ (rise edge)
                          0.00    0.00   clock network delay (ideal)
                          0.25    0.25   clock uncertainty
                          0.00    0.25   clock reconvergence pessimism
                         -2.00   -1.75   output external delay
                                 -1.75   data required time
-----------------------------------------------------------------------------
                                 -1.75   data required time
                                 -2.39   data arrival time
-----------------------------------------------------------------------------
                                  4.14   slack (MET)


Startpoint: in[5] (input port clocked by __VIRTUAL_CLK__)
Endpoint: out[5] (output port clocked by __VIRTUAL_CLK__)
Path Group: __VIRTUAL_CLK__
Path Type: min
Corner: Typical

Fanout     Cap    Slew   Delay    Time   Description
-----------------------------------------------------------------------------
                  0.00    0.00    0.00   clock __VIRTUAL_CLK__ (rise edge)
                          0.00    0.00   clock network delay (ideal)
                          2.00    2.00 v input external delay
     1    0.00    0.01    0.00    2.00 v in[5] (in)
                                         in[5] (net)
                  0.01    0.00    2.00 v input6/A (sky130_fd_sc_hd__buf_1)
     3    0.01    0.08    0.11    2.12 v input6/X (sky130_fd_sc_hd__buf_1)
                                         net6 (net)
                  0.08    0.00    2.12 v _13_/A (sky130_fd_sc_hd__xnor2_1)
     1    0.00    0.05    0.14    2.26 v _13_/Y (sky130_fd_sc_hd__xnor2_1)
                                         net14 (net)
                  0.05    0.00    2.26 v output14/A (sky130_fd_sc_hd__buf_2)
     1    0.03    0.09    0.17    2.43 v output14/X (sky130_fd_sc_hd__buf_2)
                                         out[5] (net)
                  0.09    0.00    2.43 v out[5] (out)
                                  2.43   data arrival time

                  0.00    0.00    0.00   clock __VIRTUAL_CLK__ (rise edge)
                          0.00    0.00   clock network delay (ideal)
                          0.25    0.25   clock uncertainty
                          0.00    0.25   clock reconvergence pessimism
                         -2.00   -1.75   output external delay
                                 -1.75   data required time
-----------------------------------------------------------------------------
                                 -1.75   data required time
                                 -2.43   data arrival time
-----------------------------------------------------------------------------
                                  4.18   slack (MET)


Startpoint: in[1] (input port clocked by __VIRTUAL_CLK__)
Endpoint: out[1] (output port clocked by __VIRTUAL_CLK__)
Path Group: __VIRTUAL_CLK__
Path Type: min
Corner: Typical

Fanout     Cap    Slew   Delay    Time   Description
-----------------------------------------------------------------------------
                  0.00    0.00    0.00   clock __VIRTUAL_CLK__ (rise edge)
                          0.00    0.00   clock network delay (ideal)
                          2.00    2.00 ^ input external delay
     1    0.00    0.02    0.01    2.01 ^ in[1] (in)
                                         in[1] (net)
                  0.02    0.00    2.01 ^ input2/A (sky130_fd_sc_hd__buf_1)
     4    0.02    0.19    0.17    2.18 ^ input2/X (sky130_fd_sc_hd__buf_1)
                                         net2 (net)
                  0.19    0.00    2.18 ^ _19_/A (sky130_fd_sc_hd__xor2_1)
     1    0.00    0.04    0.09    2.27 v _19_/X (sky130_fd_sc_hd__xor2_1)
                                         net10 (net)
                  0.04    0.00    2.27 v output10/A (sky130_fd_sc_hd__buf_2)
     1    0.03    0.09    0.17    2.44 v output10/X (sky130_fd_sc_hd__buf_2)
                                         out[1] (net)
                  0.09    0.00    2.44 v out[1] (out)
                                  2.44   data arrival time

                  0.00    0.00    0.00   clock __VIRTUAL_CLK__ (rise edge)
                          0.00    0.00   clock network delay (ideal)
                          0.25    0.25   clock uncertainty
                          0.00    0.25   clock reconvergence pessimism
                         -2.00   -1.75   output external delay
                                 -1.75   data required time
-----------------------------------------------------------------------------
                                 -1.75   data required time
                                 -2.44   data arrival time
-----------------------------------------------------------------------------
                                  4.19   slack (MET)


Startpoint: in[0] (input port clocked by __VIRTUAL_CLK__)
Endpoint: out[0] (output port clocked by __VIRTUAL_CLK__)
Path Group: __VIRTUAL_CLK__
Path Type: min
Corner: Typical

Fanout     Cap    Slew   Delay    Time   Description
-----------------------------------------------------------------------------
                  0.00    0.00    0.00   clock __VIRTUAL_CLK__ (rise edge)
                          0.00    0.00   clock network delay (ideal)
                          2.00    2.00 v input external delay
     1    0.00    0.01    0.00    2.00 v in[0] (in)
                                         in[0] (net)
                  0.01    0.00    2.00 v input1/A (sky130_fd_sc_hd__dlymetal6s2s_1)
     5    0.02    0.11    0.17    2.18 v input1/X (sky130_fd_sc_hd__dlymetal6s2s_1)
                                         net1 (net)
                  0.11    0.00    2.18 v _25_/A (sky130_fd_sc_hd__clkbuf_1)
     1    0.00    0.04    0.12    2.30 v _25_/X (sky130_fd_sc_hd__clkbuf_1)
                                         net9 (net)
                  0.04    0.00    2.30 v output9/A (sky130_fd_sc_hd__buf_2)
     1    0.03    0.09    0.17    2.47 v output9/X (sky130_fd_sc_hd__buf_2)
                                         out[0] (net)
                  0.09    0.00    2.47 v out[0] (out)
                                  2.47   data arrival time

                  0.00    0.00    0.00   clock __VIRTUAL_CLK__ (rise edge)
                          0.00    0.00   clock network delay (ideal)
                          0.25    0.25   clock uncertainty
                          0.00    0.25   clock reconvergence pessimism
                         -2.00   -1.75   output external delay
                                 -1.75   data required time
-----------------------------------------------------------------------------
                                 -1.75   data required time
                                 -2.47   data arrival time
-----------------------------------------------------------------------------
                                  4.22   slack (MET)


Startpoint: in[4] (input port clocked by __VIRTUAL_CLK__)
Endpoint: out[4] (output port clocked by __VIRTUAL_CLK__)
Path Group: __VIRTUAL_CLK__
Path Type: min
Corner: Typical

Fanout     Cap    Slew   Delay    Time   Description
-----------------------------------------------------------------------------
                  0.00    0.00    0.00   clock __VIRTUAL_CLK__ (rise edge)
                          0.00    0.00   clock network delay (ideal)
                          2.00    2.00 ^ input external delay
     1    0.00    0.02    0.01    2.01 ^ in[4] (in)
                                         in[4] (net)
                  0.02    0.00    2.01 ^ input5/A (sky130_fd_sc_hd__buf_1)
     4    0.01    0.17    0.15    2.16 ^ input5/X (sky130_fd_sc_hd__buf_1)
                                         net5 (net)
                  0.17    0.00    2.16 ^ _11_/A (sky130_fd_sc_hd__and2_1)
     1    0.01    0.08    0.16    2.32 ^ _11_/X (sky130_fd_sc_hd__and2_1)
                                         _02_ (net)
                  0.08    0.00    2.32 ^ _12_/B (sky130_fd_sc_hd__nor2_1)
     1    0.00    0.03    0.04    2.36 v _12_/Y (sky130_fd_sc_hd__nor2_1)
                                         net13 (net)
                  0.03    0.00    2.36 v output13/A (sky130_fd_sc_hd__buf_2)
     1    0.03    0.09    0.16    2.53 v output13/X (sky130_fd_sc_hd__buf_2)
                                         out[4] (net)
                  0.09    0.00    2.53 v out[4] (out)
                                  2.53   data arrival time

                  0.00    0.00    0.00   clock __VIRTUAL_CLK__ (rise edge)
                          0.00    0.00   clock network delay (ideal)
                          0.25    0.25   clock uncertainty
                          0.00    0.25   clock reconvergence pessimism
                         -2.00   -1.75   output external delay
                                 -1.75   data required time
-----------------------------------------------------------------------------
                                 -1.75   data required time
                                 -2.53   data arrival time
-----------------------------------------------------------------------------
                                  4.28   slack (MET)


Startpoint: in[2] (input port clocked by __VIRTUAL_CLK__)
Endpoint: out[2] (output port clocked by __VIRTUAL_CLK__)
Path Group: __VIRTUAL_CLK__
Path Type: min
Corner: Typical

Fanout     Cap    Slew   Delay    Time   Description
-----------------------------------------------------------------------------
                  0.00    0.00    0.00   clock __VIRTUAL_CLK__ (rise edge)
                          0.00    0.00   clock network delay (ideal)
                          2.00    2.00 v input external delay
     1    0.00    0.01    0.00    2.00 v in[2] (in)
                                         in[2] (net)
                  0.01    0.00    2.00 v input3/A (sky130_fd_sc_hd__buf_1)
     3    0.01    0.06    0.10    2.10 v input3/X (sky130_fd_sc_hd__buf_1)
                                         net3 (net)
                  0.06    0.00    2.10 v _21_/B1 (sky130_fd_sc_hd__o21ai_1)
     1    0.00    0.10    0.09    2.19 ^ _21_/Y (sky130_fd_sc_hd__o21ai_1)
                                         _07_ (net)
                  0.10    0.00    2.19 ^ _22_/B (sky130_fd_sc_hd__and2_1)
     1    0.00    0.06    0.13    2.32 ^ _22_/X (sky130_fd_sc_hd__and2_1)
                                         _08_ (net)
                  0.06    0.00    2.32 ^ _23_/A (sky130_fd_sc_hd__clkbuf_1)
     1    0.00    0.05    0.09    2.41 ^ _23_/X (sky130_fd_sc_hd__clkbuf_1)
                                         net11 (net)
                  0.05    0.00    2.41 ^ output11/A (sky130_fd_sc_hd__buf_2)
     1    0.03    0.17    0.19    2.60 ^ output11/X (sky130_fd_sc_hd__buf_2)
                                         out[2] (net)
                  0.17    0.00    2.60 ^ out[2] (out)
                                  2.60   data arrival time

                  0.00    0.00    0.00   clock __VIRTUAL_CLK__ (rise edge)
                          0.00    0.00   clock network delay (ideal)
                          0.25    0.25   clock uncertainty
                          0.00    0.25   clock reconvergence pessimism
                         -2.00   -1.75   output external delay
                                 -1.75   data required time
-----------------------------------------------------------------------------
                                 -1.75   data required time
                                 -2.60   data arrival time
-----------------------------------------------------------------------------
                                  4.35   slack (MET)


Startpoint: in[6] (input port clocked by __VIRTUAL_CLK__)
Endpoint: out[6] (output port clocked by __VIRTUAL_CLK__)
Path Group: __VIRTUAL_CLK__
Path Type: min
Corner: Typical

Fanout     Cap    Slew   Delay    Time   Description
-----------------------------------------------------------------------------
                  0.00    0.00    0.00   clock __VIRTUAL_CLK__ (rise edge)
                          0.00    0.00   clock network delay (ideal)
                          2.00    2.00 v input external delay
     1    0.00    0.01    0.00    2.00 v in[6] (in)
                                         in[6] (net)
                  0.01    0.00    2.00 v input7/A (sky130_fd_sc_hd__clkbuf_1)
     2    0.01    0.06    0.10    2.10 v input7/X (sky130_fd_sc_hd__clkbuf_1)
                                         net7 (net)
                  0.06    0.00    2.10 v _14_/B1 (sky130_fd_sc_hd__o31a_1)
     1    0.00    0.03    0.10    2.20 v _14_/X (sky130_fd_sc_hd__o31a_1)
                                         _03_ (net)
                  0.03    0.00    2.20 v _16_/A_N (sky130_fd_sc_hd__and2b_1)
     1    0.01    0.08    0.20    2.40 ^ _16_/X (sky130_fd_sc_hd__and2b_1)
                                         _05_ (net)
                  0.08    0.00    2.40 ^ _17_/A (sky130_fd_sc_hd__clkbuf_1)
     1    0.01    0.10    0.12    2.52 ^ _17_/X (sky130_fd_sc_hd__clkbuf_1)
                                         net15 (net)
                  0.10    0.00    2.52 ^ output15/A (sky130_fd_sc_hd__buf_2)
     1    0.03    0.17    0.21    2.72 ^ output15/X (sky130_fd_sc_hd__buf_2)
                                         out[6] (net)
                  0.17    0.00    2.72 ^ out[6] (out)
                                  2.72   data arrival time

                  0.00    0.00    0.00   clock __VIRTUAL_CLK__ (rise edge)
                          0.00    0.00   clock network delay (ideal)
                          0.25    0.25   clock uncertainty
                          0.00    0.25   clock reconvergence pessimism
                         -2.00   -1.75   output external delay
                                 -1.75   data required time
-----------------------------------------------------------------------------
                                 -1.75   data required time
                                 -2.72   data arrival time
-----------------------------------------------------------------------------
                                  4.47   slack (MET)



worst slack corner Typical: 4.1084
