OpenROAD b16bda7e82721d10566ff7e2b68f1ff0be9f9e38 
Features included (+) or not (-): +Charts +GPU +GUI +Python
This program is licensed under the BSD-3 license. See the LICENSE file for details.
Components of this program may be licensed under more restrictive licenses which must be honored.
define_corners Typical
read_liberty -corner Typical /home/talha/volare_pdks/sky130A/libs.ref/sky130_fd_sc_hd/lib/sky130_fd_sc_hd__tt_025C_1v80.lib
Using 1e-12 for capacitance...
Using 1e+03 for resistance...
Using 1e-09 for time...
Using 1e+00 for voltage...
Using 1e-03 for current...
Using 1e-09 for power...
Using 1e-06 for distance...
[INFO]: Reading ODB at '/openlane/designs/project_3/runs/RUN_2025.05.25_14.05.40/tmp/placement/8-resizer.odb'…
Reading design constraints file at '/openlane/designs/project_3/src/ZeroToFiveCounter.sdc'…
Placement Analysis
---------------------------------
total displacement          0.0 u
average displacement        0.0 u
max displacement            0.0 u
original HPWL           11853.6 u
legalized HPWL          12029.3 u
delta HPWL                    1 %

[INFO DPL-0020] Mirrored 98 instances
[INFO DPL-0021] HPWL before           12029.3 u
[INFO DPL-0022] HPWL after            11853.6 u
[INFO DPL-0023] HPWL delta               -1.5 %
Setting global connections for newly added cells…
Writing OpenROAD database to '/openlane/designs/project_3/runs/RUN_2025.05.25_14.05.40/results/placement/ZeroToFiveCounter.odb'…
Writing netlist to '/openlane/designs/project_3/runs/RUN_2025.05.25_14.05.40/results/placement/ZeroToFiveCounter.nl.v'…
Writing powered netlist to '/openlane/designs/project_3/runs/RUN_2025.05.25_14.05.40/results/placement/ZeroToFiveCounter.pnl.v'…
Writing layout to '/openlane/designs/project_3/runs/RUN_2025.05.25_14.05.40/results/placement/ZeroToFiveCounter.def'…
