
===========================================================================
 report_power
============================================================================
======================= Fastest Corner ===================================

Group                  Internal  Switching    Leakage      Total
                          Power      Power      Power      Power (Watts)
----------------------------------------------------------------
Sequential             6.01e-03   9.58e-04   1.49e-08   6.96e-03  36.4%
Combinational          4.49e-03   3.84e-03   5.21e-08   8.33e-03  43.6%
Clock                  1.30e-03   2.52e-03   1.33e-08   3.82e-03  20.0%
Macro                  0.00e+00   0.00e+00   0.00e+00   0.00e+00   0.0%
Pad                    0.00e+00   0.00e+00   0.00e+00   0.00e+00   0.0%
----------------------------------------------------------------
Total                  1.18e-02   7.32e-03   8.02e-08   1.91e-02 100.0%
                          61.7%      38.3%       0.0%

======================= Slowest Corner ===================================

Group                  Internal  Switching    Leakage      Total
                          Power      Power      Power      Power (Watts)
----------------------------------------------------------------
Sequential             4.07e-03   6.12e-04   1.48e-05   4.69e-03  36.2%
Combinational          3.11e-03   2.54e-03   3.80e-05   5.69e-03  43.9%
Clock                  9.23e-04   1.64e-03   1.59e-06   2.57e-03  19.8%
Macro                  0.00e+00   0.00e+00   0.00e+00   0.00e+00   0.0%
Pad                    0.00e+00   0.00e+00   0.00e+00   0.00e+00   0.0%
----------------------------------------------------------------
Total                  8.10e-03   4.80e-03   5.45e-05   1.30e-02 100.0%
                          62.5%      37.0%       0.4%

======================= Typical Corner ===================================

Group                  Internal  Switching    Leakage      Total
                          Power      Power      Power      Power (Watts)
----------------------------------------------------------------
Sequential             5.20e-03   7.95e-04   8.57e-09   6.00e-03  36.5%
Combinational          3.94e-03   3.24e-03   2.62e-08   7.18e-03  43.7%
Clock                  1.13e-03   2.13e-03   9.37e-09   3.26e-03  19.8%
Macro                  0.00e+00   0.00e+00   0.00e+00   0.00e+00   0.0%
Pad                    0.00e+00   0.00e+00   0.00e+00   0.00e+00   0.0%
----------------------------------------------------------------
Total                  1.03e-02   6.17e-03   4.41e-08   1.64e-02 100.0%
                          62.5%      37.5%       0.0%

