%Error: /openlane/designs/project_5/src/instructionMemory.v:1:1: syntax error, unexpected IDENTIFIER
    1 | timescale 1ns / 1ps
      | ^~~~~~~~~
%Error: /openlane/designs/project_5/src/alu.v:1:1: syntax error, unexpected IDENTIFIER
    1 | timescale 1ns / 1ps
      | ^~~~~~~~~
%Error: /openlane/designs/project_5/src/controlUnit.v:1:1: syntax error, unexpected IDENTIFIER
    1 | timescale 1ns / 1ps
      | ^~~~~~~~~
%Error: /openlane/designs/project_5/src/instructionDecoder.v:1:1: syntax error, unexpected IDENTIFIER
    1 | timescale 1ns / 1ps
      | ^~~~~~~~~
%Error: /openlane/designs/project_5/src/sevenSegmentConverter.v:1:1: syntax error, unexpected IDENTIFIER
    1 | timescale 1ns / 1ps
      | ^~~~~~~~~
%Error: /openlane/designs/project_5/src/registerFile.v:1:1: syntax error, unexpected IDENTIFIER
    1 | timescale 1ns / 1ps
      | ^~~~~~~~~
%Error: /openlane/designs/project_5/src/clockDivider.v:1:1: syntax error, unexpected IDENTIFIER
    1 | timescale 1ns / 1ps
      | ^~~~~~~~~
%Error: /openlane/designs/project_5/src/cpu_top.v:1:1: syntax error, unexpected IDENTIFIER
    1 | timescale 1ns / 1ps
      | ^~~~~~~~~
%Error: Exiting due to 8 error(s)
