
===========================================================================
report_checks -path_delay min (Hold)
============================================================================
======================= Fastest Corner ===================================

Startpoint: A[6] (input port clocked by __VIRTUAL_CLK__)
Endpoint: OUT[6] (output port clocked by __VIRTUAL_CLK__)
Path Group: __VIRTUAL_CLK__
Path Type: min
Corner: Fastest

Fanout     Cap    Slew   Delay    Time   Description
-----------------------------------------------------------------------------
                  0.00    0.00    0.00   clock __VIRTUAL_CLK__ (rise edge)
                          0.00    0.00   clock network delay (ideal)
                          2.00    2.00 ^ input external delay
     1    0.01    0.02    0.01    2.01 ^ A[6] (in)
                                         A[6] (net)
                  0.02    0.00    2.01 ^ input7/A (sky130_fd_sc_hd__buf_6)
    10    0.12    0.19    0.15    2.17 ^ input7/X (sky130_fd_sc_hd__buf_6)
                                         net7 (net)
                  0.19    0.01    2.18 ^ _453_/A1 (sky130_fd_sc_hd__a22oi_1)
     1    0.00    0.05    0.06    2.24 v _453_/Y (sky130_fd_sc_hd__a22oi_1)
                                         net26 (net)
                  0.05    0.00    2.24 v output26/A (sky130_fd_sc_hd__buf_2)
     1    0.03    0.06    0.12    2.36 v output26/X (sky130_fd_sc_hd__buf_2)
                                         OUT[6] (net)
                  0.06    0.00    2.36 v OUT[6] (out)
                                  2.36   data arrival time

                  0.00    0.00    0.00   clock __VIRTUAL_CLK__ (rise edge)
                          0.00    0.00   clock network delay (ideal)
                          0.25    0.25   clock uncertainty
                          0.00    0.25   clock reconvergence pessimism
                         -2.00   -1.75   output external delay
                                 -1.75   data required time
-----------------------------------------------------------------------------
                                 -1.75   data required time
                                 -2.36   data arrival time
-----------------------------------------------------------------------------
                                  4.11   slack (MET)


Startpoint: A[7] (input port clocked by __VIRTUAL_CLK__)
Endpoint: OUT[7] (output port clocked by __VIRTUAL_CLK__)
Path Group: __VIRTUAL_CLK__
Path Type: min
Corner: Fastest

Fanout     Cap    Slew   Delay    Time   Description
-----------------------------------------------------------------------------
                  0.00    0.00    0.00   clock __VIRTUAL_CLK__ (rise edge)
                          0.00    0.00   clock network delay (ideal)
                          2.00    2.00 v input external delay
     1    0.00    0.00    0.00    2.00 v A[7] (in)
                                         A[7] (net)
                  0.00    0.00    2.00 v input8/A (sky130_fd_sc_hd__clkbuf_4)
     6    0.05    0.08    0.12    2.13 v input8/X (sky130_fd_sc_hd__clkbuf_4)
                                         net8 (net)
                  0.08    0.00    2.13 v _502_/A (sky130_fd_sc_hd__inv_2)
     1    0.01    0.06    0.07    2.20 ^ _502_/Y (sky130_fd_sc_hd__inv_2)
                                         _179_ (net)
                  0.06    0.00    2.20 ^ _503_/B2 (sky130_fd_sc_hd__o32a_4)
     1    0.02    0.05    0.09    2.29 ^ _503_/X (sky130_fd_sc_hd__o32a_4)
                                         net27 (net)
                  0.05    0.00    2.29 ^ output27/A (sky130_fd_sc_hd__buf_8)
     1    0.03    0.05    0.08    2.37 ^ output27/X (sky130_fd_sc_hd__buf_8)
                                         OUT[7] (net)
                  0.05    0.00    2.37 ^ OUT[7] (out)
                                  2.37   data arrival time

                  0.00    0.00    0.00   clock __VIRTUAL_CLK__ (rise edge)
                          0.00    0.00   clock network delay (ideal)
                          0.25    0.25   clock uncertainty
                          0.00    0.25   clock reconvergence pessimism
                         -2.00   -1.75   output external delay
                                 -1.75   data required time
-----------------------------------------------------------------------------
                                 -1.75   data required time
                                 -2.37   data arrival time
-----------------------------------------------------------------------------
                                  4.12   slack (MET)


Startpoint: A[4] (input port clocked by __VIRTUAL_CLK__)
Endpoint: OUT[4] (output port clocked by __VIRTUAL_CLK__)
Path Group: __VIRTUAL_CLK__
Path Type: min
Corner: Fastest

Fanout     Cap    Slew   Delay    Time   Description
-----------------------------------------------------------------------------
                  0.00    0.00    0.00   clock __VIRTUAL_CLK__ (rise edge)
                          0.00    0.00   clock network delay (ideal)
                          2.00    2.00 ^ input external delay
     1    0.00    0.02    0.01    2.01 ^ A[4] (in)
                                         A[4] (net)
                  0.02    0.00    2.01 ^ input5/A (sky130_fd_sc_hd__buf_4)
     5    0.07    0.14    0.14    2.15 ^ input5/X (sky130_fd_sc_hd__buf_4)
                                         net5 (net)
                  0.14    0.00    2.15 ^ clone21/A (sky130_fd_sc_hd__clkbuf_16)
     5    0.04    0.05    0.12    2.27 ^ clone21/X (sky130_fd_sc_hd__clkbuf_16)
                                         net48 (net)
                  0.05    0.00    2.27 ^ _373_/A1_N (sky130_fd_sc_hd__o2bb2a_1)
     1    0.02    0.08    0.17    2.44 v _373_/X (sky130_fd_sc_hd__o2bb2a_1)
                                         net24 (net)
                  0.08    0.00    2.44 v output24/A (sky130_fd_sc_hd__buf_2)
     1    0.03    0.06    0.13    2.57 v output24/X (sky130_fd_sc_hd__buf_2)
                                         OUT[4] (net)
                  0.06    0.00    2.57 v OUT[4] (out)
                                  2.57   data arrival time

                  0.00    0.00    0.00   clock __VIRTUAL_CLK__ (rise edge)
                          0.00    0.00   clock network delay (ideal)
                          0.25    0.25   clock uncertainty
                          0.00    0.25   clock reconvergence pessimism
                         -2.00   -1.75   output external delay
                                 -1.75   data required time
-----------------------------------------------------------------------------
                                 -1.75   data required time
                                 -2.57   data arrival time
-----------------------------------------------------------------------------
                                  4.32   slack (MET)


Startpoint: A[5] (input port clocked by __VIRTUAL_CLK__)
Endpoint: OUT[5] (output port clocked by __VIRTUAL_CLK__)
Path Group: __VIRTUAL_CLK__
Path Type: min
Corner: Fastest

Fanout     Cap    Slew   Delay    Time   Description
-----------------------------------------------------------------------------
                  0.00    0.00    0.00   clock __VIRTUAL_CLK__ (rise edge)
                          0.00    0.00   clock network delay (ideal)
                          2.00    2.00 ^ input external delay
     1    0.00    0.02    0.01    2.01 ^ A[5] (in)
                                         A[5] (net)
                  0.02    0.00    2.01 ^ input6/A (sky130_fd_sc_hd__clkbuf_2)
     3    0.05    0.19    0.16    2.17 ^ input6/X (sky130_fd_sc_hd__clkbuf_2)
                                         net6 (net)
                  0.19    0.00    2.17 ^ _374_/A (sky130_fd_sc_hd__buf_6)
    10    0.10    0.15    0.16    2.33 ^ _374_/X (sky130_fd_sc_hd__buf_6)
                                         _052_ (net)
                  0.15    0.00    2.34 ^ _410_/A1 (sky130_fd_sc_hd__a21oi_1)
     1    0.02    0.09    0.12    2.46 v _410_/Y (sky130_fd_sc_hd__a21oi_1)
                                         net25 (net)
                  0.09    0.00    2.46 v output25/A (sky130_fd_sc_hd__buf_2)
     1    0.03    0.06    0.13    2.59 v output25/X (sky130_fd_sc_hd__buf_2)
                                         OUT[5] (net)
                  0.06    0.00    2.59 v OUT[5] (out)
                                  2.59   data arrival time

                  0.00    0.00    0.00   clock __VIRTUAL_CLK__ (rise edge)
                          0.00    0.00   clock network delay (ideal)
                          0.25    0.25   clock uncertainty
                          0.00    0.25   clock reconvergence pessimism
                         -2.00   -1.75   output external delay
                                 -1.75   data required time
-----------------------------------------------------------------------------
                                 -1.75   data required time
                                 -2.59   data arrival time
-----------------------------------------------------------------------------
                                  4.34   slack (MET)


Startpoint: A[3] (input port clocked by __VIRTUAL_CLK__)
Endpoint: OUT[3] (output port clocked by __VIRTUAL_CLK__)
Path Group: __VIRTUAL_CLK__
Path Type: min
Corner: Fastest

Fanout     Cap    Slew   Delay    Time   Description
-----------------------------------------------------------------------------
                  0.00    0.00    0.00   clock __VIRTUAL_CLK__ (rise edge)
                          0.00    0.00   clock network delay (ideal)
                          2.00    2.00 ^ input external delay
     1    0.00    0.02    0.01    2.01 ^ A[3] (in)
                                         A[3] (net)
                  0.02    0.00    2.01 ^ input4/A (sky130_fd_sc_hd__buf_4)
     7    0.07    0.15    0.14    2.15 ^ input4/X (sky130_fd_sc_hd__buf_4)
                                         net4 (net)
                  0.15    0.01    2.16 ^ _310_/A (sky130_fd_sc_hd__buf_4)
    10    0.09    0.18    0.19    2.34 ^ _310_/X (sky130_fd_sc_hd__buf_4)
                                         _238_ (net)
                  0.18    0.00    2.35 ^ _339_/A1_N (sky130_fd_sc_hd__o2bb2a_1)
     1    0.01    0.06    0.17    2.52 v _339_/X (sky130_fd_sc_hd__o2bb2a_1)
                                         net23 (net)
                  0.06    0.00    2.52 v output23/A (sky130_fd_sc_hd__buf_2)
     1    0.03    0.06    0.12    2.64 v output23/X (sky130_fd_sc_hd__buf_2)
                                         OUT[3] (net)
                  0.06    0.00    2.64 v OUT[3] (out)
                                  2.64   data arrival time

                  0.00    0.00    0.00   clock __VIRTUAL_CLK__ (rise edge)
                          0.00    0.00   clock network delay (ideal)
                          0.25    0.25   clock uncertainty
                          0.00    0.25   clock reconvergence pessimism
                         -2.00   -1.75   output external delay
                                 -1.75   data required time
-----------------------------------------------------------------------------
                                 -1.75   data required time
                                 -2.64   data arrival time
-----------------------------------------------------------------------------
                                  4.39   slack (MET)


Startpoint: A[2] (input port clocked by __VIRTUAL_CLK__)
Endpoint: OUT[2] (output port clocked by __VIRTUAL_CLK__)
Path Group: __VIRTUAL_CLK__
Path Type: min
Corner: Fastest

Fanout     Cap    Slew   Delay    Time   Description
-----------------------------------------------------------------------------
                  0.00    0.00    0.00   clock __VIRTUAL_CLK__ (rise edge)
                          0.00    0.00   clock network delay (ideal)
                          2.00    2.00 ^ input external delay
     1    0.00    0.02    0.01    2.01 ^ A[2] (in)
                                         A[2] (net)
                  0.02    0.00    2.01 ^ input3/A (sky130_fd_sc_hd__buf_4)
     8    0.08    0.16    0.15    2.16 ^ input3/X (sky130_fd_sc_hd__buf_4)
                                         net3 (net)
                  0.17    0.01    2.17 ^ _288_/A (sky130_fd_sc_hd__buf_4)
    10    0.08    0.18    0.18    2.35 ^ _288_/X (sky130_fd_sc_hd__buf_4)
                                         _217_ (net)
                  0.18    0.01    2.36 ^ _309_/A1_N (sky130_fd_sc_hd__o2bb2a_1)
     1    0.02    0.09    0.19    2.55 v _309_/X (sky130_fd_sc_hd__o2bb2a_1)
                                         net22 (net)
                  0.09    0.00    2.55 v output22/A (sky130_fd_sc_hd__buf_2)
     1    0.03    0.06    0.13    2.69 v output22/X (sky130_fd_sc_hd__buf_2)
                                         OUT[2] (net)
                  0.06    0.00    2.69 v OUT[2] (out)
                                  2.69   data arrival time

                  0.00    0.00    0.00   clock __VIRTUAL_CLK__ (rise edge)
                          0.00    0.00   clock network delay (ideal)
                          0.25    0.25   clock uncertainty
                          0.00    0.25   clock reconvergence pessimism
                         -2.00   -1.75   output external delay
                                 -1.75   data required time
-----------------------------------------------------------------------------
                                 -1.75   data required time
                                 -2.69   data arrival time
-----------------------------------------------------------------------------
                                  4.44   slack (MET)


Startpoint: opcode[2] (input port clocked by __VIRTUAL_CLK__)
Endpoint: OUT[0] (output port clocked by __VIRTUAL_CLK__)
Path Group: __VIRTUAL_CLK__
Path Type: min
Corner: Fastest

Fanout     Cap    Slew   Delay    Time   Description
-----------------------------------------------------------------------------
                  0.00    0.00    0.00   clock __VIRTUAL_CLK__ (rise edge)
                          0.00    0.00   clock network delay (ideal)
                          2.00    2.00 ^ input external delay
     1    0.00    0.02    0.01    2.01 ^ opcode[2] (in)
                                         opcode[2] (net)
                  0.02    0.00    2.01 ^ input19/A (sky130_fd_sc_hd__buf_4)
     7    0.08    0.17    0.15    2.16 ^ input19/X (sky130_fd_sc_hd__buf_4)
                                         net19 (net)
                  0.17    0.01    2.17 ^ _250_/A (sky130_fd_sc_hd__or2_1)
     4    0.03    0.22    0.20    2.37 ^ _250_/X (sky130_fd_sc_hd__or2_1)
                                         _181_ (net)
                  0.22    0.00    2.37 ^ _262_/A2_N (sky130_fd_sc_hd__a2bb2o_1)
     2    0.02    0.09    0.18    2.55 v _262_/X (sky130_fd_sc_hd__a2bb2o_1)
                                         net20 (net)
                  0.09    0.00    2.55 v output20/A (sky130_fd_sc_hd__buf_2)
     1    0.03    0.06    0.14    2.69 v output20/X (sky130_fd_sc_hd__buf_2)
                                         OUT[0] (net)
                  0.06    0.00    2.69 v OUT[0] (out)
                                  2.69   data arrival time

                  0.00    0.00    0.00   clock __VIRTUAL_CLK__ (rise edge)
                          0.00    0.00   clock network delay (ideal)
                          0.25    0.25   clock uncertainty
                          0.00    0.25   clock reconvergence pessimism
                         -2.00   -1.75   output external delay
                                 -1.75   data required time
-----------------------------------------------------------------------------
                                 -1.75   data required time
                                 -2.69   data arrival time
-----------------------------------------------------------------------------
                                  4.44   slack (MET)


Startpoint: A[1] (input port clocked by __VIRTUAL_CLK__)
Endpoint: OUT[1] (output port clocked by __VIRTUAL_CLK__)
Path Group: __VIRTUAL_CLK__
Path Type: min
Corner: Fastest

Fanout     Cap    Slew   Delay    Time   Description
-----------------------------------------------------------------------------
                  0.00    0.00    0.00   clock __VIRTUAL_CLK__ (rise edge)
                          0.00    0.00   clock network delay (ideal)
                          2.00    2.00 ^ input external delay
     1    0.00    0.02    0.01    2.01 ^ A[1] (in)
                                         A[1] (net)
                  0.02    0.00    2.01 ^ input2/A (sky130_fd_sc_hd__clkbuf_4)
    10    0.08    0.18    0.17    2.18 ^ input2/X (sky130_fd_sc_hd__clkbuf_4)
                                         net2 (net)
                  0.18    0.01    2.19 ^ _263_/A (sky130_fd_sc_hd__clkbuf_4)
    10    0.09    0.20    0.23    2.42 ^ _263_/X (sky130_fd_sc_hd__clkbuf_4)
                                         _193_ (net)
                  0.20    0.01    2.43 ^ _287_/A1_N (sky130_fd_sc_hd__o2bb2a_1)
     1    0.02    0.07    0.17    2.61 v _287_/X (sky130_fd_sc_hd__o2bb2a_1)
                                         net21 (net)
                  0.07    0.00    2.61 v output21/A (sky130_fd_sc_hd__buf_2)
     1    0.03    0.06    0.13    2.73 v output21/X (sky130_fd_sc_hd__buf_2)
                                         OUT[1] (net)
                  0.06    0.00    2.73 v OUT[1] (out)
                                  2.73   data arrival time

                  0.00    0.00    0.00   clock __VIRTUAL_CLK__ (rise edge)
                          0.00    0.00   clock network delay (ideal)
                          0.25    0.25   clock uncertainty
                          0.00    0.25   clock reconvergence pessimism
                         -2.00   -1.75   output external delay
                                 -1.75   data required time
-----------------------------------------------------------------------------
                                 -1.75   data required time
                                 -2.73   data arrival time
-----------------------------------------------------------------------------
                                  4.48   slack (MET)



worst slack corner Fastest: 4.1062
======================= Slowest Corner ===================================

Startpoint: A[6] (input port clocked by __VIRTUAL_CLK__)
Endpoint: OUT[6] (output port clocked by __VIRTUAL_CLK__)
Path Group: __VIRTUAL_CLK__
Path Type: min
Corner: Slowest

Fanout     Cap    Slew   Delay    Time   Description
-----------------------------------------------------------------------------
                  0.00    0.00    0.00   clock __VIRTUAL_CLK__ (rise edge)
                          0.00    0.00   clock network delay (ideal)
                          2.00    2.00 v input external delay
     1    0.01    0.03    0.02    2.02 v A[6] (in)
                                         A[6] (net)
                  0.03    0.00    2.02 v input7/A (sky130_fd_sc_hd__buf_6)
    10    0.12    0.19    0.30    2.32 v input7/X (sky130_fd_sc_hd__buf_6)
                                         net7 (net)
                  0.19    0.01    2.33 v _453_/A1 (sky130_fd_sc_hd__a22oi_1)
     1    0.00    0.23    0.31    2.64 ^ _453_/Y (sky130_fd_sc_hd__a22oi_1)
                                         net26 (net)
                  0.23    0.00    2.64 ^ output26/A (sky130_fd_sc_hd__buf_2)
     1    0.03    0.28    0.40    3.04 ^ output26/X (sky130_fd_sc_hd__buf_2)
                                         OUT[6] (net)
                  0.28    0.00    3.04 ^ OUT[6] (out)
                                  3.04   data arrival time

                  0.00    0.00    0.00   clock __VIRTUAL_CLK__ (rise edge)
                          0.00    0.00   clock network delay (ideal)
                          0.25    0.25   clock uncertainty
                          0.00    0.25   clock reconvergence pessimism
                         -2.00   -1.75   output external delay
                                 -1.75   data required time
-----------------------------------------------------------------------------
                                 -1.75   data required time
                                 -3.04   data arrival time
-----------------------------------------------------------------------------
                                  4.79   slack (MET)


Startpoint: A[7] (input port clocked by __VIRTUAL_CLK__)
Endpoint: OUT[7] (output port clocked by __VIRTUAL_CLK__)
Path Group: __VIRTUAL_CLK__
Path Type: min
Corner: Slowest

Fanout     Cap    Slew   Delay    Time   Description
-----------------------------------------------------------------------------
                  0.00    0.00    0.00   clock __VIRTUAL_CLK__ (rise edge)
                          0.00    0.00   clock network delay (ideal)
                          2.00    2.00 v input external delay
     1    0.00    0.02    0.01    2.01 v A[7] (in)
                                         A[7] (net)
                  0.02    0.00    2.01 v input8/A (sky130_fd_sc_hd__clkbuf_4)
     6    0.05    0.20    0.33    2.34 v input8/X (sky130_fd_sc_hd__clkbuf_4)
                                         net8 (net)
                  0.20    0.00    2.34 v _502_/A (sky130_fd_sc_hd__inv_2)
     1    0.01    0.13    0.18    2.52 ^ _502_/Y (sky130_fd_sc_hd__inv_2)
                                         _179_ (net)
                  0.13    0.00    2.52 ^ _503_/B2 (sky130_fd_sc_hd__o32a_4)
     1    0.02    0.12    0.34    2.86 ^ _503_/X (sky130_fd_sc_hd__o32a_4)
                                         net27 (net)
                  0.12    0.00    2.86 ^ output27/A (sky130_fd_sc_hd__buf_8)
     1    0.03    0.11    0.22    3.08 ^ output27/X (sky130_fd_sc_hd__buf_8)
                                         OUT[7] (net)
                  0.11    0.00    3.08 ^ OUT[7] (out)
                                  3.08   data arrival time

                  0.00    0.00    0.00   clock __VIRTUAL_CLK__ (rise edge)
                          0.00    0.00   clock network delay (ideal)
                          0.25    0.25   clock uncertainty
                          0.00    0.25   clock reconvergence pessimism
                         -2.00   -1.75   output external delay
                                 -1.75   data required time
-----------------------------------------------------------------------------
                                 -1.75   data required time
                                 -3.08   data arrival time
-----------------------------------------------------------------------------
                                  4.83   slack (MET)


Startpoint: A[4] (input port clocked by __VIRTUAL_CLK__)
Endpoint: OUT[4] (output port clocked by __VIRTUAL_CLK__)
Path Group: __VIRTUAL_CLK__
Path Type: min
Corner: Slowest

Fanout     Cap    Slew   Delay    Time   Description
-----------------------------------------------------------------------------
                  0.00    0.00    0.00   clock __VIRTUAL_CLK__ (rise edge)
                          0.00    0.00   clock network delay (ideal)
                          2.00    2.00 ^ input external delay
     1    0.00    0.04    0.02    2.02 ^ A[4] (in)
                                         A[4] (net)
                  0.04    0.00    2.02 ^ input5/A (sky130_fd_sc_hd__buf_4)
     5    0.07    0.30    0.34    2.36 ^ input5/X (sky130_fd_sc_hd__buf_4)
                                         net5 (net)
                  0.30    0.00    2.36 ^ clone21/A (sky130_fd_sc_hd__clkbuf_16)
     5    0.04    0.09    0.33    2.69 ^ clone21/X (sky130_fd_sc_hd__clkbuf_16)
                                         net48 (net)
                  0.09    0.00    2.70 ^ _373_/A1_N (sky130_fd_sc_hd__o2bb2a_1)
     1    0.02    0.22    0.58    3.27 v _373_/X (sky130_fd_sc_hd__o2bb2a_1)
                                         net24 (net)
                  0.22    0.00    3.27 v output24/A (sky130_fd_sc_hd__buf_2)
     1    0.03    0.17    0.40    3.67 v output24/X (sky130_fd_sc_hd__buf_2)
                                         OUT[4] (net)
                  0.17    0.00    3.67 v OUT[4] (out)
                                  3.67   data arrival time

                  0.00    0.00    0.00   clock __VIRTUAL_CLK__ (rise edge)
                          0.00    0.00   clock network delay (ideal)
                          0.25    0.25   clock uncertainty
                          0.00    0.25   clock reconvergence pessimism
                         -2.00   -1.75   output external delay
                                 -1.75   data required time
-----------------------------------------------------------------------------
                                 -1.75   data required time
                                 -3.67   data arrival time
-----------------------------------------------------------------------------
                                  5.42   slack (MET)


Startpoint: A[5] (input port clocked by __VIRTUAL_CLK__)
Endpoint: OUT[5] (output port clocked by __VIRTUAL_CLK__)
Path Group: __VIRTUAL_CLK__
Path Type: min
Corner: Slowest

Fanout     Cap    Slew   Delay    Time   Description
-----------------------------------------------------------------------------
                  0.00    0.00    0.00   clock __VIRTUAL_CLK__ (rise edge)
                          0.00    0.00   clock network delay (ideal)
                          2.00    2.00 ^ input external delay
     1    0.00    0.04    0.02    2.02 ^ A[5] (in)
                                         A[5] (net)
                  0.04    0.00    2.02 ^ input6/A (sky130_fd_sc_hd__clkbuf_2)
     3    0.05    0.39    0.38    2.40 ^ input6/X (sky130_fd_sc_hd__clkbuf_2)
                                         net6 (net)
                  0.39    0.00    2.40 ^ _374_/A (sky130_fd_sc_hd__buf_6)
    10    0.10    0.31    0.46    2.86 ^ _374_/X (sky130_fd_sc_hd__buf_6)
                                         _052_ (net)
                  0.31    0.00    2.87 ^ _410_/A1 (sky130_fd_sc_hd__a21oi_1)
     1    0.02    0.23    0.44    3.30 v _410_/Y (sky130_fd_sc_hd__a21oi_1)
                                         net25 (net)
                  0.23    0.00    3.30 v output25/A (sky130_fd_sc_hd__buf_2)
     1    0.03    0.17    0.40    3.70 v output25/X (sky130_fd_sc_hd__buf_2)
                                         OUT[5] (net)
                  0.17    0.00    3.70 v OUT[5] (out)
                                  3.70   data arrival time

                  0.00    0.00    0.00   clock __VIRTUAL_CLK__ (rise edge)
                          0.00    0.00   clock network delay (ideal)
                          0.25    0.25   clock uncertainty
                          0.00    0.25   clock reconvergence pessimism
                         -2.00   -1.75   output external delay
                                 -1.75   data required time
-----------------------------------------------------------------------------
                                 -1.75   data required time
                                 -3.70   data arrival time
-----------------------------------------------------------------------------
                                  5.45   slack (MET)


Startpoint: A[3] (input port clocked by __VIRTUAL_CLK__)
Endpoint: OUT[3] (output port clocked by __VIRTUAL_CLK__)
Path Group: __VIRTUAL_CLK__
Path Type: min
Corner: Slowest

Fanout     Cap    Slew   Delay    Time   Description
-----------------------------------------------------------------------------
                  0.00    0.00    0.00   clock __VIRTUAL_CLK__ (rise edge)
                          0.00    0.00   clock network delay (ideal)
                          2.00    2.00 v input external delay
     1    0.00    0.02    0.01    2.01 v A[3] (in)
                                         A[3] (net)
                  0.02    0.00    2.01 v input4/A (sky130_fd_sc_hd__buf_4)
     7    0.07    0.17    0.32    2.33 v input4/X (sky130_fd_sc_hd__buf_4)
                                         net4 (net)
                  0.17    0.01    2.34 v _310_/A (sky130_fd_sc_hd__buf_4)
    10    0.08    0.20    0.41    2.75 v _310_/X (sky130_fd_sc_hd__buf_4)
                                         _238_ (net)
                  0.20    0.00    2.75 v _339_/A1_N (sky130_fd_sc_hd__o2bb2a_1)
     1    0.01    0.24    0.63    3.38 ^ _339_/X (sky130_fd_sc_hd__o2bb2a_1)
                                         net23 (net)
                  0.24    0.00    3.38 ^ output23/A (sky130_fd_sc_hd__buf_2)
     1    0.03    0.27    0.40    3.78 ^ output23/X (sky130_fd_sc_hd__buf_2)
                                         OUT[3] (net)
                  0.27    0.00    3.78 ^ OUT[3] (out)
                                  3.78   data arrival time

                  0.00    0.00    0.00   clock __VIRTUAL_CLK__ (rise edge)
                          0.00    0.00   clock network delay (ideal)
                          0.25    0.25   clock uncertainty
                          0.00    0.25   clock reconvergence pessimism
                         -2.00   -1.75   output external delay
                                 -1.75   data required time
-----------------------------------------------------------------------------
                                 -1.75   data required time
                                 -3.78   data arrival time
-----------------------------------------------------------------------------
                                  5.53   slack (MET)


Startpoint: A[2] (input port clocked by __VIRTUAL_CLK__)
Endpoint: OUT[2] (output port clocked by __VIRTUAL_CLK__)
Path Group: __VIRTUAL_CLK__
Path Type: min
Corner: Slowest

Fanout     Cap    Slew   Delay    Time   Description
-----------------------------------------------------------------------------
                  0.00    0.00    0.00   clock __VIRTUAL_CLK__ (rise edge)
                          0.00    0.00   clock network delay (ideal)
                          2.00    2.00 v input external delay
     1    0.00    0.02    0.01    2.01 v A[2] (in)
                                         A[2] (net)
                  0.02    0.00    2.01 v input3/A (sky130_fd_sc_hd__buf_4)
     8    0.08    0.19    0.33    2.34 v input3/X (sky130_fd_sc_hd__buf_4)
                                         net3 (net)
                  0.19    0.01    2.35 v _288_/A (sky130_fd_sc_hd__buf_4)
    10    0.08    0.20    0.41    2.76 v _288_/X (sky130_fd_sc_hd__buf_4)
                                         _217_ (net)
                  0.20    0.01    2.77 v _309_/A1_N (sky130_fd_sc_hd__o2bb2a_1)
     1    0.02    0.37    0.71    3.48 ^ _309_/X (sky130_fd_sc_hd__o2bb2a_1)
                                         net22 (net)
                  0.37    0.00    3.49 ^ output22/A (sky130_fd_sc_hd__buf_2)
     1    0.03    0.27    0.45    3.93 ^ output22/X (sky130_fd_sc_hd__buf_2)
                                         OUT[2] (net)
                  0.27    0.00    3.93 ^ OUT[2] (out)
                                  3.93   data arrival time

                  0.00    0.00    0.00   clock __VIRTUAL_CLK__ (rise edge)
                          0.00    0.00   clock network delay (ideal)
                          0.25    0.25   clock uncertainty
                          0.00    0.25   clock reconvergence pessimism
                         -2.00   -1.75   output external delay
                                 -1.75   data required time
-----------------------------------------------------------------------------
                                 -1.75   data required time
                                 -3.93   data arrival time
-----------------------------------------------------------------------------
                                  5.68   slack (MET)


Startpoint: A[1] (input port clocked by __VIRTUAL_CLK__)
Endpoint: OUT[1] (output port clocked by __VIRTUAL_CLK__)
Path Group: __VIRTUAL_CLK__
Path Type: min
Corner: Slowest

Fanout     Cap    Slew   Delay    Time   Description
-----------------------------------------------------------------------------
                  0.00    0.00    0.00   clock __VIRTUAL_CLK__ (rise edge)
                          0.00    0.00   clock network delay (ideal)
                          2.00    2.00 v input external delay
     1    0.00    0.02    0.01    2.01 v A[1] (in)
                                         A[1] (net)
                  0.02    0.00    2.01 v input2/A (sky130_fd_sc_hd__clkbuf_4)
    10    0.08    0.28    0.38    2.39 v input2/X (sky130_fd_sc_hd__clkbuf_4)
                                         net2 (net)
                  0.28    0.01    2.40 v _263_/A (sky130_fd_sc_hd__clkbuf_4)
    10    0.09    0.30    0.52    2.92 v _263_/X (sky130_fd_sc_hd__clkbuf_4)
                                         _193_ (net)
                  0.30    0.01    2.93 v _287_/A1_N (sky130_fd_sc_hd__o2bb2a_1)
     1    0.02    0.28    0.70    3.64 ^ _287_/X (sky130_fd_sc_hd__o2bb2a_1)
                                         net21 (net)
                  0.28    0.00    3.64 ^ output21/A (sky130_fd_sc_hd__buf_2)
     1    0.03    0.28    0.42    4.06 ^ output21/X (sky130_fd_sc_hd__buf_2)
                                         OUT[1] (net)
                  0.28    0.00    4.06 ^ OUT[1] (out)
                                  4.06   data arrival time

                  0.00    0.00    0.00   clock __VIRTUAL_CLK__ (rise edge)
                          0.00    0.00   clock network delay (ideal)
                          0.25    0.25   clock uncertainty
                          0.00    0.25   clock reconvergence pessimism
                         -2.00   -1.75   output external delay
                                 -1.75   data required time
-----------------------------------------------------------------------------
                                 -1.75   data required time
                                 -4.06   data arrival time
-----------------------------------------------------------------------------
                                  5.81   slack (MET)


Startpoint: A[0] (input port clocked by __VIRTUAL_CLK__)
Endpoint: OUT[0] (output port clocked by __VIRTUAL_CLK__)
Path Group: __VIRTUAL_CLK__
Path Type: min
Corner: Slowest

Fanout     Cap    Slew   Delay    Time   Description
-----------------------------------------------------------------------------
                  0.00    0.00    0.00   clock __VIRTUAL_CLK__ (rise edge)
                          0.00    0.00   clock network delay (ideal)
                          2.00    2.00 v input external delay
     1    0.00    0.02    0.01    2.01 v A[0] (in)
                                         A[0] (net)
                  0.02    0.00    2.01 v input1/A (sky130_fd_sc_hd__clkbuf_4)
     9    0.08    0.28    0.39    2.40 v input1/X (sky130_fd_sc_hd__clkbuf_4)
                                         net1 (net)
                  0.28    0.01    2.40 v _248_/A (sky130_fd_sc_hd__clkbuf_4)
    10    0.07    0.25    0.49    2.89 v _248_/X (sky130_fd_sc_hd__clkbuf_4)
                                         _176_ (net)
                  0.25    0.01    2.90 v _262_/A1_N (sky130_fd_sc_hd__a2bb2o_1)
     2    0.03    0.38    0.78    3.67 ^ _262_/X (sky130_fd_sc_hd__a2bb2o_1)
                                         net20 (net)
                  0.38    0.00    3.67 ^ output20/A (sky130_fd_sc_hd__buf_2)
     1    0.03    0.27    0.45    4.12 ^ output20/X (sky130_fd_sc_hd__buf_2)
                                         OUT[0] (net)
                  0.27    0.00    4.12 ^ OUT[0] (out)
                                  4.12   data arrival time

                  0.00    0.00    0.00   clock __VIRTUAL_CLK__ (rise edge)
                          0.00    0.00   clock network delay (ideal)
                          0.25    0.25   clock uncertainty
                          0.00    0.25   clock reconvergence pessimism
                         -2.00   -1.75   output external delay
                                 -1.75   data required time
-----------------------------------------------------------------------------
                                 -1.75   data required time
                                 -4.12   data arrival time
-----------------------------------------------------------------------------
                                  5.87   slack (MET)



worst slack corner Slowest: 4.7870
======================= Typical Corner ===================================

Startpoint: A[6] (input port clocked by __VIRTUAL_CLK__)
Endpoint: OUT[6] (output port clocked by __VIRTUAL_CLK__)
Path Group: __VIRTUAL_CLK__
Path Type: min
Corner: Typical

Fanout     Cap    Slew   Delay    Time   Description
-----------------------------------------------------------------------------
                  0.00    0.00    0.00   clock __VIRTUAL_CLK__ (rise edge)
                          0.00    0.00   clock network delay (ideal)
                          2.00    2.00 ^ input external delay
     1    0.01    0.03    0.02    2.02 ^ A[6] (in)
                                         A[6] (net)
                  0.03    0.00    2.02 ^ input7/A (sky130_fd_sc_hd__buf_6)
    10    0.12    0.24    0.22    2.24 ^ input7/X (sky130_fd_sc_hd__buf_6)
                                         net7 (net)
                  0.25    0.01    2.25 ^ _453_/A1 (sky130_fd_sc_hd__a22oi_1)
     1    0.00    0.07    0.13    2.37 v _453_/Y (sky130_fd_sc_hd__a22oi_1)
                                         net26 (net)
                  0.07    0.00    2.37 v output26/A (sky130_fd_sc_hd__buf_2)
     1    0.03    0.09    0.18    2.56 v output26/X (sky130_fd_sc_hd__buf_2)
                                         OUT[6] (net)
                  0.09    0.00    2.56 v OUT[6] (out)
                                  2.56   data arrival time

                  0.00    0.00    0.00   clock __VIRTUAL_CLK__ (rise edge)
                          0.00    0.00   clock network delay (ideal)
                          0.25    0.25   clock uncertainty
                          0.00    0.25   clock reconvergence pessimism
                         -2.00   -1.75   output external delay
                                 -1.75   data required time
-----------------------------------------------------------------------------
                                 -1.75   data required time
                                 -2.56   data arrival time
-----------------------------------------------------------------------------
                                  4.31   slack (MET)


Startpoint: A[7] (input port clocked by __VIRTUAL_CLK__)
Endpoint: OUT[7] (output port clocked by __VIRTUAL_CLK__)
Path Group: __VIRTUAL_CLK__
Path Type: min
Corner: Typical

Fanout     Cap    Slew   Delay    Time   Description
-----------------------------------------------------------------------------
                  0.00    0.00    0.00   clock __VIRTUAL_CLK__ (rise edge)
                          0.00    0.00   clock network delay (ideal)
                          2.00    2.00 v input external delay
     1    0.00    0.01    0.00    2.00 v A[7] (in)
                                         A[7] (net)
                  0.01    0.00    2.00 v input8/A (sky130_fd_sc_hd__clkbuf_4)
     6    0.05    0.11    0.18    2.19 v input8/X (sky130_fd_sc_hd__clkbuf_4)
                                         net8 (net)
                  0.11    0.00    2.19 v _502_/A (sky130_fd_sc_hd__inv_2)
     1    0.01    0.08    0.10    2.29 ^ _502_/Y (sky130_fd_sc_hd__inv_2)
                                         _179_ (net)
                  0.08    0.00    2.29 ^ _503_/B2 (sky130_fd_sc_hd__o32a_4)
     1    0.02    0.07    0.18    2.47 ^ _503_/X (sky130_fd_sc_hd__o32a_4)
                                         net27 (net)
                  0.07    0.00    2.47 ^ output27/A (sky130_fd_sc_hd__buf_8)
     1    0.03    0.07    0.12    2.59 ^ output27/X (sky130_fd_sc_hd__buf_8)
                                         OUT[7] (net)
                  0.07    0.00    2.59 ^ OUT[7] (out)
                                  2.59   data arrival time

                  0.00    0.00    0.00   clock __VIRTUAL_CLK__ (rise edge)
                          0.00    0.00   clock network delay (ideal)
                          0.25    0.25   clock uncertainty
                          0.00    0.25   clock reconvergence pessimism
                         -2.00   -1.75   output external delay
                                 -1.75   data required time
-----------------------------------------------------------------------------
                                 -1.75   data required time
                                 -2.59   data arrival time
-----------------------------------------------------------------------------
                                  4.34   slack (MET)


Startpoint: A[4] (input port clocked by __VIRTUAL_CLK__)
Endpoint: OUT[4] (output port clocked by __VIRTUAL_CLK__)
Path Group: __VIRTUAL_CLK__
Path Type: min
Corner: Typical

Fanout     Cap    Slew   Delay    Time   Description
-----------------------------------------------------------------------------
                  0.00    0.00    0.00   clock __VIRTUAL_CLK__ (rise edge)
                          0.00    0.00   clock network delay (ideal)
                          2.00    2.00 ^ input external delay
     1    0.00    0.02    0.01    2.01 ^ A[4] (in)
                                         A[4] (net)
                  0.02    0.00    2.01 ^ input5/A (sky130_fd_sc_hd__buf_4)
     5    0.07    0.19    0.19    2.21 ^ input5/X (sky130_fd_sc_hd__buf_4)
                                         net5 (net)
                  0.19    0.00    2.21 ^ clone21/A (sky130_fd_sc_hd__clkbuf_16)
     5    0.04    0.06    0.18    2.39 ^ clone21/X (sky130_fd_sc_hd__clkbuf_16)
                                         net48 (net)
                  0.06    0.00    2.39 ^ _373_/A1_N (sky130_fd_sc_hd__o2bb2a_1)
     1    0.02    0.12    0.28    2.67 v _373_/X (sky130_fd_sc_hd__o2bb2a_1)
                                         net24 (net)
                  0.12    0.00    2.67 v output24/A (sky130_fd_sc_hd__buf_2)
     1    0.03    0.09    0.20    2.87 v output24/X (sky130_fd_sc_hd__buf_2)
                                         OUT[4] (net)
                  0.09    0.00    2.87 v OUT[4] (out)
                                  2.87   data arrival time

                  0.00    0.00    0.00   clock __VIRTUAL_CLK__ (rise edge)
                          0.00    0.00   clock network delay (ideal)
                          0.25    0.25   clock uncertainty
                          0.00    0.25   clock reconvergence pessimism
                         -2.00   -1.75   output external delay
                                 -1.75   data required time
-----------------------------------------------------------------------------
                                 -1.75   data required time
                                 -2.87   data arrival time
-----------------------------------------------------------------------------
                                  4.62   slack (MET)


Startpoint: A[5] (input port clocked by __VIRTUAL_CLK__)
Endpoint: OUT[5] (output port clocked by __VIRTUAL_CLK__)
Path Group: __VIRTUAL_CLK__
Path Type: min
Corner: Typical

Fanout     Cap    Slew   Delay    Time   Description
-----------------------------------------------------------------------------
                  0.00    0.00    0.00   clock __VIRTUAL_CLK__ (rise edge)
                          0.00    0.00   clock network delay (ideal)
                          2.00    2.00 ^ input external delay
     1    0.00    0.02    0.01    2.01 ^ A[5] (in)
                                         A[5] (net)
                  0.02    0.00    2.01 ^ input6/A (sky130_fd_sc_hd__clkbuf_2)
     3    0.05    0.25    0.23    2.24 ^ input6/X (sky130_fd_sc_hd__clkbuf_2)
                                         net6 (net)
                  0.25    0.00    2.24 ^ _374_/A (sky130_fd_sc_hd__buf_6)
    10    0.10    0.20    0.25    2.49 ^ _374_/X (sky130_fd_sc_hd__buf_6)
                                         _052_ (net)
                  0.20    0.00    2.50 ^ _410_/A1 (sky130_fd_sc_hd__a21oi_1)
     1    0.02    0.13    0.20    2.70 v _410_/Y (sky130_fd_sc_hd__a21oi_1)
                                         net25 (net)
                  0.13    0.00    2.70 v output25/A (sky130_fd_sc_hd__buf_2)
     1    0.03    0.09    0.21    2.91 v output25/X (sky130_fd_sc_hd__buf_2)
                                         OUT[5] (net)
                  0.09    0.00    2.91 v OUT[5] (out)
                                  2.91   data arrival time

                  0.00    0.00    0.00   clock __VIRTUAL_CLK__ (rise edge)
                          0.00    0.00   clock network delay (ideal)
                          0.25    0.25   clock uncertainty
                          0.00    0.25   clock reconvergence pessimism
                         -2.00   -1.75   output external delay
                                 -1.75   data required time
-----------------------------------------------------------------------------
                                 -1.75   data required time
                                 -2.91   data arrival time
-----------------------------------------------------------------------------
                                  4.66   slack (MET)


Startpoint: A[3] (input port clocked by __VIRTUAL_CLK__)
Endpoint: OUT[3] (output port clocked by __VIRTUAL_CLK__)
Path Group: __VIRTUAL_CLK__
Path Type: min
Corner: Typical

Fanout     Cap    Slew   Delay    Time   Description
-----------------------------------------------------------------------------
                  0.00    0.00    0.00   clock __VIRTUAL_CLK__ (rise edge)
                          0.00    0.00   clock network delay (ideal)
                          2.00    2.00 v input external delay
     1    0.00    0.01    0.00    2.00 v A[3] (in)
                                         A[3] (net)
                  0.01    0.00    2.00 v input4/A (sky130_fd_sc_hd__buf_4)
     7    0.07    0.09    0.17    2.18 v input4/X (sky130_fd_sc_hd__buf_4)
                                         net4 (net)
                  0.10    0.01    2.19 v _310_/A (sky130_fd_sc_hd__buf_4)
    10    0.08    0.11    0.22    2.41 v _310_/X (sky130_fd_sc_hd__buf_4)
                                         _238_ (net)
                  0.11    0.00    2.41 v _339_/A1_N (sky130_fd_sc_hd__o2bb2a_1)
     1    0.01    0.16    0.33    2.74 ^ _339_/X (sky130_fd_sc_hd__o2bb2a_1)
                                         net23 (net)
                  0.16    0.00    2.74 ^ output23/A (sky130_fd_sc_hd__buf_2)
     1    0.03    0.17    0.22    2.97 ^ output23/X (sky130_fd_sc_hd__buf_2)
                                         OUT[3] (net)
                  0.17    0.00    2.97 ^ OUT[3] (out)
                                  2.97   data arrival time

                  0.00    0.00    0.00   clock __VIRTUAL_CLK__ (rise edge)
                          0.00    0.00   clock network delay (ideal)
                          0.25    0.25   clock uncertainty
                          0.00    0.25   clock reconvergence pessimism
                         -2.00   -1.75   output external delay
                                 -1.75   data required time
-----------------------------------------------------------------------------
                                 -1.75   data required time
                                 -2.97   data arrival time
-----------------------------------------------------------------------------
                                  4.72   slack (MET)


Startpoint: A[2] (input port clocked by __VIRTUAL_CLK__)
Endpoint: OUT[2] (output port clocked by __VIRTUAL_CLK__)
Path Group: __VIRTUAL_CLK__
Path Type: min
Corner: Typical

Fanout     Cap    Slew   Delay    Time   Description
-----------------------------------------------------------------------------
                  0.00    0.00    0.00   clock __VIRTUAL_CLK__ (rise edge)
                          0.00    0.00   clock network delay (ideal)
                          2.00    2.00 v input external delay
     1    0.00    0.01    0.00    2.00 v A[2] (in)
                                         A[2] (net)
                  0.01    0.00    2.00 v input3/A (sky130_fd_sc_hd__buf_4)
     8    0.08    0.10    0.18    2.18 v input3/X (sky130_fd_sc_hd__buf_4)
                                         net3 (net)
                  0.10    0.01    2.19 v _288_/A (sky130_fd_sc_hd__buf_4)
    10    0.08    0.11    0.22    2.41 v _288_/X (sky130_fd_sc_hd__buf_4)
                                         _217_ (net)
                  0.11    0.01    2.42 v _309_/A1_N (sky130_fd_sc_hd__o2bb2a_1)
     1    0.02    0.24    0.38    2.81 ^ _309_/X (sky130_fd_sc_hd__o2bb2a_1)
                                         net22 (net)
                  0.24    0.00    2.81 ^ output22/A (sky130_fd_sc_hd__buf_2)
     1    0.03    0.17    0.24    3.06 ^ output22/X (sky130_fd_sc_hd__buf_2)
                                         OUT[2] (net)
                  0.17    0.00    3.06 ^ OUT[2] (out)
                                  3.06   data arrival time

                  0.00    0.00    0.00   clock __VIRTUAL_CLK__ (rise edge)
                          0.00    0.00   clock network delay (ideal)
                          0.25    0.25   clock uncertainty
                          0.00    0.25   clock reconvergence pessimism
                         -2.00   -1.75   output external delay
                                 -1.75   data required time
-----------------------------------------------------------------------------
                                 -1.75   data required time
                                 -3.06   data arrival time
-----------------------------------------------------------------------------
                                  4.81   slack (MET)


Startpoint: A[1] (input port clocked by __VIRTUAL_CLK__)
Endpoint: OUT[1] (output port clocked by __VIRTUAL_CLK__)
Path Group: __VIRTUAL_CLK__
Path Type: min
Corner: Typical

Fanout     Cap    Slew   Delay    Time   Description
-----------------------------------------------------------------------------
                  0.00    0.00    0.00   clock __VIRTUAL_CLK__ (rise edge)
                          0.00    0.00   clock network delay (ideal)
                          2.00    2.00 ^ input external delay
     1    0.00    0.02    0.01    2.01 ^ A[1] (in)
                                         A[1] (net)
                  0.02    0.00    2.01 ^ input2/A (sky130_fd_sc_hd__clkbuf_4)
    10    0.08    0.24    0.25    2.26 ^ input2/X (sky130_fd_sc_hd__clkbuf_4)
                                         net2 (net)
                  0.24    0.01    2.27 ^ _263_/A (sky130_fd_sc_hd__clkbuf_4)
    10    0.09    0.26    0.34    2.61 ^ _263_/X (sky130_fd_sc_hd__clkbuf_4)
                                         _193_ (net)
                  0.27    0.01    2.62 ^ _287_/A1_N (sky130_fd_sc_hd__o2bb2a_1)
     1    0.02    0.11    0.31    2.92 v _287_/X (sky130_fd_sc_hd__o2bb2a_1)
                                         net21 (net)
                  0.11    0.00    2.92 v output21/A (sky130_fd_sc_hd__buf_2)
     1    0.03    0.09    0.20    3.12 v output21/X (sky130_fd_sc_hd__buf_2)
                                         OUT[1] (net)
                  0.09    0.00    3.12 v OUT[1] (out)
                                  3.12   data arrival time

                  0.00    0.00    0.00   clock __VIRTUAL_CLK__ (rise edge)
                          0.00    0.00   clock network delay (ideal)
                          0.25    0.25   clock uncertainty
                          0.00    0.25   clock reconvergence pessimism
                         -2.00   -1.75   output external delay
                                 -1.75   data required time
-----------------------------------------------------------------------------
                                 -1.75   data required time
                                 -3.12   data arrival time
-----------------------------------------------------------------------------
                                  4.87   slack (MET)


Startpoint: opcode[2] (input port clocked by __VIRTUAL_CLK__)
Endpoint: OUT[0] (output port clocked by __VIRTUAL_CLK__)
Path Group: __VIRTUAL_CLK__
Path Type: min
Corner: Typical

Fanout     Cap    Slew   Delay    Time   Description
-----------------------------------------------------------------------------
                  0.00    0.00    0.00   clock __VIRTUAL_CLK__ (rise edge)
                          0.00    0.00   clock network delay (ideal)
                          2.00    2.00 ^ input external delay
     1    0.00    0.02    0.01    2.01 ^ opcode[2] (in)
                                         opcode[2] (net)
                  0.02    0.00    2.01 ^ input19/A (sky130_fd_sc_hd__buf_4)
     7    0.08    0.22    0.21    2.23 ^ input19/X (sky130_fd_sc_hd__buf_4)
                                         net19 (net)
                  0.22    0.01    2.23 ^ _250_/A (sky130_fd_sc_hd__or2_1)
     4    0.03    0.29    0.30    2.53 ^ _250_/X (sky130_fd_sc_hd__or2_1)
                                         _181_ (net)
                  0.29    0.00    2.53 ^ _262_/A2_N (sky130_fd_sc_hd__a2bb2o_1)
     2    0.02    0.14    0.40    2.93 v _262_/X (sky130_fd_sc_hd__a2bb2o_1)
                                         net20 (net)
                  0.14    0.00    2.93 v output20/A (sky130_fd_sc_hd__buf_2)
     1    0.03    0.09    0.21    3.14 v output20/X (sky130_fd_sc_hd__buf_2)
                                         OUT[0] (net)
                  0.09    0.00    3.14 v OUT[0] (out)
                                  3.14   data arrival time

                  0.00    0.00    0.00   clock __VIRTUAL_CLK__ (rise edge)
                          0.00    0.00   clock network delay (ideal)
                          0.25    0.25   clock uncertainty
                          0.00    0.25   clock reconvergence pessimism
                         -2.00   -1.75   output external delay
                                 -1.75   data required time
-----------------------------------------------------------------------------
                                 -1.75   data required time
                                 -3.14   data arrival time
-----------------------------------------------------------------------------
                                  4.89   slack (MET)



worst slack corner Typical: 4.3089
