
===========================================================================
 report_power
============================================================================
======================= Fastest Corner ===================================

Group                  Internal  Switching    Leakage      Total
                          Power      Power      Power      Power (Watts)
----------------------------------------------------------------
Sequential             0.00e+00   0.00e+00   0.00e+00   0.00e+00   0.0%
Combinational          1.15e-04   3.12e-04   3.44e-09   4.27e-04 100.0%
Clock                 -3.20e-10   0.00e+00   1.22e-09   8.98e-10   0.0%
Macro                  0.00e+00   0.00e+00   0.00e+00   0.00e+00   0.0%
Pad                    0.00e+00   0.00e+00   0.00e+00   0.00e+00   0.0%
----------------------------------------------------------------
Total                  1.15e-04   3.12e-04   4.66e-09   4.27e-04 100.0%
                          27.0%      73.0%       0.0%

======================= Slowest Corner ===================================

Group                  Internal  Switching    Leakage      Total
                          Power      Power      Power      Power (Watts)
----------------------------------------------------------------
Sequential             0.00e+00   0.00e+00   0.00e+00   0.00e+00   0.0%
Combinational          8.36e-05   2.09e-04   1.86e-06   2.95e-04 100.0%
Clock                 -1.35e-10   0.00e+00   1.23e-09   1.10e-09   0.0%
Macro                  0.00e+00   0.00e+00   0.00e+00   0.00e+00   0.0%
Pad                    0.00e+00   0.00e+00   0.00e+00   0.00e+00   0.0%
----------------------------------------------------------------
Total                  8.36e-05   2.09e-04   1.86e-06   2.95e-04 100.0%
                          28.4%      71.0%       0.6%

======================= Typical Corner ===================================

Group                  Internal  Switching    Leakage      Total
                          Power      Power      Power      Power (Watts)
----------------------------------------------------------------
Sequential             0.00e+00   0.00e+00   0.00e+00   0.00e+00   0.0%
Combinational          1.04e-04   2.65e-04   1.43e-09   3.69e-04 100.0%
Clock                 -2.21e-11   0.00e+00   1.22e-09   1.20e-09   0.0%
Macro                  0.00e+00   0.00e+00   0.00e+00   0.00e+00   0.0%
Pad                    0.00e+00   0.00e+00   0.00e+00   0.00e+00   0.0%
----------------------------------------------------------------
Total                  1.04e-04   2.65e-04   2.65e-09   3.69e-04 100.0%
                          28.2%      71.8%       0.0%

