
===========================================================================
report_checks -unconstrained
===========================================================================
======================= Fastest Corner ===================================

Startpoint: B[0] (input port clocked by __VIRTUAL_CLK__)
Endpoint: OUT[7] (output port clocked by __VIRTUAL_CLK__)
Path Group: __VIRTUAL_CLK__
Path Type: max
Corner: Fastest

Fanout     Cap    Slew   Delay    Time   Description
-----------------------------------------------------------------------------
                  0.00    0.00    0.00   clock __VIRTUAL_CLK__ (rise edge)
                          0.00    0.00   clock network delay (ideal)
                          2.00    2.00 v input external delay
     1    0.00    0.01    0.00    2.00 v B[0] (in)
                                         B[0] (net)
                  0.01    0.00    2.00 v input9/A (sky130_fd_sc_hd__buf_4)
     6    0.07    0.07    0.13    2.13 v input9/X (sky130_fd_sc_hd__buf_4)
                                         net9 (net)
                  0.07    0.01    2.14 v _251_/A (sky130_fd_sc_hd__buf_12)
     5    0.07    0.04    0.12    2.27 v _251_/X (sky130_fd_sc_hd__buf_12)
                                         _182_ (net)
                  0.04    0.00    2.27 v _252_/A (sky130_fd_sc_hd__buf_4)
    10    0.09    0.08    0.16    2.43 v _252_/X (sky130_fd_sc_hd__buf_4)
                                         _183_ (net)
                  0.08    0.00    2.43 v _298_/A1 (sky130_fd_sc_hd__o21a_2)
     3    0.05    0.10    0.23    2.66 v _298_/X (sky130_fd_sc_hd__o21a_2)
                                         _227_ (net)
                  0.10    0.01    2.67 v _361_/A3 (sky130_fd_sc_hd__o31a_2)
     2    0.04    0.10    0.29    2.95 v _361_/X (sky130_fd_sc_hd__o31a_2)
                                         _040_ (net)
                  0.10    0.00    2.96 v _376_/B1 (sky130_fd_sc_hd__a21o_4)
     2    0.04    0.06    0.15    3.11 v _376_/X (sky130_fd_sc_hd__a21o_4)
                                         _054_ (net)
                  0.06    0.00    3.11 v _377_/B (sky130_fd_sc_hd__xnor2_2)
     3    0.04    0.41    0.34    3.45 ^ _377_/Y (sky130_fd_sc_hd__xnor2_2)
                                         _055_ (net)
                  0.41    0.00    3.45 ^ _378_/B (sky130_fd_sc_hd__and2_2)
     2    0.05    0.20    0.26    3.72 ^ _378_/X (sky130_fd_sc_hd__and2_2)
                                         _056_ (net)
                  0.20    0.00    3.72 ^ _380_/A (sky130_fd_sc_hd__nor2_2)
     2    0.03    0.09    0.09    3.81 v _380_/Y (sky130_fd_sc_hd__nor2_2)
                                         _058_ (net)
                  0.09    0.00    3.81 v _442_/A2 (sky130_fd_sc_hd__a21o_2)
     4    0.04    0.09    0.23    4.04 v _442_/X (sky130_fd_sc_hd__a21o_2)
                                         _119_ (net)
                  0.09    0.00    4.04 v _463_/A1 (sky130_fd_sc_hd__a211o_4)
     2    0.04    0.07    0.27    4.32 v _463_/X (sky130_fd_sc_hd__a211o_4)
                                         _139_ (net)
                  0.07    0.00    4.32 v _464_/B1 (sky130_fd_sc_hd__o311a_1)
     1    0.01    0.07    0.13    4.45 v _464_/X (sky130_fd_sc_hd__o311a_1)
                                         _140_ (net)
                  0.07    0.00    4.45 v _503_/A1 (sky130_fd_sc_hd__o32a_4)
     1    0.02    0.06    0.27    4.73 v _503_/X (sky130_fd_sc_hd__o32a_4)
                                         net27 (net)
                  0.06    0.00    4.73 v output27/A (sky130_fd_sc_hd__buf_8)
     1    0.03    0.03    0.10    4.83 v output27/X (sky130_fd_sc_hd__buf_8)
                                         OUT[7] (net)
                  0.03    0.00    4.83 v OUT[7] (out)
                                  4.83   data arrival time

                  0.00   10.00   10.00   clock __VIRTUAL_CLK__ (rise edge)
                          0.00   10.00   clock network delay (ideal)
                         -0.25    9.75   clock uncertainty
                          0.00    9.75   clock reconvergence pessimism
                         -2.00    7.75   output external delay
                                  7.75   data required time
-----------------------------------------------------------------------------
                                  7.75   data required time
                                 -4.83   data arrival time
-----------------------------------------------------------------------------
                                  2.92   slack (MET)



======================= Slowest Corner ===================================

Startpoint: A[2] (input port clocked by __VIRTUAL_CLK__)
Endpoint: OUT[7] (output port clocked by __VIRTUAL_CLK__)
Path Group: __VIRTUAL_CLK__
Path Type: max
Corner: Slowest

Fanout     Cap    Slew   Delay    Time   Description
-----------------------------------------------------------------------------
                  0.00    0.00    0.00   clock __VIRTUAL_CLK__ (rise edge)
                          0.00    0.00   clock network delay (ideal)
                          2.00    2.00 ^ input external delay
     1    0.00    0.04    0.02    2.02 ^ A[2] (in)
                                         A[2] (net)
                  0.04    0.00    2.02 ^ input3/A (sky130_fd_sc_hd__buf_4)
     8    0.08    0.35    0.41    2.43 ^ input3/X (sky130_fd_sc_hd__buf_4)
                                         net3 (net)
                  0.35    0.01    2.44 ^ _288_/A (sky130_fd_sc_hd__buf_4)
    10    0.08    0.37    0.57    3.01 ^ _288_/X (sky130_fd_sc_hd__buf_4)
                                         _217_ (net)
                  0.37    0.00    3.01 ^ _292_/B1 (sky130_fd_sc_hd__a22o_1)
     2    0.03    0.44    0.66    3.67 ^ _292_/X (sky130_fd_sc_hd__a22o_1)
                                         _221_ (net)
                  0.44    0.00    3.67 ^ _328_/A3 (sky130_fd_sc_hd__a31o_1)
     2    0.02    0.31    0.62    4.29 ^ _328_/X (sky130_fd_sc_hd__a31o_1)
                                         _008_ (net)
                  0.31    0.00    4.29 ^ _329_/C (sky130_fd_sc_hd__and3_1)
     2    0.02    0.32    0.60    4.89 ^ _329_/X (sky130_fd_sc_hd__and3_1)
                                         _009_ (net)
                  0.32    0.00    4.89 ^ _331_/A_N (sky130_fd_sc_hd__and2b_1)
     1    0.02    0.21    0.61    5.51 v _331_/X (sky130_fd_sc_hd__and2b_1)
                                         _011_ (net)
                  0.21    0.00    5.51 v _332_/B (sky130_fd_sc_hd__xnor2_2)
     2    0.02    0.47    0.50    6.01 ^ _332_/Y (sky130_fd_sc_hd__xnor2_2)
                                         _012_ (net)
                  0.47    0.00    6.02 ^ _333_/B (sky130_fd_sc_hd__nand2_2)
     3    0.05    0.41    0.53    6.54 v _333_/Y (sky130_fd_sc_hd__nand2_2)
                                         _013_ (net)
                  0.41    0.00    6.54 v _359_/A_N (sky130_fd_sc_hd__nand3b_4)
     4    0.06    0.43    0.72    7.26 v _359_/Y (sky130_fd_sc_hd__nand3b_4)
                                         _038_ (net)
                  0.43    0.01    7.27 v _438_/A1 (sky130_fd_sc_hd__a2111oi_4)
     3    0.03    0.88    1.09    8.36 ^ _438_/Y (sky130_fd_sc_hd__a2111oi_4)
                                         _115_ (net)
                  0.88    0.00    8.36 ^ _497_/B1 (sky130_fd_sc_hd__a21oi_2)
     1    0.03    0.26    0.41    8.77 v _497_/Y (sky130_fd_sc_hd__a21oi_2)
                                         _173_ (net)
                  0.26    0.00    8.77 v _498_/A1 (sky130_fd_sc_hd__o21a_1)
     1    0.02    0.17    0.54    9.32 v _498_/X (sky130_fd_sc_hd__o21a_1)
                                         _174_ (net)
                  0.17    0.00    9.32 v _503_/A3 (sky130_fd_sc_hd__o32a_4)
     1    0.02    0.16    0.68   10.00 v _503_/X (sky130_fd_sc_hd__o32a_4)
                                         net27 (net)
                  0.16    0.00   10.00 v output27/A (sky130_fd_sc_hd__buf_8)
     1    0.03    0.07    0.29   10.30 v output27/X (sky130_fd_sc_hd__buf_8)
                                         OUT[7] (net)
                  0.07    0.00   10.30 v OUT[7] (out)
                                 10.30   data arrival time

                  0.00   10.00   10.00   clock __VIRTUAL_CLK__ (rise edge)
                          0.00   10.00   clock network delay (ideal)
                         -0.25    9.75   clock uncertainty
                          0.00    9.75   clock reconvergence pessimism
                         -2.00    7.75   output external delay
                                  7.75   data required time
-----------------------------------------------------------------------------
                                  7.75   data required time
                                -10.30   data arrival time
-----------------------------------------------------------------------------
                                 -2.55   slack (VIOLATED)



======================= Typical Corner ===================================

Startpoint: B[0] (input port clocked by __VIRTUAL_CLK__)
Endpoint: OUT[7] (output port clocked by __VIRTUAL_CLK__)
Path Group: __VIRTUAL_CLK__
Path Type: max
Corner: Typical

Fanout     Cap    Slew   Delay    Time   Description
-----------------------------------------------------------------------------
                  0.00    0.00    0.00   clock __VIRTUAL_CLK__ (rise edge)
                          0.00    0.00   clock network delay (ideal)
                          2.00    2.00 v input external delay
     1    0.00    0.01    0.01    2.01 v B[0] (in)
                                         B[0] (net)
                  0.01    0.00    2.01 v input9/A (sky130_fd_sc_hd__buf_4)
     6    0.07    0.10    0.20    2.20 v input9/X (sky130_fd_sc_hd__buf_4)
                                         net9 (net)
                  0.10    0.01    2.21 v _251_/A (sky130_fd_sc_hd__buf_12)
     5    0.07    0.05    0.18    2.39 v _251_/X (sky130_fd_sc_hd__buf_12)
                                         _182_ (net)
                  0.05    0.00    2.40 v _252_/A (sky130_fd_sc_hd__buf_4)
    10    0.09    0.11    0.23    2.62 v _252_/X (sky130_fd_sc_hd__buf_4)
                                         _183_ (net)
                  0.12    0.00    2.63 v _298_/A1 (sky130_fd_sc_hd__o21a_2)
     3    0.05    0.14    0.36    2.99 v _298_/X (sky130_fd_sc_hd__o21a_2)
                                         _227_ (net)
                  0.14    0.01    2.99 v _361_/A3 (sky130_fd_sc_hd__o31a_2)
     2    0.04    0.14    0.45    3.44 v _361_/X (sky130_fd_sc_hd__o31a_2)
                                         _040_ (net)
                  0.14    0.00    3.44 v _376_/B1 (sky130_fd_sc_hd__a21o_4)
     2    0.04    0.08    0.28    3.72 v _376_/X (sky130_fd_sc_hd__a21o_4)
                                         _054_ (net)
                  0.08    0.00    3.72 v _377_/B (sky130_fd_sc_hd__xnor2_2)
     3    0.04    0.55    0.48    4.20 ^ _377_/Y (sky130_fd_sc_hd__xnor2_2)
                                         _055_ (net)
                  0.55    0.00    4.20 ^ _378_/B (sky130_fd_sc_hd__and2_2)
     2    0.05    0.27    0.43    4.64 ^ _378_/X (sky130_fd_sc_hd__and2_2)
                                         _056_ (net)
                  0.27    0.00    4.64 ^ _380_/A (sky130_fd_sc_hd__nor2_2)
     2    0.03    0.11    0.16    4.80 v _380_/Y (sky130_fd_sc_hd__nor2_2)
                                         _058_ (net)
                  0.11    0.00    4.80 v _442_/A2 (sky130_fd_sc_hd__a21o_2)
     4    0.04    0.12    0.34    5.15 v _442_/X (sky130_fd_sc_hd__a21o_2)
                                         _119_ (net)
                  0.12    0.00    5.15 v _463_/A1 (sky130_fd_sc_hd__a211o_4)
     2    0.04    0.10    0.43    5.58 v _463_/X (sky130_fd_sc_hd__a211o_4)
                                         _139_ (net)
                  0.10    0.00    5.59 v _464_/B1 (sky130_fd_sc_hd__o311a_1)
     1    0.01    0.10    0.20    5.79 v _464_/X (sky130_fd_sc_hd__o311a_1)
                                         _140_ (net)
                  0.10    0.00    5.79 v _503_/A1 (sky130_fd_sc_hd__o32a_4)
     1    0.02    0.08    0.45    6.24 v _503_/X (sky130_fd_sc_hd__o32a_4)
                                         net27 (net)
                  0.08    0.00    6.24 v output27/A (sky130_fd_sc_hd__buf_8)
     1    0.03    0.04    0.16    6.40 v output27/X (sky130_fd_sc_hd__buf_8)
                                         OUT[7] (net)
                  0.04    0.00    6.40 v OUT[7] (out)
                                  6.40   data arrival time

                  0.00   10.00   10.00   clock __VIRTUAL_CLK__ (rise edge)
                          0.00   10.00   clock network delay (ideal)
                         -0.25    9.75   clock uncertainty
                          0.00    9.75   clock reconvergence pessimism
                         -2.00    7.75   output external delay
                                  7.75   data required time
-----------------------------------------------------------------------------
                                  7.75   data required time
                                 -6.40   data arrival time
-----------------------------------------------------------------------------
                                  1.35   slack (MET)




===========================================================================
report_checks --slack_max -0.01
============================================================================
======================= Fastest Corner ===================================

No paths found.

======================= Slowest Corner ===================================

Startpoint: A[2] (input port clocked by __VIRTUAL_CLK__)
Endpoint: OUT[7] (output port clocked by __VIRTUAL_CLK__)
Path Group: __VIRTUAL_CLK__
Path Type: max
Corner: Slowest

Fanout     Cap    Slew   Delay    Time   Description
-----------------------------------------------------------------------------
                  0.00    0.00    0.00   clock __VIRTUAL_CLK__ (rise edge)
                          0.00    0.00   clock network delay (ideal)
                          2.00    2.00 ^ input external delay
     1    0.00    0.04    0.02    2.02 ^ A[2] (in)
                                         A[2] (net)
                  0.04    0.00    2.02 ^ input3/A (sky130_fd_sc_hd__buf_4)
     8    0.08    0.35    0.41    2.43 ^ input3/X (sky130_fd_sc_hd__buf_4)
                                         net3 (net)
                  0.35    0.01    2.44 ^ _288_/A (sky130_fd_sc_hd__buf_4)
    10    0.08    0.37    0.57    3.01 ^ _288_/X (sky130_fd_sc_hd__buf_4)
                                         _217_ (net)
                  0.37    0.00    3.01 ^ _292_/B1 (sky130_fd_sc_hd__a22o_1)
     2    0.03    0.44    0.66    3.67 ^ _292_/X (sky130_fd_sc_hd__a22o_1)
                                         _221_ (net)
                  0.44    0.00    3.67 ^ _328_/A3 (sky130_fd_sc_hd__a31o_1)
     2    0.02    0.31    0.62    4.29 ^ _328_/X (sky130_fd_sc_hd__a31o_1)
                                         _008_ (net)
                  0.31    0.00    4.29 ^ _329_/C (sky130_fd_sc_hd__and3_1)
     2    0.02    0.32    0.60    4.89 ^ _329_/X (sky130_fd_sc_hd__and3_1)
                                         _009_ (net)
                  0.32    0.00    4.89 ^ _331_/A_N (sky130_fd_sc_hd__and2b_1)
     1    0.02    0.21    0.61    5.51 v _331_/X (sky130_fd_sc_hd__and2b_1)
                                         _011_ (net)
                  0.21    0.00    5.51 v _332_/B (sky130_fd_sc_hd__xnor2_2)
     2    0.02    0.47    0.50    6.01 ^ _332_/Y (sky130_fd_sc_hd__xnor2_2)
                                         _012_ (net)
                  0.47    0.00    6.02 ^ _333_/B (sky130_fd_sc_hd__nand2_2)
     3    0.05    0.41    0.53    6.54 v _333_/Y (sky130_fd_sc_hd__nand2_2)
                                         _013_ (net)
                  0.41    0.00    6.54 v _359_/A_N (sky130_fd_sc_hd__nand3b_4)
     4    0.06    0.43    0.72    7.26 v _359_/Y (sky130_fd_sc_hd__nand3b_4)
                                         _038_ (net)
                  0.43    0.01    7.27 v _438_/A1 (sky130_fd_sc_hd__a2111oi_4)
     3    0.03    0.88    1.09    8.36 ^ _438_/Y (sky130_fd_sc_hd__a2111oi_4)
                                         _115_ (net)
                  0.88    0.00    8.36 ^ _497_/B1 (sky130_fd_sc_hd__a21oi_2)
     1    0.03    0.26    0.41    8.77 v _497_/Y (sky130_fd_sc_hd__a21oi_2)
                                         _173_ (net)
                  0.26    0.00    8.77 v _498_/A1 (sky130_fd_sc_hd__o21a_1)
     1    0.02    0.17    0.54    9.32 v _498_/X (sky130_fd_sc_hd__o21a_1)
                                         _174_ (net)
                  0.17    0.00    9.32 v _503_/A3 (sky130_fd_sc_hd__o32a_4)
     1    0.02    0.16    0.68   10.00 v _503_/X (sky130_fd_sc_hd__o32a_4)
                                         net27 (net)
                  0.16    0.00   10.00 v output27/A (sky130_fd_sc_hd__buf_8)
     1    0.03    0.07    0.29   10.30 v output27/X (sky130_fd_sc_hd__buf_8)
                                         OUT[7] (net)
                  0.07    0.00   10.30 v OUT[7] (out)
                                 10.30   data arrival time

                  0.00   10.00   10.00   clock __VIRTUAL_CLK__ (rise edge)
                          0.00   10.00   clock network delay (ideal)
                         -0.25    9.75   clock uncertainty
                          0.00    9.75   clock reconvergence pessimism
                         -2.00    7.75   output external delay
                                  7.75   data required time
-----------------------------------------------------------------------------
                                  7.75   data required time
                                -10.30   data arrival time
-----------------------------------------------------------------------------
                                 -2.55   slack (VIOLATED)



======================= Typical Corner ===================================

No paths found.


===========================================================================
 report_check_types -max_slew -max_cap -max_fanout -violators
============================================================================
======================= Fastest Corner ===================================


max slew violations count Fastest: 0
max fanout violations count Fastest: 0
max cap violations count Fastest: 0
======================= Slowest Corner ===================================

max slew

Pin                                    Limit    Slew   Slack
------------------------------------------------------------
_438_/D1                                0.75    0.96   -0.21 (VIOLATED)
_439_/A                                 0.75    0.96   -0.21 (VIOLATED)
_436_/Y                                 0.75    0.96   -0.21 (VIOLATED)
_265_/A                                 0.75    0.91   -0.16 (VIOLATED)
_371_/B1                                0.75    0.91   -0.16 (VIOLATED)
_407_/B1                                0.75    0.91   -0.16 (VIOLATED)
_264_/Y                                 0.75    0.91   -0.16 (VIOLATED)
_415_/B                                 0.75    0.89   -0.14 (VIOLATED)
_414_/Y                                 0.75    0.89   -0.14 (VIOLATED)
_438_/Y                                 0.75    0.88   -0.13 (VIOLATED)
_441_/A                                 0.75    0.88   -0.13 (VIOLATED)
_496_/A                                 0.75    0.88   -0.13 (VIOLATED)
_497_/B1                                0.75    0.88   -0.13 (VIOLATED)
ANTENNA_4/DIODE                         0.75    0.87   -0.12 (VIOLATED)
_379_/B                                 0.75    0.87   -0.12 (VIOLATED)
_378_/B                                 0.75    0.87   -0.12 (VIOLATED)
_377_/Y                                 0.75    0.87   -0.12 (VIOLATED)
_278_/A1                                0.75    0.81   -0.06 (VIOLATED)
_279_/B                                 0.75    0.81   -0.06 (VIOLATED)
_276_/Y                                 0.75    0.81   -0.06 (VIOLATED)
output25/A                              0.75    0.81   -0.06 (VIOLATED)
_410_/Y                                 0.75    0.81   -0.06 (VIOLATED)
_406_/B2                                0.75    0.77   -0.02 (VIOLATED)
_405_/Y                                 0.75    0.77   -0.02 (VIOLATED)
_309_/B1                                0.75    0.76   -0.01 (VIOLATED)
_297_/Y                                 0.75    0.76   -0.01 (VIOLATED)


max slew violations count Slowest: 26
max fanout violations count Slowest: 0
max cap violations count Slowest: 0
======================= Typical Corner ===================================


max slew violations count Typical: 0
max fanout violations count Typical: 0
max cap violations count Typical: 0

===========================================================================
report_parasitic_annotation -report_unannotated
============================================================================
Found 0 unannotated drivers.
Found 0 partially unannotated drivers.

===========================================================================
max slew violation count 26
max fanout violation count 0
max cap violation count 0
============================================================================

===========================================================================
check_setup -verbose -unconstrained_endpoints -multiple_clock -no_clock -no_input_delay -loops -generated_clocks
===========================================================================
