
===========================================================================
report_checks -path_delay max (Setup)
============================================================================
======================= Fastest Corner ===================================

Startpoint: B[0] (input port clocked by __VIRTUAL_CLK__)
Endpoint: OUT[7] (output port clocked by __VIRTUAL_CLK__)
Path Group: __VIRTUAL_CLK__
Path Type: max
Corner: Fastest

Fanout     Cap    Slew   Delay    Time   Description
-----------------------------------------------------------------------------
                  0.00    0.00    0.00   clock __VIRTUAL_CLK__ (rise edge)
                          0.00    0.00   clock network delay (ideal)
                          2.00    2.00 v input external delay
     1    0.00    0.01    0.00    2.00 v B[0] (in)
                                         B[0] (net)
                  0.01    0.00    2.00 v input9/A (sky130_fd_sc_hd__buf_4)
     6    0.07    0.07    0.13    2.13 v input9/X (sky130_fd_sc_hd__buf_4)
                                         net9 (net)
                  0.07    0.01    2.14 v _251_/A (sky130_fd_sc_hd__buf_12)
     5    0.07    0.04    0.12    2.27 v _251_/X (sky130_fd_sc_hd__buf_12)
                                         _182_ (net)
                  0.04    0.00    2.27 v _252_/A (sky130_fd_sc_hd__buf_4)
    10    0.09    0.08    0.16    2.43 v _252_/X (sky130_fd_sc_hd__buf_4)
                                         _183_ (net)
                  0.08    0.00    2.43 v _298_/A1 (sky130_fd_sc_hd__o21a_2)
     3    0.05    0.10    0.23    2.66 v _298_/X (sky130_fd_sc_hd__o21a_2)
                                         _227_ (net)
                  0.10    0.01    2.67 v _361_/A3 (sky130_fd_sc_hd__o31a_2)
     2    0.04    0.10    0.29    2.95 v _361_/X (sky130_fd_sc_hd__o31a_2)
                                         _040_ (net)
                  0.10    0.00    2.96 v _376_/B1 (sky130_fd_sc_hd__a21o_4)
     2    0.04    0.06    0.15    3.11 v _376_/X (sky130_fd_sc_hd__a21o_4)
                                         _054_ (net)
                  0.06    0.00    3.11 v _377_/B (sky130_fd_sc_hd__xnor2_2)
     3    0.04    0.41    0.34    3.45 ^ _377_/Y (sky130_fd_sc_hd__xnor2_2)
                                         _055_ (net)
                  0.41    0.00    3.45 ^ _378_/B (sky130_fd_sc_hd__and2_2)
     2    0.05    0.20    0.26    3.72 ^ _378_/X (sky130_fd_sc_hd__and2_2)
                                         _056_ (net)
                  0.20    0.00    3.72 ^ _380_/A (sky130_fd_sc_hd__nor2_2)
     2    0.03    0.09    0.09    3.81 v _380_/Y (sky130_fd_sc_hd__nor2_2)
                                         _058_ (net)
                  0.09    0.00    3.81 v _442_/A2 (sky130_fd_sc_hd__a21o_2)
     4    0.04    0.09    0.23    4.04 v _442_/X (sky130_fd_sc_hd__a21o_2)
                                         _119_ (net)
                  0.09    0.00    4.04 v _463_/A1 (sky130_fd_sc_hd__a211o_4)
     2    0.04    0.07    0.27    4.32 v _463_/X (sky130_fd_sc_hd__a211o_4)
                                         _139_ (net)
                  0.07    0.00    4.32 v _464_/B1 (sky130_fd_sc_hd__o311a_1)
     1    0.01    0.07    0.13    4.45 v _464_/X (sky130_fd_sc_hd__o311a_1)
                                         _140_ (net)
                  0.07    0.00    4.45 v _503_/A1 (sky130_fd_sc_hd__o32a_4)
     1    0.02    0.06    0.27    4.73 v _503_/X (sky130_fd_sc_hd__o32a_4)
                                         net27 (net)
                  0.06    0.00    4.73 v output27/A (sky130_fd_sc_hd__buf_8)
     1    0.03    0.03    0.10    4.83 v output27/X (sky130_fd_sc_hd__buf_8)
                                         OUT[7] (net)
                  0.03    0.00    4.83 v OUT[7] (out)
                                  4.83   data arrival time

                  0.00   10.00   10.00   clock __VIRTUAL_CLK__ (rise edge)
                          0.00   10.00   clock network delay (ideal)
                         -0.25    9.75   clock uncertainty
                          0.00    9.75   clock reconvergence pessimism
                         -2.00    7.75   output external delay
                                  7.75   data required time
-----------------------------------------------------------------------------
                                  7.75   data required time
                                 -4.83   data arrival time
-----------------------------------------------------------------------------
                                  2.92   slack (MET)


Startpoint: B[2] (input port clocked by __VIRTUAL_CLK__)
Endpoint: OUT[6] (output port clocked by __VIRTUAL_CLK__)
Path Group: __VIRTUAL_CLK__
Path Type: max
Corner: Fastest

Fanout     Cap    Slew   Delay    Time   Description
-----------------------------------------------------------------------------
                  0.00    0.00    0.00   clock __VIRTUAL_CLK__ (rise edge)
                          0.00    0.00   clock network delay (ideal)
                          2.00    2.00 ^ input external delay
     1    0.00    0.01    0.01    2.01 ^ B[2] (in)
                                         B[2] (net)
                  0.01    0.00    2.01 ^ input11/A (sky130_fd_sc_hd__buf_2)
     5    0.06    0.20    0.19    2.20 ^ input11/X (sky130_fd_sc_hd__buf_2)
                                         net11 (net)
                  0.20    0.00    2.20 ^ _289_/A (sky130_fd_sc_hd__buf_6)
    10    0.09    0.14    0.17    2.37 ^ _289_/X (sky130_fd_sc_hd__buf_6)
                                         _218_ (net)
                  0.14    0.01    2.38 ^ _322_/B (sky130_fd_sc_hd__nand2_2)
     3    0.02    0.09    0.09    2.47 v _322_/Y (sky130_fd_sc_hd__nand2_2)
                                         _002_ (net)
                  0.09    0.00    2.47 v _351_/A1 (sky130_fd_sc_hd__o21bai_2)
     2    0.03    0.27    0.27    2.74 ^ _351_/Y (sky130_fd_sc_hd__o21bai_2)
                                         _030_ (net)
                  0.27    0.00    2.74 ^ _352_/C (sky130_fd_sc_hd__and3_1)
     2    0.02    0.13    0.20    2.93 ^ _352_/X (sky130_fd_sc_hd__and3_1)
                                         _031_ (net)
                  0.13    0.00    2.94 ^ _397_/B1 (sky130_fd_sc_hd__a21o_4)
     3    0.04    0.08    0.11    3.05 ^ _397_/X (sky130_fd_sc_hd__a21o_4)
                                         _075_ (net)
                  0.08    0.00    3.05 ^ rebuffer14/A (sky130_fd_sc_hd__buf_6)
     1    0.01    0.03    0.08    3.13 ^ rebuffer14/X (sky130_fd_sc_hd__buf_6)
                                         net41 (net)
                  0.03    0.00    3.13 ^ _399_/B1 (sky130_fd_sc_hd__a21oi_2)
     2    0.02    0.06    0.04    3.17 v _399_/Y (sky130_fd_sc_hd__a21oi_2)
                                         _077_ (net)
                  0.06    0.00    3.17 v _401_/B (sky130_fd_sc_hd__or3_4)
     4    0.03    0.07    0.28    3.45 v _401_/X (sky130_fd_sc_hd__or3_4)
                                         _079_ (net)
                  0.07    0.00    3.45 v rebuffer2/A (sky130_fd_sc_hd__dlymetal6s2s_1)
     1    0.01    0.05    0.13    3.58 v rebuffer2/X (sky130_fd_sc_hd__dlymetal6s2s_1)
                                         net29 (net)
                  0.05    0.00    3.58 v _436_/A1 (sky130_fd_sc_hd__a211oi_4)
     2    0.05    0.44    0.41    3.99 ^ _436_/Y (sky130_fd_sc_hd__a211oi_4)
                                         _113_ (net)
                  0.44    0.00    3.99 ^ _439_/A (sky130_fd_sc_hd__or2_1)
     1    0.02    0.16    0.18    4.17 ^ _439_/X (sky130_fd_sc_hd__or2_1)
                                         _116_ (net)
                  0.16    0.00    4.17 ^ _440_/A2 (sky130_fd_sc_hd__a21bo_1)
     1    0.01    0.08    0.13    4.30 ^ _440_/X (sky130_fd_sc_hd__a21bo_1)
                                         _117_ (net)
                  0.08    0.00    4.30 ^ _441_/B (sky130_fd_sc_hd__or2_1)
     1    0.03    0.21    0.21    4.51 ^ _441_/X (sky130_fd_sc_hd__or2_1)
                                         _118_ (net)
                  0.21    0.00    4.51 ^ _453_/B1 (sky130_fd_sc_hd__a22oi_1)
     1    0.00    0.07    0.05    4.56 v _453_/Y (sky130_fd_sc_hd__a22oi_1)
                                         net26 (net)
                  0.07    0.00    4.56 v output26/A (sky130_fd_sc_hd__buf_2)
     1    0.03    0.06    0.14    4.70 v output26/X (sky130_fd_sc_hd__buf_2)
                                         OUT[6] (net)
                  0.06    0.00    4.70 v OUT[6] (out)
                                  4.70   data arrival time

                  0.00   10.00   10.00   clock __VIRTUAL_CLK__ (rise edge)
                          0.00   10.00   clock network delay (ideal)
                         -0.25    9.75   clock uncertainty
                          0.00    9.75   clock reconvergence pessimism
                         -2.00    7.75   output external delay
                                  7.75   data required time
-----------------------------------------------------------------------------
                                  7.75   data required time
                                 -4.70   data arrival time
-----------------------------------------------------------------------------
                                  3.05   slack (MET)


Startpoint: B[2] (input port clocked by __VIRTUAL_CLK__)
Endpoint: OUT[5] (output port clocked by __VIRTUAL_CLK__)
Path Group: __VIRTUAL_CLK__
Path Type: max
Corner: Fastest

Fanout     Cap    Slew   Delay    Time   Description
-----------------------------------------------------------------------------
                  0.00    0.00    0.00   clock __VIRTUAL_CLK__ (rise edge)
                          0.00    0.00   clock network delay (ideal)
                          2.00    2.00 ^ input external delay
     1    0.00    0.01    0.01    2.01 ^ B[2] (in)
                                         B[2] (net)
                  0.01    0.00    2.01 ^ input11/A (sky130_fd_sc_hd__buf_2)
     5    0.06    0.20    0.19    2.20 ^ input11/X (sky130_fd_sc_hd__buf_2)
                                         net11 (net)
                  0.20    0.00    2.20 ^ _289_/A (sky130_fd_sc_hd__buf_6)
    10    0.09    0.14    0.17    2.37 ^ _289_/X (sky130_fd_sc_hd__buf_6)
                                         _218_ (net)
                  0.14    0.01    2.38 ^ _322_/B (sky130_fd_sc_hd__nand2_2)
     3    0.02    0.09    0.09    2.47 v _322_/Y (sky130_fd_sc_hd__nand2_2)
                                         _002_ (net)
                  0.09    0.00    2.47 v _351_/A1 (sky130_fd_sc_hd__o21bai_2)
     2    0.03    0.27    0.27    2.74 ^ _351_/Y (sky130_fd_sc_hd__o21bai_2)
                                         _030_ (net)
                  0.27    0.00    2.74 ^ _352_/C (sky130_fd_sc_hd__and3_1)
     2    0.02    0.13    0.20    2.93 ^ _352_/X (sky130_fd_sc_hd__and3_1)
                                         _031_ (net)
                  0.13    0.00    2.94 ^ _397_/B1 (sky130_fd_sc_hd__a21o_4)
     3    0.04    0.08    0.11    3.05 ^ _397_/X (sky130_fd_sc_hd__a21o_4)
                                         _075_ (net)
                  0.08    0.00    3.05 ^ rebuffer14/A (sky130_fd_sc_hd__buf_6)
     1    0.01    0.03    0.08    3.13 ^ rebuffer14/X (sky130_fd_sc_hd__buf_6)
                                         net41 (net)
                  0.03    0.00    3.13 ^ _399_/B1 (sky130_fd_sc_hd__a21oi_2)
     2    0.02    0.06    0.04    3.17 v _399_/Y (sky130_fd_sc_hd__a21oi_2)
                                         _077_ (net)
                  0.06    0.00    3.17 v _401_/B (sky130_fd_sc_hd__or3_4)
     4    0.03    0.07    0.28    3.45 v _401_/X (sky130_fd_sc_hd__or3_4)
                                         _079_ (net)
                  0.07    0.00    3.45 v rebuffer1/A (sky130_fd_sc_hd__dlymetal6s4s_1)
     1    0.01    0.05    0.20    3.65 v rebuffer1/X (sky130_fd_sc_hd__dlymetal6s4s_1)
                                         net28 (net)
                  0.05    0.00    3.65 v _402_/B (sky130_fd_sc_hd__nand2_4)
     3    0.05    0.13    0.12    3.77 ^ _402_/Y (sky130_fd_sc_hd__nand2_4)
                                         _080_ (net)
                  0.13    0.00    3.77 ^ _403_/B1 (sky130_fd_sc_hd__a21o_1)
     2    0.03    0.19    0.17    3.95 ^ _403_/X (sky130_fd_sc_hd__a21o_1)
                                         _081_ (net)
                  0.19    0.00    3.95 ^ _408_/A2 (sky130_fd_sc_hd__a31o_1)
     1    0.03    0.22    0.25    4.20 ^ _408_/X (sky130_fd_sc_hd__a31o_1)
                                         _086_ (net)
                  0.22    0.00    4.20 ^ _409_/B1 (sky130_fd_sc_hd__a21oi_1)
     1    0.01    0.08    0.06    4.26 v _409_/Y (sky130_fd_sc_hd__a21oi_1)
                                         _087_ (net)
                  0.08    0.00    4.26 v _410_/B1 (sky130_fd_sc_hd__a21oi_1)
     1    0.02    0.37    0.24    4.50 ^ _410_/Y (sky130_fd_sc_hd__a21oi_1)
                                         net25 (net)
                  0.37    0.00    4.50 ^ output25/A (sky130_fd_sc_hd__buf_2)
     1    0.03    0.13    0.19    4.68 ^ output25/X (sky130_fd_sc_hd__buf_2)
                                         OUT[5] (net)
                  0.13    0.00    4.69 ^ OUT[5] (out)
                                  4.69   data arrival time

                  0.00   10.00   10.00   clock __VIRTUAL_CLK__ (rise edge)
                          0.00   10.00   clock network delay (ideal)
                         -0.25    9.75   clock uncertainty
                          0.00    9.75   clock reconvergence pessimism
                         -2.00    7.75   output external delay
                                  7.75   data required time
-----------------------------------------------------------------------------
                                  7.75   data required time
                                 -4.69   data arrival time
-----------------------------------------------------------------------------
                                  3.06   slack (MET)


Startpoint: B[0] (input port clocked by __VIRTUAL_CLK__)
Endpoint: OUT[4] (output port clocked by __VIRTUAL_CLK__)
Path Group: __VIRTUAL_CLK__
Path Type: max
Corner: Fastest

Fanout     Cap    Slew   Delay    Time   Description
-----------------------------------------------------------------------------
                  0.00    0.00    0.00   clock __VIRTUAL_CLK__ (rise edge)
                          0.00    0.00   clock network delay (ideal)
                          2.00    2.00 v input external delay
     1    0.00    0.01    0.00    2.00 v B[0] (in)
                                         B[0] (net)
                  0.01    0.00    2.00 v input9/A (sky130_fd_sc_hd__buf_4)
     6    0.07    0.07    0.13    2.13 v input9/X (sky130_fd_sc_hd__buf_4)
                                         net9 (net)
                  0.07    0.01    2.14 v _251_/A (sky130_fd_sc_hd__buf_12)
     5    0.07    0.04    0.12    2.27 v _251_/X (sky130_fd_sc_hd__buf_12)
                                         _182_ (net)
                  0.04    0.00    2.27 v _252_/A (sky130_fd_sc_hd__buf_4)
    10    0.09    0.08    0.16    2.43 v _252_/X (sky130_fd_sc_hd__buf_4)
                                         _183_ (net)
                  0.08    0.00    2.43 v _298_/A1 (sky130_fd_sc_hd__o21a_2)
     3    0.05    0.10    0.23    2.66 v _298_/X (sky130_fd_sc_hd__o21a_2)
                                         _227_ (net)
                  0.10    0.01    2.67 v _361_/A3 (sky130_fd_sc_hd__o31a_2)
     2    0.04    0.10    0.29    2.95 v _361_/X (sky130_fd_sc_hd__o31a_2)
                                         _040_ (net)
                  0.10    0.00    2.96 v _362_/B (sky130_fd_sc_hd__xnor2_2)
     2    0.02    0.09    0.15    3.11 v _362_/Y (sky130_fd_sc_hd__xnor2_2)
                                         _041_ (net)
                  0.09    0.00    3.11 v _363_/B (sky130_fd_sc_hd__and2_1)
     2    0.02    0.07    0.17    3.28 v _363_/X (sky130_fd_sc_hd__and2_1)
                                         _042_ (net)
                  0.07    0.00    3.28 v _365_/A (sky130_fd_sc_hd__nor2_1)
     3    0.02    0.31    0.28    3.56 ^ _365_/Y (sky130_fd_sc_hd__nor2_1)
                                         _044_ (net)
                  0.31    0.00    3.56 ^ _368_/A (sky130_fd_sc_hd__or2_1)
     2    0.03    0.24    0.25    3.81 ^ _368_/X (sky130_fd_sc_hd__or2_1)
                                         _047_ (net)
                  0.24    0.00    3.81 ^ _372_/A3 (sky130_fd_sc_hd__a31o_1)
     1    0.03    0.21    0.24    4.05 ^ _372_/X (sky130_fd_sc_hd__a31o_1)
                                         _051_ (net)
                  0.21    0.00    4.05 ^ _373_/B2 (sky130_fd_sc_hd__o2bb2a_1)
     1    0.02    0.16    0.20    4.26 ^ _373_/X (sky130_fd_sc_hd__o2bb2a_1)
                                         net24 (net)
                  0.16    0.00    4.26 ^ output24/A (sky130_fd_sc_hd__buf_2)
     1    0.03    0.13    0.17    4.43 ^ output24/X (sky130_fd_sc_hd__buf_2)
                                         OUT[4] (net)
                  0.13    0.00    4.43 ^ OUT[4] (out)
                                  4.43   data arrival time

                  0.00   10.00   10.00   clock __VIRTUAL_CLK__ (rise edge)
                          0.00   10.00   clock network delay (ideal)
                         -0.25    9.75   clock uncertainty
                          0.00    9.75   clock reconvergence pessimism
                         -2.00    7.75   output external delay
                                  7.75   data required time
-----------------------------------------------------------------------------
                                  7.75   data required time
                                 -4.43   data arrival time
-----------------------------------------------------------------------------
                                  3.32   slack (MET)


Startpoint: A[2] (input port clocked by __VIRTUAL_CLK__)
Endpoint: OUT[3] (output port clocked by __VIRTUAL_CLK__)
Path Group: __VIRTUAL_CLK__
Path Type: max
Corner: Fastest

Fanout     Cap    Slew   Delay    Time   Description
-----------------------------------------------------------------------------
                  0.00    0.00    0.00   clock __VIRTUAL_CLK__ (rise edge)
                          0.00    0.00   clock network delay (ideal)
                          2.00    2.00 ^ input external delay
     1    0.00    0.02    0.01    2.01 ^ A[2] (in)
                                         A[2] (net)
                  0.02    0.00    2.01 ^ input3/A (sky130_fd_sc_hd__buf_4)
     8    0.08    0.16    0.17    2.18 ^ input3/X (sky130_fd_sc_hd__buf_4)
                                         net3 (net)
                  0.17    0.01    2.19 ^ _288_/A (sky130_fd_sc_hd__buf_4)
    10    0.08    0.18    0.20    2.39 ^ _288_/X (sky130_fd_sc_hd__buf_4)
                                         _217_ (net)
                  0.18    0.00    2.39 ^ _292_/B1 (sky130_fd_sc_hd__a22o_1)
     2    0.03    0.21    0.22    2.61 ^ _292_/X (sky130_fd_sc_hd__a22o_1)
                                         _221_ (net)
                  0.21    0.00    2.61 ^ _328_/A3 (sky130_fd_sc_hd__a31o_1)
     2    0.02    0.14    0.19    2.80 ^ _328_/X (sky130_fd_sc_hd__a31o_1)
                                         _008_ (net)
                  0.14    0.00    2.80 ^ _329_/C (sky130_fd_sc_hd__and3_1)
     2    0.02    0.15    0.20    3.00 ^ _329_/X (sky130_fd_sc_hd__and3_1)
                                         _009_ (net)
                  0.15    0.00    3.00 ^ _331_/A_N (sky130_fd_sc_hd__and2b_1)
     1    0.02    0.08    0.18    3.17 v _331_/X (sky130_fd_sc_hd__and2b_1)
                                         _011_ (net)
                  0.08    0.00    3.18 v _332_/B (sky130_fd_sc_hd__xnor2_2)
     2    0.02    0.23    0.21    3.39 ^ _332_/Y (sky130_fd_sc_hd__xnor2_2)
                                         _012_ (net)
                  0.23    0.00    3.39 ^ _333_/B (sky130_fd_sc_hd__nand2_2)
     3    0.05    0.14    0.15    3.54 v _333_/Y (sky130_fd_sc_hd__nand2_2)
                                         _013_ (net)
                  0.14    0.00    3.54 v _338_/A2 (sky130_fd_sc_hd__a31o_1)
     1    0.02    0.09    0.24    3.78 v _338_/X (sky130_fd_sc_hd__a31o_1)
                                         _018_ (net)
                  0.09    0.00    3.78 v _339_/B2 (sky130_fd_sc_hd__o2bb2a_1)
     1    0.01    0.07    0.24    4.02 v _339_/X (sky130_fd_sc_hd__o2bb2a_1)
                                         net23 (net)
                  0.07    0.00    4.03 v output23/A (sky130_fd_sc_hd__buf_2)
     1    0.03    0.06    0.14    4.17 v output23/X (sky130_fd_sc_hd__buf_2)
                                         OUT[3] (net)
                  0.06    0.00    4.17 v OUT[3] (out)
                                  4.17   data arrival time

                  0.00   10.00   10.00   clock __VIRTUAL_CLK__ (rise edge)
                          0.00   10.00   clock network delay (ideal)
                         -0.25    9.75   clock uncertainty
                          0.00    9.75   clock reconvergence pessimism
                         -2.00    7.75   output external delay
                                  7.75   data required time
-----------------------------------------------------------------------------
                                  7.75   data required time
                                 -4.17   data arrival time
-----------------------------------------------------------------------------
                                  3.58   slack (MET)


Startpoint: B[0] (input port clocked by __VIRTUAL_CLK__)
Endpoint: OUT[2] (output port clocked by __VIRTUAL_CLK__)
Path Group: __VIRTUAL_CLK__
Path Type: max
Corner: Fastest

Fanout     Cap    Slew   Delay    Time   Description
-----------------------------------------------------------------------------
                  0.00    0.00    0.00   clock __VIRTUAL_CLK__ (rise edge)
                          0.00    0.00   clock network delay (ideal)
                          2.00    2.00 v input external delay
     1    0.00    0.01    0.00    2.00 v B[0] (in)
                                         B[0] (net)
                  0.01    0.00    2.00 v input9/A (sky130_fd_sc_hd__buf_4)
     6    0.07    0.07    0.13    2.13 v input9/X (sky130_fd_sc_hd__buf_4)
                                         net9 (net)
                  0.07    0.01    2.14 v _251_/A (sky130_fd_sc_hd__buf_12)
     5    0.07    0.04    0.12    2.27 v _251_/X (sky130_fd_sc_hd__buf_12)
                                         _182_ (net)
                  0.04    0.00    2.27 v _252_/A (sky130_fd_sc_hd__buf_4)
    10    0.09    0.08    0.16    2.43 v _252_/X (sky130_fd_sc_hd__buf_4)
                                         _183_ (net)
                  0.08    0.01    2.43 v _276_/A1 (sky130_fd_sc_hd__a21oi_2)
     2    0.04    0.37    0.34    2.77 ^ _276_/Y (sky130_fd_sc_hd__a21oi_2)
                                         _206_ (net)
                  0.37    0.00    2.77 ^ _278_/A1 (sky130_fd_sc_hd__o21a_1)
     2    0.02    0.14    0.18    2.95 ^ _278_/X (sky130_fd_sc_hd__o21a_1)
                                         _208_ (net)
                  0.14    0.00    2.95 ^ _301_/B1 (sky130_fd_sc_hd__a21o_1)
     2    0.00    0.04    0.07    3.02 ^ _301_/X (sky130_fd_sc_hd__a21o_1)
                                         _230_ (net)
                  0.04    0.00    3.02 ^ rebuffer23/A (sky130_fd_sc_hd__dlygate4sd1_1)
     2    0.02    0.13    0.20    3.22 ^ rebuffer23/X (sky130_fd_sc_hd__dlygate4sd1_1)
                                         net50 (net)
                  0.13    0.00    3.22 ^ rebuffer24/A (sky130_fd_sc_hd__dlygate4sd1_1)
     1    0.00    0.04    0.15    3.37 ^ rebuffer24/X (sky130_fd_sc_hd__dlygate4sd1_1)
                                         net51 (net)
                  0.04    0.00    3.37 ^ _302_/B (sky130_fd_sc_hd__nand2_1)
     1    0.01    0.07    0.05    3.42 v _302_/Y (sky130_fd_sc_hd__nand2_1)
                                         _231_ (net)
                  0.07    0.00    3.42 v _308_/A1 (sky130_fd_sc_hd__a211o_1)
     1    0.01    0.05    0.20    3.62 v _308_/X (sky130_fd_sc_hd__a211o_1)
                                         _237_ (net)
                  0.05    0.00    3.62 v _309_/B2 (sky130_fd_sc_hd__o2bb2a_1)
     1    0.02    0.10    0.25    3.87 v _309_/X (sky130_fd_sc_hd__o2bb2a_1)
                                         net22 (net)
                  0.10    0.00    3.87 v output22/A (sky130_fd_sc_hd__buf_2)
     1    0.03    0.06    0.15    4.03 v output22/X (sky130_fd_sc_hd__buf_2)
                                         OUT[2] (net)
                  0.06    0.00    4.03 v OUT[2] (out)
                                  4.03   data arrival time

                  0.00   10.00   10.00   clock __VIRTUAL_CLK__ (rise edge)
                          0.00   10.00   clock network delay (ideal)
                         -0.25    9.75   clock uncertainty
                          0.00    9.75   clock reconvergence pessimism
                         -2.00    7.75   output external delay
                                  7.75   data required time
-----------------------------------------------------------------------------
                                  7.75   data required time
                                 -4.03   data arrival time
-----------------------------------------------------------------------------
                                  3.72   slack (MET)


Startpoint: B[0] (input port clocked by __VIRTUAL_CLK__)
Endpoint: OUT[1] (output port clocked by __VIRTUAL_CLK__)
Path Group: __VIRTUAL_CLK__
Path Type: max
Corner: Fastest

Fanout     Cap    Slew   Delay    Time   Description
-----------------------------------------------------------------------------
                  0.00    0.00    0.00   clock __VIRTUAL_CLK__ (rise edge)
                          0.00    0.00   clock network delay (ideal)
                          2.00    2.00 v input external delay
     1    0.00    0.01    0.00    2.00 v B[0] (in)
                                         B[0] (net)
                  0.01    0.00    2.00 v input9/A (sky130_fd_sc_hd__buf_4)
     6    0.07    0.07    0.13    2.13 v input9/X (sky130_fd_sc_hd__buf_4)
                                         net9 (net)
                  0.07    0.01    2.14 v _251_/A (sky130_fd_sc_hd__buf_12)
     5    0.07    0.04    0.12    2.27 v _251_/X (sky130_fd_sc_hd__buf_12)
                                         _182_ (net)
                  0.04    0.00    2.27 v _252_/A (sky130_fd_sc_hd__buf_4)
    10    0.09    0.08    0.16    2.43 v _252_/X (sky130_fd_sc_hd__buf_4)
                                         _183_ (net)
                  0.08    0.01    2.43 v _276_/A1 (sky130_fd_sc_hd__a21oi_2)
     2    0.04    0.37    0.34    2.77 ^ _276_/Y (sky130_fd_sc_hd__a21oi_2)
                                         _206_ (net)
                  0.37    0.00    2.77 ^ _279_/B (sky130_fd_sc_hd__or3_4)
     2    0.03    0.07    0.15    2.92 ^ _279_/X (sky130_fd_sc_hd__or3_4)
                                         _209_ (net)
                  0.07    0.00    2.93 ^ _280_/B_N (sky130_fd_sc_hd__or2b_1)
     1    0.01    0.05    0.16    3.09 v _280_/X (sky130_fd_sc_hd__or2b_1)
                                         _210_ (net)
                  0.05    0.00    3.09 v _281_/B (sky130_fd_sc_hd__xnor2_1)
     1    0.01    0.09    0.13    3.22 v _281_/Y (sky130_fd_sc_hd__xnor2_1)
                                         _211_ (net)
                  0.09    0.00    3.22 v _286_/A2 (sky130_fd_sc_hd__a211o_1)
     1    0.01    0.06    0.23    3.45 v _286_/X (sky130_fd_sc_hd__a211o_1)
                                         _216_ (net)
                  0.06    0.00    3.45 v _287_/B2 (sky130_fd_sc_hd__o2bb2a_1)
     1    0.02    0.08    0.24    3.69 v _287_/X (sky130_fd_sc_hd__o2bb2a_1)
                                         net21 (net)
                  0.08    0.00    3.69 v output21/A (sky130_fd_sc_hd__buf_2)
     1    0.03    0.06    0.15    3.84 v output21/X (sky130_fd_sc_hd__buf_2)
                                         OUT[1] (net)
                  0.06    0.00    3.84 v OUT[1] (out)
                                  3.84   data arrival time

                  0.00   10.00   10.00   clock __VIRTUAL_CLK__ (rise edge)
                          0.00   10.00   clock network delay (ideal)
                         -0.25    9.75   clock uncertainty
                          0.00    9.75   clock reconvergence pessimism
                         -2.00    7.75   output external delay
                                  7.75   data required time
-----------------------------------------------------------------------------
                                  7.75   data required time
                                 -3.84   data arrival time
-----------------------------------------------------------------------------
                                  3.91   slack (MET)


Startpoint: opcode[1] (input port clocked by __VIRTUAL_CLK__)
Endpoint: OUT[0] (output port clocked by __VIRTUAL_CLK__)
Path Group: __VIRTUAL_CLK__
Path Type: max
Corner: Fastest

Fanout     Cap    Slew   Delay    Time   Description
-----------------------------------------------------------------------------
                  0.00    0.00    0.00   clock __VIRTUAL_CLK__ (rise edge)
                          0.00    0.00   clock network delay (ideal)
                          2.00    2.00 v input external delay
     1    0.00    0.00    0.00    2.00 v opcode[1] (in)
                                         opcode[1] (net)
                  0.00    0.00    2.00 v input18/A (sky130_fd_sc_hd__clkbuf_4)
     5    0.07    0.10    0.15    2.15 v input18/X (sky130_fd_sc_hd__clkbuf_4)
                                         net18 (net)
                  0.10    0.00    2.16 v _249_/B (sky130_fd_sc_hd__or2_4)
     5    0.05    0.08    0.23    2.39 v _249_/X (sky130_fd_sc_hd__or2_4)
                                         _180_ (net)
                  0.08    0.00    2.39 v _258_/B (sky130_fd_sc_hd__nor2_4)
     8    0.06    0.28    0.25    2.64 ^ _258_/Y (sky130_fd_sc_hd__nor2_4)
                                         _189_ (net)
                  0.28    0.00    2.64 ^ _260_/A1 (sky130_fd_sc_hd__o211a_1)
     1    0.02    0.14    0.20    2.85 ^ _260_/X (sky130_fd_sc_hd__o211a_1)
                                         _191_ (net)
                  0.14    0.00    2.85 ^ _261_/B1 (sky130_fd_sc_hd__a31o_1)
     1    0.02    0.12    0.13    2.98 ^ _261_/X (sky130_fd_sc_hd__a31o_1)
                                         _192_ (net)
                  0.12    0.00    2.98 ^ _262_/B2 (sky130_fd_sc_hd__a2bb2o_1)
     2    0.02    0.19    0.22    3.20 ^ _262_/X (sky130_fd_sc_hd__a2bb2o_1)
                                         net20 (net)
                  0.19    0.00    3.20 ^ output20/A (sky130_fd_sc_hd__buf_2)
     1    0.03    0.13    0.17    3.37 ^ output20/X (sky130_fd_sc_hd__buf_2)
                                         OUT[0] (net)
                  0.13    0.00    3.37 ^ OUT[0] (out)
                                  3.37   data arrival time

                  0.00   10.00   10.00   clock __VIRTUAL_CLK__ (rise edge)
                          0.00   10.00   clock network delay (ideal)
                         -0.25    9.75   clock uncertainty
                          0.00    9.75   clock reconvergence pessimism
                         -2.00    7.75   output external delay
                                  7.75   data required time
-----------------------------------------------------------------------------
                                  7.75   data required time
                                 -3.37   data arrival time
-----------------------------------------------------------------------------
                                  4.38   slack (MET)



worst slack corner Fastest: 2.9179
======================= Slowest Corner ===================================

Startpoint: A[2] (input port clocked by __VIRTUAL_CLK__)
Endpoint: OUT[7] (output port clocked by __VIRTUAL_CLK__)
Path Group: __VIRTUAL_CLK__
Path Type: max
Corner: Slowest

Fanout     Cap    Slew   Delay    Time   Description
-----------------------------------------------------------------------------
                  0.00    0.00    0.00   clock __VIRTUAL_CLK__ (rise edge)
                          0.00    0.00   clock network delay (ideal)
                          2.00    2.00 ^ input external delay
     1    0.00    0.04    0.02    2.02 ^ A[2] (in)
                                         A[2] (net)
                  0.04    0.00    2.02 ^ input3/A (sky130_fd_sc_hd__buf_4)
     8    0.08    0.35    0.41    2.43 ^ input3/X (sky130_fd_sc_hd__buf_4)
                                         net3 (net)
                  0.35    0.01    2.44 ^ _288_/A (sky130_fd_sc_hd__buf_4)
    10    0.08    0.37    0.57    3.01 ^ _288_/X (sky130_fd_sc_hd__buf_4)
                                         _217_ (net)
                  0.37    0.00    3.01 ^ _292_/B1 (sky130_fd_sc_hd__a22o_1)
     2    0.03    0.44    0.66    3.67 ^ _292_/X (sky130_fd_sc_hd__a22o_1)
                                         _221_ (net)
                  0.44    0.00    3.67 ^ _328_/A3 (sky130_fd_sc_hd__a31o_1)
     2    0.02    0.31    0.62    4.29 ^ _328_/X (sky130_fd_sc_hd__a31o_1)
                                         _008_ (net)
                  0.31    0.00    4.29 ^ _329_/C (sky130_fd_sc_hd__and3_1)
     2    0.02    0.32    0.60    4.89 ^ _329_/X (sky130_fd_sc_hd__and3_1)
                                         _009_ (net)
                  0.32    0.00    4.89 ^ _331_/A_N (sky130_fd_sc_hd__and2b_1)
     1    0.02    0.21    0.61    5.51 v _331_/X (sky130_fd_sc_hd__and2b_1)
                                         _011_ (net)
                  0.21    0.00    5.51 v _332_/B (sky130_fd_sc_hd__xnor2_2)
     2    0.02    0.47    0.50    6.01 ^ _332_/Y (sky130_fd_sc_hd__xnor2_2)
                                         _012_ (net)
                  0.47    0.00    6.02 ^ _333_/B (sky130_fd_sc_hd__nand2_2)
     3    0.05    0.41    0.53    6.54 v _333_/Y (sky130_fd_sc_hd__nand2_2)
                                         _013_ (net)
                  0.41    0.00    6.54 v _359_/A_N (sky130_fd_sc_hd__nand3b_4)
     4    0.06    0.43    0.72    7.26 v _359_/Y (sky130_fd_sc_hd__nand3b_4)
                                         _038_ (net)
                  0.43    0.01    7.27 v _438_/A1 (sky130_fd_sc_hd__a2111oi_4)
     3    0.03    0.88    1.09    8.36 ^ _438_/Y (sky130_fd_sc_hd__a2111oi_4)
                                         _115_ (net)
                  0.88    0.00    8.36 ^ _497_/B1 (sky130_fd_sc_hd__a21oi_2)
     1    0.03    0.26    0.41    8.77 v _497_/Y (sky130_fd_sc_hd__a21oi_2)
                                         _173_ (net)
                  0.26    0.00    8.77 v _498_/A1 (sky130_fd_sc_hd__o21a_1)
     1    0.02    0.17    0.54    9.32 v _498_/X (sky130_fd_sc_hd__o21a_1)
                                         _174_ (net)
                  0.17    0.00    9.32 v _503_/A3 (sky130_fd_sc_hd__o32a_4)
     1    0.02    0.16    0.68   10.00 v _503_/X (sky130_fd_sc_hd__o32a_4)
                                         net27 (net)
                  0.16    0.00   10.00 v output27/A (sky130_fd_sc_hd__buf_8)
     1    0.03    0.07    0.29   10.30 v output27/X (sky130_fd_sc_hd__buf_8)
                                         OUT[7] (net)
                  0.07    0.00   10.30 v OUT[7] (out)
                                 10.30   data arrival time

                  0.00   10.00   10.00   clock __VIRTUAL_CLK__ (rise edge)
                          0.00   10.00   clock network delay (ideal)
                         -0.25    9.75   clock uncertainty
                          0.00    9.75   clock reconvergence pessimism
                         -2.00    7.75   output external delay
                                  7.75   data required time
-----------------------------------------------------------------------------
                                  7.75   data required time
                                -10.30   data arrival time
-----------------------------------------------------------------------------
                                 -2.55   slack (VIOLATED)


Startpoint: B[0] (input port clocked by __VIRTUAL_CLK__)
Endpoint: OUT[5] (output port clocked by __VIRTUAL_CLK__)
Path Group: __VIRTUAL_CLK__
Path Type: max
Corner: Slowest

Fanout     Cap    Slew   Delay    Time   Description
-----------------------------------------------------------------------------
                  0.00    0.00    0.00   clock __VIRTUAL_CLK__ (rise edge)
                          0.00    0.00   clock network delay (ideal)
                          2.00    2.00 ^ input external delay
     1    0.00    0.04    0.02    2.02 ^ B[0] (in)
                                         B[0] (net)
                  0.04    0.00    2.02 ^ input9/A (sky130_fd_sc_hd__buf_4)
     6    0.08    0.34    0.41    2.43 ^ input9/X (sky130_fd_sc_hd__buf_4)
                                         net9 (net)
                  0.34    0.01    2.44 ^ _347_/D (sky130_fd_sc_hd__and4_4)
     3    0.03    0.21    0.75    3.19 ^ _347_/X (sky130_fd_sc_hd__and4_4)
                                         _026_ (net)
                  0.21    0.00    3.19 ^ rebuffer19/A (sky130_fd_sc_hd__dlymetal6s2s_1)
     1    0.01    0.24    0.37    3.56 ^ rebuffer19/X (sky130_fd_sc_hd__dlymetal6s2s_1)
                                         net46 (net)
                  0.24    0.00    3.56 ^ _350_/A1 (sky130_fd_sc_hd__o21ai_2)
     2    0.03    0.28    0.34    3.90 v _350_/Y (sky130_fd_sc_hd__o21ai_2)
                                         _029_ (net)
                  0.28    0.00    3.90 v _353_/A2 (sky130_fd_sc_hd__a21o_1)
     2    0.02    0.17    0.54    4.44 v _353_/X (sky130_fd_sc_hd__a21o_1)
                                         _032_ (net)
                  0.17    0.00    4.44 v _397_/A1 (sky130_fd_sc_hd__a21o_4)
     3    0.04    0.12    0.51    4.96 v _397_/X (sky130_fd_sc_hd__a21o_4)
                                         _075_ (net)
                  0.12    0.00    4.96 v _398_/A (sky130_fd_sc_hd__and3_1)
     2    0.02    0.21    0.48    5.43 v _398_/X (sky130_fd_sc_hd__and3_1)
                                         _076_ (net)
                  0.21    0.00    5.44 v _401_/C (sky130_fd_sc_hd__or3_4)
     4    0.03    0.18    0.85    6.29 v _401_/X (sky130_fd_sc_hd__or3_4)
                                         _079_ (net)
                  0.18    0.00    6.29 v rebuffer1/A (sky130_fd_sc_hd__dlymetal6s4s_1)
     1    0.01    0.12    0.66    6.95 v rebuffer1/X (sky130_fd_sc_hd__dlymetal6s4s_1)
                                         net28 (net)
                  0.12    0.00    6.95 v _402_/B (sky130_fd_sc_hd__nand2_4)
     3    0.05    0.28    0.29    7.24 ^ _402_/Y (sky130_fd_sc_hd__nand2_4)
                                         _080_ (net)
                  0.28    0.00    7.24 ^ _403_/B1 (sky130_fd_sc_hd__a21o_1)
     2    0.03    0.38    0.47    7.72 ^ _403_/X (sky130_fd_sc_hd__a21o_1)
                                         _081_ (net)
                  0.38    0.00    7.72 ^ _408_/A2 (sky130_fd_sc_hd__a31o_1)
     1    0.03    0.49    0.74    8.46 ^ _408_/X (sky130_fd_sc_hd__a31o_1)
                                         _086_ (net)
                  0.49    0.00    8.46 ^ _409_/B1 (sky130_fd_sc_hd__a21oi_1)
     1    0.01    0.22    0.29    8.75 v _409_/Y (sky130_fd_sc_hd__a21oi_1)
                                         _087_ (net)
                  0.22    0.00    8.75 v _410_/B1 (sky130_fd_sc_hd__a21oi_1)
     1    0.02    0.81    0.76    9.51 ^ _410_/Y (sky130_fd_sc_hd__a21oi_1)
                                         net25 (net)
                  0.81    0.00    9.51 ^ output25/A (sky130_fd_sc_hd__buf_2)
     1    0.03    0.28    0.65   10.16 ^ output25/X (sky130_fd_sc_hd__buf_2)
                                         OUT[5] (net)
                  0.28    0.00   10.16 ^ OUT[5] (out)
                                 10.16   data arrival time

                  0.00   10.00   10.00   clock __VIRTUAL_CLK__ (rise edge)
                          0.00   10.00   clock network delay (ideal)
                         -0.25    9.75   clock uncertainty
                          0.00    9.75   clock reconvergence pessimism
                         -2.00    7.75   output external delay
                                  7.75   data required time
-----------------------------------------------------------------------------
                                  7.75   data required time
                                -10.16   data arrival time
-----------------------------------------------------------------------------
                                 -2.41   slack (VIOLATED)


Startpoint: A[2] (input port clocked by __VIRTUAL_CLK__)
Endpoint: OUT[6] (output port clocked by __VIRTUAL_CLK__)
Path Group: __VIRTUAL_CLK__
Path Type: max
Corner: Slowest

Fanout     Cap    Slew   Delay    Time   Description
-----------------------------------------------------------------------------
                  0.00    0.00    0.00   clock __VIRTUAL_CLK__ (rise edge)
                          0.00    0.00   clock network delay (ideal)
                          2.00    2.00 ^ input external delay
     1    0.00    0.04    0.02    2.02 ^ A[2] (in)
                                         A[2] (net)
                  0.04    0.00    2.02 ^ input3/A (sky130_fd_sc_hd__buf_4)
     8    0.08    0.35    0.41    2.43 ^ input3/X (sky130_fd_sc_hd__buf_4)
                                         net3 (net)
                  0.35    0.01    2.44 ^ _288_/A (sky130_fd_sc_hd__buf_4)
    10    0.08    0.37    0.57    3.01 ^ _288_/X (sky130_fd_sc_hd__buf_4)
                                         _217_ (net)
                  0.37    0.00    3.01 ^ _292_/B1 (sky130_fd_sc_hd__a22o_1)
     2    0.03    0.44    0.66    3.67 ^ _292_/X (sky130_fd_sc_hd__a22o_1)
                                         _221_ (net)
                  0.44    0.00    3.67 ^ _328_/A3 (sky130_fd_sc_hd__a31o_1)
     2    0.02    0.31    0.62    4.29 ^ _328_/X (sky130_fd_sc_hd__a31o_1)
                                         _008_ (net)
                  0.31    0.00    4.29 ^ _329_/C (sky130_fd_sc_hd__and3_1)
     2    0.02    0.32    0.60    4.89 ^ _329_/X (sky130_fd_sc_hd__and3_1)
                                         _009_ (net)
                  0.32    0.00    4.89 ^ _331_/A_N (sky130_fd_sc_hd__and2b_1)
     1    0.02    0.21    0.61    5.51 v _331_/X (sky130_fd_sc_hd__and2b_1)
                                         _011_ (net)
                  0.21    0.00    5.51 v _332_/B (sky130_fd_sc_hd__xnor2_2)
     2    0.02    0.47    0.50    6.01 ^ _332_/Y (sky130_fd_sc_hd__xnor2_2)
                                         _012_ (net)
                  0.47    0.00    6.02 ^ _333_/B (sky130_fd_sc_hd__nand2_2)
     3    0.05    0.41    0.53    6.54 v _333_/Y (sky130_fd_sc_hd__nand2_2)
                                         _013_ (net)
                  0.41    0.00    6.54 v _359_/A_N (sky130_fd_sc_hd__nand3b_4)
     4    0.06    0.43    0.72    7.26 v _359_/Y (sky130_fd_sc_hd__nand3b_4)
                                         _038_ (net)
                  0.43    0.00    7.27 v _403_/A2 (sky130_fd_sc_hd__a21o_1)
     2    0.03    0.25    0.66    7.93 v _403_/X (sky130_fd_sc_hd__a21o_1)
                                         _081_ (net)
                  0.25    0.00    7.93 v _440_/A1 (sky130_fd_sc_hd__a21bo_1)
     1    0.01    0.14    0.48    8.41 v _440_/X (sky130_fd_sc_hd__a21bo_1)
                                         _117_ (net)
                  0.14    0.00    8.41 v _441_/B (sky130_fd_sc_hd__or2_1)
     1    0.03    0.32    0.75    9.16 v _441_/X (sky130_fd_sc_hd__or2_1)
                                         _118_ (net)
                  0.32    0.00    9.16 v _453_/B1 (sky130_fd_sc_hd__a22oi_1)
     1    0.00    0.26    0.35    9.51 ^ _453_/Y (sky130_fd_sc_hd__a22oi_1)
                                         net26 (net)
                  0.26    0.00    9.51 ^ output26/A (sky130_fd_sc_hd__buf_2)
     1    0.03    0.28    0.45    9.96 ^ output26/X (sky130_fd_sc_hd__buf_2)
                                         OUT[6] (net)
                  0.28    0.00    9.96 ^ OUT[6] (out)
                                  9.96   data arrival time

                  0.00   10.00   10.00   clock __VIRTUAL_CLK__ (rise edge)
                          0.00   10.00   clock network delay (ideal)
                         -0.25    9.75   clock uncertainty
                          0.00    9.75   clock reconvergence pessimism
                         -2.00    7.75   output external delay
                                  7.75   data required time
-----------------------------------------------------------------------------
                                  7.75   data required time
                                 -9.96   data arrival time
-----------------------------------------------------------------------------
                                 -2.21   slack (VIOLATED)


Startpoint: B[0] (input port clocked by __VIRTUAL_CLK__)
Endpoint: OUT[4] (output port clocked by __VIRTUAL_CLK__)
Path Group: __VIRTUAL_CLK__
Path Type: max
Corner: Slowest

Fanout     Cap    Slew   Delay    Time   Description
-----------------------------------------------------------------------------
                  0.00    0.00    0.00   clock __VIRTUAL_CLK__ (rise edge)
                          0.00    0.00   clock network delay (ideal)
                          2.00    2.00 ^ input external delay
     1    0.00    0.04    0.02    2.02 ^ B[0] (in)
                                         B[0] (net)
                  0.04    0.00    2.02 ^ input9/A (sky130_fd_sc_hd__buf_4)
     6    0.08    0.34    0.41    2.43 ^ input9/X (sky130_fd_sc_hd__buf_4)
                                         net9 (net)
                  0.34    0.01    2.44 ^ _251_/A (sky130_fd_sc_hd__buf_12)
     5    0.07    0.14    0.37    2.80 ^ _251_/X (sky130_fd_sc_hd__buf_12)
                                         _182_ (net)
                  0.14    0.00    2.81 ^ _252_/A (sky130_fd_sc_hd__buf_4)
    10    0.09    0.39    0.50    3.31 ^ _252_/X (sky130_fd_sc_hd__buf_4)
                                         _183_ (net)
                  0.39    0.00    3.31 ^ _298_/A1 (sky130_fd_sc_hd__o21a_2)
     3    0.05    0.45    0.71    4.02 ^ _298_/X (sky130_fd_sc_hd__o21a_2)
                                         _227_ (net)
                  0.45    0.00    4.02 ^ _314_/B1 (sky130_fd_sc_hd__a211oi_2)
     2    0.02    0.20    0.28    4.30 v _314_/Y (sky130_fd_sc_hd__a211oi_2)
                                         _242_ (net)
                  0.20    0.00    4.30 v _317_/B (sky130_fd_sc_hd__or3_2)
     3    0.02    0.28    1.35    5.65 v _317_/X (sky130_fd_sc_hd__or3_2)
                                         _245_ (net)
                  0.28    0.00    5.65 v _366_/A2 (sky130_fd_sc_hd__a21bo_1)
     3    0.03    0.31    0.67    6.32 v _366_/X (sky130_fd_sc_hd__a21bo_1)
                                         _045_ (net)
                  0.31    0.00    6.33 v _368_/B (sky130_fd_sc_hd__or2_1)
     2    0.03    0.36    0.86    7.19 v _368_/X (sky130_fd_sc_hd__or2_1)
                                         _047_ (net)
                  0.36    0.00    7.19 v _372_/A3 (sky130_fd_sc_hd__a31o_1)
     1    0.03    0.28    0.74    7.93 v _372_/X (sky130_fd_sc_hd__a31o_1)
                                         _051_ (net)
                  0.28    0.00    7.93 v _373_/B2 (sky130_fd_sc_hd__o2bb2a_1)
     1    0.02    0.25    0.91    8.84 v _373_/X (sky130_fd_sc_hd__o2bb2a_1)
                                         net24 (net)
                  0.25    0.00    8.85 v output24/A (sky130_fd_sc_hd__buf_2)
     1    0.03    0.17    0.45    9.30 v output24/X (sky130_fd_sc_hd__buf_2)
                                         OUT[4] (net)
                  0.17    0.00    9.30 v OUT[4] (out)
                                  9.30   data arrival time

                  0.00   10.00   10.00   clock __VIRTUAL_CLK__ (rise edge)
                          0.00   10.00   clock network delay (ideal)
                         -0.25    9.75   clock uncertainty
                          0.00    9.75   clock reconvergence pessimism
                         -2.00    7.75   output external delay
                                  7.75   data required time
-----------------------------------------------------------------------------
                                  7.75   data required time
                                 -9.30   data arrival time
-----------------------------------------------------------------------------
                                 -1.55   slack (VIOLATED)


Startpoint: A[2] (input port clocked by __VIRTUAL_CLK__)
Endpoint: OUT[3] (output port clocked by __VIRTUAL_CLK__)
Path Group: __VIRTUAL_CLK__
Path Type: max
Corner: Slowest

Fanout     Cap    Slew   Delay    Time   Description
-----------------------------------------------------------------------------
                  0.00    0.00    0.00   clock __VIRTUAL_CLK__ (rise edge)
                          0.00    0.00   clock network delay (ideal)
                          2.00    2.00 ^ input external delay
     1    0.00    0.04    0.02    2.02 ^ A[2] (in)
                                         A[2] (net)
                  0.04    0.00    2.02 ^ input3/A (sky130_fd_sc_hd__buf_4)
     8    0.08    0.35    0.41    2.43 ^ input3/X (sky130_fd_sc_hd__buf_4)
                                         net3 (net)
                  0.35    0.01    2.44 ^ _288_/A (sky130_fd_sc_hd__buf_4)
    10    0.08    0.37    0.57    3.01 ^ _288_/X (sky130_fd_sc_hd__buf_4)
                                         _217_ (net)
                  0.37    0.00    3.01 ^ _292_/B1 (sky130_fd_sc_hd__a22o_1)
     2    0.03    0.44    0.66    3.67 ^ _292_/X (sky130_fd_sc_hd__a22o_1)
                                         _221_ (net)
                  0.44    0.00    3.67 ^ _328_/A3 (sky130_fd_sc_hd__a31o_1)
     2    0.02    0.31    0.62    4.29 ^ _328_/X (sky130_fd_sc_hd__a31o_1)
                                         _008_ (net)
                  0.31    0.00    4.29 ^ _329_/C (sky130_fd_sc_hd__and3_1)
     2    0.02    0.32    0.60    4.89 ^ _329_/X (sky130_fd_sc_hd__and3_1)
                                         _009_ (net)
                  0.32    0.00    4.89 ^ _331_/A_N (sky130_fd_sc_hd__and2b_1)
     1    0.02    0.21    0.61    5.51 v _331_/X (sky130_fd_sc_hd__and2b_1)
                                         _011_ (net)
                  0.21    0.00    5.51 v _332_/B (sky130_fd_sc_hd__xnor2_2)
     2    0.02    0.47    0.50    6.01 ^ _332_/Y (sky130_fd_sc_hd__xnor2_2)
                                         _012_ (net)
                  0.47    0.00    6.02 ^ _333_/B (sky130_fd_sc_hd__nand2_2)
     3    0.05    0.41    0.53    6.54 v _333_/Y (sky130_fd_sc_hd__nand2_2)
                                         _013_ (net)
                  0.41    0.00    6.54 v _338_/A2 (sky130_fd_sc_hd__a31o_1)
     1    0.02    0.22    0.70    7.24 v _338_/X (sky130_fd_sc_hd__a31o_1)
                                         _018_ (net)
                  0.22    0.00    7.24 v _339_/B2 (sky130_fd_sc_hd__o2bb2a_1)
     1    0.01    0.21    0.84    8.08 v _339_/X (sky130_fd_sc_hd__o2bb2a_1)
                                         net23 (net)
                  0.21    0.00    8.08 v output23/A (sky130_fd_sc_hd__buf_2)
     1    0.03    0.17    0.43    8.52 v output23/X (sky130_fd_sc_hd__buf_2)
                                         OUT[3] (net)
                  0.17    0.00    8.52 v OUT[3] (out)
                                  8.52   data arrival time

                  0.00   10.00   10.00   clock __VIRTUAL_CLK__ (rise edge)
                          0.00   10.00   clock network delay (ideal)
                         -0.25    9.75   clock uncertainty
                          0.00    9.75   clock reconvergence pessimism
                         -2.00    7.75   output external delay
                                  7.75   data required time
-----------------------------------------------------------------------------
                                  7.75   data required time
                                 -8.52   data arrival time
-----------------------------------------------------------------------------
                                 -0.77   slack (VIOLATED)


Startpoint: B[0] (input port clocked by __VIRTUAL_CLK__)
Endpoint: OUT[2] (output port clocked by __VIRTUAL_CLK__)
Path Group: __VIRTUAL_CLK__
Path Type: max
Corner: Slowest

Fanout     Cap    Slew   Delay    Time   Description
-----------------------------------------------------------------------------
                  0.00    0.00    0.00   clock __VIRTUAL_CLK__ (rise edge)
                          0.00    0.00   clock network delay (ideal)
                          2.00    2.00 ^ input external delay
     1    0.00    0.04    0.02    2.02 ^ B[0] (in)
                                         B[0] (net)
                  0.04    0.00    2.02 ^ input9/A (sky130_fd_sc_hd__buf_4)
     6    0.08    0.34    0.41    2.43 ^ input9/X (sky130_fd_sc_hd__buf_4)
                                         net9 (net)
                  0.34    0.01    2.44 ^ _251_/A (sky130_fd_sc_hd__buf_12)
     5    0.07    0.14    0.37    2.80 ^ _251_/X (sky130_fd_sc_hd__buf_12)
                                         _182_ (net)
                  0.14    0.00    2.81 ^ _252_/A (sky130_fd_sc_hd__buf_4)
    10    0.09    0.39    0.50    3.31 ^ _252_/X (sky130_fd_sc_hd__buf_4)
                                         _183_ (net)
                  0.39    0.01    3.31 ^ _276_/A1 (sky130_fd_sc_hd__a21oi_2)
     2    0.04    0.34    0.46    3.77 v _276_/Y (sky130_fd_sc_hd__a21oi_2)
                                         _206_ (net)
                  0.34    0.00    3.77 v _279_/B (sky130_fd_sc_hd__or3_4)
     2    0.02    0.18    0.97    4.74 v _279_/X (sky130_fd_sc_hd__or3_4)
                                         _209_ (net)
                  0.18    0.00    4.74 v _301_/A1 (sky130_fd_sc_hd__a21o_1)
     2    0.00    0.07    0.36    5.10 v _301_/X (sky130_fd_sc_hd__a21o_1)
                                         _230_ (net)
                  0.07    0.00    5.10 v rebuffer23/A (sky130_fd_sc_hd__dlygate4sd1_1)
     2    0.02    0.17    0.61    5.71 v rebuffer23/X (sky130_fd_sc_hd__dlygate4sd1_1)
                                         net50 (net)
                  0.17    0.00    5.71 v _303_/A2 (sky130_fd_sc_hd__o21a_1)
     1    0.00    0.07    0.37    6.08 v _303_/X (sky130_fd_sc_hd__o21a_1)
                                         _232_ (net)
                  0.07    0.00    6.08 v _308_/A2 (sky130_fd_sc_hd__a211o_1)
     1    0.01    0.14    0.63    6.72 v _308_/X (sky130_fd_sc_hd__a211o_1)
                                         _237_ (net)
                  0.14    0.00    6.72 v _309_/B2 (sky130_fd_sc_hd__o2bb2a_1)
     1    0.02    0.28    0.87    7.59 v _309_/X (sky130_fd_sc_hd__o2bb2a_1)
                                         net22 (net)
                  0.28    0.00    7.59 v output22/A (sky130_fd_sc_hd__buf_2)
     1    0.03    0.17    0.47    8.06 v output22/X (sky130_fd_sc_hd__buf_2)
                                         OUT[2] (net)
                  0.17    0.00    8.06 v OUT[2] (out)
                                  8.06   data arrival time

                  0.00   10.00   10.00   clock __VIRTUAL_CLK__ (rise edge)
                          0.00   10.00   clock network delay (ideal)
                         -0.25    9.75   clock uncertainty
                          0.00    9.75   clock reconvergence pessimism
                         -2.00    7.75   output external delay
                                  7.75   data required time
-----------------------------------------------------------------------------
                                  7.75   data required time
                                 -8.06   data arrival time
-----------------------------------------------------------------------------
                                 -0.31   slack (VIOLATED)


Startpoint: B[0] (input port clocked by __VIRTUAL_CLK__)
Endpoint: OUT[1] (output port clocked by __VIRTUAL_CLK__)
Path Group: __VIRTUAL_CLK__
Path Type: max
Corner: Slowest

Fanout     Cap    Slew   Delay    Time   Description
-----------------------------------------------------------------------------
                  0.00    0.00    0.00   clock __VIRTUAL_CLK__ (rise edge)
                          0.00    0.00   clock network delay (ideal)
                          2.00    2.00 v input external delay
     1    0.00    0.02    0.01    2.01 v B[0] (in)
                                         B[0] (net)
                  0.02    0.00    2.01 v input9/A (sky130_fd_sc_hd__buf_4)
     6    0.07    0.18    0.36    2.37 v input9/X (sky130_fd_sc_hd__buf_4)
                                         net9 (net)
                  0.18    0.01    2.38 v _251_/A (sky130_fd_sc_hd__buf_12)
     5    0.07    0.08    0.34    2.72 v _251_/X (sky130_fd_sc_hd__buf_12)
                                         _182_ (net)
                  0.08    0.00    2.72 v _252_/A (sky130_fd_sc_hd__buf_4)
    10    0.09    0.21    0.42    3.14 v _252_/X (sky130_fd_sc_hd__buf_4)
                                         _183_ (net)
                  0.21    0.01    3.15 v _276_/A1 (sky130_fd_sc_hd__a21oi_2)
     2    0.04    0.81    0.81    3.95 ^ _276_/Y (sky130_fd_sc_hd__a21oi_2)
                                         _206_ (net)
                  0.81    0.00    3.95 ^ _279_/B (sky130_fd_sc_hd__or3_4)
     2    0.03    0.14    0.60    4.55 ^ _279_/X (sky130_fd_sc_hd__or3_4)
                                         _209_ (net)
                  0.14    0.00    4.55 ^ _280_/B_N (sky130_fd_sc_hd__or2b_1)
     1    0.01    0.14    0.61    5.17 v _280_/X (sky130_fd_sc_hd__or2b_1)
                                         _210_ (net)
                  0.14    0.00    5.17 v _281_/B (sky130_fd_sc_hd__xnor2_1)
     1    0.01    0.26    0.38    5.55 v _281_/Y (sky130_fd_sc_hd__xnor2_1)
                                         _211_ (net)
                  0.26    0.00    5.55 v _286_/A2 (sky130_fd_sc_hd__a211o_1)
     1    0.01    0.14    0.72    6.27 v _286_/X (sky130_fd_sc_hd__a211o_1)
                                         _216_ (net)
                  0.14    0.00    6.27 v _287_/B2 (sky130_fd_sc_hd__o2bb2a_1)
     1    0.02    0.23    0.83    7.10 v _287_/X (sky130_fd_sc_hd__o2bb2a_1)
                                         net21 (net)
                  0.23    0.00    7.10 v output21/A (sky130_fd_sc_hd__buf_2)
     1    0.03    0.17    0.44    7.54 v output21/X (sky130_fd_sc_hd__buf_2)
                                         OUT[1] (net)
                  0.17    0.00    7.54 v OUT[1] (out)
                                  7.54   data arrival time

                  0.00   10.00   10.00   clock __VIRTUAL_CLK__ (rise edge)
                          0.00   10.00   clock network delay (ideal)
                         -0.25    9.75   clock uncertainty
                          0.00    9.75   clock reconvergence pessimism
                         -2.00    7.75   output external delay
                                  7.75   data required time
-----------------------------------------------------------------------------
                                  7.75   data required time
                                 -7.54   data arrival time
-----------------------------------------------------------------------------
                                  0.21   slack (MET)


Startpoint: opcode[1] (input port clocked by __VIRTUAL_CLK__)
Endpoint: OUT[0] (output port clocked by __VIRTUAL_CLK__)
Path Group: __VIRTUAL_CLK__
Path Type: max
Corner: Slowest

Fanout     Cap    Slew   Delay    Time   Description
-----------------------------------------------------------------------------
                  0.00    0.00    0.00   clock __VIRTUAL_CLK__ (rise edge)
                          0.00    0.00   clock network delay (ideal)
                          2.00    2.00 v input external delay
     1    0.00    0.02    0.01    2.01 v opcode[1] (in)
                                         opcode[1] (net)
                  0.02    0.00    2.01 v input18/A (sky130_fd_sc_hd__clkbuf_4)
     5    0.07    0.25    0.40    2.41 v input18/X (sky130_fd_sc_hd__clkbuf_4)
                                         net18 (net)
                  0.25    0.00    2.42 v _249_/B (sky130_fd_sc_hd__or2_4)
     5    0.05    0.19    0.68    3.09 v _249_/X (sky130_fd_sc_hd__or2_4)
                                         _180_ (net)
                  0.19    0.00    3.10 v _258_/B (sky130_fd_sc_hd__nor2_4)
     8    0.06    0.63    0.60    3.69 ^ _258_/Y (sky130_fd_sc_hd__nor2_4)
                                         _189_ (net)
                  0.63    0.00    3.69 ^ _260_/A1 (sky130_fd_sc_hd__o211a_1)
     1    0.02    0.30    0.72    4.42 ^ _260_/X (sky130_fd_sc_hd__o211a_1)
                                         _191_ (net)
                  0.30    0.00    4.42 ^ _261_/B1 (sky130_fd_sc_hd__a31o_1)
     1    0.02    0.26    0.42    4.83 ^ _261_/X (sky130_fd_sc_hd__a31o_1)
                                         _192_ (net)
                  0.26    0.00    4.84 ^ _262_/B2 (sky130_fd_sc_hd__a2bb2o_1)
     2    0.03    0.39    0.57    5.41 ^ _262_/X (sky130_fd_sc_hd__a2bb2o_1)
                                         net20 (net)
                  0.39    0.00    5.41 ^ output20/A (sky130_fd_sc_hd__buf_2)
     1    0.03    0.27    0.50    5.91 ^ output20/X (sky130_fd_sc_hd__buf_2)
                                         OUT[0] (net)
                  0.27    0.00    5.91 ^ OUT[0] (out)
                                  5.91   data arrival time

                  0.00   10.00   10.00   clock __VIRTUAL_CLK__ (rise edge)
                          0.00   10.00   clock network delay (ideal)
                         -0.25    9.75   clock uncertainty
                          0.00    9.75   clock reconvergence pessimism
                         -2.00    7.75   output external delay
                                  7.75   data required time
-----------------------------------------------------------------------------
                                  7.75   data required time
                                 -5.91   data arrival time
-----------------------------------------------------------------------------
                                  1.84   slack (MET)



worst slack corner Slowest: -2.5488
======================= Typical Corner ===================================

Startpoint: B[0] (input port clocked by __VIRTUAL_CLK__)
Endpoint: OUT[7] (output port clocked by __VIRTUAL_CLK__)
Path Group: __VIRTUAL_CLK__
Path Type: max
Corner: Typical

Fanout     Cap    Slew   Delay    Time   Description
-----------------------------------------------------------------------------
                  0.00    0.00    0.00   clock __VIRTUAL_CLK__ (rise edge)
                          0.00    0.00   clock network delay (ideal)
                          2.00    2.00 v input external delay
     1    0.00    0.01    0.01    2.01 v B[0] (in)
                                         B[0] (net)
                  0.01    0.00    2.01 v input9/A (sky130_fd_sc_hd__buf_4)
     6    0.07    0.10    0.20    2.20 v input9/X (sky130_fd_sc_hd__buf_4)
                                         net9 (net)
                  0.10    0.01    2.21 v _251_/A (sky130_fd_sc_hd__buf_12)
     5    0.07    0.05    0.18    2.39 v _251_/X (sky130_fd_sc_hd__buf_12)
                                         _182_ (net)
                  0.05    0.00    2.40 v _252_/A (sky130_fd_sc_hd__buf_4)
    10    0.09    0.11    0.23    2.62 v _252_/X (sky130_fd_sc_hd__buf_4)
                                         _183_ (net)
                  0.12    0.00    2.63 v _298_/A1 (sky130_fd_sc_hd__o21a_2)
     3    0.05    0.14    0.36    2.99 v _298_/X (sky130_fd_sc_hd__o21a_2)
                                         _227_ (net)
                  0.14    0.01    2.99 v _361_/A3 (sky130_fd_sc_hd__o31a_2)
     2    0.04    0.14    0.45    3.44 v _361_/X (sky130_fd_sc_hd__o31a_2)
                                         _040_ (net)
                  0.14    0.00    3.44 v _376_/B1 (sky130_fd_sc_hd__a21o_4)
     2    0.04    0.08    0.28    3.72 v _376_/X (sky130_fd_sc_hd__a21o_4)
                                         _054_ (net)
                  0.08    0.00    3.72 v _377_/B (sky130_fd_sc_hd__xnor2_2)
     3    0.04    0.55    0.48    4.20 ^ _377_/Y (sky130_fd_sc_hd__xnor2_2)
                                         _055_ (net)
                  0.55    0.00    4.20 ^ _378_/B (sky130_fd_sc_hd__and2_2)
     2    0.05    0.27    0.43    4.64 ^ _378_/X (sky130_fd_sc_hd__and2_2)
                                         _056_ (net)
                  0.27    0.00    4.64 ^ _380_/A (sky130_fd_sc_hd__nor2_2)
     2    0.03    0.11    0.16    4.80 v _380_/Y (sky130_fd_sc_hd__nor2_2)
                                         _058_ (net)
                  0.11    0.00    4.80 v _442_/A2 (sky130_fd_sc_hd__a21o_2)
     4    0.04    0.12    0.34    5.15 v _442_/X (sky130_fd_sc_hd__a21o_2)
                                         _119_ (net)
                  0.12    0.00    5.15 v _463_/A1 (sky130_fd_sc_hd__a211o_4)
     2    0.04    0.10    0.43    5.58 v _463_/X (sky130_fd_sc_hd__a211o_4)
                                         _139_ (net)
                  0.10    0.00    5.59 v _464_/B1 (sky130_fd_sc_hd__o311a_1)
     1    0.01    0.10    0.20    5.79 v _464_/X (sky130_fd_sc_hd__o311a_1)
                                         _140_ (net)
                  0.10    0.00    5.79 v _503_/A1 (sky130_fd_sc_hd__o32a_4)
     1    0.02    0.08    0.45    6.24 v _503_/X (sky130_fd_sc_hd__o32a_4)
                                         net27 (net)
                  0.08    0.00    6.24 v output27/A (sky130_fd_sc_hd__buf_8)
     1    0.03    0.04    0.16    6.40 v output27/X (sky130_fd_sc_hd__buf_8)
                                         OUT[7] (net)
                  0.04    0.00    6.40 v OUT[7] (out)
                                  6.40   data arrival time

                  0.00   10.00   10.00   clock __VIRTUAL_CLK__ (rise edge)
                          0.00   10.00   clock network delay (ideal)
                         -0.25    9.75   clock uncertainty
                          0.00    9.75   clock reconvergence pessimism
                         -2.00    7.75   output external delay
                                  7.75   data required time
-----------------------------------------------------------------------------
                                  7.75   data required time
                                 -6.40   data arrival time
-----------------------------------------------------------------------------
                                  1.35   slack (MET)


Startpoint: B[2] (input port clocked by __VIRTUAL_CLK__)
Endpoint: OUT[5] (output port clocked by __VIRTUAL_CLK__)
Path Group: __VIRTUAL_CLK__
Path Type: max
Corner: Typical

Fanout     Cap    Slew   Delay    Time   Description
-----------------------------------------------------------------------------
                  0.00    0.00    0.00   clock __VIRTUAL_CLK__ (rise edge)
                          0.00    0.00   clock network delay (ideal)
                          2.00    2.00 ^ input external delay
     1    0.00    0.02    0.01    2.01 ^ B[2] (in)
                                         B[2] (net)
                  0.02    0.00    2.01 ^ input11/A (sky130_fd_sc_hd__buf_2)
     5    0.05    0.27    0.27    2.28 ^ input11/X (sky130_fd_sc_hd__buf_2)
                                         net11 (net)
                  0.27    0.00    2.28 ^ _289_/A (sky130_fd_sc_hd__buf_6)
    10    0.09    0.19    0.27    2.55 ^ _289_/X (sky130_fd_sc_hd__buf_6)
                                         _218_ (net)
                  0.19    0.01    2.56 ^ _322_/B (sky130_fd_sc_hd__nand2_2)
     3    0.02    0.12    0.15    2.71 v _322_/Y (sky130_fd_sc_hd__nand2_2)
                                         _002_ (net)
                  0.12    0.00    2.71 v _351_/A1 (sky130_fd_sc_hd__o21bai_2)
     2    0.03    0.37    0.39    3.09 ^ _351_/Y (sky130_fd_sc_hd__o21bai_2)
                                         _030_ (net)
                  0.37    0.00    3.10 ^ _352_/C (sky130_fd_sc_hd__and3_1)
     2    0.02    0.17    0.32    3.42 ^ _352_/X (sky130_fd_sc_hd__and3_1)
                                         _031_ (net)
                  0.17    0.00    3.42 ^ _397_/B1 (sky130_fd_sc_hd__a21o_4)
     3    0.04    0.11    0.18    3.60 ^ _397_/X (sky130_fd_sc_hd__a21o_4)
                                         _075_ (net)
                  0.11    0.00    3.60 ^ rebuffer14/A (sky130_fd_sc_hd__buf_6)
     1    0.01    0.04    0.12    3.73 ^ rebuffer14/X (sky130_fd_sc_hd__buf_6)
                                         net41 (net)
                  0.04    0.00    3.73 ^ _399_/B1 (sky130_fd_sc_hd__a21oi_2)
     2    0.02    0.09    0.06    3.79 v _399_/Y (sky130_fd_sc_hd__a21oi_2)
                                         _077_ (net)
                  0.09    0.00    3.79 v _401_/B (sky130_fd_sc_hd__or3_4)
     4    0.03    0.10    0.46    4.25 v _401_/X (sky130_fd_sc_hd__or3_4)
                                         _079_ (net)
                  0.10    0.00    4.25 v rebuffer1/A (sky130_fd_sc_hd__dlymetal6s4s_1)
     1    0.01    0.06    0.31    4.56 v rebuffer1/X (sky130_fd_sc_hd__dlymetal6s4s_1)
                                         net28 (net)
                  0.06    0.00    4.56 v _402_/B (sky130_fd_sc_hd__nand2_4)
     3    0.05    0.17    0.17    4.74 ^ _402_/Y (sky130_fd_sc_hd__nand2_4)
                                         _080_ (net)
                  0.17    0.00    4.74 ^ _403_/B1 (sky130_fd_sc_hd__a21o_1)
     2    0.03    0.24    0.26    5.00 ^ _403_/X (sky130_fd_sc_hd__a21o_1)
                                         _081_ (net)
                  0.24    0.00    5.00 ^ _408_/A2 (sky130_fd_sc_hd__a31o_1)
     1    0.03    0.30    0.39    5.39 ^ _408_/X (sky130_fd_sc_hd__a31o_1)
                                         _086_ (net)
                  0.30    0.00    5.39 ^ _409_/B1 (sky130_fd_sc_hd__a21oi_1)
     1    0.01    0.12    0.12    5.52 v _409_/Y (sky130_fd_sc_hd__a21oi_1)
                                         _087_ (net)
                  0.12    0.00    5.52 v _410_/B1 (sky130_fd_sc_hd__a21oi_1)
     1    0.02    0.50    0.45    5.97 ^ _410_/Y (sky130_fd_sc_hd__a21oi_1)
                                         net25 (net)
                  0.50    0.00    5.97 ^ output25/A (sky130_fd_sc_hd__buf_2)
     1    0.03    0.17    0.32    6.29 ^ output25/X (sky130_fd_sc_hd__buf_2)
                                         OUT[5] (net)
                  0.17    0.00    6.29 ^ OUT[5] (out)
                                  6.29   data arrival time

                  0.00   10.00   10.00   clock __VIRTUAL_CLK__ (rise edge)
                          0.00   10.00   clock network delay (ideal)
                         -0.25    9.75   clock uncertainty
                          0.00    9.75   clock reconvergence pessimism
                         -2.00    7.75   output external delay
                                  7.75   data required time
-----------------------------------------------------------------------------
                                  7.75   data required time
                                 -6.29   data arrival time
-----------------------------------------------------------------------------
                                  1.46   slack (MET)


Startpoint: B[2] (input port clocked by __VIRTUAL_CLK__)
Endpoint: OUT[6] (output port clocked by __VIRTUAL_CLK__)
Path Group: __VIRTUAL_CLK__
Path Type: max
Corner: Typical

Fanout     Cap    Slew   Delay    Time   Description
-----------------------------------------------------------------------------
                  0.00    0.00    0.00   clock __VIRTUAL_CLK__ (rise edge)
                          0.00    0.00   clock network delay (ideal)
                          2.00    2.00 ^ input external delay
     1    0.00    0.02    0.01    2.01 ^ B[2] (in)
                                         B[2] (net)
                  0.02    0.00    2.01 ^ input11/A (sky130_fd_sc_hd__buf_2)
     5    0.05    0.27    0.27    2.28 ^ input11/X (sky130_fd_sc_hd__buf_2)
                                         net11 (net)
                  0.27    0.00    2.28 ^ _289_/A (sky130_fd_sc_hd__buf_6)
    10    0.09    0.19    0.27    2.55 ^ _289_/X (sky130_fd_sc_hd__buf_6)
                                         _218_ (net)
                  0.19    0.01    2.56 ^ _322_/B (sky130_fd_sc_hd__nand2_2)
     3    0.02    0.12    0.15    2.71 v _322_/Y (sky130_fd_sc_hd__nand2_2)
                                         _002_ (net)
                  0.12    0.00    2.71 v _351_/A1 (sky130_fd_sc_hd__o21bai_2)
     2    0.03    0.37    0.39    3.09 ^ _351_/Y (sky130_fd_sc_hd__o21bai_2)
                                         _030_ (net)
                  0.37    0.00    3.10 ^ _352_/C (sky130_fd_sc_hd__and3_1)
     2    0.02    0.17    0.32    3.42 ^ _352_/X (sky130_fd_sc_hd__and3_1)
                                         _031_ (net)
                  0.17    0.00    3.42 ^ _397_/B1 (sky130_fd_sc_hd__a21o_4)
     3    0.04    0.11    0.18    3.60 ^ _397_/X (sky130_fd_sc_hd__a21o_4)
                                         _075_ (net)
                  0.11    0.00    3.60 ^ rebuffer14/A (sky130_fd_sc_hd__buf_6)
     1    0.01    0.04    0.12    3.73 ^ rebuffer14/X (sky130_fd_sc_hd__buf_6)
                                         net41 (net)
                  0.04    0.00    3.73 ^ _399_/B1 (sky130_fd_sc_hd__a21oi_2)
     2    0.02    0.09    0.06    3.79 v _399_/Y (sky130_fd_sc_hd__a21oi_2)
                                         _077_ (net)
                  0.09    0.00    3.79 v _401_/B (sky130_fd_sc_hd__or3_4)
     4    0.03    0.10    0.46    4.25 v _401_/X (sky130_fd_sc_hd__or3_4)
                                         _079_ (net)
                  0.10    0.00    4.25 v rebuffer2/A (sky130_fd_sc_hd__dlymetal6s2s_1)
     1    0.01    0.07    0.21    4.45 v rebuffer2/X (sky130_fd_sc_hd__dlymetal6s2s_1)
                                         net29 (net)
                  0.07    0.00    4.45 v _436_/A1 (sky130_fd_sc_hd__a211oi_4)
     2    0.05    0.60    0.58    5.03 ^ _436_/Y (sky130_fd_sc_hd__a211oi_4)
                                         _113_ (net)
                  0.60    0.00    5.03 ^ _439_/A (sky130_fd_sc_hd__or2_1)
     1    0.02    0.21    0.32    5.36 ^ _439_/X (sky130_fd_sc_hd__or2_1)
                                         _116_ (net)
                  0.21    0.00    5.36 ^ _440_/A2 (sky130_fd_sc_hd__a21bo_1)
     1    0.01    0.11    0.21    5.56 ^ _440_/X (sky130_fd_sc_hd__a21bo_1)
                                         _117_ (net)
                  0.11    0.00    5.56 ^ _441_/B (sky130_fd_sc_hd__or2_1)
     1    0.03    0.28    0.30    5.86 ^ _441_/X (sky130_fd_sc_hd__or2_1)
                                         _118_ (net)
                  0.28    0.00    5.86 ^ _453_/B1 (sky130_fd_sc_hd__a22oi_1)
     1    0.00    0.10    0.12    5.98 v _453_/Y (sky130_fd_sc_hd__a22oi_1)
                                         net26 (net)
                  0.10    0.00    5.98 v output26/A (sky130_fd_sc_hd__buf_2)
     1    0.03    0.09    0.22    6.20 v output26/X (sky130_fd_sc_hd__buf_2)
                                         OUT[6] (net)
                  0.09    0.00    6.20 v OUT[6] (out)
                                  6.20   data arrival time

                  0.00   10.00   10.00   clock __VIRTUAL_CLK__ (rise edge)
                          0.00   10.00   clock network delay (ideal)
                         -0.25    9.75   clock uncertainty
                          0.00    9.75   clock reconvergence pessimism
                         -2.00    7.75   output external delay
                                  7.75   data required time
-----------------------------------------------------------------------------
                                  7.75   data required time
                                 -6.20   data arrival time
-----------------------------------------------------------------------------
                                  1.55   slack (MET)


Startpoint: B[0] (input port clocked by __VIRTUAL_CLK__)
Endpoint: OUT[4] (output port clocked by __VIRTUAL_CLK__)
Path Group: __VIRTUAL_CLK__
Path Type: max
Corner: Typical

Fanout     Cap    Slew   Delay    Time   Description
-----------------------------------------------------------------------------
                  0.00    0.00    0.00   clock __VIRTUAL_CLK__ (rise edge)
                          0.00    0.00   clock network delay (ideal)
                          2.00    2.00 v input external delay
     1    0.00    0.01    0.01    2.01 v B[0] (in)
                                         B[0] (net)
                  0.01    0.00    2.01 v input9/A (sky130_fd_sc_hd__buf_4)
     6    0.07    0.10    0.20    2.20 v input9/X (sky130_fd_sc_hd__buf_4)
                                         net9 (net)
                  0.10    0.01    2.21 v _251_/A (sky130_fd_sc_hd__buf_12)
     5    0.07    0.05    0.18    2.39 v _251_/X (sky130_fd_sc_hd__buf_12)
                                         _182_ (net)
                  0.05    0.00    2.40 v _252_/A (sky130_fd_sc_hd__buf_4)
    10    0.09    0.11    0.23    2.62 v _252_/X (sky130_fd_sc_hd__buf_4)
                                         _183_ (net)
                  0.12    0.00    2.63 v _298_/A1 (sky130_fd_sc_hd__o21a_2)
     3    0.05    0.14    0.36    2.99 v _298_/X (sky130_fd_sc_hd__o21a_2)
                                         _227_ (net)
                  0.14    0.01    2.99 v _361_/A3 (sky130_fd_sc_hd__o31a_2)
     2    0.04    0.14    0.45    3.44 v _361_/X (sky130_fd_sc_hd__o31a_2)
                                         _040_ (net)
                  0.14    0.00    3.44 v _362_/B (sky130_fd_sc_hd__xnor2_2)
     2    0.02    0.32    0.33    3.77 ^ _362_/Y (sky130_fd_sc_hd__xnor2_2)
                                         _041_ (net)
                  0.32    0.00    3.77 ^ _363_/B (sky130_fd_sc_hd__and2_1)
     2    0.02    0.20    0.30    4.08 ^ _363_/X (sky130_fd_sc_hd__and2_1)
                                         _042_ (net)
                  0.20    0.00    4.08 ^ _365_/A (sky130_fd_sc_hd__nor2_1)
     3    0.02    0.13    0.17    4.25 v _365_/Y (sky130_fd_sc_hd__nor2_1)
                                         _044_ (net)
                  0.13    0.00    4.25 v _368_/A (sky130_fd_sc_hd__or2_1)
     2    0.03    0.18    0.41    4.66 v _368_/X (sky130_fd_sc_hd__or2_1)
                                         _047_ (net)
                  0.18    0.00    4.66 v _372_/A3 (sky130_fd_sc_hd__a31o_1)
     1    0.03    0.15    0.39    5.05 v _372_/X (sky130_fd_sc_hd__a31o_1)
                                         _051_ (net)
                  0.15    0.00    5.05 v _373_/B2 (sky130_fd_sc_hd__o2bb2a_1)
     1    0.02    0.13    0.43    5.48 v _373_/X (sky130_fd_sc_hd__o2bb2a_1)
                                         net24 (net)
                  0.13    0.00    5.48 v output24/A (sky130_fd_sc_hd__buf_2)
     1    0.03    0.09    0.23    5.71 v output24/X (sky130_fd_sc_hd__buf_2)
                                         OUT[4] (net)
                  0.09    0.00    5.71 v OUT[4] (out)
                                  5.71   data arrival time

                  0.00   10.00   10.00   clock __VIRTUAL_CLK__ (rise edge)
                          0.00   10.00   clock network delay (ideal)
                         -0.25    9.75   clock uncertainty
                          0.00    9.75   clock reconvergence pessimism
                         -2.00    7.75   output external delay
                                  7.75   data required time
-----------------------------------------------------------------------------
                                  7.75   data required time
                                 -5.71   data arrival time
-----------------------------------------------------------------------------
                                  2.04   slack (MET)


Startpoint: A[2] (input port clocked by __VIRTUAL_CLK__)
Endpoint: OUT[3] (output port clocked by __VIRTUAL_CLK__)
Path Group: __VIRTUAL_CLK__
Path Type: max
Corner: Typical

Fanout     Cap    Slew   Delay    Time   Description
-----------------------------------------------------------------------------
                  0.00    0.00    0.00   clock __VIRTUAL_CLK__ (rise edge)
                          0.00    0.00   clock network delay (ideal)
                          2.00    2.00 ^ input external delay
     1    0.00    0.02    0.01    2.01 ^ A[2] (in)
                                         A[2] (net)
                  0.02    0.00    2.01 ^ input3/A (sky130_fd_sc_hd__buf_4)
     8    0.08    0.22    0.24    2.25 ^ input3/X (sky130_fd_sc_hd__buf_4)
                                         net3 (net)
                  0.22    0.01    2.26 ^ _288_/A (sky130_fd_sc_hd__buf_4)
    10    0.08    0.23    0.31    2.57 ^ _288_/X (sky130_fd_sc_hd__buf_4)
                                         _217_ (net)
                  0.23    0.00    2.57 ^ _292_/B1 (sky130_fd_sc_hd__a22o_1)
     2    0.03    0.27    0.35    2.92 ^ _292_/X (sky130_fd_sc_hd__a22o_1)
                                         _221_ (net)
                  0.27    0.00    2.92 ^ _328_/A3 (sky130_fd_sc_hd__a31o_1)
     2    0.02    0.19    0.31    3.23 ^ _328_/X (sky130_fd_sc_hd__a31o_1)
                                         _008_ (net)
                  0.19    0.00    3.23 ^ _329_/C (sky130_fd_sc_hd__and3_1)
     2    0.02    0.20    0.31    3.54 ^ _329_/X (sky130_fd_sc_hd__and3_1)
                                         _009_ (net)
                  0.20    0.00    3.54 ^ _331_/A_N (sky130_fd_sc_hd__and2b_1)
     1    0.02    0.11    0.29    3.83 v _331_/X (sky130_fd_sc_hd__and2b_1)
                                         _011_ (net)
                  0.11    0.00    3.83 v _332_/B (sky130_fd_sc_hd__xnor2_2)
     2    0.02    0.30    0.30    4.14 ^ _332_/Y (sky130_fd_sc_hd__xnor2_2)
                                         _012_ (net)
                  0.30    0.00    4.14 ^ _333_/B (sky130_fd_sc_hd__nand2_2)
     3    0.05    0.20    0.25    4.39 v _333_/Y (sky130_fd_sc_hd__nand2_2)
                                         _013_ (net)
                  0.20    0.00    4.39 v _338_/A2 (sky130_fd_sc_hd__a31o_1)
     1    0.02    0.12    0.37    4.75 v _338_/X (sky130_fd_sc_hd__a31o_1)
                                         _018_ (net)
                  0.12    0.00    4.76 v _339_/B2 (sky130_fd_sc_hd__o2bb2a_1)
     1    0.01    0.11    0.39    5.14 v _339_/X (sky130_fd_sc_hd__o2bb2a_1)
                                         net23 (net)
                  0.11    0.00    5.14 v output23/A (sky130_fd_sc_hd__buf_2)
     1    0.03    0.09    0.22    5.36 v output23/X (sky130_fd_sc_hd__buf_2)
                                         OUT[3] (net)
                  0.09    0.00    5.36 v OUT[3] (out)
                                  5.36   data arrival time

                  0.00   10.00   10.00   clock __VIRTUAL_CLK__ (rise edge)
                          0.00   10.00   clock network delay (ideal)
                         -0.25    9.75   clock uncertainty
                          0.00    9.75   clock reconvergence pessimism
                         -2.00    7.75   output external delay
                                  7.75   data required time
-----------------------------------------------------------------------------
                                  7.75   data required time
                                 -5.36   data arrival time
-----------------------------------------------------------------------------
                                  2.39   slack (MET)


Startpoint: B[0] (input port clocked by __VIRTUAL_CLK__)
Endpoint: OUT[2] (output port clocked by __VIRTUAL_CLK__)
Path Group: __VIRTUAL_CLK__
Path Type: max
Corner: Typical

Fanout     Cap    Slew   Delay    Time   Description
-----------------------------------------------------------------------------
                  0.00    0.00    0.00   clock __VIRTUAL_CLK__ (rise edge)
                          0.00    0.00   clock network delay (ideal)
                          2.00    2.00 v input external delay
     1    0.00    0.01    0.01    2.01 v B[0] (in)
                                         B[0] (net)
                  0.01    0.00    2.01 v input9/A (sky130_fd_sc_hd__buf_4)
     6    0.07    0.10    0.20    2.20 v input9/X (sky130_fd_sc_hd__buf_4)
                                         net9 (net)
                  0.10    0.01    2.21 v _251_/A (sky130_fd_sc_hd__buf_12)
     5    0.07    0.05    0.18    2.39 v _251_/X (sky130_fd_sc_hd__buf_12)
                                         _182_ (net)
                  0.05    0.00    2.40 v _252_/A (sky130_fd_sc_hd__buf_4)
    10    0.09    0.11    0.23    2.62 v _252_/X (sky130_fd_sc_hd__buf_4)
                                         _183_ (net)
                  0.12    0.01    2.63 v _276_/A1 (sky130_fd_sc_hd__a21oi_2)
     2    0.04    0.50    0.48    3.11 ^ _276_/Y (sky130_fd_sc_hd__a21oi_2)
                                         _206_ (net)
                  0.50    0.00    3.11 ^ _278_/A1 (sky130_fd_sc_hd__o21a_1)
     2    0.02    0.18    0.32    3.43 ^ _278_/X (sky130_fd_sc_hd__o21a_1)
                                         _208_ (net)
                  0.18    0.00    3.43 ^ _301_/B1 (sky130_fd_sc_hd__a21o_1)
     2    0.00    0.05    0.12    3.56 ^ _301_/X (sky130_fd_sc_hd__a21o_1)
                                         _230_ (net)
                  0.05    0.00    3.56 ^ rebuffer23/A (sky130_fd_sc_hd__dlygate4sd1_1)
     2    0.02    0.17    0.30    3.85 ^ rebuffer23/X (sky130_fd_sc_hd__dlygate4sd1_1)
                                         net50 (net)
                  0.17    0.00    3.86 ^ rebuffer24/A (sky130_fd_sc_hd__dlygate4sd1_1)
     1    0.00    0.05    0.24    4.10 ^ rebuffer24/X (sky130_fd_sc_hd__dlygate4sd1_1)
                                         net51 (net)
                  0.05    0.00    4.10 ^ _302_/B (sky130_fd_sc_hd__nand2_1)
     1    0.01    0.10    0.07    4.17 v _302_/Y (sky130_fd_sc_hd__nand2_1)
                                         _231_ (net)
                  0.10    0.00    4.17 v _308_/A1 (sky130_fd_sc_hd__a211o_1)
     1    0.01    0.08    0.32    4.49 v _308_/X (sky130_fd_sc_hd__a211o_1)
                                         _237_ (net)
                  0.08    0.00    4.49 v _309_/B2 (sky130_fd_sc_hd__o2bb2a_1)
     1    0.02    0.14    0.41    4.90 v _309_/X (sky130_fd_sc_hd__o2bb2a_1)
                                         net22 (net)
                  0.14    0.00    4.90 v output22/A (sky130_fd_sc_hd__buf_2)
     1    0.03    0.09    0.23    5.14 v output22/X (sky130_fd_sc_hd__buf_2)
                                         OUT[2] (net)
                  0.09    0.00    5.14 v OUT[2] (out)
                                  5.14   data arrival time

                  0.00   10.00   10.00   clock __VIRTUAL_CLK__ (rise edge)
                          0.00   10.00   clock network delay (ideal)
                         -0.25    9.75   clock uncertainty
                          0.00    9.75   clock reconvergence pessimism
                         -2.00    7.75   output external delay
                                  7.75   data required time
-----------------------------------------------------------------------------
                                  7.75   data required time
                                 -5.14   data arrival time
-----------------------------------------------------------------------------
                                  2.61   slack (MET)


Startpoint: B[0] (input port clocked by __VIRTUAL_CLK__)
Endpoint: OUT[1] (output port clocked by __VIRTUAL_CLK__)
Path Group: __VIRTUAL_CLK__
Path Type: max
Corner: Typical

Fanout     Cap    Slew   Delay    Time   Description
-----------------------------------------------------------------------------
                  0.00    0.00    0.00   clock __VIRTUAL_CLK__ (rise edge)
                          0.00    0.00   clock network delay (ideal)
                          2.00    2.00 v input external delay
     1    0.00    0.01    0.01    2.01 v B[0] (in)
                                         B[0] (net)
                  0.01    0.00    2.01 v input9/A (sky130_fd_sc_hd__buf_4)
     6    0.07    0.10    0.20    2.20 v input9/X (sky130_fd_sc_hd__buf_4)
                                         net9 (net)
                  0.10    0.01    2.21 v _251_/A (sky130_fd_sc_hd__buf_12)
     5    0.07    0.05    0.18    2.39 v _251_/X (sky130_fd_sc_hd__buf_12)
                                         _182_ (net)
                  0.05    0.00    2.40 v _252_/A (sky130_fd_sc_hd__buf_4)
    10    0.09    0.11    0.23    2.62 v _252_/X (sky130_fd_sc_hd__buf_4)
                                         _183_ (net)
                  0.12    0.01    2.63 v _276_/A1 (sky130_fd_sc_hd__a21oi_2)
     2    0.04    0.50    0.48    3.11 ^ _276_/Y (sky130_fd_sc_hd__a21oi_2)
                                         _206_ (net)
                  0.50    0.00    3.11 ^ _279_/B (sky130_fd_sc_hd__or3_4)
     2    0.03    0.09    0.28    3.39 ^ _279_/X (sky130_fd_sc_hd__or3_4)
                                         _209_ (net)
                  0.09    0.00    3.39 ^ _280_/B_N (sky130_fd_sc_hd__or2b_1)
     1    0.01    0.07    0.28    3.67 v _280_/X (sky130_fd_sc_hd__or2b_1)
                                         _210_ (net)
                  0.07    0.00    3.67 v _281_/B (sky130_fd_sc_hd__xnor2_1)
     1    0.01    0.13    0.20    3.87 v _281_/Y (sky130_fd_sc_hd__xnor2_1)
                                         _211_ (net)
                  0.13    0.00    3.87 v _286_/A2 (sky130_fd_sc_hd__a211o_1)
     1    0.01    0.08    0.37    4.24 v _286_/X (sky130_fd_sc_hd__a211o_1)
                                         _216_ (net)
                  0.08    0.00    4.25 v _287_/B2 (sky130_fd_sc_hd__o2bb2a_1)
     1    0.02    0.12    0.38    4.63 v _287_/X (sky130_fd_sc_hd__o2bb2a_1)
                                         net21 (net)
                  0.12    0.00    4.63 v output21/A (sky130_fd_sc_hd__buf_2)
     1    0.03    0.09    0.23    4.85 v output21/X (sky130_fd_sc_hd__buf_2)
                                         OUT[1] (net)
                  0.09    0.00    4.85 v OUT[1] (out)
                                  4.85   data arrival time

                  0.00   10.00   10.00   clock __VIRTUAL_CLK__ (rise edge)
                          0.00   10.00   clock network delay (ideal)
                         -0.25    9.75   clock uncertainty
                          0.00    9.75   clock reconvergence pessimism
                         -2.00    7.75   output external delay
                                  7.75   data required time
-----------------------------------------------------------------------------
                                  7.75   data required time
                                 -4.85   data arrival time
-----------------------------------------------------------------------------
                                  2.90   slack (MET)


Startpoint: opcode[1] (input port clocked by __VIRTUAL_CLK__)
Endpoint: OUT[0] (output port clocked by __VIRTUAL_CLK__)
Path Group: __VIRTUAL_CLK__
Path Type: max
Corner: Typical

Fanout     Cap    Slew   Delay    Time   Description
-----------------------------------------------------------------------------
                  0.00    0.00    0.00   clock __VIRTUAL_CLK__ (rise edge)
                          0.00    0.00   clock network delay (ideal)
                          2.00    2.00 v input external delay
     1    0.00    0.01    0.00    2.00 v opcode[1] (in)
                                         opcode[1] (net)
                  0.01    0.00    2.00 v input18/A (sky130_fd_sc_hd__clkbuf_4)
     5    0.07    0.14    0.22    2.23 v input18/X (sky130_fd_sc_hd__clkbuf_4)
                                         net18 (net)
                  0.14    0.00    2.23 v _249_/B (sky130_fd_sc_hd__or2_4)
     5    0.05    0.11    0.36    2.59 v _249_/X (sky130_fd_sc_hd__or2_4)
                                         _180_ (net)
                  0.11    0.00    2.59 v _258_/B (sky130_fd_sc_hd__nor2_4)
     8    0.06    0.39    0.35    2.95 ^ _258_/Y (sky130_fd_sc_hd__nor2_4)
                                         _189_ (net)
                  0.39    0.00    2.95 ^ _260_/A1 (sky130_fd_sc_hd__o211a_1)
     1    0.02    0.19    0.34    3.29 ^ _260_/X (sky130_fd_sc_hd__o211a_1)
                                         _191_ (net)
                  0.19    0.00    3.29 ^ _261_/B1 (sky130_fd_sc_hd__a31o_1)
     1    0.02    0.16    0.22    3.51 ^ _261_/X (sky130_fd_sc_hd__a31o_1)
                                         _192_ (net)
                  0.16    0.00    3.52 ^ _262_/B2 (sky130_fd_sc_hd__a2bb2o_1)
     2    0.02    0.25    0.32    3.84 ^ _262_/X (sky130_fd_sc_hd__a2bb2o_1)
                                         net20 (net)
                  0.25    0.00    3.84 ^ output20/A (sky130_fd_sc_hd__buf_2)
     1    0.03    0.17    0.27    4.11 ^ output20/X (sky130_fd_sc_hd__buf_2)
                                         OUT[0] (net)
                  0.17    0.00    4.11 ^ OUT[0] (out)
                                  4.11   data arrival time

                  0.00   10.00   10.00   clock __VIRTUAL_CLK__ (rise edge)
                          0.00   10.00   clock network delay (ideal)
                         -0.25    9.75   clock uncertainty
                          0.00    9.75   clock reconvergence pessimism
                         -2.00    7.75   output external delay
                                  7.75   data required time
-----------------------------------------------------------------------------
                                  7.75   data required time
                                 -4.11   data arrival time
-----------------------------------------------------------------------------
                                  3.64   slack (MET)



worst slack corner Typical: 1.3537
