OpenROAD b16bda7e82721d10566ff7e2b68f1ff0be9f9e38 
Features included (+) or not (-): +Charts +GPU +GUI +Python
This program is licensed under the BSD-3 license. See the LICENSE file for details.
Components of this program may be licensed under more restrictive licenses which must be honored.
Top-level design name: cpu_top
Block boundaries: 0 0 64815 75535
Horizontal Tracks Origin: 340, Count: 111, Step: 680
Vertical Tracks Origin: 230, Count: 141, Step: 460
Placement details for the #E side
Virtual pin count:  0
Actual pin count:  16
Total pin count:  16
Tracks count:  56
Tracks per pin:  3
Used tracks count:  46
Unused track count:  10
Starting track index:  5
Placement Map:
[340, 1700, 3060, 4420, 5780, [91m7140[0m, 8500, 9860, [91m11220[0m, 12580, 13940, [91m15300[0m, 16660, 18020, [91m19380[0m, 20740, 22100, [91m23460[0m, 24820, 26180, [91m27540[0m, 28900, 30260, [91m31620[0m, 32980, 34340, [91m35700[0m, 37060, 38420, [91m39780[0m, 41140, 42500, [91m43860[0m, 45220, 46580, [91m47940[0m, 49300, 50660, [91m52020[0m, 53380, 54740, [91m56100[0m, 57460, 58820, [91m60180[0m, 61540, 62900, [91m64260[0m, 65620, 66980, [91m68340[0m, 69700, 71060, 72420, 73780, 75140, ]
Indices of used tracks: [5, 8, 11, 14, 17, 20, 23, 26, 29, 32, 35, 38, 41, 44, 47, 50]
---
Placement details for the #W side
Virtual pin count:  0
Actual pin count:  2
Total pin count:  2
Tracks count:  56
Tracks per pin:  28
Used tracks count:  29
Unused track count:  27
Starting track index:  13
Placement Map:
[340, 1700, 3060, 4420, 5780, 7140, 8500, 9860, 11220, 12580, 13940, 15300, 16660, [91m18020[0m, 19380, 20740, 22100, 23460, 24820, 26180, 27540, 28900, 30260, 31620, 32980, 34340, 35700, 37060, 38420, 39780, 41140, 42500, 43860, 45220, 46580, 47940, 49300, 50660, 52020, 53380, 54740, [91m56100[0m, 57460, 58820, 60180, 61540, 62900, 64260, 65620, 66980, 68340, 69700, 71060, 72420, 73780, 75140, ]
Indices of used tracks: [13, 41]
---
