Sun Jun 08 19:44:03 +0000 2025 - Executing "{openroad -exit -no_init -python /openlane/scripts/odbpy/lefutil.py get_metal_layers -o /openlane/designs/project_5/runs/RUN_2025.06.08_19.44.02/tmp/layers.list /home/talha/volare_pdks/sky130A/libs.ref/sky130_fd_sc_hd/techlef/sky130_fd_sc_hd__nom.tlef}"

Sun Jun 08 19:44:03 +0000 2025 - Executing "{/openlane/scripts/mergeLef.py -o /openlane/designs/project_5/runs/RUN_2025.06.08_19.44.02/tmp/merged.nom.lef -i /home/talha/volare_pdks/sky130A/libs.ref/sky130_fd_sc_hd/techlef/sky130_fd_sc_hd__nom.tlef {/home/talha/volare_pdks/sky130A/libs.ref/sky130_fd_sc_hd/lef/sky130_fd_sc_hd.lef /home/talha/volare_pdks/sky130A/libs.ref/sky130_fd_sc_hd/lef/sky130_ef_sc_hd.lef} |& tee /dev/null}"

Sun Jun 08 19:44:03 +0000 2025 - Executing "{/openlane/scripts/mergeLef.py -o /openlane/designs/project_5/runs/RUN_2025.06.08_19.44.02/tmp/merged.min.lef -i /home/talha/volare_pdks/sky130A/libs.ref/sky130_fd_sc_hd/techlef/sky130_fd_sc_hd__min.tlef {/home/talha/volare_pdks/sky130A/libs.ref/sky130_fd_sc_hd/lef/sky130_fd_sc_hd.lef /home/talha/volare_pdks/sky130A/libs.ref/sky130_fd_sc_hd/lef/sky130_ef_sc_hd.lef} |& tee /dev/null}"

Sun Jun 08 19:44:03 +0000 2025 - Executing "{/openlane/scripts/mergeLef.py -o /openlane/designs/project_5/runs/RUN_2025.06.08_19.44.02/tmp/merged.max.lef -i /home/talha/volare_pdks/sky130A/libs.ref/sky130_fd_sc_hd/techlef/sky130_fd_sc_hd__max.tlef {/home/talha/volare_pdks/sky130A/libs.ref/sky130_fd_sc_hd/lef/sky130_fd_sc_hd.lef /home/talha/volare_pdks/sky130A/libs.ref/sky130_fd_sc_hd/lef/sky130_ef_sc_hd.lef} |& tee /dev/null}"

Sun Jun 08 19:44:03 +0000 2025 - Executing "{python3 /openlane/scripts/mergeLib.py --output /openlane/designs/project_5/runs/RUN_2025.06.08_19.44.02/tmp/synthesis/merged.lib --name sky130A_merged /home/talha/volare_pdks/sky130A/libs.ref/sky130_fd_sc_hd/lib/sky130_fd_sc_hd__tt_025C_1v80.lib}"

Sun Jun 08 19:44:03 +0000 2025 - Executing "{python3 /openlane/scripts/libtrim.py --cell-file /openlane/designs/project_5/runs/RUN_2025.06.08_19.44.02/tmp/synthesis/trimmed.lib.exclude.list --output /openlane/designs/project_5/runs/RUN_2025.06.08_19.44.02/tmp/synthesis/trimmed.lib /openlane/designs/project_5/runs/RUN_2025.06.08_19.44.02/tmp/synthesis/merged.lib}"

Sun Jun 08 19:44:03 +0000 2025 - Executing "{python3 /openlane/scripts/libtrim.py --cell-file /openlane/designs/project_5/runs/RUN_2025.06.08_19.44.02/tmp/cts/cts.lib.exclude.list --output /openlane/designs/project_5/runs/RUN_2025.06.08_19.44.02/tmp/cts/cts.lib /home/talha/volare_pdks/sky130A/libs.ref/sky130_fd_sc_hd/lib/sky130_fd_sc_hd__tt_025C_1v80.lib}"

Sun Jun 08 19:44:03 +0000 2025 - Executing "{python3 /openlane/scripts/libtrim.py --cell-file /openlane/designs/project_5/runs/RUN_2025.06.08_19.44.02/tmp/cts/cts-fastest.lib.exclude.list --output /openlane/designs/project_5/runs/RUN_2025.06.08_19.44.02/tmp/cts/cts-fastest.lib /home/talha/volare_pdks/sky130A/libs.ref/sky130_fd_sc_hd/lib/sky130_fd_sc_hd__ff_n40C_1v95.lib}"

Sun Jun 08 19:44:04 +0000 2025 - Executing "{python3 /openlane/scripts/libtrim.py --cell-file /openlane/designs/project_5/runs/RUN_2025.06.08_19.44.02/tmp/cts/cts-slowest.lib.exclude.list --output /openlane/designs/project_5/runs/RUN_2025.06.08_19.44.02/tmp/cts/cts-slowest.lib /home/talha/volare_pdks/sky130A/libs.ref/sky130_fd_sc_hd/lib/sky130_fd_sc_hd__ss_100C_1v60.lib}"

Sun Jun 08 19:44:04 +0000 2025 - Executing "{python3 /openlane/scripts/new_tracks.py -i /home/talha/volare_pdks/sky130A/libs.tech/openlane/sky130_fd_sc_hd/tracks.info -o /openlane/designs/project_5/runs/RUN_2025.06.08_19.44.02/tmp/routing/config.tracks}"

Sun Jun 08 19:44:04 +0000 2025 - Executing "{echo {OpenLane e73fb3c57e687a0023fcd4dcfd1566ecd478362a} > /openlane/designs/project_5/runs/RUN_2025.06.08_19.44.02/OPENLANE_COMMIT}"

Sun Jun 08 19:44:04 +0000 2025 - Executing "{yosys -c /openlane/scripts/yosys/blackbox.tcl}"

Sun Jun 08 19:44:04 +0000 2025 - Executing "{verilator -Wall --lint-only --Wno-DECLFILENAME --top-module cpu_top /openlane/designs/project_5/runs/RUN_2025.06.08_19.44.02/tmp/synthesis/blackbox/sky130_fd_sc_hd__blackbox.v /openlane/designs/project_5/src/instructionMemory.v /openlane/designs/project_5/src/alu.v /openlane/designs/project_5/src/controlUnit.v /openlane/designs/project_5/src/instructionDecoder.v /openlane/designs/project_5/src/sevenSegmentConverter.v /openlane/designs/project_5/src/registerFile.v /openlane/designs/project_5/src/clockDivider.v /openlane/designs/project_5/src/cpu_top.v -Wno-fatal --relative-includes |& tee /openlane/designs/project_5/runs/RUN_2025.06.08_19.44.02/logs/synthesis/linter.log /dev/null}"

Sun Jun 08 19:44:04 +0000 2025 - Executing "{sed -E {s/^([[:space:]]+)pg_pin(.*)/\1pin\2\n\1    direction : "inout";/g} /home/talha/volare_pdks/sky130A/libs.ref/sky130_fd_sc_hd/lib/sky130_fd_sc_hd__tt_025C_1v80.lib > /openlane/designs/project_5/runs/RUN_2025.06.08_19.44.02/tmp/synthesis/1-sky130_fd_sc_hd__tt_025C_1v80.no_pg.lib}"

Sun Jun 08 19:44:04 +0000 2025 - Executing "{sed -E {s/^([[:space:]]+)pg_pin(.*)/\1pin\2\n\1    direction : "inout";/g} /openlane/designs/project_5/runs/RUN_2025.06.08_19.44.02/tmp/synthesis/trimmed.lib > /openlane/designs/project_5/runs/RUN_2025.06.08_19.44.02/tmp/synthesis/1-trimmed.no_pg.lib}"

Sun Jun 08 19:44:04 +0000 2025 - Executing "yosys -c /openlane/scripts/yosys/synth.tcl |& tee /dev/null /openlane/designs/project_5/runs/RUN_2025.06.08_19.44.02/logs/synthesis/1-synthesis.log"

Sun Jun 08 19:44:04 +0000 2025 - Executing "{yosys -c /openlane/scripts/yosys/synth.tcl |& tee /dev/null /openlane/designs/project_5/runs/RUN_2025.06.08_19.44.02/logs/synthesis/1-synthesis.log}"

Sun Jun 08 19:44:15 +0000 2025 - Executing "{sed -i.bak -e {s/\(set ::env(CURRENT_NETLIST)\).*/\1 \/openlane\/designs\/project_5\/runs\/RUN_2025.06.08_19.44.02\/results\/synthesis\/cpu_top.v/} /openlane/designs/project_5/runs/RUN_2025.06.08_19.44.02/config.tcl}"

Sun Jun 08 19:44:15 +0000 2025 - Executing "{sed -i.bak /defparam/d /openlane/designs/project_5/runs/RUN_2025.06.08_19.44.02/results/synthesis/cpu_top.v}"

Sun Jun 08 19:44:15 +0000 2025 - Executing "sta -exit -no_init /openlane/scripts/openroad/sta/multi_corner.tcl |& tee /dev/null /openlane/designs/project_5/runs/RUN_2025.06.08_19.44.02/logs/synthesis/2-sta.log"

Sun Jun 08 19:44:15 +0000 2025 - Executing "{sta -exit -no_init /openlane/scripts/openroad/sta/multi_corner.tcl |& tee /dev/null /openlane/designs/project_5/runs/RUN_2025.06.08_19.44.02/logs/synthesis/2-sta.log}"

Sun Jun 08 19:44:15 +0000 2025 - Executing "openroad -exit /openlane/scripts/openroad/floorplan.tcl |& tee /dev/null /openlane/designs/project_5/runs/RUN_2025.06.08_19.44.02/logs/floorplan/3-initial_fp.log"

Sun Jun 08 19:44:15 +0000 2025 - Executing "{openroad -exit /openlane/scripts/openroad/floorplan.tcl |& tee /dev/null /openlane/designs/project_5/runs/RUN_2025.06.08_19.44.02/logs/floorplan/3-initial_fp.log}"

Sun Jun 08 19:44:15 +0000 2025 - Executing "{openroad -exit -no_init -python /openlane/scripts/odbpy/defutil.py extract_core_dims --output-data /openlane/designs/project_5/runs/RUN_2025.06.08_19.44.02/tmp/dimensions.txt --input-lef /openlane/designs/project_5/runs/RUN_2025.06.08_19.44.02/tmp/merged.nom.lef /openlane/designs/project_5/runs/RUN_2025.06.08_19.44.02/tmp/floorplan/3-initial_fp.def}"

Sun Jun 08 19:44:16 +0000 2025 - Executing "{openroad -exit -no_init -python /openlane/scripts/odbpy/io_place.py --config /openlane/designs/project_5/pin_order.cfg --hor-layer met3 --ver-layer met2 --ver-width-mult 2 --hor-width-mult 2 --hor-extension 0 --ver-extension 0 --length 4 --unmatched-error --input-lef /openlane/designs/project_5/runs/RUN_2025.06.08_19.44.02/tmp/merged.nom.lef --output-def /openlane/designs/project_5/runs/RUN_2025.06.08_19.44.02/tmp/floorplan/4-io.def --output /openlane/designs/project_5/runs/RUN_2025.06.08_19.44.02/tmp/floorplan/4-io.odb /openlane/designs/project_5/runs/RUN_2025.06.08_19.44.02/tmp/floorplan/3-initial_fp.odb |& tee /dev/null /openlane/designs/project_5/runs/RUN_2025.06.08_19.44.02/logs/floorplan/4-place_io.log}"

Sun Jun 08 19:44:16 +0000 2025 - Executing "openroad -exit /openlane/scripts/openroad/tapcell.tcl |& tee /dev/null /openlane/designs/project_5/runs/RUN_2025.06.08_19.44.02/logs/floorplan/5-tap.log"

Sun Jun 08 19:44:16 +0000 2025 - Executing "{openroad -exit /openlane/scripts/openroad/tapcell.tcl |& tee /dev/null /openlane/designs/project_5/runs/RUN_2025.06.08_19.44.02/logs/floorplan/5-tap.log}"

Sun Jun 08 19:44:17 +0000 2025 - Executing "openroad -exit /openlane/scripts/openroad/pdn.tcl |& tee /dev/null /openlane/designs/project_5/runs/RUN_2025.06.08_19.44.02/logs/floorplan/6-pdn.log"

Sun Jun 08 19:44:17 +0000 2025 - Executing "{openroad -exit /openlane/scripts/openroad/pdn.tcl |& tee /dev/null /openlane/designs/project_5/runs/RUN_2025.06.08_19.44.02/logs/floorplan/6-pdn.log}"

Sun Jun 08 19:44:17 +0000 2025 - Executing "openroad -exit /openlane/scripts/openroad/gpl.tcl |& tee /dev/null /openlane/designs/project_5/runs/RUN_2025.06.08_19.44.02/logs/placement/6-global.log"

Sun Jun 08 19:44:17 +0000 2025 - Executing "{openroad -exit /openlane/scripts/openroad/gpl.tcl |& tee /dev/null /openlane/designs/project_5/runs/RUN_2025.06.08_19.44.02/logs/placement/6-global.log}"

Sun Jun 08 19:44:17 +0000 2025 - Executing "{sed -i.bak -e {s/\(set ::env(CURRENT_NETLIST)\).*/\1 \/openlane\/designs\/project_5\/runs\/RUN_2025.06.08_19.44.02\/tmp\/placement\/7-global.nl.v/} /openlane/designs/project_5/runs/RUN_2025.06.08_19.44.02/config.tcl}"

Sun Jun 08 19:44:17 +0000 2025 - Executing "openroad -exit /openlane/scripts/openroad/sta/multi_corner.tcl |& tee /dev/null /openlane/designs/project_5/runs/RUN_2025.06.08_19.44.02/logs/placement/8-gpl_sta.log"

Sun Jun 08 19:44:18 +0000 2025 - Executing "{openroad -exit /openlane/scripts/openroad/sta/multi_corner.tcl |& tee /dev/null /openlane/designs/project_5/runs/RUN_2025.06.08_19.44.02/logs/placement/8-gpl_sta.log}"

Sun Jun 08 19:44:18 +0000 2025 - Executing "openroad -exit /openlane/scripts/openroad/resizer.tcl |& tee /dev/null /openlane/designs/project_5/runs/RUN_2025.06.08_19.44.02/logs/placement/9-resizer.log"

Sun Jun 08 19:44:18 +0000 2025 - Executing "{openroad -exit /openlane/scripts/openroad/resizer.tcl |& tee /dev/null /openlane/designs/project_5/runs/RUN_2025.06.08_19.44.02/logs/placement/9-resizer.log}"

Sun Jun 08 19:44:19 +0000 2025 - Executing "{sed -i.bak -e {s/\(set ::env(CURRENT_NETLIST)\).*/\1 \/openlane\/designs\/project_5\/runs\/RUN_2025.06.08_19.44.02\/tmp\/placement\/9-resizer.nl.v/} /openlane/designs/project_5/runs/RUN_2025.06.08_19.44.02/config.tcl}"

Sun Jun 08 19:44:19 +0000 2025 - Executing "openroad -exit /openlane/scripts/openroad/dpl.tcl |& tee /dev/null /openlane/designs/project_5/runs/RUN_2025.06.08_19.44.02/logs/placement/10-detailed.log"

Sun Jun 08 19:44:19 +0000 2025 - Executing "{openroad -exit /openlane/scripts/openroad/dpl.tcl |& tee /dev/null /openlane/designs/project_5/runs/RUN_2025.06.08_19.44.02/logs/placement/10-detailed.log}"

Sun Jun 08 19:44:20 +0000 2025 - Executing "{sed -i.bak -e {s/\(set ::env(CURRENT_NETLIST)\).*/\1 \/openlane\/designs\/project_5\/runs\/RUN_2025.06.08_19.44.02\/results\/placement\/cpu_top.nl.v/} /openlane/designs/project_5/runs/RUN_2025.06.08_19.44.02/config.tcl}"

Sun Jun 08 19:44:20 +0000 2025 - Executing "openroad -exit /openlane/scripts/openroad/sta/multi_corner.tcl |& tee /dev/null /openlane/designs/project_5/runs/RUN_2025.06.08_19.44.02/logs/placement/11-dpl_sta.log"

Sun Jun 08 19:44:20 +0000 2025 - Executing "{openroad -exit /openlane/scripts/openroad/sta/multi_corner.tcl |& tee /dev/null /openlane/designs/project_5/runs/RUN_2025.06.08_19.44.02/logs/placement/11-dpl_sta.log}"

Sun Jun 08 19:44:20 +0000 2025 - Executing "openroad -exit /openlane/scripts/openroad/cts.tcl |& tee /dev/null /openlane/designs/project_5/runs/RUN_2025.06.08_19.44.02/logs/cts/12-cts.log"

Sun Jun 08 19:44:20 +0000 2025 - Executing "{openroad -exit /openlane/scripts/openroad/cts.tcl |& tee /dev/null /openlane/designs/project_5/runs/RUN_2025.06.08_19.44.02/logs/cts/12-cts.log}"

Sun Jun 08 19:44:24 +0000 2025 - Executing "openroad -exit /openlane/scripts/openroad/sta/multi_corner.tcl |& tee /dev/null /openlane/designs/project_5/runs/RUN_2025.06.08_19.44.02/logs/cts/13-cts_sta.log"

Sun Jun 08 19:44:24 +0000 2025 - Executing "{openroad -exit /openlane/scripts/openroad/sta/multi_corner.tcl |& tee /dev/null /openlane/designs/project_5/runs/RUN_2025.06.08_19.44.02/logs/cts/13-cts_sta.log}"

Sun Jun 08 19:44:24 +0000 2025 - Executing "openroad -exit /openlane/scripts/openroad/resizer_timing.tcl |& tee /dev/null /openlane/designs/project_5/runs/RUN_2025.06.08_19.44.02/logs/cts/14-resizer.log"

Sun Jun 08 19:44:24 +0000 2025 - Executing "{openroad -exit /openlane/scripts/openroad/resizer_timing.tcl |& tee /dev/null /openlane/designs/project_5/runs/RUN_2025.06.08_19.44.02/logs/cts/14-resizer.log}"

Sun Jun 08 19:44:25 +0000 2025 - Executing "{sed -i.bak -e {s/\(set ::env(CURRENT_NETLIST)\).*/\1 \/openlane\/designs\/project_5\/runs\/RUN_2025.06.08_19.44.02\/tmp\/cts\/14-cpu_top.resized.nl.v/} /openlane/designs/project_5/runs/RUN_2025.06.08_19.44.02/config.tcl}"

Sun Jun 08 19:44:25 +0000 2025 - Executing "openroad -exit /openlane/scripts/openroad/resizer_routing_design.tcl |& tee /dev/null /openlane/designs/project_5/runs/RUN_2025.06.08_19.44.02/logs/routing/15-resizer_design.log"

Sun Jun 08 19:44:25 +0000 2025 - Executing "{openroad -exit /openlane/scripts/openroad/resizer_routing_design.tcl |& tee /dev/null /openlane/designs/project_5/runs/RUN_2025.06.08_19.44.02/logs/routing/15-resizer_design.log}"

Sun Jun 08 19:44:27 +0000 2025 - Executing "{sed -i.bak -e {s/\(set ::env(CURRENT_NETLIST)\).*/\1 \/openlane\/designs\/project_5\/runs\/RUN_2025.06.08_19.44.02\/tmp\/15-cpu_top.nl.v/} /openlane/designs/project_5/runs/RUN_2025.06.08_19.44.02/config.tcl}"

Sun Jun 08 19:44:27 +0000 2025 - Executing "openroad -exit /openlane/scripts/openroad/sta/multi_corner.tcl |& tee /dev/null /openlane/designs/project_5/runs/RUN_2025.06.08_19.44.02/logs/routing/16-rsz_design_sta.log"

Sun Jun 08 19:44:27 +0000 2025 - Executing "{openroad -exit /openlane/scripts/openroad/sta/multi_corner.tcl |& tee /dev/null /openlane/designs/project_5/runs/RUN_2025.06.08_19.44.02/logs/routing/16-rsz_design_sta.log}"

Sun Jun 08 19:44:27 +0000 2025 - Executing "openroad -exit /openlane/scripts/openroad/resizer_routing_timing.tcl |& tee /dev/null /openlane/designs/project_5/runs/RUN_2025.06.08_19.44.02/logs/routing/17-resizer_timing.log"

Sun Jun 08 19:44:27 +0000 2025 - Executing "{openroad -exit /openlane/scripts/openroad/resizer_routing_timing.tcl |& tee /dev/null /openlane/designs/project_5/runs/RUN_2025.06.08_19.44.02/logs/routing/17-resizer_timing.log}"

Sun Jun 08 19:44:28 +0000 2025 - Executing "{sed -i.bak -e {s/\(set ::env(CURRENT_NETLIST)\).*/\1 \/openlane\/designs\/project_5\/runs\/RUN_2025.06.08_19.44.02\/tmp\/17-cpu_top.nl.v/} /openlane/designs/project_5/runs/RUN_2025.06.08_19.44.02/config.tcl}"

Sun Jun 08 19:44:28 +0000 2025 - Executing "openroad -exit /openlane/scripts/openroad/sta/multi_corner.tcl |& tee /dev/null /openlane/designs/project_5/runs/RUN_2025.06.08_19.44.02/logs/routing/18-rsz_timing_sta.log"

Sun Jun 08 19:44:28 +0000 2025 - Executing "{openroad -exit /openlane/scripts/openroad/sta/multi_corner.tcl |& tee /dev/null /openlane/designs/project_5/runs/RUN_2025.06.08_19.44.02/logs/routing/18-rsz_timing_sta.log}"

Sun Jun 08 19:44:29 +0000 2025 - Executing "{openroad -exit -no_init -python /openlane/scripts/odbpy/diodes.py place --diode-cell sky130_fd_sc_hd__diode_2 --diode-pin DIODE --threshold 90 --side-strategy source --port-protect none --input-lef /openlane/designs/project_5/runs/RUN_2025.06.08_19.44.02/tmp/merged.nom.lef --output-def /openlane/designs/project_5/runs/RUN_2025.06.08_19.44.02/tmp/routing/19-diodes.def --output /openlane/designs/project_5/runs/RUN_2025.06.08_19.44.02/tmp/routing/19-diodes.odb /openlane/designs/project_5/runs/RUN_2025.06.08_19.44.02/tmp/17-cpu_top.odb |& tee /dev/null /openlane/designs/project_5/runs/RUN_2025.06.08_19.44.02/logs/routing/19-diodes.log}"

Sun Jun 08 19:44:29 +0000 2025 - Executing "openroad -exit /openlane/scripts/openroad/dpl.tcl |& tee /dev/null /openlane/designs/project_5/runs/RUN_2025.06.08_19.44.02/logs/routing/20-diode_legalization.log"

Sun Jun 08 19:44:29 +0000 2025 - Executing "{openroad -exit /openlane/scripts/openroad/dpl.tcl |& tee /dev/null /openlane/designs/project_5/runs/RUN_2025.06.08_19.44.02/logs/routing/20-diode_legalization.log}"

Sun Jun 08 19:44:29 +0000 2025 - Executing "{sed -i.bak -e {s/\(set ::env(CURRENT_NETLIST)\).*/\1 \/openlane\/designs\/project_5\/runs\/RUN_2025.06.08_19.44.02\/tmp\/routing\/.\/19-diodes_legalized.nl.v/} /openlane/designs/project_5/runs/RUN_2025.06.08_19.44.02/config.tcl}"

Sun Jun 08 19:44:30 +0000 2025 - Executing "openroad -exit /openlane/scripts/openroad/repair_antennas.tcl |& tee /dev/null /openlane/designs/project_5/runs/RUN_2025.06.08_19.44.02/logs/routing/21-global.log"

Sun Jun 08 19:44:30 +0000 2025 - Executing "{openroad -exit /openlane/scripts/openroad/repair_antennas.tcl |& tee /dev/null /openlane/designs/project_5/runs/RUN_2025.06.08_19.44.02/logs/routing/21-global.log}"

Sun Jun 08 19:44:30 +0000 2025 - Executing "openroad -exit /openlane/scripts/openroad/write_views.tcl |& tee /dev/null /openlane/designs/project_5/runs/RUN_2025.06.08_19.44.02/logs/routing/21-global_write_netlist.log"

Sun Jun 08 19:44:30 +0000 2025 - Executing "{openroad -exit /openlane/scripts/openroad/write_views.tcl |& tee /dev/null /openlane/designs/project_5/runs/RUN_2025.06.08_19.44.02/logs/routing/21-global_write_netlist.log}"

Sun Jun 08 19:44:30 +0000 2025 - Executing "{sed -i.bak -e {s/\(set ::env(CURRENT_NETLIST)\).*/\1 \/openlane\/designs\/project_5\/runs\/RUN_2025.06.08_19.44.02\/tmp\/routing\/global.nl.v/} /openlane/designs/project_5/runs/RUN_2025.06.08_19.44.02/config.tcl}"

Sun Jun 08 19:44:30 +0000 2025 - Executing "openroad -exit /openlane/scripts/openroad/sta/multi_corner.tcl |& tee /dev/null /openlane/designs/project_5/runs/RUN_2025.06.08_19.44.02/logs/routing/23-grt_sta.log"

Sun Jun 08 19:44:30 +0000 2025 - Executing "{openroad -exit /openlane/scripts/openroad/sta/multi_corner.tcl |& tee /dev/null /openlane/designs/project_5/runs/RUN_2025.06.08_19.44.02/logs/routing/23-grt_sta.log}"

Sun Jun 08 19:44:31 +0000 2025 - Executing "openroad -exit /openlane/scripts/openroad/fill.tcl |& tee /dev/null /openlane/designs/project_5/runs/RUN_2025.06.08_19.44.02/logs/routing/24-fill.log"

Sun Jun 08 19:44:31 +0000 2025 - Executing "{openroad -exit /openlane/scripts/openroad/fill.tcl |& tee /dev/null /openlane/designs/project_5/runs/RUN_2025.06.08_19.44.02/logs/routing/24-fill.log}"

Sun Jun 08 19:44:31 +0000 2025 - Executing "{sed -i.bak -e {s/\(set ::env(CURRENT_NETLIST)\).*/\1 \/openlane\/designs\/project_5\/runs\/RUN_2025.06.08_19.44.02\/tmp\/routing\/24-fill.nl.v/} /openlane/designs/project_5/runs/RUN_2025.06.08_19.44.02/config.tcl}"

Sun Jun 08 19:44:31 +0000 2025 - Executing "openroad -exit -metrics /openlane/designs/project_5/runs/RUN_2025.06.08_19.44.02/reports/routing/25-drt_metrics.json /openlane/scripts/openroad/droute.tcl |& tee /dev/null /openlane/designs/project_5/runs/RUN_2025.06.08_19.44.02/logs/routing/25-detailed.log"

Sun Jun 08 19:44:31 +0000 2025 - Executing "{openroad -exit -metrics /openlane/designs/project_5/runs/RUN_2025.06.08_19.44.02/reports/routing/25-drt_metrics.json /openlane/scripts/openroad/droute.tcl |& tee /dev/null /openlane/designs/project_5/runs/RUN_2025.06.08_19.44.02/logs/routing/25-detailed.log}"

Sun Jun 08 19:44:38 +0000 2025 - Executing "{sed -i.bak -e {s/\(set ::env(CURRENT_NETLIST)\).*/\1 \/openlane\/designs\/project_5\/runs\/RUN_2025.06.08_19.44.02\/results\/routing\/cpu_top.nl.v/} /openlane/designs/project_5/runs/RUN_2025.06.08_19.44.02/config.tcl}"

Sun Jun 08 19:44:38 +0000 2025 - Executing "{python3 /openlane/scripts/drc_rosetta.py tr to_klayout -o /openlane/designs/project_5/runs/RUN_2025.06.08_19.44.02/reports/routing/drt.klayout.xml --design-name cpu_top /openlane/designs/project_5/runs/RUN_2025.06.08_19.44.02/reports/routing/drt.drc}"

Sun Jun 08 19:44:39 +0000 2025 - Executing "{openroad -exit -no_init -python /openlane/scripts/odbpy/wire_lengths.py --report-out /openlane/designs/project_5/runs/RUN_2025.06.08_19.44.02/reports/routing/26-wire_lengths.csv --input-lef /openlane/designs/project_5/runs/RUN_2025.06.08_19.44.02/tmp/merged.nom.lef --output-def /openlane/designs/project_5/runs/RUN_2025.06.08_19.44.02/results/routing/cpu_top.def --output /openlane/designs/project_5/runs/RUN_2025.06.08_19.44.02/results/routing/cpu_top.odb /openlane/designs/project_5/runs/RUN_2025.06.08_19.44.02/results/routing/cpu_top.odb |& tee /dev/null /openlane/designs/project_5/runs/RUN_2025.06.08_19.44.02/logs/routing/26-wire_lengths.log}"

Sun Jun 08 19:44:39 +0000 2025 - Executing "openroad -exit /openlane/scripts/openroad/rcx.tcl |& tee /dev/null /openlane/designs/project_5/runs/RUN_2025.06.08_19.44.02/logs/signoff/27-parasitics_extraction.min.log"

Sun Jun 08 19:44:39 +0000 2025 - Executing "{openroad -exit /openlane/scripts/openroad/rcx.tcl |& tee /dev/null /openlane/designs/project_5/runs/RUN_2025.06.08_19.44.02/logs/signoff/27-parasitics_extraction.min.log}"

Sun Jun 08 19:44:39 +0000 2025 - Executing "sta -exit -no_init /openlane/scripts/openroad/sta/multi_corner.tcl |& tee /dev/null /openlane/designs/project_5/runs/RUN_2025.06.08_19.44.02/logs/signoff/28-rcx_mcsta.min.log"

Sun Jun 08 19:44:39 +0000 2025 - Executing "{sta -exit -no_init /openlane/scripts/openroad/sta/multi_corner.tcl |& tee /dev/null /openlane/designs/project_5/runs/RUN_2025.06.08_19.44.02/logs/signoff/28-rcx_mcsta.min.log}"

Sun Jun 08 19:44:40 +0000 2025 - Executing "openroad -exit /openlane/scripts/openroad/rcx.tcl |& tee /dev/null /openlane/designs/project_5/runs/RUN_2025.06.08_19.44.02/logs/signoff/29-parasitics_extraction.max.log"

Sun Jun 08 19:44:40 +0000 2025 - Executing "{openroad -exit /openlane/scripts/openroad/rcx.tcl |& tee /dev/null /openlane/designs/project_5/runs/RUN_2025.06.08_19.44.02/logs/signoff/29-parasitics_extraction.max.log}"

Sun Jun 08 19:44:41 +0000 2025 - Executing "sta -exit -no_init /openlane/scripts/openroad/sta/multi_corner.tcl |& tee /dev/null /openlane/designs/project_5/runs/RUN_2025.06.08_19.44.02/logs/signoff/30-rcx_mcsta.max.log"

Sun Jun 08 19:44:41 +0000 2025 - Executing "{sta -exit -no_init /openlane/scripts/openroad/sta/multi_corner.tcl |& tee /dev/null /openlane/designs/project_5/runs/RUN_2025.06.08_19.44.02/logs/signoff/30-rcx_mcsta.max.log}"

Sun Jun 08 19:44:42 +0000 2025 - Executing "openroad -exit /openlane/scripts/openroad/rcx.tcl |& tee /dev/null /openlane/designs/project_5/runs/RUN_2025.06.08_19.44.02/logs/signoff/31-parasitics_extraction.nom.log"

Sun Jun 08 19:44:42 +0000 2025 - Executing "{openroad -exit /openlane/scripts/openroad/rcx.tcl |& tee /dev/null /openlane/designs/project_5/runs/RUN_2025.06.08_19.44.02/logs/signoff/31-parasitics_extraction.nom.log}"

Sun Jun 08 19:44:43 +0000 2025 - Executing "sta -exit -no_init /openlane/scripts/openroad/sta/multi_corner.tcl |& tee /dev/null /openlane/designs/project_5/runs/RUN_2025.06.08_19.44.02/logs/signoff/32-rcx_mcsta.nom.log"

Sun Jun 08 19:44:43 +0000 2025 - Executing "{sta -exit -no_init /openlane/scripts/openroad/sta/multi_corner.tcl |& tee /dev/null /openlane/designs/project_5/runs/RUN_2025.06.08_19.44.02/logs/signoff/32-rcx_mcsta.nom.log}"

Sun Jun 08 19:44:44 +0000 2025 - Executing "openroad -exit /openlane/scripts/openroad/irdrop.tcl |& tee /dev/null /openlane/designs/project_5/runs/RUN_2025.06.08_19.44.02/logs/signoff/33-irdrop.log"

Sun Jun 08 19:44:44 +0000 2025 - Executing "{openroad -exit /openlane/scripts/openroad/irdrop.tcl |& tee /dev/null /openlane/designs/project_5/runs/RUN_2025.06.08_19.44.02/logs/signoff/33-irdrop.log}"

Sun Jun 08 19:44:45 +0000 2025 - Executing "magic -noconsole -dnull -rcfile /home/talha/volare_pdks/sky130A/libs.tech/magic/sky130A.magicrc < /openlane/scripts/magic/wrapper.tcl |& tee /dev/null /openlane/designs/project_5/runs/RUN_2025.06.08_19.44.02/logs/signoff/34-gdsii.log"

Sun Jun 08 19:44:45 +0000 2025 - Executing "{magic -noconsole -dnull -rcfile /home/talha/volare_pdks/sky130A/libs.tech/magic/sky130A.magicrc < /openlane/scripts/magic/wrapper.tcl |& tee /dev/null /openlane/designs/project_5/runs/RUN_2025.06.08_19.44.02/logs/signoff/34-gdsii.log}"

Sun Jun 08 19:44:45 +0000 2025 - Executing "magic -noconsole -dnull -rcfile /home/talha/volare_pdks/sky130A/libs.tech/magic/sky130A.magicrc < /openlane/scripts/magic/wrapper.tcl |& tee /dev/null /openlane/designs/project_5/runs/RUN_2025.06.08_19.44.02/logs/signoff/34-gds_ptrs.log"

Sun Jun 08 19:44:45 +0000 2025 - Executing "{magic -noconsole -dnull -rcfile /home/talha/volare_pdks/sky130A/libs.tech/magic/sky130A.magicrc < /openlane/scripts/magic/wrapper.tcl |& tee /dev/null /openlane/designs/project_5/runs/RUN_2025.06.08_19.44.02/logs/signoff/34-gds_ptrs.log}"

Sun Jun 08 19:44:45 +0000 2025 - Executing "{sed -i.bak -n {/^<< properties >>/,/^<< end >>/p} /openlane/designs/project_5/runs/RUN_2025.06.08_19.44.02/tmp/signoff/gds_ptrs.mag}"

Sun Jun 08 19:44:45 +0000 2025 - Executing "magic -noconsole -dnull -rcfile /home/talha/volare_pdks/sky130A/libs.tech/magic/sky130A.magicrc < /openlane/scripts/magic/wrapper.tcl |& tee /dev/null /openlane/designs/project_5/runs/RUN_2025.06.08_19.44.02/logs/signoff/34-lef.log"

Sun Jun 08 19:44:45 +0000 2025 - Executing "{magic -noconsole -dnull -rcfile /home/talha/volare_pdks/sky130A/libs.tech/magic/sky130A.magicrc < /openlane/scripts/magic/wrapper.tcl |& tee /dev/null /openlane/designs/project_5/runs/RUN_2025.06.08_19.44.02/logs/signoff/34-lef.log}"

Sun Jun 08 19:44:45 +0000 2025 - Executing "magic -noconsole -dnull -rcfile /home/talha/volare_pdks/sky130A/libs.tech/magic/sky130A.magicrc < /openlane/scripts/magic/wrapper.tcl |& tee /dev/null /openlane/designs/project_5/runs/RUN_2025.06.08_19.44.02/logs/signoff/34-maglef.log"

Sun Jun 08 19:44:45 +0000 2025 - Executing "{magic -noconsole -dnull -rcfile /home/talha/volare_pdks/sky130A/libs.tech/magic/sky130A.magicrc < /openlane/scripts/magic/wrapper.tcl |& tee /dev/null /openlane/designs/project_5/runs/RUN_2025.06.08_19.44.02/logs/signoff/34-maglef.log}"

Sun Jun 08 19:44:45 +0000 2025 - Executing "{python3 /openlane/scripts/klayout/stream_out.py --output /openlane/designs/project_5/runs/RUN_2025.06.08_19.44.02/results/signoff/cpu_top.klayout.gds --lyt /home/talha/volare_pdks/sky130A/libs.tech/klayout/tech/sky130A.lyt --lym /home/talha/volare_pdks/sky130A/libs.tech/klayout/tech/sky130A.map --lyp /home/talha/volare_pdks/sky130A/libs.tech/klayout/tech/sky130A.lyp --top cpu_top --with-gds-file /home/talha/volare_pdks/sky130A/libs.ref/sky130_fd_sc_hd/gds/sky130_fd_sc_hd.gds --input-lef /openlane/designs/project_5/runs/RUN_2025.06.08_19.44.02/tmp/merged.nom.lef /openlane/designs/project_5/runs/RUN_2025.06.08_19.44.02/results/routing/cpu_top.def |& tee /dev/null /openlane/designs/project_5/runs/RUN_2025.06.08_19.44.02/logs/signoff/35-gdsii-klayout.log}"

Sun Jun 08 19:44:46 +0000 2025 - Executing "{klayout -b -r /openlane/scripts/klayout/xor.drc -rd a=/openlane/designs/project_5/runs/RUN_2025.06.08_19.44.02/results/signoff/cpu_top.gds -rd b=/openlane/designs/project_5/runs/RUN_2025.06.08_19.44.02/results/signoff/cpu_top.klayout.gds -rd jobs=1 -rd rdb_out=/openlane/designs/project_5/runs/RUN_2025.06.08_19.44.02/reports/signoff/36-xor.xml -rd ignore=81/14 -rd rpt_out=/openlane/designs/project_5/runs/RUN_2025.06.08_19.44.02/reports/signoff/36-xor.rpt |& tee /dev/null /openlane/designs/project_5/runs/RUN_2025.06.08_19.44.02/logs/signoff/36-xor.log}"

Sun Jun 08 19:44:46 +0000 2025 - Executing "magic -noconsole -dnull -rcfile /home/talha/volare_pdks/sky130A/libs.tech/magic/sky130A.magicrc < /openlane/scripts/magic/wrapper.tcl |& tee /dev/null /openlane/designs/project_5/runs/RUN_2025.06.08_19.44.02/logs/signoff/37-spice.log"

Sun Jun 08 19:44:46 +0000 2025 - Executing "{magic -noconsole -dnull -rcfile /home/talha/volare_pdks/sky130A/libs.tech/magic/sky130A.magicrc < /openlane/scripts/magic/wrapper.tcl |& tee /dev/null /openlane/designs/project_5/runs/RUN_2025.06.08_19.44.02/logs/signoff/37-spice.log}"

Sun Jun 08 19:44:47 +0000 2025 - Executing "{openroad -exit -no_init -python /openlane/scripts/odbpy/power_utils.py write_powered_def --output /openlane/designs/project_5/runs/RUN_2025.06.08_19.44.02/tmp/signoff/37-cpu_top.p.def --input-lef /openlane/designs/project_5/runs/RUN_2025.06.08_19.44.02/tmp/merged.nom.lef --power-port VPWR --ground-port VGND --powered-netlist {} /openlane/designs/project_5/runs/RUN_2025.06.08_19.44.02/results/routing/cpu_top.def |& tee /dev/null /openlane/designs/project_5/runs/RUN_2025.06.08_19.44.02/logs/signoff/38-write_powered_def.log}"

Sun Jun 08 19:44:47 +0000 2025 - Executing "openroad -exit /openlane/scripts/openroad/write_views.tcl |& tee /dev/null /openlane/designs/project_5/runs/RUN_2025.06.08_19.44.02/logs/signoff/38-write_powered_verilog.log"

Sun Jun 08 19:44:47 +0000 2025 - Executing "{openroad -exit /openlane/scripts/openroad/write_views.tcl |& tee /dev/null /openlane/designs/project_5/runs/RUN_2025.06.08_19.44.02/logs/signoff/38-write_powered_verilog.log}"

Sun Jun 08 19:44:47 +0000 2025 - Executing "{sed -i.bak -e {s/\(set ::env(CURRENT_NETLIST)\).*/\1 \/openlane\/designs\/project_5\/runs\/RUN_2025.06.08_19.44.02\/tmp\/signoff\/37-cpu_top.nl.v/} /openlane/designs/project_5/runs/RUN_2025.06.08_19.44.02/config.tcl}"

Sun Jun 08 19:44:47 +0000 2025 - Executing "{netgen -batch source /openlane/designs/project_5/runs/RUN_2025.06.08_19.44.02/tmp/signoff/40-setup_file.lef.lvs |& tee /dev/null /openlane/designs/project_5/runs/RUN_2025.06.08_19.44.02/logs/signoff/40-lvs.lef.log}"

Sun Jun 08 19:44:47 +0000 2025 - Executing "magic -noconsole -dnull -rcfile /home/talha/volare_pdks/sky130A/libs.tech/magic/sky130A.magicrc < /openlane/scripts/magic/wrapper.tcl |& tee /dev/null /openlane/designs/project_5/runs/RUN_2025.06.08_19.44.02/logs/signoff/41-drc.log"

Sun Jun 08 19:44:47 +0000 2025 - Executing "{magic -noconsole -dnull -rcfile /home/talha/volare_pdks/sky130A/libs.tech/magic/sky130A.magicrc < /openlane/scripts/magic/wrapper.tcl |& tee /dev/null /openlane/designs/project_5/runs/RUN_2025.06.08_19.44.02/logs/signoff/41-drc.log}"

Sun Jun 08 19:44:48 +0000 2025 - Executing "{python3 /openlane/scripts/drc_rosetta.py magic to_tcl -o /openlane/designs/project_5/runs/RUN_2025.06.08_19.44.02/reports/signoff/drc.tcl /openlane/designs/project_5/runs/RUN_2025.06.08_19.44.02/reports/signoff/drc.rpt}"

Sun Jun 08 19:44:48 +0000 2025 - Executing "{python3 /openlane/scripts/drc_rosetta.py magic to_tr -o /openlane/designs/project_5/runs/RUN_2025.06.08_19.44.02/reports/signoff/drc.tr /openlane/designs/project_5/runs/RUN_2025.06.08_19.44.02/reports/signoff/drc.rpt}"

Sun Jun 08 19:44:48 +0000 2025 - Executing "{python3 /openlane/scripts/drc_rosetta.py tr to_klayout -o /openlane/designs/project_5/runs/RUN_2025.06.08_19.44.02/reports/signoff/drc.klayout.xml --design-name cpu_top /openlane/designs/project_5/runs/RUN_2025.06.08_19.44.02/reports/signoff/drc.tr}"

Sun Jun 08 19:44:48 +0000 2025 - Executing "{python3 /openlane/scripts/drc_rosetta.py magic to_rdb -o /openlane/designs/project_5/runs/RUN_2025.06.08_19.44.02/reports/signoff/drc.rdb /openlane/designs/project_5/runs/RUN_2025.06.08_19.44.02/reports/signoff/drc.rpt}"

Sun Jun 08 19:44:48 +0000 2025 - Executing "{klayout -b -zz -r /home/talha/volare_pdks/sky130A/libs.tech/klayout/drc/sky130A_mr.drc -rd topcell=cpu_top -rd input=/openlane/designs/project_5/runs/RUN_2025.06.08_19.44.02/results/signoff/cpu_top.gds -rd report=/openlane/designs/project_5/runs/RUN_2025.06.08_19.44.02/reports/signoff/violations.xml -rd feol=true -rd beol=true -rd floating_metal=false -rd seal=true -rd thread=1 |& tee /dev/null /openlane/designs/project_5/runs/RUN_2025.06.08_19.44.02/logs/signoff/42-drc-klayout.log}"

Sun Jun 08 19:44:49 +0000 2025 - Executing "{python3 /openlane/scripts/klayout/xml_drc_report_to_json.py --xml-file /openlane/designs/project_5/runs/RUN_2025.06.08_19.44.02/reports/signoff/violations.xml --json-file /openlane/designs/project_5/runs/RUN_2025.06.08_19.44.02/reports/signoff/violations.json}"

Sun Jun 08 19:44:49 +0000 2025 - Executing "openroad -exit /openlane/scripts/openroad/antenna_check.tcl |& tee /dev/null /openlane/designs/project_5/runs/RUN_2025.06.08_19.44.02/logs/signoff/43-arc.log"

Sun Jun 08 19:44:49 +0000 2025 - Executing "{openroad -exit /openlane/scripts/openroad/antenna_check.tcl |& tee /dev/null /openlane/designs/project_5/runs/RUN_2025.06.08_19.44.02/logs/signoff/43-arc.log}"

Sun Jun 08 19:44:49 +0000 2025 - Executing "{python3 /openlane/scripts/extract_antenna_violators.py --output /openlane/designs/project_5/runs/RUN_2025.06.08_19.44.02/reports/signoff/43-antenna_violators.rpt --plain-out /openlane/designs/project_5/runs/RUN_2025.06.08_19.44.02/reports/signoff/43-antenna_violators_pins.txt /openlane/designs/project_5/runs/RUN_2025.06.08_19.44.02/logs/signoff/43-arc.log}"

Sun Jun 08 19:44:49 +0000 2025 - Executing "{python3 /openlane/scripts/write_runtime.py --conclude --seconds --time-in 1749411889 {flow completed}}"

Sun Jun 08 19:44:50 +0000 2025 - Executing "{python3 /openlane/scripts/generate_reports.py -d /openlane/designs/project_5 --design_name cpu_top --tag RUN_2025.06.08_19.44.02 --output_file /openlane/designs/project_5/runs/RUN_2025.06.08_19.44.02/reports/metrics.csv --man_report /openlane/designs/project_5/runs/RUN_2025.06.08_19.44.02/reports/manufacturability.rpt --run_path /openlane/designs/project_5/runs/RUN_2025.06.08_19.44.02}"

