Instance,Terminal,Layer,X location,Y location,Voltage
FILLER_0_31_121,VGND,li1,61.4100,97.9200,0.000000
FILLER_0_31_113,VGND,li1,59.3400,97.9200,0.000000
FILLER_0_31_104,VGND,li1,55.2000,97.9200,0.000000
FILLER_0_31_97,VGND,li1,50.8300,97.9200,0.000000
FILLER_0_31_85,VGND,li1,47.3800,97.9200,0.000000
FILLER_0_31_81,VGND,li1,43.4700,97.9200,0.000000
FILLER_0_31_69,VGND,li1,40.0200,97.9200,0.000000
FILLER_0_31_57,VGND,li1,34.5000,97.9200,0.000000
FILLER_0_31_50,VGND,li1,29.9000,97.9200,0.000000
FILLER_0_31_41,VGND,li1,25.7600,97.9200,0.000000
FILLER_0_31_29,VGND,li1,21.6200,97.9200,0.000000
FILLER_0_31_24,VGND,li1,17.4800,97.9200,0.000000
FILLER_0_31_18,VGND,li1,14.4900,97.9200,0.000000
FILLER_0_31_3,VGND,li1,8.7400,97.9200,0.000000
FILLER_0_30_124,VGND,li1,62.7900,92.4800,0.000001
FILLER_0_30_109,VGND,li1,58.4200,92.4800,0.000002
FILLER_0_30_97,VGND,li1,52.9000,92.4800,0.000002
FILLER_0_30_93,VGND,li1,48.5300,92.4800,0.000003
FILLER_0_30_85,VGND,li1,46.4600,92.4800,0.000003
FILLER_0_30_72,VGND,li1,41.4000,92.4800,0.000003
FILLER_0_30_60,VGND,li1,35.8800,92.4800,0.000005
FILLER_0_30_37,VGND,li1,23.2300,92.4800,0.000008
FILLER_0_30_29,VGND,li1,20.7000,92.4800,0.000008
FILLER_0_30_26,VGND,li1,17.9400,92.4800,0.000008
FILLER_0_30_3,VGND,li1,7.5900,92.4800,0.000007
FILLER_0_29_113,VGND,li1,60.2600,92.4800,0.000001
FILLER_0_29_108,VGND,li1,55.4300,92.4800,0.000002
FILLER_0_29_104,VGND,li1,54.2800,92.4800,0.000002
FILLER_0_29_100,VGND,li1,51.7500,92.4800,0.000002
FILLER_0_29_94,VGND,li1,50.1400,92.4800,0.000003
FILLER_0_29_65,VGND,li1,36.1100,92.4800,0.000005
FILLER_0_29_57,VGND,li1,33.5800,92.4800,0.000006
FILLER_0_29_52,VGND,li1,30.3600,92.4800,0.000008
FILLER_0_29_47,VGND,li1,27.3700,92.4800,0.000009
FILLER_0_29_41,VGND,li1,25.0700,92.4800,0.000009
FILLER_0_29_33,VGND,li1,22.5400,92.4800,0.000008
FILLER_0_29_27,VGND,li1,18.6300,92.4800,0.000008
FILLER_0_29_15,VGND,li1,15.1800,92.4800,0.000008
FILLER_0_29_3,VGND,li1,9.6600,92.4800,0.000007
FILLER_0_28_124,VGND,li1,62.7900,87.0400,0.000006
FILLER_0_28_112,VGND,li1,59.8000,87.0400,0.000007
FILLER_0_28_88,VGND,li1,46.2300,87.0400,0.000011
FILLER_0_28_53,VGND,li1,31.7400,87.0400,0.000008
FILLER_0_28_41,VGND,li1,27.1400,87.0400,0.000007
FILLER_0_28_29,VGND,li1,21.6200,87.0400,0.000005
FILLER_0_28_27,VGND,li1,18.1700,87.0400,0.000004
FILLER_0_28_15,VGND,li1,15.1800,87.0400,0.000003
FILLER_0_28_3,VGND,li1,9.6600,87.0400,0.000003
FILLER_0_27_121,VGND,li1,61.4100,87.0400,0.000006
FILLER_0_27_113,VGND,li1,59.3400,87.0400,0.000007
FILLER_0_27_111,VGND,li1,56.8100,87.0400,0.000008
FILLER_0_27_103,VGND,li1,54.7400,87.0400,0.000010
FILLER_0_27_99,VGND,li1,51.2900,87.0400,0.000011
FILLER_0_27_87,VGND,li1,48.3000,87.0400,0.000011
FILLER_0_27_57,VGND,li1,32.2000,87.0400,0.000008
FILLER_0_27_55,VGND,li1,31.0500,87.0400,0.000008
FILLER_0_27_47,VGND,li1,28.9800,87.0400,0.000007
FILLER_0_27_35,VGND,li1,24.3800,87.0400,0.000006
FILLER_0_27_23,VGND,li1,18.8600,87.0400,0.000004
FILLER_0_27_11,VGND,li1,13.3400,87.0400,0.000003
FILLER_0_27_3,VGND,li1,7.3600,87.0400,0.000003
FILLER_0_26_121,VGND,li1,62.1000,81.6000,0.000001
FILLER_0_26_115,VGND,li1,58.6500,81.6000,0.000001
FILLER_0_26_103,VGND,li1,55.6600,81.6000,0.000001
FILLER_0_26_96,VGND,li1,49.9100,81.6000,0.000002
FILLER_0_26_88,VGND,li1,47.8400,81.6000,0.000002
FILLER_0_26_83,VGND,li1,43.9300,81.6000,0.000002
FILLER_0_26_71,VGND,li1,40.9400,81.6000,0.000003
FILLER_0_26_41,VGND,li1,25.0700,81.6000,0.000005
FILLER_0_26_29,VGND,li1,21.6200,81.6000,0.000004
FILLER_0_26_27,VGND,li1,18.1700,81.6000,0.000003
FILLER_0_26_23,VGND,li1,17.0200,81.6000,0.000003
FILLER_0_26_19,VGND,li1,14.4900,81.6000,0.000002
FILLER_0_26_7,VGND,li1,11.5000,81.6000,0.000002
FILLER_0_25_113,VGND,li1,60.2600,81.6000,0.000001
FILLER_0_25_108,VGND,li1,55.4300,81.6000,0.000001
FILLER_0_25_100,VGND,li1,53.3600,81.6000,0.000002
FILLER_0_25_93,VGND,li1,48.5300,81.6000,0.000002
FILLER_0_25_81,VGND,li1,45.5400,81.6000,0.000002
FILLER_0_25_69,VGND,li1,40.0200,81.6000,0.000003
FILLER_0_25_57,VGND,li1,34.5000,81.6000,0.000004
FILLER_0_25_48,VGND,li1,29.4400,81.6000,0.000006
FILLER_0_25_41,VGND,li1,24.8400,81.6000,0.000005
FILLER_0_25_36,VGND,li1,22.7700,81.6000,0.000005
FILLER_0_25_27,VGND,li1,18.4000,81.6000,0.000003
FILLER_0_25_15,VGND,li1,15.1800,81.6000,0.000002
FILLER_0_25_3,VGND,li1,9.6600,81.6000,0.000002
FILLER_0_24_119,VGND,li1,61.6400,76.1600,0.000009
FILLER_0_24_97,VGND,li1,50.6000,76.1600,0.000012
FILLER_0_24_85,VGND,li1,47.3800,76.1600,0.000012
FILLER_0_24_82,VGND,li1,43.7000,76.1600,0.000011
FILLER_0_24_70,VGND,li1,40.4800,76.1600,0.000008
FILLER_0_24_45,VGND,li1,26.6800,76.1600,0.000008
FILLER_0_24_41,VGND,li1,24.8400,76.1600,0.000007
FILLER_0_24_33,VGND,li1,20.9300,76.1600,0.000006
FILLER_0_24_29,VGND,li1,19.7800,76.1600,0.000005
FILLER_0_24_22,VGND,li1,17.0200,76.1600,0.000004
FILLER_0_24_10,VGND,li1,12.8800,76.1600,0.000003
FILLER_0_24_3,VGND,li1,7.3600,76.1600,0.000003
FILLER_0_23_113,VGND,li1,60.2600,76.1600,0.000009
FILLER_0_23_108,VGND,li1,56.1200,76.1600,0.000012
FILLER_0_23_103,VGND,li1,53.3600,76.1600,0.000012
FILLER_0_23_79,VGND,li1,42.0900,76.1600,0.000009
FILLER_0_23_75,VGND,li1,40.9400,76.1600,0.000009
FILLER_0_23_64,VGND,li1,35.1900,76.1600,0.000009
FILLER_0_23_57,VGND,li1,31.9700,76.1600,0.000010
FILLER_0_23_55,VGND,li1,31.0500,76.1600,0.000009
FILLER_0_23_34,VGND,li1,23.9200,76.1600,0.000007
FILLER_0_23_27,VGND,li1,18.1700,76.1600,0.000005
FILLER_0_23_19,VGND,li1,16.1000,76.1600,0.000004
FILLER_0_23_12,VGND,li1,11.9600,76.1600,0.000003
FILLER_0_23_3,VGND,li1,7.5900,76.1600,0.000003
FILLER_0_22_121,VGND,li1,61.4100,70.7200,0.000030
FILLER_0_22_109,VGND,li1,58.4200,70.7200,0.000038
FILLER_0_22_97,VGND,li1,52.9000,70.7200,0.000049
FILLER_0_22_85,VGND,li1,47.3800,70.7200,0.000055
FILLER_0_22_83,VGND,li1,43.9300,70.7200,0.000049
FILLER_0_22_71,VGND,li1,40.9400,70.7200,0.000045
FILLER_0_22_46,VGND,li1,26.9100,70.7200,0.000043
FILLER_0_22_38,VGND,li1,24.8400,70.7200,0.000040
FILLER_0_22_15,VGND,li1,14.2600,70.7200,0.000019
FILLER_0_22_3,VGND,li1,9.6600,70.7200,0.000019
FILLER_0_21_113,VGND,li1,60.2600,70.7200,0.000030
FILLER_0_21_111,VGND,li1,56.8100,70.7200,0.000043
FILLER_0_21_105,VGND,li1,55.2000,70.7200,0.000043
FILLER_0_21_79,VGND,li1,43.2400,70.7200,0.000049
FILLER_0_21_72,VGND,li1,39.5600,70.7200,0.000041
FILLER_0_21_60,VGND,li1,35.8800,70.7200,0.000049
FILLER_0_21_54,VGND,li1,30.8200,70.7200,0.000050
FILLER_0_21_44,VGND,li1,26.4500,70.7200,0.000040
FILLER_0_21_32,VGND,li1,23.0000,70.7200,0.000036
FILLER_0_21_18,VGND,li1,15.1800,70.7200,0.000019
FILLER_0_21_6,VGND,li1,11.0400,70.7200,0.000019
FILLER_0_20_92,VGND,li1,48.3000,65.2800,0.000016
FILLER_0_20_62,VGND,li1,34.2700,65.2800,0.000010
FILLER_0_20_53,VGND,li1,31.2800,65.2800,0.000009
FILLER_0_20_41,VGND,li1,27.1400,65.2800,0.000008
FILLER_0_20_29,VGND,li1,21.6200,65.2800,0.000006
FILLER_0_20_27,VGND,li1,18.1700,65.2800,0.000005
FILLER_0_20_15,VGND,li1,15.1800,65.2800,0.000004
FILLER_0_20_3,VGND,li1,9.6600,65.2800,0.000003
FILLER_0_19_124,VGND,li1,62.7900,65.2800,0.000009
FILLER_0_19_116,VGND,li1,60.7200,65.2800,0.000011
FILLER_0_19_110,VGND,li1,56.5800,65.2800,0.000015
FILLER_0_19_64,VGND,li1,35.4200,65.2800,0.000010
FILLER_0_19_53,VGND,li1,30.5900,65.2800,0.000009
FILLER_0_19_41,VGND,li1,27.1400,65.2800,0.000008
FILLER_0_19_35,VGND,li1,21.8500,65.2800,0.000006
FILLER_0_19_27,VGND,li1,19.7800,65.2800,0.000005
FILLER_0_19_20,VGND,li1,15.1800,65.2800,0.000004
FILLER_0_19_16,VGND,li1,13.3400,65.2800,0.000003
FILLER_0_19_9,VGND,li1,9.8900,65.2800,0.000003
FILLER_0_19_3,VGND,li1,8.2800,65.2800,0.000003
FILLER_0_18_122,VGND,li1,62.3300,59.8400,0.000007
FILLER_0_18_114,VGND,li1,59.8000,59.8400,0.000009
FILLER_0_18_89,VGND,li1,46.6900,59.8400,0.000015
FILLER_0_18_85,VGND,li1,45.5400,59.8400,0.000015
FILLER_0_18_45,VGND,li1,28.0600,59.8400,0.000015
FILLER_0_18_33,VGND,li1,23.4600,59.8400,0.000015
FILLER_0_18_25,VGND,li1,17.7100,59.8400,0.000012
FILLER_0_18_13,VGND,li1,14.2600,59.8400,0.000010
FILLER_0_17_113,VGND,li1,60.2600,59.8400,0.000009
FILLER_0_17_109,VGND,li1,56.3500,59.8400,0.000012
FILLER_0_17_101,VGND,li1,53.8200,59.8400,0.000014
FILLER_0_17_57,VGND,li1,31.9700,59.8400,0.000015
FILLER_0_17_31,VGND,li1,20.2400,59.8400,0.000013
FILLER_0_17_23,VGND,li1,17.9400,59.8400,0.000012
FILLER_0_16_121,VGND,li1,61.4100,54.4000,0.000015
FILLER_0_16_117,VGND,li1,60.2600,54.4000,0.000015
FILLER_0_16_83,VGND,li1,43.9300,54.4000,0.000032
FILLER_0_16_78,VGND,li1,41.6300,54.4000,0.000034
FILLER_0_16_46,VGND,li1,28.0600,54.4000,0.000035
FILLER_0_16_39,VGND,li1,24.3800,54.4000,0.000030
FILLER_0_16_29,VGND,li1,19.0900,54.4000,0.000024
FILLER_0_15_113,VGND,li1,60.2600,54.4000,0.000015
FILLER_0_15_110,VGND,li1,56.5800,54.4000,0.000021
FILLER_0_15_106,VGND,li1,54.5100,54.4000,0.000023
FILLER_0_15_100,VGND,li1,51.7500,54.4000,0.000026
FILLER_0_15_96,VGND,li1,50.6000,54.4000,0.000026
FILLER_0_15_88,VGND,li1,46.2300,54.4000,0.000031
FILLER_0_15_80,VGND,li1,44.1600,54.4000,0.000032
FILLER_0_15_53,VGND,li1,30.5900,54.4000,0.000038
FILLER_0_15_45,VGND,li1,28.0600,54.4000,0.000035
FILLER_0_15_32,VGND,li1,22.0800,54.4000,0.000028
FILLER_0_15_20,VGND,li1,17.4800,54.4000,0.000022
FILLER_0_15_16,VGND,li1,13.1100,54.4000,0.000017
FILLER_0_15_8,VGND,li1,11.0400,54.4000,0.000019
FILLER_0_15_3,VGND,li1,7.3600,54.4000,0.000019
FILLER_0_14_117,VGND,li1,59.8000,48.9600,0.000004
FILLER_0_14_105,VGND,li1,56.5800,48.9600,0.000005
FILLER_0_14_93,VGND,li1,51.0600,48.9600,0.000007
FILLER_0_14_85,VGND,li1,45.5400,48.9600,0.000008
FILLER_0_14_68,VGND,li1,38.6400,48.9600,0.000006
FILLER_0_14_59,VGND,li1,32.8900,48.9600,0.000007
FILLER_0_14_55,VGND,li1,31.7400,48.9600,0.000006
FILLER_0_14_43,VGND,li1,28.0600,48.9600,0.000006
FILLER_0_14_29,VGND,li1,19.3200,48.9600,0.000004
FILLER_0_14_20,VGND,li1,16.5600,48.9600,0.000003
FILLER_0_14_6,VGND,li1,10.1200,48.9600,0.000002
FILLER_0_13_113,VGND,li1,60.2600,48.9600,0.000004
FILLER_0_13_110,VGND,li1,56.5800,48.9600,0.000005
FILLER_0_13_103,VGND,li1,53.8200,48.9600,0.000006
FILLER_0_13_82,VGND,li1,43.4700,48.9600,0.000007
FILLER_0_13_50,VGND,li1,28.7500,48.9600,0.000006
FILLER_0_13_44,VGND,li1,27.1400,48.9600,0.000006
FILLER_0_13_37,VGND,li1,23.0000,48.9600,0.000004
FILLER_0_13_11,VGND,li1,11.2700,48.9600,0.000002
FILLER_0_13_3,VGND,li1,8.7400,48.9600,0.000002
FILLER_0_12_119,VGND,li1,61.6400,43.5200,0.000027
FILLER_0_12_107,VGND,li1,57.5000,43.5200,0.000036
FILLER_0_12_97,VGND,li1,51.0600,43.5200,0.000050
FILLER_0_12_85,VGND,li1,45.3100,43.5200,0.000041
FILLER_0_12_80,VGND,li1,43.2400,43.5200,0.000036
FILLER_0_12_68,VGND,li1,37.2600,43.5200,0.000021
FILLER_0_12_60,VGND,li1,34.9600,43.5200,0.000021
FILLER_0_12_53,VGND,li1,30.1300,43.5200,0.000019
FILLER_0_12_47,VGND,li1,28.5200,43.5200,0.000019
FILLER_0_12_36,VGND,li1,23.9200,43.5200,0.000018
FILLER_0_12_29,VGND,li1,19.3200,43.5200,0.000013
FILLER_0_12_12,VGND,li1,12.8800,43.5200,0.000009
FILLER_0_12_3,VGND,li1,7.8200,43.5200,0.000009
FILLER_0_11_118,VGND,li1,60.7200,43.5200,0.000027
FILLER_0_11_108,VGND,li1,56.1200,43.5200,0.000036
FILLER_0_11_76,VGND,li1,43.2400,43.5200,0.000036
FILLER_0_11_69,VGND,li1,38.1800,43.5200,0.000021
FILLER_0_11_57,VGND,li1,34.5000,43.5200,0.000021
FILLER_0_11_55,VGND,li1,31.0500,43.5200,0.000020
FILLER_0_11_27,VGND,li1,18.4000,43.5200,0.000013
FILLER_0_11_19,VGND,li1,14.4900,43.5200,0.000009
FILLER_0_11_15,VGND,li1,13.3400,43.5200,0.000009
FILLER_0_11_3,VGND,li1,9.6600,43.5200,0.000009
FILLER_0_10_122,VGND,li1,62.3300,38.0800,0.000010
FILLER_0_10_110,VGND,li1,58.8800,38.0800,0.000014
FILLER_0_10_94,VGND,li1,49.4500,38.0800,0.000024
FILLER_0_10_82,VGND,li1,43.7000,38.0800,0.000030
FILLER_0_10_74,VGND,li1,41.4000,38.0800,0.000032
FILLER_0_10_62,VGND,li1,36.8000,38.0800,0.000045
FILLER_0_10_37,VGND,li1,22.7700,38.0800,0.000069
FILLER_0_10_29,VGND,li1,20.7000,38.0800,0.000060
FILLER_0_10_27,VGND,li1,18.1700,38.0800,0.000051
FILLER_0_10_20,VGND,li1,15.6400,38.0800,0.000043
FILLER_0_10_8,VGND,li1,11.9600,38.0800,0.000036
FILLER_0_10_3,VGND,li1,7.1300,38.0800,0.000036
FILLER_0_9_113,VGND,li1,60.2600,38.0800,0.000014
FILLER_0_9_109,VGND,li1,56.3500,38.0800,0.000017
FILLER_0_9_100,VGND,li1,51.7500,38.0800,0.000021
FILLER_0_9_94,VGND,li1,50.1400,38.0800,0.000024
FILLER_0_9_82,VGND,li1,46.0000,38.0800,0.000027
FILLER_0_9_70,VGND,li1,40.4800,38.0800,0.000035
FILLER_0_9_57,VGND,li1,33.5800,38.0800,0.000059
FILLER_0_9_34,VGND,li1,21.6200,38.0800,0.000060
FILLER_0_9_23,VGND,li1,17.9400,38.0800,0.000051
FILLER_0_9_11,VGND,li1,13.3400,38.0800,0.000036
FILLER_0_9_3,VGND,li1,7.3600,38.0800,0.000036
FILLER_0_8_117,VGND,li1,61.1800,32.6400,0.000004
FILLER_0_8_105,VGND,li1,56.5800,32.6400,0.000005
FILLER_0_8_83,VGND,li1,43.9300,32.6400,0.000004
FILLER_0_8_77,VGND,li1,42.3200,32.6400,0.000004
FILLER_0_8_62,VGND,li1,36.8000,32.6400,0.000003
FILLER_0_8_44,VGND,li1,26.2200,32.6400,0.000002
FILLER_0_8_29,VGND,li1,21.6200,32.6400,0.000001
FILLER_0_8_26,VGND,li1,17.9400,32.6400,0.000001
FILLER_0_8_18,VGND,li1,15.6400,32.6400,0.000001
FILLER_0_8_6,VGND,li1,11.0400,32.6400,0.000001
FILLER_0_7_124,VGND,li1,62.7900,32.6400,0.000003
FILLER_0_7_120,VGND,li1,61.6400,32.6400,0.000003
FILLER_0_7_113,VGND,li1,57.9600,32.6400,0.000004
FILLER_0_7_111,VGND,li1,56.8100,32.6400,0.000005
FILLER_0_7_105,VGND,li1,55.2000,32.6400,0.000005
FILLER_0_7_93,VGND,li1,51.0600,32.6400,0.000006
FILLER_0_7_81,VGND,li1,44.1600,32.6400,0.000004
FILLER_0_7_69,VGND,li1,40.0200,32.6400,0.000003
FILLER_0_7_57,VGND,li1,34.5000,32.6400,0.000002
FILLER_0_7_52,VGND,li1,30.3600,32.6400,0.000002
FILLER_0_7_40,VGND,li1,26.6800,32.6400,0.000002
FILLER_0_7_30,VGND,li1,19.7800,32.6400,0.000001
FILLER_0_7_22,VGND,li1,17.4800,32.6400,0.000001
FILLER_0_7_10,VGND,li1,12.8800,32.6400,0.000001
FILLER_0_7_3,VGND,li1,7.5900,32.6400,0.000001
FILLER_0_6_122,VGND,li1,62.3300,27.2000,0.000004
FILLER_0_6_113,VGND,li1,57.7300,27.2000,0.000006
FILLER_0_6_109,VGND,li1,55.8900,27.2000,0.000006
FILLER_0_6_105,VGND,li1,54.7400,27.2000,0.000006
FILLER_0_6_83,VGND,li1,43.9300,27.2000,0.000007
FILLER_0_6_71,VGND,li1,40.9400,27.2000,0.000006
FILLER_0_6_49,VGND,li1,28.2900,27.2000,0.000006
FILLER_0_6_41,VGND,li1,26.2200,27.2000,0.000006
FILLER_0_6_29,VGND,li1,21.6200,27.2000,0.000005
FILLER_0_6_27,VGND,li1,18.1700,27.2000,0.000004
FILLER_0_6_15,VGND,li1,15.1800,27.2000,0.000003
FILLER_0_6_3,VGND,li1,9.6600,27.2000,0.000003
FILLER_0_5_120,VGND,li1,61.1800,27.2000,0.000004
FILLER_0_5_117,VGND,li1,59.5700,27.2000,0.000005
FILLER_0_5_113,VGND,li1,58.4200,27.2000,0.000006
FILLER_0_5_111,VGND,li1,56.8100,27.2000,0.000006
FILLER_0_5_93,VGND,li1,48.7600,27.2000,0.000008
FILLER_0_5_81,VGND,li1,45.5400,27.2000,0.000007
FILLER_0_5_69,VGND,li1,40.0200,27.2000,0.000006
FILLER_0_5_57,VGND,li1,34.5000,27.2000,0.000008
FILLER_0_5_54,VGND,li1,30.8200,27.2000,0.000007
FILLER_0_5_50,VGND,li1,28.7500,27.2000,0.000006
FILLER_0_5_44,VGND,li1,27.1400,27.2000,0.000006
FILLER_0_5_36,VGND,li1,22.3100,27.2000,0.000005
FILLER_0_5_32,VGND,li1,21.1600,27.2000,0.000005
FILLER_0_5_20,VGND,li1,17.4800,27.2000,0.000004
FILLER_0_5_8,VGND,li1,11.9600,27.2000,0.000003
FILLER_0_5_3,VGND,li1,7.3600,27.2000,0.000003
FILLER_0_4_124,VGND,li1,62.7900,21.7600,0.000005
FILLER_0_4_97,VGND,li1,50.8300,21.7600,0.000006
FILLER_0_4_85,VGND,li1,47.3800,21.7600,0.000005
FILLER_0_4_80,VGND,li1,43.2400,21.7600,0.000004
FILLER_0_4_76,VGND,li1,40.7100,21.7600,0.000004
FILLER_0_4_70,VGND,li1,39.1000,21.7600,0.000003
FILLER_0_4_58,VGND,li1,34.9600,21.7600,0.000004
FILLER_0_4_46,VGND,li1,29.4400,21.7600,0.000004
FILLER_0_4_39,VGND,li1,23.9200,21.7600,0.000004
FILLER_0_4_33,VGND,li1,20.9300,21.7600,0.000005
FILLER_0_4_29,VGND,li1,19.3200,21.7600,0.000005
FILLER_0_4_26,VGND,li1,17.9400,21.7600,0.000005
FILLER_0_3_124,VGND,li1,62.7900,21.7600,0.000005
FILLER_0_3_118,VGND,li1,61.1800,21.7600,0.000005
FILLER_0_3_110,VGND,li1,56.5800,21.7600,0.000007
FILLER_0_3_93,VGND,li1,51.0600,21.7600,0.000006
FILLER_0_3_81,VGND,li1,45.5400,21.7600,0.000005
FILLER_0_3_68,VGND,li1,37.7200,21.7600,0.000003
FILLER_0_3_57,VGND,li1,33.5800,21.7600,0.000004
FILLER_0_3_44,VGND,li1,28.5200,21.7600,0.000004
FILLER_0_3_36,VGND,li1,22.3100,21.7600,0.000004
FILLER_0_3_31,VGND,li1,20.0100,21.7600,0.000005
FILLER_0_3_27,VGND,li1,18.8600,21.7600,0.000005
FILLER_0_3_15,VGND,li1,12.6500,21.7600,0.000005
FILLER_0_3_3,VGND,li1,9.6600,21.7600,0.000005
FILLER_0_2_121,VGND,li1,62.1000,16.3200,0.000000
FILLER_0_2_112,VGND,li1,58.4200,16.3200,0.000000
FILLER_0_2_100,VGND,li1,54.2800,16.3200,0.000000
FILLER_0_2_85,VGND,li1,47.3800,16.3200,0.000000
FILLER_0_2_83,VGND,li1,43.9300,16.3200,0.000000
FILLER_0_2_71,VGND,li1,40.9400,16.3200,0.000000
FILLER_0_2_59,VGND,li1,35.4200,16.3200,0.000000
FILLER_0_2_47,VGND,li1,29.9000,16.3200,0.000000
FILLER_0_2_42,VGND,li1,25.0700,16.3200,0.000000
FILLER_0_2_33,VGND,li1,21.1600,16.3200,0.000000
FILLER_0_2_29,VGND,li1,19.0900,16.3200,0.000000
FILLER_0_2_27,VGND,li1,18.1700,16.3200,0.000000
FILLER_0_2_15,VGND,li1,15.1800,16.3200,0.000000
FILLER_0_2_3,VGND,li1,9.6600,16.3200,0.000000
FILLER_0_1_117,VGND,li1,59.8000,16.3200,0.000000
FILLER_0_1_113,VGND,li1,57.9600,16.3200,0.000000
FILLER_0_1_104,VGND,li1,55.2000,16.3200,0.000000
FILLER_0_1_92,VGND,li1,50.6000,16.3200,0.000000
FILLER_0_1_80,VGND,li1,45.0800,16.3200,0.000000
FILLER_0_1_69,VGND,li1,38.6400,16.3200,0.000000
FILLER_0_1_57,VGND,li1,34.5000,16.3200,0.000000
FILLER_0_1_55,VGND,li1,31.0500,16.3200,0.000000
FILLER_0_1_41,VGND,li1,25.7600,16.3200,0.000000
FILLER_0_1_15,VGND,li1,13.1100,16.3200,0.000000
FILLER_0_1_3,VGND,li1,9.6600,16.3200,0.000000
FILLER_0_0_116,VGND,li1,59.1100,10.8800,0.000000
FILLER_0_0_108,VGND,li1,56.1200,10.8800,0.000000
FILLER_0_0_96,VGND,li1,52.4400,10.8800,0.000000
FILLER_0_0_89,VGND,li1,46.6900,10.8800,0.000000
FILLER_0_0_85,VGND,li1,45.5400,10.8800,0.000000
FILLER_0_0_80,VGND,li1,43.2400,10.8800,0.000000
FILLER_0_0_73,VGND,li1,39.3300,10.8800,0.000000
FILLER_0_0_65,VGND,li1,37.2600,10.8800,0.000000
FILLER_0_0_55,VGND,li1,31.0500,10.8800,0.000000
FILLER_0_0_51,VGND,li1,29.9000,10.8800,0.000000
FILLER_0_0_39,VGND,li1,26.2200,10.8800,0.000000
FILLER_0_0_33,VGND,li1,21.3900,10.8800,0.000000
FILLER_0_0_27,VGND,li1,18.1700,10.8800,0.000000
FILLER_0_0_20,VGND,li1,15.6400,10.8800,0.000000
FILLER_0_0_14,VGND,li1,12.6500,10.8800,0.000000
FILLER_0_0_6,VGND,li1,10.1200,10.8800,0.000000
ANTENNA_6,VGND,li1,20.2400,21.7600,0.000005
ANTENNA_5,VGND,li1,58.8800,16.3200,0.000000
ANTENNA_4,VGND,li1,60.2600,27.2000,0.000005
ANTENNA_3,VGND,li1,23.9200,81.6000,0.000005
ANTENNA_2,VGND,li1,14.2600,65.2800,0.000003
ANTENNA_1,VGND,li1,25.7600,76.1600,0.000008
clkload2,VGND,li1,28.0600,70.7200,0.000043
clkload1,VGND,li1,47.3800,43.5200,0.000046
clkload0,VGND,li1,28.5200,38.0800,0.000082
clkbuf_2_3__f_clk,VGND,li1,49.2200,70.7200,0.000058
clkbuf_2_2__f_clk,VGND,li1,33.5800,70.7200,0.000055
clkbuf_2_1__f_clk,VGND,li1,50.6000,43.5200,0.000050
clkbuf_2_0__f_clk,VGND,li1,26.6800,38.0800,0.000083
clkbuf_0_clk,VGND,li1,36.8000,54.4000,0.000044
ZeroToFiveCounter_9,VGND,li1,7.5900,10.8800,0.000000
output8,VGND,li1,60.9500,16.3200,0.000000
output7,VGND,li1,62.3300,27.2000,0.000004
output6,VGND,li1,62.3300,43.5200,0.000027
output5,VGND,li1,62.3300,54.4000,0.000012
output4,VGND,li1,62.3300,70.7200,0.000025
output3,VGND,li1,62.3300,87.0400,0.000006
output2,VGND,li1,62.3300,97.9200,0.000000
input1,VGND,li1,7.8200,81.6000,0.000002
ZeroToFiveCounter_10,VGND,li1,62.3300,16.3200,0.000000
ZeroToFiveCounter_16,VGND,li1,14.0300,10.8800,0.000000
ZeroToFiveCounter_15,VGND,li1,22.7700,10.8800,0.000000
ZeroToFiveCounter_14,VGND,li1,34.7300,10.8800,0.000000
ZeroToFiveCounter_13,VGND,li1,40.2500,10.8800,0.000000
ZeroToFiveCounter_12,VGND,li1,48.9900,10.8800,0.000000
ZeroToFiveCounter_11,VGND,li1,58.1900,10.8800,0.000000
TAP_TAPCELL_ROW_31_131,VGND,li1,57.2700,97.6280,0.000000
TAP_TAPCELL_ROW_31_130,VGND,li1,44.3900,97.6280,0.000000
TAP_TAPCELL_ROW_31_129,VGND,li1,31.5100,97.6280,0.000000
TAP_TAPCELL_ROW_31_128,VGND,li1,18.6300,97.6280,0.000000
TAP_TAPCELL_ROW_30_127,VGND,li1,44.3900,92.7710,0.000003
TAP_TAPCELL_ROW_30_126,VGND,li1,18.6300,92.7710,0.000008
TAP_TAPCELL_ROW_29_125,VGND,li1,57.2700,92.1880,0.000002
TAP_TAPCELL_ROW_29_124,VGND,li1,31.5100,92.1880,0.000008
TAP_TAPCELL_ROW_28_123,VGND,li1,44.3900,87.3310,0.000011
TAP_TAPCELL_ROW_28_122,VGND,li1,18.6300,87.3310,0.000004
TAP_TAPCELL_ROW_27_121,VGND,li1,57.2700,86.7480,0.000008
TAP_TAPCELL_ROW_27_120,VGND,li1,31.5100,86.7480,0.000008
TAP_TAPCELL_ROW_26_119,VGND,li1,44.3900,81.8910,0.000002
TAP_TAPCELL_ROW_26_118,VGND,li1,18.6300,81.8910,0.000003
TAP_TAPCELL_ROW_25_117,VGND,li1,57.2700,81.3080,0.000001
TAP_TAPCELL_ROW_25_116,VGND,li1,31.5100,81.3080,0.000005
TAP_TAPCELL_ROW_24_115,VGND,li1,44.3900,76.4510,0.000011
TAP_TAPCELL_ROW_24_114,VGND,li1,18.6300,76.4510,0.000005
TAP_TAPCELL_ROW_23_113,VGND,li1,57.2700,75.8680,0.000012
TAP_TAPCELL_ROW_23_112,VGND,li1,31.5100,75.8680,0.000010
TAP_TAPCELL_ROW_22_111,VGND,li1,44.3900,71.0110,0.000049
TAP_TAPCELL_ROW_22_110,VGND,li1,18.6300,71.0110,0.000025
TAP_TAPCELL_ROW_21_109,VGND,li1,57.2700,70.4280,0.000038
TAP_TAPCELL_ROW_21_108,VGND,li1,31.5100,70.4280,0.000050
TAP_TAPCELL_ROW_20_107,VGND,li1,44.3900,65.5710,0.000014
TAP_TAPCELL_ROW_20_106,VGND,li1,18.6300,65.5710,0.000005
TAP_TAPCELL_ROW_19_105,VGND,li1,57.2700,64.9880,0.000015
TAP_TAPCELL_ROW_19_104,VGND,li1,31.5100,64.9880,0.000009
TAP_TAPCELL_ROW_18_103,VGND,li1,44.3900,60.1310,0.000014
TAP_TAPCELL_ROW_18_102,VGND,li1,18.6300,60.1310,0.000012
TAP_TAPCELL_ROW_17_101,VGND,li1,57.2700,59.5480,0.000012
TAP_TAPCELL_ROW_17_100,VGND,li1,31.5100,59.5480,0.000015
TAP_TAPCELL_ROW_16_99,VGND,li1,44.3900,54.6910,0.000032
TAP_TAPCELL_ROW_16_98,VGND,li1,18.6300,54.6910,0.000022
TAP_TAPCELL_ROW_15_97,VGND,li1,57.2700,54.1080,0.000018
TAP_TAPCELL_ROW_15_96,VGND,li1,31.5100,54.1080,0.000038
TAP_TAPCELL_ROW_14_95,VGND,li1,44.3900,49.2510,0.000007
TAP_TAPCELL_ROW_14_94,VGND,li1,18.6300,49.2510,0.000004
TAP_TAPCELL_ROW_13_93,VGND,li1,57.2700,48.6680,0.000005
TAP_TAPCELL_ROW_13_92,VGND,li1,31.5100,48.6680,0.000006
TAP_TAPCELL_ROW_12_91,VGND,li1,44.3900,43.8110,0.000036
TAP_TAPCELL_ROW_12_90,VGND,li1,18.6300,43.8110,0.000013
TAP_TAPCELL_ROW_11_89,VGND,li1,57.2700,43.2280,0.000036
TAP_TAPCELL_ROW_11_88,VGND,li1,31.5100,43.2280,0.000020
TAP_TAPCELL_ROW_10_87,VGND,li1,44.3900,38.3710,0.000030
TAP_TAPCELL_ROW_10_86,VGND,li1,18.6300,38.3710,0.000051
TAP_TAPCELL_ROW_9_85,VGND,li1,57.2700,37.7880,0.000017
TAP_TAPCELL_ROW_9_84,VGND,li1,31.5100,37.7880,0.000068
TAP_TAPCELL_ROW_8_83,VGND,li1,44.3900,32.9310,0.000004
TAP_TAPCELL_ROW_8_82,VGND,li1,18.6300,32.9310,0.000001
TAP_TAPCELL_ROW_7_81,VGND,li1,57.2700,32.3480,0.000004
TAP_TAPCELL_ROW_7_80,VGND,li1,31.5100,32.3480,0.000002
TAP_TAPCELL_ROW_6_79,VGND,li1,44.3900,27.4910,0.000007
TAP_TAPCELL_ROW_6_78,VGND,li1,18.6300,27.4910,0.000004
TAP_TAPCELL_ROW_5_77,VGND,li1,57.2700,26.9080,0.000006
TAP_TAPCELL_ROW_5_76,VGND,li1,31.5100,26.9080,0.000007
TAP_TAPCELL_ROW_4_75,VGND,li1,44.3900,22.0510,0.000004
TAP_TAPCELL_ROW_4_74,VGND,li1,18.6300,22.0510,0.000005
TAP_TAPCELL_ROW_3_73,VGND,li1,57.2700,21.4680,0.000006
TAP_TAPCELL_ROW_3_72,VGND,li1,31.5100,21.4680,0.000004
TAP_TAPCELL_ROW_2_71,VGND,li1,44.3900,16.6110,0.000000
TAP_TAPCELL_ROW_2_70,VGND,li1,18.6300,16.6110,0.000000
TAP_TAPCELL_ROW_1_69,VGND,li1,57.2700,16.0280,0.000000
TAP_TAPCELL_ROW_1_68,VGND,li1,31.5100,16.0280,0.000000
TAP_TAPCELL_ROW_0_67,VGND,li1,57.2700,11.1710,0.000000
TAP_TAPCELL_ROW_0_66,VGND,li1,44.3900,11.1710,0.000000
TAP_TAPCELL_ROW_0_65,VGND,li1,31.5100,11.1710,0.000000
TAP_TAPCELL_ROW_0_64,VGND,li1,18.6300,11.1710,0.000000
PHY_EDGE_ROW_31_Left_63,VGND,li1,6.2100,97.9200,0.000000
PHY_EDGE_ROW_30_Left_62,VGND,li1,6.2100,92.4800,0.000007
PHY_EDGE_ROW_29_Left_61,VGND,li1,6.2100,92.4800,0.000007
PHY_EDGE_ROW_28_Left_60,VGND,li1,6.2100,87.0400,0.000003
PHY_EDGE_ROW_27_Left_59,VGND,li1,6.2100,87.0400,0.000003
PHY_EDGE_ROW_26_Left_58,VGND,li1,6.2100,81.6000,0.000002
PHY_EDGE_ROW_25_Left_57,VGND,li1,6.2100,81.6000,0.000002
PHY_EDGE_ROW_24_Left_56,VGND,li1,6.2100,76.1600,0.000003
PHY_EDGE_ROW_23_Left_55,VGND,li1,6.2100,76.1600,0.000003
PHY_EDGE_ROW_22_Left_54,VGND,li1,6.2100,70.7200,0.000019
PHY_EDGE_ROW_21_Left_53,VGND,li1,6.2100,70.7200,0.000019
PHY_EDGE_ROW_20_Left_52,VGND,li1,6.2100,65.2800,0.000003
PHY_EDGE_ROW_19_Left_51,VGND,li1,6.2100,65.2800,0.000003
PHY_EDGE_ROW_18_Left_50,VGND,li1,6.2100,59.8400,0.000012
PHY_EDGE_ROW_17_Left_49,VGND,li1,6.2100,59.8400,0.000012
PHY_EDGE_ROW_16_Left_48,VGND,li1,6.2100,54.4000,0.000019
PHY_EDGE_ROW_15_Left_47,VGND,li1,6.2100,54.4000,0.000019
PHY_EDGE_ROW_14_Left_46,VGND,li1,6.2100,48.9600,0.000002
PHY_EDGE_ROW_13_Left_45,VGND,li1,6.2100,48.9600,0.000002
PHY_EDGE_ROW_12_Left_44,VGND,li1,6.2100,43.5200,0.000009
PHY_EDGE_ROW_11_Left_43,VGND,li1,6.2100,43.5200,0.000009
PHY_EDGE_ROW_10_Left_42,VGND,li1,6.2100,38.0800,0.000036
PHY_EDGE_ROW_9_Left_41,VGND,li1,6.2100,38.0800,0.000036
PHY_EDGE_ROW_8_Left_40,VGND,li1,6.2100,32.6400,0.000001
PHY_EDGE_ROW_7_Left_39,VGND,li1,6.2100,32.6400,0.000001
PHY_EDGE_ROW_6_Left_38,VGND,li1,6.2100,27.2000,0.000003
PHY_EDGE_ROW_5_Left_37,VGND,li1,6.2100,27.2000,0.000003
PHY_EDGE_ROW_4_Left_36,VGND,li1,6.2100,21.7600,0.000005
PHY_EDGE_ROW_3_Left_35,VGND,li1,6.2100,21.7600,0.000005
PHY_EDGE_ROW_2_Left_34,VGND,li1,6.2100,16.3200,0.000000
PHY_EDGE_ROW_1_Left_33,VGND,li1,6.2100,16.3200,0.000000
PHY_EDGE_ROW_0_Left_32,VGND,li1,6.2100,10.8800,0.000000
PHY_EDGE_ROW_31_Right_31,VGND,li1,63.7100,97.9200,0.000000
PHY_EDGE_ROW_30_Right_30,VGND,li1,63.7100,92.4800,0.000001
PHY_EDGE_ROW_29_Right_29,VGND,li1,63.7100,92.4800,0.000001
PHY_EDGE_ROW_28_Right_28,VGND,li1,63.7100,87.0400,0.000005
PHY_EDGE_ROW_27_Right_27,VGND,li1,63.7100,87.0400,0.000005
PHY_EDGE_ROW_26_Right_26,VGND,li1,63.7100,81.6000,0.000001
PHY_EDGE_ROW_25_Right_25,VGND,li1,63.7100,81.6000,0.000001
PHY_EDGE_ROW_24_Right_24,VGND,li1,63.7100,76.1600,0.000007
PHY_EDGE_ROW_23_Right_23,VGND,li1,63.7100,76.1600,0.000007
PHY_EDGE_ROW_22_Right_22,VGND,li1,63.7100,70.7200,0.000025
PHY_EDGE_ROW_21_Right_21,VGND,li1,63.7100,70.7200,0.000025
PHY_EDGE_ROW_20_Right_20,VGND,li1,63.7100,65.2800,0.000009
PHY_EDGE_ROW_19_Right_19,VGND,li1,63.7100,65.2800,0.000009
PHY_EDGE_ROW_18_Right_18,VGND,li1,63.7100,59.8400,0.000007
PHY_EDGE_ROW_17_Right_17,VGND,li1,63.7100,59.8400,0.000007
PHY_EDGE_ROW_16_Right_16,VGND,li1,63.7100,54.4000,0.000012
PHY_EDGE_ROW_15_Right_15,VGND,li1,63.7100,54.4000,0.000012
PHY_EDGE_ROW_14_Right_14,VGND,li1,63.7100,48.9600,0.000003
PHY_EDGE_ROW_13_Right_13,VGND,li1,63.7100,48.9600,0.000003
PHY_EDGE_ROW_12_Right_12,VGND,li1,63.7100,43.5200,0.000021
PHY_EDGE_ROW_11_Right_11,VGND,li1,63.7100,43.5200,0.000021
PHY_EDGE_ROW_10_Right_10,VGND,li1,63.7100,38.0800,0.000010
PHY_EDGE_ROW_9_Right_9,VGND,li1,63.7100,38.0800,0.000010
PHY_EDGE_ROW_8_Right_8,VGND,li1,63.7100,32.6400,0.000003
PHY_EDGE_ROW_7_Right_7,VGND,li1,63.7100,32.6400,0.000003
PHY_EDGE_ROW_6_Right_6,VGND,li1,63.7100,27.2000,0.000003
PHY_EDGE_ROW_5_Right_5,VGND,li1,63.7100,27.2000,0.000003
PHY_EDGE_ROW_4_Right_4,VGND,li1,63.7100,21.7600,0.000004
PHY_EDGE_ROW_3_Right_3,VGND,li1,63.7100,21.7600,0.000004
PHY_EDGE_ROW_2_Right_2,VGND,li1,63.7100,16.3200,0.000000
PHY_EDGE_ROW_1_Right_1,VGND,li1,63.7100,16.3200,0.000000
PHY_EDGE_ROW_0_Right_0,VGND,li1,63.7100,10.8800,0.000000
_370_,VGND,li1,46.6900,92.4800,0.000003
_361_,VGND,li1,51.7500,87.0400,0.000011
_360_,VGND,li1,19.0900,16.3200,0.000000
_359_,VGND,li1,25.9900,59.8400,0.000016
_358_,VGND,li1,37.9500,87.0400,0.000010
_357_,VGND,li1,33.3500,27.2000,0.000008
_356_,VGND,li1,16.5600,48.9600,0.000003
_355_,VGND,li1,39.3300,65.2800,0.000012
_354_,VGND,li1,11.5000,59.8400,0.000012
_353_,VGND,li1,46.9200,76.1600,0.000012
_352_,VGND,li1,30.3600,81.6000,0.000006
_351_,VGND,li1,48.3000,48.9600,0.000008
_350_,VGND,li1,12.8800,92.4800,0.000007
_349_,VGND,li1,28.5200,92.4800,0.000009
_348_,VGND,li1,50.8300,65.2800,0.000016
_347_,VGND,li1,57.7300,65.2800,0.000015
_346_,VGND,li1,38.8700,87.0400,0.000010
_345_,VGND,li1,49.2200,27.2000,0.000008
_344_,VGND,li1,36.8000,59.8400,0.000014
_343_,VGND,li1,49.2200,32.6400,0.000006
_342_,VGND,li1,36.5700,48.9600,0.000007
_341_,VGND,li1,11.5000,54.4000,0.000019
_340_,VGND,li1,44.8500,59.8400,0.000015
_339_,VGND,li1,36.3400,54.4000,0.000043
_338_,VGND,li1,53.1300,59.8400,0.000014
_337_,VGND,li1,31.7400,76.1600,0.000010
_336_,VGND,li1,49.2200,54.4000,0.000030
_335_,VGND,li1,55.6600,76.1600,0.000012
_334_,VGND,li1,40.7100,65.2800,0.000013
_333_,VGND,li1,41.4000,92.4800,0.000003
_332_,VGND,li1,23.4600,43.5200,0.000018
_331_,VGND,li1,56.3500,21.7600,0.000007
_330_,VGND,li1,12.1900,21.7600,0.000005
_329_,VGND,li1,21.8500,76.1600,0.000006
_328_,VGND,li1,43.4700,48.9600,0.000007
_327_,VGND,li1,14.0300,54.4000,0.000017
_326_,VGND,li1,31.0500,43.5200,0.000020
_325_,VGND,li1,41.6300,21.7600,0.000004
_324_,VGND,li1,25.9900,54.4000,0.000030
_323_,VGND,li1,17.2500,38.0800,0.000043
_322_,VGND,li1,15.8700,97.9200,0.000000
_321_,VGND,li1,33.3500,65.2800,0.000010
_320_,VGND,li1,62.3300,48.9600,0.000003
_319_,VGND,li1,7.5900,48.9600,0.000002
_318_,VGND,li1,54.5100,76.1600,0.000012
_317_,VGND,li1,42.7800,59.8400,0.000014
_316_,VGND,li1,37.0300,76.1600,0.000008
_315_,VGND,li1,26.4500,43.5200,0.000019
_314_,VGND,li1,32.4300,70.7200,0.000050
_313_,VGND,li1,50.8300,16.3200,0.000000
_312_,VGND,li1,26.4500,92.4800,0.000009
_311_,VGND,li1,50.8300,81.6000,0.000002
_310_,VGND,li1,28.7500,43.5200,0.000019
_309_,VGND,li1,56.3500,92.4800,0.000002
_308_,VGND,li1,25.0700,21.7600,0.000004
_307_,VGND,li1,7.5900,32.6400,0.000001
_306_,VGND,li1,33.5800,76.1600,0.000009
_305_,VGND,li1,41.6300,10.8800,0.000000
_304_,VGND,li1,8.5100,54.4000,0.000019
_303_,VGND,li1,60.9500,27.2000,0.000004
_302_,VGND,li1,15.4100,81.6000,0.000002
_301_,VGND,li1,47.6100,10.8800,0.000000
_300_,VGND,li1,55.4300,54.4000,0.000021
_299_,VGND,li1,8.5100,87.0400,0.000003
_298_,VGND,li1,49.9100,27.2000,0.000008
_297_,VGND,li1,17.2500,10.8800,0.000000
_296_,VGND,li1,8.5100,27.2000,0.000003
_295_,VGND,li1,9.2000,38.0800,0.000036
_294_,VGND,li1,20.9300,70.7200,0.000032
_293_,VGND,li1,9.8900,87.0400,0.000003
_292_,VGND,li1,41.6300,48.9600,0.000007
_291_,VGND,li1,40.2500,32.6400,0.000003
_290_,VGND,li1,51.7500,27.2000,0.000007
_289_,VGND,li1,21.1600,21.7600,0.000005
_288_,VGND,li1,60.9500,48.9600,0.000004
_287_,VGND,li1,46.6900,38.0800,0.000027
_286_,VGND,li1,8.5100,59.8400,0.000012
_285_,VGND,li1,31.5100,32.6400,0.000002
_284_,VGND,li1,18.4000,70.7200,0.000025
_283_,VGND,li1,50.1400,81.6000,0.000002
_282_,VGND,li1,29.6700,27.2000,0.000006
_281_,VGND,li1,23.2300,65.2800,0.000006
_280_,VGND,li1,7.5900,70.7200,0.000019
_279_,VGND,li1,58.6500,43.5200,0.000031
_278_,VGND,li1,41.4000,43.5200,0.000031
_277_,VGND,li1,39.1000,43.5200,0.000026
_276_,VGND,li1,9.2000,32.6400,0.000001
_275_,VGND,li1,22.5400,48.9600,0.000004
_274_,VGND,li1,30.1300,48.9600,0.000006
_273_,VGND,li1,45.3100,81.6000,0.000002
_272_,VGND,li1,33.3500,32.6400,0.000002
_271_,VGND,li1,9.8900,43.5200,0.000009
_270_,VGND,li1,55.4300,38.0800,0.000019
_269_,VGND,li1,38.8700,59.8400,0.000012
_268_,VGND,li1,55.2000,54.4000,0.000021
_267_,VGND,li1,46.2300,65.2800,0.000015
_266_,VGND,li1,54.9700,38.0800,0.000019
_265_,VGND,li1,47.6100,59.8400,0.000015
_264_,VGND,li1,26.4500,81.6000,0.000005
_263_,VGND,li1,57.2700,54.4000,0.000018
_262_,VGND,li1,53.1300,38.0800,0.000021
_261_,VGND,li1,52.2100,87.0400,0.000011
_260_,VGND,li1,32.8900,10.8800,0.000000
_259_,VGND,li1,13.5700,76.1600,0.000003
_258_,VGND,li1,25.0700,54.4000,0.000030
_257_,VGND,li1,20.4700,81.6000,0.000004
_256_,VGND,li1,28.5200,32.6400,0.000002
_255_,VGND,li1,22.0800,32.6400,0.000001
_254_,VGND,li1,51.7500,38.0800,0.000021
_253_,VGND,li1,60.4900,16.3200,0.000000
_252_,VGND,li1,20.0100,92.4800,0.000008
_251_,VGND,li1,33.8100,59.8400,0.000014
_250_,VGND,li1,42.0900,21.7600,0.000004
_249_,VGND,li1,59.5700,32.6400,0.000004
_248_,VGND,li1,25.0700,32.6400,0.000002
_247_,VGND,li1,58.6500,21.7600,0.000006
_246_,VGND,li1,30.8200,54.4000,0.000038
_245_,VGND,li1,29.4400,76.1600,0.000009
_244_,VGND,li1,16.3300,43.5200,0.000011
_243_,VGND,li1,56.8100,27.2000,0.000006
_242_,VGND,li1,39.7900,43.5200,0.000026
_241_,VGND,li1,54.9700,21.7600,0.000007
_240_,VGND,li1,50.8300,59.8400,0.000014
_239_,VGND,li1,10.8100,59.8400,0.000012
_238_,VGND,li1,17.7100,43.5200,0.000013
_237_,VGND,li1,30.1300,43.5200,0.000019
_236_,VGND,li1,17.2500,54.4000,0.000022
_235_,VGND,li1,19.7800,59.8400,0.000013
_234_,VGND,li1,11.5000,65.2800,0.000003
_233_,VGND,li1,45.3100,87.0400,0.000011
_232_,VGND,li1,15.8700,43.5200,0.000011
_231_,VGND,li1,49.4500,92.4800,0.000003
_230_,VGND,li1,36.5700,59.8400,0.000014
_229_,VGND,li1,42.7800,54.4000,0.000034
_228_,VGND,li1,40.0200,21.7600,0.000003
_227_,VGND,li1,23.4600,76.1600,0.000007
_226_,VGND,li1,58.6500,54.4000,0.000018
_225_,VGND,li1,31.0500,59.8400,0.000015
_224_,VGND,li1,21.8500,48.9600,0.000004
_223_,VGND,li1,17.2500,70.7200,0.000025
_222_,VGND,li1,23.4600,21.7600,0.000004
_221_,VGND,li1,61.1800,10.8800,0.000000
_220_,VGND,li1,19.7800,10.8800,0.000000
_219_,VGND,li1,61.8700,21.7600,0.000005
_218_,VGND,li1,20.9300,43.5200,0.000016
_217_,VGND,li1,36.1100,21.7600,0.000003
_216_,VGND,li1,22.3100,21.7600,0.000004
_215_,VGND,li1,46.9200,32.6400,0.000005
_214_,VGND,li1,58.1900,65.2800,0.000015
_213_,VGND,li1,54.0500,38.0800,0.000019
_212_,VGND,li1,24.6100,48.9600,0.000005
_211_,VGND,li1,52.2100,76.1600,0.000012
_210_,VGND,li1,8.9700,76.1600,0.000003
_209_,VGND,li1,47.3800,48.9600,0.000008
_208_,VGND,li1,44.3900,87.0400,0.000011
_207_,VGND,li1,8.2800,38.0800,0.000036
_206_,VGND,li1,41.6300,54.4000,0.000034
_205_,VGND,li1,25.5300,21.7600,0.000004
_204_,VGND,li1,36.5700,38.0800,0.000045
_203_,VGND,li1,48.0700,92.4800,0.000003
_202_,VGND,li1,26.2200,16.3200,0.000000
_201_,VGND,li1,49.4500,43.5200,0.000050
_200_,VGND,li1,36.5700,81.6000,0.000004
_199_,VGND,li1,48.0700,54.4000,0.000030
_198_,VGND,li1,13.5700,21.7600,0.000005
_197_,VGND,li1,41.1700,16.3200,0.000000
_196_,VGND,li1,53.3600,43.5200,0.000042
_195_,VGND,li1,42.3200,48.9600,0.000007
_194_,VGND,li1,20.4700,38.0800,0.000060
_193_,VGND,li1,16.7900,65.2800,0.000004
_192_,VGND,li1,53.1300,54.4000,0.000023
_191_,VGND,li1,20.0100,16.3200,0.000000
_190_,VGND,li1,52.2100,81.6000,0.000002
_189_,VGND,li1,19.7800,76.1600,0.000005
_188_,VGND,li1,41.1700,70.7200,0.000045
_187_,VGND,li1,50.6000,65.2800,0.000016
_186_,VGND,li1,37.7200,76.1600,0.000008
_185_,VGND,li1,28.7500,70.7200,0.000047
_184_,VGND,li1,24.1500,27.2000,0.000005
_183_,VGND,li1,28.9800,16.3200,0.000000
_182_,VGND,li1,34.9600,48.9600,0.000007
_181_,VGND,li1,13.3400,48.9600,0.000002
_180_,VGND,li1,23.2300,16.3200,0.000000
_179_,VGND,li1,59.1100,27.2000,0.000005
_178_,VGND,li1,33.3500,65.2800,0.000010
_177_,VGND,li1,16.1000,21.7600,0.000005
_176_,VGND,li1,9.6600,76.1600,0.000003
_175_,VGND,li1,52.6700,92.4800,0.000002
_174_,VGND,li1,22.5400,54.4000,0.000028
_173_,VGND,li1,28.5200,92.4800,0.000009
_172_,VGND,li1,61.8700,92.4800,0.000001
_171_,VGND,li1,52.4400,97.9200,0.000000
_170_,VGND,li1,32.4300,43.5200,0.000020
_169_,VGND,li1,60.0300,81.6000,0.000001
_168_,VGND,li1,54.7400,27.2000,0.000006
_167_,VGND,li1,56.3500,81.6000,0.000001
_166_,VGND,li1,55.4300,48.9600,0.000006
_165_,VGND,li1,27.3700,76.1600,0.000008
_164_,VGND,li1,12.1900,97.9200,0.000000
_163_,VGND,li1,27.8300,97.9200,0.000000
_162_,VGND,li1,20.4700,54.4000,0.000024
