Instance,Terminal,Layer,X location,Y location,Voltage
FILLER_0_31_121,VPWR,li1,61.4100,95.2000,1.799999
FILLER_0_31_113,VPWR,li1,59.3400,95.2000,1.799999
FILLER_0_31_104,VPWR,li1,55.2000,95.2000,1.799998
FILLER_0_31_97,VPWR,li1,50.8300,95.2000,1.799998
FILLER_0_31_85,VPWR,li1,47.3800,95.2000,1.799997
FILLER_0_31_81,VPWR,li1,43.4700,95.2000,1.799997
FILLER_0_31_69,VPWR,li1,40.0200,95.2000,1.799996
FILLER_0_31_57,VPWR,li1,34.5000,95.2000,1.799996
FILLER_0_31_50,VPWR,li1,29.9000,95.2000,1.799993
FILLER_0_31_41,VPWR,li1,25.7600,95.2000,1.799992
FILLER_0_31_29,VPWR,li1,21.6200,95.2000,1.799992
FILLER_0_31_24,VPWR,li1,17.4800,95.2000,1.799992
FILLER_0_31_18,VPWR,li1,14.4900,95.2000,1.799992
FILLER_0_31_3,VPWR,li1,8.7400,95.2000,1.799994
FILLER_0_30_124,VPWR,li1,62.7900,95.2000,1.799999
FILLER_0_30_109,VPWR,li1,58.4200,95.2000,1.799998
FILLER_0_30_97,VPWR,li1,52.9000,95.2000,1.799998
FILLER_0_30_93,VPWR,li1,48.5300,95.2000,1.799997
FILLER_0_30_85,VPWR,li1,46.4600,95.2000,1.799997
FILLER_0_30_72,VPWR,li1,41.4000,95.2000,1.799996
FILLER_0_30_60,VPWR,li1,35.8800,95.2000,1.799996
FILLER_0_30_37,VPWR,li1,23.2300,95.2000,1.799992
FILLER_0_30_29,VPWR,li1,20.7000,95.2000,1.799992
FILLER_0_30_26,VPWR,li1,17.9400,95.2000,1.799992
FILLER_0_30_3,VPWR,li1,7.5900,95.2000,1.799994
FILLER_0_29_113,VPWR,li1,60.2600,89.7600,1.799996
FILLER_0_29_108,VPWR,li1,55.4300,89.7600,1.799995
FILLER_0_29_104,VPWR,li1,54.2800,89.7600,1.799994
FILLER_0_29_100,VPWR,li1,51.7500,89.7600,1.799993
FILLER_0_29_94,VPWR,li1,50.1400,89.7600,1.799993
FILLER_0_29_65,VPWR,li1,36.1100,89.7600,1.799993
FILLER_0_29_57,VPWR,li1,33.5800,89.7600,1.799994
FILLER_0_29_52,VPWR,li1,30.3600,89.7600,1.799994
FILLER_0_29_47,VPWR,li1,27.3700,89.7600,1.799995
FILLER_0_29_41,VPWR,li1,25.0700,89.7600,1.799995
FILLER_0_29_33,VPWR,li1,22.5400,89.7600,1.799996
FILLER_0_29_27,VPWR,li1,18.6300,89.7600,1.799997
FILLER_0_29_15,VPWR,li1,15.1800,89.7600,1.799997
FILLER_0_29_3,VPWR,li1,9.6600,89.7600,1.799998
FILLER_0_28_124,VPWR,li1,62.7900,89.7600,1.799996
FILLER_0_28_112,VPWR,li1,59.8000,89.7600,1.799996
FILLER_0_28_88,VPWR,li1,46.2300,89.7600,1.799992
FILLER_0_28_53,VPWR,li1,31.7400,89.7600,1.799994
FILLER_0_28_41,VPWR,li1,27.1400,89.7600,1.799995
FILLER_0_28_29,VPWR,li1,21.6200,89.7600,1.799996
FILLER_0_28_27,VPWR,li1,18.1700,89.7600,1.799997
FILLER_0_28_15,VPWR,li1,15.1800,89.7600,1.799997
FILLER_0_28_3,VPWR,li1,9.6600,89.7600,1.799998
FILLER_0_27_121,VPWR,li1,61.4100,84.3200,1.799998
FILLER_0_27_113,VPWR,li1,59.3400,84.3200,1.799997
FILLER_0_27_111,VPWR,li1,56.8100,84.3200,1.799997
FILLER_0_27_103,VPWR,li1,54.7400,84.3200,1.799996
FILLER_0_27_99,VPWR,li1,51.2900,84.3200,1.799995
FILLER_0_27_87,VPWR,li1,48.3000,84.3200,1.799995
FILLER_0_27_57,VPWR,li1,32.2000,84.3200,1.799992
FILLER_0_27_55,VPWR,li1,31.0500,84.3200,1.799992
FILLER_0_27_47,VPWR,li1,28.9800,84.3200,1.799992
FILLER_0_27_35,VPWR,li1,24.3800,84.3200,1.799993
FILLER_0_27_23,VPWR,li1,18.8600,84.3200,1.799995
FILLER_0_27_11,VPWR,li1,13.3400,84.3200,1.799996
FILLER_0_27_3,VPWR,li1,7.3600,84.3200,1.799997
FILLER_0_26_121,VPWR,li1,62.1000,84.3200,1.799998
FILLER_0_26_115,VPWR,li1,58.6500,84.3200,1.799997
FILLER_0_26_103,VPWR,li1,55.6600,84.3200,1.799996
FILLER_0_26_96,VPWR,li1,49.9100,84.3200,1.799995
FILLER_0_26_88,VPWR,li1,47.8400,84.3200,1.799995
FILLER_0_26_83,VPWR,li1,43.9300,84.3200,1.799994
FILLER_0_26_71,VPWR,li1,40.9400,84.3200,1.799993
FILLER_0_26_41,VPWR,li1,25.0700,84.3200,1.799993
FILLER_0_26_29,VPWR,li1,21.6200,84.3200,1.799994
FILLER_0_26_27,VPWR,li1,18.1700,84.3200,1.799995
FILLER_0_26_23,VPWR,li1,17.0200,84.3200,1.799996
FILLER_0_26_19,VPWR,li1,14.4900,84.3200,1.799996
FILLER_0_26_7,VPWR,li1,11.5000,84.3200,1.799997
FILLER_0_25_113,VPWR,li1,60.2600,78.8800,1.799995
FILLER_0_25_108,VPWR,li1,55.4300,78.8800,1.799993
FILLER_0_25_100,VPWR,li1,53.3600,78.8800,1.799993
FILLER_0_25_93,VPWR,li1,48.5300,78.8800,1.799994
FILLER_0_25_81,VPWR,li1,45.5400,78.8800,1.799994
FILLER_0_25_69,VPWR,li1,40.0200,78.8800,1.799994
FILLER_0_25_57,VPWR,li1,34.5000,78.8800,1.799995
FILLER_0_25_48,VPWR,li1,29.4400,78.8800,1.799994
FILLER_0_25_41,VPWR,li1,24.8400,78.8800,1.799995
FILLER_0_25_36,VPWR,li1,22.7700,78.8800,1.799996
FILLER_0_25_27,VPWR,li1,18.4000,78.8800,1.799996
FILLER_0_25_15,VPWR,li1,15.1800,78.8800,1.799997
FILLER_0_25_3,VPWR,li1,9.6600,78.8800,1.799998
FILLER_0_24_119,VPWR,li1,61.6400,78.8800,1.799995
FILLER_0_24_97,VPWR,li1,50.6000,78.8800,1.799993
FILLER_0_24_85,VPWR,li1,47.3800,78.8800,1.799994
FILLER_0_24_82,VPWR,li1,43.7000,78.8800,1.799994
FILLER_0_24_70,VPWR,li1,40.4800,78.8800,1.799994
FILLER_0_24_45,VPWR,li1,26.6800,78.8800,1.799995
FILLER_0_24_41,VPWR,li1,24.8400,78.8800,1.799995
FILLER_0_24_33,VPWR,li1,20.9300,78.8800,1.799996
FILLER_0_24_29,VPWR,li1,19.7800,78.8800,1.799996
FILLER_0_24_22,VPWR,li1,17.0200,78.8800,1.799996
FILLER_0_24_10,VPWR,li1,12.8800,78.8800,1.799997
FILLER_0_24_3,VPWR,li1,7.3600,78.8800,1.799998
FILLER_0_23_113,VPWR,li1,60.2600,73.4400,1.799997
FILLER_0_23_108,VPWR,li1,56.1200,73.4400,1.799995
FILLER_0_23_103,VPWR,li1,53.3600,73.4400,1.799995
FILLER_0_23_79,VPWR,li1,42.0900,73.4400,1.799995
FILLER_0_23_75,VPWR,li1,40.9400,73.4400,1.799995
FILLER_0_23_64,VPWR,li1,35.1900,73.4400,1.799997
FILLER_0_23_57,VPWR,li1,31.9700,73.4400,1.799996
FILLER_0_23_55,VPWR,li1,31.0500,73.4400,1.799996
FILLER_0_23_34,VPWR,li1,23.9200,73.4400,1.799997
FILLER_0_23_27,VPWR,li1,18.1700,73.4400,1.799997
FILLER_0_23_19,VPWR,li1,16.1000,73.4400,1.799998
FILLER_0_23_12,VPWR,li1,11.9600,73.4400,1.799998
FILLER_0_23_3,VPWR,li1,7.5900,73.4400,1.799999
FILLER_0_22_121,VPWR,li1,61.4100,73.4400,1.799997
FILLER_0_22_109,VPWR,li1,58.4200,73.4400,1.799996
FILLER_0_22_97,VPWR,li1,52.9000,73.4400,1.799995
FILLER_0_22_85,VPWR,li1,47.3800,73.4400,1.799993
FILLER_0_22_83,VPWR,li1,43.9300,73.4400,1.799994
FILLER_0_22_71,VPWR,li1,40.9400,73.4400,1.799995
FILLER_0_22_46,VPWR,li1,26.9100,73.4400,1.799996
FILLER_0_22_38,VPWR,li1,24.8400,73.4400,1.799997
FILLER_0_22_15,VPWR,li1,14.2600,73.4400,1.799998
FILLER_0_22_3,VPWR,li1,9.6600,73.4400,1.799999
FILLER_0_21_113,VPWR,li1,60.2600,68.0000,1.799974
FILLER_0_21_111,VPWR,li1,56.8100,68.0000,1.799963
FILLER_0_21_105,VPWR,li1,55.2000,68.0000,1.799963
FILLER_0_21_79,VPWR,li1,43.2400,68.0000,1.799960
FILLER_0_21_72,VPWR,li1,39.5600,68.0000,1.799968
FILLER_0_21_60,VPWR,li1,35.8800,68.0000,1.799979
FILLER_0_21_54,VPWR,li1,30.8200,68.0000,1.799981
FILLER_0_21_44,VPWR,li1,26.4500,68.0000,1.799984
FILLER_0_21_32,VPWR,li1,23.0000,68.0000,1.799987
FILLER_0_21_18,VPWR,li1,15.1800,68.0000,1.799991
FILLER_0_21_6,VPWR,li1,11.0400,68.0000,1.799994
FILLER_0_20_92,VPWR,li1,48.3000,68.0000,1.799949
FILLER_0_20_62,VPWR,li1,34.2700,68.0000,1.799980
FILLER_0_20_53,VPWR,li1,31.2800,68.0000,1.799981
FILLER_0_20_41,VPWR,li1,27.1400,68.0000,1.799984
FILLER_0_20_29,VPWR,li1,21.6200,68.0000,1.799987
FILLER_0_20_27,VPWR,li1,18.1700,68.0000,1.799989
FILLER_0_20_15,VPWR,li1,15.1800,68.0000,1.799991
FILLER_0_20_3,VPWR,li1,9.6600,68.0000,1.799994
FILLER_0_19_124,VPWR,li1,62.7900,62.5600,1.799990
FILLER_0_19_116,VPWR,li1,60.7200,62.5600,1.799990
FILLER_0_19_110,VPWR,li1,56.5800,62.5600,1.799987
FILLER_0_19_64,VPWR,li1,35.4200,62.5600,1.799989
FILLER_0_19_53,VPWR,li1,30.5900,62.5600,1.799991
FILLER_0_19_41,VPWR,li1,27.1400,62.5600,1.799992
FILLER_0_19_35,VPWR,li1,21.8500,62.5600,1.799993
FILLER_0_19_27,VPWR,li1,19.7800,62.5600,1.799994
FILLER_0_19_20,VPWR,li1,15.1800,62.5600,1.799995
FILLER_0_19_16,VPWR,li1,13.3400,62.5600,1.799996
FILLER_0_19_9,VPWR,li1,9.8900,62.5600,1.799997
FILLER_0_19_3,VPWR,li1,8.2800,62.5600,1.799997
FILLER_0_18_122,VPWR,li1,62.3300,62.5600,1.799990
FILLER_0_18_114,VPWR,li1,59.8000,62.5600,1.799990
FILLER_0_18_89,VPWR,li1,46.6900,62.5600,1.799984
FILLER_0_18_85,VPWR,li1,45.5400,62.5600,1.799984
FILLER_0_18_45,VPWR,li1,28.0600,62.5600,1.799992
FILLER_0_18_33,VPWR,li1,23.4600,62.5600,1.799993
FILLER_0_18_25,VPWR,li1,17.7100,62.5600,1.799995
FILLER_0_18_13,VPWR,li1,14.2600,62.5600,1.799996
FILLER_0_17_113,VPWR,li1,60.2600,57.1200,1.799982
FILLER_0_17_109,VPWR,li1,56.3500,57.1200,1.799979
FILLER_0_17_101,VPWR,li1,53.8200,57.1200,1.799975
FILLER_0_17_57,VPWR,li1,31.9700,57.1200,1.799964
FILLER_0_17_31,VPWR,li1,20.2400,57.1200,1.799973
FILLER_0_17_23,VPWR,li1,17.9400,57.1200,1.799975
FILLER_0_16_121,VPWR,li1,61.4100,57.1200,1.799985
FILLER_0_16_117,VPWR,li1,60.2600,57.1200,1.799982
FILLER_0_16_83,VPWR,li1,43.9300,57.1200,1.799964
FILLER_0_16_78,VPWR,li1,41.6300,57.1200,1.799963
FILLER_0_16_46,VPWR,li1,28.0600,57.1200,1.799965
FILLER_0_16_39,VPWR,li1,24.3800,57.1200,1.799967
FILLER_0_16_29,VPWR,li1,19.0900,57.1200,1.799973
FILLER_0_15_113,VPWR,li1,60.2600,51.6800,1.799999
FILLER_0_15_110,VPWR,li1,56.5800,51.6800,1.799998
FILLER_0_15_106,VPWR,li1,54.5100,51.6800,1.799998
FILLER_0_15_100,VPWR,li1,51.7500,51.6800,1.799998
FILLER_0_15_96,VPWR,li1,50.6000,51.6800,1.799998
FILLER_0_15_88,VPWR,li1,46.2300,51.6800,1.799997
FILLER_0_15_80,VPWR,li1,44.1600,51.6800,1.799997
FILLER_0_15_53,VPWR,li1,30.5900,51.6800,1.799997
FILLER_0_15_45,VPWR,li1,28.0600,51.6800,1.799997
FILLER_0_15_32,VPWR,li1,22.0800,51.6800,1.799998
FILLER_0_15_20,VPWR,li1,17.4800,51.6800,1.799998
FILLER_0_15_16,VPWR,li1,13.1100,51.6800,1.799999
FILLER_0_15_8,VPWR,li1,11.0400,51.6800,1.799999
FILLER_0_15_3,VPWR,li1,7.3600,51.6800,1.799999
FILLER_0_14_117,VPWR,li1,59.8000,51.6800,1.799999
FILLER_0_14_105,VPWR,li1,56.5800,51.6800,1.799998
FILLER_0_14_93,VPWR,li1,51.0600,51.6800,1.799998
FILLER_0_14_85,VPWR,li1,45.5400,51.6800,1.799997
FILLER_0_14_68,VPWR,li1,38.6400,51.6800,1.799997
FILLER_0_14_59,VPWR,li1,32.8900,51.6800,1.799996
FILLER_0_14_55,VPWR,li1,31.7400,51.6800,1.799997
FILLER_0_14_43,VPWR,li1,28.0600,51.6800,1.799997
FILLER_0_14_29,VPWR,li1,19.3200,51.6800,1.799998
FILLER_0_14_20,VPWR,li1,16.5600,51.6800,1.799998
FILLER_0_14_6,VPWR,li1,10.1200,51.6800,1.799999
FILLER_0_13_113,VPWR,li1,60.2600,46.2400,1.799994
FILLER_0_13_110,VPWR,li1,56.5800,46.2400,1.799992
FILLER_0_13_103,VPWR,li1,53.8200,46.2400,1.799991
FILLER_0_13_82,VPWR,li1,43.4700,46.2400,1.799988
FILLER_0_13_50,VPWR,li1,28.7500,46.2400,1.799991
FILLER_0_13_44,VPWR,li1,27.1400,46.2400,1.799991
FILLER_0_13_37,VPWR,li1,23.0000,46.2400,1.799991
FILLER_0_13_11,VPWR,li1,11.2700,46.2400,1.799994
FILLER_0_13_3,VPWR,li1,8.7400,46.2400,1.799994
FILLER_0_12_119,VPWR,li1,61.6400,46.2400,1.799994
FILLER_0_12_107,VPWR,li1,57.5000,46.2400,1.799993
FILLER_0_12_97,VPWR,li1,51.0600,46.2400,1.799988
FILLER_0_12_85,VPWR,li1,45.3100,46.2400,1.799988
FILLER_0_12_80,VPWR,li1,43.2400,46.2400,1.799988
FILLER_0_12_68,VPWR,li1,37.2600,46.2400,1.799990
FILLER_0_12_60,VPWR,li1,34.9600,46.2400,1.799991
FILLER_0_12_53,VPWR,li1,30.1300,46.2400,1.799991
FILLER_0_12_47,VPWR,li1,28.5200,46.2400,1.799991
FILLER_0_12_36,VPWR,li1,23.9200,46.2400,1.799991
FILLER_0_12_29,VPWR,li1,19.3200,46.2400,1.799991
FILLER_0_12_12,VPWR,li1,12.8800,46.2400,1.799993
FILLER_0_12_3,VPWR,li1,7.8200,46.2400,1.799994
FILLER_0_11_118,VPWR,li1,60.7200,40.8000,1.799972
FILLER_0_11_108,VPWR,li1,56.1200,40.8000,1.799959
FILLER_0_11_76,VPWR,li1,43.2400,40.8000,1.799949
FILLER_0_11_69,VPWR,li1,38.1800,40.8000,1.799958
FILLER_0_11_57,VPWR,li1,34.5000,40.8000,1.799961
FILLER_0_11_55,VPWR,li1,31.0500,40.8000,1.799953
FILLER_0_11_27,VPWR,li1,18.4000,40.8000,1.799964
FILLER_0_11_19,VPWR,li1,14.4900,40.8000,1.799974
FILLER_0_11_15,VPWR,li1,13.3400,40.8000,1.799974
FILLER_0_11_3,VPWR,li1,9.6600,40.8000,1.799980
FILLER_0_10_122,VPWR,li1,62.3300,40.8000,1.799972
FILLER_0_10_110,VPWR,li1,58.8800,40.8000,1.799967
FILLER_0_10_94,VPWR,li1,49.4500,40.8000,1.799941
FILLER_0_10_82,VPWR,li1,43.7000,40.8000,1.799949
FILLER_0_10_74,VPWR,li1,41.4000,40.8000,1.799954
FILLER_0_10_62,VPWR,li1,36.8000,40.8000,1.799958
FILLER_0_10_37,VPWR,li1,22.7700,40.8000,1.799955
FILLER_0_10_29,VPWR,li1,20.7000,40.8000,1.799959
FILLER_0_10_27,VPWR,li1,18.1700,40.8000,1.799964
FILLER_0_10_20,VPWR,li1,15.6400,40.8000,1.799969
FILLER_0_10_8,VPWR,li1,11.9600,40.8000,1.799980
FILLER_0_10_3,VPWR,li1,7.1300,40.8000,1.799980
FILLER_0_9_113,VPWR,li1,60.2600,35.3600,1.799991
FILLER_0_9_109,VPWR,li1,56.3500,35.3600,1.799987
FILLER_0_9_100,VPWR,li1,51.7500,35.3600,1.799984
FILLER_0_9_94,VPWR,li1,50.1400,35.3600,1.799982
FILLER_0_9_82,VPWR,li1,46.0000,35.3600,1.799981
FILLER_0_9_70,VPWR,li1,40.4800,35.3600,1.799979
FILLER_0_9_57,VPWR,li1,33.5800,35.3600,1.799973
FILLER_0_9_34,VPWR,li1,21.6200,35.3600,1.799961
FILLER_0_9_23,VPWR,li1,17.9400,35.3600,1.799966
FILLER_0_9_11,VPWR,li1,13.3400,35.3600,1.799974
FILLER_0_9_3,VPWR,li1,7.3600,35.3600,1.799982
FILLER_0_8_117,VPWR,li1,61.1800,35.3600,1.799991
FILLER_0_8_105,VPWR,li1,56.5800,35.3600,1.799987
FILLER_0_8_83,VPWR,li1,43.9300,35.3600,1.799980
FILLER_0_8_77,VPWR,li1,42.3200,35.3600,1.799980
FILLER_0_8_62,VPWR,li1,36.8000,35.3600,1.799978
FILLER_0_8_44,VPWR,li1,26.2200,35.3600,1.799953
FILLER_0_8_29,VPWR,li1,21.6200,35.3600,1.799961
FILLER_0_8_26,VPWR,li1,17.9400,35.3600,1.799966
FILLER_0_8_18,VPWR,li1,15.6400,35.3600,1.799970
FILLER_0_8_6,VPWR,li1,11.0400,35.3600,1.799978
FILLER_0_7_124,VPWR,li1,62.7900,29.9200,1.799996
FILLER_0_7_120,VPWR,li1,61.6400,29.9200,1.799996
FILLER_0_7_113,VPWR,li1,57.9600,29.9200,1.799995
FILLER_0_7_111,VPWR,li1,56.8100,29.9200,1.799995
FILLER_0_7_105,VPWR,li1,55.2000,29.9200,1.799994
FILLER_0_7_93,VPWR,li1,51.0600,29.9200,1.799992
FILLER_0_7_81,VPWR,li1,44.1600,29.9200,1.799993
FILLER_0_7_69,VPWR,li1,40.0200,29.9200,1.799993
FILLER_0_7_57,VPWR,li1,34.5000,29.9200,1.799993
FILLER_0_7_52,VPWR,li1,30.3600,29.9200,1.799994
FILLER_0_7_40,VPWR,li1,26.6800,29.9200,1.799995
FILLER_0_7_30,VPWR,li1,19.7800,29.9200,1.799996
FILLER_0_7_22,VPWR,li1,17.4800,29.9200,1.799996
FILLER_0_7_10,VPWR,li1,12.8800,29.9200,1.799997
FILLER_0_7_3,VPWR,li1,7.5900,29.9200,1.799998
FILLER_0_6_122,VPWR,li1,62.3300,29.9200,1.799996
FILLER_0_6_113,VPWR,li1,57.7300,29.9200,1.799995
FILLER_0_6_109,VPWR,li1,55.8900,29.9200,1.799994
FILLER_0_6_105,VPWR,li1,54.7400,29.9200,1.799994
FILLER_0_6_83,VPWR,li1,43.9300,29.9200,1.799993
FILLER_0_6_71,VPWR,li1,40.9400,29.9200,1.799993
FILLER_0_6_49,VPWR,li1,28.2900,29.9200,1.799994
FILLER_0_6_41,VPWR,li1,26.2200,29.9200,1.799995
FILLER_0_6_29,VPWR,li1,21.6200,29.9200,1.799996
FILLER_0_6_27,VPWR,li1,18.1700,29.9200,1.799996
FILLER_0_6_15,VPWR,li1,15.1800,29.9200,1.799997
FILLER_0_6_3,VPWR,li1,9.6600,29.9200,1.799998
FILLER_0_5_120,VPWR,li1,61.1800,24.4800,1.799996
FILLER_0_5_117,VPWR,li1,59.5700,24.4800,1.799996
FILLER_0_5_113,VPWR,li1,58.4200,24.4800,1.799995
FILLER_0_5_111,VPWR,li1,56.8100,24.4800,1.799995
FILLER_0_5_93,VPWR,li1,48.7600,24.4800,1.799995
FILLER_0_5_81,VPWR,li1,45.5400,24.4800,1.799996
FILLER_0_5_69,VPWR,li1,40.0200,24.4800,1.799996
FILLER_0_5_57,VPWR,li1,34.5000,24.4800,1.799997
FILLER_0_5_54,VPWR,li1,30.8200,24.4800,1.799997
FILLER_0_5_50,VPWR,li1,28.7500,24.4800,1.799997
FILLER_0_5_44,VPWR,li1,27.1400,24.4800,1.799997
FILLER_0_5_36,VPWR,li1,22.3100,24.4800,1.799996
FILLER_0_5_32,VPWR,li1,21.1600,24.4800,1.799996
FILLER_0_5_20,VPWR,li1,17.4800,24.4800,1.799996
FILLER_0_5_8,VPWR,li1,11.9600,24.4800,1.799995
FILLER_0_5_3,VPWR,li1,7.3600,24.4800,1.799995
FILLER_0_4_124,VPWR,li1,62.7900,24.4800,1.799996
FILLER_0_4_97,VPWR,li1,50.8300,24.4800,1.799995
FILLER_0_4_85,VPWR,li1,47.3800,24.4800,1.799995
FILLER_0_4_80,VPWR,li1,43.2400,24.4800,1.799996
FILLER_0_4_76,VPWR,li1,40.7100,24.4800,1.799996
FILLER_0_4_70,VPWR,li1,39.1000,24.4800,1.799996
FILLER_0_4_58,VPWR,li1,34.9600,24.4800,1.799997
FILLER_0_4_46,VPWR,li1,29.4400,24.4800,1.799997
FILLER_0_4_39,VPWR,li1,23.9200,24.4800,1.799996
FILLER_0_4_33,VPWR,li1,20.9300,24.4800,1.799996
FILLER_0_4_29,VPWR,li1,19.3200,24.4800,1.799996
FILLER_0_4_26,VPWR,li1,17.9400,24.4800,1.799996
FILLER_0_3_124,VPWR,li1,62.7900,19.0400,1.800000
FILLER_0_3_118,VPWR,li1,61.1800,19.0400,1.800000
FILLER_0_3_110,VPWR,li1,56.5800,19.0400,1.800000
FILLER_0_3_93,VPWR,li1,51.0600,19.0400,1.800000
FILLER_0_3_81,VPWR,li1,45.5400,19.0400,1.800000
FILLER_0_3_68,VPWR,li1,37.7200,19.0400,1.800000
FILLER_0_3_57,VPWR,li1,33.5800,19.0400,1.800000
FILLER_0_3_44,VPWR,li1,28.5200,19.0400,1.800000
FILLER_0_3_36,VPWR,li1,22.3100,19.0400,1.800000
FILLER_0_3_31,VPWR,li1,20.0100,19.0400,1.800000
FILLER_0_3_27,VPWR,li1,18.8600,19.0400,1.800000
FILLER_0_3_15,VPWR,li1,12.6500,19.0400,1.800000
FILLER_0_3_3,VPWR,li1,9.6600,19.0400,1.800000
FILLER_0_2_121,VPWR,li1,62.1000,19.0400,1.800000
FILLER_0_2_112,VPWR,li1,58.4200,19.0400,1.800000
FILLER_0_2_100,VPWR,li1,54.2800,19.0400,1.800000
FILLER_0_2_85,VPWR,li1,47.3800,19.0400,1.800000
FILLER_0_2_83,VPWR,li1,43.9300,19.0400,1.800000
FILLER_0_2_71,VPWR,li1,40.9400,19.0400,1.800000
FILLER_0_2_59,VPWR,li1,35.4200,19.0400,1.800000
FILLER_0_2_47,VPWR,li1,29.9000,19.0400,1.800000
FILLER_0_2_42,VPWR,li1,25.0700,19.0400,1.800000
FILLER_0_2_33,VPWR,li1,21.1600,19.0400,1.800000
FILLER_0_2_29,VPWR,li1,19.0900,19.0400,1.800000
FILLER_0_2_27,VPWR,li1,18.1700,19.0400,1.800000
FILLER_0_2_15,VPWR,li1,15.1800,19.0400,1.800000
FILLER_0_2_3,VPWR,li1,9.6600,19.0400,1.800000
FILLER_0_1_117,VPWR,li1,59.8000,13.6000,1.799999
FILLER_0_1_113,VPWR,li1,57.9600,13.6000,1.799999
FILLER_0_1_104,VPWR,li1,55.2000,13.6000,1.799999
FILLER_0_1_92,VPWR,li1,50.6000,13.6000,1.799999
FILLER_0_1_80,VPWR,li1,45.0800,13.6000,1.799999
FILLER_0_1_69,VPWR,li1,38.6400,13.6000,1.799998
FILLER_0_1_57,VPWR,li1,34.5000,13.6000,1.799997
FILLER_0_1_55,VPWR,li1,31.0500,13.6000,1.799997
FILLER_0_1_41,VPWR,li1,25.7600,13.6000,1.799996
FILLER_0_1_15,VPWR,li1,13.1100,13.6000,1.799996
FILLER_0_1_3,VPWR,li1,9.6600,13.6000,1.799997
FILLER_0_0_116,VPWR,li1,59.1100,13.6000,1.799999
FILLER_0_0_108,VPWR,li1,56.1200,13.6000,1.799999
FILLER_0_0_96,VPWR,li1,52.4400,13.6000,1.799999
FILLER_0_0_89,VPWR,li1,46.6900,13.6000,1.799999
FILLER_0_0_85,VPWR,li1,45.5400,13.6000,1.799999
FILLER_0_0_80,VPWR,li1,43.2400,13.6000,1.799998
FILLER_0_0_73,VPWR,li1,39.3300,13.6000,1.799998
FILLER_0_0_65,VPWR,li1,37.2600,13.6000,1.799998
FILLER_0_0_55,VPWR,li1,31.0500,13.6000,1.799997
FILLER_0_0_51,VPWR,li1,29.9000,13.6000,1.799996
FILLER_0_0_39,VPWR,li1,26.2200,13.6000,1.799996
FILLER_0_0_33,VPWR,li1,21.3900,13.6000,1.799995
FILLER_0_0_27,VPWR,li1,18.1700,13.6000,1.799994
FILLER_0_0_20,VPWR,li1,15.6400,13.6000,1.799995
FILLER_0_0_14,VPWR,li1,12.6500,13.6000,1.799996
FILLER_0_0_6,VPWR,li1,10.1200,13.6000,1.799997
ANTENNA_6,VPWR,li1,20.2400,24.4800,1.799996
ANTENNA_5,VPWR,li1,58.8800,13.6000,1.799999
ANTENNA_4,VPWR,li1,60.2600,24.4800,1.799996
ANTENNA_3,VPWR,li1,23.9200,78.8800,1.799995
ANTENNA_2,VPWR,li1,14.2600,62.5600,1.799996
ANTENNA_1,VPWR,li1,25.7600,78.8800,1.799995
clkload2,VPWR,li1,28.0600,73.4400,1.799996
clkload1,VPWR,li1,47.3800,46.2400,1.799987
clkload0,VPWR,li1,28.5200,40.8000,1.799947
clkbuf_2_3__f_clk,VPWR,li1,49.2200,68.0000,1.799949
clkbuf_2_2__f_clk,VPWR,li1,33.5800,73.4400,1.799997
clkbuf_2_1__f_clk,VPWR,li1,50.6000,40.8000,1.799941
clkbuf_2_0__f_clk,VPWR,li1,26.6800,35.3600,1.799953
clkbuf_0_clk,VPWR,li1,36.8000,57.1200,1.799961
ZeroToFiveCounter_9,VPWR,li1,7.5900,13.6000,1.799997
output8,VPWR,li1,60.9500,13.6000,1.799999
output7,VPWR,li1,62.3300,24.4800,1.799996
output6,VPWR,li1,62.3300,40.8000,1.799972
output5,VPWR,li1,62.3300,57.1200,1.799985
output4,VPWR,li1,62.3300,73.4400,1.799997
output3,VPWR,li1,62.3300,84.3200,1.799998
output2,VPWR,li1,62.3300,95.2000,1.799999
input1,VPWR,li1,7.8200,84.3200,1.799997
ZeroToFiveCounter_10,VPWR,li1,62.3300,13.6000,1.799999
ZeroToFiveCounter_16,VPWR,li1,14.0300,13.6000,1.799996
ZeroToFiveCounter_15,VPWR,li1,22.7700,13.6000,1.799995
ZeroToFiveCounter_14,VPWR,li1,34.7300,13.6000,1.799998
ZeroToFiveCounter_13,VPWR,li1,40.2500,13.6000,1.799998
ZeroToFiveCounter_12,VPWR,li1,48.9900,13.6000,1.799999
ZeroToFiveCounter_11,VPWR,li1,58.1900,13.6000,1.799999
TAP_TAPCELL_ROW_31_131,VPWR,li1,57.2700,95.5060,1.799998
TAP_TAPCELL_ROW_31_130,VPWR,li1,44.3900,95.5060,1.799997
TAP_TAPCELL_ROW_31_129,VPWR,li1,31.5100,95.5060,1.799993
TAP_TAPCELL_ROW_31_128,VPWR,li1,18.6300,95.5060,1.799992
TAP_TAPCELL_ROW_30_127,VPWR,li1,44.3900,94.8930,1.799997
TAP_TAPCELL_ROW_30_126,VPWR,li1,18.6300,94.8930,1.799992
TAP_TAPCELL_ROW_29_125,VPWR,li1,57.2700,90.0660,1.799996
TAP_TAPCELL_ROW_29_124,VPWR,li1,31.5100,90.0660,1.799994
TAP_TAPCELL_ROW_28_123,VPWR,li1,44.3900,89.4530,1.799991
TAP_TAPCELL_ROW_28_122,VPWR,li1,18.6300,89.4530,1.799997
TAP_TAPCELL_ROW_27_121,VPWR,li1,57.2700,84.6260,1.799997
TAP_TAPCELL_ROW_27_120,VPWR,li1,31.5100,84.6260,1.799992
TAP_TAPCELL_ROW_26_119,VPWR,li1,44.3900,84.0130,1.799994
TAP_TAPCELL_ROW_26_118,VPWR,li1,18.6300,84.0130,1.799995
TAP_TAPCELL_ROW_25_117,VPWR,li1,57.2700,79.1860,1.799994
TAP_TAPCELL_ROW_25_116,VPWR,li1,31.5100,79.1860,1.799994
TAP_TAPCELL_ROW_24_115,VPWR,li1,44.3900,78.5730,1.799994
TAP_TAPCELL_ROW_24_114,VPWR,li1,18.6300,78.5730,1.799996
TAP_TAPCELL_ROW_23_113,VPWR,li1,57.2700,73.7460,1.799996
TAP_TAPCELL_ROW_23_112,VPWR,li1,31.5100,73.7460,1.799996
TAP_TAPCELL_ROW_22_111,VPWR,li1,44.3900,73.1330,1.799994
TAP_TAPCELL_ROW_22_110,VPWR,li1,18.6300,73.1330,1.799997
TAP_TAPCELL_ROW_21_109,VPWR,li1,57.2700,68.3060,1.799967
TAP_TAPCELL_ROW_21_108,VPWR,li1,31.5100,68.3060,1.799981
TAP_TAPCELL_ROW_20_107,VPWR,li1,44.3900,67.6930,1.799960
TAP_TAPCELL_ROW_20_106,VPWR,li1,18.6300,67.6930,1.799989
TAP_TAPCELL_ROW_19_105,VPWR,li1,57.2700,62.8660,1.799987
TAP_TAPCELL_ROW_19_104,VPWR,li1,31.5100,62.8660,1.799991
TAP_TAPCELL_ROW_18_103,VPWR,li1,44.3900,62.2530,1.799984
TAP_TAPCELL_ROW_18_102,VPWR,li1,18.6300,62.2530,1.799995
TAP_TAPCELL_ROW_17_101,VPWR,li1,57.2700,57.4260,1.799979
TAP_TAPCELL_ROW_17_100,VPWR,li1,31.5100,57.4260,1.799964
TAP_TAPCELL_ROW_16_99,VPWR,li1,44.3900,56.8130,1.799964
TAP_TAPCELL_ROW_16_98,VPWR,li1,18.6300,56.8130,1.799975
TAP_TAPCELL_ROW_15_97,VPWR,li1,57.2700,51.9860,1.799999
TAP_TAPCELL_ROW_15_96,VPWR,li1,31.5100,51.9860,1.799997
TAP_TAPCELL_ROW_14_95,VPWR,li1,44.3900,51.3730,1.799997
TAP_TAPCELL_ROW_14_94,VPWR,li1,18.6300,51.3730,1.799998
TAP_TAPCELL_ROW_13_93,VPWR,li1,57.2700,46.5460,1.799993
TAP_TAPCELL_ROW_13_92,VPWR,li1,31.5100,46.5460,1.799991
TAP_TAPCELL_ROW_12_91,VPWR,li1,44.3900,45.9330,1.799988
TAP_TAPCELL_ROW_12_90,VPWR,li1,18.6300,45.9330,1.799991
TAP_TAPCELL_ROW_11_89,VPWR,li1,57.2700,41.1060,1.799959
TAP_TAPCELL_ROW_11_88,VPWR,li1,31.5100,41.1060,1.799953
TAP_TAPCELL_ROW_10_87,VPWR,li1,44.3900,40.4930,1.799949
TAP_TAPCELL_ROW_10_86,VPWR,li1,18.6300,40.4930,1.799964
TAP_TAPCELL_ROW_9_85,VPWR,li1,57.2700,35.6660,1.799989
TAP_TAPCELL_ROW_9_84,VPWR,li1,31.5100,35.6660,1.799968
TAP_TAPCELL_ROW_8_83,VPWR,li1,44.3900,35.0530,1.799981
TAP_TAPCELL_ROW_8_82,VPWR,li1,18.6300,35.0530,1.799966
TAP_TAPCELL_ROW_7_81,VPWR,li1,57.2700,30.2260,1.799995
TAP_TAPCELL_ROW_7_80,VPWR,li1,31.5100,30.2260,1.799994
TAP_TAPCELL_ROW_6_79,VPWR,li1,44.3900,29.6130,1.799993
TAP_TAPCELL_ROW_6_78,VPWR,li1,18.6300,29.6130,1.799996
TAP_TAPCELL_ROW_5_77,VPWR,li1,57.2700,24.7860,1.799995
TAP_TAPCELL_ROW_5_76,VPWR,li1,31.5100,24.7860,1.799997
TAP_TAPCELL_ROW_4_75,VPWR,li1,44.3900,24.1730,1.799996
TAP_TAPCELL_ROW_4_74,VPWR,li1,18.6300,24.1730,1.799996
TAP_TAPCELL_ROW_3_73,VPWR,li1,57.2700,19.3460,1.800000
TAP_TAPCELL_ROW_3_72,VPWR,li1,31.5100,19.3460,1.800000
TAP_TAPCELL_ROW_2_71,VPWR,li1,44.3900,18.7330,1.800000
TAP_TAPCELL_ROW_2_70,VPWR,li1,18.6300,18.7330,1.800000
TAP_TAPCELL_ROW_1_69,VPWR,li1,57.2700,13.9060,1.799999
TAP_TAPCELL_ROW_1_68,VPWR,li1,31.5100,13.9060,1.799997
TAP_TAPCELL_ROW_0_67,VPWR,li1,57.2700,13.2930,1.799999
TAP_TAPCELL_ROW_0_66,VPWR,li1,44.3900,13.2930,1.799998
TAP_TAPCELL_ROW_0_65,VPWR,li1,31.5100,13.2930,1.799997
TAP_TAPCELL_ROW_0_64,VPWR,li1,18.6300,13.2930,1.799994
PHY_EDGE_ROW_31_Left_63,VPWR,li1,6.2100,95.2000,1.799994
PHY_EDGE_ROW_30_Left_62,VPWR,li1,6.2100,95.2000,1.799994
PHY_EDGE_ROW_29_Left_61,VPWR,li1,6.2100,89.7600,1.799998
PHY_EDGE_ROW_28_Left_60,VPWR,li1,6.2100,89.7600,1.799998
PHY_EDGE_ROW_27_Left_59,VPWR,li1,6.2100,84.3200,1.799997
PHY_EDGE_ROW_26_Left_58,VPWR,li1,6.2100,84.3200,1.799997
PHY_EDGE_ROW_25_Left_57,VPWR,li1,6.2100,78.8800,1.799998
PHY_EDGE_ROW_24_Left_56,VPWR,li1,6.2100,78.8800,1.799998
PHY_EDGE_ROW_23_Left_55,VPWR,li1,6.2100,73.4400,1.799999
PHY_EDGE_ROW_22_Left_54,VPWR,li1,6.2100,73.4400,1.799999
PHY_EDGE_ROW_21_Left_53,VPWR,li1,6.2100,68.0000,1.799994
PHY_EDGE_ROW_20_Left_52,VPWR,li1,6.2100,68.0000,1.799994
PHY_EDGE_ROW_19_Left_51,VPWR,li1,6.2100,62.5600,1.799997
PHY_EDGE_ROW_18_Left_50,VPWR,li1,6.2100,62.5600,1.799997
PHY_EDGE_ROW_17_Left_49,VPWR,li1,6.2100,57.1200,1.799983
PHY_EDGE_ROW_16_Left_48,VPWR,li1,6.2100,57.1200,1.799983
PHY_EDGE_ROW_15_Left_47,VPWR,li1,6.2100,51.6800,1.799999
PHY_EDGE_ROW_14_Left_46,VPWR,li1,6.2100,51.6800,1.799999
PHY_EDGE_ROW_13_Left_45,VPWR,li1,6.2100,46.2400,1.799994
PHY_EDGE_ROW_12_Left_44,VPWR,li1,6.2100,46.2400,1.799994
PHY_EDGE_ROW_11_Left_43,VPWR,li1,6.2100,40.8000,1.799980
PHY_EDGE_ROW_10_Left_42,VPWR,li1,6.2100,40.8000,1.799980
PHY_EDGE_ROW_9_Left_41,VPWR,li1,6.2100,35.3600,1.799982
PHY_EDGE_ROW_8_Left_40,VPWR,li1,6.2100,35.3600,1.799982
PHY_EDGE_ROW_7_Left_39,VPWR,li1,6.2100,29.9200,1.799998
PHY_EDGE_ROW_6_Left_38,VPWR,li1,6.2100,29.9200,1.799998
PHY_EDGE_ROW_5_Left_37,VPWR,li1,6.2100,24.4800,1.799995
PHY_EDGE_ROW_4_Left_36,VPWR,li1,6.2100,24.4800,1.799995
PHY_EDGE_ROW_3_Left_35,VPWR,li1,6.2100,19.0400,1.800000
PHY_EDGE_ROW_2_Left_34,VPWR,li1,6.2100,19.0400,1.800000
PHY_EDGE_ROW_1_Left_33,VPWR,li1,6.2100,13.6000,1.799997
PHY_EDGE_ROW_0_Left_32,VPWR,li1,6.2100,13.6000,1.799997
PHY_EDGE_ROW_31_Right_31,VPWR,li1,63.7100,95.2000,1.799999
PHY_EDGE_ROW_30_Right_30,VPWR,li1,63.7100,95.2000,1.799999
PHY_EDGE_ROW_29_Right_29,VPWR,li1,63.7100,89.7600,1.799996
PHY_EDGE_ROW_28_Right_28,VPWR,li1,63.7100,89.7600,1.799996
PHY_EDGE_ROW_27_Right_27,VPWR,li1,63.7100,84.3200,1.799998
PHY_EDGE_ROW_26_Right_26,VPWR,li1,63.7100,84.3200,1.799998
PHY_EDGE_ROW_25_Right_25,VPWR,li1,63.7100,78.8800,1.799995
PHY_EDGE_ROW_24_Right_24,VPWR,li1,63.7100,78.8800,1.799995
PHY_EDGE_ROW_23_Right_23,VPWR,li1,63.7100,73.4400,1.799997
PHY_EDGE_ROW_22_Right_22,VPWR,li1,63.7100,73.4400,1.799997
PHY_EDGE_ROW_21_Right_21,VPWR,li1,63.7100,68.0000,1.799974
PHY_EDGE_ROW_20_Right_20,VPWR,li1,63.7100,68.0000,1.799974
PHY_EDGE_ROW_19_Right_19,VPWR,li1,63.7100,62.5600,1.799990
PHY_EDGE_ROW_18_Right_18,VPWR,li1,63.7100,62.5600,1.799990
PHY_EDGE_ROW_17_Right_17,VPWR,li1,63.7100,57.1200,1.799985
PHY_EDGE_ROW_16_Right_16,VPWR,li1,63.7100,57.1200,1.799985
PHY_EDGE_ROW_15_Right_15,VPWR,li1,63.7100,51.6800,1.799999
PHY_EDGE_ROW_14_Right_14,VPWR,li1,63.7100,51.6800,1.799999
PHY_EDGE_ROW_13_Right_13,VPWR,li1,63.7100,46.2400,1.799994
PHY_EDGE_ROW_12_Right_12,VPWR,li1,63.7100,46.2400,1.799994
PHY_EDGE_ROW_11_Right_11,VPWR,li1,63.7100,40.8000,1.799972
PHY_EDGE_ROW_10_Right_10,VPWR,li1,63.7100,40.8000,1.799972
PHY_EDGE_ROW_9_Right_9,VPWR,li1,63.7100,35.3600,1.799991
PHY_EDGE_ROW_8_Right_8,VPWR,li1,63.7100,35.3600,1.799991
PHY_EDGE_ROW_7_Right_7,VPWR,li1,63.7100,29.9200,1.799996
PHY_EDGE_ROW_6_Right_6,VPWR,li1,63.7100,29.9200,1.799996
PHY_EDGE_ROW_5_Right_5,VPWR,li1,63.7100,24.4800,1.799996
PHY_EDGE_ROW_4_Right_4,VPWR,li1,63.7100,24.4800,1.799996
PHY_EDGE_ROW_3_Right_3,VPWR,li1,63.7100,19.0400,1.800000
PHY_EDGE_ROW_2_Right_2,VPWR,li1,63.7100,19.0400,1.800000
PHY_EDGE_ROW_1_Right_1,VPWR,li1,63.7100,13.6000,1.799999
PHY_EDGE_ROW_0_Right_0,VPWR,li1,63.7100,13.6000,1.799999
_370_,VPWR,li1,46.6900,89.7600,1.799992
_361_,VPWR,li1,51.7500,89.7600,1.799993
_360_,VPWR,li1,19.0900,13.6000,1.799994
_359_,VPWR,li1,25.9900,57.1200,1.799967
_358_,VPWR,li1,37.9500,84.3200,1.799992
_357_,VPWR,li1,33.3500,29.9200,1.799993
_356_,VPWR,li1,16.5600,46.2400,1.799991
_355_,VPWR,li1,39.3300,68.0000,1.799968
_354_,VPWR,li1,11.5000,57.1200,1.799983
_353_,VPWR,li1,46.9200,73.4400,1.799993
_352_,VPWR,li1,30.3600,84.3200,1.799992
_351_,VPWR,li1,48.3000,46.2400,1.799987
_350_,VPWR,li1,12.8800,95.2000,1.799992
_349_,VPWR,li1,28.5200,95.2000,1.799992
_348_,VPWR,li1,50.8300,62.5600,1.799983
_347_,VPWR,li1,57.7300,68.0000,1.799967
_346_,VPWR,li1,38.8700,89.7600,1.799991
_345_,VPWR,li1,49.2200,29.9200,1.799992
_344_,VPWR,li1,36.8000,62.5600,1.799989
_343_,VPWR,li1,49.2200,35.3600,1.799982
_342_,VPWR,li1,36.5700,46.2400,1.799991
_341_,VPWR,li1,11.5000,57.1200,1.799983
_340_,VPWR,li1,44.8500,57.1200,1.799964
_339_,VPWR,li1,36.3400,51.6800,1.799996
_338_,VPWR,li1,53.1300,62.5600,1.799984
_337_,VPWR,li1,31.7400,78.8800,1.799994
_336_,VPWR,li1,49.2200,57.1200,1.799968
_335_,VPWR,li1,55.6600,78.8800,1.799993
_334_,VPWR,li1,40.7100,62.5600,1.799985
_333_,VPWR,li1,41.4000,89.7600,1.799990
_332_,VPWR,li1,23.4600,40.8000,1.799955
_331_,VPWR,li1,56.3500,24.4800,1.799994
_330_,VPWR,li1,12.1900,24.4800,1.799995
_329_,VPWR,li1,21.8500,78.8800,1.799996
_328_,VPWR,li1,43.4700,51.6800,1.799997
_327_,VPWR,li1,14.0300,51.6800,1.799999
_326_,VPWR,li1,31.0500,46.2400,1.799991
_325_,VPWR,li1,41.6300,24.4800,1.799996
_324_,VPWR,li1,25.9900,57.1200,1.799967
_323_,VPWR,li1,17.2500,40.8000,1.799969
_322_,VPWR,li1,15.8700,95.2000,1.799992
_321_,VPWR,li1,33.3500,68.0000,1.799980
_320_,VPWR,li1,62.3300,51.6800,1.799999
_319_,VPWR,li1,7.5900,51.6800,1.799999
_318_,VPWR,li1,54.5100,73.4400,1.799995
_317_,VPWR,li1,42.7800,62.5600,1.799984
_316_,VPWR,li1,37.0300,78.8800,1.799995
_315_,VPWR,li1,26.4500,46.2400,1.799991
_314_,VPWR,li1,32.4300,68.0000,1.799981
_313_,VPWR,li1,50.8300,19.0400,1.800000
_312_,VPWR,li1,26.4500,89.7600,1.799995
_311_,VPWR,li1,50.8300,84.3200,1.799995
_310_,VPWR,li1,28.7500,40.8000,1.799947
_309_,VPWR,li1,56.3500,89.7600,1.799995
_308_,VPWR,li1,25.0700,19.0400,1.800000
_307_,VPWR,li1,7.5900,35.3600,1.799982
_306_,VPWR,li1,33.5800,73.4400,1.799997
_305_,VPWR,li1,41.6300,13.6000,1.799998
_304_,VPWR,li1,8.5100,51.6800,1.799999
_303_,VPWR,li1,60.9500,29.9200,1.799996
_302_,VPWR,li1,15.4100,84.3200,1.799996
_301_,VPWR,li1,47.6100,13.6000,1.799999
_300_,VPWR,li1,55.4300,51.6800,1.799998
_299_,VPWR,li1,8.5100,84.3200,1.799997
_298_,VPWR,li1,49.9100,24.4800,1.799995
_297_,VPWR,li1,17.2500,13.6000,1.799995
_296_,VPWR,li1,8.5100,24.4800,1.799995
_295_,VPWR,li1,9.2000,35.3600,1.799982
_294_,VPWR,li1,20.9300,73.4400,1.799997
_293_,VPWR,li1,9.8900,84.3200,1.799997
_292_,VPWR,li1,41.6300,51.6800,1.799997
_291_,VPWR,li1,40.2500,35.3600,1.799979
_290_,VPWR,li1,51.7500,24.4800,1.799994
_289_,VPWR,li1,21.1600,19.0400,1.800000
_288_,VPWR,li1,60.9500,51.6800,1.799999
_287_,VPWR,li1,46.6900,40.8000,1.799944
_286_,VPWR,li1,8.5100,62.5600,1.799997
_285_,VPWR,li1,31.5100,35.3600,1.799968
_284_,VPWR,li1,18.4000,68.0000,1.799989
_283_,VPWR,li1,50.1400,78.8800,1.799993
_282_,VPWR,li1,29.6700,24.4800,1.799997
_281_,VPWR,li1,23.2300,62.5600,1.799993
_280_,VPWR,li1,7.5900,68.0000,1.799994
_279_,VPWR,li1,58.6500,40.8000,1.799967
_278_,VPWR,li1,41.4000,46.2400,1.799989
_277_,VPWR,li1,39.1000,46.2400,1.799990
_276_,VPWR,li1,9.2000,29.9200,1.799998
_275_,VPWR,li1,22.5400,51.6800,1.799998
_274_,VPWR,li1,30.1300,46.2400,1.799991
_273_,VPWR,li1,45.3100,84.3200,1.799994
_272_,VPWR,li1,33.3500,35.3600,1.799973
_271_,VPWR,li1,9.8900,46.2400,1.799994
_270_,VPWR,li1,55.4300,40.8000,1.799954
_269_,VPWR,li1,38.8700,57.1200,1.799962
_268_,VPWR,li1,55.2000,57.1200,1.799975
_267_,VPWR,li1,46.2300,68.0000,1.799953
_266_,VPWR,li1,54.9700,35.3600,1.799987
_265_,VPWR,li1,47.6100,62.5600,1.799983
_264_,VPWR,li1,26.4500,78.8800,1.799995
_263_,VPWR,li1,57.2700,57.1200,1.799979
_262_,VPWR,li1,53.1300,35.3600,1.799984
_261_,VPWR,li1,52.2100,84.3200,1.799996
_260_,VPWR,li1,32.8900,13.6000,1.799997
_259_,VPWR,li1,13.5700,73.4400,1.799998
_258_,VPWR,li1,25.0700,51.6800,1.799997
_257_,VPWR,li1,20.4700,78.8800,1.799996
_256_,VPWR,li1,28.5200,35.3600,1.799961
_255_,VPWR,li1,22.0800,29.9200,1.799996
_254_,VPWR,li1,51.7500,40.8000,1.799947
_253_,VPWR,li1,60.4900,19.0400,1.800000
_252_,VPWR,li1,20.0100,89.7600,1.799996
_251_,VPWR,li1,33.8100,57.1200,1.799962
_250_,VPWR,li1,42.0900,19.0400,1.800000
_249_,VPWR,li1,59.5700,29.9200,1.799996
_248_,VPWR,li1,25.0700,35.3600,1.799953
_247_,VPWR,li1,58.6500,19.0400,1.800000
_246_,VPWR,li1,30.8200,57.1200,1.799964
_245_,VPWR,li1,29.4400,73.4400,1.799996
_244_,VPWR,li1,16.3300,40.8000,1.799969
_243_,VPWR,li1,56.8100,29.9200,1.799995
_242_,VPWR,li1,39.7900,40.8000,1.799954
_241_,VPWR,li1,54.9700,19.0400,1.800000
_240_,VPWR,li1,50.8300,57.1200,1.799968
_239_,VPWR,li1,10.8100,62.5600,1.799997
_238_,VPWR,li1,17.7100,46.2400,1.799991
_237_,VPWR,li1,30.1300,40.8000,1.799947
_236_,VPWR,li1,17.2500,57.1200,1.799975
_235_,VPWR,li1,19.7800,62.5600,1.799994
_234_,VPWR,li1,11.5000,62.5600,1.799997
_233_,VPWR,li1,45.3100,89.7600,1.799991
_232_,VPWR,li1,15.8700,46.2400,1.799991
_231_,VPWR,li1,49.4500,95.2000,1.799997
_230_,VPWR,li1,36.5700,57.1200,1.799961
_229_,VPWR,li1,42.7800,57.1200,1.799963
_228_,VPWR,li1,40.0200,19.0400,1.800000
_227_,VPWR,li1,23.4600,78.8800,1.799996
_226_,VPWR,li1,58.6500,57.1200,1.799982
_225_,VPWR,li1,31.0500,62.5600,1.799991
_224_,VPWR,li1,21.8500,46.2400,1.799991
_223_,VPWR,li1,17.2500,73.4400,1.799998
_222_,VPWR,li1,23.4600,19.0400,1.800000
_221_,VPWR,li1,61.1800,13.6000,1.799999
_220_,VPWR,li1,19.7800,13.6000,1.799994
_219_,VPWR,li1,61.8700,24.4800,1.799996
_218_,VPWR,li1,20.9300,46.2400,1.799991
_217_,VPWR,li1,36.1100,19.0400,1.800000
_216_,VPWR,li1,22.3100,24.4800,1.799996
_215_,VPWR,li1,46.9200,29.9200,1.799992
_214_,VPWR,li1,58.1900,62.5600,1.799987
_213_,VPWR,li1,54.0500,40.8000,1.799954
_212_,VPWR,li1,24.6100,46.2400,1.799991
_211_,VPWR,li1,52.2100,73.4400,1.799995
_210_,VPWR,li1,8.9700,78.8800,1.799998
_209_,VPWR,li1,47.3800,51.6800,1.799998
_208_,VPWR,li1,44.3900,84.3200,1.799994
_207_,VPWR,li1,8.2800,40.8000,1.799980
_206_,VPWR,li1,41.6300,51.6800,1.799997
_205_,VPWR,li1,25.5300,24.4800,1.799996
_204_,VPWR,li1,36.5700,35.3600,1.799978
_203_,VPWR,li1,48.0700,89.7600,1.799992
_202_,VPWR,li1,26.2200,19.0400,1.800000
_201_,VPWR,li1,49.4500,46.2400,1.799988
_200_,VPWR,li1,36.5700,84.3200,1.799993
_199_,VPWR,li1,48.0700,51.6800,1.799998
_198_,VPWR,li1,13.5700,19.0400,1.800000
_197_,VPWR,li1,41.1700,13.6000,1.799998
_196_,VPWR,li1,53.3600,46.2400,1.799991
_195_,VPWR,li1,42.3200,46.2400,1.799989
_194_,VPWR,li1,20.4700,35.3600,1.799961
_193_,VPWR,li1,16.7900,62.5600,1.799995
_192_,VPWR,li1,53.1300,51.6800,1.799998
_191_,VPWR,li1,20.0100,19.0400,1.800000
_190_,VPWR,li1,52.2100,84.3200,1.799996
_189_,VPWR,li1,19.7800,73.4400,1.799997
_188_,VPWR,li1,41.1700,68.0000,1.799964
_187_,VPWR,li1,50.6000,68.0000,1.799954
_186_,VPWR,li1,37.7200,73.4400,1.799996
_185_,VPWR,li1,28.7500,68.0000,1.799983
_184_,VPWR,li1,24.1500,24.4800,1.799996
_183_,VPWR,li1,28.9800,13.6000,1.799996
_182_,VPWR,li1,34.9600,51.6800,1.799996
_181_,VPWR,li1,13.3400,51.6800,1.799999
_180_,VPWR,li1,23.2300,19.0400,1.800000
_179_,VPWR,li1,59.1100,29.9200,1.799996
_178_,VPWR,li1,33.3500,62.5600,1.799990
_177_,VPWR,li1,16.1000,19.0400,1.800000
_176_,VPWR,li1,9.6600,73.4400,1.799999
_175_,VPWR,li1,52.6700,89.7600,1.799994
_174_,VPWR,li1,22.5400,57.1200,1.799969
_173_,VPWR,li1,28.5200,89.7600,1.799995
_172_,VPWR,li1,61.8700,95.2000,1.799999
_171_,VPWR,li1,52.4400,95.2000,1.799998
_170_,VPWR,li1,32.4300,46.2400,1.799991
_169_,VPWR,li1,60.0300,84.3200,1.799997
_168_,VPWR,li1,54.7400,24.4800,1.799994
_167_,VPWR,li1,56.3500,78.8800,1.799993
_166_,VPWR,li1,55.4300,46.2400,1.799992
_165_,VPWR,li1,27.3700,73.4400,1.799996
_164_,VPWR,li1,12.1900,95.2000,1.799994
_163_,VPWR,li1,27.8300,95.2000,1.799992
_162_,VPWR,li1,20.4700,57.1200,1.799973
