Sun May 25 14:05:52 +0000 2025 - Executing "{openroad -exit -no_init -python /openlane/scripts/odbpy/lefutil.py get_metal_layers -o /openlane/designs/project_3/runs/RUN_2025.05.25_14.05.40/tmp/layers.list /home/talha/volare_pdks/sky130A/libs.ref/sky130_fd_sc_hd/techlef/sky130_fd_sc_hd__nom.tlef}"

Sun May 25 14:05:53 +0000 2025 - Executing "{/openlane/scripts/mergeLef.py -o /openlane/designs/project_3/runs/RUN_2025.05.25_14.05.40/tmp/merged.nom.lef -i /home/talha/volare_pdks/sky130A/libs.ref/sky130_fd_sc_hd/techlef/sky130_fd_sc_hd__nom.tlef {/home/talha/volare_pdks/sky130A/libs.ref/sky130_fd_sc_hd/lef/sky130_fd_sc_hd.lef /home/talha/volare_pdks/sky130A/libs.ref/sky130_fd_sc_hd/lef/sky130_ef_sc_hd.lef} |& tee /dev/null}"

Sun May 25 14:05:53 +0000 2025 - Executing "{/openlane/scripts/mergeLef.py -o /openlane/designs/project_3/runs/RUN_2025.05.25_14.05.40/tmp/merged.min.lef -i /home/talha/volare_pdks/sky130A/libs.ref/sky130_fd_sc_hd/techlef/sky130_fd_sc_hd__min.tlef {/home/talha/volare_pdks/sky130A/libs.ref/sky130_fd_sc_hd/lef/sky130_fd_sc_hd.lef /home/talha/volare_pdks/sky130A/libs.ref/sky130_fd_sc_hd/lef/sky130_ef_sc_hd.lef} |& tee /dev/null}"

Sun May 25 14:05:53 +0000 2025 - Executing "{/openlane/scripts/mergeLef.py -o /openlane/designs/project_3/runs/RUN_2025.05.25_14.05.40/tmp/merged.max.lef -i /home/talha/volare_pdks/sky130A/libs.ref/sky130_fd_sc_hd/techlef/sky130_fd_sc_hd__max.tlef {/home/talha/volare_pdks/sky130A/libs.ref/sky130_fd_sc_hd/lef/sky130_fd_sc_hd.lef /home/talha/volare_pdks/sky130A/libs.ref/sky130_fd_sc_hd/lef/sky130_ef_sc_hd.lef} |& tee /dev/null}"

Sun May 25 14:05:53 +0000 2025 - Executing "{python3 /openlane/scripts/mergeLib.py --output /openlane/designs/project_3/runs/RUN_2025.05.25_14.05.40/tmp/synthesis/merged.lib --name sky130A_merged /home/talha/volare_pdks/sky130A/libs.ref/sky130_fd_sc_hd/lib/sky130_fd_sc_hd__tt_025C_1v80.lib}"

Sun May 25 14:05:54 +0000 2025 - Executing "{python3 /openlane/scripts/libtrim.py --cell-file /openlane/designs/project_3/runs/RUN_2025.05.25_14.05.40/tmp/synthesis/trimmed.lib.exclude.list --output /openlane/designs/project_3/runs/RUN_2025.05.25_14.05.40/tmp/synthesis/trimmed.lib /openlane/designs/project_3/runs/RUN_2025.05.25_14.05.40/tmp/synthesis/merged.lib}"

Sun May 25 14:05:54 +0000 2025 - Executing "{python3 /openlane/scripts/libtrim.py --cell-file /openlane/designs/project_3/runs/RUN_2025.05.25_14.05.40/tmp/cts/cts.lib.exclude.list --output /openlane/designs/project_3/runs/RUN_2025.05.25_14.05.40/tmp/cts/cts.lib /home/talha/volare_pdks/sky130A/libs.ref/sky130_fd_sc_hd/lib/sky130_fd_sc_hd__tt_025C_1v80.lib}"

Sun May 25 14:05:55 +0000 2025 - Executing "{python3 /openlane/scripts/libtrim.py --cell-file /openlane/designs/project_3/runs/RUN_2025.05.25_14.05.40/tmp/cts/cts-fastest.lib.exclude.list --output /openlane/designs/project_3/runs/RUN_2025.05.25_14.05.40/tmp/cts/cts-fastest.lib /home/talha/volare_pdks/sky130A/libs.ref/sky130_fd_sc_hd/lib/sky130_fd_sc_hd__ff_n40C_1v95.lib}"

Sun May 25 14:05:57 +0000 2025 - Executing "{python3 /openlane/scripts/libtrim.py --cell-file /openlane/designs/project_3/runs/RUN_2025.05.25_14.05.40/tmp/cts/cts-slowest.lib.exclude.list --output /openlane/designs/project_3/runs/RUN_2025.05.25_14.05.40/tmp/cts/cts-slowest.lib /home/talha/volare_pdks/sky130A/libs.ref/sky130_fd_sc_hd/lib/sky130_fd_sc_hd__ss_100C_1v60.lib}"

Sun May 25 14:05:58 +0000 2025 - Executing "{python3 /openlane/scripts/new_tracks.py -i /home/talha/volare_pdks/sky130A/libs.tech/openlane/sky130_fd_sc_hd/tracks.info -o /openlane/designs/project_3/runs/RUN_2025.05.25_14.05.40/tmp/routing/config.tracks}"

Sun May 25 14:05:58 +0000 2025 - Executing "{echo {OpenLane a0237db6ade8e3c8f7cd041f4ae739d7395ef6b8} > /openlane/designs/project_3/runs/RUN_2025.05.25_14.05.40/OPENLANE_COMMIT}"

Sun May 25 14:05:59 +0000 2025 - Executing "{yosys -c /openlane/scripts/yosys/blackbox.tcl}"

Sun May 25 14:05:59 +0000 2025 - Executing "{verilator -Wall --lint-only --Wno-DECLFILENAME --top-module ZeroToFiveCounter /openlane/designs/project_3/runs/RUN_2025.05.25_14.05.40/tmp/synthesis/blackbox/sky130_fd_sc_hd__blackbox.v /openlane/designs/project_3/src/ZeroToFiveCounter.v -Wno-fatal --relative-includes |& tee /openlane/designs/project_3/runs/RUN_2025.05.25_14.05.40/logs/synthesis/linter.log /dev/null}"

Sun May 25 14:06:00 +0000 2025 - Executing "{sed -E {s/^([[:space:]]+)pg_pin(.*)/\1pin\2\n\1    direction : "inout";/g} /home/talha/volare_pdks/sky130A/libs.ref/sky130_fd_sc_hd/lib/sky130_fd_sc_hd__tt_025C_1v80.lib > /openlane/designs/project_3/runs/RUN_2025.05.25_14.05.40/tmp/synthesis/1-sky130_fd_sc_hd__tt_025C_1v80.no_pg.lib}"

Sun May 25 14:06:02 +0000 2025 - Executing "{sed -E {s/^([[:space:]]+)pg_pin(.*)/\1pin\2\n\1    direction : "inout";/g} /openlane/designs/project_3/runs/RUN_2025.05.25_14.05.40/tmp/synthesis/trimmed.lib > /openlane/designs/project_3/runs/RUN_2025.05.25_14.05.40/tmp/synthesis/1-trimmed.no_pg.lib}"

Sun May 25 14:06:04 +0000 2025 - Executing "yosys -c /openlane/scripts/yosys/synth.tcl |& tee /dev/null /openlane/designs/project_3/runs/RUN_2025.05.25_14.05.40/logs/synthesis/1-synthesis.log"

Sun May 25 14:06:04 +0000 2025 - Executing "{yosys -c /openlane/scripts/yosys/synth.tcl |& tee /dev/null /openlane/designs/project_3/runs/RUN_2025.05.25_14.05.40/logs/synthesis/1-synthesis.log}"

Sun May 25 14:06:05 +0000 2025 - Executing "{sed -i.bak -e {s/\(set ::env(CURRENT_NETLIST)\).*/\1 \/openlane\/designs\/project_3\/runs\/RUN_2025.05.25_14.05.40\/results\/synthesis\/ZeroToFiveCounter.v/} /openlane/designs/project_3/runs/RUN_2025.05.25_14.05.40/config.tcl}"

Sun May 25 14:06:06 +0000 2025 - Executing "{sed -i.bak /defparam/d /openlane/designs/project_3/runs/RUN_2025.05.25_14.05.40/results/synthesis/ZeroToFiveCounter.v}"

Sun May 25 14:06:07 +0000 2025 - Executing "sta -exit -no_init /openlane/scripts/openroad/sta/multi_corner.tcl |& tee /dev/null /openlane/designs/project_3/runs/RUN_2025.05.25_14.05.40/logs/synthesis/2-sta.log"

Sun May 25 14:06:07 +0000 2025 - Executing "{sta -exit -no_init /openlane/scripts/openroad/sta/multi_corner.tcl |& tee /dev/null /openlane/designs/project_3/runs/RUN_2025.05.25_14.05.40/logs/synthesis/2-sta.log}"

Sun May 25 14:06:08 +0000 2025 - Executing "openroad -exit /openlane/scripts/openroad/floorplan.tcl |& tee /dev/null /openlane/designs/project_3/runs/RUN_2025.05.25_14.05.40/logs/floorplan/3-initial_fp.log"

Sun May 25 14:06:08 +0000 2025 - Executing "{openroad -exit /openlane/scripts/openroad/floorplan.tcl |& tee /dev/null /openlane/designs/project_3/runs/RUN_2025.05.25_14.05.40/logs/floorplan/3-initial_fp.log}"

Sun May 25 14:06:09 +0000 2025 - Executing "{openroad -exit -no_init -python /openlane/scripts/odbpy/defutil.py extract_core_dims --output-data /openlane/designs/project_3/runs/RUN_2025.05.25_14.05.40/tmp/dimensions.txt --input-lef /openlane/designs/project_3/runs/RUN_2025.05.25_14.05.40/tmp/merged.nom.lef /openlane/designs/project_3/runs/RUN_2025.05.25_14.05.40/tmp/floorplan/3-initial_fp.def}"

Sun May 25 14:06:10 +0000 2025 - Executing "{openroad -exit -no_init -python /openlane/scripts/odbpy/io_place.py --config /openlane/designs/project_3/pin_order.cfg --hor-layer met3 --ver-layer met2 --ver-width-mult 2 --hor-width-mult 2 --hor-extension 0 --ver-extension 0 --length 4 --unmatched-error --input-lef /openlane/designs/project_3/runs/RUN_2025.05.25_14.05.40/tmp/merged.nom.lef --output-def /openlane/designs/project_3/runs/RUN_2025.05.25_14.05.40/tmp/floorplan/4-io.def --output /openlane/designs/project_3/runs/RUN_2025.05.25_14.05.40/tmp/floorplan/4-io.odb /openlane/designs/project_3/runs/RUN_2025.05.25_14.05.40/tmp/floorplan/3-initial_fp.odb |& tee /dev/null /openlane/designs/project_3/runs/RUN_2025.05.25_14.05.40/logs/floorplan/4-place_io.log}"

Sun May 25 14:06:12 +0000 2025 - Executing "openroad -exit /openlane/scripts/openroad/tapcell.tcl |& tee /dev/null /openlane/designs/project_3/runs/RUN_2025.05.25_14.05.40/logs/floorplan/5-tap.log"

Sun May 25 14:06:12 +0000 2025 - Executing "{openroad -exit /openlane/scripts/openroad/tapcell.tcl |& tee /dev/null /openlane/designs/project_3/runs/RUN_2025.05.25_14.05.40/logs/floorplan/5-tap.log}"

Sun May 25 14:06:13 +0000 2025 - Executing "openroad -exit /openlane/scripts/openroad/pdn.tcl |& tee /dev/null /openlane/designs/project_3/runs/RUN_2025.05.25_14.05.40/logs/floorplan/6-pdn.log"

Sun May 25 14:06:14 +0000 2025 - Executing "{openroad -exit /openlane/scripts/openroad/pdn.tcl |& tee /dev/null /openlane/designs/project_3/runs/RUN_2025.05.25_14.05.40/logs/floorplan/6-pdn.log}"

Sun May 25 14:06:15 +0000 2025 - Executing "{openroad -exit -no_init -python /openlane/scripts/odbpy/random_place.py --input-lef /openlane/designs/project_3/runs/RUN_2025.05.25_14.05.40/tmp/merged.nom.lef --output-def /openlane/designs/project_3/runs/RUN_2025.05.25_14.05.40/tmp/placement/7-global.def --output /openlane/designs/project_3/runs/RUN_2025.05.25_14.05.40/tmp/placement/7-global.odb /openlane/designs/project_3/runs/RUN_2025.05.25_14.05.40/results/floorplan/ZeroToFiveCounter.odb |& tee /dev/null /openlane/designs/project_3/runs/RUN_2025.05.25_14.05.40/logs/placement/7-global.log}"

Sun May 25 14:06:16 +0000 2025 - Executing "openroad -exit /openlane/scripts/openroad/resizer.tcl |& tee /dev/null /openlane/designs/project_3/runs/RUN_2025.05.25_14.05.40/logs/placement/8-resizer.log"

Sun May 25 14:06:16 +0000 2025 - Executing "{openroad -exit /openlane/scripts/openroad/resizer.tcl |& tee /dev/null /openlane/designs/project_3/runs/RUN_2025.05.25_14.05.40/logs/placement/8-resizer.log}"

Sun May 25 14:06:18 +0000 2025 - Executing "{sed -i.bak -e {s/\(set ::env(CURRENT_NETLIST)\).*/\1 \/openlane\/designs\/project_3\/runs\/RUN_2025.05.25_14.05.40\/tmp\/placement\/8-resizer.nl.v/} /openlane/designs/project_3/runs/RUN_2025.05.25_14.05.40/config.tcl}"

Sun May 25 14:06:19 +0000 2025 - Executing "openroad -exit /openlane/scripts/openroad/dpl.tcl |& tee /dev/null /openlane/designs/project_3/runs/RUN_2025.05.25_14.05.40/logs/placement/9-detailed.log"

Sun May 25 14:06:19 +0000 2025 - Executing "{openroad -exit /openlane/scripts/openroad/dpl.tcl |& tee /dev/null /openlane/designs/project_3/runs/RUN_2025.05.25_14.05.40/logs/placement/9-detailed.log}"

Sun May 25 14:06:20 +0000 2025 - Executing "{sed -i.bak -e {s/\(set ::env(CURRENT_NETLIST)\).*/\1 \/openlane\/designs\/project_3\/runs\/RUN_2025.05.25_14.05.40\/results\/placement\/ZeroToFiveCounter.nl.v/} /openlane/designs/project_3/runs/RUN_2025.05.25_14.05.40/config.tcl}"

Sun May 25 14:06:20 +0000 2025 - Executing "openroad -exit /openlane/scripts/openroad/sta/multi_corner.tcl |& tee /dev/null /openlane/designs/project_3/runs/RUN_2025.05.25_14.05.40/logs/placement/10-dpl_sta.log"

Sun May 25 14:06:20 +0000 2025 - Executing "{openroad -exit /openlane/scripts/openroad/sta/multi_corner.tcl |& tee /dev/null /openlane/designs/project_3/runs/RUN_2025.05.25_14.05.40/logs/placement/10-dpl_sta.log}"

Sun May 25 14:06:21 +0000 2025 - Executing "openroad -exit /openlane/scripts/openroad/cts.tcl |& tee /dev/null /openlane/designs/project_3/runs/RUN_2025.05.25_14.05.40/logs/cts/11-cts.log"

Sun May 25 14:06:21 +0000 2025 - Executing "{openroad -exit /openlane/scripts/openroad/cts.tcl |& tee /dev/null /openlane/designs/project_3/runs/RUN_2025.05.25_14.05.40/logs/cts/11-cts.log}"

Sun May 25 14:06:27 +0000 2025 - Executing "openroad -exit /openlane/scripts/openroad/sta/multi_corner.tcl |& tee /dev/null /openlane/designs/project_3/runs/RUN_2025.05.25_14.05.40/logs/cts/12-cts_sta.log"

Sun May 25 14:06:27 +0000 2025 - Executing "{openroad -exit /openlane/scripts/openroad/sta/multi_corner.tcl |& tee /dev/null /openlane/designs/project_3/runs/RUN_2025.05.25_14.05.40/logs/cts/12-cts_sta.log}"

Sun May 25 14:06:28 +0000 2025 - Executing "openroad -exit /openlane/scripts/openroad/resizer_timing.tcl |& tee /dev/null /openlane/designs/project_3/runs/RUN_2025.05.25_14.05.40/logs/cts/13-resizer.log"

Sun May 25 14:06:28 +0000 2025 - Executing "{openroad -exit /openlane/scripts/openroad/resizer_timing.tcl |& tee /dev/null /openlane/designs/project_3/runs/RUN_2025.05.25_14.05.40/logs/cts/13-resizer.log}"

Sun May 25 14:06:30 +0000 2025 - Executing "{sed -i.bak -e {s/\(set ::env(CURRENT_NETLIST)\).*/\1 \/openlane\/designs\/project_3\/runs\/RUN_2025.05.25_14.05.40\/tmp\/cts\/13-ZeroToFiveCounter.resized.nl.v/} /openlane/designs/project_3/runs/RUN_2025.05.25_14.05.40/config.tcl}"

Sun May 25 14:06:31 +0000 2025 - Executing "openroad -exit /openlane/scripts/openroad/resizer_routing_design.tcl |& tee /dev/null /openlane/designs/project_3/runs/RUN_2025.05.25_14.05.40/logs/routing/14-resizer_design.log"

Sun May 25 14:06:31 +0000 2025 - Executing "{openroad -exit /openlane/scripts/openroad/resizer_routing_design.tcl |& tee /dev/null /openlane/designs/project_3/runs/RUN_2025.05.25_14.05.40/logs/routing/14-resizer_design.log}"

Sun May 25 14:06:33 +0000 2025 - Executing "{sed -i.bak -e {s/\(set ::env(CURRENT_NETLIST)\).*/\1 \/openlane\/designs\/project_3\/runs\/RUN_2025.05.25_14.05.40\/tmp\/14-ZeroToFiveCounter.nl.v/} /openlane/designs/project_3/runs/RUN_2025.05.25_14.05.40/config.tcl}"

Sun May 25 14:06:34 +0000 2025 - Executing "openroad -exit /openlane/scripts/openroad/sta/multi_corner.tcl |& tee /dev/null /openlane/designs/project_3/runs/RUN_2025.05.25_14.05.40/logs/routing/15-rsz_design_sta.log"

Sun May 25 14:06:35 +0000 2025 - Executing "{openroad -exit /openlane/scripts/openroad/sta/multi_corner.tcl |& tee /dev/null /openlane/designs/project_3/runs/RUN_2025.05.25_14.05.40/logs/routing/15-rsz_design_sta.log}"

Sun May 25 14:06:36 +0000 2025 - Executing "openroad -exit /openlane/scripts/openroad/resizer_routing_timing.tcl |& tee /dev/null /openlane/designs/project_3/runs/RUN_2025.05.25_14.05.40/logs/routing/16-resizer_timing.log"

Sun May 25 14:06:36 +0000 2025 - Executing "{openroad -exit /openlane/scripts/openroad/resizer_routing_timing.tcl |& tee /dev/null /openlane/designs/project_3/runs/RUN_2025.05.25_14.05.40/logs/routing/16-resizer_timing.log}"

Sun May 25 14:06:38 +0000 2025 - Executing "{sed -i.bak -e {s/\(set ::env(CURRENT_NETLIST)\).*/\1 \/openlane\/designs\/project_3\/runs\/RUN_2025.05.25_14.05.40\/tmp\/16-ZeroToFiveCounter.nl.v/} /openlane/designs/project_3/runs/RUN_2025.05.25_14.05.40/config.tcl}"

Sun May 25 14:06:38 +0000 2025 - Executing "openroad -exit /openlane/scripts/openroad/sta/multi_corner.tcl |& tee /dev/null /openlane/designs/project_3/runs/RUN_2025.05.25_14.05.40/logs/routing/17-rsz_timing_sta.log"

Sun May 25 14:06:38 +0000 2025 - Executing "{openroad -exit /openlane/scripts/openroad/sta/multi_corner.tcl |& tee /dev/null /openlane/designs/project_3/runs/RUN_2025.05.25_14.05.40/logs/routing/17-rsz_timing_sta.log}"

Sun May 25 14:06:39 +0000 2025 - Executing "openroad -exit /openlane/scripts/openroad/repair_antennas.tcl |& tee /dev/null /openlane/designs/project_3/runs/RUN_2025.05.25_14.05.40/logs/routing/18-global.log"

Sun May 25 14:06:39 +0000 2025 - Executing "{openroad -exit /openlane/scripts/openroad/repair_antennas.tcl |& tee /dev/null /openlane/designs/project_3/runs/RUN_2025.05.25_14.05.40/logs/routing/18-global.log}"

Sun May 25 14:06:41 +0000 2025 - Executing "openroad -exit /openlane/scripts/openroad/write_views.tcl |& tee /dev/null /openlane/designs/project_3/runs/RUN_2025.05.25_14.05.40/logs/routing/18-global_write_netlist.log"

Sun May 25 14:06:41 +0000 2025 - Executing "{openroad -exit /openlane/scripts/openroad/write_views.tcl |& tee /dev/null /openlane/designs/project_3/runs/RUN_2025.05.25_14.05.40/logs/routing/18-global_write_netlist.log}"

Sun May 25 14:06:41 +0000 2025 - Executing "{sed -i.bak -e {s/\(set ::env(CURRENT_NETLIST)\).*/\1 \/openlane\/designs\/project_3\/runs\/RUN_2025.05.25_14.05.40\/tmp\/routing\/global.nl.v/} /openlane/designs/project_3/runs/RUN_2025.05.25_14.05.40/config.tcl}"

Sun May 25 14:06:42 +0000 2025 - Executing "openroad -exit /openlane/scripts/openroad/sta/multi_corner.tcl |& tee /dev/null /openlane/designs/project_3/runs/RUN_2025.05.25_14.05.40/logs/routing/20-grt_sta.log"

Sun May 25 14:06:42 +0000 2025 - Executing "{openroad -exit /openlane/scripts/openroad/sta/multi_corner.tcl |& tee /dev/null /openlane/designs/project_3/runs/RUN_2025.05.25_14.05.40/logs/routing/20-grt_sta.log}"

Sun May 25 14:06:43 +0000 2025 - Executing "openroad -exit /openlane/scripts/openroad/fill.tcl |& tee /dev/null /openlane/designs/project_3/runs/RUN_2025.05.25_14.05.40/logs/routing/21-fill.log"

Sun May 25 14:06:43 +0000 2025 - Executing "{openroad -exit /openlane/scripts/openroad/fill.tcl |& tee /dev/null /openlane/designs/project_3/runs/RUN_2025.05.25_14.05.40/logs/routing/21-fill.log}"

Sun May 25 14:06:44 +0000 2025 - Executing "{sed -i.bak -e {s/\(set ::env(CURRENT_NETLIST)\).*/\1 \/openlane\/designs\/project_3\/runs\/RUN_2025.05.25_14.05.40\/tmp\/routing\/21-fill.nl.v/} /openlane/designs/project_3/runs/RUN_2025.05.25_14.05.40/config.tcl}"

Sun May 25 14:06:45 +0000 2025 - Executing "openroad -exit -metrics /openlane/designs/project_3/runs/RUN_2025.05.25_14.05.40/reports/routing/22-drt_metrics.json /openlane/scripts/openroad/droute.tcl |& tee /dev/null /openlane/designs/project_3/runs/RUN_2025.05.25_14.05.40/logs/routing/22-detailed.log"

Sun May 25 14:06:45 +0000 2025 - Executing "{openroad -exit -metrics /openlane/designs/project_3/runs/RUN_2025.05.25_14.05.40/reports/routing/22-drt_metrics.json /openlane/scripts/openroad/droute.tcl |& tee /dev/null /openlane/designs/project_3/runs/RUN_2025.05.25_14.05.40/logs/routing/22-detailed.log}"

Sun May 25 14:07:25 +0000 2025 - Executing "{sed -i.bak -e {s/\(set ::env(CURRENT_NETLIST)\).*/\1 \/openlane\/designs\/project_3\/runs\/RUN_2025.05.25_14.05.40\/results\/routing\/ZeroToFiveCounter.nl.v/} /openlane/designs/project_3/runs/RUN_2025.05.25_14.05.40/config.tcl}"

Sun May 25 14:07:25 +0000 2025 - Executing "{python3 /openlane/scripts/drc_rosetta.py tr to_klayout -o /openlane/designs/project_3/runs/RUN_2025.05.25_14.05.40/reports/routing/drt.klayout.xml --design-name ZeroToFiveCounter /openlane/designs/project_3/runs/RUN_2025.05.25_14.05.40/reports/routing/drt.drc}"

Sun May 25 14:07:26 +0000 2025 - Executing "{openroad -exit -no_init -python /openlane/scripts/odbpy/wire_lengths.py --report-out /openlane/designs/project_3/runs/RUN_2025.05.25_14.05.40/reports/routing/23-wire_lengths.csv --input-lef /openlane/designs/project_3/runs/RUN_2025.05.25_14.05.40/tmp/merged.nom.lef --output-def /openlane/designs/project_3/runs/RUN_2025.05.25_14.05.40/results/routing/ZeroToFiveCounter.def --output /openlane/designs/project_3/runs/RUN_2025.05.25_14.05.40/results/routing/ZeroToFiveCounter.odb /openlane/designs/project_3/runs/RUN_2025.05.25_14.05.40/results/routing/ZeroToFiveCounter.odb |& tee /dev/null /openlane/designs/project_3/runs/RUN_2025.05.25_14.05.40/logs/routing/23-wire_lengths.log}"

Sun May 25 14:07:27 +0000 2025 - Executing "openroad -exit /openlane/scripts/openroad/rcx.tcl |& tee /dev/null /openlane/designs/project_3/runs/RUN_2025.05.25_14.05.40/logs/signoff/24-parasitics_extraction.min.log"

Sun May 25 14:07:27 +0000 2025 - Executing "{openroad -exit /openlane/scripts/openroad/rcx.tcl |& tee /dev/null /openlane/designs/project_3/runs/RUN_2025.05.25_14.05.40/logs/signoff/24-parasitics_extraction.min.log}"

Sun May 25 14:07:28 +0000 2025 - Executing "sta -exit -no_init /openlane/scripts/openroad/sta/multi_corner.tcl |& tee /dev/null /openlane/designs/project_3/runs/RUN_2025.05.25_14.05.40/logs/signoff/25-rcx_mcsta.min.log"

Sun May 25 14:07:28 +0000 2025 - Executing "{sta -exit -no_init /openlane/scripts/openroad/sta/multi_corner.tcl |& tee /dev/null /openlane/designs/project_3/runs/RUN_2025.05.25_14.05.40/logs/signoff/25-rcx_mcsta.min.log}"

Sun May 25 14:07:31 +0000 2025 - Executing "openroad -exit /openlane/scripts/openroad/rcx.tcl |& tee /dev/null /openlane/designs/project_3/runs/RUN_2025.05.25_14.05.40/logs/signoff/26-parasitics_extraction.max.log"

Sun May 25 14:07:31 +0000 2025 - Executing "{openroad -exit /openlane/scripts/openroad/rcx.tcl |& tee /dev/null /openlane/designs/project_3/runs/RUN_2025.05.25_14.05.40/logs/signoff/26-parasitics_extraction.max.log}"

Sun May 25 14:07:32 +0000 2025 - Executing "sta -exit -no_init /openlane/scripts/openroad/sta/multi_corner.tcl |& tee /dev/null /openlane/designs/project_3/runs/RUN_2025.05.25_14.05.40/logs/signoff/27-rcx_mcsta.max.log"

Sun May 25 14:07:32 +0000 2025 - Executing "{sta -exit -no_init /openlane/scripts/openroad/sta/multi_corner.tcl |& tee /dev/null /openlane/designs/project_3/runs/RUN_2025.05.25_14.05.40/logs/signoff/27-rcx_mcsta.max.log}"

Sun May 25 14:07:35 +0000 2025 - Executing "openroad -exit /openlane/scripts/openroad/rcx.tcl |& tee /dev/null /openlane/designs/project_3/runs/RUN_2025.05.25_14.05.40/logs/signoff/28-parasitics_extraction.nom.log"

Sun May 25 14:07:35 +0000 2025 - Executing "{openroad -exit /openlane/scripts/openroad/rcx.tcl |& tee /dev/null /openlane/designs/project_3/runs/RUN_2025.05.25_14.05.40/logs/signoff/28-parasitics_extraction.nom.log}"

Sun May 25 14:07:37 +0000 2025 - Executing "sta -exit -no_init /openlane/scripts/openroad/sta/multi_corner.tcl |& tee /dev/null /openlane/designs/project_3/runs/RUN_2025.05.25_14.05.40/logs/signoff/29-rcx_mcsta.nom.log"

Sun May 25 14:07:37 +0000 2025 - Executing "{sta -exit -no_init /openlane/scripts/openroad/sta/multi_corner.tcl |& tee /dev/null /openlane/designs/project_3/runs/RUN_2025.05.25_14.05.40/logs/signoff/29-rcx_mcsta.nom.log}"

Sun May 25 14:07:42 +0000 2025 - Executing "openroad -exit /openlane/scripts/openroad/irdrop.tcl |& tee /dev/null /openlane/designs/project_3/runs/RUN_2025.05.25_14.05.40/logs/signoff/30-irdrop.log"

Sun May 25 14:07:42 +0000 2025 - Executing "{openroad -exit /openlane/scripts/openroad/irdrop.tcl |& tee /dev/null /openlane/designs/project_3/runs/RUN_2025.05.25_14.05.40/logs/signoff/30-irdrop.log}"

Sun May 25 14:07:44 +0000 2025 - Executing "magic -noconsole -dnull -rcfile /home/talha/volare_pdks/sky130A/libs.tech/magic/sky130A.magicrc < /openlane/scripts/magic/wrapper.tcl |& tee /dev/null /openlane/designs/project_3/runs/RUN_2025.05.25_14.05.40/logs/signoff/31-gdsii.log"

Sun May 25 14:07:44 +0000 2025 - Executing "{magic -noconsole -dnull -rcfile /home/talha/volare_pdks/sky130A/libs.tech/magic/sky130A.magicrc < /openlane/scripts/magic/wrapper.tcl |& tee /dev/null /openlane/designs/project_3/runs/RUN_2025.05.25_14.05.40/logs/signoff/31-gdsii.log}"

Sun May 25 14:07:46 +0000 2025 - Executing "magic -noconsole -dnull -rcfile /home/talha/volare_pdks/sky130A/libs.tech/magic/sky130A.magicrc < /openlane/scripts/magic/wrapper.tcl |& tee /dev/null /openlane/designs/project_3/runs/RUN_2025.05.25_14.05.40/logs/signoff/31-gds_ptrs.log"

Sun May 25 14:07:46 +0000 2025 - Executing "{magic -noconsole -dnull -rcfile /home/talha/volare_pdks/sky130A/libs.tech/magic/sky130A.magicrc < /openlane/scripts/magic/wrapper.tcl |& tee /dev/null /openlane/designs/project_3/runs/RUN_2025.05.25_14.05.40/logs/signoff/31-gds_ptrs.log}"

Sun May 25 14:07:47 +0000 2025 - Executing "{sed -i.bak -n {/^<< properties >>/,/^<< end >>/p} /openlane/designs/project_3/runs/RUN_2025.05.25_14.05.40/tmp/signoff/gds_ptrs.mag}"

Sun May 25 14:07:47 +0000 2025 - Executing "magic -noconsole -dnull -rcfile /home/talha/volare_pdks/sky130A/libs.tech/magic/sky130A.magicrc < /openlane/scripts/magic/wrapper.tcl |& tee /dev/null /openlane/designs/project_3/runs/RUN_2025.05.25_14.05.40/logs/signoff/31-lef.log"

Sun May 25 14:07:47 +0000 2025 - Executing "{magic -noconsole -dnull -rcfile /home/talha/volare_pdks/sky130A/libs.tech/magic/sky130A.magicrc < /openlane/scripts/magic/wrapper.tcl |& tee /dev/null /openlane/designs/project_3/runs/RUN_2025.05.25_14.05.40/logs/signoff/31-lef.log}"

Sun May 25 14:07:48 +0000 2025 - Executing "magic -noconsole -dnull -rcfile /home/talha/volare_pdks/sky130A/libs.tech/magic/sky130A.magicrc < /openlane/scripts/magic/wrapper.tcl |& tee /dev/null /openlane/designs/project_3/runs/RUN_2025.05.25_14.05.40/logs/signoff/31-maglef.log"

Sun May 25 14:07:48 +0000 2025 - Executing "{magic -noconsole -dnull -rcfile /home/talha/volare_pdks/sky130A/libs.tech/magic/sky130A.magicrc < /openlane/scripts/magic/wrapper.tcl |& tee /dev/null /openlane/designs/project_3/runs/RUN_2025.05.25_14.05.40/logs/signoff/31-maglef.log}"

Sun May 25 14:07:48 +0000 2025 - Executing "{python3 /openlane/scripts/klayout/stream_out.py --output /openlane/designs/project_3/runs/RUN_2025.05.25_14.05.40/results/signoff/ZeroToFiveCounter.klayout.gds --lyt /home/talha/volare_pdks/sky130A/libs.tech/klayout/tech/sky130A.lyt --lym /home/talha/volare_pdks/sky130A/libs.tech/klayout/tech/sky130A.map --lyp /home/talha/volare_pdks/sky130A/libs.tech/klayout/tech/sky130A.lyp --top ZeroToFiveCounter --with-gds-file /home/talha/volare_pdks/sky130A/libs.ref/sky130_fd_sc_hd/gds/sky130_fd_sc_hd.gds --input-lef /openlane/designs/project_3/runs/RUN_2025.05.25_14.05.40/tmp/merged.nom.lef /openlane/designs/project_3/runs/RUN_2025.05.25_14.05.40/results/routing/ZeroToFiveCounter.def |& tee /dev/null /openlane/designs/project_3/runs/RUN_2025.05.25_14.05.40/logs/signoff/32-gdsii-klayout.log}"

Sun May 25 14:07:49 +0000 2025 - Executing "{klayout -b -r /openlane/scripts/klayout/xor.drc -rd a=/openlane/designs/project_3/runs/RUN_2025.05.25_14.05.40/results/signoff/ZeroToFiveCounter.gds -rd b=/openlane/designs/project_3/runs/RUN_2025.05.25_14.05.40/results/signoff/ZeroToFiveCounter.klayout.gds -rd jobs=1 -rd rdb_out=/openlane/designs/project_3/runs/RUN_2025.05.25_14.05.40/reports/signoff/33-xor.xml -rd ignore=81/14 -rd rpt_out=/openlane/designs/project_3/runs/RUN_2025.05.25_14.05.40/reports/signoff/33-xor.rpt |& tee /dev/null /openlane/designs/project_3/runs/RUN_2025.05.25_14.05.40/logs/signoff/33-xor.log}"

Sun May 25 14:07:51 +0000 2025 - Executing "magic -noconsole -dnull -rcfile /home/talha/volare_pdks/sky130A/libs.tech/magic/sky130A.magicrc < /openlane/scripts/magic/wrapper.tcl |& tee /dev/null /openlane/designs/project_3/runs/RUN_2025.05.25_14.05.40/logs/signoff/34-spice.log"

Sun May 25 14:07:51 +0000 2025 - Executing "{magic -noconsole -dnull -rcfile /home/talha/volare_pdks/sky130A/libs.tech/magic/sky130A.magicrc < /openlane/scripts/magic/wrapper.tcl |& tee /dev/null /openlane/designs/project_3/runs/RUN_2025.05.25_14.05.40/logs/signoff/34-spice.log}"

Sun May 25 14:07:53 +0000 2025 - Executing "{openroad -exit -no_init -python /openlane/scripts/odbpy/power_utils.py write_powered_def --output /openlane/designs/project_3/runs/RUN_2025.05.25_14.05.40/tmp/signoff/34-ZeroToFiveCounter.p.def --input-lef /openlane/designs/project_3/runs/RUN_2025.05.25_14.05.40/tmp/merged.nom.lef --power-port VPWR --ground-port VGND --powered-netlist {} /openlane/designs/project_3/runs/RUN_2025.05.25_14.05.40/results/routing/ZeroToFiveCounter.def |& tee /dev/null /openlane/designs/project_3/runs/RUN_2025.05.25_14.05.40/logs/signoff/35-write_powered_def.log}"

Sun May 25 14:07:54 +0000 2025 - Executing "openroad -exit /openlane/scripts/openroad/write_views.tcl |& tee /dev/null /openlane/designs/project_3/runs/RUN_2025.05.25_14.05.40/logs/signoff/35-write_powered_verilog.log"

Sun May 25 14:07:54 +0000 2025 - Executing "{openroad -exit /openlane/scripts/openroad/write_views.tcl |& tee /dev/null /openlane/designs/project_3/runs/RUN_2025.05.25_14.05.40/logs/signoff/35-write_powered_verilog.log}"

Sun May 25 14:07:55 +0000 2025 - Executing "{sed -i.bak -e {s/\(set ::env(CURRENT_NETLIST)\).*/\1 \/openlane\/designs\/project_3\/runs\/RUN_2025.05.25_14.05.40\/tmp\/signoff\/34-ZeroToFiveCounter.nl.v/} /openlane/designs/project_3/runs/RUN_2025.05.25_14.05.40/config.tcl}"

Sun May 25 14:07:56 +0000 2025 - Executing "{netgen -batch source /openlane/designs/project_3/runs/RUN_2025.05.25_14.05.40/tmp/signoff/37-setup_file.lef.lvs |& tee /dev/null /openlane/designs/project_3/runs/RUN_2025.05.25_14.05.40/logs/signoff/37-lvs.lef.log}"

Sun May 25 14:07:57 +0000 2025 - Executing "magic -noconsole -dnull -rcfile /home/talha/volare_pdks/sky130A/libs.tech/magic/sky130A.magicrc < /openlane/scripts/magic/wrapper.tcl |& tee /dev/null /openlane/designs/project_3/runs/RUN_2025.05.25_14.05.40/logs/signoff/38-drc.log"

Sun May 25 14:07:57 +0000 2025 - Executing "{magic -noconsole -dnull -rcfile /home/talha/volare_pdks/sky130A/libs.tech/magic/sky130A.magicrc < /openlane/scripts/magic/wrapper.tcl |& tee /dev/null /openlane/designs/project_3/runs/RUN_2025.05.25_14.05.40/logs/signoff/38-drc.log}"

Sun May 25 14:07:58 +0000 2025 - Executing "{python3 /openlane/scripts/drc_rosetta.py magic to_tcl -o /openlane/designs/project_3/runs/RUN_2025.05.25_14.05.40/reports/signoff/drc.tcl /openlane/designs/project_3/runs/RUN_2025.05.25_14.05.40/reports/signoff/drc.rpt}"

Sun May 25 14:07:58 +0000 2025 - Executing "{python3 /openlane/scripts/drc_rosetta.py magic to_tr -o /openlane/designs/project_3/runs/RUN_2025.05.25_14.05.40/reports/signoff/drc.tr /openlane/designs/project_3/runs/RUN_2025.05.25_14.05.40/reports/signoff/drc.rpt}"

Sun May 25 14:07:58 +0000 2025 - Executing "{python3 /openlane/scripts/drc_rosetta.py tr to_klayout -o /openlane/designs/project_3/runs/RUN_2025.05.25_14.05.40/reports/signoff/drc.klayout.xml --design-name ZeroToFiveCounter /openlane/designs/project_3/runs/RUN_2025.05.25_14.05.40/reports/signoff/drc.tr}"

Sun May 25 14:07:59 +0000 2025 - Executing "{python3 /openlane/scripts/drc_rosetta.py magic to_rdb -o /openlane/designs/project_3/runs/RUN_2025.05.25_14.05.40/reports/signoff/drc.rdb /openlane/designs/project_3/runs/RUN_2025.05.25_14.05.40/reports/signoff/drc.rpt}"

Sun May 25 14:07:59 +0000 2025 - Executing "{klayout -b -zz -r /home/talha/volare_pdks/sky130A/libs.tech/klayout/drc/sky130A_mr.drc -rd topcell=ZeroToFiveCounter -rd input=/openlane/designs/project_3/runs/RUN_2025.05.25_14.05.40/results/signoff/ZeroToFiveCounter.gds -rd report=/openlane/designs/project_3/runs/RUN_2025.05.25_14.05.40/reports/signoff/violations.xml -rd feol=true -rd beol=true -rd floating_metal=false -rd seal=true -rd thread=1 |& tee /dev/null /openlane/designs/project_3/runs/RUN_2025.05.25_14.05.40/logs/signoff/39-drc-klayout.log}"

Sun May 25 14:08:01 +0000 2025 - Executing "{python3 /openlane/scripts/klayout/xml_drc_report_to_json.py --xml-file /openlane/designs/project_3/runs/RUN_2025.05.25_14.05.40/reports/signoff/violations.xml --json-file /openlane/designs/project_3/runs/RUN_2025.05.25_14.05.40/reports/signoff/violations.json}"

Sun May 25 14:08:01 +0000 2025 - Executing "openroad -exit /openlane/scripts/openroad/antenna_check.tcl |& tee /dev/null /openlane/designs/project_3/runs/RUN_2025.05.25_14.05.40/logs/signoff/40-arc.log"

Sun May 25 14:08:01 +0000 2025 - Executing "{openroad -exit /openlane/scripts/openroad/antenna_check.tcl |& tee /dev/null /openlane/designs/project_3/runs/RUN_2025.05.25_14.05.40/logs/signoff/40-arc.log}"

Sun May 25 14:08:02 +0000 2025 - Executing "{python3 /openlane/scripts/extract_antenna_violators.py --output /openlane/designs/project_3/runs/RUN_2025.05.25_14.05.40/reports/signoff/40-antenna_violators.rpt --plain-out /openlane/designs/project_3/runs/RUN_2025.05.25_14.05.40/reports/signoff/40-antenna_violators_pins.txt /openlane/designs/project_3/runs/RUN_2025.05.25_14.05.40/logs/signoff/40-arc.log}"

Sun May 25 14:08:07 +0000 2025 - Executing "{python3 /openlane/scripts/write_runtime.py --conclude --seconds --time-in 1748182087 {flow completed}}"

Sun May 25 14:08:24 +0000 2025 - Executing "{python3 /openlane/scripts/generate_reports.py -d /openlane/designs/project_3 --design_name ZeroToFiveCounter --tag RUN_2025.05.25_14.05.40 --output_file /openlane/designs/project_3/runs/RUN_2025.05.25_14.05.40/reports/metrics.csv --man_report /openlane/designs/project_3/runs/RUN_2025.05.25_14.05.40/reports/manufacturability.rpt --run_path /openlane/designs/project_3/runs/RUN_2025.05.25_14.05.40}"

