OpenSTA 2.5.0 GITDIR-NOT Copyright (c) 2024, Parallax Software, Inc.
License GPLv3: GNU GPL version 3 <http://gnu.org/licenses/gpl.html>

This is free software, and you are free to change and redistribute it
under certain conditions; type `show_copying' for details. 
This program comes with ABSOLUTELY NO WARRANTY; for details type `show_warranty'.
define_corners Typical
read_liberty -corner Typical /home/talha/volare_pdks/sky130A/libs.ref/sky130_fd_sc_hd/lib/sky130_fd_sc_hd__tt_025C_1v80.lib
Using 1e-12 for capacitance...
Using 1e+03 for resistance...
Using 1e-09 for time...
Using 1e+00 for voltage...
Using 1e-03 for current...
Using 1e-09 for power...
Using 1e-06 for distance...
Reading netlist '/openlane/designs/project_2/runs/RUN_2025.05.04_12.05.36/results/synthesis/ALU.v'…
Reading design constraints file at '/openlane/scripts/base.sdc'…
[INFO]: Setting output delay to: 2.0
[INFO]: Setting input delay to: 2.0
Warning: base.sdc line 18, port '__VIRTUAL_CLK__' not found.
[INFO]: Setting load to: 0.033442
[INFO]: Setting clock uncertainty to: 0.25
[INFO]: Setting clock transition to: 0.15
Warning: base.sdc line 52, transition time can not be specified for virtual clocks.
[INFO]: Setting timing derate to: 5.0 %
min_report

===========================================================================
report_checks -path_delay min (Hold)
============================================================================
======================= Typical Corner ===================================

Startpoint: A[7] (input port clocked by __VIRTUAL_CLK__)
Endpoint: OUT[7] (output port clocked by __VIRTUAL_CLK__)
Path Group: __VIRTUAL_CLK__
Path Type: min

Fanout     Cap    Slew   Delay    Time   Description
-----------------------------------------------------------------------------
                  0.00    0.00    0.00   clock __VIRTUAL_CLK__ (rise edge)
                          0.00    0.00   clock network delay (ideal)
                          2.00    2.00 v input external delay
     6    0.02    0.05    0.03    2.03 v A[7] (in)
                                         A[7] (net)
                  0.05    0.00    2.03 v _502_/A (sky130_fd_sc_hd__inv_2)
     1    0.00    0.02    0.04    2.07 ^ _502_/Y (sky130_fd_sc_hd__inv_2)
                                         _179_ (net)
                  0.02    0.00    2.07 ^ _503_/B2 (sky130_fd_sc_hd__o32a_2)
     1    0.03    0.18    0.21    2.28 ^ _503_/X (sky130_fd_sc_hd__o32a_2)
                                         OUT[7] (net)
                  0.18    0.00    2.28 ^ OUT[7] (out)
                                  2.28   data arrival time

                  0.00    0.00    0.00   clock __VIRTUAL_CLK__ (rise edge)
                          0.00    0.00   clock network delay (ideal)
                          0.25    0.25   clock uncertainty
                          0.00    0.25   clock reconvergence pessimism
                         -2.00   -1.75   output external delay
                                 -1.75   data required time
-----------------------------------------------------------------------------
                                 -1.75   data required time
                                 -2.28   data arrival time
-----------------------------------------------------------------------------
                                  4.03   slack (MET)


Startpoint: A[6] (input port clocked by __VIRTUAL_CLK__)
Endpoint: OUT[6] (output port clocked by __VIRTUAL_CLK__)
Path Group: __VIRTUAL_CLK__
Path Type: min

Fanout     Cap    Slew   Delay    Time   Description
-----------------------------------------------------------------------------
                  0.00    0.00    0.00   clock __VIRTUAL_CLK__ (rise edge)
                          0.00    0.00   clock network delay (ideal)
                          2.00    2.00 ^ input external delay
    10    0.04    0.18    0.12    2.12 ^ A[6] (in)
                                         A[6] (net)
                  0.18    0.00    2.12 ^ _453_/A1 (sky130_fd_sc_hd__a22oi_2)
     1    0.03    0.15    0.18    2.30 v _453_/Y (sky130_fd_sc_hd__a22oi_2)
                                         OUT[6] (net)
                  0.15    0.00    2.30 v OUT[6] (out)
                                  2.30   data arrival time

                  0.00    0.00    0.00   clock __VIRTUAL_CLK__ (rise edge)
                          0.00    0.00   clock network delay (ideal)
                          0.25    0.25   clock uncertainty
                          0.00    0.25   clock reconvergence pessimism
                         -2.00   -1.75   output external delay
                                 -1.75   data required time
-----------------------------------------------------------------------------
                                 -1.75   data required time
                                 -2.30   data arrival time
-----------------------------------------------------------------------------
                                  4.05   slack (MET)


Startpoint: opcode[0] (input port clocked by __VIRTUAL_CLK__)
Endpoint: OUT[0] (output port clocked by __VIRTUAL_CLK__)
Path Group: __VIRTUAL_CLK__
Path Type: min

Fanout     Cap    Slew   Delay    Time   Description
-----------------------------------------------------------------------------
                  0.00    0.00    0.00   clock __VIRTUAL_CLK__ (rise edge)
                          0.00    0.00   clock network delay (ideal)
                          2.00    2.00 v input external delay
     5    0.01    0.03    0.02    2.02 v opcode[0] (in)
                                         opcode[0] (net)
                  0.03    0.00    2.02 v _254_/A (sky130_fd_sc_hd__nand2_2)
     3    0.01    0.06    0.06    2.08 ^ _254_/Y (sky130_fd_sc_hd__nand2_2)
                                         _185_ (net)
                  0.06    0.00    2.08 ^ _261_/A2 (sky130_fd_sc_hd__a31o_2)
     1    0.00    0.03    0.13    2.21 ^ _261_/X (sky130_fd_sc_hd__a31o_2)
                                         _192_ (net)
                  0.03    0.00    2.21 ^ _262_/B2 (sky130_fd_sc_hd__a2bb2o_2)
     1    0.03    0.18    0.24    2.45 ^ _262_/X (sky130_fd_sc_hd__a2bb2o_2)
                                         OUT[0] (net)
                  0.18    0.00    2.45 ^ OUT[0] (out)
                                  2.45   data arrival time

                  0.00    0.00    0.00   clock __VIRTUAL_CLK__ (rise edge)
                          0.00    0.00   clock network delay (ideal)
                          0.25    0.25   clock uncertainty
                          0.00    0.25   clock reconvergence pessimism
                         -2.00   -1.75   output external delay
                                 -1.75   data required time
-----------------------------------------------------------------------------
                                 -1.75   data required time
                                 -2.45   data arrival time
-----------------------------------------------------------------------------
                                  4.20   slack (MET)


Startpoint: opcode[2] (input port clocked by __VIRTUAL_CLK__)
Endpoint: OUT[5] (output port clocked by __VIRTUAL_CLK__)
Path Group: __VIRTUAL_CLK__
Path Type: min

Fanout     Cap    Slew   Delay    Time   Description
-----------------------------------------------------------------------------
                  0.00    0.00    0.00   clock __VIRTUAL_CLK__ (rise edge)
                          0.00    0.00   clock network delay (ideal)
                          2.00    2.00 v input external delay
     7    0.02    0.05    0.03    2.03 v opcode[2] (in)
                                         opcode[2] (net)
                  0.05    0.00    2.03 v _273_/A (sky130_fd_sc_hd__and3_2)
     7    0.02    0.07    0.20    2.23 v _273_/X (sky130_fd_sc_hd__and3_2)
                                         _203_ (net)
                  0.07    0.00    2.23 v _409_/A1 (sky130_fd_sc_hd__a21oi_2)
     1    0.00    0.09    0.12    2.36 ^ _409_/Y (sky130_fd_sc_hd__a21oi_2)
                                         _087_ (net)
                  0.09    0.00    2.36 ^ _410_/B1 (sky130_fd_sc_hd__a21oi_2)
     1    0.03    0.08    0.09    2.45 v _410_/Y (sky130_fd_sc_hd__a21oi_2)
                                         OUT[5] (net)
                  0.08    0.00    2.45 v OUT[5] (out)
                                  2.45   data arrival time

                  0.00    0.00    0.00   clock __VIRTUAL_CLK__ (rise edge)
                          0.00    0.00   clock network delay (ideal)
                          0.25    0.25   clock uncertainty
                          0.00    0.25   clock reconvergence pessimism
                         -2.00   -1.75   output external delay
                                 -1.75   data required time
-----------------------------------------------------------------------------
                                 -1.75   data required time
                                 -2.45   data arrival time
-----------------------------------------------------------------------------
                                  4.20   slack (MET)


Startpoint: opcode[2] (input port clocked by __VIRTUAL_CLK__)
Endpoint: OUT[2] (output port clocked by __VIRTUAL_CLK__)
Path Group: __VIRTUAL_CLK__
Path Type: min

Fanout     Cap    Slew   Delay    Time   Description
-----------------------------------------------------------------------------
                  0.00    0.00    0.00   clock __VIRTUAL_CLK__ (rise edge)
                          0.00    0.00   clock network delay (ideal)
                          2.00    2.00 v input external delay
     7    0.02    0.05    0.03    2.03 v opcode[2] (in)
                                         opcode[2] (net)
                  0.05    0.00    2.03 v _255_/A (sky130_fd_sc_hd__inv_2)
     2    0.01    0.05    0.06    2.09 ^ _255_/Y (sky130_fd_sc_hd__inv_2)
                                         _186_ (net)
                  0.05    0.00    2.09 ^ _258_/A (sky130_fd_sc_hd__nor2_2)
     8    0.02    0.05    0.06    2.15 v _258_/Y (sky130_fd_sc_hd__nor2_2)
                                         _189_ (net)
                  0.05    0.00    2.15 v _296_/B1 (sky130_fd_sc_hd__o21ai_2)
     1    0.00    0.05    0.05    2.20 ^ _296_/Y (sky130_fd_sc_hd__o21ai_2)
                                         _225_ (net)
                  0.05    0.00    2.20 ^ _297_/B (sky130_fd_sc_hd__nor2_2)
     1    0.00    0.02    0.03    2.23 v _297_/Y (sky130_fd_sc_hd__nor2_2)
                                         _226_ (net)
                  0.02    0.00    2.23 v _309_/B1 (sky130_fd_sc_hd__o2bb2a_2)
     1    0.03    0.10    0.31    2.55 v _309_/X (sky130_fd_sc_hd__o2bb2a_2)
                                         OUT[2] (net)
                  0.10    0.00    2.55 v OUT[2] (out)
                                  2.55   data arrival time

                  0.00    0.00    0.00   clock __VIRTUAL_CLK__ (rise edge)
                          0.00    0.00   clock network delay (ideal)
                          0.25    0.25   clock uncertainty
                          0.00    0.25   clock reconvergence pessimism
                         -2.00   -1.75   output external delay
                                 -1.75   data required time
-----------------------------------------------------------------------------
                                 -1.75   data required time
                                 -2.55   data arrival time
-----------------------------------------------------------------------------
                                  4.30   slack (MET)


Startpoint: opcode[2] (input port clocked by __VIRTUAL_CLK__)
Endpoint: OUT[4] (output port clocked by __VIRTUAL_CLK__)
Path Group: __VIRTUAL_CLK__
Path Type: min

Fanout     Cap    Slew   Delay    Time   Description
-----------------------------------------------------------------------------
                  0.00    0.00    0.00   clock __VIRTUAL_CLK__ (rise edge)
                          0.00    0.00   clock network delay (ideal)
                          2.00    2.00 v input external delay
     7    0.02    0.05    0.03    2.03 v opcode[2] (in)
                                         opcode[2] (net)
                  0.05    0.00    2.03 v _264_/A (sky130_fd_sc_hd__nor2_2)
     3    0.01    0.11    0.12    2.15 ^ _264_/Y (sky130_fd_sc_hd__nor2_2)
                                         _194_ (net)
                  0.11    0.00    2.15 ^ _371_/B1 (sky130_fd_sc_hd__a311o_2)
     1    0.00    0.03    0.11    2.26 ^ _371_/X (sky130_fd_sc_hd__a311o_2)
                                         _050_ (net)
                  0.03    0.00    2.26 ^ _372_/B1 (sky130_fd_sc_hd__a31o_2)
     1    0.00    0.03    0.08    2.34 ^ _372_/X (sky130_fd_sc_hd__a31o_2)
                                         _051_ (net)
                  0.03    0.00    2.34 ^ _373_/B2 (sky130_fd_sc_hd__o2bb2a_2)
     1    0.03    0.18    0.25    2.58 ^ _373_/X (sky130_fd_sc_hd__o2bb2a_2)
                                         OUT[4] (net)
                  0.18    0.00    2.58 ^ OUT[4] (out)
                                  2.58   data arrival time

                  0.00    0.00    0.00   clock __VIRTUAL_CLK__ (rise edge)
                          0.00    0.00   clock network delay (ideal)
                          0.25    0.25   clock uncertainty
                          0.00    0.25   clock reconvergence pessimism
                         -2.00   -1.75   output external delay
                                 -1.75   data required time
-----------------------------------------------------------------------------
                                 -1.75   data required time
                                 -2.58   data arrival time
-----------------------------------------------------------------------------
                                  4.33   slack (MET)


Startpoint: A[1] (input port clocked by __VIRTUAL_CLK__)
Endpoint: OUT[1] (output port clocked by __VIRTUAL_CLK__)
Path Group: __VIRTUAL_CLK__
Path Type: min

Fanout     Cap    Slew   Delay    Time   Description
-----------------------------------------------------------------------------
                  0.00    0.00    0.00   clock __VIRTUAL_CLK__ (rise edge)
                          0.00    0.00   clock network delay (ideal)
                          2.00    2.00 v input external delay
    10    0.02    0.05    0.04    2.04 v A[1] (in)
                                         A[1] (net)
                  0.05    0.00    2.04 v _263_/A (sky130_fd_sc_hd__buf_1)
    10    0.02    0.14    0.17    2.21 v _263_/X (sky130_fd_sc_hd__buf_1)
                                         _193_ (net)
                  0.14    0.00    2.21 v _287_/A1_N (sky130_fd_sc_hd__o2bb2a_2)
     1    0.03    0.18    0.38    2.59 ^ _287_/X (sky130_fd_sc_hd__o2bb2a_2)
                                         OUT[1] (net)
                  0.18    0.00    2.59 ^ OUT[1] (out)
                                  2.59   data arrival time

                  0.00    0.00    0.00   clock __VIRTUAL_CLK__ (rise edge)
                          0.00    0.00   clock network delay (ideal)
                          0.25    0.25   clock uncertainty
                          0.00    0.25   clock reconvergence pessimism
                         -2.00   -1.75   output external delay
                                 -1.75   data required time
-----------------------------------------------------------------------------
                                 -1.75   data required time
                                 -2.59   data arrival time
-----------------------------------------------------------------------------
                                  4.34   slack (MET)


Startpoint: A[3] (input port clocked by __VIRTUAL_CLK__)
Endpoint: OUT[3] (output port clocked by __VIRTUAL_CLK__)
Path Group: __VIRTUAL_CLK__
Path Type: min

Fanout     Cap    Slew   Delay    Time   Description
-----------------------------------------------------------------------------
                  0.00    0.00    0.00   clock __VIRTUAL_CLK__ (rise edge)
                          0.00    0.00   clock network delay (ideal)
                          2.00    2.00 v input external delay
     7    0.01    0.03    0.02    2.02 v A[3] (in)
                                         A[3] (net)
                  0.03    0.00    2.02 v _310_/A (sky130_fd_sc_hd__buf_1)
    10    0.03    0.16    0.18    2.20 v _310_/X (sky130_fd_sc_hd__buf_1)
                                         _238_ (net)
                  0.16    0.00    2.20 v _339_/A1_N (sky130_fd_sc_hd__o2bb2a_2)
     1    0.03    0.18    0.39    2.60 ^ _339_/X (sky130_fd_sc_hd__o2bb2a_2)
                                         OUT[3] (net)
                  0.18    0.00    2.60 ^ OUT[3] (out)
                                  2.60   data arrival time

                  0.00    0.00    0.00   clock __VIRTUAL_CLK__ (rise edge)
                          0.00    0.00   clock network delay (ideal)
                          0.25    0.25   clock uncertainty
                          0.00    0.25   clock reconvergence pessimism
                         -2.00   -1.75   output external delay
                                 -1.75   data required time
-----------------------------------------------------------------------------
                                 -1.75   data required time
                                 -2.60   data arrival time
-----------------------------------------------------------------------------
                                  4.35   slack (MET)



worst slack corner Typical: 4.0311
min_report_end
max_report

===========================================================================
report_checks -path_delay max (Setup)
============================================================================
======================= Typical Corner ===================================

Startpoint: B[1] (input port clocked by __VIRTUAL_CLK__)
Endpoint: OUT[7] (output port clocked by __VIRTUAL_CLK__)
Path Group: __VIRTUAL_CLK__
Path Type: max

Fanout     Cap    Slew   Delay    Time   Description
-----------------------------------------------------------------------------
                  0.00    0.00    0.00   clock __VIRTUAL_CLK__ (rise edge)
                          0.00    0.00   clock network delay (ideal)
                          2.00    2.00 ^ input external delay
     4    0.01    0.05    0.03    2.03 ^ B[1] (in)
                                         B[1] (net)
                  0.05    0.00    2.03 ^ _266_/A (sky130_fd_sc_hd__buf_1)
    10    0.03    0.36    0.32    2.35 ^ _266_/X (sky130_fd_sc_hd__buf_1)
                                         _196_ (net)
                  0.36    0.00    2.35 ^ _382_/B (sky130_fd_sc_hd__nand4_2)
     3    0.01    0.14    0.18    2.53 v _382_/Y (sky130_fd_sc_hd__nand4_2)
                                         _060_ (net)
                  0.14    0.00    2.53 v _385_/A1 (sky130_fd_sc_hd__a21o_2)
     2    0.01    0.04    0.24    2.78 v _385_/X (sky130_fd_sc_hd__a21o_2)
                                         _063_ (net)
                  0.04    0.00    2.78 v _389_/A1 (sky130_fd_sc_hd__a21o_2)
     3    0.01    0.05    0.21    2.99 v _389_/X (sky130_fd_sc_hd__a21o_2)
                                         _067_ (net)
                  0.05    0.00    2.99 v _395_/A2 (sky130_fd_sc_hd__a21o_2)
     3    0.01    0.05    0.24    3.23 v _395_/X (sky130_fd_sc_hd__a21o_2)
                                         _073_ (net)
                  0.05    0.00    3.23 v _398_/A (sky130_fd_sc_hd__and3_2)
     2    0.01    0.05    0.19    3.42 v _398_/X (sky130_fd_sc_hd__and3_2)
                                         _076_ (net)
                  0.05    0.00    3.42 v _401_/B (sky130_fd_sc_hd__or3_2)
     4    0.01    0.11    0.52    3.95 v _401_/X (sky130_fd_sc_hd__or3_2)
                                         _079_ (net)
                  0.11    0.00    3.95 v _465_/A2 (sky130_fd_sc_hd__a211o_2)
     2    0.01    0.06    0.38    4.32 v _465_/X (sky130_fd_sc_hd__a211o_2)
                                         _141_ (net)
                  0.06    0.00    4.32 v _494_/A (sky130_fd_sc_hd__or3_2)
     2    0.01    0.09    0.51    4.84 v _494_/X (sky130_fd_sc_hd__or3_2)
                                         _170_ (net)
                  0.09    0.00    4.84 v _496_/B (sky130_fd_sc_hd__and3_2)
     1    0.00    0.04    0.21    5.05 v _496_/X (sky130_fd_sc_hd__and3_2)
                                         _172_ (net)
                  0.04    0.00    5.05 v _498_/A1 (sky130_fd_sc_hd__o21a_2)
     1    0.00    0.03    0.20    5.25 v _498_/X (sky130_fd_sc_hd__o21a_2)
                                         _174_ (net)
                  0.03    0.00    5.25 v _503_/A2 (sky130_fd_sc_hd__o32a_2)
     1    0.03    0.12    0.47    5.73 v _503_/X (sky130_fd_sc_hd__o32a_2)
                                         OUT[7] (net)
                  0.12    0.00    5.73 v OUT[7] (out)
                                  5.73   data arrival time

                  0.00   10.00   10.00   clock __VIRTUAL_CLK__ (rise edge)
                          0.00   10.00   clock network delay (ideal)
                         -0.25    9.75   clock uncertainty
                          0.00    9.75   clock reconvergence pessimism
                         -2.00    7.75   output external delay
                                  7.75   data required time
-----------------------------------------------------------------------------
                                  7.75   data required time
                                 -5.73   data arrival time
-----------------------------------------------------------------------------
                                  2.02   slack (MET)


Startpoint: B[1] (input port clocked by __VIRTUAL_CLK__)
Endpoint: OUT[6] (output port clocked by __VIRTUAL_CLK__)
Path Group: __VIRTUAL_CLK__
Path Type: max

Fanout     Cap    Slew   Delay    Time   Description
-----------------------------------------------------------------------------
                  0.00    0.00    0.00   clock __VIRTUAL_CLK__ (rise edge)
                          0.00    0.00   clock network delay (ideal)
                          2.00    2.00 ^ input external delay
     4    0.01    0.05    0.03    2.03 ^ B[1] (in)
                                         B[1] (net)
                  0.05    0.00    2.03 ^ _266_/A (sky130_fd_sc_hd__buf_1)
    10    0.03    0.36    0.32    2.35 ^ _266_/X (sky130_fd_sc_hd__buf_1)
                                         _196_ (net)
                  0.36    0.00    2.35 ^ _382_/B (sky130_fd_sc_hd__nand4_2)
     3    0.01    0.14    0.18    2.53 v _382_/Y (sky130_fd_sc_hd__nand4_2)
                                         _060_ (net)
                  0.14    0.00    2.53 v _385_/A1 (sky130_fd_sc_hd__a21o_2)
     2    0.01    0.04    0.24    2.78 v _385_/X (sky130_fd_sc_hd__a21o_2)
                                         _063_ (net)
                  0.04    0.00    2.78 v _389_/A1 (sky130_fd_sc_hd__a21o_2)
     3    0.01    0.05    0.21    2.99 v _389_/X (sky130_fd_sc_hd__a21o_2)
                                         _067_ (net)
                  0.05    0.00    2.99 v _395_/A2 (sky130_fd_sc_hd__a21o_2)
     3    0.01    0.05    0.24    3.23 v _395_/X (sky130_fd_sc_hd__a21o_2)
                                         _073_ (net)
                  0.05    0.00    3.23 v _398_/A (sky130_fd_sc_hd__and3_2)
     2    0.01    0.05    0.19    3.42 v _398_/X (sky130_fd_sc_hd__and3_2)
                                         _076_ (net)
                  0.05    0.00    3.42 v _401_/B (sky130_fd_sc_hd__or3_2)
     4    0.01    0.11    0.52    3.95 v _401_/X (sky130_fd_sc_hd__or3_2)
                                         _079_ (net)
                  0.11    0.00    3.95 v _437_/C1 (sky130_fd_sc_hd__o211a_2)
     2    0.01    0.05    0.16    4.10 v _437_/X (sky130_fd_sc_hd__o211a_2)
                                         _114_ (net)
                  0.05    0.00    4.10 v _439_/B (sky130_fd_sc_hd__or2_2)
     1    0.00    0.05    0.28    4.38 v _439_/X (sky130_fd_sc_hd__or2_2)
                                         _116_ (net)
                  0.05    0.00    4.38 v _440_/A2 (sky130_fd_sc_hd__a21bo_2)
     1    0.00    0.03    0.21    4.59 v _440_/X (sky130_fd_sc_hd__a21bo_2)
                                         _117_ (net)
                  0.03    0.00    4.59 v _441_/B (sky130_fd_sc_hd__or2_2)
     1    0.00    0.06    0.28    4.88 v _441_/X (sky130_fd_sc_hd__or2_2)
                                         _118_ (net)
                  0.06    0.00    4.88 v _453_/B1 (sky130_fd_sc_hd__a22oi_2)
     1    0.03    0.46    0.38    5.25 ^ _453_/Y (sky130_fd_sc_hd__a22oi_2)
                                         OUT[6] (net)
                  0.46    0.00    5.25 ^ OUT[6] (out)
                                  5.25   data arrival time

                  0.00   10.00   10.00   clock __VIRTUAL_CLK__ (rise edge)
                          0.00   10.00   clock network delay (ideal)
                         -0.25    9.75   clock uncertainty
                          0.00    9.75   clock reconvergence pessimism
                         -2.00    7.75   output external delay
                                  7.75   data required time
-----------------------------------------------------------------------------
                                  7.75   data required time
                                 -5.25   data arrival time
-----------------------------------------------------------------------------
                                  2.50   slack (MET)


Startpoint: B[0] (input port clocked by __VIRTUAL_CLK__)
Endpoint: OUT[4] (output port clocked by __VIRTUAL_CLK__)
Path Group: __VIRTUAL_CLK__
Path Type: max

Fanout     Cap    Slew   Delay    Time   Description
-----------------------------------------------------------------------------
                  0.00    0.00    0.00   clock __VIRTUAL_CLK__ (rise edge)
                          0.00    0.00   clock network delay (ideal)
                          2.00    2.00 ^ input external delay
     5    0.01    0.06    0.04    2.04 ^ B[0] (in)
                                         B[0] (net)
                  0.06    0.00    2.04 ^ _251_/A (sky130_fd_sc_hd__buf_1)
    10    0.03    0.35    0.31    2.36 ^ _251_/X (sky130_fd_sc_hd__buf_1)
                                         _182_ (net)
                  0.35    0.00    2.36 ^ _252_/A (sky130_fd_sc_hd__buf_1)
    10    0.03    0.31    0.33    2.69 ^ _252_/X (sky130_fd_sc_hd__buf_1)
                                         _183_ (net)
                  0.31    0.00    2.69 ^ _276_/A1 (sky130_fd_sc_hd__a21oi_2)
     2    0.00    0.07    0.09    2.78 v _276_/Y (sky130_fd_sc_hd__a21oi_2)
                                         _206_ (net)
                  0.07    0.00    2.78 v _279_/B (sky130_fd_sc_hd__or3_2)
     2    0.00    0.08    0.48    3.26 v _279_/X (sky130_fd_sc_hd__or3_2)
                                         _209_ (net)
                  0.08    0.00    3.26 v _301_/A2 (sky130_fd_sc_hd__a21o_2)
     3    0.01    0.05    0.25    3.51 v _301_/X (sky130_fd_sc_hd__a21o_2)
                                         _230_ (net)
                  0.05    0.00    3.51 v _312_/A2 (sky130_fd_sc_hd__a21o_2)
     3    0.01    0.04    0.23    3.73 v _312_/X (sky130_fd_sc_hd__a21o_2)
                                         _240_ (net)
                  0.04    0.00    3.73 v _366_/A1 (sky130_fd_sc_hd__a21bo_2)
     3    0.01    0.05    0.21    3.95 v _366_/X (sky130_fd_sc_hd__a21bo_2)
                                         _045_ (net)
                  0.05    0.00    3.95 v _368_/B (sky130_fd_sc_hd__or2_2)
     1    0.00    0.05    0.28    4.22 v _368_/X (sky130_fd_sc_hd__or2_2)
                                         _047_ (net)
                  0.05    0.00    4.22 v _372_/A3 (sky130_fd_sc_hd__a31o_2)
     1    0.00    0.03    0.25    4.47 v _372_/X (sky130_fd_sc_hd__a31o_2)
                                         _051_ (net)
                  0.03    0.00    4.47 v _373_/B2 (sky130_fd_sc_hd__o2bb2a_2)
     1    0.03    0.11    0.34    4.81 v _373_/X (sky130_fd_sc_hd__o2bb2a_2)
                                         OUT[4] (net)
                  0.11    0.00    4.81 v OUT[4] (out)
                                  4.81   data arrival time

                  0.00   10.00   10.00   clock __VIRTUAL_CLK__ (rise edge)
                          0.00   10.00   clock network delay (ideal)
                         -0.25    9.75   clock uncertainty
                          0.00    9.75   clock reconvergence pessimism
                         -2.00    7.75   output external delay
                                  7.75   data required time
-----------------------------------------------------------------------------
                                  7.75   data required time
                                 -4.81   data arrival time
-----------------------------------------------------------------------------
                                  2.94   slack (MET)


Startpoint: B[0] (input port clocked by __VIRTUAL_CLK__)
Endpoint: OUT[5] (output port clocked by __VIRTUAL_CLK__)
Path Group: __VIRTUAL_CLK__
Path Type: max

Fanout     Cap    Slew   Delay    Time   Description
-----------------------------------------------------------------------------
                  0.00    0.00    0.00   clock __VIRTUAL_CLK__ (rise edge)
                          0.00    0.00   clock network delay (ideal)
                          2.00    2.00 ^ input external delay
     5    0.01    0.06    0.04    2.04 ^ B[0] (in)
                                         B[0] (net)
                  0.06    0.00    2.04 ^ _251_/A (sky130_fd_sc_hd__buf_1)
    10    0.03    0.35    0.31    2.36 ^ _251_/X (sky130_fd_sc_hd__buf_1)
                                         _182_ (net)
                  0.35    0.00    2.36 ^ _252_/A (sky130_fd_sc_hd__buf_1)
    10    0.03    0.31    0.33    2.69 ^ _252_/X (sky130_fd_sc_hd__buf_1)
                                         _183_ (net)
                  0.31    0.00    2.69 ^ _276_/A1 (sky130_fd_sc_hd__a21oi_2)
     2    0.00    0.07    0.09    2.78 v _276_/Y (sky130_fd_sc_hd__a21oi_2)
                                         _206_ (net)
                  0.07    0.00    2.78 v _279_/B (sky130_fd_sc_hd__or3_2)
     2    0.00    0.08    0.48    3.26 v _279_/X (sky130_fd_sc_hd__or3_2)
                                         _209_ (net)
                  0.08    0.00    3.26 v _301_/A2 (sky130_fd_sc_hd__a21o_2)
     3    0.01    0.05    0.25    3.51 v _301_/X (sky130_fd_sc_hd__a21o_2)
                                         _230_ (net)
                  0.05    0.00    3.51 v _312_/A2 (sky130_fd_sc_hd__a21o_2)
     3    0.01    0.04    0.23    3.73 v _312_/X (sky130_fd_sc_hd__a21o_2)
                                         _240_ (net)
                  0.04    0.00    3.73 v _366_/A1 (sky130_fd_sc_hd__a21bo_2)
     3    0.01    0.05    0.21    3.95 v _366_/X (sky130_fd_sc_hd__a21bo_2)
                                         _045_ (net)
                  0.05    0.00    3.95 v _375_/A2 (sky130_fd_sc_hd__a21o_2)
     2    0.01    0.05    0.24    4.19 v _375_/X (sky130_fd_sc_hd__a21o_2)
                                         _053_ (net)
                  0.05    0.00    4.19 v _381_/A (sky130_fd_sc_hd__xor2_2)
     1    0.01    0.12    0.16    4.35 ^ _381_/X (sky130_fd_sc_hd__xor2_2)
                                         _059_ (net)
                  0.12    0.00    4.35 ^ _409_/A2 (sky130_fd_sc_hd__a21oi_2)
     1    0.00    0.04    0.07    4.43 v _409_/Y (sky130_fd_sc_hd__a21oi_2)
                                         _087_ (net)
                  0.04    0.00    4.43 v _410_/B1 (sky130_fd_sc_hd__a21oi_2)
     1    0.03    0.42    0.35    4.77 ^ _410_/Y (sky130_fd_sc_hd__a21oi_2)
                                         OUT[5] (net)
                  0.42    0.00    4.77 ^ OUT[5] (out)
                                  4.77   data arrival time

                  0.00   10.00   10.00   clock __VIRTUAL_CLK__ (rise edge)
                          0.00   10.00   clock network delay (ideal)
                         -0.25    9.75   clock uncertainty
                          0.00    9.75   clock reconvergence pessimism
                         -2.00    7.75   output external delay
                                  7.75   data required time
-----------------------------------------------------------------------------
                                  7.75   data required time
                                 -4.77   data arrival time
-----------------------------------------------------------------------------
                                  2.98   slack (MET)


Startpoint: B[2] (input port clocked by __VIRTUAL_CLK__)
Endpoint: OUT[3] (output port clocked by __VIRTUAL_CLK__)
Path Group: __VIRTUAL_CLK__
Path Type: max

Fanout     Cap    Slew   Delay    Time   Description
-----------------------------------------------------------------------------
                  0.00    0.00    0.00   clock __VIRTUAL_CLK__ (rise edge)
                          0.00    0.00   clock network delay (ideal)
                          2.00    2.00 ^ input external delay
     5    0.01    0.06    0.04    2.04 ^ B[2] (in)
                                         B[2] (net)
                  0.06    0.00    2.04 ^ _289_/A (sky130_fd_sc_hd__buf_1)
    10    0.04    0.47    0.40    2.44 ^ _289_/X (sky130_fd_sc_hd__buf_1)
                                         _218_ (net)
                  0.47    0.00    2.44 ^ _322_/B (sky130_fd_sc_hd__nand2_2)
     3    0.01    0.10    0.14    2.58 v _322_/Y (sky130_fd_sc_hd__nand2_2)
                                         _002_ (net)
                  0.10    0.00    2.58 v _325_/A (sky130_fd_sc_hd__or3_2)
     2    0.00    0.08    0.51    3.09 v _325_/X (sky130_fd_sc_hd__or3_2)
                                         _005_ (net)
                  0.08    0.00    3.09 v _330_/A1 (sky130_fd_sc_hd__a21o_2)
     2    0.00    0.04    0.21    3.30 v _330_/X (sky130_fd_sc_hd__a21o_2)
                                         _010_ (net)
                  0.04    0.00    3.30 v _331_/B (sky130_fd_sc_hd__and2b_2)
     1    0.01    0.05    0.21    3.51 v _331_/X (sky130_fd_sc_hd__and2b_2)
                                         _011_ (net)
                  0.05    0.00    3.51 v _332_/B (sky130_fd_sc_hd__xnor2_2)
     2    0.01    0.05    0.14    3.65 v _332_/Y (sky130_fd_sc_hd__xnor2_2)
                                         _012_ (net)
                  0.05    0.00    3.65 v _334_/B (sky130_fd_sc_hd__or2_2)
     1    0.00    0.05    0.28    3.93 v _334_/X (sky130_fd_sc_hd__or2_2)
                                         _014_ (net)
                  0.05    0.00    3.93 v _338_/A3 (sky130_fd_sc_hd__a31o_2)
     1    0.00    0.03    0.25    4.17 v _338_/X (sky130_fd_sc_hd__a31o_2)
                                         _018_ (net)
                  0.03    0.00    4.17 v _339_/B2 (sky130_fd_sc_hd__o2bb2a_2)
     1    0.03    0.11    0.34    4.52 v _339_/X (sky130_fd_sc_hd__o2bb2a_2)
                                         OUT[3] (net)
                  0.11    0.00    4.52 v OUT[3] (out)
                                  4.52   data arrival time

                  0.00   10.00   10.00   clock __VIRTUAL_CLK__ (rise edge)
                          0.00   10.00   clock network delay (ideal)
                         -0.25    9.75   clock uncertainty
                          0.00    9.75   clock reconvergence pessimism
                         -2.00    7.75   output external delay
                                  7.75   data required time
-----------------------------------------------------------------------------
                                  7.75   data required time
                                 -4.52   data arrival time
-----------------------------------------------------------------------------
                                  3.23   slack (MET)


Startpoint: B[0] (input port clocked by __VIRTUAL_CLK__)
Endpoint: OUT[2] (output port clocked by __VIRTUAL_CLK__)
Path Group: __VIRTUAL_CLK__
Path Type: max

Fanout     Cap    Slew   Delay    Time   Description
-----------------------------------------------------------------------------
                  0.00    0.00    0.00   clock __VIRTUAL_CLK__ (rise edge)
                          0.00    0.00   clock network delay (ideal)
                          2.00    2.00 ^ input external delay
     5    0.01    0.06    0.04    2.04 ^ B[0] (in)
                                         B[0] (net)
                  0.06    0.00    2.04 ^ _251_/A (sky130_fd_sc_hd__buf_1)
    10    0.03    0.35    0.31    2.36 ^ _251_/X (sky130_fd_sc_hd__buf_1)
                                         _182_ (net)
                  0.35    0.00    2.36 ^ _252_/A (sky130_fd_sc_hd__buf_1)
    10    0.03    0.31    0.33    2.69 ^ _252_/X (sky130_fd_sc_hd__buf_1)
                                         _183_ (net)
                  0.31    0.00    2.69 ^ _276_/A1 (sky130_fd_sc_hd__a21oi_2)
     2    0.00    0.07    0.09    2.78 v _276_/Y (sky130_fd_sc_hd__a21oi_2)
                                         _206_ (net)
                  0.07    0.00    2.78 v _279_/B (sky130_fd_sc_hd__or3_2)
     2    0.00    0.08    0.48    3.26 v _279_/X (sky130_fd_sc_hd__or3_2)
                                         _209_ (net)
                  0.08    0.00    3.26 v _301_/A2 (sky130_fd_sc_hd__a21o_2)
     3    0.01    0.05    0.25    3.51 v _301_/X (sky130_fd_sc_hd__a21o_2)
                                         _230_ (net)
                  0.05    0.00    3.51 v _303_/A2 (sky130_fd_sc_hd__o21a_2)
     1    0.00    0.03    0.19    3.70 v _303_/X (sky130_fd_sc_hd__o21a_2)
                                         _232_ (net)
                  0.03    0.00    3.70 v _308_/A2 (sky130_fd_sc_hd__a211o_2)
     1    0.00    0.04    0.32    4.02 v _308_/X (sky130_fd_sc_hd__a211o_2)
                                         _237_ (net)
                  0.04    0.00    4.02 v _309_/B2 (sky130_fd_sc_hd__o2bb2a_2)
     1    0.03    0.11    0.35    4.37 v _309_/X (sky130_fd_sc_hd__o2bb2a_2)
                                         OUT[2] (net)
                  0.11    0.00    4.37 v OUT[2] (out)
                                  4.37   data arrival time

                  0.00   10.00   10.00   clock __VIRTUAL_CLK__ (rise edge)
                          0.00   10.00   clock network delay (ideal)
                         -0.25    9.75   clock uncertainty
                          0.00    9.75   clock reconvergence pessimism
                         -2.00    7.75   output external delay
                                  7.75   data required time
-----------------------------------------------------------------------------
                                  7.75   data required time
                                 -4.37   data arrival time
-----------------------------------------------------------------------------
                                  3.38   slack (MET)


Startpoint: B[1] (input port clocked by __VIRTUAL_CLK__)
Endpoint: OUT[1] (output port clocked by __VIRTUAL_CLK__)
Path Group: __VIRTUAL_CLK__
Path Type: max

Fanout     Cap    Slew   Delay    Time   Description
-----------------------------------------------------------------------------
                  0.00    0.00    0.00   clock __VIRTUAL_CLK__ (rise edge)
                          0.00    0.00   clock network delay (ideal)
                          2.00    2.00 ^ input external delay
     4    0.01    0.05    0.03    2.03 ^ B[1] (in)
                                         B[1] (net)
                  0.05    0.00    2.03 ^ _266_/A (sky130_fd_sc_hd__buf_1)
    10    0.03    0.36    0.32    2.35 ^ _266_/X (sky130_fd_sc_hd__buf_1)
                                         _196_ (net)
                  0.36    0.00    2.35 ^ _267_/A (sky130_fd_sc_hd__buf_1)
    10    0.03    0.32    0.34    2.69 ^ _267_/X (sky130_fd_sc_hd__buf_1)
                                         _197_ (net)
                  0.32    0.00    2.69 ^ _277_/B (sky130_fd_sc_hd__and3_2)
     2    0.00    0.05    0.25    2.94 ^ _277_/X (sky130_fd_sc_hd__and3_2)
                                         _207_ (net)
                  0.05    0.00    2.94 ^ _279_/C (sky130_fd_sc_hd__or3_2)
     2    0.00    0.04    0.11    3.05 ^ _279_/X (sky130_fd_sc_hd__or3_2)
                                         _209_ (net)
                  0.04    0.00    3.05 ^ _280_/B_N (sky130_fd_sc_hd__or2b_2)
     1    0.01    0.07    0.32    3.37 v _280_/X (sky130_fd_sc_hd__or2b_2)
                                         _210_ (net)
                  0.07    0.00    3.37 v _281_/B (sky130_fd_sc_hd__xnor2_2)
     1    0.00    0.04    0.13    3.51 v _281_/Y (sky130_fd_sc_hd__xnor2_2)
                                         _211_ (net)
                  0.04    0.00    3.51 v _286_/A2 (sky130_fd_sc_hd__a211o_2)
     1    0.00    0.04    0.33    3.84 v _286_/X (sky130_fd_sc_hd__a211o_2)
                                         _216_ (net)
                  0.04    0.00    3.84 v _287_/B2 (sky130_fd_sc_hd__o2bb2a_2)
     1    0.03    0.11    0.35    4.18 v _287_/X (sky130_fd_sc_hd__o2bb2a_2)
                                         OUT[1] (net)
                  0.11    0.00    4.18 v OUT[1] (out)
                                  4.18   data arrival time

                  0.00   10.00   10.00   clock __VIRTUAL_CLK__ (rise edge)
                          0.00   10.00   clock network delay (ideal)
                         -0.25    9.75   clock uncertainty
                          0.00    9.75   clock reconvergence pessimism
                         -2.00    7.75   output external delay
                                  7.75   data required time
-----------------------------------------------------------------------------
                                  7.75   data required time
                                 -4.18   data arrival time
-----------------------------------------------------------------------------
                                  3.57   slack (MET)


Startpoint: B[0] (input port clocked by __VIRTUAL_CLK__)
Endpoint: OUT[0] (output port clocked by __VIRTUAL_CLK__)
Path Group: __VIRTUAL_CLK__
Path Type: max

Fanout     Cap    Slew   Delay    Time   Description
-----------------------------------------------------------------------------
                  0.00    0.00    0.00   clock __VIRTUAL_CLK__ (rise edge)
                          0.00    0.00   clock network delay (ideal)
                          2.00    2.00 ^ input external delay
     5    0.01    0.06    0.04    2.04 ^ B[0] (in)
                                         B[0] (net)
                  0.06    0.00    2.04 ^ _251_/A (sky130_fd_sc_hd__buf_1)
    10    0.03    0.35    0.31    2.36 ^ _251_/X (sky130_fd_sc_hd__buf_1)
                                         _182_ (net)
                  0.35    0.00    2.36 ^ _252_/A (sky130_fd_sc_hd__buf_1)
    10    0.03    0.31    0.33    2.69 ^ _252_/X (sky130_fd_sc_hd__buf_1)
                                         _183_ (net)
                  0.31    0.00    2.69 ^ _257_/B (sky130_fd_sc_hd__nand3_2)
     1    0.00    0.08    0.10    2.79 v _257_/Y (sky130_fd_sc_hd__nand3_2)
                                         _188_ (net)
                  0.08    0.00    2.79 v _261_/A3 (sky130_fd_sc_hd__a31o_2)
     1    0.00    0.03    0.26    3.05 v _261_/X (sky130_fd_sc_hd__a31o_2)
                                         _192_ (net)
                  0.03    0.00    3.05 v _262_/B2 (sky130_fd_sc_hd__a2bb2o_2)
     1    0.03    0.12    0.33    3.38 v _262_/X (sky130_fd_sc_hd__a2bb2o_2)
                                         OUT[0] (net)
                  0.12    0.00    3.38 v OUT[0] (out)
                                  3.38   data arrival time

                  0.00   10.00   10.00   clock __VIRTUAL_CLK__ (rise edge)
                          0.00   10.00   clock network delay (ideal)
                         -0.25    9.75   clock uncertainty
                          0.00    9.75   clock reconvergence pessimism
                         -2.00    7.75   output external delay
                                  7.75   data required time
-----------------------------------------------------------------------------
                                  7.75   data required time
                                 -3.38   data arrival time
-----------------------------------------------------------------------------
                                  4.37   slack (MET)



worst slack corner Typical: 2.0216
max_report_end
checks_report

===========================================================================
report_checks -unconstrained
===========================================================================
======================= Typical Corner ===================================

Startpoint: B[1] (input port clocked by __VIRTUAL_CLK__)
Endpoint: OUT[7] (output port clocked by __VIRTUAL_CLK__)
Path Group: __VIRTUAL_CLK__
Path Type: max

Fanout     Cap    Slew   Delay    Time   Description
-----------------------------------------------------------------------------
                  0.00    0.00    0.00   clock __VIRTUAL_CLK__ (rise edge)
                          0.00    0.00   clock network delay (ideal)
                          2.00    2.00 ^ input external delay
     4    0.01    0.05    0.03    2.03 ^ B[1] (in)
                                         B[1] (net)
                  0.05    0.00    2.03 ^ _266_/A (sky130_fd_sc_hd__buf_1)
    10    0.03    0.36    0.32    2.35 ^ _266_/X (sky130_fd_sc_hd__buf_1)
                                         _196_ (net)
                  0.36    0.00    2.35 ^ _382_/B (sky130_fd_sc_hd__nand4_2)
     3    0.01    0.14    0.18    2.53 v _382_/Y (sky130_fd_sc_hd__nand4_2)
                                         _060_ (net)
                  0.14    0.00    2.53 v _385_/A1 (sky130_fd_sc_hd__a21o_2)
     2    0.01    0.04    0.24    2.78 v _385_/X (sky130_fd_sc_hd__a21o_2)
                                         _063_ (net)
                  0.04    0.00    2.78 v _389_/A1 (sky130_fd_sc_hd__a21o_2)
     3    0.01    0.05    0.21    2.99 v _389_/X (sky130_fd_sc_hd__a21o_2)
                                         _067_ (net)
                  0.05    0.00    2.99 v _395_/A2 (sky130_fd_sc_hd__a21o_2)
     3    0.01    0.05    0.24    3.23 v _395_/X (sky130_fd_sc_hd__a21o_2)
                                         _073_ (net)
                  0.05    0.00    3.23 v _398_/A (sky130_fd_sc_hd__and3_2)
     2    0.01    0.05    0.19    3.42 v _398_/X (sky130_fd_sc_hd__and3_2)
                                         _076_ (net)
                  0.05    0.00    3.42 v _401_/B (sky130_fd_sc_hd__or3_2)
     4    0.01    0.11    0.52    3.95 v _401_/X (sky130_fd_sc_hd__or3_2)
                                         _079_ (net)
                  0.11    0.00    3.95 v _465_/A2 (sky130_fd_sc_hd__a211o_2)
     2    0.01    0.06    0.38    4.32 v _465_/X (sky130_fd_sc_hd__a211o_2)
                                         _141_ (net)
                  0.06    0.00    4.32 v _494_/A (sky130_fd_sc_hd__or3_2)
     2    0.01    0.09    0.51    4.84 v _494_/X (sky130_fd_sc_hd__or3_2)
                                         _170_ (net)
                  0.09    0.00    4.84 v _496_/B (sky130_fd_sc_hd__and3_2)
     1    0.00    0.04    0.21    5.05 v _496_/X (sky130_fd_sc_hd__and3_2)
                                         _172_ (net)
                  0.04    0.00    5.05 v _498_/A1 (sky130_fd_sc_hd__o21a_2)
     1    0.00    0.03    0.20    5.25 v _498_/X (sky130_fd_sc_hd__o21a_2)
                                         _174_ (net)
                  0.03    0.00    5.25 v _503_/A2 (sky130_fd_sc_hd__o32a_2)
     1    0.03    0.12    0.47    5.73 v _503_/X (sky130_fd_sc_hd__o32a_2)
                                         OUT[7] (net)
                  0.12    0.00    5.73 v OUT[7] (out)
                                  5.73   data arrival time

                  0.00   10.00   10.00   clock __VIRTUAL_CLK__ (rise edge)
                          0.00   10.00   clock network delay (ideal)
                         -0.25    9.75   clock uncertainty
                          0.00    9.75   clock reconvergence pessimism
                         -2.00    7.75   output external delay
                                  7.75   data required time
-----------------------------------------------------------------------------
                                  7.75   data required time
                                 -5.73   data arrival time
-----------------------------------------------------------------------------
                                  2.02   slack (MET)




===========================================================================
report_checks --slack_max -0.01
============================================================================
======================= Typical Corner ===================================

No paths found.


===========================================================================
 report_check_types -max_slew -max_cap -max_fanout -violators
============================================================================
======================= Typical Corner ===================================


max slew violations count Typical: 0
max fanout violations count Typical: 0
max cap violations count Typical: 0

===========================================================================
report_parasitic_annotation -report_unannotated
============================================================================
Found 275 unannotated drivers.
 A[0]
 A[1]
 A[2]
 A[3]
 A[4]
 A[5]
 A[6]
 A[7]
 B[0]
 B[1]
 B[2]
 B[3]
 B[4]
 B[5]
 B[6]
 B[7]
 opcode[0]
 opcode[1]
 opcode[2]
 _248_/X
 _249_/X
 _250_/X
 _251_/X
 _252_/X
 _253_/X
 _254_/Y
 _255_/Y
 _256_/Y
 _257_/Y
 _258_/Y
 _259_/Y
 _260_/X
 _261_/X
 _262_/X
 _263_/X
 _264_/Y
 _265_/X
 _266_/X
 _267_/X
 _268_/Y
 _269_/X
 _270_/X
 _271_/Y
 _272_/X
 _273_/X
 _274_/X
 _275_/Y
 _276_/Y
 _277_/X
 _278_/X
 _279_/X
 _280_/X
 _281_/Y
 _282_/X
 _283_/X
 _284_/X
 _285_/X
 _286_/X
 _287_/X
 _288_/X
 _289_/X
 _290_/Y
 _291_/X
 _292_/X
 _293_/X
 _294_/X
 _295_/X
 _296_/Y
 _297_/Y
 _298_/X
 _299_/Y
 _300_/X
 _301_/X
 _302_/Y
 _303_/X
 _304_/Y
 _305_/X
 _306_/X
 _307_/X
 _308_/X
 _309_/X
 _310_/X
 _311_/X
 _312_/X
 _313_/X
 _314_/Y
 _315_/X
 _316_/Y
 _317_/X
 _318_/X
 _319_/X
 _320_/X
 _321_/Y
 _322_/Y
 _323_/X
 _324_/Y
 _325_/X
 _326_/Y
 _327_/X
 _328_/X
 _329_/X
 _330_/X
 _331_/X
 _332_/Y
 _333_/Y
 _334_/X
 _335_/Y
 _336_/X
 _337_/X
 _338_/X
 _339_/X
 _340_/X
 _341_/X
 _342_/X
 _343_/X
 _344_/X
 _345_/Y
 _346_/X
 _347_/X
 _348_/Y
 _349_/X
 _350_/Y
 _351_/Y
 _352_/X
 _353_/X
 _354_/X
 _355_/Y
 _356_/Y
 _357_/X
 _358_/X
 _359_/Y
 _360_/X
 _361_/X
 _362_/Y
 _363_/X
 _364_/Y
 _365_/Y
 _366_/X
 _367_/Y
 _368_/X
 _369_/Y
 _370_/X
 _371_/X
 _372_/X
 _373_/X
 _374_/X
 _375_/X
 _376_/X
 _377_/Y
 _378_/X
 _379_/Y
 _380_/Y
 _381_/X
 _382_/Y
 _383_/X
 _384_/X
 _385_/X
 _386_/Y
 _387_/Y
 _388_/Y
 _389_/X
 _390_/Y
 _391_/X
 _392_/X
 _393_/X
 _394_/Y
 _395_/X
 _396_/Y
 _397_/X
 _398_/X
 _399_/Y
 _400_/Y
 _401_/X
 _402_/Y
 _403_/X
 _404_/Y
 _405_/Y
 _406_/X
 _407_/X
 _408_/X
 _409_/Y
 _410_/Y
 _411_/Y
 _412_/X
 _413_/X
 _414_/Y
 _415_/Y
 _416_/Y
 _417_/X
 _418_/X
 _419_/X
 _420_/Y
 _421_/X
 _422_/Y
 _423_/X
 _424_/Y
 _425_/X
 _426_/X
 _427_/X
 _428_/X
 _429_/X
 _430_/Y
 _431_/X
 _432_/Y
 _433_/X
 _434_/X
 _435_/Y
 _436_/Y
 _437_/X
 _438_/Y
 _439_/X
 _440_/X
 _441_/X
 _442_/X
 _443_/X
 _444_/Y
 _445_/X
 _446_/X
 _447_/Y
 _448_/X
 _449_/Y
 _450_/X
 _451_/X
 _452_/Y
 _453_/Y
 _454_/X
 _455_/Y
 _456_/Y
 _457_/Y
 _458_/X
 _459_/Y
 _460_/X
 _461_/X
 _462_/Y
 _463_/X
 _464_/X
 _465_/X
 _466_/X
 _467_/Y
 _468_/Y
 _469_/X
 _470_/X
 _471_/Y
 _472_/X
 _473_/Y
 _474_/X
 _475_/Y
 _476_/X
 _477_/X
 _478_/Y
 _479_/X
 _480_/X
 _481_/Y
 _482_/Y
 _483_/X
 _484_/Y
 _485_/Y
 _486_/X
 _487_/Y
 _488_/Y
 _489_/X
 _490_/Y
 _491_/Y
 _492_/Y
 _493_/X
 _494_/X
 _495_/Y
 _496_/X
 _497_/Y
 _498_/X
 _499_/Y
 _500_/X
 _501_/Y
 _502_/Y
 _503_/X
Found 0 partially unannotated drivers.

===========================================================================
max slew violation count 0
max fanout violation count 0
max cap violation count 0
============================================================================

===========================================================================
check_setup -verbose -unconstrained_endpoints -multiple_clock -no_clock -no_input_delay -loops -generated_clocks
===========================================================================
checks_report_end
power_report

===========================================================================
 report_power
============================================================================
======================= Typical Corner ===================================

Group                  Internal  Switching    Leakage      Total
                          Power      Power      Power      Power (Watts)
----------------------------------------------------------------
Sequential             0.00e+00   0.00e+00   0.00e+00   0.00e+00   0.0%
Combinational          7.22e-05   6.85e-05   9.20e-10   1.41e-04 100.0%
Clock                  0.00e+00   0.00e+00   0.00e+00   0.00e+00   0.0%
Macro                  0.00e+00   0.00e+00   0.00e+00   0.00e+00   0.0%
Pad                    0.00e+00   0.00e+00   0.00e+00   0.00e+00   0.0%
----------------------------------------------------------------
Total                  7.22e-05   6.85e-05   9.20e-10   1.41e-04 100.0%
                          51.3%      48.7%       0.0%

power_report_end
summary_report

===========================================================================
report_tns
============================================================================
tns 0.00

===========================================================================
report_wns
============================================================================
wns 0.00

===========================================================================
report_worst_slack -max (Setup)
============================================================================
worst slack 2.02

===========================================================================
report_worst_slack -min (Hold)
============================================================================
worst slack 4.03
summary_report_end
check_nonpropagated_clocks
__VIRTUAL_CLK__
check_nonpropagated_clocks_end
[WARNING] Did not save OpenROAD database!
Writing SDF to '/openlane/designs/project_2/runs/RUN_2025.05.04_12.05.36/results/synthesis/ALU.sdf'…
