
===========================================================================
report_checks -path_delay max (Setup)
============================================================================
======================= Fastest Corner ===================================

Startpoint: in[2] (input port clocked by __VIRTUAL_CLK__)
Endpoint: out[6] (output port clocked by __VIRTUAL_CLK__)
Path Group: __VIRTUAL_CLK__
Path Type: max
Corner: Fastest

Fanout     Cap    Slew   Delay    Time   Description
-----------------------------------------------------------------------------
                  0.00    0.00    0.00   clock __VIRTUAL_CLK__ (rise edge)
                          0.00    0.00   clock network delay (ideal)
                          2.00    2.00 v input external delay
     1    0.00    0.00    0.00    2.00 v in[2] (in)
                                         in[2] (net)
                  0.00    0.00    2.00 v input3/A (sky130_fd_sc_hd__buf_1)
     3    0.01    0.04    0.07    2.07 v input3/X (sky130_fd_sc_hd__buf_1)
                                         net3 (net)
                  0.04    0.00    2.07 v _09_/B (sky130_fd_sc_hd__or4_2)
     5    0.01    0.09    0.43    2.50 v _09_/X (sky130_fd_sc_hd__or4_2)
                                         _00_ (net)
                  0.09    0.00    2.50 v _15_/D (sky130_fd_sc_hd__or4_1)
     2    0.01    0.08    0.29    2.78 v _15_/X (sky130_fd_sc_hd__or4_1)
                                         _04_ (net)
                  0.08    0.00    2.78 v _16_/B (sky130_fd_sc_hd__and2b_1)
     1    0.01    0.04    0.13    2.92 v _16_/X (sky130_fd_sc_hd__and2b_1)
                                         _05_ (net)
                  0.04    0.00    2.92 v _17_/A (sky130_fd_sc_hd__clkbuf_1)
     1    0.01    0.03    0.07    2.99 v _17_/X (sky130_fd_sc_hd__clkbuf_1)
                                         net15 (net)
                  0.03    0.00    2.99 v output15/A (sky130_fd_sc_hd__buf_2)
     1    0.03    0.06    0.12    3.12 v output15/X (sky130_fd_sc_hd__buf_2)
                                         out[6] (net)
                  0.06    0.00    3.12 v out[6] (out)
                                  3.12   data arrival time

                  0.00   10.00   10.00   clock __VIRTUAL_CLK__ (rise edge)
                          0.00   10.00   clock network delay (ideal)
                         -0.25    9.75   clock uncertainty
                          0.00    9.75   clock reconvergence pessimism
                         -2.00    7.75   output external delay
                                  7.75   data required time
-----------------------------------------------------------------------------
                                  7.75   data required time
                                 -3.12   data arrival time
-----------------------------------------------------------------------------
                                  4.63   slack (MET)


Startpoint: in[2] (input port clocked by __VIRTUAL_CLK__)
Endpoint: out[7] (output port clocked by __VIRTUAL_CLK__)
Path Group: __VIRTUAL_CLK__
Path Type: max
Corner: Fastest

Fanout     Cap    Slew   Delay    Time   Description
-----------------------------------------------------------------------------
                  0.00    0.00    0.00   clock __VIRTUAL_CLK__ (rise edge)
                          0.00    0.00   clock network delay (ideal)
                          2.00    2.00 v input external delay
     1    0.00    0.00    0.00    2.00 v in[2] (in)
                                         in[2] (net)
                  0.00    0.00    2.00 v input3/A (sky130_fd_sc_hd__buf_1)
     3    0.01    0.04    0.07    2.07 v input3/X (sky130_fd_sc_hd__buf_1)
                                         net3 (net)
                  0.04    0.00    2.07 v _09_/B (sky130_fd_sc_hd__or4_2)
     5    0.01    0.09    0.43    2.50 v _09_/X (sky130_fd_sc_hd__or4_2)
                                         _00_ (net)
                  0.09    0.00    2.50 v _15_/D (sky130_fd_sc_hd__or4_1)
     2    0.01    0.08    0.29    2.78 v _15_/X (sky130_fd_sc_hd__or4_1)
                                         _04_ (net)
                  0.08    0.00    2.78 v _18_/B (sky130_fd_sc_hd__xor2_1)
     1    0.00    0.10    0.13    2.91 ^ _18_/X (sky130_fd_sc_hd__xor2_1)
                                         net16 (net)
                  0.10    0.00    2.91 ^ output16/A (sky130_fd_sc_hd__clkbuf_4)
     1    0.03    0.08    0.15    3.06 ^ output16/X (sky130_fd_sc_hd__clkbuf_4)
                                         out[7] (net)
                  0.08    0.00    3.06 ^ out[7] (out)
                                  3.06   data arrival time

                  0.00   10.00   10.00   clock __VIRTUAL_CLK__ (rise edge)
                          0.00   10.00   clock network delay (ideal)
                         -0.25    9.75   clock uncertainty
                          0.00    9.75   clock reconvergence pessimism
                         -2.00    7.75   output external delay
                                  7.75   data required time
-----------------------------------------------------------------------------
                                  7.75   data required time
                                 -3.06   data arrival time
-----------------------------------------------------------------------------
                                  4.69   slack (MET)


Startpoint: in[2] (input port clocked by __VIRTUAL_CLK__)
Endpoint: out[5] (output port clocked by __VIRTUAL_CLK__)
Path Group: __VIRTUAL_CLK__
Path Type: max
Corner: Fastest

Fanout     Cap    Slew   Delay    Time   Description
-----------------------------------------------------------------------------
                  0.00    0.00    0.00   clock __VIRTUAL_CLK__ (rise edge)
                          0.00    0.00   clock network delay (ideal)
                          2.00    2.00 v input external delay
     1    0.00    0.00    0.00    2.00 v in[2] (in)
                                         in[2] (net)
                  0.00    0.00    2.00 v input3/A (sky130_fd_sc_hd__buf_1)
     3    0.01    0.04    0.07    2.07 v input3/X (sky130_fd_sc_hd__buf_1)
                                         net3 (net)
                  0.04    0.00    2.07 v _09_/B (sky130_fd_sc_hd__or4_2)
     5    0.01    0.09    0.43    2.50 v _09_/X (sky130_fd_sc_hd__or4_2)
                                         _00_ (net)
                  0.09    0.00    2.50 v _10_/B (sky130_fd_sc_hd__nor2_1)
     2    0.01    0.16    0.16    2.66 ^ _10_/Y (sky130_fd_sc_hd__nor2_1)
                                         _01_ (net)
                  0.16    0.00    2.66 ^ _13_/B (sky130_fd_sc_hd__xnor2_1)
     1    0.00    0.11    0.09    2.75 ^ _13_/Y (sky130_fd_sc_hd__xnor2_1)
                                         net14 (net)
                  0.11    0.00    2.76 ^ output14/A (sky130_fd_sc_hd__buf_2)
     1    0.03    0.13    0.16    2.92 ^ output14/X (sky130_fd_sc_hd__buf_2)
                                         out[5] (net)
                  0.13    0.00    2.92 ^ out[5] (out)
                                  2.92   data arrival time

                  0.00   10.00   10.00   clock __VIRTUAL_CLK__ (rise edge)
                          0.00   10.00   clock network delay (ideal)
                         -0.25    9.75   clock uncertainty
                          0.00    9.75   clock reconvergence pessimism
                         -2.00    7.75   output external delay
                                  7.75   data required time
-----------------------------------------------------------------------------
                                  7.75   data required time
                                 -2.92   data arrival time
-----------------------------------------------------------------------------
                                  4.83   slack (MET)


Startpoint: in[2] (input port clocked by __VIRTUAL_CLK__)
Endpoint: out[4] (output port clocked by __VIRTUAL_CLK__)
Path Group: __VIRTUAL_CLK__
Path Type: max
Corner: Fastest

Fanout     Cap    Slew   Delay    Time   Description
-----------------------------------------------------------------------------
                  0.00    0.00    0.00   clock __VIRTUAL_CLK__ (rise edge)
                          0.00    0.00   clock network delay (ideal)
                          2.00    2.00 v input external delay
     1    0.00    0.00    0.00    2.00 v in[2] (in)
                                         in[2] (net)
                  0.00    0.00    2.00 v input3/A (sky130_fd_sc_hd__buf_1)
     3    0.01    0.04    0.07    2.07 v input3/X (sky130_fd_sc_hd__buf_1)
                                         net3 (net)
                  0.04    0.00    2.07 v _09_/B (sky130_fd_sc_hd__or4_2)
     5    0.01    0.09    0.43    2.50 v _09_/X (sky130_fd_sc_hd__or4_2)
                                         _00_ (net)
                  0.09    0.00    2.50 v _11_/B (sky130_fd_sc_hd__and2_1)
     1    0.01    0.03    0.14    2.64 v _11_/X (sky130_fd_sc_hd__and2_1)
                                         _02_ (net)
                  0.03    0.00    2.64 v _12_/B (sky130_fd_sc_hd__nor2_1)
     1    0.00    0.05    0.06    2.69 ^ _12_/Y (sky130_fd_sc_hd__nor2_1)
                                         net13 (net)
                  0.05    0.00    2.69 ^ output13/A (sky130_fd_sc_hd__buf_2)
     1    0.03    0.13    0.15    2.84 ^ output13/X (sky130_fd_sc_hd__buf_2)
                                         out[4] (net)
                  0.13    0.00    2.84 ^ out[4] (out)
                                  2.84   data arrival time

                  0.00   10.00   10.00   clock __VIRTUAL_CLK__ (rise edge)
                          0.00   10.00   clock network delay (ideal)
                         -0.25    9.75   clock uncertainty
                          0.00    9.75   clock reconvergence pessimism
                         -2.00    7.75   output external delay
                                  7.75   data required time
-----------------------------------------------------------------------------
                                  7.75   data required time
                                 -2.84   data arrival time
-----------------------------------------------------------------------------
                                  4.91   slack (MET)


Startpoint: in[2] (input port clocked by __VIRTUAL_CLK__)
Endpoint: out[3] (output port clocked by __VIRTUAL_CLK__)
Path Group: __VIRTUAL_CLK__
Path Type: max
Corner: Fastest

Fanout     Cap    Slew   Delay    Time   Description
-----------------------------------------------------------------------------
                  0.00    0.00    0.00   clock __VIRTUAL_CLK__ (rise edge)
                          0.00    0.00   clock network delay (ideal)
                          2.00    2.00 v input external delay
     1    0.00    0.00    0.00    2.00 v in[2] (in)
                                         in[2] (net)
                  0.00    0.00    2.00 v input3/A (sky130_fd_sc_hd__buf_1)
     3    0.01    0.04    0.07    2.07 v input3/X (sky130_fd_sc_hd__buf_1)
                                         net3 (net)
                  0.04    0.00    2.07 v _09_/B (sky130_fd_sc_hd__or4_2)
     5    0.01    0.09    0.43    2.50 v _09_/X (sky130_fd_sc_hd__or4_2)
                                         _00_ (net)
                  0.09    0.00    2.50 v _24_/B1_N (sky130_fd_sc_hd__a21boi_1)
     1    0.01    0.04    0.12    2.62 v _24_/Y (sky130_fd_sc_hd__a21boi_1)
                                         net12 (net)
                  0.04    0.00    2.62 v output12/A (sky130_fd_sc_hd__buf_2)
     1    0.03    0.06    0.13    2.74 v output12/X (sky130_fd_sc_hd__buf_2)
                                         out[3] (net)
                  0.06    0.00    2.74 v out[3] (out)
                                  2.74   data arrival time

                  0.00   10.00   10.00   clock __VIRTUAL_CLK__ (rise edge)
                          0.00   10.00   clock network delay (ideal)
                         -0.25    9.75   clock uncertainty
                          0.00    9.75   clock reconvergence pessimism
                         -2.00    7.75   output external delay
                                  7.75   data required time
-----------------------------------------------------------------------------
                                  7.75   data required time
                                 -2.74   data arrival time
-----------------------------------------------------------------------------
                                  5.01   slack (MET)


Startpoint: in[0] (input port clocked by __VIRTUAL_CLK__)
Endpoint: out[2] (output port clocked by __VIRTUAL_CLK__)
Path Group: __VIRTUAL_CLK__
Path Type: max
Corner: Fastest

Fanout     Cap    Slew   Delay    Time   Description
-----------------------------------------------------------------------------
                  0.00    0.00    0.00   clock __VIRTUAL_CLK__ (rise edge)
                          0.00    0.00   clock network delay (ideal)
                          2.00    2.00 v input external delay
     1    0.00    0.00    0.00    2.00 v in[0] (in)
                                         in[0] (net)
                  0.00    0.00    2.00 v input1/A (sky130_fd_sc_hd__dlymetal6s2s_1)
     5    0.02    0.07    0.12    2.13 v input1/X (sky130_fd_sc_hd__dlymetal6s2s_1)
                                         net1 (net)
                  0.07    0.00    2.13 v _20_/C (sky130_fd_sc_hd__or3_1)
     2    0.01    0.06    0.21    2.34 v _20_/X (sky130_fd_sc_hd__or3_1)
                                         _06_ (net)
                  0.06    0.00    2.34 v _22_/A (sky130_fd_sc_hd__and2_1)
     1    0.00    0.03    0.10    2.44 v _22_/X (sky130_fd_sc_hd__and2_1)
                                         _08_ (net)
                  0.03    0.00    2.44 v _23_/A (sky130_fd_sc_hd__clkbuf_1)
     1    0.00    0.02    0.06    2.50 v _23_/X (sky130_fd_sc_hd__clkbuf_1)
                                         net11 (net)
                  0.02    0.00    2.50 v output11/A (sky130_fd_sc_hd__buf_2)
     1    0.03    0.06    0.12    2.62 v output11/X (sky130_fd_sc_hd__buf_2)
                                         out[2] (net)
                  0.06    0.00    2.62 v out[2] (out)
                                  2.62   data arrival time

                  0.00   10.00   10.00   clock __VIRTUAL_CLK__ (rise edge)
                          0.00   10.00   clock network delay (ideal)
                         -0.25    9.75   clock uncertainty
                          0.00    9.75   clock reconvergence pessimism
                         -2.00    7.75   output external delay
                                  7.75   data required time
-----------------------------------------------------------------------------
                                  7.75   data required time
                                 -2.62   data arrival time
-----------------------------------------------------------------------------
                                  5.13   slack (MET)


Startpoint: in[0] (input port clocked by __VIRTUAL_CLK__)
Endpoint: out[1] (output port clocked by __VIRTUAL_CLK__)
Path Group: __VIRTUAL_CLK__
Path Type: max
Corner: Fastest

Fanout     Cap    Slew   Delay    Time   Description
-----------------------------------------------------------------------------
                  0.00    0.00    0.00   clock __VIRTUAL_CLK__ (rise edge)
                          0.00    0.00   clock network delay (ideal)
                          2.00    2.00 ^ input external delay
     1    0.00    0.01    0.01    2.01 ^ in[0] (in)
                                         in[0] (net)
                  0.01    0.00    2.01 ^ input1/A (sky130_fd_sc_hd__dlymetal6s2s_1)
     5    0.02    0.17    0.15    2.16 ^ input1/X (sky130_fd_sc_hd__dlymetal6s2s_1)
                                         net1 (net)
                  0.17    0.00    2.16 ^ _19_/B (sky130_fd_sc_hd__xor2_1)
     1    0.00    0.09    0.11    2.27 ^ _19_/X (sky130_fd_sc_hd__xor2_1)
                                         net10 (net)
                  0.09    0.00    2.27 ^ output10/A (sky130_fd_sc_hd__buf_2)
     1    0.03    0.13    0.16    2.43 ^ output10/X (sky130_fd_sc_hd__buf_2)
                                         out[1] (net)
                  0.13    0.00    2.43 ^ out[1] (out)
                                  2.43   data arrival time

                  0.00   10.00   10.00   clock __VIRTUAL_CLK__ (rise edge)
                          0.00   10.00   clock network delay (ideal)
                         -0.25    9.75   clock uncertainty
                          0.00    9.75   clock reconvergence pessimism
                         -2.00    7.75   output external delay
                                  7.75   data required time
-----------------------------------------------------------------------------
                                  7.75   data required time
                                 -2.43   data arrival time
-----------------------------------------------------------------------------
                                  5.32   slack (MET)


Startpoint: in[0] (input port clocked by __VIRTUAL_CLK__)
Endpoint: out[0] (output port clocked by __VIRTUAL_CLK__)
Path Group: __VIRTUAL_CLK__
Path Type: max
Corner: Fastest

Fanout     Cap    Slew   Delay    Time   Description
-----------------------------------------------------------------------------
                  0.00    0.00    0.00   clock __VIRTUAL_CLK__ (rise edge)
                          0.00    0.00   clock network delay (ideal)
                          2.00    2.00 ^ input external delay
     1    0.00    0.01    0.01    2.01 ^ in[0] (in)
                                         in[0] (net)
                  0.01    0.00    2.01 ^ input1/A (sky130_fd_sc_hd__dlymetal6s2s_1)
     5    0.02    0.17    0.15    2.16 ^ input1/X (sky130_fd_sc_hd__dlymetal6s2s_1)
                                         net1 (net)
                  0.17    0.00    2.16 ^ _25_/A (sky130_fd_sc_hd__clkbuf_1)
     1    0.00    0.05    0.08    2.24 ^ _25_/X (sky130_fd_sc_hd__clkbuf_1)
                                         net9 (net)
                  0.05    0.00    2.24 ^ output9/A (sky130_fd_sc_hd__buf_2)
     1    0.03    0.13    0.15    2.39 ^ output9/X (sky130_fd_sc_hd__buf_2)
                                         out[0] (net)
                  0.13    0.00    2.39 ^ out[0] (out)
                                  2.39   data arrival time

                  0.00   10.00   10.00   clock __VIRTUAL_CLK__ (rise edge)
                          0.00   10.00   clock network delay (ideal)
                         -0.25    9.75   clock uncertainty
                          0.00    9.75   clock reconvergence pessimism
                         -2.00    7.75   output external delay
                                  7.75   data required time
-----------------------------------------------------------------------------
                                  7.75   data required time
                                 -2.39   data arrival time
-----------------------------------------------------------------------------
                                  5.36   slack (MET)



worst slack corner Fastest: 4.6318
======================= Slowest Corner ===================================

Startpoint: in[3] (input port clocked by __VIRTUAL_CLK__)
Endpoint: out[6] (output port clocked by __VIRTUAL_CLK__)
Path Group: __VIRTUAL_CLK__
Path Type: max
Corner: Slowest

Fanout     Cap    Slew   Delay    Time   Description
-----------------------------------------------------------------------------
                  0.00    0.00    0.00   clock __VIRTUAL_CLK__ (rise edge)
                          0.00    0.00   clock network delay (ideal)
                          2.00    2.00 v input external delay
     1    0.00    0.02    0.01    2.01 v in[3] (in)
                                         in[3] (net)
                  0.02    0.00    2.01 v input4/A (sky130_fd_sc_hd__clkbuf_1)
     2    0.01    0.08    0.17    2.18 v input4/X (sky130_fd_sc_hd__clkbuf_1)
                                         net4 (net)
                  0.08    0.00    2.18 v _09_/A (sky130_fd_sc_hd__or4_2)
     5    0.01    0.30    1.80    3.98 v _09_/X (sky130_fd_sc_hd__or4_2)
                                         _00_ (net)
                  0.30    0.00    3.98 v _15_/D (sky130_fd_sc_hd__or4_1)
     2    0.01    0.26    1.21    5.19 v _15_/X (sky130_fd_sc_hd__or4_1)
                                         _04_ (net)
                  0.26    0.00    5.19 v _16_/B (sky130_fd_sc_hd__and2b_1)
     1    0.01    0.10    0.47    5.65 v _16_/X (sky130_fd_sc_hd__and2b_1)
                                         _05_ (net)
                  0.10    0.00    5.65 v _17_/A (sky130_fd_sc_hd__clkbuf_1)
     1    0.01    0.09    0.22    5.87 v _17_/X (sky130_fd_sc_hd__clkbuf_1)
                                         net15 (net)
                  0.09    0.00    5.87 v output15/A (sky130_fd_sc_hd__buf_2)
     1    0.03    0.17    0.37    6.24 v output15/X (sky130_fd_sc_hd__buf_2)
                                         out[6] (net)
                  0.17    0.00    6.24 v out[6] (out)
                                  6.24   data arrival time

                  0.00   10.00   10.00   clock __VIRTUAL_CLK__ (rise edge)
                          0.00   10.00   clock network delay (ideal)
                         -0.25    9.75   clock uncertainty
                          0.00    9.75   clock reconvergence pessimism
                         -2.00    7.75   output external delay
                                  7.75   data required time
-----------------------------------------------------------------------------
                                  7.75   data required time
                                 -6.24   data arrival time
-----------------------------------------------------------------------------
                                  1.51   slack (MET)


Startpoint: in[3] (input port clocked by __VIRTUAL_CLK__)
Endpoint: out[7] (output port clocked by __VIRTUAL_CLK__)
Path Group: __VIRTUAL_CLK__
Path Type: max
Corner: Slowest

Fanout     Cap    Slew   Delay    Time   Description
-----------------------------------------------------------------------------
                  0.00    0.00    0.00   clock __VIRTUAL_CLK__ (rise edge)
                          0.00    0.00   clock network delay (ideal)
                          2.00    2.00 v input external delay
     1    0.00    0.02    0.01    2.01 v in[3] (in)
                                         in[3] (net)
                  0.02    0.00    2.01 v input4/A (sky130_fd_sc_hd__clkbuf_1)
     2    0.01    0.08    0.17    2.18 v input4/X (sky130_fd_sc_hd__clkbuf_1)
                                         net4 (net)
                  0.08    0.00    2.18 v _09_/A (sky130_fd_sc_hd__or4_2)
     5    0.01    0.30    1.80    3.98 v _09_/X (sky130_fd_sc_hd__or4_2)
                                         _00_ (net)
                  0.30    0.00    3.98 v _15_/D (sky130_fd_sc_hd__or4_1)
     2    0.01    0.26    1.21    5.19 v _15_/X (sky130_fd_sc_hd__or4_1)
                                         _04_ (net)
                  0.26    0.00    5.19 v _18_/B (sky130_fd_sc_hd__xor2_1)
     1    0.00    0.23    0.34    5.53 ^ _18_/X (sky130_fd_sc_hd__xor2_1)
                                         net16 (net)
                  0.23    0.00    5.53 ^ output16/A (sky130_fd_sc_hd__clkbuf_4)
     1    0.03    0.18    0.43    5.95 ^ output16/X (sky130_fd_sc_hd__clkbuf_4)
                                         out[7] (net)
                  0.18    0.00    5.95 ^ out[7] (out)
                                  5.95   data arrival time

                  0.00   10.00   10.00   clock __VIRTUAL_CLK__ (rise edge)
                          0.00   10.00   clock network delay (ideal)
                         -0.25    9.75   clock uncertainty
                          0.00    9.75   clock reconvergence pessimism
                         -2.00    7.75   output external delay
                                  7.75   data required time
-----------------------------------------------------------------------------
                                  7.75   data required time
                                 -5.95   data arrival time
-----------------------------------------------------------------------------
                                  1.80   slack (MET)


Startpoint: in[3] (input port clocked by __VIRTUAL_CLK__)
Endpoint: out[5] (output port clocked by __VIRTUAL_CLK__)
Path Group: __VIRTUAL_CLK__
Path Type: max
Corner: Slowest

Fanout     Cap    Slew   Delay    Time   Description
-----------------------------------------------------------------------------
                  0.00    0.00    0.00   clock __VIRTUAL_CLK__ (rise edge)
                          0.00    0.00   clock network delay (ideal)
                          2.00    2.00 v input external delay
     1    0.00    0.02    0.01    2.01 v in[3] (in)
                                         in[3] (net)
                  0.02    0.00    2.01 v input4/A (sky130_fd_sc_hd__clkbuf_1)
     2    0.01    0.08    0.17    2.18 v input4/X (sky130_fd_sc_hd__clkbuf_1)
                                         net4 (net)
                  0.08    0.00    2.18 v _09_/A (sky130_fd_sc_hd__or4_2)
     5    0.01    0.30    1.80    3.98 v _09_/X (sky130_fd_sc_hd__or4_2)
                                         _00_ (net)
                  0.30    0.00    3.98 v _10_/B (sky130_fd_sc_hd__nor2_1)
     2    0.01    0.38    0.43    4.41 ^ _10_/Y (sky130_fd_sc_hd__nor2_1)
                                         _01_ (net)
                  0.38    0.00    4.41 ^ _13_/B (sky130_fd_sc_hd__xnor2_1)
     1    0.00    0.25    0.34    4.75 ^ _13_/Y (sky130_fd_sc_hd__xnor2_1)
                                         net14 (net)
                  0.25    0.00    4.75 ^ output14/A (sky130_fd_sc_hd__buf_2)
     1    0.03    0.27    0.44    5.20 ^ output14/X (sky130_fd_sc_hd__buf_2)
                                         out[5] (net)
                  0.27    0.00    5.20 ^ out[5] (out)
                                  5.20   data arrival time

                  0.00   10.00   10.00   clock __VIRTUAL_CLK__ (rise edge)
                          0.00   10.00   clock network delay (ideal)
                         -0.25    9.75   clock uncertainty
                          0.00    9.75   clock reconvergence pessimism
                         -2.00    7.75   output external delay
                                  7.75   data required time
-----------------------------------------------------------------------------
                                  7.75   data required time
                                 -5.20   data arrival time
-----------------------------------------------------------------------------
                                  2.55   slack (MET)


Startpoint: in[3] (input port clocked by __VIRTUAL_CLK__)
Endpoint: out[4] (output port clocked by __VIRTUAL_CLK__)
Path Group: __VIRTUAL_CLK__
Path Type: max
Corner: Slowest

Fanout     Cap    Slew   Delay    Time   Description
-----------------------------------------------------------------------------
                  0.00    0.00    0.00   clock __VIRTUAL_CLK__ (rise edge)
                          0.00    0.00   clock network delay (ideal)
                          2.00    2.00 v input external delay
     1    0.00    0.02    0.01    2.01 v in[3] (in)
                                         in[3] (net)
                  0.02    0.00    2.01 v input4/A (sky130_fd_sc_hd__clkbuf_1)
     2    0.01    0.08    0.17    2.18 v input4/X (sky130_fd_sc_hd__clkbuf_1)
                                         net4 (net)
                  0.08    0.00    2.18 v _09_/A (sky130_fd_sc_hd__or4_2)
     5    0.01    0.30    1.80    3.98 v _09_/X (sky130_fd_sc_hd__or4_2)
                                         _00_ (net)
                  0.30    0.00    3.98 v _11_/B (sky130_fd_sc_hd__and2_1)
     1    0.01    0.09    0.48    4.46 v _11_/X (sky130_fd_sc_hd__and2_1)
                                         _02_ (net)
                  0.09    0.00    4.46 v _12_/B (sky130_fd_sc_hd__nor2_1)
     1    0.00    0.13    0.15    4.61 ^ _12_/Y (sky130_fd_sc_hd__nor2_1)
                                         net13 (net)
                  0.13    0.00    4.61 ^ output13/A (sky130_fd_sc_hd__buf_2)
     1    0.03    0.27    0.39    5.00 ^ output13/X (sky130_fd_sc_hd__buf_2)
                                         out[4] (net)
                  0.27    0.00    5.00 ^ out[4] (out)
                                  5.00   data arrival time

                  0.00   10.00   10.00   clock __VIRTUAL_CLK__ (rise edge)
                          0.00   10.00   clock network delay (ideal)
                         -0.25    9.75   clock uncertainty
                          0.00    9.75   clock reconvergence pessimism
                         -2.00    7.75   output external delay
                                  7.75   data required time
-----------------------------------------------------------------------------
                                  7.75   data required time
                                 -5.00   data arrival time
-----------------------------------------------------------------------------
                                  2.75   slack (MET)


Startpoint: in[3] (input port clocked by __VIRTUAL_CLK__)
Endpoint: out[3] (output port clocked by __VIRTUAL_CLK__)
Path Group: __VIRTUAL_CLK__
Path Type: max
Corner: Slowest

Fanout     Cap    Slew   Delay    Time   Description
-----------------------------------------------------------------------------
                  0.00    0.00    0.00   clock __VIRTUAL_CLK__ (rise edge)
                          0.00    0.00   clock network delay (ideal)
                          2.00    2.00 v input external delay
     1    0.00    0.02    0.01    2.01 v in[3] (in)
                                         in[3] (net)
                  0.02    0.00    2.01 v input4/A (sky130_fd_sc_hd__clkbuf_1)
     2    0.01    0.08    0.17    2.18 v input4/X (sky130_fd_sc_hd__clkbuf_1)
                                         net4 (net)
                  0.08    0.00    2.18 v _09_/A (sky130_fd_sc_hd__or4_2)
     5    0.01    0.30    1.80    3.98 v _09_/X (sky130_fd_sc_hd__or4_2)
                                         _00_ (net)
                  0.30    0.00    3.98 v _24_/B1_N (sky130_fd_sc_hd__a21boi_1)
     1    0.01    0.13    0.40    4.38 v _24_/Y (sky130_fd_sc_hd__a21boi_1)
                                         net12 (net)
                  0.13    0.00    4.38 v output12/A (sky130_fd_sc_hd__buf_2)
     1    0.03    0.16    0.39    4.77 v output12/X (sky130_fd_sc_hd__buf_2)
                                         out[3] (net)
                  0.16    0.00    4.77 v out[3] (out)
                                  4.77   data arrival time

                  0.00   10.00   10.00   clock __VIRTUAL_CLK__ (rise edge)
                          0.00   10.00   clock network delay (ideal)
                         -0.25    9.75   clock uncertainty
                          0.00    9.75   clock reconvergence pessimism
                         -2.00    7.75   output external delay
                                  7.75   data required time
-----------------------------------------------------------------------------
                                  7.75   data required time
                                 -4.77   data arrival time
-----------------------------------------------------------------------------
                                  2.98   slack (MET)


Startpoint: in[0] (input port clocked by __VIRTUAL_CLK__)
Endpoint: out[2] (output port clocked by __VIRTUAL_CLK__)
Path Group: __VIRTUAL_CLK__
Path Type: max
Corner: Slowest

Fanout     Cap    Slew   Delay    Time   Description
-----------------------------------------------------------------------------
                  0.00    0.00    0.00   clock __VIRTUAL_CLK__ (rise edge)
                          0.00    0.00   clock network delay (ideal)
                          2.00    2.00 v input external delay
     1    0.00    0.02    0.01    2.01 v in[0] (in)
                                         in[0] (net)
                  0.02    0.00    2.01 v input1/A (sky130_fd_sc_hd__dlymetal6s2s_1)
     5    0.02    0.20    0.39    2.40 v input1/X (sky130_fd_sc_hd__dlymetal6s2s_1)
                                         net1 (net)
                  0.20    0.00    2.40 v _20_/C (sky130_fd_sc_hd__or3_1)
     2    0.01    0.18    0.87    3.27 v _20_/X (sky130_fd_sc_hd__or3_1)
                                         _06_ (net)
                  0.18    0.00    3.27 v _22_/A (sky130_fd_sc_hd__and2_1)
     1    0.00    0.08    0.35    3.62 v _22_/X (sky130_fd_sc_hd__and2_1)
                                         _08_ (net)
                  0.08    0.00    3.62 v _23_/A (sky130_fd_sc_hd__clkbuf_1)
     1    0.00    0.05    0.17    3.79 v _23_/X (sky130_fd_sc_hd__clkbuf_1)
                                         net11 (net)
                  0.05    0.00    3.79 v output11/A (sky130_fd_sc_hd__buf_2)
     1    0.03    0.16    0.35    4.15 v output11/X (sky130_fd_sc_hd__buf_2)
                                         out[2] (net)
                  0.16    0.00    4.15 v out[2] (out)
                                  4.15   data arrival time

                  0.00   10.00   10.00   clock __VIRTUAL_CLK__ (rise edge)
                          0.00   10.00   clock network delay (ideal)
                         -0.25    9.75   clock uncertainty
                          0.00    9.75   clock reconvergence pessimism
                         -2.00    7.75   output external delay
                                  7.75   data required time
-----------------------------------------------------------------------------
                                  7.75   data required time
                                 -4.15   data arrival time
-----------------------------------------------------------------------------
                                  3.60   slack (MET)


Startpoint: in[0] (input port clocked by __VIRTUAL_CLK__)
Endpoint: out[1] (output port clocked by __VIRTUAL_CLK__)
Path Group: __VIRTUAL_CLK__
Path Type: max
Corner: Slowest

Fanout     Cap    Slew   Delay    Time   Description
-----------------------------------------------------------------------------
                  0.00    0.00    0.00   clock __VIRTUAL_CLK__ (rise edge)
                          0.00    0.00   clock network delay (ideal)
                          2.00    2.00 ^ input external delay
     1    0.00    0.03    0.02    2.02 ^ in[0] (in)
                                         in[0] (net)
                  0.03    0.00    2.02 ^ input1/A (sky130_fd_sc_hd__dlymetal6s2s_1)
     5    0.02    0.32    0.34    2.36 ^ input1/X (sky130_fd_sc_hd__dlymetal6s2s_1)
                                         net1 (net)
                  0.32    0.00    2.36 ^ _19_/B (sky130_fd_sc_hd__xor2_1)
     1    0.00    0.20    0.36    2.72 ^ _19_/X (sky130_fd_sc_hd__xor2_1)
                                         net10 (net)
                  0.20    0.00    2.72 ^ output10/A (sky130_fd_sc_hd__buf_2)
     1    0.03    0.27    0.42    3.14 ^ output10/X (sky130_fd_sc_hd__buf_2)
                                         out[1] (net)
                  0.27    0.00    3.14 ^ out[1] (out)
                                  3.14   data arrival time

                  0.00   10.00   10.00   clock __VIRTUAL_CLK__ (rise edge)
                          0.00   10.00   clock network delay (ideal)
                         -0.25    9.75   clock uncertainty
                          0.00    9.75   clock reconvergence pessimism
                         -2.00    7.75   output external delay
                                  7.75   data required time
-----------------------------------------------------------------------------
                                  7.75   data required time
                                 -3.14   data arrival time
-----------------------------------------------------------------------------
                                  4.61   slack (MET)


Startpoint: in[0] (input port clocked by __VIRTUAL_CLK__)
Endpoint: out[0] (output port clocked by __VIRTUAL_CLK__)
Path Group: __VIRTUAL_CLK__
Path Type: max
Corner: Slowest

Fanout     Cap    Slew   Delay    Time   Description
-----------------------------------------------------------------------------
                  0.00    0.00    0.00   clock __VIRTUAL_CLK__ (rise edge)
                          0.00    0.00   clock network delay (ideal)
                          2.00    2.00 ^ input external delay
     1    0.00    0.03    0.02    2.02 ^ in[0] (in)
                                         in[0] (net)
                  0.03    0.00    2.02 ^ input1/A (sky130_fd_sc_hd__dlymetal6s2s_1)
     5    0.02    0.32    0.34    2.36 ^ input1/X (sky130_fd_sc_hd__dlymetal6s2s_1)
                                         net1 (net)
                  0.32    0.00    2.36 ^ _25_/A (sky130_fd_sc_hd__clkbuf_1)
     1    0.00    0.11    0.28    2.64 ^ _25_/X (sky130_fd_sc_hd__clkbuf_1)
                                         net9 (net)
                  0.11    0.00    2.64 ^ output9/A (sky130_fd_sc_hd__buf_2)
     1    0.03    0.27    0.38    3.02 ^ output9/X (sky130_fd_sc_hd__buf_2)
                                         out[0] (net)
                  0.27    0.00    3.02 ^ out[0] (out)
                                  3.02   data arrival time

                  0.00   10.00   10.00   clock __VIRTUAL_CLK__ (rise edge)
                          0.00   10.00   clock network delay (ideal)
                         -0.25    9.75   clock uncertainty
                          0.00    9.75   clock reconvergence pessimism
                         -2.00    7.75   output external delay
                                  7.75   data required time
-----------------------------------------------------------------------------
                                  7.75   data required time
                                 -3.02   data arrival time
-----------------------------------------------------------------------------
                                  4.73   slack (MET)



worst slack corner Slowest: 1.5097
======================= Typical Corner ===================================

Startpoint: in[3] (input port clocked by __VIRTUAL_CLK__)
Endpoint: out[6] (output port clocked by __VIRTUAL_CLK__)
Path Group: __VIRTUAL_CLK__
Path Type: max
Corner: Typical

Fanout     Cap    Slew   Delay    Time   Description
-----------------------------------------------------------------------------
                  0.00    0.00    0.00   clock __VIRTUAL_CLK__ (rise edge)
                          0.00    0.00   clock network delay (ideal)
                          2.00    2.00 v input external delay
     1    0.00    0.01    0.00    2.00 v in[3] (in)
                                         in[3] (net)
                  0.01    0.00    2.00 v input4/A (sky130_fd_sc_hd__clkbuf_1)
     2    0.01    0.04    0.09    2.10 v input4/X (sky130_fd_sc_hd__clkbuf_1)
                                         net4 (net)
                  0.04    0.00    2.10 v _09_/A (sky130_fd_sc_hd__or4_2)
     5    0.01    0.14    0.76    2.86 v _09_/X (sky130_fd_sc_hd__or4_2)
                                         _00_ (net)
                  0.14    0.00    2.86 v _15_/D (sky130_fd_sc_hd__or4_1)
     2    0.01    0.12    0.51    3.37 v _15_/X (sky130_fd_sc_hd__or4_1)
                                         _04_ (net)
                  0.12    0.00    3.37 v _16_/B (sky130_fd_sc_hd__and2b_1)
     1    0.01    0.05    0.21    3.58 v _16_/X (sky130_fd_sc_hd__and2b_1)
                                         _05_ (net)
                  0.05    0.00    3.58 v _17_/A (sky130_fd_sc_hd__clkbuf_1)
     1    0.01    0.05    0.11    3.69 v _17_/X (sky130_fd_sc_hd__clkbuf_1)
                                         net15 (net)
                  0.05    0.00    3.69 v output15/A (sky130_fd_sc_hd__buf_2)
     1    0.03    0.09    0.19    3.88 v output15/X (sky130_fd_sc_hd__buf_2)
                                         out[6] (net)
                  0.09    0.00    3.88 v out[6] (out)
                                  3.88   data arrival time

                  0.00   10.00   10.00   clock __VIRTUAL_CLK__ (rise edge)
                          0.00   10.00   clock network delay (ideal)
                         -0.25    9.75   clock uncertainty
                          0.00    9.75   clock reconvergence pessimism
                         -2.00    7.75   output external delay
                                  7.75   data required time
-----------------------------------------------------------------------------
                                  7.75   data required time
                                 -3.88   data arrival time
-----------------------------------------------------------------------------
                                  3.87   slack (MET)


Startpoint: in[3] (input port clocked by __VIRTUAL_CLK__)
Endpoint: out[7] (output port clocked by __VIRTUAL_CLK__)
Path Group: __VIRTUAL_CLK__
Path Type: max
Corner: Typical

Fanout     Cap    Slew   Delay    Time   Description
-----------------------------------------------------------------------------
                  0.00    0.00    0.00   clock __VIRTUAL_CLK__ (rise edge)
                          0.00    0.00   clock network delay (ideal)
                          2.00    2.00 v input external delay
     1    0.00    0.01    0.00    2.00 v in[3] (in)
                                         in[3] (net)
                  0.01    0.00    2.00 v input4/A (sky130_fd_sc_hd__clkbuf_1)
     2    0.01    0.04    0.09    2.10 v input4/X (sky130_fd_sc_hd__clkbuf_1)
                                         net4 (net)
                  0.04    0.00    2.10 v _09_/A (sky130_fd_sc_hd__or4_2)
     5    0.01    0.14    0.76    2.86 v _09_/X (sky130_fd_sc_hd__or4_2)
                                         _00_ (net)
                  0.14    0.00    2.86 v _15_/D (sky130_fd_sc_hd__or4_1)
     2    0.01    0.12    0.51    3.37 v _15_/X (sky130_fd_sc_hd__or4_1)
                                         _04_ (net)
                  0.12    0.00    3.37 v _18_/B (sky130_fd_sc_hd__xor2_1)
     1    0.00    0.14    0.19    3.55 ^ _18_/X (sky130_fd_sc_hd__xor2_1)
                                         net16 (net)
                  0.14    0.00    3.55 ^ output16/A (sky130_fd_sc_hd__clkbuf_4)
     1    0.03    0.11    0.23    3.78 ^ output16/X (sky130_fd_sc_hd__clkbuf_4)
                                         out[7] (net)
                  0.11    0.00    3.79 ^ out[7] (out)
                                  3.79   data arrival time

                  0.00   10.00   10.00   clock __VIRTUAL_CLK__ (rise edge)
                          0.00   10.00   clock network delay (ideal)
                         -0.25    9.75   clock uncertainty
                          0.00    9.75   clock reconvergence pessimism
                         -2.00    7.75   output external delay
                                  7.75   data required time
-----------------------------------------------------------------------------
                                  7.75   data required time
                                 -3.79   data arrival time
-----------------------------------------------------------------------------
                                  3.96   slack (MET)


Startpoint: in[3] (input port clocked by __VIRTUAL_CLK__)
Endpoint: out[5] (output port clocked by __VIRTUAL_CLK__)
Path Group: __VIRTUAL_CLK__
Path Type: max
Corner: Typical

Fanout     Cap    Slew   Delay    Time   Description
-----------------------------------------------------------------------------
                  0.00    0.00    0.00   clock __VIRTUAL_CLK__ (rise edge)
                          0.00    0.00   clock network delay (ideal)
                          2.00    2.00 v input external delay
     1    0.00    0.01    0.00    2.00 v in[3] (in)
                                         in[3] (net)
                  0.01    0.00    2.00 v input4/A (sky130_fd_sc_hd__clkbuf_1)
     2    0.01    0.04    0.09    2.10 v input4/X (sky130_fd_sc_hd__clkbuf_1)
                                         net4 (net)
                  0.04    0.00    2.10 v _09_/A (sky130_fd_sc_hd__or4_2)
     5    0.01    0.14    0.76    2.86 v _09_/X (sky130_fd_sc_hd__or4_2)
                                         _00_ (net)
                  0.14    0.00    2.86 v _10_/B (sky130_fd_sc_hd__nor2_1)
     2    0.01    0.22    0.24    3.10 ^ _10_/Y (sky130_fd_sc_hd__nor2_1)
                                         _01_ (net)
                  0.22    0.00    3.10 ^ _13_/B (sky130_fd_sc_hd__xnor2_1)
     1    0.00    0.15    0.17    3.27 ^ _13_/Y (sky130_fd_sc_hd__xnor2_1)
                                         net14 (net)
                  0.15    0.00    3.27 ^ output14/A (sky130_fd_sc_hd__buf_2)
     1    0.03    0.17    0.25    3.51 ^ output14/X (sky130_fd_sc_hd__buf_2)
                                         out[5] (net)
                  0.17    0.00    3.51 ^ out[5] (out)
                                  3.51   data arrival time

                  0.00   10.00   10.00   clock __VIRTUAL_CLK__ (rise edge)
                          0.00   10.00   clock network delay (ideal)
                         -0.25    9.75   clock uncertainty
                          0.00    9.75   clock reconvergence pessimism
                         -2.00    7.75   output external delay
                                  7.75   data required time
-----------------------------------------------------------------------------
                                  7.75   data required time
                                 -3.51   data arrival time
-----------------------------------------------------------------------------
                                  4.24   slack (MET)


Startpoint: in[3] (input port clocked by __VIRTUAL_CLK__)
Endpoint: out[4] (output port clocked by __VIRTUAL_CLK__)
Path Group: __VIRTUAL_CLK__
Path Type: max
Corner: Typical

Fanout     Cap    Slew   Delay    Time   Description
-----------------------------------------------------------------------------
                  0.00    0.00    0.00   clock __VIRTUAL_CLK__ (rise edge)
                          0.00    0.00   clock network delay (ideal)
                          2.00    2.00 v input external delay
     1    0.00    0.01    0.00    2.00 v in[3] (in)
                                         in[3] (net)
                  0.01    0.00    2.00 v input4/A (sky130_fd_sc_hd__clkbuf_1)
     2    0.01    0.04    0.09    2.10 v input4/X (sky130_fd_sc_hd__clkbuf_1)
                                         net4 (net)
                  0.04    0.00    2.10 v _09_/A (sky130_fd_sc_hd__or4_2)
     5    0.01    0.14    0.76    2.86 v _09_/X (sky130_fd_sc_hd__or4_2)
                                         _00_ (net)
                  0.14    0.00    2.86 v _11_/B (sky130_fd_sc_hd__and2_1)
     1    0.01    0.05    0.22    3.08 v _11_/X (sky130_fd_sc_hd__and2_1)
                                         _02_ (net)
                  0.05    0.00    3.08 v _12_/B (sky130_fd_sc_hd__nor2_1)
     1    0.00    0.08    0.08    3.16 ^ _12_/Y (sky130_fd_sc_hd__nor2_1)
                                         net13 (net)
                  0.08    0.00    3.16 ^ output13/A (sky130_fd_sc_hd__buf_2)
     1    0.03    0.17    0.22    3.38 ^ output13/X (sky130_fd_sc_hd__buf_2)
                                         out[4] (net)
                  0.17    0.00    3.38 ^ out[4] (out)
                                  3.38   data arrival time

                  0.00   10.00   10.00   clock __VIRTUAL_CLK__ (rise edge)
                          0.00   10.00   clock network delay (ideal)
                         -0.25    9.75   clock uncertainty
                          0.00    9.75   clock reconvergence pessimism
                         -2.00    7.75   output external delay
                                  7.75   data required time
-----------------------------------------------------------------------------
                                  7.75   data required time
                                 -3.38   data arrival time
-----------------------------------------------------------------------------
                                  4.37   slack (MET)


Startpoint: in[3] (input port clocked by __VIRTUAL_CLK__)
Endpoint: out[3] (output port clocked by __VIRTUAL_CLK__)
Path Group: __VIRTUAL_CLK__
Path Type: max
Corner: Typical

Fanout     Cap    Slew   Delay    Time   Description
-----------------------------------------------------------------------------
                  0.00    0.00    0.00   clock __VIRTUAL_CLK__ (rise edge)
                          0.00    0.00   clock network delay (ideal)
                          2.00    2.00 v input external delay
     1    0.00    0.01    0.00    2.00 v in[3] (in)
                                         in[3] (net)
                  0.01    0.00    2.00 v input4/A (sky130_fd_sc_hd__clkbuf_1)
     2    0.01    0.04    0.09    2.10 v input4/X (sky130_fd_sc_hd__clkbuf_1)
                                         net4 (net)
                  0.04    0.00    2.10 v _09_/A (sky130_fd_sc_hd__or4_2)
     5    0.01    0.14    0.76    2.86 v _09_/X (sky130_fd_sc_hd__or4_2)
                                         _00_ (net)
                  0.14    0.00    2.86 v _24_/B1_N (sky130_fd_sc_hd__a21boi_1)
     1    0.01    0.06    0.19    3.05 v _24_/Y (sky130_fd_sc_hd__a21boi_1)
                                         net12 (net)
                  0.06    0.00    3.05 v output12/A (sky130_fd_sc_hd__buf_2)
     1    0.03    0.09    0.20    3.24 v output12/X (sky130_fd_sc_hd__buf_2)
                                         out[3] (net)
                  0.09    0.00    3.24 v out[3] (out)
                                  3.24   data arrival time

                  0.00   10.00   10.00   clock __VIRTUAL_CLK__ (rise edge)
                          0.00   10.00   clock network delay (ideal)
                         -0.25    9.75   clock uncertainty
                          0.00    9.75   clock reconvergence pessimism
                         -2.00    7.75   output external delay
                                  7.75   data required time
-----------------------------------------------------------------------------
                                  7.75   data required time
                                 -3.24   data arrival time
-----------------------------------------------------------------------------
                                  4.51   slack (MET)


Startpoint: in[0] (input port clocked by __VIRTUAL_CLK__)
Endpoint: out[2] (output port clocked by __VIRTUAL_CLK__)
Path Group: __VIRTUAL_CLK__
Path Type: max
Corner: Typical

Fanout     Cap    Slew   Delay    Time   Description
-----------------------------------------------------------------------------
                  0.00    0.00    0.00   clock __VIRTUAL_CLK__ (rise edge)
                          0.00    0.00   clock network delay (ideal)
                          2.00    2.00 v input external delay
     1    0.00    0.01    0.00    2.00 v in[0] (in)
                                         in[0] (net)
                  0.01    0.00    2.00 v input1/A (sky130_fd_sc_hd__dlymetal6s2s_1)
     5    0.02    0.10    0.19    2.19 v input1/X (sky130_fd_sc_hd__dlymetal6s2s_1)
                                         net1 (net)
                  0.10    0.00    2.19 v _20_/C (sky130_fd_sc_hd__or3_1)
     2    0.01    0.09    0.37    2.57 v _20_/X (sky130_fd_sc_hd__or3_1)
                                         _06_ (net)
                  0.09    0.00    2.57 v _22_/A (sky130_fd_sc_hd__and2_1)
     1    0.00    0.04    0.16    2.73 v _22_/X (sky130_fd_sc_hd__and2_1)
                                         _08_ (net)
                  0.04    0.00    2.73 v _23_/A (sky130_fd_sc_hd__clkbuf_1)
     1    0.00    0.03    0.09    2.82 v _23_/X (sky130_fd_sc_hd__clkbuf_1)
                                         net11 (net)
                  0.03    0.00    2.82 v output11/A (sky130_fd_sc_hd__buf_2)
     1    0.03    0.09    0.18    3.00 v output11/X (sky130_fd_sc_hd__buf_2)
                                         out[2] (net)
                  0.09    0.00    3.00 v out[2] (out)
                                  3.00   data arrival time

                  0.00   10.00   10.00   clock __VIRTUAL_CLK__ (rise edge)
                          0.00   10.00   clock network delay (ideal)
                         -0.25    9.75   clock uncertainty
                          0.00    9.75   clock reconvergence pessimism
                         -2.00    7.75   output external delay
                                  7.75   data required time
-----------------------------------------------------------------------------
                                  7.75   data required time
                                 -3.00   data arrival time
-----------------------------------------------------------------------------
                                  4.75   slack (MET)


Startpoint: in[0] (input port clocked by __VIRTUAL_CLK__)
Endpoint: out[1] (output port clocked by __VIRTUAL_CLK__)
Path Group: __VIRTUAL_CLK__
Path Type: max
Corner: Typical

Fanout     Cap    Slew   Delay    Time   Description
-----------------------------------------------------------------------------
                  0.00    0.00    0.00   clock __VIRTUAL_CLK__ (rise edge)
                          0.00    0.00   clock network delay (ideal)
                          2.00    2.00 ^ input external delay
     1    0.00    0.02    0.01    2.01 ^ in[0] (in)
                                         in[0] (net)
                  0.02    0.00    2.01 ^ input1/A (sky130_fd_sc_hd__dlymetal6s2s_1)
     5    0.02    0.21    0.21    2.22 ^ input1/X (sky130_fd_sc_hd__dlymetal6s2s_1)
                                         net1 (net)
                  0.21    0.00    2.22 ^ _19_/B (sky130_fd_sc_hd__xor2_1)
     1    0.00    0.13    0.18    2.40 ^ _19_/X (sky130_fd_sc_hd__xor2_1)
                                         net10 (net)
                  0.13    0.00    2.40 ^ output10/A (sky130_fd_sc_hd__buf_2)
     1    0.03    0.17    0.24    2.64 ^ output10/X (sky130_fd_sc_hd__buf_2)
                                         out[1] (net)
                  0.17    0.00    2.64 ^ out[1] (out)
                                  2.64   data arrival time

                  0.00   10.00   10.00   clock __VIRTUAL_CLK__ (rise edge)
                          0.00   10.00   clock network delay (ideal)
                         -0.25    9.75   clock uncertainty
                          0.00    9.75   clock reconvergence pessimism
                         -2.00    7.75   output external delay
                                  7.75   data required time
-----------------------------------------------------------------------------
                                  7.75   data required time
                                 -2.64   data arrival time
-----------------------------------------------------------------------------
                                  5.11   slack (MET)


Startpoint: in[0] (input port clocked by __VIRTUAL_CLK__)
Endpoint: out[0] (output port clocked by __VIRTUAL_CLK__)
Path Group: __VIRTUAL_CLK__
Path Type: max
Corner: Typical

Fanout     Cap    Slew   Delay    Time   Description
-----------------------------------------------------------------------------
                  0.00    0.00    0.00   clock __VIRTUAL_CLK__ (rise edge)
                          0.00    0.00   clock network delay (ideal)
                          2.00    2.00 ^ input external delay
     1    0.00    0.02    0.01    2.01 ^ in[0] (in)
                                         in[0] (net)
                  0.02    0.00    2.01 ^ input1/A (sky130_fd_sc_hd__dlymetal6s2s_1)
     5    0.02    0.21    0.21    2.22 ^ input1/X (sky130_fd_sc_hd__dlymetal6s2s_1)
                                         net1 (net)
                  0.21    0.00    2.22 ^ _25_/A (sky130_fd_sc_hd__clkbuf_1)
     1    0.00    0.07    0.14    2.36 ^ _25_/X (sky130_fd_sc_hd__clkbuf_1)
                                         net9 (net)
                  0.07    0.00    2.36 ^ output9/A (sky130_fd_sc_hd__buf_2)
     1    0.03    0.17    0.22    2.58 ^ output9/X (sky130_fd_sc_hd__buf_2)
                                         out[0] (net)
                  0.17    0.00    2.58 ^ out[0] (out)
                                  2.58   data arrival time

                  0.00   10.00   10.00   clock __VIRTUAL_CLK__ (rise edge)
                          0.00   10.00   clock network delay (ideal)
                         -0.25    9.75   clock uncertainty
                          0.00    9.75   clock reconvergence pessimism
                         -2.00    7.75   output external delay
                                  7.75   data required time
-----------------------------------------------------------------------------
                                  7.75   data required time
                                 -2.58   data arrival time
-----------------------------------------------------------------------------
                                  5.17   slack (MET)



worst slack corner Typical: 3.8659
