
===========================================================================
 report_power
============================================================================
======================= Fastest Corner ===================================

Group                  Internal  Switching    Leakage      Total
                          Power      Power      Power      Power (Watts)
----------------------------------------------------------------
Sequential             0.00e+00   0.00e+00   0.00e+00   0.00e+00   0.0%
Combinational          4.74e-06   1.06e-05   1.48e-10   1.54e-05 100.0%
Clock                  0.00e+00   0.00e+00   1.41e-10   1.41e-10   0.0%
Macro                  0.00e+00   0.00e+00   0.00e+00   0.00e+00   0.0%
Pad                    0.00e+00   0.00e+00   0.00e+00   0.00e+00   0.0%
----------------------------------------------------------------
Total                  4.74e-06   1.06e-05   2.89e-10   1.54e-05 100.0%
                          30.9%      69.1%       0.0%

======================= Slowest Corner ===================================

Group                  Internal  Switching    Leakage      Total
                          Power      Power      Power      Power (Watts)
----------------------------------------------------------------
Sequential             0.00e+00   0.00e+00   0.00e+00   0.00e+00   0.0%
Combinational          3.53e-06   7.08e-06   1.58e-07   1.08e-05 100.0%
Clock                  0.00e+00   0.00e+00   1.41e-10   1.41e-10   0.0%
Macro                  0.00e+00   0.00e+00   0.00e+00   0.00e+00   0.0%
Pad                    0.00e+00   0.00e+00   0.00e+00   0.00e+00   0.0%
----------------------------------------------------------------
Total                  3.53e-06   7.08e-06   1.58e-07   1.08e-05 100.0%
                          32.8%      65.8%       1.5%

======================= Typical Corner ===================================

Group                  Internal  Switching    Leakage      Total
                          Power      Power      Power      Power (Watts)
----------------------------------------------------------------
Sequential             0.00e+00   0.00e+00   0.00e+00   0.00e+00   0.0%
Combinational          4.27e-06   9.00e-06   9.05e-11   1.33e-05 100.0%
Clock                  0.00e+00   0.00e+00   1.41e-10   1.41e-10   0.0%
Macro                  0.00e+00   0.00e+00   0.00e+00   0.00e+00   0.0%
Pad                    0.00e+00   0.00e+00   0.00e+00   0.00e+00   0.0%
----------------------------------------------------------------
Total                  4.27e-06   9.00e-06   2.31e-10   1.33e-05 100.0%
                          32.2%      67.8%       0.0%

