
===========================================================================
report_checks -path_delay min (Hold)
============================================================================
======================= Typical Corner ===================================

Startpoint: _149_ (rising edge-triggered flip-flop clocked by clk)
Endpoint: _149_ (rising edge-triggered flip-flop clocked by clk)
Path Group: clk
Path Type: min

Fanout     Cap    Slew   Delay    Time   Description
-----------------------------------------------------------------------------
                  0.15    0.00    0.00   clock clk (rise edge)
                          0.00    0.00   clock network delay (ideal)
                  0.15    0.00    0.00 ^ _149_/CLK (sky130_fd_sc_hd__dfxtp_1)
     2    0.00    0.03    0.32    0.32 v _149_/Q (sky130_fd_sc_hd__dfxtp_1)
                                         net8 (net)
                  0.03    0.00    0.32 v _124_/B (sky130_fd_sc_hd__nand2_1)
     1    0.00    0.04    0.05    0.37 ^ _124_/Y (sky130_fd_sc_hd__nand2_1)
                                         _024_ (net)
                  0.04    0.00    0.37 ^ _125_/B1 (sky130_fd_sc_hd__o21ai_1)
     1    0.00    0.03    0.05    0.41 v _125_/Y (sky130_fd_sc_hd__o21ai_1)
                                         _021_ (net)
                  0.03    0.00    0.41 v _149_/D (sky130_fd_sc_hd__dfxtp_1)
                                  0.41   data arrival time

                  0.15    0.00    0.00   clock clk (rise edge)
                          0.00    0.00   clock network delay (ideal)
                          0.25    0.25   clock uncertainty
                          0.00    0.25   clock reconvergence pessimism
                                  0.25 ^ _149_/CLK (sky130_fd_sc_hd__dfxtp_1)
                         -0.03    0.22   library hold time
                                  0.22   data required time
-----------------------------------------------------------------------------
                                  0.22   data required time
                                 -0.41   data arrival time
-----------------------------------------------------------------------------
                                  0.19   slack (MET)


Startpoint: _146_ (rising edge-triggered flip-flop clocked by clk)
Endpoint: _146_ (rising edge-triggered flip-flop clocked by clk)
Path Group: clk
Path Type: min

Fanout     Cap    Slew   Delay    Time   Description
-----------------------------------------------------------------------------
                  0.15    0.00    0.00   clock clk (rise edge)
                          0.00    0.00   clock network delay (ideal)
                  0.15    0.00    0.00 ^ _146_/CLK (sky130_fd_sc_hd__dfxtp_1)
     2    0.01    0.06    0.34    0.34 ^ _146_/Q (sky130_fd_sc_hd__dfxtp_1)
                                         net1 (net)
                  0.06    0.00    0.34 ^ _120_/A2 (sky130_fd_sc_hd__o21ba_1)
     1    0.00    0.03    0.10    0.44 ^ _120_/X (sky130_fd_sc_hd__o21ba_1)
                                         _018_ (net)
                  0.03    0.00    0.44 ^ _146_/D (sky130_fd_sc_hd__dfxtp_1)
                                  0.44   data arrival time

                  0.15    0.00    0.00   clock clk (rise edge)
                          0.00    0.00   clock network delay (ideal)
                          0.25    0.25   clock uncertainty
                          0.00    0.25   clock reconvergence pessimism
                                  0.25 ^ _146_/CLK (sky130_fd_sc_hd__dfxtp_1)
                         -0.02    0.23   library hold time
                                  0.23   data required time
-----------------------------------------------------------------------------
                                  0.23   data required time
                                 -0.44   data arrival time
-----------------------------------------------------------------------------
                                  0.20   slack (MET)


Startpoint: _145_ (rising edge-triggered flip-flop clocked by clk)
Endpoint: _145_ (rising edge-triggered flip-flop clocked by clk)
Path Group: clk
Path Type: min

Fanout     Cap    Slew   Delay    Time   Description
-----------------------------------------------------------------------------
                  0.15    0.00    0.00   clock clk (rise edge)
                          0.00    0.00   clock network delay (ideal)
                  0.15    0.00    0.00 ^ _145_/CLK (sky130_fd_sc_hd__dfxtp_1)
     2    0.01    0.06    0.34    0.34 ^ _145_/Q (sky130_fd_sc_hd__dfxtp_1)
                                         net3 (net)
                  0.06    0.00    0.34 ^ _119_/A2 (sky130_fd_sc_hd__o22a_1)
     1    0.00    0.04    0.11    0.45 ^ _119_/X (sky130_fd_sc_hd__o22a_1)
                                         _017_ (net)
                  0.04    0.00    0.45 ^ _145_/D (sky130_fd_sc_hd__dfxtp_1)
                                  0.45   data arrival time

                  0.15    0.00    0.00   clock clk (rise edge)
                          0.00    0.00   clock network delay (ideal)
                          0.25    0.25   clock uncertainty
                          0.00    0.25   clock reconvergence pessimism
                                  0.25 ^ _145_/CLK (sky130_fd_sc_hd__dfxtp_1)
                         -0.02    0.23   library hold time
                                  0.23   data required time
-----------------------------------------------------------------------------
                                  0.23   data required time
                                 -0.45   data arrival time
-----------------------------------------------------------------------------
                                  0.21   slack (MET)


Startpoint: _148_ (rising edge-triggered flip-flop clocked by clk)
Endpoint: _148_ (rising edge-triggered flip-flop clocked by clk)
Path Group: clk
Path Type: min

Fanout     Cap    Slew   Delay    Time   Description
-----------------------------------------------------------------------------
                  0.15    0.00    0.00   clock clk (rise edge)
                          0.00    0.00   clock network delay (ideal)
                  0.15    0.00    0.00 ^ _148_/CLK (sky130_fd_sc_hd__dfxtp_1)
     2    0.01    0.06    0.33    0.33 ^ _148_/Q (sky130_fd_sc_hd__dfxtp_1)
                                         net6 (net)
                  0.06    0.00    0.33 ^ _123_/A2 (sky130_fd_sc_hd__o22a_1)
     1    0.00    0.04    0.11    0.45 ^ _123_/X (sky130_fd_sc_hd__o22a_1)
                                         _020_ (net)
                  0.04    0.00    0.45 ^ _148_/D (sky130_fd_sc_hd__dfxtp_1)
                                  0.45   data arrival time

                  0.15    0.00    0.00   clock clk (rise edge)
                          0.00    0.00   clock network delay (ideal)
                          0.25    0.25   clock uncertainty
                          0.00    0.25   clock reconvergence pessimism
                                  0.25 ^ _148_/CLK (sky130_fd_sc_hd__dfxtp_1)
                         -0.02    0.23   library hold time
                                  0.23   data required time
-----------------------------------------------------------------------------
                                  0.23   data required time
                                 -0.45   data arrival time
-----------------------------------------------------------------------------
                                  0.21   slack (MET)


Startpoint: _150_ (rising edge-triggered flip-flop clocked by clk)
Endpoint: _150_ (rising edge-triggered flip-flop clocked by clk)
Path Group: clk
Path Type: min

Fanout     Cap    Slew   Delay    Time   Description
-----------------------------------------------------------------------------
                  0.15    0.00    0.00   clock clk (rise edge)
                          0.00    0.00   clock network delay (ideal)
                  0.15    0.00    0.00 ^ _150_/CLK (sky130_fd_sc_hd__dfxtp_1)
     2    0.01    0.06    0.33    0.33 ^ _150_/Q (sky130_fd_sc_hd__dfxtp_1)
                                         net7 (net)
                  0.06    0.00    0.33 ^ _126_/A2 (sky130_fd_sc_hd__o22a_1)
     1    0.00    0.04    0.11    0.45 ^ _126_/X (sky130_fd_sc_hd__o22a_1)
                                         _022_ (net)
                  0.04    0.00    0.45 ^ _150_/D (sky130_fd_sc_hd__dfxtp_1)
                                  0.45   data arrival time

                  0.15    0.00    0.00   clock clk (rise edge)
                          0.00    0.00   clock network delay (ideal)
                          0.25    0.25   clock uncertainty
                          0.00    0.25   clock reconvergence pessimism
                                  0.25 ^ _150_/CLK (sky130_fd_sc_hd__dfxtp_1)
                         -0.02    0.23   library hold time
                                  0.23   data required time
-----------------------------------------------------------------------------
                                  0.23   data required time
                                 -0.45   data arrival time
-----------------------------------------------------------------------------
                                  0.21   slack (MET)


Startpoint: _139_ (rising edge-triggered flip-flop clocked by clk)
Endpoint: _139_ (rising edge-triggered flip-flop clocked by clk)
Path Group: clk
Path Type: min

Fanout     Cap    Slew   Delay    Time   Description
-----------------------------------------------------------------------------
                  0.15    0.00    0.00   clock clk (rise edge)
                          0.00    0.00   clock network delay (ideal)
                  0.15    0.00    0.00 ^ _139_/CLK (sky130_fd_sc_hd__dfxtp_1)
     6    0.02    0.09    0.37    0.37 v _139_/Q (sky130_fd_sc_hd__dfxtp_1)
                                         U7.digit_counter[0] (net)
                  0.09    0.00    0.37 v _107_/A (sky130_fd_sc_hd__inv_2)
     4    0.01    0.06    0.08    0.45 ^ _107_/Y (sky130_fd_sc_hd__inv_2)
                                         _011_ (net)
                  0.06    0.00    0.45 ^ _139_/D (sky130_fd_sc_hd__dfxtp_1)
                                  0.45   data arrival time

                  0.15    0.00    0.00   clock clk (rise edge)
                          0.00    0.00   clock network delay (ideal)
                          0.25    0.25   clock uncertainty
                          0.00    0.25   clock reconvergence pessimism
                                  0.25 ^ _139_/CLK (sky130_fd_sc_hd__dfxtp_1)
                         -0.02    0.23   library hold time
                                  0.23   data required time
-----------------------------------------------------------------------------
                                  0.23   data required time
                                 -0.45   data arrival time
-----------------------------------------------------------------------------
                                  0.22   slack (MET)


Startpoint: _144_ (rising edge-triggered flip-flop clocked by clk)
Endpoint: _144_ (rising edge-triggered flip-flop clocked by clk)
Path Group: clk
Path Type: min

Fanout     Cap    Slew   Delay    Time   Description
-----------------------------------------------------------------------------
                  0.15    0.00    0.00   clock clk (rise edge)
                          0.00    0.00   clock network delay (ideal)
                  0.15    0.00    0.00 ^ _144_/CLK (sky130_fd_sc_hd__dfxtp_1)
     2    0.01    0.06    0.34    0.34 ^ _144_/Q (sky130_fd_sc_hd__dfxtp_1)
                                         net2 (net)
                  0.06    0.00    0.34 ^ _118_/A2 (sky130_fd_sc_hd__o22a_1)
     1    0.00    0.04    0.12    0.45 ^ _118_/X (sky130_fd_sc_hd__o22a_1)
                                         _016_ (net)
                  0.04    0.00    0.45 ^ _144_/D (sky130_fd_sc_hd__dfxtp_1)
                                  0.45   data arrival time

                  0.15    0.00    0.00   clock clk (rise edge)
                          0.00    0.00   clock network delay (ideal)
                          0.25    0.25   clock uncertainty
                          0.00    0.25   clock reconvergence pessimism
                                  0.25 ^ _144_/CLK (sky130_fd_sc_hd__dfxtp_1)
                         -0.02    0.23   library hold time
                                  0.23   data required time
-----------------------------------------------------------------------------
                                  0.23   data required time
                                 -0.45   data arrival time
-----------------------------------------------------------------------------
                                  0.22   slack (MET)


Startpoint: _143_ (rising edge-triggered flip-flop clocked by clk)
Endpoint: _143_ (rising edge-triggered flip-flop clocked by clk)
Path Group: clk
Path Type: min

Fanout     Cap    Slew   Delay    Time   Description
-----------------------------------------------------------------------------
                  0.15    0.00    0.00   clock clk (rise edge)
                          0.00    0.00   clock network delay (ideal)
                  0.15    0.00    0.00 ^ _143_/CLK (sky130_fd_sc_hd__dfxtp_1)
     2    0.01    0.08    0.35    0.35 ^ _143_/Q (sky130_fd_sc_hd__dfxtp_1)
                                         U7.temp[0] (net)
                  0.08    0.00    0.35 ^ _117_/A2 (sky130_fd_sc_hd__a21o_1)
     1    0.00    0.03    0.10    0.46 ^ _117_/X (sky130_fd_sc_hd__a21o_1)
                                         _015_ (net)
                  0.03    0.00    0.46 ^ _143_/D (sky130_fd_sc_hd__dfxtp_1)
                                  0.46   data arrival time

                  0.15    0.00    0.00   clock clk (rise edge)
                          0.00    0.00   clock network delay (ideal)
                          0.25    0.25   clock uncertainty
                          0.00    0.25   clock reconvergence pessimism
                                  0.25 ^ _143_/CLK (sky130_fd_sc_hd__dfxtp_1)
                         -0.01    0.24   library hold time
                                  0.24   data required time
-----------------------------------------------------------------------------
                                  0.24   data required time
                                 -0.46   data arrival time
-----------------------------------------------------------------------------
                                  0.22   slack (MET)


Startpoint: _147_ (rising edge-triggered flip-flop clocked by clk)
Endpoint: _147_ (rising edge-triggered flip-flop clocked by clk)
Path Group: clk
Path Type: min

Fanout     Cap    Slew   Delay    Time   Description
-----------------------------------------------------------------------------
                  0.15    0.00    0.00   clock clk (rise edge)
                          0.00    0.00   clock network delay (ideal)
                  0.15    0.00    0.00 ^ _147_/CLK (sky130_fd_sc_hd__dfxtp_1)
     2    0.01    0.06    0.33    0.33 ^ _147_/Q (sky130_fd_sc_hd__dfxtp_1)
                                         net5 (net)
                  0.06    0.00    0.33 ^ _122_/B1 (sky130_fd_sc_hd__o32a_1)
     1    0.00    0.04    0.12    0.46 ^ _122_/X (sky130_fd_sc_hd__o32a_1)
                                         _019_ (net)
                  0.04    0.00    0.46 ^ _147_/D (sky130_fd_sc_hd__dfxtp_1)
                                  0.46   data arrival time

                  0.15    0.00    0.00   clock clk (rise edge)
                          0.00    0.00   clock network delay (ideal)
                          0.25    0.25   clock uncertainty
                          0.00    0.25   clock reconvergence pessimism
                                  0.25 ^ _147_/CLK (sky130_fd_sc_hd__dfxtp_1)
                         -0.02    0.23   library hold time
                                  0.23   data required time
-----------------------------------------------------------------------------
                                  0.23   data required time
                                 -0.46   data arrival time
-----------------------------------------------------------------------------
                                  0.22   slack (MET)


Startpoint: _151_ (rising edge-triggered flip-flop clocked by clk)
Endpoint: _151_ (rising edge-triggered flip-flop clocked by clk)
Path Group: clk
Path Type: min

Fanout     Cap    Slew   Delay    Time   Description
-----------------------------------------------------------------------------
                  0.15    0.00    0.00   clock clk (rise edge)
                          0.00    0.00   clock network delay (ideal)
                  0.15    0.00    0.00 ^ _151_/CLK (sky130_fd_sc_hd__dfxtp_1)
     2    0.01    0.06    0.34    0.34 ^ _151_/Q (sky130_fd_sc_hd__dfxtp_1)
                                         net4 (net)
                  0.06    0.00    0.34 ^ _127_/B1 (sky130_fd_sc_hd__o32a_1)
     1    0.00    0.04    0.13    0.46 ^ _127_/X (sky130_fd_sc_hd__o32a_1)
                                         _023_ (net)
                  0.04    0.00    0.46 ^ _151_/D (sky130_fd_sc_hd__dfxtp_1)
                                  0.46   data arrival time

                  0.15    0.00    0.00   clock clk (rise edge)
                          0.00    0.00   clock network delay (ideal)
                          0.25    0.25   clock uncertainty
                          0.00    0.25   clock reconvergence pessimism
                                  0.25 ^ _151_/CLK (sky130_fd_sc_hd__dfxtp_1)
                         -0.02    0.23   library hold time
                                  0.23   data required time
-----------------------------------------------------------------------------
                                  0.23   data required time
                                 -0.46   data arrival time
-----------------------------------------------------------------------------
                                  0.23   slack (MET)


Startpoint: _136_ (rising edge-triggered flip-flop clocked by clk)
Endpoint: _136_ (rising edge-triggered flip-flop clocked by clk)
Path Group: clk
Path Type: min

Fanout     Cap    Slew   Delay    Time   Description
-----------------------------------------------------------------------------
                  0.15    0.00    0.00   clock clk (rise edge)
                          0.00    0.00   clock network delay (ideal)
                  0.15    0.00    0.00 ^ _136_/CLK (sky130_fd_sc_hd__dfxtp_1)
     4    0.01    0.06    0.34    0.34 v _136_/Q (sky130_fd_sc_hd__dfxtp_1)
                                         U7.current_digit[1] (net)
                  0.06    0.00    0.34 v _065_/B (sky130_fd_sc_hd__nand2_2)
     6    0.02    0.10    0.11    0.46 ^ _065_/Y (sky130_fd_sc_hd__nand2_2)
                                         _026_ (net)
                  0.10    0.00    0.46 ^ _066_/A (sky130_fd_sc_hd__inv_2)
     1    0.00    0.02    0.03    0.48 v _066_/Y (sky130_fd_sc_hd__inv_2)
                                         _008_ (net)
                  0.02    0.00    0.48 v _136_/D (sky130_fd_sc_hd__dfxtp_1)
                                  0.48   data arrival time

                  0.15    0.00    0.00   clock clk (rise edge)
                          0.00    0.00   clock network delay (ideal)
                          0.25    0.25   clock uncertainty
                          0.00    0.25   clock reconvergence pessimism
                                  0.25 ^ _136_/CLK (sky130_fd_sc_hd__dfxtp_1)
                         -0.02    0.23   library hold time
                                  0.23   data required time
-----------------------------------------------------------------------------
                                  0.23   data required time
                                 -0.48   data arrival time
-----------------------------------------------------------------------------
                                  0.25   slack (MET)


Startpoint: _141_ (rising edge-triggered flip-flop clocked by clk)
Endpoint: _141_ (rising edge-triggered flip-flop clocked by clk)
Path Group: clk
Path Type: min

Fanout     Cap    Slew   Delay    Time   Description
-----------------------------------------------------------------------------
                  0.15    0.00    0.00   clock clk (rise edge)
                          0.00    0.00   clock network delay (ideal)
                  0.15    0.00    0.00 ^ _141_/CLK (sky130_fd_sc_hd__dfxtp_1)
     5    0.01    0.07    0.35    0.35 v _141_/Q (sky130_fd_sc_hd__dfxtp_1)
                                         U7.digit_counter[2] (net)
                  0.07    0.00    0.35 v _111_/B1 (sky130_fd_sc_hd__a21oi_1)
     1    0.00    0.10    0.12    0.47 ^ _111_/Y (sky130_fd_sc_hd__a21oi_1)
                                         _059_ (net)
                  0.10    0.00    0.47 ^ _112_/B (sky130_fd_sc_hd__nor2_1)
     1    0.00    0.03    0.04    0.51 v _112_/Y (sky130_fd_sc_hd__nor2_1)
                                         _013_ (net)
                  0.03    0.00    0.51 v _141_/D (sky130_fd_sc_hd__dfxtp_1)
                                  0.51   data arrival time

                  0.15    0.00    0.00   clock clk (rise edge)
                          0.00    0.00   clock network delay (ideal)
                          0.25    0.25   clock uncertainty
                          0.00    0.25   clock reconvergence pessimism
                                  0.25 ^ _141_/CLK (sky130_fd_sc_hd__dfxtp_1)
                         -0.02    0.23   library hold time
                                  0.23   data required time
-----------------------------------------------------------------------------
                                  0.23   data required time
                                 -0.51   data arrival time
-----------------------------------------------------------------------------
                                  0.28   slack (MET)


Startpoint: _143_ (rising edge-triggered flip-flop clocked by clk)
Endpoint: _135_ (rising edge-triggered flip-flop clocked by clk)
Path Group: clk
Path Type: min

Fanout     Cap    Slew   Delay    Time   Description
-----------------------------------------------------------------------------
                  0.15    0.00    0.00   clock clk (rise edge)
                          0.00    0.00   clock network delay (ideal)
                  0.15    0.00    0.00 ^ _143_/CLK (sky130_fd_sc_hd__dfxtp_1)
     2    0.01    0.04    0.33    0.33 v _143_/Q (sky130_fd_sc_hd__dfxtp_1)
                                         U7.temp[0] (net)
                  0.04    0.00    0.33 v _067_/B1 (sky130_fd_sc_hd__o31ai_2)
     2    0.01    0.07    0.07    0.40 ^ _067_/Y (sky130_fd_sc_hd__o31ai_2)
                                         _027_ (net)
                  0.07    0.00    0.40 ^ _069_/A2 (sky130_fd_sc_hd__o21ai_2)
     8    0.02    0.08    0.09    0.49 v _069_/Y (sky130_fd_sc_hd__o21ai_2)
                                         _007_ (net)
                  0.08    0.00    0.49 v _135_/D (sky130_fd_sc_hd__dfxtp_1)
                                  0.49   data arrival time

                  0.15    0.00    0.00   clock clk (rise edge)
                          0.00    0.00   clock network delay (ideal)
                          0.25    0.25   clock uncertainty
                          0.00    0.25   clock reconvergence pessimism
                                  0.25 ^ _135_/CLK (sky130_fd_sc_hd__dfxtp_1)
                         -0.04    0.21   library hold time
                                  0.21   data required time
-----------------------------------------------------------------------------
                                  0.21   data required time
                                 -0.49   data arrival time
-----------------------------------------------------------------------------
                                  0.28   slack (MET)


Startpoint: _138_ (rising edge-triggered flip-flop clocked by clk)
Endpoint: _132_ (rising edge-triggered flip-flop clocked by clk)
Path Group: clk
Path Type: min

Fanout     Cap    Slew   Delay    Time   Description
-----------------------------------------------------------------------------
                  0.15    0.00    0.00   clock clk (rise edge)
                          0.00    0.00   clock network delay (ideal)
                  0.15    0.00    0.00 ^ _138_/CLK (sky130_fd_sc_hd__dfxtp_1)
     3    0.01    0.06    0.34    0.34 v _138_/Q (sky130_fd_sc_hd__dfxtp_1)
                                         U7.current_digit[3] (net)
                  0.06    0.00    0.34 v _072_/B (sky130_fd_sc_hd__nand2_2)
     6    0.02    0.11    0.11    0.45 ^ _072_/Y (sky130_fd_sc_hd__nand2_2)
                                         _030_ (net)
                  0.11    0.00    0.45 ^ _099_/A1 (sky130_fd_sc_hd__a21oi_1)
     1    0.00    0.03    0.06    0.51 v _099_/Y (sky130_fd_sc_hd__a21oi_1)
                                         _004_ (net)
                  0.03    0.00    0.51 v _132_/D (sky130_fd_sc_hd__dfxtp_1)
                                  0.51   data arrival time

                  0.15    0.00    0.00   clock clk (rise edge)
                          0.00    0.00   clock network delay (ideal)
                          0.25    0.25   clock uncertainty
                          0.00    0.25   clock reconvergence pessimism
                                  0.25 ^ _132_/CLK (sky130_fd_sc_hd__dfxtp_1)
                         -0.02    0.23   library hold time
                                  0.23   data required time
-----------------------------------------------------------------------------
                                  0.23   data required time
                                 -0.51   data arrival time
-----------------------------------------------------------------------------
                                  0.29   slack (MET)


Startpoint: _142_ (rising edge-triggered flip-flop clocked by clk)
Endpoint: _137_ (rising edge-triggered flip-flop clocked by clk)
Path Group: clk
Path Type: min

Fanout     Cap    Slew   Delay    Time   Description
-----------------------------------------------------------------------------
                  0.15    0.00    0.00   clock clk (rise edge)
                          0.00    0.00   clock network delay (ideal)
                  0.15    0.00    0.00 ^ _142_/CLK (sky130_fd_sc_hd__dfxtp_1)
     4    0.01    0.05    0.34    0.34 v _142_/Q (sky130_fd_sc_hd__dfxtp_1)
                                         U7.digit_counter[3] (net)
                  0.05    0.00    0.34 v _070_/A (sky130_fd_sc_hd__nand2_1)
     5    0.01    0.14    0.12    0.46 ^ _070_/Y (sky130_fd_sc_hd__nand2_1)
                                         _029_ (net)
                  0.14    0.00    0.46 ^ _071_/A (sky130_fd_sc_hd__inv_2)
     4    0.01    0.04    0.06    0.52 v _071_/Y (sky130_fd_sc_hd__inv_2)
                                         _009_ (net)
                  0.04    0.00    0.52 v _137_/D (sky130_fd_sc_hd__dfxtp_1)
                                  0.52   data arrival time

                  0.15    0.00    0.00   clock clk (rise edge)
                          0.00    0.00   clock network delay (ideal)
                          0.25    0.25   clock uncertainty
                          0.00    0.25   clock reconvergence pessimism
                                  0.25 ^ _137_/CLK (sky130_fd_sc_hd__dfxtp_1)
                         -0.03    0.22   library hold time
                                  0.22   data required time
-----------------------------------------------------------------------------
                                  0.22   data required time
                                 -0.52   data arrival time
-----------------------------------------------------------------------------
                                  0.30   slack (MET)


Startpoint: _138_ (rising edge-triggered flip-flop clocked by clk)
Endpoint: _138_ (rising edge-triggered flip-flop clocked by clk)
Path Group: clk
Path Type: min

Fanout     Cap    Slew   Delay    Time   Description
-----------------------------------------------------------------------------
                  0.15    0.00    0.00   clock clk (rise edge)
                          0.00    0.00   clock network delay (ideal)
                  0.15    0.00    0.00 ^ _138_/CLK (sky130_fd_sc_hd__dfxtp_1)
     3    0.01    0.06    0.34    0.34 v _138_/Q (sky130_fd_sc_hd__dfxtp_1)
                                         U7.current_digit[3] (net)
                  0.06    0.00    0.34 v _072_/B (sky130_fd_sc_hd__nand2_2)
     6    0.02    0.11    0.11    0.45 ^ _072_/Y (sky130_fd_sc_hd__nand2_2)
                                         _030_ (net)
                  0.11    0.00    0.45 ^ _073_/A (sky130_fd_sc_hd__inv_2)
     6    0.02    0.05    0.07    0.52 v _073_/Y (sky130_fd_sc_hd__inv_2)
                                         _010_ (net)
                  0.05    0.00    0.52 v _138_/D (sky130_fd_sc_hd__dfxtp_1)
                                  0.52   data arrival time

                  0.15    0.00    0.00   clock clk (rise edge)
                          0.00    0.00   clock network delay (ideal)
                          0.25    0.25   clock uncertainty
                          0.00    0.25   clock reconvergence pessimism
                                  0.25 ^ _138_/CLK (sky130_fd_sc_hd__dfxtp_1)
                         -0.03    0.22   library hold time
                                  0.22   data required time
-----------------------------------------------------------------------------
                                  0.22   data required time
                                 -0.52   data arrival time
-----------------------------------------------------------------------------
                                  0.30   slack (MET)


Startpoint: _139_ (rising edge-triggered flip-flop clocked by clk)
Endpoint: _140_ (rising edge-triggered flip-flop clocked by clk)
Path Group: clk
Path Type: min

Fanout     Cap    Slew   Delay    Time   Description
-----------------------------------------------------------------------------
                  0.15    0.00    0.00   clock clk (rise edge)
                          0.00    0.00   clock network delay (ideal)
                  0.15    0.00    0.00 ^ _139_/CLK (sky130_fd_sc_hd__dfxtp_1)
     6    0.02    0.09    0.37    0.37 v _139_/Q (sky130_fd_sc_hd__dfxtp_1)
                                         U7.digit_counter[0] (net)
                  0.09    0.00    0.37 v _106_/B (sky130_fd_sc_hd__nand2_1)
     3    0.01    0.09    0.12    0.48 ^ _106_/Y (sky130_fd_sc_hd__nand2_1)
                                         _056_ (net)
                  0.09    0.00    0.48 ^ _109_/A (sky130_fd_sc_hd__nand2_1)
     1    0.00    0.03    0.05    0.53 v _109_/Y (sky130_fd_sc_hd__nand2_1)
                                         _012_ (net)
                  0.03    0.00    0.53 v _140_/D (sky130_fd_sc_hd__dfxtp_1)
                                  0.53   data arrival time

                  0.15    0.00    0.00   clock clk (rise edge)
                          0.00    0.00   clock network delay (ideal)
                          0.25    0.25   clock uncertainty
                          0.00    0.25   clock reconvergence pessimism
                                  0.25 ^ _140_/CLK (sky130_fd_sc_hd__dfxtp_1)
                         -0.02    0.23   library hold time
                                  0.23   data required time
-----------------------------------------------------------------------------
                                  0.23   data required time
                                 -0.53   data arrival time
-----------------------------------------------------------------------------
                                  0.30   slack (MET)


Startpoint: _137_ (rising edge-triggered flip-flop clocked by clk)
Endpoint: _131_ (rising edge-triggered flip-flop clocked by clk)
Path Group: clk
Path Type: min

Fanout     Cap    Slew   Delay    Time   Description
-----------------------------------------------------------------------------
                  0.15    0.00    0.00   clock clk (rise edge)
                          0.00    0.00   clock network delay (ideal)
                  0.15    0.00    0.00 ^ _137_/CLK (sky130_fd_sc_hd__dfxtp_1)
     4    0.01    0.07    0.35    0.35 v _137_/Q (sky130_fd_sc_hd__dfxtp_1)
                                         U7.current_digit[2] (net)
                  0.07    0.00    0.35 v _092_/A1 (sky130_fd_sc_hd__a21oi_1)
     1    0.00    0.10    0.13    0.47 ^ _092_/Y (sky130_fd_sc_hd__a21oi_1)
                                         _046_ (net)
                  0.10    0.00    0.47 ^ _095_/A2 (sky130_fd_sc_hd__a21oi_1)
     1    0.00    0.04    0.07    0.54 v _095_/Y (sky130_fd_sc_hd__a21oi_1)
                                         _003_ (net)
                  0.04    0.00    0.54 v _131_/D (sky130_fd_sc_hd__dfxtp_1)
                                  0.54   data arrival time

                  0.15    0.00    0.00   clock clk (rise edge)
                          0.00    0.00   clock network delay (ideal)
                          0.25    0.25   clock uncertainty
                          0.00    0.25   clock reconvergence pessimism
                                  0.25 ^ _131_/CLK (sky130_fd_sc_hd__dfxtp_1)
                         -0.03    0.22   library hold time
                                  0.22   data required time
-----------------------------------------------------------------------------
                                  0.22   data required time
                                 -0.54   data arrival time
-----------------------------------------------------------------------------
                                  0.32   slack (MET)


Startpoint: _136_ (rising edge-triggered flip-flop clocked by clk)
Endpoint: _128_ (rising edge-triggered flip-flop clocked by clk)
Path Group: clk
Path Type: min

Fanout     Cap    Slew   Delay    Time   Description
-----------------------------------------------------------------------------
                  0.15    0.00    0.00   clock clk (rise edge)
                          0.00    0.00   clock network delay (ideal)
                  0.15    0.00    0.00 ^ _136_/CLK (sky130_fd_sc_hd__dfxtp_1)
     4    0.01    0.13    0.38    0.38 ^ _136_/Q (sky130_fd_sc_hd__dfxtp_1)
                                         U7.current_digit[1] (net)
                  0.13    0.00    0.38 ^ _079_/A (sky130_fd_sc_hd__nor3_1)
     3    0.01    0.05    0.08    0.46 v _079_/Y (sky130_fd_sc_hd__nor3_1)
                                         _036_ (net)
                  0.05    0.00    0.46 v _081_/B (sky130_fd_sc_hd__nand2_1)
     1    0.00    0.04    0.06    0.53 ^ _081_/Y (sky130_fd_sc_hd__nand2_1)
                                         _038_ (net)
                  0.04    0.00    0.53 ^ _082_/B1 (sky130_fd_sc_hd__o21ai_1)
     1    0.00    0.03    0.05    0.57 v _082_/Y (sky130_fd_sc_hd__o21ai_1)
                                         _000_ (net)
                  0.03    0.00    0.57 v _128_/D (sky130_fd_sc_hd__dfxtp_1)
                                  0.57   data arrival time

                  0.15    0.00    0.00   clock clk (rise edge)
                          0.00    0.00   clock network delay (ideal)
                          0.25    0.25   clock uncertainty
                          0.00    0.25   clock reconvergence pessimism
                                  0.25 ^ _128_/CLK (sky130_fd_sc_hd__dfxtp_1)
                         -0.02    0.23   library hold time
                                  0.23   data required time
-----------------------------------------------------------------------------
                                  0.23   data required time
                                 -0.57   data arrival time
-----------------------------------------------------------------------------
                                  0.35   slack (MET)


Startpoint: _138_ (rising edge-triggered flip-flop clocked by clk)
Endpoint: _134_ (rising edge-triggered flip-flop clocked by clk)
Path Group: clk
Path Type: min

Fanout     Cap    Slew   Delay    Time   Description
-----------------------------------------------------------------------------
                  0.15    0.00    0.00   clock clk (rise edge)
                          0.00    0.00   clock network delay (ideal)
                  0.15    0.00    0.00 ^ _138_/CLK (sky130_fd_sc_hd__dfxtp_1)
     3    0.01    0.06    0.34    0.34 v _138_/Q (sky130_fd_sc_hd__dfxtp_1)
                                         U7.current_digit[3] (net)
                  0.06    0.00    0.34 v _072_/B (sky130_fd_sc_hd__nand2_2)
     6    0.02    0.11    0.11    0.45 ^ _072_/Y (sky130_fd_sc_hd__nand2_2)
                                         _030_ (net)
                  0.11    0.00    0.45 ^ _104_/A1 (sky130_fd_sc_hd__a22o_1)
     1    0.00    0.04    0.13    0.58 ^ _104_/X (sky130_fd_sc_hd__a22o_1)
                                         _006_ (net)
                  0.04    0.00    0.58 ^ _134_/D (sky130_fd_sc_hd__dfxtp_1)
                                  0.58   data arrival time

                  0.15    0.00    0.00   clock clk (rise edge)
                          0.00    0.00   clock network delay (ideal)
                          0.25    0.25   clock uncertainty
                          0.00    0.25   clock reconvergence pessimism
                                  0.25 ^ _134_/CLK (sky130_fd_sc_hd__dfxtp_1)
                         -0.02    0.23   library hold time
                                  0.23   data required time
-----------------------------------------------------------------------------
                                  0.23   data required time
                                 -0.58   data arrival time
-----------------------------------------------------------------------------
                                  0.35   slack (MET)


Startpoint: _138_ (rising edge-triggered flip-flop clocked by clk)
Endpoint: _133_ (rising edge-triggered flip-flop clocked by clk)
Path Group: clk
Path Type: min

Fanout     Cap    Slew   Delay    Time   Description
-----------------------------------------------------------------------------
                  0.15    0.00    0.00   clock clk (rise edge)
                          0.00    0.00   clock network delay (ideal)
                  0.15    0.00    0.00 ^ _138_/CLK (sky130_fd_sc_hd__dfxtp_1)
     3    0.01    0.11    0.37    0.37 ^ _138_/Q (sky130_fd_sc_hd__dfxtp_1)
                                         U7.current_digit[3] (net)
                  0.11    0.00    0.37 ^ _100_/B2 (sky130_fd_sc_hd__o22a_1)
     1    0.00    0.03    0.11    0.48 ^ _100_/X (sky130_fd_sc_hd__o22a_1)
                                         _052_ (net)
                  0.03    0.00    0.48 ^ _101_/B1_N (sky130_fd_sc_hd__o21ba_1)
     1    0.00    0.03    0.12    0.60 v _101_/X (sky130_fd_sc_hd__o21ba_1)
                                         _005_ (net)
                  0.03    0.00    0.60 v _133_/D (sky130_fd_sc_hd__dfxtp_1)
                                  0.60   data arrival time

                  0.15    0.00    0.00   clock clk (rise edge)
                          0.00    0.00   clock network delay (ideal)
                          0.25    0.25   clock uncertainty
                          0.00    0.25   clock reconvergence pessimism
                                  0.25 ^ _133_/CLK (sky130_fd_sc_hd__dfxtp_1)
                         -0.02    0.23   library hold time
                                  0.23   data required time
-----------------------------------------------------------------------------
                                  0.23   data required time
                                 -0.60   data arrival time
-----------------------------------------------------------------------------
                                  0.38   slack (MET)


Startpoint: _136_ (rising edge-triggered flip-flop clocked by clk)
Endpoint: _130_ (rising edge-triggered flip-flop clocked by clk)
Path Group: clk
Path Type: min

Fanout     Cap    Slew   Delay    Time   Description
-----------------------------------------------------------------------------
                  0.15    0.00    0.00   clock clk (rise edge)
                          0.00    0.00   clock network delay (ideal)
                  0.15    0.00    0.00 ^ _136_/CLK (sky130_fd_sc_hd__dfxtp_1)
     4    0.01    0.06    0.34    0.34 v _136_/Q (sky130_fd_sc_hd__dfxtp_1)
                                         U7.current_digit[1] (net)
                  0.06    0.00    0.34 v _087_/A1 (sky130_fd_sc_hd__o21bai_1)
     1    0.00    0.05    0.12    0.46 ^ _087_/Y (sky130_fd_sc_hd__o21bai_1)
                                         _042_ (net)
                  0.05    0.00    0.46 ^ _089_/A0 (sky130_fd_sc_hd__mux2_1)
     1    0.00    0.04    0.11    0.58 ^ _089_/X (sky130_fd_sc_hd__mux2_1)
                                         _044_ (net)
                  0.04    0.00    0.58 ^ _090_/A (sky130_fd_sc_hd__clkbuf_1)
     1    0.00    0.04    0.07    0.65 ^ _090_/X (sky130_fd_sc_hd__clkbuf_1)
                                         _002_ (net)
                  0.04    0.00    0.65 ^ _130_/D (sky130_fd_sc_hd__dfxtp_1)
                                  0.65   data arrival time

                  0.15    0.00    0.00   clock clk (rise edge)
                          0.00    0.00   clock network delay (ideal)
                          0.25    0.25   clock uncertainty
                          0.00    0.25   clock reconvergence pessimism
                                  0.25 ^ _130_/CLK (sky130_fd_sc_hd__dfxtp_1)
                         -0.02    0.23   library hold time
                                  0.23   data required time
-----------------------------------------------------------------------------
                                  0.23   data required time
                                 -0.65   data arrival time
-----------------------------------------------------------------------------
                                  0.41   slack (MET)


Startpoint: _138_ (rising edge-triggered flip-flop clocked by clk)
Endpoint: _129_ (rising edge-triggered flip-flop clocked by clk)
Path Group: clk
Path Type: min

Fanout     Cap    Slew   Delay    Time   Description
-----------------------------------------------------------------------------
                  0.15    0.00    0.00   clock clk (rise edge)
                          0.00    0.00   clock network delay (ideal)
                  0.15    0.00    0.00 ^ _138_/CLK (sky130_fd_sc_hd__dfxtp_1)
     3    0.01    0.06    0.34    0.34 v _138_/Q (sky130_fd_sc_hd__dfxtp_1)
                                         U7.current_digit[3] (net)
                  0.06    0.00    0.34 v _072_/B (sky130_fd_sc_hd__nand2_2)
     6    0.02    0.11    0.11    0.45 ^ _072_/Y (sky130_fd_sc_hd__nand2_2)
                                         _030_ (net)
                  0.11    0.00    0.45 ^ _085_/A1 (sky130_fd_sc_hd__mux2_1)
     1    0.00    0.04    0.13    0.58 ^ _085_/X (sky130_fd_sc_hd__mux2_1)
                                         _041_ (net)
                  0.04    0.00    0.58 ^ _086_/A (sky130_fd_sc_hd__clkbuf_1)
     1    0.00    0.04    0.07    0.65 ^ _086_/X (sky130_fd_sc_hd__clkbuf_1)
                                         _001_ (net)
                  0.04    0.00    0.65 ^ _129_/D (sky130_fd_sc_hd__dfxtp_1)
                                  0.65   data arrival time

                  0.15    0.00    0.00   clock clk (rise edge)
                          0.00    0.00   clock network delay (ideal)
                          0.25    0.25   clock uncertainty
                          0.00    0.25   clock reconvergence pessimism
                                  0.25 ^ _129_/CLK (sky130_fd_sc_hd__dfxtp_1)
                         -0.02    0.23   library hold time
                                  0.23   data required time
-----------------------------------------------------------------------------
                                  0.23   data required time
                                 -0.65   data arrival time
-----------------------------------------------------------------------------
                                  0.42   slack (MET)


Startpoint: _141_ (rising edge-triggered flip-flop clocked by clk)
Endpoint: _142_ (rising edge-triggered flip-flop clocked by clk)
Path Group: clk
Path Type: min

Fanout     Cap    Slew   Delay    Time   Description
-----------------------------------------------------------------------------
                  0.15    0.00    0.00   clock clk (rise edge)
                          0.00    0.00   clock network delay (ideal)
                  0.15    0.00    0.00 ^ _141_/CLK (sky130_fd_sc_hd__dfxtp_1)
     5    0.01    0.07    0.35    0.35 v _141_/Q (sky130_fd_sc_hd__dfxtp_1)
                                         U7.digit_counter[2] (net)
                  0.07    0.00    0.35 v _110_/C (sky130_fd_sc_hd__and3_1)
     3    0.01    0.07    0.21    0.56 v _110_/X (sky130_fd_sc_hd__and3_1)
                                         _058_ (net)
                  0.07    0.00    0.56 v _114_/B (sky130_fd_sc_hd__xnor2_1)
     1    0.00    0.04    0.12    0.67 ^ _114_/Y (sky130_fd_sc_hd__xnor2_1)
                                         _014_ (net)
                  0.04    0.00    0.67 ^ _142_/D (sky130_fd_sc_hd__dfxtp_1)
                                  0.67   data arrival time

                  0.15    0.00    0.00   clock clk (rise edge)
                          0.00    0.00   clock network delay (ideal)
                          0.25    0.25   clock uncertainty
                          0.00    0.25   clock reconvergence pessimism
                                  0.25 ^ _142_/CLK (sky130_fd_sc_hd__dfxtp_1)
                         -0.02    0.23   library hold time
                                  0.23   data required time
-----------------------------------------------------------------------------
                                  0.23   data required time
                                 -0.67   data arrival time
-----------------------------------------------------------------------------
                                  0.44   slack (MET)


Startpoint: _129_ (rising edge-triggered flip-flop clocked by clk)
Endpoint: cx[2] (output port clocked by clk)
Path Group: clk
Path Type: min

Fanout     Cap    Slew   Delay    Time   Description
-----------------------------------------------------------------------------
                  0.15    0.00    0.00   clock clk (rise edge)
                          0.00    0.00   clock network delay (ideal)
                  0.15    0.00    0.00 ^ _129_/CLK (sky130_fd_sc_hd__dfxtp_1)
     1    0.00    0.02    0.31    0.31 v _129_/Q (sky130_fd_sc_hd__dfxtp_1)
                                         net10 (net)
                  0.02    0.00    0.31 v output10/A (sky130_fd_sc_hd__buf_2)
     1    0.03    0.09    0.16    0.47 v output10/X (sky130_fd_sc_hd__buf_2)
                                         cx[2] (net)
                  0.09    0.00    0.47 v cx[2] (out)
                                  0.47   data arrival time

                  0.15    0.00    0.00   clock clk (rise edge)
                          0.00    0.00   clock network delay (ideal)
                          0.25    0.25   clock uncertainty
                          0.00    0.25   clock reconvergence pessimism
                         -2.00   -1.75   output external delay
                                 -1.75   data required time
-----------------------------------------------------------------------------
                                 -1.75   data required time
                                 -0.47   data arrival time
-----------------------------------------------------------------------------
                                  2.22   slack (MET)


Startpoint: _131_ (rising edge-triggered flip-flop clocked by clk)
Endpoint: cx[4] (output port clocked by clk)
Path Group: clk
Path Type: min

Fanout     Cap    Slew   Delay    Time   Description
-----------------------------------------------------------------------------
                  0.15    0.00    0.00   clock clk (rise edge)
                          0.00    0.00   clock network delay (ideal)
                  0.15    0.00    0.00 ^ _131_/CLK (sky130_fd_sc_hd__dfxtp_1)
     1    0.00    0.02    0.31    0.31 v _131_/Q (sky130_fd_sc_hd__dfxtp_1)
                                         net12 (net)
                  0.02    0.00    0.31 v output12/A (sky130_fd_sc_hd__buf_2)
     1    0.03    0.09    0.16    0.47 v output12/X (sky130_fd_sc_hd__buf_2)
                                         cx[4] (net)
                  0.09    0.00    0.47 v cx[4] (out)
                                  0.47   data arrival time

                  0.15    0.00    0.00   clock clk (rise edge)
                          0.00    0.00   clock network delay (ideal)
                          0.25    0.25   clock uncertainty
                          0.00    0.25   clock reconvergence pessimism
                         -2.00   -1.75   output external delay
                                 -1.75   data required time
-----------------------------------------------------------------------------
                                 -1.75   data required time
                                 -0.47   data arrival time
-----------------------------------------------------------------------------
                                  2.22   slack (MET)


Startpoint: _128_ (rising edge-triggered flip-flop clocked by clk)
Endpoint: cx[1] (output port clocked by clk)
Path Group: clk
Path Type: min

Fanout     Cap    Slew   Delay    Time   Description
-----------------------------------------------------------------------------
                  0.15    0.00    0.00   clock clk (rise edge)
                          0.00    0.00   clock network delay (ideal)
                  0.15    0.00    0.00 ^ _128_/CLK (sky130_fd_sc_hd__dfxtp_1)
     1    0.00    0.02    0.31    0.31 v _128_/Q (sky130_fd_sc_hd__dfxtp_1)
                                         net9 (net)
                  0.02    0.00    0.31 v output9/A (sky130_fd_sc_hd__buf_2)
     1    0.03    0.09    0.16    0.47 v output9/X (sky130_fd_sc_hd__buf_2)
                                         cx[1] (net)
                  0.09    0.00    0.47 v cx[1] (out)
                                  0.47   data arrival time

                  0.15    0.00    0.00   clock clk (rise edge)
                          0.00    0.00   clock network delay (ideal)
                          0.25    0.25   clock uncertainty
                          0.00    0.25   clock reconvergence pessimism
                         -2.00   -1.75   output external delay
                                 -1.75   data required time
-----------------------------------------------------------------------------
                                 -1.75   data required time
                                 -0.47   data arrival time
-----------------------------------------------------------------------------
                                  2.22   slack (MET)


Startpoint: _130_ (rising edge-triggered flip-flop clocked by clk)
Endpoint: cx[3] (output port clocked by clk)
Path Group: clk
Path Type: min

Fanout     Cap    Slew   Delay    Time   Description
-----------------------------------------------------------------------------
                  0.15    0.00    0.00   clock clk (rise edge)
                          0.00    0.00   clock network delay (ideal)
                  0.15    0.00    0.00 ^ _130_/CLK (sky130_fd_sc_hd__dfxtp_1)
     1    0.00    0.02    0.31    0.31 v _130_/Q (sky130_fd_sc_hd__dfxtp_1)
                                         net11 (net)
                  0.02    0.00    0.31 v output11/A (sky130_fd_sc_hd__buf_2)
     1    0.03    0.09    0.16    0.47 v output11/X (sky130_fd_sc_hd__buf_2)
                                         cx[3] (net)
                  0.09    0.00    0.47 v cx[3] (out)
                                  0.47   data arrival time

                  0.15    0.00    0.00   clock clk (rise edge)
                          0.00    0.00   clock network delay (ideal)
                          0.25    0.25   clock uncertainty
                          0.00    0.25   clock reconvergence pessimism
                         -2.00   -1.75   output external delay
                                 -1.75   data required time
-----------------------------------------------------------------------------
                                 -1.75   data required time
                                 -0.47   data arrival time
-----------------------------------------------------------------------------
                                  2.22   slack (MET)


Startpoint: _132_ (rising edge-triggered flip-flop clocked by clk)
Endpoint: cx[5] (output port clocked by clk)
Path Group: clk
Path Type: min

Fanout     Cap    Slew   Delay    Time   Description
-----------------------------------------------------------------------------
                  0.15    0.00    0.00   clock clk (rise edge)
                          0.00    0.00   clock network delay (ideal)
                  0.15    0.00    0.00 ^ _132_/CLK (sky130_fd_sc_hd__dfxtp_1)
     1    0.00    0.03    0.31    0.31 v _132_/Q (sky130_fd_sc_hd__dfxtp_1)
                                         net13 (net)
                  0.03    0.00    0.31 v output13/A (sky130_fd_sc_hd__buf_2)
     1    0.04    0.09    0.16    0.48 v output13/X (sky130_fd_sc_hd__buf_2)
                                         cx[5] (net)
                  0.09    0.00    0.48 v cx[5] (out)
                                  0.48   data arrival time

                  0.15    0.00    0.00   clock clk (rise edge)
                          0.00    0.00   clock network delay (ideal)
                          0.25    0.25   clock uncertainty
                          0.00    0.25   clock reconvergence pessimism
                         -2.00   -1.75   output external delay
                                 -1.75   data required time
-----------------------------------------------------------------------------
                                 -1.75   data required time
                                 -0.48   data arrival time
-----------------------------------------------------------------------------
                                  2.23   slack (MET)


Startpoint: _134_ (rising edge-triggered flip-flop clocked by clk)
Endpoint: cx[7] (output port clocked by clk)
Path Group: clk
Path Type: min

Fanout     Cap    Slew   Delay    Time   Description
-----------------------------------------------------------------------------
                  0.15    0.00    0.00   clock clk (rise edge)
                          0.00    0.00   clock network delay (ideal)
                  0.15    0.00    0.00 ^ _134_/CLK (sky130_fd_sc_hd__dfxtp_1)
     1    0.00    0.03    0.31    0.31 v _134_/Q (sky130_fd_sc_hd__dfxtp_1)
                                         net15 (net)
                  0.03    0.00    0.31 v output15/A (sky130_fd_sc_hd__clkbuf_4)
     1    0.04    0.08    0.17    0.48 v output15/X (sky130_fd_sc_hd__clkbuf_4)
                                         cx[7] (net)
                  0.08    0.00    0.48 v cx[7] (out)
                                  0.48   data arrival time

                  0.15    0.00    0.00   clock clk (rise edge)
                          0.00    0.00   clock network delay (ideal)
                          0.25    0.25   clock uncertainty
                          0.00    0.25   clock reconvergence pessimism
                         -2.00   -1.75   output external delay
                                 -1.75   data required time
-----------------------------------------------------------------------------
                                 -1.75   data required time
                                 -0.48   data arrival time
-----------------------------------------------------------------------------
                                  2.23   slack (MET)


Startpoint: _133_ (rising edge-triggered flip-flop clocked by clk)
Endpoint: cx[6] (output port clocked by clk)
Path Group: clk
Path Type: min

Fanout     Cap    Slew   Delay    Time   Description
-----------------------------------------------------------------------------
                  0.15    0.00    0.00   clock clk (rise edge)
                          0.00    0.00   clock network delay (ideal)
                  0.15    0.00    0.00 ^ _133_/CLK (sky130_fd_sc_hd__dfxtp_1)
     1    0.00    0.03    0.31    0.31 v _133_/Q (sky130_fd_sc_hd__dfxtp_1)
                                         net14 (net)
                  0.03    0.00    0.31 v output14/A (sky130_fd_sc_hd__buf_2)
     1    0.04    0.09    0.17    0.48 v output14/X (sky130_fd_sc_hd__buf_2)
                                         cx[6] (net)
                  0.09    0.00    0.48 v cx[6] (out)
                                  0.48   data arrival time

                  0.15    0.00    0.00   clock clk (rise edge)
                          0.00    0.00   clock network delay (ideal)
                          0.25    0.25   clock uncertainty
                          0.00    0.25   clock reconvergence pessimism
                         -2.00   -1.75   output external delay
                                 -1.75   data required time
-----------------------------------------------------------------------------
                                 -1.75   data required time
                                 -0.48   data arrival time
-----------------------------------------------------------------------------
                                  2.23   slack (MET)


Startpoint: _149_ (rising edge-triggered flip-flop clocked by clk)
Endpoint: an[7] (output port clocked by clk)
Path Group: clk
Path Type: min

Fanout     Cap    Slew   Delay    Time   Description
-----------------------------------------------------------------------------
                  0.15    0.00    0.00   clock clk (rise edge)
                          0.00    0.00   clock network delay (ideal)
                  0.15    0.00    0.00 ^ _149_/CLK (sky130_fd_sc_hd__dfxtp_1)
     2    0.00    0.03    0.32    0.32 v _149_/Q (sky130_fd_sc_hd__dfxtp_1)
                                         net8 (net)
                  0.03    0.00    0.32 v output8/A (sky130_fd_sc_hd__buf_2)
     1    0.03    0.09    0.17    0.48 v output8/X (sky130_fd_sc_hd__buf_2)
                                         an[7] (net)
                  0.09    0.00    0.48 v an[7] (out)
                                  0.48   data arrival time

                  0.15    0.00    0.00   clock clk (rise edge)
                          0.00    0.00   clock network delay (ideal)
                          0.25    0.25   clock uncertainty
                          0.00    0.25   clock reconvergence pessimism
                         -2.00   -1.75   output external delay
                                 -1.75   data required time
-----------------------------------------------------------------------------
                                 -1.75   data required time
                                 -0.48   data arrival time
-----------------------------------------------------------------------------
                                  2.23   slack (MET)


Startpoint: _150_ (rising edge-triggered flip-flop clocked by clk)
Endpoint: an[6] (output port clocked by clk)
Path Group: clk
Path Type: min

Fanout     Cap    Slew   Delay    Time   Description
-----------------------------------------------------------------------------
                  0.15    0.00    0.00   clock clk (rise edge)
                          0.00    0.00   clock network delay (ideal)
                  0.15    0.00    0.00 ^ _150_/CLK (sky130_fd_sc_hd__dfxtp_1)
     2    0.00    0.03    0.32    0.32 v _150_/Q (sky130_fd_sc_hd__dfxtp_1)
                                         net7 (net)
                  0.03    0.00    0.32 v output7/A (sky130_fd_sc_hd__buf_2)
     1    0.03    0.09    0.17    0.49 v output7/X (sky130_fd_sc_hd__buf_2)
                                         an[6] (net)
                  0.09    0.00    0.49 v an[6] (out)
                                  0.49   data arrival time

                  0.15    0.00    0.00   clock clk (rise edge)
                          0.00    0.00   clock network delay (ideal)
                          0.25    0.25   clock uncertainty
                          0.00    0.25   clock reconvergence pessimism
                         -2.00   -1.75   output external delay
                                 -1.75   data required time
-----------------------------------------------------------------------------
                                 -1.75   data required time
                                 -0.49   data arrival time
-----------------------------------------------------------------------------
                                  2.24   slack (MET)


Startpoint: _148_ (rising edge-triggered flip-flop clocked by clk)
Endpoint: an[5] (output port clocked by clk)
Path Group: clk
Path Type: min

Fanout     Cap    Slew   Delay    Time   Description
-----------------------------------------------------------------------------
                  0.15    0.00    0.00   clock clk (rise edge)
                          0.00    0.00   clock network delay (ideal)
                  0.15    0.00    0.00 ^ _148_/CLK (sky130_fd_sc_hd__dfxtp_1)
     2    0.00    0.03    0.32    0.32 v _148_/Q (sky130_fd_sc_hd__dfxtp_1)
                                         net6 (net)
                  0.03    0.00    0.32 v output6/A (sky130_fd_sc_hd__buf_2)
     1    0.03    0.09    0.17    0.49 v output6/X (sky130_fd_sc_hd__buf_2)
                                         an[5] (net)
                  0.09    0.00    0.49 v an[5] (out)
                                  0.49   data arrival time

                  0.15    0.00    0.00   clock clk (rise edge)
                          0.00    0.00   clock network delay (ideal)
                          0.25    0.25   clock uncertainty
                          0.00    0.25   clock reconvergence pessimism
                         -2.00   -1.75   output external delay
                                 -1.75   data required time
-----------------------------------------------------------------------------
                                 -1.75   data required time
                                 -0.49   data arrival time
-----------------------------------------------------------------------------
                                  2.24   slack (MET)


Startpoint: _147_ (rising edge-triggered flip-flop clocked by clk)
Endpoint: an[4] (output port clocked by clk)
Path Group: clk
Path Type: min

Fanout     Cap    Slew   Delay    Time   Description
-----------------------------------------------------------------------------
                  0.15    0.00    0.00   clock clk (rise edge)
                          0.00    0.00   clock network delay (ideal)
                  0.15    0.00    0.00 ^ _147_/CLK (sky130_fd_sc_hd__dfxtp_1)
     2    0.00    0.03    0.32    0.32 v _147_/Q (sky130_fd_sc_hd__dfxtp_1)
                                         net5 (net)
                  0.03    0.00    0.32 v output5/A (sky130_fd_sc_hd__buf_2)
     1    0.03    0.09    0.17    0.49 v output5/X (sky130_fd_sc_hd__buf_2)
                                         an[4] (net)
                  0.09    0.00    0.49 v an[4] (out)
                                  0.49   data arrival time

                  0.15    0.00    0.00   clock clk (rise edge)
                          0.00    0.00   clock network delay (ideal)
                          0.25    0.25   clock uncertainty
                          0.00    0.25   clock reconvergence pessimism
                         -2.00   -1.75   output external delay
                                 -1.75   data required time
-----------------------------------------------------------------------------
                                 -1.75   data required time
                                 -0.49   data arrival time
-----------------------------------------------------------------------------
                                  2.24   slack (MET)


Startpoint: _145_ (rising edge-triggered flip-flop clocked by clk)
Endpoint: an[2] (output port clocked by clk)
Path Group: clk
Path Type: min

Fanout     Cap    Slew   Delay    Time   Description
-----------------------------------------------------------------------------
                  0.15    0.00    0.00   clock clk (rise edge)
                          0.00    0.00   clock network delay (ideal)
                  0.15    0.00    0.00 ^ _145_/CLK (sky130_fd_sc_hd__dfxtp_1)
     2    0.00    0.03    0.32    0.32 v _145_/Q (sky130_fd_sc_hd__dfxtp_1)
                                         net3 (net)
                  0.03    0.00    0.32 v output3/A (sky130_fd_sc_hd__buf_2)
     1    0.04    0.09    0.17    0.49 v output3/X (sky130_fd_sc_hd__buf_2)
                                         an[2] (net)
                  0.09    0.00    0.49 v an[2] (out)
                                  0.49   data arrival time

                  0.15    0.00    0.00   clock clk (rise edge)
                          0.00    0.00   clock network delay (ideal)
                          0.25    0.25   clock uncertainty
                          0.00    0.25   clock reconvergence pessimism
                         -2.00   -1.75   output external delay
                                 -1.75   data required time
-----------------------------------------------------------------------------
                                 -1.75   data required time
                                 -0.49   data arrival time
-----------------------------------------------------------------------------
                                  2.24   slack (MET)


Startpoint: _151_ (rising edge-triggered flip-flop clocked by clk)
Endpoint: an[3] (output port clocked by clk)
Path Group: clk
Path Type: min

Fanout     Cap    Slew   Delay    Time   Description
-----------------------------------------------------------------------------
                  0.15    0.00    0.00   clock clk (rise edge)
                          0.00    0.00   clock network delay (ideal)
                  0.15    0.00    0.00 ^ _151_/CLK (sky130_fd_sc_hd__dfxtp_1)
     2    0.00    0.04    0.32    0.32 v _151_/Q (sky130_fd_sc_hd__dfxtp_1)
                                         net4 (net)
                  0.04    0.00    0.32 v output4/A (sky130_fd_sc_hd__buf_2)
     1    0.03    0.09    0.17    0.49 v output4/X (sky130_fd_sc_hd__buf_2)
                                         an[3] (net)
                  0.09    0.00    0.49 v an[3] (out)
                                  0.49   data arrival time

                  0.15    0.00    0.00   clock clk (rise edge)
                          0.00    0.00   clock network delay (ideal)
                          0.25    0.25   clock uncertainty
                          0.00    0.25   clock reconvergence pessimism
                         -2.00   -1.75   output external delay
                                 -1.75   data required time
-----------------------------------------------------------------------------
                                 -1.75   data required time
                                 -0.49   data arrival time
-----------------------------------------------------------------------------
                                  2.24   slack (MET)


Startpoint: _146_ (rising edge-triggered flip-flop clocked by clk)
Endpoint: an[0] (output port clocked by clk)
Path Group: clk
Path Type: min

Fanout     Cap    Slew   Delay    Time   Description
-----------------------------------------------------------------------------
                  0.15    0.00    0.00   clock clk (rise edge)
                          0.00    0.00   clock network delay (ideal)
                  0.15    0.00    0.00 ^ _146_/CLK (sky130_fd_sc_hd__dfxtp_1)
     2    0.00    0.04    0.32    0.32 v _146_/Q (sky130_fd_sc_hd__dfxtp_1)
                                         net1 (net)
                  0.04    0.00    0.32 v output1/A (sky130_fd_sc_hd__buf_2)
     1    0.04    0.09    0.17    0.49 v output1/X (sky130_fd_sc_hd__buf_2)
                                         an[0] (net)
                  0.09    0.00    0.49 v an[0] (out)
                                  0.49   data arrival time

                  0.15    0.00    0.00   clock clk (rise edge)
                          0.00    0.00   clock network delay (ideal)
                          0.25    0.25   clock uncertainty
                          0.00    0.25   clock reconvergence pessimism
                         -2.00   -1.75   output external delay
                                 -1.75   data required time
-----------------------------------------------------------------------------
                                 -1.75   data required time
                                 -0.49   data arrival time
-----------------------------------------------------------------------------
                                  2.24   slack (MET)


Startpoint: _144_ (rising edge-triggered flip-flop clocked by clk)
Endpoint: an[1] (output port clocked by clk)
Path Group: clk
Path Type: min

Fanout     Cap    Slew   Delay    Time   Description
-----------------------------------------------------------------------------
                  0.15    0.00    0.00   clock clk (rise edge)
                          0.00    0.00   clock network delay (ideal)
                  0.15    0.00    0.00 ^ _144_/CLK (sky130_fd_sc_hd__dfxtp_1)
     2    0.01    0.04    0.32    0.32 v _144_/Q (sky130_fd_sc_hd__dfxtp_1)
                                         net2 (net)
                  0.04    0.00    0.32 v output2/A (sky130_fd_sc_hd__buf_2)
     1    0.03    0.09    0.17    0.49 v output2/X (sky130_fd_sc_hd__buf_2)
                                         an[1] (net)
                  0.09    0.00    0.49 v an[1] (out)
                                  0.49   data arrival time

                  0.15    0.00    0.00   clock clk (rise edge)
                          0.00    0.00   clock network delay (ideal)
                          0.25    0.25   clock uncertainty
                          0.00    0.25   clock reconvergence pessimism
                         -2.00   -1.75   output external delay
                                 -1.75   data required time
-----------------------------------------------------------------------------
                                 -1.75   data required time
                                 -0.49   data arrival time
-----------------------------------------------------------------------------
                                  2.24   slack (MET)



worst slack corner Typical: 0.1900
