
===========================================================================
report_checks -path_delay min (Hold)
============================================================================
======================= Typical Corner ===================================

Startpoint: _143_ (rising edge-triggered flip-flop clocked by clk)
Endpoint: _143_ (rising edge-triggered flip-flop clocked by clk)
Path Group: clk
Path Type: min

Fanout     Cap    Slew   Delay    Time   Description
-----------------------------------------------------------------------------
                  0.15    0.00    0.00   clock clk (rise edge)
                          0.00    0.00   clock network delay (ideal)
                  0.15    0.00    0.00 ^ _143_/CLK (sky130_fd_sc_hd__dfxtp_2)
     2    0.01    0.05    0.34    0.34 ^ _143_/Q (sky130_fd_sc_hd__dfxtp_2)
                                         U7.temp[0] (net)
                  0.05    0.00    0.34 ^ _117_/A2 (sky130_fd_sc_hd__a21o_2)
     1    0.00    0.02    0.10    0.44 ^ _117_/X (sky130_fd_sc_hd__a21o_2)
                                         _015_ (net)
                  0.02    0.00    0.44 ^ _143_/D (sky130_fd_sc_hd__dfxtp_2)
                                  0.44   data arrival time

                  0.15    0.00    0.00   clock clk (rise edge)
                          0.00    0.00   clock network delay (ideal)
                          0.25    0.25   clock uncertainty
                          0.00    0.25   clock reconvergence pessimism
                                  0.25 ^ _143_/CLK (sky130_fd_sc_hd__dfxtp_2)
                         -0.01    0.24   library hold time
                                  0.24   data required time
-----------------------------------------------------------------------------
                                  0.24   data required time
                                 -0.44   data arrival time
-----------------------------------------------------------------------------
                                  0.21   slack (MET)


Startpoint: _139_ (rising edge-triggered flip-flop clocked by clk)
Endpoint: _139_ (rising edge-triggered flip-flop clocked by clk)
Path Group: clk
Path Type: min

Fanout     Cap    Slew   Delay    Time   Description
-----------------------------------------------------------------------------
                  0.15    0.00    0.00   clock clk (rise edge)
                          0.00    0.00   clock network delay (ideal)
                  0.15    0.00    0.00 ^ _139_/CLK (sky130_fd_sc_hd__dfxtp_2)
     6    0.02    0.07    0.37    0.37 v _139_/Q (sky130_fd_sc_hd__dfxtp_2)
                                         U7.digit_counter[0] (net)
                  0.07    0.00    0.37 v _107_/A (sky130_fd_sc_hd__inv_2)
     4    0.01    0.06    0.07    0.44 ^ _107_/Y (sky130_fd_sc_hd__inv_2)
                                         _011_ (net)
                  0.06    0.00    0.44 ^ _139_/D (sky130_fd_sc_hd__dfxtp_2)
                                  0.44   data arrival time

                  0.15    0.00    0.00   clock clk (rise edge)
                          0.00    0.00   clock network delay (ideal)
                          0.25    0.25   clock uncertainty
                          0.00    0.25   clock reconvergence pessimism
                                  0.25 ^ _139_/CLK (sky130_fd_sc_hd__dfxtp_2)
                         -0.02    0.23   library hold time
                                  0.23   data required time
-----------------------------------------------------------------------------
                                  0.23   data required time
                                 -0.44   data arrival time
-----------------------------------------------------------------------------
                                  0.21   slack (MET)


Startpoint: _141_ (rising edge-triggered flip-flop clocked by clk)
Endpoint: _141_ (rising edge-triggered flip-flop clocked by clk)
Path Group: clk
Path Type: min

Fanout     Cap    Slew   Delay    Time   Description
-----------------------------------------------------------------------------
                  0.15    0.00    0.00   clock clk (rise edge)
                          0.00    0.00   clock network delay (ideal)
                  0.15    0.00    0.00 ^ _141_/CLK (sky130_fd_sc_hd__dfxtp_2)
     5    0.02    0.10    0.38    0.38 ^ _141_/Q (sky130_fd_sc_hd__dfxtp_2)
                                         U7.digit_counter[2] (net)
                  0.10    0.00    0.38 ^ _111_/B1 (sky130_fd_sc_hd__a21oi_2)
     1    0.00    0.03    0.04    0.42 v _111_/Y (sky130_fd_sc_hd__a21oi_2)
                                         _059_ (net)
                  0.03    0.00    0.42 v _112_/B (sky130_fd_sc_hd__nor2_2)
     1    0.00    0.05    0.06    0.47 ^ _112_/Y (sky130_fd_sc_hd__nor2_2)
                                         _013_ (net)
                  0.05    0.00    0.47 ^ _141_/D (sky130_fd_sc_hd__dfxtp_2)
                                  0.47   data arrival time

                  0.15    0.00    0.00   clock clk (rise edge)
                          0.00    0.00   clock network delay (ideal)
                          0.25    0.25   clock uncertainty
                          0.00    0.25   clock reconvergence pessimism
                                  0.25 ^ _141_/CLK (sky130_fd_sc_hd__dfxtp_2)
                         -0.02    0.23   library hold time
                                  0.23   data required time
-----------------------------------------------------------------------------
                                  0.23   data required time
                                 -0.47   data arrival time
-----------------------------------------------------------------------------
                                  0.24   slack (MET)


Startpoint: _136_ (rising edge-triggered flip-flop clocked by clk)
Endpoint: _136_ (rising edge-triggered flip-flop clocked by clk)
Path Group: clk
Path Type: min

Fanout     Cap    Slew   Delay    Time   Description
-----------------------------------------------------------------------------
                  0.15    0.00    0.00   clock clk (rise edge)
                          0.00    0.00   clock network delay (ideal)
                  0.15    0.00    0.00 ^ _136_/CLK (sky130_fd_sc_hd__dfxtp_2)
     4    0.01    0.05    0.35    0.35 v _136_/Q (sky130_fd_sc_hd__dfxtp_2)
                                         U7.current_digit[1] (net)
                  0.05    0.00    0.35 v _065_/B (sky130_fd_sc_hd__nand2_2)
     6    0.02    0.10    0.10    0.45 ^ _065_/Y (sky130_fd_sc_hd__nand2_2)
                                         _026_ (net)
                  0.10    0.00    0.45 ^ _066_/A (sky130_fd_sc_hd__inv_2)
     1    0.00    0.02    0.03    0.48 v _066_/Y (sky130_fd_sc_hd__inv_2)
                                         _008_ (net)
                  0.02    0.00    0.48 v _136_/D (sky130_fd_sc_hd__dfxtp_2)
                                  0.48   data arrival time

                  0.15    0.00    0.00   clock clk (rise edge)
                          0.00    0.00   clock network delay (ideal)
                          0.25    0.25   clock uncertainty
                          0.00    0.25   clock reconvergence pessimism
                                  0.25 ^ _136_/CLK (sky130_fd_sc_hd__dfxtp_2)
                         -0.01    0.24   library hold time
                                  0.24   data required time
-----------------------------------------------------------------------------
                                  0.24   data required time
                                 -0.48   data arrival time
-----------------------------------------------------------------------------
                                  0.24   slack (MET)


Startpoint: _140_ (rising edge-triggered flip-flop clocked by clk)
Endpoint: _140_ (rising edge-triggered flip-flop clocked by clk)
Path Group: clk
Path Type: min

Fanout     Cap    Slew   Delay    Time   Description
-----------------------------------------------------------------------------
                  0.15    0.00    0.00   clock clk (rise edge)
                          0.00    0.00   clock network delay (ideal)
                  0.15    0.00    0.00 ^ _140_/CLK (sky130_fd_sc_hd__dfxtp_2)
     6    0.02    0.06    0.36    0.36 v _140_/Q (sky130_fd_sc_hd__dfxtp_2)
                                         U7.digit_counter[1] (net)
                  0.06    0.00    0.36 v _108_/A (sky130_fd_sc_hd__nand2_2)
     3    0.01    0.07    0.08    0.45 ^ _108_/Y (sky130_fd_sc_hd__nand2_2)
                                         _057_ (net)
                  0.07    0.00    0.45 ^ _109_/B (sky130_fd_sc_hd__nand2_2)
     1    0.00    0.02    0.04    0.49 v _109_/Y (sky130_fd_sc_hd__nand2_2)
                                         _012_ (net)
                  0.02    0.00    0.49 v _140_/D (sky130_fd_sc_hd__dfxtp_2)
                                  0.49   data arrival time

                  0.15    0.00    0.00   clock clk (rise edge)
                          0.00    0.00   clock network delay (ideal)
                          0.25    0.25   clock uncertainty
                          0.00    0.25   clock reconvergence pessimism
                                  0.25 ^ _140_/CLK (sky130_fd_sc_hd__dfxtp_2)
                         -0.01    0.24   library hold time
                                  0.24   data required time
-----------------------------------------------------------------------------
                                  0.24   data required time
                                 -0.49   data arrival time
-----------------------------------------------------------------------------
                                  0.25   slack (MET)


Startpoint: _142_ (rising edge-triggered flip-flop clocked by clk)
Endpoint: _137_ (rising edge-triggered flip-flop clocked by clk)
Path Group: clk
Path Type: min

Fanout     Cap    Slew   Delay    Time   Description
-----------------------------------------------------------------------------
                  0.15    0.00    0.00   clock clk (rise edge)
                          0.00    0.00   clock network delay (ideal)
                  0.15    0.00    0.00 ^ _142_/CLK (sky130_fd_sc_hd__dfxtp_2)
     4    0.01    0.04    0.35    0.35 v _142_/Q (sky130_fd_sc_hd__dfxtp_2)
                                         U7.digit_counter[3] (net)
                  0.04    0.00    0.35 v _070_/A (sky130_fd_sc_hd__nand2_2)
     5    0.02    0.10    0.10    0.44 ^ _070_/Y (sky130_fd_sc_hd__nand2_2)
                                         _029_ (net)
                  0.10    0.00    0.44 ^ _071_/A (sky130_fd_sc_hd__inv_2)
     4    0.01    0.04    0.05    0.49 v _071_/Y (sky130_fd_sc_hd__inv_2)
                                         _009_ (net)
                  0.04    0.00    0.49 v _137_/D (sky130_fd_sc_hd__dfxtp_2)
                                  0.49   data arrival time

                  0.15    0.00    0.00   clock clk (rise edge)
                          0.00    0.00   clock network delay (ideal)
                          0.25    0.25   clock uncertainty
                          0.00    0.25   clock reconvergence pessimism
                                  0.25 ^ _137_/CLK (sky130_fd_sc_hd__dfxtp_2)
                         -0.02    0.23   library hold time
                                  0.23   data required time
-----------------------------------------------------------------------------
                                  0.23   data required time
                                 -0.49   data arrival time
-----------------------------------------------------------------------------
                                  0.26   slack (MET)


Startpoint: _135_ (rising edge-triggered flip-flop clocked by clk)
Endpoint: _135_ (rising edge-triggered flip-flop clocked by clk)
Path Group: clk
Path Type: min

Fanout     Cap    Slew   Delay    Time   Description
-----------------------------------------------------------------------------
                  0.15    0.00    0.00   clock clk (rise edge)
                          0.00    0.00   clock network delay (ideal)
                  0.15    0.00    0.00 ^ _135_/CLK (sky130_fd_sc_hd__dfxtp_2)
     3    0.01    0.03    0.34    0.34 v _135_/Q (sky130_fd_sc_hd__dfxtp_2)
                                         U7.current_digit[0] (net)
                  0.03    0.00    0.34 v _068_/B (sky130_fd_sc_hd__nand2_2)
     2    0.01    0.05    0.06    0.40 ^ _068_/Y (sky130_fd_sc_hd__nand2_2)
                                         _028_ (net)
                  0.05    0.00    0.40 ^ _069_/B1 (sky130_fd_sc_hd__o21ai_2)
     8    0.02    0.08    0.08    0.48 v _069_/Y (sky130_fd_sc_hd__o21ai_2)
                                         _007_ (net)
                  0.08    0.00    0.48 v _135_/D (sky130_fd_sc_hd__dfxtp_2)
                                  0.48   data arrival time

                  0.15    0.00    0.00   clock clk (rise edge)
                          0.00    0.00   clock network delay (ideal)
                          0.25    0.25   clock uncertainty
                          0.00    0.25   clock reconvergence pessimism
                                  0.25 ^ _135_/CLK (sky130_fd_sc_hd__dfxtp_2)
                         -0.04    0.21   library hold time
                                  0.21   data required time
-----------------------------------------------------------------------------
                                  0.21   data required time
                                 -0.48   data arrival time
-----------------------------------------------------------------------------
                                  0.27   slack (MET)


Startpoint: _138_ (rising edge-triggered flip-flop clocked by clk)
Endpoint: _132_ (rising edge-triggered flip-flop clocked by clk)
Path Group: clk
Path Type: min

Fanout     Cap    Slew   Delay    Time   Description
-----------------------------------------------------------------------------
                  0.15    0.00    0.00   clock clk (rise edge)
                          0.00    0.00   clock network delay (ideal)
                  0.15    0.00    0.00 ^ _138_/CLK (sky130_fd_sc_hd__dfxtp_2)
     3    0.01    0.04    0.34    0.34 v _138_/Q (sky130_fd_sc_hd__dfxtp_2)
                                         U7.current_digit[3] (net)
                  0.04    0.00    0.34 v _072_/B (sky130_fd_sc_hd__nand2_2)
     6    0.02    0.13    0.11    0.45 ^ _072_/Y (sky130_fd_sc_hd__nand2_2)
                                         _030_ (net)
                  0.13    0.00    0.45 ^ _099_/A1 (sky130_fd_sc_hd__a21oi_2)
     1    0.00    0.02    0.06    0.51 v _099_/Y (sky130_fd_sc_hd__a21oi_2)
                                         _004_ (net)
                  0.02    0.00    0.51 v _132_/D (sky130_fd_sc_hd__dfxtp_2)
                                  0.51   data arrival time

                  0.15    0.00    0.00   clock clk (rise edge)
                          0.00    0.00   clock network delay (ideal)
                          0.25    0.25   clock uncertainty
                          0.00    0.25   clock reconvergence pessimism
                                  0.25 ^ _132_/CLK (sky130_fd_sc_hd__dfxtp_2)
                         -0.01    0.24   library hold time
                                  0.24   data required time
-----------------------------------------------------------------------------
                                  0.24   data required time
                                 -0.51   data arrival time
-----------------------------------------------------------------------------
                                  0.27   slack (MET)


Startpoint: _149_ (rising edge-triggered flip-flop clocked by clk)
Endpoint: _149_ (rising edge-triggered flip-flop clocked by clk)
Path Group: clk
Path Type: min

Fanout     Cap    Slew   Delay    Time   Description
-----------------------------------------------------------------------------
                  0.15    0.00    0.00   clock clk (rise edge)
                          0.00    0.00   clock network delay (ideal)
                  0.15    0.00    0.00 ^ _149_/CLK (sky130_fd_sc_hd__dfxtp_2)
     2    0.04    0.10    0.39    0.39 v _149_/Q (sky130_fd_sc_hd__dfxtp_2)
                                         an[7] (net)
                  0.10    0.00    0.39 v _124_/B (sky130_fd_sc_hd__nand2_2)
     1    0.00    0.05    0.08    0.48 ^ _124_/Y (sky130_fd_sc_hd__nand2_2)
                                         _024_ (net)
                  0.05    0.00    0.48 ^ _125_/B1 (sky130_fd_sc_hd__o21ai_2)
     1    0.00    0.03    0.04    0.52 v _125_/Y (sky130_fd_sc_hd__o21ai_2)
                                         _021_ (net)
                  0.03    0.00    0.52 v _149_/D (sky130_fd_sc_hd__dfxtp_2)
                                  0.52   data arrival time

                  0.15    0.00    0.00   clock clk (rise edge)
                          0.00    0.00   clock network delay (ideal)
                          0.25    0.25   clock uncertainty
                          0.00    0.25   clock reconvergence pessimism
                                  0.25 ^ _149_/CLK (sky130_fd_sc_hd__dfxtp_2)
                         -0.02    0.23   library hold time
                                  0.23   data required time
-----------------------------------------------------------------------------
                                  0.23   data required time
                                 -0.52   data arrival time
-----------------------------------------------------------------------------
                                  0.28   slack (MET)


Startpoint: _136_ (rising edge-triggered flip-flop clocked by clk)
Endpoint: _128_ (rising edge-triggered flip-flop clocked by clk)
Path Group: clk
Path Type: min

Fanout     Cap    Slew   Delay    Time   Description
-----------------------------------------------------------------------------
                  0.15    0.00    0.00   clock clk (rise edge)
                          0.00    0.00   clock network delay (ideal)
                  0.15    0.00    0.00 ^ _136_/CLK (sky130_fd_sc_hd__dfxtp_2)
     4    0.02    0.09    0.37    0.37 ^ _136_/Q (sky130_fd_sc_hd__dfxtp_2)
                                         U7.current_digit[1] (net)
                  0.09    0.00    0.37 ^ _079_/A (sky130_fd_sc_hd__nor3_2)
     3    0.01    0.04    0.06    0.43 v _079_/Y (sky130_fd_sc_hd__nor3_2)
                                         _036_ (net)
                  0.04    0.00    0.43 v _081_/B (sky130_fd_sc_hd__nand2_2)
     1    0.00    0.04    0.06    0.49 ^ _081_/Y (sky130_fd_sc_hd__nand2_2)
                                         _038_ (net)
                  0.04    0.00    0.49 ^ _082_/B1 (sky130_fd_sc_hd__o21ai_2)
     1    0.00    0.02    0.04    0.52 v _082_/Y (sky130_fd_sc_hd__o21ai_2)
                                         _000_ (net)
                  0.02    0.00    0.52 v _128_/D (sky130_fd_sc_hd__dfxtp_2)
                                  0.52   data arrival time

                  0.15    0.00    0.00   clock clk (rise edge)
                          0.00    0.00   clock network delay (ideal)
                          0.25    0.25   clock uncertainty
                          0.00    0.25   clock reconvergence pessimism
                                  0.25 ^ _128_/CLK (sky130_fd_sc_hd__dfxtp_2)
                         -0.01    0.24   library hold time
                                  0.24   data required time
-----------------------------------------------------------------------------
                                  0.24   data required time
                                 -0.52   data arrival time
-----------------------------------------------------------------------------
                                  0.29   slack (MET)


Startpoint: _137_ (rising edge-triggered flip-flop clocked by clk)
Endpoint: _131_ (rising edge-triggered flip-flop clocked by clk)
Path Group: clk
Path Type: min

Fanout     Cap    Slew   Delay    Time   Description
-----------------------------------------------------------------------------
                  0.15    0.00    0.00   clock clk (rise edge)
                          0.00    0.00   clock network delay (ideal)
                  0.15    0.00    0.00 ^ _137_/CLK (sky130_fd_sc_hd__dfxtp_2)
     4    0.02    0.05    0.35    0.35 v _137_/Q (sky130_fd_sc_hd__dfxtp_2)
                                         U7.current_digit[2] (net)
                  0.05    0.00    0.35 v _092_/A1 (sky130_fd_sc_hd__a21oi_2)
     1    0.01    0.10    0.12    0.47 ^ _092_/Y (sky130_fd_sc_hd__a21oi_2)
                                         _046_ (net)
                  0.10    0.00    0.47 ^ _095_/A2 (sky130_fd_sc_hd__a21oi_2)
     1    0.00    0.03    0.06    0.53 v _095_/Y (sky130_fd_sc_hd__a21oi_2)
                                         _003_ (net)
                  0.03    0.00    0.53 v _131_/D (sky130_fd_sc_hd__dfxtp_2)
                                  0.53   data arrival time

                  0.15    0.00    0.00   clock clk (rise edge)
                          0.00    0.00   clock network delay (ideal)
                          0.25    0.25   clock uncertainty
                          0.00    0.25   clock reconvergence pessimism
                                  0.25 ^ _131_/CLK (sky130_fd_sc_hd__dfxtp_2)
                         -0.02    0.23   library hold time
                                  0.23   data required time
-----------------------------------------------------------------------------
                                  0.23   data required time
                                 -0.53   data arrival time
-----------------------------------------------------------------------------
                                  0.29   slack (MET)


Startpoint: _141_ (rising edge-triggered flip-flop clocked by clk)
Endpoint: _148_ (rising edge-triggered flip-flop clocked by clk)
Path Group: clk
Path Type: min

Fanout     Cap    Slew   Delay    Time   Description
-----------------------------------------------------------------------------
                  0.15    0.00    0.00   clock clk (rise edge)
                          0.00    0.00   clock network delay (ideal)
                  0.15    0.00    0.00 ^ _141_/CLK (sky130_fd_sc_hd__dfxtp_2)
     5    0.02    0.05    0.35    0.35 v _141_/Q (sky130_fd_sc_hd__dfxtp_2)
                                         U7.digit_counter[2] (net)
                  0.05    0.00    0.35 v _121_/B (sky130_fd_sc_hd__nand2_2)
     3    0.01    0.06    0.07    0.43 ^ _121_/Y (sky130_fd_sc_hd__nand2_2)
                                         _063_ (net)
                  0.06    0.00    0.43 ^ _123_/B2 (sky130_fd_sc_hd__o22a_2)
     1    0.00    0.03    0.11    0.53 ^ _123_/X (sky130_fd_sc_hd__o22a_2)
                                         _020_ (net)
                  0.03    0.00    0.53 ^ _148_/D (sky130_fd_sc_hd__dfxtp_2)
                                  0.53   data arrival time

                  0.15    0.00    0.00   clock clk (rise edge)
                          0.00    0.00   clock network delay (ideal)
                          0.25    0.25   clock uncertainty
                          0.00    0.25   clock reconvergence pessimism
                                  0.25 ^ _148_/CLK (sky130_fd_sc_hd__dfxtp_2)
                         -0.01    0.24   library hold time
                                  0.24   data required time
-----------------------------------------------------------------------------
                                  0.24   data required time
                                 -0.53   data arrival time
-----------------------------------------------------------------------------
                                  0.30   slack (MET)


Startpoint: _141_ (rising edge-triggered flip-flop clocked by clk)
Endpoint: _150_ (rising edge-triggered flip-flop clocked by clk)
Path Group: clk
Path Type: min

Fanout     Cap    Slew   Delay    Time   Description
-----------------------------------------------------------------------------
                  0.15    0.00    0.00   clock clk (rise edge)
                          0.00    0.00   clock network delay (ideal)
                  0.15    0.00    0.00 ^ _141_/CLK (sky130_fd_sc_hd__dfxtp_2)
     5    0.02    0.05    0.35    0.35 v _141_/Q (sky130_fd_sc_hd__dfxtp_2)
                                         U7.digit_counter[2] (net)
                  0.05    0.00    0.35 v _121_/B (sky130_fd_sc_hd__nand2_2)
     3    0.01    0.06    0.07    0.43 ^ _121_/Y (sky130_fd_sc_hd__nand2_2)
                                         _063_ (net)
                  0.06    0.00    0.43 ^ _126_/B2 (sky130_fd_sc_hd__o22a_2)
     1    0.00    0.03    0.11    0.53 ^ _126_/X (sky130_fd_sc_hd__o22a_2)
                                         _022_ (net)
                  0.03    0.00    0.53 ^ _150_/D (sky130_fd_sc_hd__dfxtp_2)
                                  0.53   data arrival time

                  0.15    0.00    0.00   clock clk (rise edge)
                          0.00    0.00   clock network delay (ideal)
                          0.25    0.25   clock uncertainty
                          0.00    0.25   clock reconvergence pessimism
                                  0.25 ^ _150_/CLK (sky130_fd_sc_hd__dfxtp_2)
                         -0.01    0.24   library hold time
                                  0.24   data required time
-----------------------------------------------------------------------------
                                  0.24   data required time
                                 -0.53   data arrival time
-----------------------------------------------------------------------------
                                  0.30   slack (MET)


Startpoint: _141_ (rising edge-triggered flip-flop clocked by clk)
Endpoint: _147_ (rising edge-triggered flip-flop clocked by clk)
Path Group: clk
Path Type: min

Fanout     Cap    Slew   Delay    Time   Description
-----------------------------------------------------------------------------
                  0.15    0.00    0.00   clock clk (rise edge)
                          0.00    0.00   clock network delay (ideal)
                  0.15    0.00    0.00 ^ _141_/CLK (sky130_fd_sc_hd__dfxtp_2)
     5    0.02    0.05    0.35    0.35 v _141_/Q (sky130_fd_sc_hd__dfxtp_2)
                                         U7.digit_counter[2] (net)
                  0.05    0.00    0.35 v _121_/B (sky130_fd_sc_hd__nand2_2)
     3    0.01    0.06    0.07    0.43 ^ _121_/Y (sky130_fd_sc_hd__nand2_2)
                                         _063_ (net)
                  0.06    0.00    0.43 ^ _122_/A3 (sky130_fd_sc_hd__o32a_2)
     1    0.00    0.03    0.12    0.54 ^ _122_/X (sky130_fd_sc_hd__o32a_2)
                                         _019_ (net)
                  0.03    0.00    0.54 ^ _147_/D (sky130_fd_sc_hd__dfxtp_2)
                                  0.54   data arrival time

                  0.15    0.00    0.00   clock clk (rise edge)
                          0.00    0.00   clock network delay (ideal)
                          0.25    0.25   clock uncertainty
                          0.00    0.25   clock reconvergence pessimism
                                  0.25 ^ _147_/CLK (sky130_fd_sc_hd__dfxtp_2)
                         -0.01    0.24   library hold time
                                  0.24   data required time
-----------------------------------------------------------------------------
                                  0.24   data required time
                                 -0.54   data arrival time
-----------------------------------------------------------------------------
                                  0.31   slack (MET)


Startpoint: _138_ (rising edge-triggered flip-flop clocked by clk)
Endpoint: _138_ (rising edge-triggered flip-flop clocked by clk)
Path Group: clk
Path Type: min

Fanout     Cap    Slew   Delay    Time   Description
-----------------------------------------------------------------------------
                  0.15    0.00    0.00   clock clk (rise edge)
                          0.00    0.00   clock network delay (ideal)
                  0.15    0.00    0.00 ^ _138_/CLK (sky130_fd_sc_hd__dfxtp_2)
     3    0.01    0.04    0.34    0.34 v _138_/Q (sky130_fd_sc_hd__dfxtp_2)
                                         U7.current_digit[3] (net)
                  0.04    0.00    0.34 v _072_/B (sky130_fd_sc_hd__nand2_2)
     6    0.02    0.13    0.11    0.45 ^ _072_/Y (sky130_fd_sc_hd__nand2_2)
                                         _030_ (net)
                  0.13    0.00    0.45 ^ _073_/A (sky130_fd_sc_hd__inv_2)
     6    0.02    0.06    0.08    0.53 v _073_/Y (sky130_fd_sc_hd__inv_2)
                                         _010_ (net)
                  0.06    0.00    0.53 v _138_/D (sky130_fd_sc_hd__dfxtp_2)
                                  0.53   data arrival time

                  0.15    0.00    0.00   clock clk (rise edge)
                          0.00    0.00   clock network delay (ideal)
                          0.25    0.25   clock uncertainty
                          0.00    0.25   clock reconvergence pessimism
                                  0.25 ^ _138_/CLK (sky130_fd_sc_hd__dfxtp_2)
                         -0.03    0.22   library hold time
                                  0.22   data required time
-----------------------------------------------------------------------------
                                  0.22   data required time
                                 -0.53   data arrival time
-----------------------------------------------------------------------------
                                  0.31   slack (MET)


Startpoint: _140_ (rising edge-triggered flip-flop clocked by clk)
Endpoint: _151_ (rising edge-triggered flip-flop clocked by clk)
Path Group: clk
Path Type: min

Fanout     Cap    Slew   Delay    Time   Description
-----------------------------------------------------------------------------
                  0.15    0.00    0.00   clock clk (rise edge)
                          0.00    0.00   clock network delay (ideal)
                  0.15    0.00    0.00 ^ _140_/CLK (sky130_fd_sc_hd__dfxtp_2)
     6    0.02    0.06    0.36    0.36 v _140_/Q (sky130_fd_sc_hd__dfxtp_2)
                                         U7.digit_counter[1] (net)
                  0.06    0.00    0.36 v _105_/A (sky130_fd_sc_hd__inv_2)
     3    0.01    0.05    0.06    0.43 ^ _105_/Y (sky130_fd_sc_hd__inv_2)
                                         _055_ (net)
                  0.05    0.00    0.43 ^ _127_/A1 (sky130_fd_sc_hd__o32a_2)
     1    0.00    0.03    0.13    0.56 ^ _127_/X (sky130_fd_sc_hd__o32a_2)
                                         _023_ (net)
                  0.03    0.00    0.56 ^ _151_/D (sky130_fd_sc_hd__dfxtp_2)
                                  0.56   data arrival time

                  0.15    0.00    0.00   clock clk (rise edge)
                          0.00    0.00   clock network delay (ideal)
                          0.25    0.25   clock uncertainty
                          0.00    0.25   clock reconvergence pessimism
                                  0.25 ^ _151_/CLK (sky130_fd_sc_hd__dfxtp_2)
                         -0.01    0.24   library hold time
                                  0.24   data required time
-----------------------------------------------------------------------------
                                  0.24   data required time
                                 -0.56   data arrival time
-----------------------------------------------------------------------------
                                  0.32   slack (MET)


Startpoint: _140_ (rising edge-triggered flip-flop clocked by clk)
Endpoint: _145_ (rising edge-triggered flip-flop clocked by clk)
Path Group: clk
Path Type: min

Fanout     Cap    Slew   Delay    Time   Description
-----------------------------------------------------------------------------
                  0.15    0.00    0.00   clock clk (rise edge)
                          0.00    0.00   clock network delay (ideal)
                  0.15    0.00    0.00 ^ _140_/CLK (sky130_fd_sc_hd__dfxtp_2)
     6    0.02    0.06    0.36    0.36 v _140_/Q (sky130_fd_sc_hd__dfxtp_2)
                                         U7.digit_counter[1] (net)
                  0.06    0.00    0.36 v _108_/A (sky130_fd_sc_hd__nand2_2)
     3    0.01    0.07    0.08    0.45 ^ _108_/Y (sky130_fd_sc_hd__nand2_2)
                                         _057_ (net)
                  0.07    0.00    0.45 ^ _119_/B1 (sky130_fd_sc_hd__o22a_2)
     1    0.00    0.03    0.12    0.57 ^ _119_/X (sky130_fd_sc_hd__o22a_2)
                                         _017_ (net)
                  0.03    0.00    0.57 ^ _145_/D (sky130_fd_sc_hd__dfxtp_2)
                                  0.57   data arrival time

                  0.15    0.00    0.00   clock clk (rise edge)
                          0.00    0.00   clock network delay (ideal)
                          0.25    0.25   clock uncertainty
                          0.00    0.25   clock reconvergence pessimism
                                  0.25 ^ _145_/CLK (sky130_fd_sc_hd__dfxtp_2)
                         -0.01    0.24   library hold time
                                  0.24   data required time
-----------------------------------------------------------------------------
                                  0.24   data required time
                                 -0.57   data arrival time
-----------------------------------------------------------------------------
                                  0.33   slack (MET)


Startpoint: _146_ (rising edge-triggered flip-flop clocked by clk)
Endpoint: _146_ (rising edge-triggered flip-flop clocked by clk)
Path Group: clk
Path Type: min

Fanout     Cap    Slew   Delay    Time   Description
-----------------------------------------------------------------------------
                  0.15    0.00    0.00   clock clk (rise edge)
                          0.00    0.00   clock network delay (ideal)
                  0.15    0.00    0.00 ^ _146_/CLK (sky130_fd_sc_hd__dfxtp_2)
     2    0.04    0.19    0.44    0.44 ^ _146_/Q (sky130_fd_sc_hd__dfxtp_2)
                                         an[0] (net)
                  0.19    0.00    0.44 ^ _120_/A2 (sky130_fd_sc_hd__o21ba_2)
     1    0.00    0.03    0.14    0.58 ^ _120_/X (sky130_fd_sc_hd__o21ba_2)
                                         _018_ (net)
                  0.03    0.00    0.58 ^ _146_/D (sky130_fd_sc_hd__dfxtp_2)
                                  0.58   data arrival time

                  0.15    0.00    0.00   clock clk (rise edge)
                          0.00    0.00   clock network delay (ideal)
                          0.25    0.25   clock uncertainty
                          0.00    0.25   clock reconvergence pessimism
                                  0.25 ^ _146_/CLK (sky130_fd_sc_hd__dfxtp_2)
                         -0.01    0.24   library hold time
                                  0.24   data required time
-----------------------------------------------------------------------------
                                  0.24   data required time
                                 -0.58   data arrival time
-----------------------------------------------------------------------------
                                  0.34   slack (MET)


Startpoint: _139_ (rising edge-triggered flip-flop clocked by clk)
Endpoint: _144_ (rising edge-triggered flip-flop clocked by clk)
Path Group: clk
Path Type: min

Fanout     Cap    Slew   Delay    Time   Description
-----------------------------------------------------------------------------
                  0.15    0.00    0.00   clock clk (rise edge)
                          0.00    0.00   clock network delay (ideal)
                  0.15    0.00    0.00 ^ _139_/CLK (sky130_fd_sc_hd__dfxtp_2)
     6    0.02    0.07    0.37    0.37 v _139_/Q (sky130_fd_sc_hd__dfxtp_2)
                                         U7.digit_counter[0] (net)
                  0.07    0.00    0.37 v _106_/B (sky130_fd_sc_hd__nand2_2)
     3    0.01    0.07    0.09    0.46 ^ _106_/Y (sky130_fd_sc_hd__nand2_2)
                                         _056_ (net)
                  0.07    0.00    0.46 ^ _118_/B1 (sky130_fd_sc_hd__o22a_2)
     1    0.00    0.03    0.12    0.58 ^ _118_/X (sky130_fd_sc_hd__o22a_2)
                                         _016_ (net)
                  0.03    0.00    0.58 ^ _144_/D (sky130_fd_sc_hd__dfxtp_2)
                                  0.58   data arrival time

                  0.15    0.00    0.00   clock clk (rise edge)
                          0.00    0.00   clock network delay (ideal)
                          0.25    0.25   clock uncertainty
                          0.00    0.25   clock reconvergence pessimism
                                  0.25 ^ _144_/CLK (sky130_fd_sc_hd__dfxtp_2)
                         -0.01    0.24   library hold time
                                  0.24   data required time
-----------------------------------------------------------------------------
                                  0.24   data required time
                                 -0.58   data arrival time
-----------------------------------------------------------------------------
                                  0.34   slack (MET)


Startpoint: _138_ (rising edge-triggered flip-flop clocked by clk)
Endpoint: _133_ (rising edge-triggered flip-flop clocked by clk)
Path Group: clk
Path Type: min

Fanout     Cap    Slew   Delay    Time   Description
-----------------------------------------------------------------------------
                  0.15    0.00    0.00   clock clk (rise edge)
                          0.00    0.00   clock network delay (ideal)
                  0.15    0.00    0.00 ^ _138_/CLK (sky130_fd_sc_hd__dfxtp_2)
     3    0.01    0.06    0.35    0.35 ^ _138_/Q (sky130_fd_sc_hd__dfxtp_2)
                                         U7.current_digit[3] (net)
                  0.06    0.00    0.35 ^ _100_/B2 (sky130_fd_sc_hd__o22a_2)
     1    0.00    0.03    0.11    0.46 ^ _100_/X (sky130_fd_sc_hd__o22a_2)
                                         _052_ (net)
                  0.03    0.00    0.46 ^ _101_/B1_N (sky130_fd_sc_hd__o21ba_2)
     1    0.00    0.02    0.13    0.59 v _101_/X (sky130_fd_sc_hd__o21ba_2)
                                         _005_ (net)
                  0.02    0.00    0.59 v _133_/D (sky130_fd_sc_hd__dfxtp_2)
                                  0.59   data arrival time

                  0.15    0.00    0.00   clock clk (rise edge)
                          0.00    0.00   clock network delay (ideal)
                          0.25    0.25   clock uncertainty
                          0.00    0.25   clock reconvergence pessimism
                                  0.25 ^ _133_/CLK (sky130_fd_sc_hd__dfxtp_2)
                         -0.01    0.24   library hold time
                                  0.24   data required time
-----------------------------------------------------------------------------
                                  0.24   data required time
                                 -0.59   data arrival time
-----------------------------------------------------------------------------
                                  0.35   slack (MET)


Startpoint: _138_ (rising edge-triggered flip-flop clocked by clk)
Endpoint: _134_ (rising edge-triggered flip-flop clocked by clk)
Path Group: clk
Path Type: min

Fanout     Cap    Slew   Delay    Time   Description
-----------------------------------------------------------------------------
                  0.15    0.00    0.00   clock clk (rise edge)
                          0.00    0.00   clock network delay (ideal)
                  0.15    0.00    0.00 ^ _138_/CLK (sky130_fd_sc_hd__dfxtp_2)
     3    0.01    0.04    0.34    0.34 v _138_/Q (sky130_fd_sc_hd__dfxtp_2)
                                         U7.current_digit[3] (net)
                  0.04    0.00    0.34 v _072_/B (sky130_fd_sc_hd__nand2_2)
     6    0.02    0.13    0.11    0.45 ^ _072_/Y (sky130_fd_sc_hd__nand2_2)
                                         _030_ (net)
                  0.13    0.00    0.45 ^ _104_/A1 (sky130_fd_sc_hd__a22o_2)
     1    0.00    0.03    0.14    0.60 ^ _104_/X (sky130_fd_sc_hd__a22o_2)
                                         _006_ (net)
                  0.03    0.00    0.60 ^ _134_/D (sky130_fd_sc_hd__dfxtp_2)
                                  0.60   data arrival time

                  0.15    0.00    0.00   clock clk (rise edge)
                          0.00    0.00   clock network delay (ideal)
                          0.25    0.25   clock uncertainty
                          0.00    0.25   clock reconvergence pessimism
                                  0.25 ^ _134_/CLK (sky130_fd_sc_hd__dfxtp_2)
                         -0.01    0.24   library hold time
                                  0.24   data required time
-----------------------------------------------------------------------------
                                  0.24   data required time
                                 -0.60   data arrival time
-----------------------------------------------------------------------------
                                  0.36   slack (MET)


Startpoint: _136_ (rising edge-triggered flip-flop clocked by clk)
Endpoint: _130_ (rising edge-triggered flip-flop clocked by clk)
Path Group: clk
Path Type: min

Fanout     Cap    Slew   Delay    Time   Description
-----------------------------------------------------------------------------
                  0.15    0.00    0.00   clock clk (rise edge)
                          0.00    0.00   clock network delay (ideal)
                  0.15    0.00    0.00 ^ _136_/CLK (sky130_fd_sc_hd__dfxtp_2)
     4    0.01    0.05    0.35    0.35 v _136_/Q (sky130_fd_sc_hd__dfxtp_2)
                                         U7.current_digit[1] (net)
                  0.05    0.00    0.35 v _087_/A1 (sky130_fd_sc_hd__o21bai_2)
     1    0.00    0.04    0.11    0.46 ^ _087_/Y (sky130_fd_sc_hd__o21bai_2)
                                         _042_ (net)
                  0.04    0.00    0.46 ^ _089_/A0 (sky130_fd_sc_hd__mux2_2)
     1    0.00    0.04    0.13    0.59 ^ _089_/X (sky130_fd_sc_hd__mux2_2)
                                         _044_ (net)
                  0.04    0.00    0.59 ^ _090_/A (sky130_fd_sc_hd__buf_1)
     1    0.00    0.04    0.07    0.66 ^ _090_/X (sky130_fd_sc_hd__buf_1)
                                         _002_ (net)
                  0.04    0.00    0.66 ^ _130_/D (sky130_fd_sc_hd__dfxtp_2)
                                  0.66   data arrival time

                  0.15    0.00    0.00   clock clk (rise edge)
                          0.00    0.00   clock network delay (ideal)
                          0.25    0.25   clock uncertainty
                          0.00    0.25   clock reconvergence pessimism
                                  0.25 ^ _130_/CLK (sky130_fd_sc_hd__dfxtp_2)
                         -0.02    0.23   library hold time
                                  0.23   data required time
-----------------------------------------------------------------------------
                                  0.23   data required time
                                 -0.66   data arrival time
-----------------------------------------------------------------------------
                                  0.42   slack (MET)


Startpoint: _138_ (rising edge-triggered flip-flop clocked by clk)
Endpoint: _129_ (rising edge-triggered flip-flop clocked by clk)
Path Group: clk
Path Type: min

Fanout     Cap    Slew   Delay    Time   Description
-----------------------------------------------------------------------------
                  0.15    0.00    0.00   clock clk (rise edge)
                          0.00    0.00   clock network delay (ideal)
                  0.15    0.00    0.00 ^ _138_/CLK (sky130_fd_sc_hd__dfxtp_2)
     3    0.01    0.04    0.34    0.34 v _138_/Q (sky130_fd_sc_hd__dfxtp_2)
                                         U7.current_digit[3] (net)
                  0.04    0.00    0.34 v _072_/B (sky130_fd_sc_hd__nand2_2)
     6    0.02    0.13    0.11    0.45 ^ _072_/Y (sky130_fd_sc_hd__nand2_2)
                                         _030_ (net)
                  0.13    0.00    0.45 ^ _085_/A1 (sky130_fd_sc_hd__mux2_2)
     1    0.00    0.04    0.15    0.61 ^ _085_/X (sky130_fd_sc_hd__mux2_2)
                                         _041_ (net)
                  0.04    0.00    0.61 ^ _086_/A (sky130_fd_sc_hd__buf_1)
     1    0.00    0.04    0.07    0.67 ^ _086_/X (sky130_fd_sc_hd__buf_1)
                                         _001_ (net)
                  0.04    0.00    0.67 ^ _129_/D (sky130_fd_sc_hd__dfxtp_2)
                                  0.67   data arrival time

                  0.15    0.00    0.00   clock clk (rise edge)
                          0.00    0.00   clock network delay (ideal)
                          0.25    0.25   clock uncertainty
                          0.00    0.25   clock reconvergence pessimism
                                  0.25 ^ _129_/CLK (sky130_fd_sc_hd__dfxtp_2)
                         -0.02    0.23   library hold time
                                  0.23   data required time
-----------------------------------------------------------------------------
                                  0.23   data required time
                                 -0.67   data arrival time
-----------------------------------------------------------------------------
                                  0.44   slack (MET)


Startpoint: _141_ (rising edge-triggered flip-flop clocked by clk)
Endpoint: _142_ (rising edge-triggered flip-flop clocked by clk)
Path Group: clk
Path Type: min

Fanout     Cap    Slew   Delay    Time   Description
-----------------------------------------------------------------------------
                  0.15    0.00    0.00   clock clk (rise edge)
                          0.00    0.00   clock network delay (ideal)
                  0.15    0.00    0.00 ^ _141_/CLK (sky130_fd_sc_hd__dfxtp_2)
     5    0.02    0.10    0.38    0.38 ^ _141_/Q (sky130_fd_sc_hd__dfxtp_2)
                                         U7.digit_counter[2] (net)
                  0.10    0.00    0.38 ^ _110_/C (sky130_fd_sc_hd__and3_2)
     3    0.02    0.11    0.24    0.61 ^ _110_/X (sky130_fd_sc_hd__and3_2)
                                         _058_ (net)
                  0.11    0.00    0.61 ^ _114_/B (sky130_fd_sc_hd__xnor2_2)
     1    0.00    0.03    0.06    0.67 v _114_/Y (sky130_fd_sc_hd__xnor2_2)
                                         _014_ (net)
                  0.03    0.00    0.67 v _142_/D (sky130_fd_sc_hd__dfxtp_2)
                                  0.67   data arrival time

                  0.15    0.00    0.00   clock clk (rise edge)
                          0.00    0.00   clock network delay (ideal)
                          0.25    0.25   clock uncertainty
                          0.00    0.25   clock reconvergence pessimism
                                  0.25 ^ _142_/CLK (sky130_fd_sc_hd__dfxtp_2)
                         -0.02    0.23   library hold time
                                  0.23   data required time
-----------------------------------------------------------------------------
                                  0.23   data required time
                                 -0.67   data arrival time
-----------------------------------------------------------------------------
                                  0.44   slack (MET)


Startpoint: _128_ (rising edge-triggered flip-flop clocked by clk)
Endpoint: cx[1] (output port clocked by clk)
Path Group: clk
Path Type: min

Fanout     Cap    Slew   Delay    Time   Description
-----------------------------------------------------------------------------
                  0.15    0.00    0.00   clock clk (rise edge)
                          0.00    0.00   clock network delay (ideal)
                  0.15    0.00    0.00 ^ _128_/CLK (sky130_fd_sc_hd__dfxtp_2)
     1    0.03    0.09    0.39    0.39 v _128_/Q (sky130_fd_sc_hd__dfxtp_2)
                                         cx[1] (net)
                  0.09    0.00    0.39 v cx[1] (out)
                                  0.39   data arrival time

                  0.15    0.00    0.00   clock clk (rise edge)
                          0.00    0.00   clock network delay (ideal)
                          0.25    0.25   clock uncertainty
                          0.00    0.25   clock reconvergence pessimism
                         -2.00   -1.75   output external delay
                                 -1.75   data required time
-----------------------------------------------------------------------------
                                 -1.75   data required time
                                 -0.39   data arrival time
-----------------------------------------------------------------------------
                                  2.14   slack (MET)


Startpoint: _131_ (rising edge-triggered flip-flop clocked by clk)
Endpoint: cx[4] (output port clocked by clk)
Path Group: clk
Path Type: min

Fanout     Cap    Slew   Delay    Time   Description
-----------------------------------------------------------------------------
                  0.15    0.00    0.00   clock clk (rise edge)
                          0.00    0.00   clock network delay (ideal)
                  0.15    0.00    0.00 ^ _131_/CLK (sky130_fd_sc_hd__dfxtp_2)
     1    0.03    0.09    0.39    0.39 v _131_/Q (sky130_fd_sc_hd__dfxtp_2)
                                         cx[4] (net)
                  0.09    0.00    0.39 v cx[4] (out)
                                  0.39   data arrival time

                  0.15    0.00    0.00   clock clk (rise edge)
                          0.00    0.00   clock network delay (ideal)
                          0.25    0.25   clock uncertainty
                          0.00    0.25   clock reconvergence pessimism
                         -2.00   -1.75   output external delay
                                 -1.75   data required time
-----------------------------------------------------------------------------
                                 -1.75   data required time
                                 -0.39   data arrival time
-----------------------------------------------------------------------------
                                  2.14   slack (MET)


Startpoint: _130_ (rising edge-triggered flip-flop clocked by clk)
Endpoint: cx[3] (output port clocked by clk)
Path Group: clk
Path Type: min

Fanout     Cap    Slew   Delay    Time   Description
-----------------------------------------------------------------------------
                  0.15    0.00    0.00   clock clk (rise edge)
                          0.00    0.00   clock network delay (ideal)
                  0.15    0.00    0.00 ^ _130_/CLK (sky130_fd_sc_hd__dfxtp_2)
     1    0.03    0.09    0.39    0.39 v _130_/Q (sky130_fd_sc_hd__dfxtp_2)
                                         cx[3] (net)
                  0.09    0.00    0.39 v cx[3] (out)
                                  0.39   data arrival time

                  0.15    0.00    0.00   clock clk (rise edge)
                          0.00    0.00   clock network delay (ideal)
                          0.25    0.25   clock uncertainty
                          0.00    0.25   clock reconvergence pessimism
                         -2.00   -1.75   output external delay
                                 -1.75   data required time
-----------------------------------------------------------------------------
                                 -1.75   data required time
                                 -0.39   data arrival time
-----------------------------------------------------------------------------
                                  2.14   slack (MET)


Startpoint: _129_ (rising edge-triggered flip-flop clocked by clk)
Endpoint: cx[2] (output port clocked by clk)
Path Group: clk
Path Type: min

Fanout     Cap    Slew   Delay    Time   Description
-----------------------------------------------------------------------------
                  0.15    0.00    0.00   clock clk (rise edge)
                          0.00    0.00   clock network delay (ideal)
                  0.15    0.00    0.00 ^ _129_/CLK (sky130_fd_sc_hd__dfxtp_2)
     1    0.03    0.09    0.39    0.39 v _129_/Q (sky130_fd_sc_hd__dfxtp_2)
                                         cx[2] (net)
                  0.09    0.00    0.39 v cx[2] (out)
                                  0.39   data arrival time

                  0.15    0.00    0.00   clock clk (rise edge)
                          0.00    0.00   clock network delay (ideal)
                          0.25    0.25   clock uncertainty
                          0.00    0.25   clock reconvergence pessimism
                         -2.00   -1.75   output external delay
                                 -1.75   data required time
-----------------------------------------------------------------------------
                                 -1.75   data required time
                                 -0.39   data arrival time
-----------------------------------------------------------------------------
                                  2.14   slack (MET)


Startpoint: _132_ (rising edge-triggered flip-flop clocked by clk)
Endpoint: cx[5] (output port clocked by clk)
Path Group: clk
Path Type: min

Fanout     Cap    Slew   Delay    Time   Description
-----------------------------------------------------------------------------
                  0.15    0.00    0.00   clock clk (rise edge)
                          0.00    0.00   clock network delay (ideal)
                  0.15    0.00    0.00 ^ _132_/CLK (sky130_fd_sc_hd__dfxtp_2)
     1    0.03    0.09    0.39    0.39 v _132_/Q (sky130_fd_sc_hd__dfxtp_2)
                                         cx[5] (net)
                  0.09    0.00    0.39 v cx[5] (out)
                                  0.39   data arrival time

                  0.15    0.00    0.00   clock clk (rise edge)
                          0.00    0.00   clock network delay (ideal)
                          0.25    0.25   clock uncertainty
                          0.00    0.25   clock reconvergence pessimism
                         -2.00   -1.75   output external delay
                                 -1.75   data required time
-----------------------------------------------------------------------------
                                 -1.75   data required time
                                 -0.39   data arrival time
-----------------------------------------------------------------------------
                                  2.14   slack (MET)


Startpoint: _133_ (rising edge-triggered flip-flop clocked by clk)
Endpoint: cx[6] (output port clocked by clk)
Path Group: clk
Path Type: min

Fanout     Cap    Slew   Delay    Time   Description
-----------------------------------------------------------------------------
                  0.15    0.00    0.00   clock clk (rise edge)
                          0.00    0.00   clock network delay (ideal)
                  0.15    0.00    0.00 ^ _133_/CLK (sky130_fd_sc_hd__dfxtp_2)
     1    0.03    0.09    0.39    0.39 v _133_/Q (sky130_fd_sc_hd__dfxtp_2)
                                         cx[6] (net)
                  0.09    0.00    0.39 v cx[6] (out)
                                  0.39   data arrival time

                  0.15    0.00    0.00   clock clk (rise edge)
                          0.00    0.00   clock network delay (ideal)
                          0.25    0.25   clock uncertainty
                          0.00    0.25   clock reconvergence pessimism
                         -2.00   -1.75   output external delay
                                 -1.75   data required time
-----------------------------------------------------------------------------
                                 -1.75   data required time
                                 -0.39   data arrival time
-----------------------------------------------------------------------------
                                  2.14   slack (MET)


Startpoint: _134_ (rising edge-triggered flip-flop clocked by clk)
Endpoint: cx[7] (output port clocked by clk)
Path Group: clk
Path Type: min

Fanout     Cap    Slew   Delay    Time   Description
-----------------------------------------------------------------------------
                  0.15    0.00    0.00   clock clk (rise edge)
                          0.00    0.00   clock network delay (ideal)
                  0.15    0.00    0.00 ^ _134_/CLK (sky130_fd_sc_hd__dfxtp_2)
     1    0.03    0.09    0.39    0.39 v _134_/Q (sky130_fd_sc_hd__dfxtp_2)
                                         cx[7] (net)
                  0.09    0.00    0.39 v cx[7] (out)
                                  0.39   data arrival time

                  0.15    0.00    0.00   clock clk (rise edge)
                          0.00    0.00   clock network delay (ideal)
                          0.25    0.25   clock uncertainty
                          0.00    0.25   clock reconvergence pessimism
                         -2.00   -1.75   output external delay
                                 -1.75   data required time
-----------------------------------------------------------------------------
                                 -1.75   data required time
                                 -0.39   data arrival time
-----------------------------------------------------------------------------
                                  2.14   slack (MET)


Startpoint: _148_ (rising edge-triggered flip-flop clocked by clk)
Endpoint: an[5] (output port clocked by clk)
Path Group: clk
Path Type: min

Fanout     Cap    Slew   Delay    Time   Description
-----------------------------------------------------------------------------
                  0.15    0.00    0.00   clock clk (rise edge)
                          0.00    0.00   clock network delay (ideal)
                  0.15    0.00    0.00 ^ _148_/CLK (sky130_fd_sc_hd__dfxtp_2)
     2    0.04    0.09    0.39    0.39 v _148_/Q (sky130_fd_sc_hd__dfxtp_2)
                                         an[5] (net)
                  0.09    0.00    0.39 v an[5] (out)
                                  0.39   data arrival time

                  0.15    0.00    0.00   clock clk (rise edge)
                          0.00    0.00   clock network delay (ideal)
                          0.25    0.25   clock uncertainty
                          0.00    0.25   clock reconvergence pessimism
                         -2.00   -1.75   output external delay
                                 -1.75   data required time
-----------------------------------------------------------------------------
                                 -1.75   data required time
                                 -0.39   data arrival time
-----------------------------------------------------------------------------
                                  2.14   slack (MET)


Startpoint: _150_ (rising edge-triggered flip-flop clocked by clk)
Endpoint: an[6] (output port clocked by clk)
Path Group: clk
Path Type: min

Fanout     Cap    Slew   Delay    Time   Description
-----------------------------------------------------------------------------
                  0.15    0.00    0.00   clock clk (rise edge)
                          0.00    0.00   clock network delay (ideal)
                  0.15    0.00    0.00 ^ _150_/CLK (sky130_fd_sc_hd__dfxtp_2)
     2    0.04    0.09    0.39    0.39 v _150_/Q (sky130_fd_sc_hd__dfxtp_2)
                                         an[6] (net)
                  0.09    0.00    0.39 v an[6] (out)
                                  0.39   data arrival time

                  0.15    0.00    0.00   clock clk (rise edge)
                          0.00    0.00   clock network delay (ideal)
                          0.25    0.25   clock uncertainty
                          0.00    0.25   clock reconvergence pessimism
                         -2.00   -1.75   output external delay
                                 -1.75   data required time
-----------------------------------------------------------------------------
                                 -1.75   data required time
                                 -0.39   data arrival time
-----------------------------------------------------------------------------
                                  2.14   slack (MET)


Startpoint: _145_ (rising edge-triggered flip-flop clocked by clk)
Endpoint: an[2] (output port clocked by clk)
Path Group: clk
Path Type: min

Fanout     Cap    Slew   Delay    Time   Description
-----------------------------------------------------------------------------
                  0.15    0.00    0.00   clock clk (rise edge)
                          0.00    0.00   clock network delay (ideal)
                  0.15    0.00    0.00 ^ _145_/CLK (sky130_fd_sc_hd__dfxtp_2)
     2    0.04    0.09    0.39    0.39 v _145_/Q (sky130_fd_sc_hd__dfxtp_2)
                                         an[2] (net)
                  0.09    0.00    0.39 v an[2] (out)
                                  0.39   data arrival time

                  0.15    0.00    0.00   clock clk (rise edge)
                          0.00    0.00   clock network delay (ideal)
                          0.25    0.25   clock uncertainty
                          0.00    0.25   clock reconvergence pessimism
                         -2.00   -1.75   output external delay
                                 -1.75   data required time
-----------------------------------------------------------------------------
                                 -1.75   data required time
                                 -0.39   data arrival time
-----------------------------------------------------------------------------
                                  2.14   slack (MET)


Startpoint: _144_ (rising edge-triggered flip-flop clocked by clk)
Endpoint: an[1] (output port clocked by clk)
Path Group: clk
Path Type: min

Fanout     Cap    Slew   Delay    Time   Description
-----------------------------------------------------------------------------
                  0.15    0.00    0.00   clock clk (rise edge)
                          0.00    0.00   clock network delay (ideal)
                  0.15    0.00    0.00 ^ _144_/CLK (sky130_fd_sc_hd__dfxtp_2)
     2    0.04    0.09    0.39    0.39 v _144_/Q (sky130_fd_sc_hd__dfxtp_2)
                                         an[1] (net)
                  0.09    0.00    0.39 v an[1] (out)
                                  0.39   data arrival time

                  0.15    0.00    0.00   clock clk (rise edge)
                          0.00    0.00   clock network delay (ideal)
                          0.25    0.25   clock uncertainty
                          0.00    0.25   clock reconvergence pessimism
                         -2.00   -1.75   output external delay
                                 -1.75   data required time
-----------------------------------------------------------------------------
                                 -1.75   data required time
                                 -0.39   data arrival time
-----------------------------------------------------------------------------
                                  2.14   slack (MET)


Startpoint: _147_ (rising edge-triggered flip-flop clocked by clk)
Endpoint: an[4] (output port clocked by clk)
Path Group: clk
Path Type: min

Fanout     Cap    Slew   Delay    Time   Description
-----------------------------------------------------------------------------
                  0.15    0.00    0.00   clock clk (rise edge)
                          0.00    0.00   clock network delay (ideal)
                  0.15    0.00    0.00 ^ _147_/CLK (sky130_fd_sc_hd__dfxtp_2)
     2    0.04    0.09    0.39    0.39 v _147_/Q (sky130_fd_sc_hd__dfxtp_2)
                                         an[4] (net)
                  0.09    0.00    0.39 v an[4] (out)
                                  0.39   data arrival time

                  0.15    0.00    0.00   clock clk (rise edge)
                          0.00    0.00   clock network delay (ideal)
                          0.25    0.25   clock uncertainty
                          0.00    0.25   clock reconvergence pessimism
                         -2.00   -1.75   output external delay
                                 -1.75   data required time
-----------------------------------------------------------------------------
                                 -1.75   data required time
                                 -0.39   data arrival time
-----------------------------------------------------------------------------
                                  2.14   slack (MET)


Startpoint: _146_ (rising edge-triggered flip-flop clocked by clk)
Endpoint: an[0] (output port clocked by clk)
Path Group: clk
Path Type: min

Fanout     Cap    Slew   Delay    Time   Description
-----------------------------------------------------------------------------
                  0.15    0.00    0.00   clock clk (rise edge)
                          0.00    0.00   clock network delay (ideal)
                  0.15    0.00    0.00 ^ _146_/CLK (sky130_fd_sc_hd__dfxtp_2)
     2    0.04    0.09    0.39    0.39 v _146_/Q (sky130_fd_sc_hd__dfxtp_2)
                                         an[0] (net)
                  0.09    0.00    0.39 v an[0] (out)
                                  0.39   data arrival time

                  0.15    0.00    0.00   clock clk (rise edge)
                          0.00    0.00   clock network delay (ideal)
                          0.25    0.25   clock uncertainty
                          0.00    0.25   clock reconvergence pessimism
                         -2.00   -1.75   output external delay
                                 -1.75   data required time
-----------------------------------------------------------------------------
                                 -1.75   data required time
                                 -0.39   data arrival time
-----------------------------------------------------------------------------
                                  2.14   slack (MET)


Startpoint: _151_ (rising edge-triggered flip-flop clocked by clk)
Endpoint: an[3] (output port clocked by clk)
Path Group: clk
Path Type: min

Fanout     Cap    Slew   Delay    Time   Description
-----------------------------------------------------------------------------
                  0.15    0.00    0.00   clock clk (rise edge)
                          0.00    0.00   clock network delay (ideal)
                  0.15    0.00    0.00 ^ _151_/CLK (sky130_fd_sc_hd__dfxtp_2)
     2    0.04    0.09    0.39    0.39 v _151_/Q (sky130_fd_sc_hd__dfxtp_2)
                                         an[3] (net)
                  0.09    0.00    0.39 v an[3] (out)
                                  0.39   data arrival time

                  0.15    0.00    0.00   clock clk (rise edge)
                          0.00    0.00   clock network delay (ideal)
                          0.25    0.25   clock uncertainty
                          0.00    0.25   clock reconvergence pessimism
                         -2.00   -1.75   output external delay
                                 -1.75   data required time
-----------------------------------------------------------------------------
                                 -1.75   data required time
                                 -0.39   data arrival time
-----------------------------------------------------------------------------
                                  2.14   slack (MET)


Startpoint: _149_ (rising edge-triggered flip-flop clocked by clk)
Endpoint: an[7] (output port clocked by clk)
Path Group: clk
Path Type: min

Fanout     Cap    Slew   Delay    Time   Description
-----------------------------------------------------------------------------
                  0.15    0.00    0.00   clock clk (rise edge)
                          0.00    0.00   clock network delay (ideal)
                  0.15    0.00    0.00 ^ _149_/CLK (sky130_fd_sc_hd__dfxtp_2)
     2    0.04    0.10    0.39    0.39 v _149_/Q (sky130_fd_sc_hd__dfxtp_2)
                                         an[7] (net)
                  0.10    0.00    0.39 v an[7] (out)
                                  0.39   data arrival time

                  0.15    0.00    0.00   clock clk (rise edge)
                          0.00    0.00   clock network delay (ideal)
                          0.25    0.25   clock uncertainty
                          0.00    0.25   clock reconvergence pessimism
                         -2.00   -1.75   output external delay
                                 -1.75   data required time
-----------------------------------------------------------------------------
                                 -1.75   data required time
                                 -0.39   data arrival time
-----------------------------------------------------------------------------
                                  2.14   slack (MET)



worst slack corner Typical: 0.2058
