
63. Printing statistics.

=== ALU ===

   Number of wires:                252
   Number of wire bits:            275
   Number of public wires:           4
   Number of public wire bits:      27
   Number of memories:               0
   Number of memory bits:            0
   Number of processes:              0
   Number of cells:                256
     sky130_fd_sc_hd__a2111oi_2      1
     sky130_fd_sc_hd__a211o_2        5
     sky130_fd_sc_hd__a211oi_2       2
     sky130_fd_sc_hd__a21bo_2        8
     sky130_fd_sc_hd__a21boi_2       1
     sky130_fd_sc_hd__a21o_2        20
     sky130_fd_sc_hd__a21oi_2       15
     sky130_fd_sc_hd__a22o_2         9
     sky130_fd_sc_hd__a22oi_2        4
     sky130_fd_sc_hd__a2bb2o_2       1
     sky130_fd_sc_hd__a311o_2        4
     sky130_fd_sc_hd__a31o_2        10
     sky130_fd_sc_hd__and2_2         8
     sky130_fd_sc_hd__and2b_2        5
     sky130_fd_sc_hd__and3_2        13
     sky130_fd_sc_hd__and3b_2        2
     sky130_fd_sc_hd__and4_2         8
     sky130_fd_sc_hd__buf_1         15
     sky130_fd_sc_hd__inv_2          3
     sky130_fd_sc_hd__nand2_2       22
     sky130_fd_sc_hd__nand3_2       13
     sky130_fd_sc_hd__nand3b_2       2
     sky130_fd_sc_hd__nand4_2        4
     sky130_fd_sc_hd__nor2_2        11
     sky130_fd_sc_hd__o211a_2        2
     sky130_fd_sc_hd__o211ai_2       1
     sky130_fd_sc_hd__o21a_2         5
     sky130_fd_sc_hd__o21ai_2        8
     sky130_fd_sc_hd__o21bai_2       2
     sky130_fd_sc_hd__o221a_2        1
     sky130_fd_sc_hd__o22a_2         6
     sky130_fd_sc_hd__o2bb2a_2       4
     sky130_fd_sc_hd__o311a_2        2
     sky130_fd_sc_hd__o31a_2         1
     sky130_fd_sc_hd__o32a_2         1
     sky130_fd_sc_hd__or2_2         10
     sky130_fd_sc_hd__or2b_2         3
     sky130_fd_sc_hd__or3_2          6
     sky130_fd_sc_hd__or3b_2         1
     sky130_fd_sc_hd__xnor2_2        9
     sky130_fd_sc_hd__xor2_2         8

   Chip area for module '\ALU': 2298.454400

