
===========================================================================
report_checks -path_delay min (Hold)
============================================================================
======================= Typical Corner ===================================

Startpoint: A[7] (input port clocked by __VIRTUAL_CLK__)
Endpoint: OUT[7] (output port clocked by __VIRTUAL_CLK__)
Path Group: __VIRTUAL_CLK__
Path Type: min

Fanout     Cap    Slew   Delay    Time   Description
-----------------------------------------------------------------------------
                  0.00    0.00    0.00   clock __VIRTUAL_CLK__ (rise edge)
                          0.00    0.00   clock network delay (ideal)
                          2.00    2.00 v input external delay
     6    0.02    0.05    0.03    2.03 v A[7] (in)
                                         A[7] (net)
                  0.05    0.00    2.03 v _502_/A (sky130_fd_sc_hd__inv_2)
     1    0.00    0.02    0.04    2.07 ^ _502_/Y (sky130_fd_sc_hd__inv_2)
                                         _179_ (net)
                  0.02    0.00    2.07 ^ _503_/B2 (sky130_fd_sc_hd__o32a_2)
     1    0.03    0.18    0.21    2.28 ^ _503_/X (sky130_fd_sc_hd__o32a_2)
                                         OUT[7] (net)
                  0.18    0.00    2.28 ^ OUT[7] (out)
                                  2.28   data arrival time

                  0.00    0.00    0.00   clock __VIRTUAL_CLK__ (rise edge)
                          0.00    0.00   clock network delay (ideal)
                          0.25    0.25   clock uncertainty
                          0.00    0.25   clock reconvergence pessimism
                         -2.00   -1.75   output external delay
                                 -1.75   data required time
-----------------------------------------------------------------------------
                                 -1.75   data required time
                                 -2.28   data arrival time
-----------------------------------------------------------------------------
                                  4.03   slack (MET)


Startpoint: A[6] (input port clocked by __VIRTUAL_CLK__)
Endpoint: OUT[6] (output port clocked by __VIRTUAL_CLK__)
Path Group: __VIRTUAL_CLK__
Path Type: min

Fanout     Cap    Slew   Delay    Time   Description
-----------------------------------------------------------------------------
                  0.00    0.00    0.00   clock __VIRTUAL_CLK__ (rise edge)
                          0.00    0.00   clock network delay (ideal)
                          2.00    2.00 ^ input external delay
    10    0.04    0.18    0.12    2.12 ^ A[6] (in)
                                         A[6] (net)
                  0.18    0.00    2.12 ^ _453_/A1 (sky130_fd_sc_hd__a22oi_2)
     1    0.03    0.15    0.18    2.30 v _453_/Y (sky130_fd_sc_hd__a22oi_2)
                                         OUT[6] (net)
                  0.15    0.00    2.30 v OUT[6] (out)
                                  2.30   data arrival time

                  0.00    0.00    0.00   clock __VIRTUAL_CLK__ (rise edge)
                          0.00    0.00   clock network delay (ideal)
                          0.25    0.25   clock uncertainty
                          0.00    0.25   clock reconvergence pessimism
                         -2.00   -1.75   output external delay
                                 -1.75   data required time
-----------------------------------------------------------------------------
                                 -1.75   data required time
                                 -2.30   data arrival time
-----------------------------------------------------------------------------
                                  4.05   slack (MET)


Startpoint: opcode[0] (input port clocked by __VIRTUAL_CLK__)
Endpoint: OUT[0] (output port clocked by __VIRTUAL_CLK__)
Path Group: __VIRTUAL_CLK__
Path Type: min

Fanout     Cap    Slew   Delay    Time   Description
-----------------------------------------------------------------------------
                  0.00    0.00    0.00   clock __VIRTUAL_CLK__ (rise edge)
                          0.00    0.00   clock network delay (ideal)
                          2.00    2.00 v input external delay
     5    0.01    0.03    0.02    2.02 v opcode[0] (in)
                                         opcode[0] (net)
                  0.03    0.00    2.02 v _254_/A (sky130_fd_sc_hd__nand2_2)
     3    0.01    0.06    0.06    2.08 ^ _254_/Y (sky130_fd_sc_hd__nand2_2)
                                         _185_ (net)
                  0.06    0.00    2.08 ^ _261_/A2 (sky130_fd_sc_hd__a31o_2)
     1    0.00    0.03    0.13    2.21 ^ _261_/X (sky130_fd_sc_hd__a31o_2)
                                         _192_ (net)
                  0.03    0.00    2.21 ^ _262_/B2 (sky130_fd_sc_hd__a2bb2o_2)
     1    0.03    0.18    0.24    2.45 ^ _262_/X (sky130_fd_sc_hd__a2bb2o_2)
                                         OUT[0] (net)
                  0.18    0.00    2.45 ^ OUT[0] (out)
                                  2.45   data arrival time

                  0.00    0.00    0.00   clock __VIRTUAL_CLK__ (rise edge)
                          0.00    0.00   clock network delay (ideal)
                          0.25    0.25   clock uncertainty
                          0.00    0.25   clock reconvergence pessimism
                         -2.00   -1.75   output external delay
                                 -1.75   data required time
-----------------------------------------------------------------------------
                                 -1.75   data required time
                                 -2.45   data arrival time
-----------------------------------------------------------------------------
                                  4.20   slack (MET)


Startpoint: opcode[2] (input port clocked by __VIRTUAL_CLK__)
Endpoint: OUT[5] (output port clocked by __VIRTUAL_CLK__)
Path Group: __VIRTUAL_CLK__
Path Type: min

Fanout     Cap    Slew   Delay    Time   Description
-----------------------------------------------------------------------------
                  0.00    0.00    0.00   clock __VIRTUAL_CLK__ (rise edge)
                          0.00    0.00   clock network delay (ideal)
                          2.00    2.00 v input external delay
     7    0.02    0.05    0.03    2.03 v opcode[2] (in)
                                         opcode[2] (net)
                  0.05    0.00    2.03 v _273_/A (sky130_fd_sc_hd__and3_2)
     7    0.02    0.07    0.20    2.23 v _273_/X (sky130_fd_sc_hd__and3_2)
                                         _203_ (net)
                  0.07    0.00    2.23 v _409_/A1 (sky130_fd_sc_hd__a21oi_2)
     1    0.00    0.09    0.12    2.36 ^ _409_/Y (sky130_fd_sc_hd__a21oi_2)
                                         _087_ (net)
                  0.09    0.00    2.36 ^ _410_/B1 (sky130_fd_sc_hd__a21oi_2)
     1    0.03    0.08    0.09    2.45 v _410_/Y (sky130_fd_sc_hd__a21oi_2)
                                         OUT[5] (net)
                  0.08    0.00    2.45 v OUT[5] (out)
                                  2.45   data arrival time

                  0.00    0.00    0.00   clock __VIRTUAL_CLK__ (rise edge)
                          0.00    0.00   clock network delay (ideal)
                          0.25    0.25   clock uncertainty
                          0.00    0.25   clock reconvergence pessimism
                         -2.00   -1.75   output external delay
                                 -1.75   data required time
-----------------------------------------------------------------------------
                                 -1.75   data required time
                                 -2.45   data arrival time
-----------------------------------------------------------------------------
                                  4.20   slack (MET)


Startpoint: opcode[2] (input port clocked by __VIRTUAL_CLK__)
Endpoint: OUT[2] (output port clocked by __VIRTUAL_CLK__)
Path Group: __VIRTUAL_CLK__
Path Type: min

Fanout     Cap    Slew   Delay    Time   Description
-----------------------------------------------------------------------------
                  0.00    0.00    0.00   clock __VIRTUAL_CLK__ (rise edge)
                          0.00    0.00   clock network delay (ideal)
                          2.00    2.00 v input external delay
     7    0.02    0.05    0.03    2.03 v opcode[2] (in)
                                         opcode[2] (net)
                  0.05    0.00    2.03 v _255_/A (sky130_fd_sc_hd__inv_2)
     2    0.01    0.05    0.06    2.09 ^ _255_/Y (sky130_fd_sc_hd__inv_2)
                                         _186_ (net)
                  0.05    0.00    2.09 ^ _258_/A (sky130_fd_sc_hd__nor2_2)
     8    0.02    0.05    0.06    2.15 v _258_/Y (sky130_fd_sc_hd__nor2_2)
                                         _189_ (net)
                  0.05    0.00    2.15 v _296_/B1 (sky130_fd_sc_hd__o21ai_2)
     1    0.00    0.05    0.05    2.20 ^ _296_/Y (sky130_fd_sc_hd__o21ai_2)
                                         _225_ (net)
                  0.05    0.00    2.20 ^ _297_/B (sky130_fd_sc_hd__nor2_2)
     1    0.00    0.02    0.03    2.23 v _297_/Y (sky130_fd_sc_hd__nor2_2)
                                         _226_ (net)
                  0.02    0.00    2.23 v _309_/B1 (sky130_fd_sc_hd__o2bb2a_2)
     1    0.03    0.10    0.31    2.55 v _309_/X (sky130_fd_sc_hd__o2bb2a_2)
                                         OUT[2] (net)
                  0.10    0.00    2.55 v OUT[2] (out)
                                  2.55   data arrival time

                  0.00    0.00    0.00   clock __VIRTUAL_CLK__ (rise edge)
                          0.00    0.00   clock network delay (ideal)
                          0.25    0.25   clock uncertainty
                          0.00    0.25   clock reconvergence pessimism
                         -2.00   -1.75   output external delay
                                 -1.75   data required time
-----------------------------------------------------------------------------
                                 -1.75   data required time
                                 -2.55   data arrival time
-----------------------------------------------------------------------------
                                  4.30   slack (MET)


Startpoint: opcode[2] (input port clocked by __VIRTUAL_CLK__)
Endpoint: OUT[4] (output port clocked by __VIRTUAL_CLK__)
Path Group: __VIRTUAL_CLK__
Path Type: min

Fanout     Cap    Slew   Delay    Time   Description
-----------------------------------------------------------------------------
                  0.00    0.00    0.00   clock __VIRTUAL_CLK__ (rise edge)
                          0.00    0.00   clock network delay (ideal)
                          2.00    2.00 v input external delay
     7    0.02    0.05    0.03    2.03 v opcode[2] (in)
                                         opcode[2] (net)
                  0.05    0.00    2.03 v _264_/A (sky130_fd_sc_hd__nor2_2)
     3    0.01    0.11    0.12    2.15 ^ _264_/Y (sky130_fd_sc_hd__nor2_2)
                                         _194_ (net)
                  0.11    0.00    2.15 ^ _371_/B1 (sky130_fd_sc_hd__a311o_2)
     1    0.00    0.03    0.11    2.26 ^ _371_/X (sky130_fd_sc_hd__a311o_2)
                                         _050_ (net)
                  0.03    0.00    2.26 ^ _372_/B1 (sky130_fd_sc_hd__a31o_2)
     1    0.00    0.03    0.08    2.34 ^ _372_/X (sky130_fd_sc_hd__a31o_2)
                                         _051_ (net)
                  0.03    0.00    2.34 ^ _373_/B2 (sky130_fd_sc_hd__o2bb2a_2)
     1    0.03    0.18    0.25    2.58 ^ _373_/X (sky130_fd_sc_hd__o2bb2a_2)
                                         OUT[4] (net)
                  0.18    0.00    2.58 ^ OUT[4] (out)
                                  2.58   data arrival time

                  0.00    0.00    0.00   clock __VIRTUAL_CLK__ (rise edge)
                          0.00    0.00   clock network delay (ideal)
                          0.25    0.25   clock uncertainty
                          0.00    0.25   clock reconvergence pessimism
                         -2.00   -1.75   output external delay
                                 -1.75   data required time
-----------------------------------------------------------------------------
                                 -1.75   data required time
                                 -2.58   data arrival time
-----------------------------------------------------------------------------
                                  4.33   slack (MET)


Startpoint: A[1] (input port clocked by __VIRTUAL_CLK__)
Endpoint: OUT[1] (output port clocked by __VIRTUAL_CLK__)
Path Group: __VIRTUAL_CLK__
Path Type: min

Fanout     Cap    Slew   Delay    Time   Description
-----------------------------------------------------------------------------
                  0.00    0.00    0.00   clock __VIRTUAL_CLK__ (rise edge)
                          0.00    0.00   clock network delay (ideal)
                          2.00    2.00 v input external delay
    10    0.02    0.05    0.04    2.04 v A[1] (in)
                                         A[1] (net)
                  0.05    0.00    2.04 v _263_/A (sky130_fd_sc_hd__buf_1)
    10    0.02    0.14    0.17    2.21 v _263_/X (sky130_fd_sc_hd__buf_1)
                                         _193_ (net)
                  0.14    0.00    2.21 v _287_/A1_N (sky130_fd_sc_hd__o2bb2a_2)
     1    0.03    0.18    0.38    2.59 ^ _287_/X (sky130_fd_sc_hd__o2bb2a_2)
                                         OUT[1] (net)
                  0.18    0.00    2.59 ^ OUT[1] (out)
                                  2.59   data arrival time

                  0.00    0.00    0.00   clock __VIRTUAL_CLK__ (rise edge)
                          0.00    0.00   clock network delay (ideal)
                          0.25    0.25   clock uncertainty
                          0.00    0.25   clock reconvergence pessimism
                         -2.00   -1.75   output external delay
                                 -1.75   data required time
-----------------------------------------------------------------------------
                                 -1.75   data required time
                                 -2.59   data arrival time
-----------------------------------------------------------------------------
                                  4.34   slack (MET)


Startpoint: A[3] (input port clocked by __VIRTUAL_CLK__)
Endpoint: OUT[3] (output port clocked by __VIRTUAL_CLK__)
Path Group: __VIRTUAL_CLK__
Path Type: min

Fanout     Cap    Slew   Delay    Time   Description
-----------------------------------------------------------------------------
                  0.00    0.00    0.00   clock __VIRTUAL_CLK__ (rise edge)
                          0.00    0.00   clock network delay (ideal)
                          2.00    2.00 v input external delay
     7    0.01    0.03    0.02    2.02 v A[3] (in)
                                         A[3] (net)
                  0.03    0.00    2.02 v _310_/A (sky130_fd_sc_hd__buf_1)
    10    0.03    0.16    0.18    2.20 v _310_/X (sky130_fd_sc_hd__buf_1)
                                         _238_ (net)
                  0.16    0.00    2.20 v _339_/A1_N (sky130_fd_sc_hd__o2bb2a_2)
     1    0.03    0.18    0.39    2.60 ^ _339_/X (sky130_fd_sc_hd__o2bb2a_2)
                                         OUT[3] (net)
                  0.18    0.00    2.60 ^ OUT[3] (out)
                                  2.60   data arrival time

                  0.00    0.00    0.00   clock __VIRTUAL_CLK__ (rise edge)
                          0.00    0.00   clock network delay (ideal)
                          0.25    0.25   clock uncertainty
                          0.00    0.25   clock reconvergence pessimism
                         -2.00   -1.75   output external delay
                                 -1.75   data required time
-----------------------------------------------------------------------------
                                 -1.75   data required time
                                 -2.60   data arrival time
-----------------------------------------------------------------------------
                                  4.35   slack (MET)



worst slack corner Typical: 4.0311
