
===========================================================================
report_checks -path_delay max (Setup)
============================================================================
======================= Typical Corner ===================================

Startpoint: B[1] (input port clocked by __VIRTUAL_CLK__)
Endpoint: OUT[7] (output port clocked by __VIRTUAL_CLK__)
Path Group: __VIRTUAL_CLK__
Path Type: max

Fanout     Cap    Slew   Delay    Time   Description
-----------------------------------------------------------------------------
                  0.00    0.00    0.00   clock __VIRTUAL_CLK__ (rise edge)
                          0.00    0.00   clock network delay (ideal)
                          2.00    2.00 ^ input external delay
     4    0.01    0.05    0.03    2.03 ^ B[1] (in)
                                         B[1] (net)
                  0.05    0.00    2.03 ^ _266_/A (sky130_fd_sc_hd__buf_1)
    10    0.03    0.36    0.32    2.35 ^ _266_/X (sky130_fd_sc_hd__buf_1)
                                         _196_ (net)
                  0.36    0.00    2.35 ^ _382_/B (sky130_fd_sc_hd__nand4_2)
     3    0.01    0.14    0.18    2.53 v _382_/Y (sky130_fd_sc_hd__nand4_2)
                                         _060_ (net)
                  0.14    0.00    2.53 v _385_/A1 (sky130_fd_sc_hd__a21o_2)
     2    0.01    0.04    0.24    2.78 v _385_/X (sky130_fd_sc_hd__a21o_2)
                                         _063_ (net)
                  0.04    0.00    2.78 v _389_/A1 (sky130_fd_sc_hd__a21o_2)
     3    0.01    0.05    0.21    2.99 v _389_/X (sky130_fd_sc_hd__a21o_2)
                                         _067_ (net)
                  0.05    0.00    2.99 v _395_/A2 (sky130_fd_sc_hd__a21o_2)
     3    0.01    0.05    0.24    3.23 v _395_/X (sky130_fd_sc_hd__a21o_2)
                                         _073_ (net)
                  0.05    0.00    3.23 v _398_/A (sky130_fd_sc_hd__and3_2)
     2    0.01    0.05    0.19    3.42 v _398_/X (sky130_fd_sc_hd__and3_2)
                                         _076_ (net)
                  0.05    0.00    3.42 v _401_/B (sky130_fd_sc_hd__or3_2)
     4    0.01    0.11    0.52    3.95 v _401_/X (sky130_fd_sc_hd__or3_2)
                                         _079_ (net)
                  0.11    0.00    3.95 v _465_/A2 (sky130_fd_sc_hd__a211o_2)
     2    0.01    0.06    0.38    4.32 v _465_/X (sky130_fd_sc_hd__a211o_2)
                                         _141_ (net)
                  0.06    0.00    4.32 v _494_/A (sky130_fd_sc_hd__or3_2)
     2    0.01    0.09    0.51    4.84 v _494_/X (sky130_fd_sc_hd__or3_2)
                                         _170_ (net)
                  0.09    0.00    4.84 v _496_/B (sky130_fd_sc_hd__and3_2)
     1    0.00    0.04    0.21    5.05 v _496_/X (sky130_fd_sc_hd__and3_2)
                                         _172_ (net)
                  0.04    0.00    5.05 v _498_/A1 (sky130_fd_sc_hd__o21a_2)
     1    0.00    0.03    0.20    5.25 v _498_/X (sky130_fd_sc_hd__o21a_2)
                                         _174_ (net)
                  0.03    0.00    5.25 v _503_/A2 (sky130_fd_sc_hd__o32a_2)
     1    0.03    0.12    0.47    5.73 v _503_/X (sky130_fd_sc_hd__o32a_2)
                                         OUT[7] (net)
                  0.12    0.00    5.73 v OUT[7] (out)
                                  5.73   data arrival time

                  0.00   10.00   10.00   clock __VIRTUAL_CLK__ (rise edge)
                          0.00   10.00   clock network delay (ideal)
                         -0.25    9.75   clock uncertainty
                          0.00    9.75   clock reconvergence pessimism
                         -2.00    7.75   output external delay
                                  7.75   data required time
-----------------------------------------------------------------------------
                                  7.75   data required time
                                 -5.73   data arrival time
-----------------------------------------------------------------------------
                                  2.02   slack (MET)


Startpoint: B[1] (input port clocked by __VIRTUAL_CLK__)
Endpoint: OUT[6] (output port clocked by __VIRTUAL_CLK__)
Path Group: __VIRTUAL_CLK__
Path Type: max

Fanout     Cap    Slew   Delay    Time   Description
-----------------------------------------------------------------------------
                  0.00    0.00    0.00   clock __VIRTUAL_CLK__ (rise edge)
                          0.00    0.00   clock network delay (ideal)
                          2.00    2.00 ^ input external delay
     4    0.01    0.05    0.03    2.03 ^ B[1] (in)
                                         B[1] (net)
                  0.05    0.00    2.03 ^ _266_/A (sky130_fd_sc_hd__buf_1)
    10    0.03    0.36    0.32    2.35 ^ _266_/X (sky130_fd_sc_hd__buf_1)
                                         _196_ (net)
                  0.36    0.00    2.35 ^ _382_/B (sky130_fd_sc_hd__nand4_2)
     3    0.01    0.14    0.18    2.53 v _382_/Y (sky130_fd_sc_hd__nand4_2)
                                         _060_ (net)
                  0.14    0.00    2.53 v _385_/A1 (sky130_fd_sc_hd__a21o_2)
     2    0.01    0.04    0.24    2.78 v _385_/X (sky130_fd_sc_hd__a21o_2)
                                         _063_ (net)
                  0.04    0.00    2.78 v _389_/A1 (sky130_fd_sc_hd__a21o_2)
     3    0.01    0.05    0.21    2.99 v _389_/X (sky130_fd_sc_hd__a21o_2)
                                         _067_ (net)
                  0.05    0.00    2.99 v _395_/A2 (sky130_fd_sc_hd__a21o_2)
     3    0.01    0.05    0.24    3.23 v _395_/X (sky130_fd_sc_hd__a21o_2)
                                         _073_ (net)
                  0.05    0.00    3.23 v _398_/A (sky130_fd_sc_hd__and3_2)
     2    0.01    0.05    0.19    3.42 v _398_/X (sky130_fd_sc_hd__and3_2)
                                         _076_ (net)
                  0.05    0.00    3.42 v _401_/B (sky130_fd_sc_hd__or3_2)
     4    0.01    0.11    0.52    3.95 v _401_/X (sky130_fd_sc_hd__or3_2)
                                         _079_ (net)
                  0.11    0.00    3.95 v _437_/C1 (sky130_fd_sc_hd__o211a_2)
     2    0.01    0.05    0.16    4.10 v _437_/X (sky130_fd_sc_hd__o211a_2)
                                         _114_ (net)
                  0.05    0.00    4.10 v _439_/B (sky130_fd_sc_hd__or2_2)
     1    0.00    0.05    0.28    4.38 v _439_/X (sky130_fd_sc_hd__or2_2)
                                         _116_ (net)
                  0.05    0.00    4.38 v _440_/A2 (sky130_fd_sc_hd__a21bo_2)
     1    0.00    0.03    0.21    4.59 v _440_/X (sky130_fd_sc_hd__a21bo_2)
                                         _117_ (net)
                  0.03    0.00    4.59 v _441_/B (sky130_fd_sc_hd__or2_2)
     1    0.00    0.06    0.28    4.88 v _441_/X (sky130_fd_sc_hd__or2_2)
                                         _118_ (net)
                  0.06    0.00    4.88 v _453_/B1 (sky130_fd_sc_hd__a22oi_2)
     1    0.03    0.46    0.38    5.25 ^ _453_/Y (sky130_fd_sc_hd__a22oi_2)
                                         OUT[6] (net)
                  0.46    0.00    5.25 ^ OUT[6] (out)
                                  5.25   data arrival time

                  0.00   10.00   10.00   clock __VIRTUAL_CLK__ (rise edge)
                          0.00   10.00   clock network delay (ideal)
                         -0.25    9.75   clock uncertainty
                          0.00    9.75   clock reconvergence pessimism
                         -2.00    7.75   output external delay
                                  7.75   data required time
-----------------------------------------------------------------------------
                                  7.75   data required time
                                 -5.25   data arrival time
-----------------------------------------------------------------------------
                                  2.50   slack (MET)


Startpoint: B[0] (input port clocked by __VIRTUAL_CLK__)
Endpoint: OUT[4] (output port clocked by __VIRTUAL_CLK__)
Path Group: __VIRTUAL_CLK__
Path Type: max

Fanout     Cap    Slew   Delay    Time   Description
-----------------------------------------------------------------------------
                  0.00    0.00    0.00   clock __VIRTUAL_CLK__ (rise edge)
                          0.00    0.00   clock network delay (ideal)
                          2.00    2.00 ^ input external delay
     5    0.01    0.06    0.04    2.04 ^ B[0] (in)
                                         B[0] (net)
                  0.06    0.00    2.04 ^ _251_/A (sky130_fd_sc_hd__buf_1)
    10    0.03    0.35    0.31    2.36 ^ _251_/X (sky130_fd_sc_hd__buf_1)
                                         _182_ (net)
                  0.35    0.00    2.36 ^ _252_/A (sky130_fd_sc_hd__buf_1)
    10    0.03    0.31    0.33    2.69 ^ _252_/X (sky130_fd_sc_hd__buf_1)
                                         _183_ (net)
                  0.31    0.00    2.69 ^ _276_/A1 (sky130_fd_sc_hd__a21oi_2)
     2    0.00    0.07    0.09    2.78 v _276_/Y (sky130_fd_sc_hd__a21oi_2)
                                         _206_ (net)
                  0.07    0.00    2.78 v _279_/B (sky130_fd_sc_hd__or3_2)
     2    0.00    0.08    0.48    3.26 v _279_/X (sky130_fd_sc_hd__or3_2)
                                         _209_ (net)
                  0.08    0.00    3.26 v _301_/A2 (sky130_fd_sc_hd__a21o_2)
     3    0.01    0.05    0.25    3.51 v _301_/X (sky130_fd_sc_hd__a21o_2)
                                         _230_ (net)
                  0.05    0.00    3.51 v _312_/A2 (sky130_fd_sc_hd__a21o_2)
     3    0.01    0.04    0.23    3.73 v _312_/X (sky130_fd_sc_hd__a21o_2)
                                         _240_ (net)
                  0.04    0.00    3.73 v _366_/A1 (sky130_fd_sc_hd__a21bo_2)
     3    0.01    0.05    0.21    3.95 v _366_/X (sky130_fd_sc_hd__a21bo_2)
                                         _045_ (net)
                  0.05    0.00    3.95 v _368_/B (sky130_fd_sc_hd__or2_2)
     1    0.00    0.05    0.28    4.22 v _368_/X (sky130_fd_sc_hd__or2_2)
                                         _047_ (net)
                  0.05    0.00    4.22 v _372_/A3 (sky130_fd_sc_hd__a31o_2)
     1    0.00    0.03    0.25    4.47 v _372_/X (sky130_fd_sc_hd__a31o_2)
                                         _051_ (net)
                  0.03    0.00    4.47 v _373_/B2 (sky130_fd_sc_hd__o2bb2a_2)
     1    0.03    0.11    0.34    4.81 v _373_/X (sky130_fd_sc_hd__o2bb2a_2)
                                         OUT[4] (net)
                  0.11    0.00    4.81 v OUT[4] (out)
                                  4.81   data arrival time

                  0.00   10.00   10.00   clock __VIRTUAL_CLK__ (rise edge)
                          0.00   10.00   clock network delay (ideal)
                         -0.25    9.75   clock uncertainty
                          0.00    9.75   clock reconvergence pessimism
                         -2.00    7.75   output external delay
                                  7.75   data required time
-----------------------------------------------------------------------------
                                  7.75   data required time
                                 -4.81   data arrival time
-----------------------------------------------------------------------------
                                  2.94   slack (MET)


Startpoint: B[0] (input port clocked by __VIRTUAL_CLK__)
Endpoint: OUT[5] (output port clocked by __VIRTUAL_CLK__)
Path Group: __VIRTUAL_CLK__
Path Type: max

Fanout     Cap    Slew   Delay    Time   Description
-----------------------------------------------------------------------------
                  0.00    0.00    0.00   clock __VIRTUAL_CLK__ (rise edge)
                          0.00    0.00   clock network delay (ideal)
                          2.00    2.00 ^ input external delay
     5    0.01    0.06    0.04    2.04 ^ B[0] (in)
                                         B[0] (net)
                  0.06    0.00    2.04 ^ _251_/A (sky130_fd_sc_hd__buf_1)
    10    0.03    0.35    0.31    2.36 ^ _251_/X (sky130_fd_sc_hd__buf_1)
                                         _182_ (net)
                  0.35    0.00    2.36 ^ _252_/A (sky130_fd_sc_hd__buf_1)
    10    0.03    0.31    0.33    2.69 ^ _252_/X (sky130_fd_sc_hd__buf_1)
                                         _183_ (net)
                  0.31    0.00    2.69 ^ _276_/A1 (sky130_fd_sc_hd__a21oi_2)
     2    0.00    0.07    0.09    2.78 v _276_/Y (sky130_fd_sc_hd__a21oi_2)
                                         _206_ (net)
                  0.07    0.00    2.78 v _279_/B (sky130_fd_sc_hd__or3_2)
     2    0.00    0.08    0.48    3.26 v _279_/X (sky130_fd_sc_hd__or3_2)
                                         _209_ (net)
                  0.08    0.00    3.26 v _301_/A2 (sky130_fd_sc_hd__a21o_2)
     3    0.01    0.05    0.25    3.51 v _301_/X (sky130_fd_sc_hd__a21o_2)
                                         _230_ (net)
                  0.05    0.00    3.51 v _312_/A2 (sky130_fd_sc_hd__a21o_2)
     3    0.01    0.04    0.23    3.73 v _312_/X (sky130_fd_sc_hd__a21o_2)
                                         _240_ (net)
                  0.04    0.00    3.73 v _366_/A1 (sky130_fd_sc_hd__a21bo_2)
     3    0.01    0.05    0.21    3.95 v _366_/X (sky130_fd_sc_hd__a21bo_2)
                                         _045_ (net)
                  0.05    0.00    3.95 v _375_/A2 (sky130_fd_sc_hd__a21o_2)
     2    0.01    0.05    0.24    4.19 v _375_/X (sky130_fd_sc_hd__a21o_2)
                                         _053_ (net)
                  0.05    0.00    4.19 v _381_/A (sky130_fd_sc_hd__xor2_2)
     1    0.01    0.12    0.16    4.35 ^ _381_/X (sky130_fd_sc_hd__xor2_2)
                                         _059_ (net)
                  0.12    0.00    4.35 ^ _409_/A2 (sky130_fd_sc_hd__a21oi_2)
     1    0.00    0.04    0.07    4.43 v _409_/Y (sky130_fd_sc_hd__a21oi_2)
                                         _087_ (net)
                  0.04    0.00    4.43 v _410_/B1 (sky130_fd_sc_hd__a21oi_2)
     1    0.03    0.42    0.35    4.77 ^ _410_/Y (sky130_fd_sc_hd__a21oi_2)
                                         OUT[5] (net)
                  0.42    0.00    4.77 ^ OUT[5] (out)
                                  4.77   data arrival time

                  0.00   10.00   10.00   clock __VIRTUAL_CLK__ (rise edge)
                          0.00   10.00   clock network delay (ideal)
                         -0.25    9.75   clock uncertainty
                          0.00    9.75   clock reconvergence pessimism
                         -2.00    7.75   output external delay
                                  7.75   data required time
-----------------------------------------------------------------------------
                                  7.75   data required time
                                 -4.77   data arrival time
-----------------------------------------------------------------------------
                                  2.98   slack (MET)


Startpoint: B[2] (input port clocked by __VIRTUAL_CLK__)
Endpoint: OUT[3] (output port clocked by __VIRTUAL_CLK__)
Path Group: __VIRTUAL_CLK__
Path Type: max

Fanout     Cap    Slew   Delay    Time   Description
-----------------------------------------------------------------------------
                  0.00    0.00    0.00   clock __VIRTUAL_CLK__ (rise edge)
                          0.00    0.00   clock network delay (ideal)
                          2.00    2.00 ^ input external delay
     5    0.01    0.06    0.04    2.04 ^ B[2] (in)
                                         B[2] (net)
                  0.06    0.00    2.04 ^ _289_/A (sky130_fd_sc_hd__buf_1)
    10    0.04    0.47    0.40    2.44 ^ _289_/X (sky130_fd_sc_hd__buf_1)
                                         _218_ (net)
                  0.47    0.00    2.44 ^ _322_/B (sky130_fd_sc_hd__nand2_2)
     3    0.01    0.10    0.14    2.58 v _322_/Y (sky130_fd_sc_hd__nand2_2)
                                         _002_ (net)
                  0.10    0.00    2.58 v _325_/A (sky130_fd_sc_hd__or3_2)
     2    0.00    0.08    0.51    3.09 v _325_/X (sky130_fd_sc_hd__or3_2)
                                         _005_ (net)
                  0.08    0.00    3.09 v _330_/A1 (sky130_fd_sc_hd__a21o_2)
     2    0.00    0.04    0.21    3.30 v _330_/X (sky130_fd_sc_hd__a21o_2)
                                         _010_ (net)
                  0.04    0.00    3.30 v _331_/B (sky130_fd_sc_hd__and2b_2)
     1    0.01    0.05    0.21    3.51 v _331_/X (sky130_fd_sc_hd__and2b_2)
                                         _011_ (net)
                  0.05    0.00    3.51 v _332_/B (sky130_fd_sc_hd__xnor2_2)
     2    0.01    0.05    0.14    3.65 v _332_/Y (sky130_fd_sc_hd__xnor2_2)
                                         _012_ (net)
                  0.05    0.00    3.65 v _334_/B (sky130_fd_sc_hd__or2_2)
     1    0.00    0.05    0.28    3.93 v _334_/X (sky130_fd_sc_hd__or2_2)
                                         _014_ (net)
                  0.05    0.00    3.93 v _338_/A3 (sky130_fd_sc_hd__a31o_2)
     1    0.00    0.03    0.25    4.17 v _338_/X (sky130_fd_sc_hd__a31o_2)
                                         _018_ (net)
                  0.03    0.00    4.17 v _339_/B2 (sky130_fd_sc_hd__o2bb2a_2)
     1    0.03    0.11    0.34    4.52 v _339_/X (sky130_fd_sc_hd__o2bb2a_2)
                                         OUT[3] (net)
                  0.11    0.00    4.52 v OUT[3] (out)
                                  4.52   data arrival time

                  0.00   10.00   10.00   clock __VIRTUAL_CLK__ (rise edge)
                          0.00   10.00   clock network delay (ideal)
                         -0.25    9.75   clock uncertainty
                          0.00    9.75   clock reconvergence pessimism
                         -2.00    7.75   output external delay
                                  7.75   data required time
-----------------------------------------------------------------------------
                                  7.75   data required time
                                 -4.52   data arrival time
-----------------------------------------------------------------------------
                                  3.23   slack (MET)


Startpoint: B[0] (input port clocked by __VIRTUAL_CLK__)
Endpoint: OUT[2] (output port clocked by __VIRTUAL_CLK__)
Path Group: __VIRTUAL_CLK__
Path Type: max

Fanout     Cap    Slew   Delay    Time   Description
-----------------------------------------------------------------------------
                  0.00    0.00    0.00   clock __VIRTUAL_CLK__ (rise edge)
                          0.00    0.00   clock network delay (ideal)
                          2.00    2.00 ^ input external delay
     5    0.01    0.06    0.04    2.04 ^ B[0] (in)
                                         B[0] (net)
                  0.06    0.00    2.04 ^ _251_/A (sky130_fd_sc_hd__buf_1)
    10    0.03    0.35    0.31    2.36 ^ _251_/X (sky130_fd_sc_hd__buf_1)
                                         _182_ (net)
                  0.35    0.00    2.36 ^ _252_/A (sky130_fd_sc_hd__buf_1)
    10    0.03    0.31    0.33    2.69 ^ _252_/X (sky130_fd_sc_hd__buf_1)
                                         _183_ (net)
                  0.31    0.00    2.69 ^ _276_/A1 (sky130_fd_sc_hd__a21oi_2)
     2    0.00    0.07    0.09    2.78 v _276_/Y (sky130_fd_sc_hd__a21oi_2)
                                         _206_ (net)
                  0.07    0.00    2.78 v _279_/B (sky130_fd_sc_hd__or3_2)
     2    0.00    0.08    0.48    3.26 v _279_/X (sky130_fd_sc_hd__or3_2)
                                         _209_ (net)
                  0.08    0.00    3.26 v _301_/A2 (sky130_fd_sc_hd__a21o_2)
     3    0.01    0.05    0.25    3.51 v _301_/X (sky130_fd_sc_hd__a21o_2)
                                         _230_ (net)
                  0.05    0.00    3.51 v _303_/A2 (sky130_fd_sc_hd__o21a_2)
     1    0.00    0.03    0.19    3.70 v _303_/X (sky130_fd_sc_hd__o21a_2)
                                         _232_ (net)
                  0.03    0.00    3.70 v _308_/A2 (sky130_fd_sc_hd__a211o_2)
     1    0.00    0.04    0.32    4.02 v _308_/X (sky130_fd_sc_hd__a211o_2)
                                         _237_ (net)
                  0.04    0.00    4.02 v _309_/B2 (sky130_fd_sc_hd__o2bb2a_2)
     1    0.03    0.11    0.35    4.37 v _309_/X (sky130_fd_sc_hd__o2bb2a_2)
                                         OUT[2] (net)
                  0.11    0.00    4.37 v OUT[2] (out)
                                  4.37   data arrival time

                  0.00   10.00   10.00   clock __VIRTUAL_CLK__ (rise edge)
                          0.00   10.00   clock network delay (ideal)
                         -0.25    9.75   clock uncertainty
                          0.00    9.75   clock reconvergence pessimism
                         -2.00    7.75   output external delay
                                  7.75   data required time
-----------------------------------------------------------------------------
                                  7.75   data required time
                                 -4.37   data arrival time
-----------------------------------------------------------------------------
                                  3.38   slack (MET)


Startpoint: B[1] (input port clocked by __VIRTUAL_CLK__)
Endpoint: OUT[1] (output port clocked by __VIRTUAL_CLK__)
Path Group: __VIRTUAL_CLK__
Path Type: max

Fanout     Cap    Slew   Delay    Time   Description
-----------------------------------------------------------------------------
                  0.00    0.00    0.00   clock __VIRTUAL_CLK__ (rise edge)
                          0.00    0.00   clock network delay (ideal)
                          2.00    2.00 ^ input external delay
     4    0.01    0.05    0.03    2.03 ^ B[1] (in)
                                         B[1] (net)
                  0.05    0.00    2.03 ^ _266_/A (sky130_fd_sc_hd__buf_1)
    10    0.03    0.36    0.32    2.35 ^ _266_/X (sky130_fd_sc_hd__buf_1)
                                         _196_ (net)
                  0.36    0.00    2.35 ^ _267_/A (sky130_fd_sc_hd__buf_1)
    10    0.03    0.32    0.34    2.69 ^ _267_/X (sky130_fd_sc_hd__buf_1)
                                         _197_ (net)
                  0.32    0.00    2.69 ^ _277_/B (sky130_fd_sc_hd__and3_2)
     2    0.00    0.05    0.25    2.94 ^ _277_/X (sky130_fd_sc_hd__and3_2)
                                         _207_ (net)
                  0.05    0.00    2.94 ^ _279_/C (sky130_fd_sc_hd__or3_2)
     2    0.00    0.04    0.11    3.05 ^ _279_/X (sky130_fd_sc_hd__or3_2)
                                         _209_ (net)
                  0.04    0.00    3.05 ^ _280_/B_N (sky130_fd_sc_hd__or2b_2)
     1    0.01    0.07    0.32    3.37 v _280_/X (sky130_fd_sc_hd__or2b_2)
                                         _210_ (net)
                  0.07    0.00    3.37 v _281_/B (sky130_fd_sc_hd__xnor2_2)
     1    0.00    0.04    0.13    3.51 v _281_/Y (sky130_fd_sc_hd__xnor2_2)
                                         _211_ (net)
                  0.04    0.00    3.51 v _286_/A2 (sky130_fd_sc_hd__a211o_2)
     1    0.00    0.04    0.33    3.84 v _286_/X (sky130_fd_sc_hd__a211o_2)
                                         _216_ (net)
                  0.04    0.00    3.84 v _287_/B2 (sky130_fd_sc_hd__o2bb2a_2)
     1    0.03    0.11    0.35    4.18 v _287_/X (sky130_fd_sc_hd__o2bb2a_2)
                                         OUT[1] (net)
                  0.11    0.00    4.18 v OUT[1] (out)
                                  4.18   data arrival time

                  0.00   10.00   10.00   clock __VIRTUAL_CLK__ (rise edge)
                          0.00   10.00   clock network delay (ideal)
                         -0.25    9.75   clock uncertainty
                          0.00    9.75   clock reconvergence pessimism
                         -2.00    7.75   output external delay
                                  7.75   data required time
-----------------------------------------------------------------------------
                                  7.75   data required time
                                 -4.18   data arrival time
-----------------------------------------------------------------------------
                                  3.57   slack (MET)


Startpoint: B[0] (input port clocked by __VIRTUAL_CLK__)
Endpoint: OUT[0] (output port clocked by __VIRTUAL_CLK__)
Path Group: __VIRTUAL_CLK__
Path Type: max

Fanout     Cap    Slew   Delay    Time   Description
-----------------------------------------------------------------------------
                  0.00    0.00    0.00   clock __VIRTUAL_CLK__ (rise edge)
                          0.00    0.00   clock network delay (ideal)
                          2.00    2.00 ^ input external delay
     5    0.01    0.06    0.04    2.04 ^ B[0] (in)
                                         B[0] (net)
                  0.06    0.00    2.04 ^ _251_/A (sky130_fd_sc_hd__buf_1)
    10    0.03    0.35    0.31    2.36 ^ _251_/X (sky130_fd_sc_hd__buf_1)
                                         _182_ (net)
                  0.35    0.00    2.36 ^ _252_/A (sky130_fd_sc_hd__buf_1)
    10    0.03    0.31    0.33    2.69 ^ _252_/X (sky130_fd_sc_hd__buf_1)
                                         _183_ (net)
                  0.31    0.00    2.69 ^ _257_/B (sky130_fd_sc_hd__nand3_2)
     1    0.00    0.08    0.10    2.79 v _257_/Y (sky130_fd_sc_hd__nand3_2)
                                         _188_ (net)
                  0.08    0.00    2.79 v _261_/A3 (sky130_fd_sc_hd__a31o_2)
     1    0.00    0.03    0.26    3.05 v _261_/X (sky130_fd_sc_hd__a31o_2)
                                         _192_ (net)
                  0.03    0.00    3.05 v _262_/B2 (sky130_fd_sc_hd__a2bb2o_2)
     1    0.03    0.12    0.33    3.38 v _262_/X (sky130_fd_sc_hd__a2bb2o_2)
                                         OUT[0] (net)
                  0.12    0.00    3.38 v OUT[0] (out)
                                  3.38   data arrival time

                  0.00   10.00   10.00   clock __VIRTUAL_CLK__ (rise edge)
                          0.00   10.00   clock network delay (ideal)
                         -0.25    9.75   clock uncertainty
                          0.00    9.75   clock reconvergence pessimism
                         -2.00    7.75   output external delay
                                  7.75   data required time
-----------------------------------------------------------------------------
                                  7.75   data required time
                                 -3.38   data arrival time
-----------------------------------------------------------------------------
                                  4.37   slack (MET)



worst slack corner Typical: 2.0216
