
===========================================================================
report_checks -unconstrained
===========================================================================
======================= Typical Corner ===================================

Startpoint: A[3] (input port clocked by __VIRTUAL_CLK__)
Endpoint: OUT[7] (output port clocked by __VIRTUAL_CLK__)
Path Group: __VIRTUAL_CLK__
Path Type: max

Fanout     Cap    Slew   Delay    Time   Description
-----------------------------------------------------------------------------
                  0.00    0.00    0.00   clock __VIRTUAL_CLK__ (rise edge)
                          0.00    0.00   clock network delay (ideal)
                          2.00    2.00 v input external delay
     1    0.00    0.01    0.00    2.00 v A[3] (in)
                                         A[3] (net)
                  0.01    0.00    2.00 v input4/A (sky130_fd_sc_hd__clkbuf_4)
     7    0.03    0.08    0.17    2.18 v input4/X (sky130_fd_sc_hd__clkbuf_4)
                                         net4 (net)
                  0.08    0.00    2.18 v _347_/C (sky130_fd_sc_hd__and4_2)
     3    0.02    0.07    0.29    2.47 v _347_/X (sky130_fd_sc_hd__and4_2)
                                         _026_ (net)
                  0.07    0.00    2.47 v _349_/B (sky130_fd_sc_hd__or3_2)
     2    0.02    0.12    0.55    3.02 v _349_/X (sky130_fd_sc_hd__or3_2)
                                         _028_ (net)
                  0.12    0.00    3.02 v _353_/A1 (sky130_fd_sc_hd__a21o_1)
     2    0.01    0.07    0.23    3.25 v _353_/X (sky130_fd_sc_hd__a21o_1)
                                         _032_ (net)
                  0.07    0.00    3.25 v _397_/A2 (sky130_fd_sc_hd__a21o_2)
     3    0.03    0.10    0.30    3.55 v _397_/X (sky130_fd_sc_hd__a21o_2)
                                         _075_ (net)
                  0.10    0.00    3.55 v _398_/C (sky130_fd_sc_hd__and3_1)
     2    0.01    0.07    0.25    3.80 v _398_/X (sky130_fd_sc_hd__and3_1)
                                         _076_ (net)
                  0.07    0.00    3.80 v _401_/B (sky130_fd_sc_hd__or3_4)
     4    0.03    0.10    0.45    4.25 v _401_/X (sky130_fd_sc_hd__or3_4)
                                         _079_ (net)
                  0.10    0.00    4.25 v _465_/A2 (sky130_fd_sc_hd__a211o_1)
     2    0.01    0.09    0.38    4.63 v _465_/X (sky130_fd_sc_hd__a211o_1)
                                         _141_ (net)
                  0.09    0.00    4.63 v _494_/A (sky130_fd_sc_hd__or3_1)
     2    0.01    0.09    0.43    5.06 v _494_/X (sky130_fd_sc_hd__or3_1)
                                         _170_ (net)
                  0.09    0.00    5.06 v _496_/B (sky130_fd_sc_hd__and3_1)
     1    0.01    0.07    0.22    5.28 v _496_/X (sky130_fd_sc_hd__and3_1)
                                         _172_ (net)
                  0.07    0.00    5.28 v _498_/A1 (sky130_fd_sc_hd__o21a_1)
     1    0.01    0.05    0.21    5.49 v _498_/X (sky130_fd_sc_hd__o21a_1)
                                         _174_ (net)
                  0.05    0.00    5.49 v _503_/A2 (sky130_fd_sc_hd__o32a_1)
     1    0.01    0.08    0.37    5.87 v _503_/X (sky130_fd_sc_hd__o32a_1)
                                         net27 (net)
                  0.08    0.00    5.87 v output27/A (sky130_fd_sc_hd__buf_2)
     1    0.03    0.09    0.20    6.07 v output27/X (sky130_fd_sc_hd__buf_2)
                                         OUT[7] (net)
                  0.09    0.00    6.07 v OUT[7] (out)
                                  6.07   data arrival time

                  0.00   10.00   10.00   clock __VIRTUAL_CLK__ (rise edge)
                          0.00   10.00   clock network delay (ideal)
                         -0.25    9.75   clock uncertainty
                          0.00    9.75   clock reconvergence pessimism
                         -2.00    7.75   output external delay
                                  7.75   data required time
-----------------------------------------------------------------------------
                                  7.75   data required time
                                 -6.07   data arrival time
-----------------------------------------------------------------------------
                                  1.68   slack (MET)




===========================================================================
report_checks --slack_max -0.01
============================================================================
======================= Typical Corner ===================================

No paths found.


===========================================================================
 report_check_types -max_slew -max_cap -max_fanout -violators
============================================================================
======================= Typical Corner ===================================


max slew violations count Typical: 0
max fanout violations count Typical: 0
max cap violations count Typical: 0

===========================================================================
report_parasitic_annotation -report_unannotated
============================================================================
Found 0 unannotated drivers.
Found 0 partially unannotated drivers.

===========================================================================
max slew violation count 0
max fanout violation count 0
max cap violation count 0
============================================================================

===========================================================================
check_setup -verbose -unconstrained_endpoints -multiple_clock -no_clock -no_input_delay -loops -generated_clocks
===========================================================================
