
===========================================================================
report_checks -path_delay min (Hold)
============================================================================
======================= Typical Corner ===================================

Startpoint: A[6] (input port clocked by __VIRTUAL_CLK__)
Endpoint: OUT[6] (output port clocked by __VIRTUAL_CLK__)
Path Group: __VIRTUAL_CLK__
Path Type: min

Fanout     Cap    Slew   Delay    Time   Description
-----------------------------------------------------------------------------
                  0.00    0.00    0.00   clock __VIRTUAL_CLK__ (rise edge)
                          0.00    0.00   clock network delay (ideal)
                          2.00    2.00 ^ input external delay
     1    0.01    0.03    0.02    2.02 ^ A[6] (in)
                                         A[6] (net)
                  0.03    0.00    2.02 ^ input7/A (sky130_fd_sc_hd__buf_6)
    10    0.08    0.16    0.17    2.19 ^ input7/X (sky130_fd_sc_hd__buf_6)
                                         net7 (net)
                  0.16    0.00    2.19 ^ _453_/A1 (sky130_fd_sc_hd__a22oi_1)
     1    0.00    0.06    0.10    2.29 v _453_/Y (sky130_fd_sc_hd__a22oi_1)
                                         net26 (net)
                  0.06    0.00    2.29 v output26/A (sky130_fd_sc_hd__buf_2)
     1    0.03    0.09    0.18    2.47 v output26/X (sky130_fd_sc_hd__buf_2)
                                         OUT[6] (net)
                  0.09    0.00    2.47 v OUT[6] (out)
                                  2.47   data arrival time

                  0.00    0.00    0.00   clock __VIRTUAL_CLK__ (rise edge)
                          0.00    0.00   clock network delay (ideal)
                          0.25    0.25   clock uncertainty
                          0.00    0.25   clock reconvergence pessimism
                         -2.00   -1.75   output external delay
                                 -1.75   data required time
-----------------------------------------------------------------------------
                                 -1.75   data required time
                                 -2.47   data arrival time
-----------------------------------------------------------------------------
                                  4.22   slack (MET)


Startpoint: A[7] (input port clocked by __VIRTUAL_CLK__)
Endpoint: OUT[7] (output port clocked by __VIRTUAL_CLK__)
Path Group: __VIRTUAL_CLK__
Path Type: min

Fanout     Cap    Slew   Delay    Time   Description
-----------------------------------------------------------------------------
                  0.00    0.00    0.00   clock __VIRTUAL_CLK__ (rise edge)
                          0.00    0.00   clock network delay (ideal)
                          2.00    2.00 ^ input external delay
     1    0.00    0.02    0.01    2.01 ^ A[7] (in)
                                         A[7] (net)
                  0.02    0.00    2.01 ^ input8/A (sky130_fd_sc_hd__clkbuf_4)
     6    0.03    0.11    0.17    2.18 ^ input8/X (sky130_fd_sc_hd__clkbuf_4)
                                         net8 (net)
                  0.11    0.00    2.18 ^ _502_/A (sky130_fd_sc_hd__inv_2)
     1    0.01    0.03    0.05    2.22 v _502_/Y (sky130_fd_sc_hd__inv_2)
                                         _179_ (net)
                  0.03    0.00    2.22 v _503_/B2 (sky130_fd_sc_hd__o32a_1)
     1    0.01    0.07    0.17    2.39 v _503_/X (sky130_fd_sc_hd__o32a_1)
                                         net27 (net)
                  0.07    0.00    2.39 v output27/A (sky130_fd_sc_hd__buf_2)
     1    0.03    0.09    0.18    2.57 v output27/X (sky130_fd_sc_hd__buf_2)
                                         OUT[7] (net)
                  0.09    0.00    2.57 v OUT[7] (out)
                                  2.57   data arrival time

                  0.00    0.00    0.00   clock __VIRTUAL_CLK__ (rise edge)
                          0.00    0.00   clock network delay (ideal)
                          0.25    0.25   clock uncertainty
                          0.00    0.25   clock reconvergence pessimism
                         -2.00   -1.75   output external delay
                                 -1.75   data required time
-----------------------------------------------------------------------------
                                 -1.75   data required time
                                 -2.57   data arrival time
-----------------------------------------------------------------------------
                                  4.32   slack (MET)


Startpoint: A[5] (input port clocked by __VIRTUAL_CLK__)
Endpoint: OUT[5] (output port clocked by __VIRTUAL_CLK__)
Path Group: __VIRTUAL_CLK__
Path Type: min

Fanout     Cap    Slew   Delay    Time   Description
-----------------------------------------------------------------------------
                  0.00    0.00    0.00   clock __VIRTUAL_CLK__ (rise edge)
                          0.00    0.00   clock network delay (ideal)
                          2.00    2.00 ^ input external delay
     1    0.00    0.02    0.01    2.01 ^ A[5] (in)
                                         A[5] (net)
                  0.02    0.00    2.01 ^ input6/A (sky130_fd_sc_hd__clkbuf_2)
     3    0.02    0.14    0.15    2.16 ^ input6/X (sky130_fd_sc_hd__clkbuf_2)
                                         net6 (net)
                  0.14    0.00    2.17 ^ _374_/A (sky130_fd_sc_hd__buf_4)
    10    0.06    0.17    0.22    2.39 ^ _374_/X (sky130_fd_sc_hd__buf_4)
                                         _052_ (net)
                  0.17    0.00    2.39 ^ _410_/A1 (sky130_fd_sc_hd__a21oi_1)
     1    0.01    0.07    0.13    2.52 v _410_/Y (sky130_fd_sc_hd__a21oi_1)
                                         net25 (net)
                  0.07    0.00    2.52 v output25/A (sky130_fd_sc_hd__buf_2)
     1    0.03    0.09    0.18    2.70 v output25/X (sky130_fd_sc_hd__buf_2)
                                         OUT[5] (net)
                  0.09    0.00    2.70 v OUT[5] (out)
                                  2.70   data arrival time

                  0.00    0.00    0.00   clock __VIRTUAL_CLK__ (rise edge)
                          0.00    0.00   clock network delay (ideal)
                          0.25    0.25   clock uncertainty
                          0.00    0.25   clock reconvergence pessimism
                         -2.00   -1.75   output external delay
                                 -1.75   data required time
-----------------------------------------------------------------------------
                                 -1.75   data required time
                                 -2.70   data arrival time
-----------------------------------------------------------------------------
                                  4.45   slack (MET)


Startpoint: A[3] (input port clocked by __VIRTUAL_CLK__)
Endpoint: OUT[3] (output port clocked by __VIRTUAL_CLK__)
Path Group: __VIRTUAL_CLK__
Path Type: min

Fanout     Cap    Slew   Delay    Time   Description
-----------------------------------------------------------------------------
                  0.00    0.00    0.00   clock __VIRTUAL_CLK__ (rise edge)
                          0.00    0.00   clock network delay (ideal)
                          2.00    2.00 ^ input external delay
     1    0.00    0.02    0.01    2.01 ^ A[3] (in)
                                         A[3] (net)
                  0.02    0.00    2.01 ^ input4/A (sky130_fd_sc_hd__clkbuf_4)
     7    0.04    0.12    0.17    2.18 ^ input4/X (sky130_fd_sc_hd__clkbuf_4)
                                         net4 (net)
                  0.12    0.00    2.18 ^ _310_/A (sky130_fd_sc_hd__buf_4)
    10    0.05    0.15    0.21    2.39 ^ _310_/X (sky130_fd_sc_hd__buf_4)
                                         _238_ (net)
                  0.15    0.00    2.39 ^ _339_/A1_N (sky130_fd_sc_hd__o2bb2a_1)
     1    0.01    0.06    0.24    2.63 v _339_/X (sky130_fd_sc_hd__o2bb2a_1)
                                         net23 (net)
                  0.06    0.00    2.63 v output23/A (sky130_fd_sc_hd__buf_2)
     1    0.03    0.09    0.18    2.80 v output23/X (sky130_fd_sc_hd__buf_2)
                                         OUT[3] (net)
                  0.09    0.00    2.80 v OUT[3] (out)
                                  2.80   data arrival time

                  0.00    0.00    0.00   clock __VIRTUAL_CLK__ (rise edge)
                          0.00    0.00   clock network delay (ideal)
                          0.25    0.25   clock uncertainty
                          0.00    0.25   clock reconvergence pessimism
                         -2.00   -1.75   output external delay
                                 -1.75   data required time
-----------------------------------------------------------------------------
                                 -1.75   data required time
                                 -2.80   data arrival time
-----------------------------------------------------------------------------
                                  4.55   slack (MET)


Startpoint: A[2] (input port clocked by __VIRTUAL_CLK__)
Endpoint: OUT[2] (output port clocked by __VIRTUAL_CLK__)
Path Group: __VIRTUAL_CLK__
Path Type: min

Fanout     Cap    Slew   Delay    Time   Description
-----------------------------------------------------------------------------
                  0.00    0.00    0.00   clock __VIRTUAL_CLK__ (rise edge)
                          0.00    0.00   clock network delay (ideal)
                          2.00    2.00 ^ input external delay
     1    0.00    0.02    0.01    2.01 ^ A[2] (in)
                                         A[2] (net)
                  0.02    0.00    2.01 ^ input3/A (sky130_fd_sc_hd__buf_4)
     8    0.05    0.14    0.16    2.17 ^ input3/X (sky130_fd_sc_hd__buf_4)
                                         net3 (net)
                  0.14    0.00    2.17 ^ _288_/A (sky130_fd_sc_hd__buf_4)
    10    0.05    0.14    0.20    2.38 ^ _288_/X (sky130_fd_sc_hd__buf_4)
                                         _217_ (net)
                  0.14    0.00    2.38 ^ _309_/A1_N (sky130_fd_sc_hd__o2bb2a_1)
     1    0.01    0.07    0.25    2.63 v _309_/X (sky130_fd_sc_hd__o2bb2a_1)
                                         net22 (net)
                  0.07    0.00    2.63 v output22/A (sky130_fd_sc_hd__buf_2)
     1    0.03    0.09    0.18    2.81 v output22/X (sky130_fd_sc_hd__buf_2)
                                         OUT[2] (net)
                  0.09    0.00    2.81 v OUT[2] (out)
                                  2.81   data arrival time

                  0.00    0.00    0.00   clock __VIRTUAL_CLK__ (rise edge)
                          0.00    0.00   clock network delay (ideal)
                          0.25    0.25   clock uncertainty
                          0.00    0.25   clock reconvergence pessimism
                         -2.00   -1.75   output external delay
                                 -1.75   data required time
-----------------------------------------------------------------------------
                                 -1.75   data required time
                                 -2.81   data arrival time
-----------------------------------------------------------------------------
                                  4.56   slack (MET)


Startpoint: A[4] (input port clocked by __VIRTUAL_CLK__)
Endpoint: OUT[4] (output port clocked by __VIRTUAL_CLK__)
Path Group: __VIRTUAL_CLK__
Path Type: min

Fanout     Cap    Slew   Delay    Time   Description
-----------------------------------------------------------------------------
                  0.00    0.00    0.00   clock __VIRTUAL_CLK__ (rise edge)
                          0.00    0.00   clock network delay (ideal)
                          2.00    2.00 v input external delay
     1    0.00    0.01    0.00    2.00 v A[4] (in)
                                         A[4] (net)
                  0.01    0.00    2.00 v input5/A (sky130_fd_sc_hd__buf_2)
     4    0.03    0.08    0.14    2.15 v input5/X (sky130_fd_sc_hd__buf_2)
                                         net5 (net)
                  0.08    0.00    2.15 v _340_/A (sky130_fd_sc_hd__buf_4)
    10    0.05    0.08    0.19    2.34 v _340_/X (sky130_fd_sc_hd__buf_4)
                                         _019_ (net)
                  0.08    0.00    2.34 v _373_/A1_N (sky130_fd_sc_hd__o2bb2a_1)
     1    0.01    0.09    0.27    2.61 ^ _373_/X (sky130_fd_sc_hd__o2bb2a_1)
                                         net24 (net)
                  0.09    0.00    2.61 ^ output24/A (sky130_fd_sc_hd__buf_2)
     1    0.03    0.17    0.20    2.81 ^ output24/X (sky130_fd_sc_hd__buf_2)
                                         OUT[4] (net)
                  0.17    0.00    2.81 ^ OUT[4] (out)
                                  2.81   data arrival time

                  0.00    0.00    0.00   clock __VIRTUAL_CLK__ (rise edge)
                          0.00    0.00   clock network delay (ideal)
                          0.25    0.25   clock uncertainty
                          0.00    0.25   clock reconvergence pessimism
                         -2.00   -1.75   output external delay
                                 -1.75   data required time
-----------------------------------------------------------------------------
                                 -1.75   data required time
                                 -2.81   data arrival time
-----------------------------------------------------------------------------
                                  4.56   slack (MET)


Startpoint: opcode[0] (input port clocked by __VIRTUAL_CLK__)
Endpoint: OUT[0] (output port clocked by __VIRTUAL_CLK__)
Path Group: __VIRTUAL_CLK__
Path Type: min

Fanout     Cap    Slew   Delay    Time   Description
-----------------------------------------------------------------------------
                  0.00    0.00    0.00   clock __VIRTUAL_CLK__ (rise edge)
                          0.00    0.00   clock network delay (ideal)
                          2.00    2.00 v input external delay
     1    0.00    0.01    0.00    2.00 v opcode[0] (in)
                                         opcode[0] (net)
                  0.01    0.00    2.00 v input17/A (sky130_fd_sc_hd__buf_2)
     5    0.03    0.08    0.14    2.15 v input17/X (sky130_fd_sc_hd__buf_2)
                                         net17 (net)
                  0.08    0.00    2.15 v _254_/A (sky130_fd_sc_hd__nand2_2)
     3    0.02    0.13    0.13    2.28 ^ _254_/Y (sky130_fd_sc_hd__nand2_2)
                                         _185_ (net)
                  0.13    0.00    2.28 ^ _261_/A2 (sky130_fd_sc_hd__a31o_1)
     1    0.01    0.08    0.18    2.46 ^ _261_/X (sky130_fd_sc_hd__a31o_1)
                                         _192_ (net)
                  0.08    0.00    2.46 ^ _262_/B2 (sky130_fd_sc_hd__a2bb2o_1)
     1    0.01    0.11    0.17    2.63 ^ _262_/X (sky130_fd_sc_hd__a2bb2o_1)
                                         net20 (net)
                  0.11    0.00    2.63 ^ output20/A (sky130_fd_sc_hd__buf_2)
     1    0.03    0.17    0.21    2.84 ^ output20/X (sky130_fd_sc_hd__buf_2)
                                         OUT[0] (net)
                  0.17    0.00    2.84 ^ OUT[0] (out)
                                  2.84   data arrival time

                  0.00    0.00    0.00   clock __VIRTUAL_CLK__ (rise edge)
                          0.00    0.00   clock network delay (ideal)
                          0.25    0.25   clock uncertainty
                          0.00    0.25   clock reconvergence pessimism
                         -2.00   -1.75   output external delay
                                 -1.75   data required time
-----------------------------------------------------------------------------
                                 -1.75   data required time
                                 -2.84   data arrival time
-----------------------------------------------------------------------------
                                  4.59   slack (MET)


Startpoint: A[1] (input port clocked by __VIRTUAL_CLK__)
Endpoint: OUT[1] (output port clocked by __VIRTUAL_CLK__)
Path Group: __VIRTUAL_CLK__
Path Type: min

Fanout     Cap    Slew   Delay    Time   Description
-----------------------------------------------------------------------------
                  0.00    0.00    0.00   clock __VIRTUAL_CLK__ (rise edge)
                          0.00    0.00   clock network delay (ideal)
                          2.00    2.00 ^ input external delay
     1    0.00    0.02    0.01    2.01 ^ A[1] (in)
                                         A[1] (net)
                  0.02    0.00    2.01 ^ input2/A (sky130_fd_sc_hd__clkbuf_4)
    10    0.04    0.14    0.18    2.19 ^ input2/X (sky130_fd_sc_hd__clkbuf_4)
                                         net2 (net)
                  0.14    0.00    2.20 ^ _263_/A (sky130_fd_sc_hd__clkbuf_4)
    10    0.04    0.14    0.23    2.43 ^ _263_/X (sky130_fd_sc_hd__clkbuf_4)
                                         _193_ (net)
                  0.14    0.00    2.43 ^ _287_/A1_N (sky130_fd_sc_hd__o2bb2a_1)
     1    0.01    0.06    0.24    2.67 v _287_/X (sky130_fd_sc_hd__o2bb2a_1)
                                         net21 (net)
                  0.06    0.00    2.67 v output21/A (sky130_fd_sc_hd__buf_2)
     1    0.03    0.09    0.18    2.85 v output21/X (sky130_fd_sc_hd__buf_2)
                                         OUT[1] (net)
                  0.09    0.00    2.85 v OUT[1] (out)
                                  2.85   data arrival time

                  0.00    0.00    0.00   clock __VIRTUAL_CLK__ (rise edge)
                          0.00    0.00   clock network delay (ideal)
                          0.25    0.25   clock uncertainty
                          0.00    0.25   clock reconvergence pessimism
                         -2.00   -1.75   output external delay
                                 -1.75   data required time
-----------------------------------------------------------------------------
                                 -1.75   data required time
                                 -2.85   data arrival time
-----------------------------------------------------------------------------
                                  4.60   slack (MET)



worst slack corner Typical: 4.2185
