OpenROAD b16bda7e82721d10566ff7e2b68f1ff0be9f9e38 
Features included (+) or not (-): +Charts +GPU +GUI +Python
This program is licensed under the BSD-3 license. See the LICENSE file for details.
Components of this program may be licensed under more restrictive licenses which must be honored.
Top-level design name: first_project
Block boundaries: 0 0 29455 40175
Horizontal Tracks Origin: 340, Count: 59, Step: 680
Vertical Tracks Origin: 230, Count: 64, Step: 460
Placement details for the #E side
Virtual pin count:  0
Actual pin count:  8
Total pin count:  8
Tracks count:  30
Tracks per pin:  3
Used tracks count:  22
Unused track count:  8
Starting track index:  4
Placement Map:
[340, 1700, 3060, 4420, [91m5780[0m, 7140, 8500, [91m9860[0m, 11220, 12580, [91m13940[0m, 15300, 16660, [91m18020[0m, 19380, 20740, [91m22100[0m, 23460, 24820, [91m26180[0m, 27540, 28900, [91m30260[0m, 31620, 32980, [91m34340[0m, 35700, 37060, 38420, 39780, ]
Indices of used tracks: [4, 7, 10, 13, 16, 19, 22, 25]
---
Placement details for the #W side
Virtual pin count:  0
Actual pin count:  8
Total pin count:  8
Tracks count:  30
Tracks per pin:  3
Used tracks count:  22
Unused track count:  8
Starting track index:  4
Placement Map:
[340, 1700, 3060, 4420, [91m5780[0m, 7140, 8500, [91m9860[0m, 11220, 12580, [91m13940[0m, 15300, 16660, [91m18020[0m, 19380, 20740, [91m22100[0m, 23460, 24820, [91m26180[0m, 27540, 28900, [91m30260[0m, 31620, 32980, [91m34340[0m, 35700, 37060, 38420, 39780, ]
Indices of used tracks: [4, 7, 10, 13, 16, 19, 22, 25]
---
