
63. Printing statistics.

=== ZeroToFiveCounter ===

   Number of wires:                198
   Number of wire bits:            211
   Number of public wires:          36
   Number of public wire bits:      49
   Number of memories:               0
   Number of memory bits:            0
   Number of processes:              0
   Number of cells:                209
     sky130_fd_sc_hd__a2111o_2       1
     sky130_fd_sc_hd__a211oi_2       3
     sky130_fd_sc_hd__a21bo_2        1
     sky130_fd_sc_hd__a21boi_2       1
     sky130_fd_sc_hd__a21o_2         4
     sky130_fd_sc_hd__a21oi_2        8
     sky130_fd_sc_hd__a221oi_2       1
     sky130_fd_sc_hd__a31o_2         2
     sky130_fd_sc_hd__a41o_2         1
     sky130_fd_sc_hd__and2_2         4
     sky130_fd_sc_hd__and3_2        18
     sky130_fd_sc_hd__and3b_2        2
     sky130_fd_sc_hd__and4_2         8
     sky130_fd_sc_hd__and4b_2        2
     sky130_fd_sc_hd__buf_1         24
     sky130_fd_sc_hd__buf_2          1
     sky130_fd_sc_hd__conb_1         8
     sky130_fd_sc_hd__dfrtp_2       32
     sky130_fd_sc_hd__inv_2         40
     sky130_fd_sc_hd__nand2_2       14
     sky130_fd_sc_hd__nand3_2        2
     sky130_fd_sc_hd__nor2_2         7
     sky130_fd_sc_hd__nor3_2         4
     sky130_fd_sc_hd__o211a_2        2
     sky130_fd_sc_hd__o211ai_2       1
     sky130_fd_sc_hd__o2bb2a_2       1
     sky130_fd_sc_hd__o31a_2         1
     sky130_fd_sc_hd__or2_2         11
     sky130_fd_sc_hd__or3_2          2
     sky130_fd_sc_hd__or4_2          1
     sky130_fd_sc_hd__xnor2_2        1
     sky130_fd_sc_hd__xor2_2         1

   Chip area for module '\ZeroToFiveCounter': 1994.412800

