
===========================================================================
report_checks -path_delay max (Setup)
============================================================================
======================= Typical Corner ===================================

Startpoint: _342_ (rising edge-triggered flip-flop clocked by clk)
Endpoint: _353_ (rising edge-triggered flip-flop clocked by clk)
Path Group: clk
Path Type: max

Fanout     Cap    Slew   Delay    Time   Description
-----------------------------------------------------------------------------
                  0.00    0.00    0.00   clock clk (rise edge)
                          0.00    0.00   clock network delay (ideal)
                  0.00    0.00    0.00 ^ _342_/CLK (sky130_fd_sc_hd__dfrtp_2)
     5    0.01    0.07    0.40    0.40 v _342_/Q (sky130_fd_sc_hd__dfrtp_2)
                                         one_second_counter[12] (net)
                  0.07    0.00    0.40 v _180_/C (sky130_fd_sc_hd__and4_2)
     2    0.00    0.04    0.22    0.63 v _180_/X (sky130_fd_sc_hd__and4_2)
                                         _078_ (net)
                  0.04    0.00    0.63 v _181_/D (sky130_fd_sc_hd__or4_2)
     1    0.00    0.10    0.52    1.15 v _181_/X (sky130_fd_sc_hd__or4_2)
                                         _079_ (net)
                  0.10    0.00    1.15 v _184_/A3 (sky130_fd_sc_hd__o31a_2)
     1    0.00    0.06    0.30    1.45 v _184_/X (sky130_fd_sc_hd__o31a_2)
                                         _082_ (net)
                  0.06    0.00    1.45 v _186_/A2 (sky130_fd_sc_hd__o211ai_2)
     2    0.00    0.13    0.14    1.59 ^ _186_/Y (sky130_fd_sc_hd__o211ai_2)
                                         _084_ (net)
                  0.13    0.00    1.59 ^ _187_/A2 (sky130_fd_sc_hd__a21bo_2)
     9    0.02    0.10    0.20    1.79 ^ _187_/X (sky130_fd_sc_hd__a21bo_2)
                                         _085_ (net)
                  0.10    0.00    1.79 ^ _188_/A (sky130_fd_sc_hd__inv_2)
     2    0.01    0.03    0.05    1.84 v _188_/Y (sky130_fd_sc_hd__inv_2)
                                         _086_ (net)
                  0.03    0.00    1.84 v _189_/A (sky130_fd_sc_hd__buf_1)
    10    0.04    0.22    0.24    2.08 v _189_/X (sky130_fd_sc_hd__buf_1)
                                         _027_ (net)
                  0.22    0.00    2.08 v _275_/C1 (sky130_fd_sc_hd__a221oi_2)
     1    0.00    0.16    0.21    2.29 ^ _275_/Y (sky130_fd_sc_hd__a221oi_2)
                                         _015_ (net)
                  0.16    0.00    2.29 ^ _353_/D (sky130_fd_sc_hd__dfrtp_2)
                                  2.29   data arrival time

                  0.00   10.00   10.00   clock clk (rise edge)
                          0.00   10.00   clock network delay (ideal)
                          0.00   10.00   clock reconvergence pessimism
                                 10.00 ^ _353_/CLK (sky130_fd_sc_hd__dfrtp_2)
                         -0.10    9.90   library setup time
                                  9.90   data required time
-----------------------------------------------------------------------------
                                  9.90   data required time
                                 -2.29   data arrival time
-----------------------------------------------------------------------------
                                  7.61   slack (MET)


Startpoint: _342_ (rising edge-triggered flip-flop clocked by clk)
Endpoint: _335_ (rising edge-triggered flip-flop clocked by clk)
Path Group: clk
Path Type: max

Fanout     Cap    Slew   Delay    Time   Description
-----------------------------------------------------------------------------
                  0.00    0.00    0.00   clock clk (rise edge)
                          0.00    0.00   clock network delay (ideal)
                  0.00    0.00    0.00 ^ _342_/CLK (sky130_fd_sc_hd__dfrtp_2)
     5    0.01    0.07    0.40    0.40 v _342_/Q (sky130_fd_sc_hd__dfrtp_2)
                                         one_second_counter[12] (net)
                  0.07    0.00    0.40 v _180_/C (sky130_fd_sc_hd__and4_2)
     2    0.00    0.04    0.22    0.63 v _180_/X (sky130_fd_sc_hd__and4_2)
                                         _078_ (net)
                  0.04    0.00    0.63 v _181_/D (sky130_fd_sc_hd__or4_2)
     1    0.00    0.10    0.52    1.15 v _181_/X (sky130_fd_sc_hd__or4_2)
                                         _079_ (net)
                  0.10    0.00    1.15 v _184_/A3 (sky130_fd_sc_hd__o31a_2)
     1    0.00    0.06    0.30    1.45 v _184_/X (sky130_fd_sc_hd__o31a_2)
                                         _082_ (net)
                  0.06    0.00    1.45 v _186_/A2 (sky130_fd_sc_hd__o211ai_2)
     2    0.00    0.13    0.14    1.59 ^ _186_/Y (sky130_fd_sc_hd__o211ai_2)
                                         _084_ (net)
                  0.13    0.00    1.59 ^ _187_/A2 (sky130_fd_sc_hd__a21bo_2)
     9    0.02    0.10    0.20    1.79 ^ _187_/X (sky130_fd_sc_hd__a21bo_2)
                                         _085_ (net)
                  0.10    0.00    1.79 ^ _188_/A (sky130_fd_sc_hd__inv_2)
     2    0.01    0.03    0.05    1.84 v _188_/Y (sky130_fd_sc_hd__inv_2)
                                         _086_ (net)
                  0.03    0.00    1.84 v _189_/A (sky130_fd_sc_hd__buf_1)
    10    0.04    0.22    0.24    2.08 v _189_/X (sky130_fd_sc_hd__buf_1)
                                         _027_ (net)
                  0.22    0.00    2.08 v _209_/A (sky130_fd_sc_hd__nor3_2)
     1    0.00    0.11    0.21    2.29 ^ _209_/Y (sky130_fd_sc_hd__nor3_2)
                                         _022_ (net)
                  0.11    0.00    2.29 ^ _335_/D (sky130_fd_sc_hd__dfrtp_2)
                                  2.29   data arrival time

                  0.00   10.00   10.00   clock clk (rise edge)
                          0.00   10.00   clock network delay (ideal)
                          0.00   10.00   clock reconvergence pessimism
                                 10.00 ^ _335_/CLK (sky130_fd_sc_hd__dfrtp_2)
                         -0.09    9.91   library setup time
                                  9.91   data required time
-----------------------------------------------------------------------------
                                  9.91   data required time
                                 -2.29   data arrival time
-----------------------------------------------------------------------------
                                  7.62   slack (MET)


Startpoint: _342_ (rising edge-triggered flip-flop clocked by clk)
Endpoint: _339_ (rising edge-triggered flip-flop clocked by clk)
Path Group: clk
Path Type: max

Fanout     Cap    Slew   Delay    Time   Description
-----------------------------------------------------------------------------
                  0.00    0.00    0.00   clock clk (rise edge)
                          0.00    0.00   clock network delay (ideal)
                  0.00    0.00    0.00 ^ _342_/CLK (sky130_fd_sc_hd__dfrtp_2)
     5    0.01    0.07    0.40    0.40 v _342_/Q (sky130_fd_sc_hd__dfrtp_2)
                                         one_second_counter[12] (net)
                  0.07    0.00    0.40 v _180_/C (sky130_fd_sc_hd__and4_2)
     2    0.00    0.04    0.22    0.63 v _180_/X (sky130_fd_sc_hd__and4_2)
                                         _078_ (net)
                  0.04    0.00    0.63 v _181_/D (sky130_fd_sc_hd__or4_2)
     1    0.00    0.10    0.52    1.15 v _181_/X (sky130_fd_sc_hd__or4_2)
                                         _079_ (net)
                  0.10    0.00    1.15 v _184_/A3 (sky130_fd_sc_hd__o31a_2)
     1    0.00    0.06    0.30    1.45 v _184_/X (sky130_fd_sc_hd__o31a_2)
                                         _082_ (net)
                  0.06    0.00    1.45 v _186_/A2 (sky130_fd_sc_hd__o211ai_2)
     2    0.00    0.13    0.14    1.59 ^ _186_/Y (sky130_fd_sc_hd__o211ai_2)
                                         _084_ (net)
                  0.13    0.00    1.59 ^ _187_/A2 (sky130_fd_sc_hd__a21bo_2)
     9    0.02    0.10    0.20    1.79 ^ _187_/X (sky130_fd_sc_hd__a21bo_2)
                                         _085_ (net)
                  0.10    0.00    1.79 ^ _188_/A (sky130_fd_sc_hd__inv_2)
     2    0.01    0.03    0.05    1.84 v _188_/Y (sky130_fd_sc_hd__inv_2)
                                         _086_ (net)
                  0.03    0.00    1.84 v _189_/A (sky130_fd_sc_hd__buf_1)
    10    0.04    0.22    0.24    2.08 v _189_/X (sky130_fd_sc_hd__buf_1)
                                         _027_ (net)
                  0.22    0.00    2.08 v _222_/A (sky130_fd_sc_hd__nor3_2)
     1    0.00    0.11    0.21    2.29 ^ _222_/Y (sky130_fd_sc_hd__nor3_2)
                                         _026_ (net)
                  0.11    0.00    2.29 ^ _339_/D (sky130_fd_sc_hd__dfrtp_2)
                                  2.29   data arrival time

                  0.00   10.00   10.00   clock clk (rise edge)
                          0.00   10.00   clock network delay (ideal)
                          0.00   10.00   clock reconvergence pessimism
                                 10.00 ^ _339_/CLK (sky130_fd_sc_hd__dfrtp_2)
                         -0.09    9.91   library setup time
                                  9.91   data required time
-----------------------------------------------------------------------------
                                  9.91   data required time
                                 -2.29   data arrival time
-----------------------------------------------------------------------------
                                  7.62   slack (MET)


Startpoint: _342_ (rising edge-triggered flip-flop clocked by clk)
Endpoint: _341_ (rising edge-triggered flip-flop clocked by clk)
Path Group: clk
Path Type: max

Fanout     Cap    Slew   Delay    Time   Description
-----------------------------------------------------------------------------
                  0.00    0.00    0.00   clock clk (rise edge)
                          0.00    0.00   clock network delay (ideal)
                  0.00    0.00    0.00 ^ _342_/CLK (sky130_fd_sc_hd__dfrtp_2)
     5    0.01    0.07    0.40    0.40 v _342_/Q (sky130_fd_sc_hd__dfrtp_2)
                                         one_second_counter[12] (net)
                  0.07    0.00    0.40 v _180_/C (sky130_fd_sc_hd__and4_2)
     2    0.00    0.04    0.22    0.63 v _180_/X (sky130_fd_sc_hd__and4_2)
                                         _078_ (net)
                  0.04    0.00    0.63 v _181_/D (sky130_fd_sc_hd__or4_2)
     1    0.00    0.10    0.52    1.15 v _181_/X (sky130_fd_sc_hd__or4_2)
                                         _079_ (net)
                  0.10    0.00    1.15 v _184_/A3 (sky130_fd_sc_hd__o31a_2)
     1    0.00    0.06    0.30    1.45 v _184_/X (sky130_fd_sc_hd__o31a_2)
                                         _082_ (net)
                  0.06    0.00    1.45 v _186_/A2 (sky130_fd_sc_hd__o211ai_2)
     2    0.00    0.13    0.14    1.59 ^ _186_/Y (sky130_fd_sc_hd__o211ai_2)
                                         _084_ (net)
                  0.13    0.00    1.59 ^ _187_/A2 (sky130_fd_sc_hd__a21bo_2)
     9    0.02    0.10    0.20    1.79 ^ _187_/X (sky130_fd_sc_hd__a21bo_2)
                                         _085_ (net)
                  0.10    0.00    1.79 ^ _188_/A (sky130_fd_sc_hd__inv_2)
     2    0.01    0.03    0.05    1.84 v _188_/Y (sky130_fd_sc_hd__inv_2)
                                         _086_ (net)
                  0.03    0.00    1.84 v _189_/A (sky130_fd_sc_hd__buf_1)
    10    0.04    0.22    0.24    2.08 v _189_/X (sky130_fd_sc_hd__buf_1)
                                         _027_ (net)
                  0.22    0.00    2.08 v _229_/A (sky130_fd_sc_hd__nor3_2)
     1    0.00    0.11    0.21    2.29 ^ _229_/Y (sky130_fd_sc_hd__nor3_2)
                                         _002_ (net)
                  0.11    0.00    2.29 ^ _341_/D (sky130_fd_sc_hd__dfrtp_2)
                                  2.29   data arrival time

                  0.00   10.00   10.00   clock clk (rise edge)
                          0.00   10.00   clock network delay (ideal)
                          0.00   10.00   clock reconvergence pessimism
                                 10.00 ^ _341_/CLK (sky130_fd_sc_hd__dfrtp_2)
                         -0.09    9.91   library setup time
                                  9.91   data required time
-----------------------------------------------------------------------------
                                  9.91   data required time
                                 -2.29   data arrival time
-----------------------------------------------------------------------------
                                  7.62   slack (MET)


Startpoint: _342_ (rising edge-triggered flip-flop clocked by clk)
Endpoint: _354_ (rising edge-triggered flip-flop clocked by clk)
Path Group: clk
Path Type: max

Fanout     Cap    Slew   Delay    Time   Description
-----------------------------------------------------------------------------
                  0.00    0.00    0.00   clock clk (rise edge)
                          0.00    0.00   clock network delay (ideal)
                  0.00    0.00    0.00 ^ _342_/CLK (sky130_fd_sc_hd__dfrtp_2)
     5    0.01    0.07    0.40    0.40 v _342_/Q (sky130_fd_sc_hd__dfrtp_2)
                                         one_second_counter[12] (net)
                  0.07    0.00    0.40 v _180_/C (sky130_fd_sc_hd__and4_2)
     2    0.00    0.04    0.22    0.63 v _180_/X (sky130_fd_sc_hd__and4_2)
                                         _078_ (net)
                  0.04    0.00    0.63 v _181_/D (sky130_fd_sc_hd__or4_2)
     1    0.00    0.10    0.52    1.15 v _181_/X (sky130_fd_sc_hd__or4_2)
                                         _079_ (net)
                  0.10    0.00    1.15 v _184_/A3 (sky130_fd_sc_hd__o31a_2)
     1    0.00    0.06    0.30    1.45 v _184_/X (sky130_fd_sc_hd__o31a_2)
                                         _082_ (net)
                  0.06    0.00    1.45 v _186_/A2 (sky130_fd_sc_hd__o211ai_2)
     2    0.00    0.13    0.14    1.59 ^ _186_/Y (sky130_fd_sc_hd__o211ai_2)
                                         _084_ (net)
                  0.13    0.00    1.59 ^ _187_/A2 (sky130_fd_sc_hd__a21bo_2)
     9    0.02    0.10    0.20    1.79 ^ _187_/X (sky130_fd_sc_hd__a21bo_2)
                                         _085_ (net)
                  0.10    0.00    1.79 ^ _188_/A (sky130_fd_sc_hd__inv_2)
     2    0.01    0.03    0.05    1.84 v _188_/Y (sky130_fd_sc_hd__inv_2)
                                         _086_ (net)
                  0.03    0.00    1.84 v _189_/A (sky130_fd_sc_hd__buf_1)
    10    0.04    0.22    0.24    2.08 v _189_/X (sky130_fd_sc_hd__buf_1)
                                         _027_ (net)
                  0.22    0.00    2.08 v _278_/A (sky130_fd_sc_hd__nor3_2)
     1    0.00    0.11    0.21    2.29 ^ _278_/Y (sky130_fd_sc_hd__nor3_2)
                                         _016_ (net)
                  0.11    0.00    2.29 ^ _354_/D (sky130_fd_sc_hd__dfrtp_2)
                                  2.29   data arrival time

                  0.00   10.00   10.00   clock clk (rise edge)
                          0.00   10.00   clock network delay (ideal)
                          0.00   10.00   clock reconvergence pessimism
                                 10.00 ^ _354_/CLK (sky130_fd_sc_hd__dfrtp_2)
                         -0.09    9.91   library setup time
                                  9.91   data required time
-----------------------------------------------------------------------------
                                  9.91   data required time
                                 -2.29   data arrival time
-----------------------------------------------------------------------------
                                  7.62   slack (MET)


Startpoint: _342_ (rising edge-triggered flip-flop clocked by clk)
Endpoint: _345_ (rising edge-triggered flip-flop clocked by clk)
Path Group: clk
Path Type: max

Fanout     Cap    Slew   Delay    Time   Description
-----------------------------------------------------------------------------
                  0.00    0.00    0.00   clock clk (rise edge)
                          0.00    0.00   clock network delay (ideal)
                  0.00    0.00    0.00 ^ _342_/CLK (sky130_fd_sc_hd__dfrtp_2)
     5    0.01    0.07    0.40    0.40 v _342_/Q (sky130_fd_sc_hd__dfrtp_2)
                                         one_second_counter[12] (net)
                  0.07    0.00    0.40 v _180_/C (sky130_fd_sc_hd__and4_2)
     2    0.00    0.04    0.22    0.63 v _180_/X (sky130_fd_sc_hd__and4_2)
                                         _078_ (net)
                  0.04    0.00    0.63 v _181_/D (sky130_fd_sc_hd__or4_2)
     1    0.00    0.10    0.52    1.15 v _181_/X (sky130_fd_sc_hd__or4_2)
                                         _079_ (net)
                  0.10    0.00    1.15 v _184_/A3 (sky130_fd_sc_hd__o31a_2)
     1    0.00    0.06    0.30    1.45 v _184_/X (sky130_fd_sc_hd__o31a_2)
                                         _082_ (net)
                  0.06    0.00    1.45 v _186_/A2 (sky130_fd_sc_hd__o211ai_2)
     2    0.00    0.13    0.14    1.59 ^ _186_/Y (sky130_fd_sc_hd__o211ai_2)
                                         _084_ (net)
                  0.13    0.00    1.59 ^ _187_/A2 (sky130_fd_sc_hd__a21bo_2)
     9    0.02    0.10    0.20    1.79 ^ _187_/X (sky130_fd_sc_hd__a21bo_2)
                                         _085_ (net)
                  0.10    0.00    1.79 ^ _188_/A (sky130_fd_sc_hd__inv_2)
     2    0.01    0.03    0.05    1.84 v _188_/Y (sky130_fd_sc_hd__inv_2)
                                         _086_ (net)
                  0.03    0.00    1.84 v _189_/A (sky130_fd_sc_hd__buf_1)
    10    0.04    0.22    0.24    2.08 v _189_/X (sky130_fd_sc_hd__buf_1)
                                         _027_ (net)
                  0.22    0.00    2.08 v _246_/C1 (sky130_fd_sc_hd__a211oi_2)
     1    0.00    0.14    0.19    2.27 ^ _246_/Y (sky130_fd_sc_hd__a211oi_2)
                                         _006_ (net)
                  0.14    0.00    2.27 ^ _345_/D (sky130_fd_sc_hd__dfrtp_2)
                                  2.27   data arrival time

                  0.00   10.00   10.00   clock clk (rise edge)
                          0.00   10.00   clock network delay (ideal)
                          0.00   10.00   clock reconvergence pessimism
                                 10.00 ^ _345_/CLK (sky130_fd_sc_hd__dfrtp_2)
                         -0.09    9.91   library setup time
                                  9.91   data required time
-----------------------------------------------------------------------------
                                  9.91   data required time
                                 -2.27   data arrival time
-----------------------------------------------------------------------------
                                  7.64   slack (MET)


Startpoint: _342_ (rising edge-triggered flip-flop clocked by clk)
Endpoint: _351_ (rising edge-triggered flip-flop clocked by clk)
Path Group: clk
Path Type: max

Fanout     Cap    Slew   Delay    Time   Description
-----------------------------------------------------------------------------
                  0.00    0.00    0.00   clock clk (rise edge)
                          0.00    0.00   clock network delay (ideal)
                  0.00    0.00    0.00 ^ _342_/CLK (sky130_fd_sc_hd__dfrtp_2)
     5    0.01    0.07    0.40    0.40 v _342_/Q (sky130_fd_sc_hd__dfrtp_2)
                                         one_second_counter[12] (net)
                  0.07    0.00    0.40 v _180_/C (sky130_fd_sc_hd__and4_2)
     2    0.00    0.04    0.22    0.63 v _180_/X (sky130_fd_sc_hd__and4_2)
                                         _078_ (net)
                  0.04    0.00    0.63 v _181_/D (sky130_fd_sc_hd__or4_2)
     1    0.00    0.10    0.52    1.15 v _181_/X (sky130_fd_sc_hd__or4_2)
                                         _079_ (net)
                  0.10    0.00    1.15 v _184_/A3 (sky130_fd_sc_hd__o31a_2)
     1    0.00    0.06    0.30    1.45 v _184_/X (sky130_fd_sc_hd__o31a_2)
                                         _082_ (net)
                  0.06    0.00    1.45 v _186_/A2 (sky130_fd_sc_hd__o211ai_2)
     2    0.00    0.13    0.14    1.59 ^ _186_/Y (sky130_fd_sc_hd__o211ai_2)
                                         _084_ (net)
                  0.13    0.00    1.59 ^ _187_/A2 (sky130_fd_sc_hd__a21bo_2)
     9    0.02    0.10    0.20    1.79 ^ _187_/X (sky130_fd_sc_hd__a21bo_2)
                                         _085_ (net)
                  0.10    0.00    1.79 ^ _188_/A (sky130_fd_sc_hd__inv_2)
     2    0.01    0.03    0.05    1.84 v _188_/Y (sky130_fd_sc_hd__inv_2)
                                         _086_ (net)
                  0.03    0.00    1.84 v _189_/A (sky130_fd_sc_hd__buf_1)
    10    0.04    0.22    0.24    2.08 v _189_/X (sky130_fd_sc_hd__buf_1)
                                         _027_ (net)
                  0.22    0.00    2.08 v _268_/C1 (sky130_fd_sc_hd__a211oi_2)
     1    0.00    0.14    0.19    2.27 ^ _268_/Y (sky130_fd_sc_hd__a211oi_2)
                                         _013_ (net)
                  0.14    0.00    2.27 ^ _351_/D (sky130_fd_sc_hd__dfrtp_2)
                                  2.27   data arrival time

                  0.00   10.00   10.00   clock clk (rise edge)
                          0.00   10.00   clock network delay (ideal)
                          0.00   10.00   clock reconvergence pessimism
                                 10.00 ^ _351_/CLK (sky130_fd_sc_hd__dfrtp_2)
                         -0.09    9.91   library setup time
                                  9.91   data required time
-----------------------------------------------------------------------------
                                  9.91   data required time
                                 -2.27   data arrival time
-----------------------------------------------------------------------------
                                  7.64   slack (MET)


Startpoint: _342_ (rising edge-triggered flip-flop clocked by clk)
Endpoint: _334_ (rising edge-triggered flip-flop clocked by clk)
Path Group: clk
Path Type: max

Fanout     Cap    Slew   Delay    Time   Description
-----------------------------------------------------------------------------
                  0.00    0.00    0.00   clock clk (rise edge)
                          0.00    0.00   clock network delay (ideal)
                  0.00    0.00    0.00 ^ _342_/CLK (sky130_fd_sc_hd__dfrtp_2)
     5    0.01    0.07    0.40    0.40 v _342_/Q (sky130_fd_sc_hd__dfrtp_2)
                                         one_second_counter[12] (net)
                  0.07    0.00    0.40 v _180_/C (sky130_fd_sc_hd__and4_2)
     2    0.00    0.04    0.22    0.63 v _180_/X (sky130_fd_sc_hd__and4_2)
                                         _078_ (net)
                  0.04    0.00    0.63 v _181_/D (sky130_fd_sc_hd__or4_2)
     1    0.00    0.10    0.52    1.15 v _181_/X (sky130_fd_sc_hd__or4_2)
                                         _079_ (net)
                  0.10    0.00    1.15 v _184_/A3 (sky130_fd_sc_hd__o31a_2)
     1    0.00    0.06    0.30    1.45 v _184_/X (sky130_fd_sc_hd__o31a_2)
                                         _082_ (net)
                  0.06    0.00    1.45 v _186_/A2 (sky130_fd_sc_hd__o211ai_2)
     2    0.00    0.13    0.14    1.59 ^ _186_/Y (sky130_fd_sc_hd__o211ai_2)
                                         _084_ (net)
                  0.13    0.00    1.59 ^ _187_/A2 (sky130_fd_sc_hd__a21bo_2)
     9    0.02    0.10    0.20    1.79 ^ _187_/X (sky130_fd_sc_hd__a21bo_2)
                                         _085_ (net)
                  0.10    0.00    1.79 ^ _202_/A (sky130_fd_sc_hd__buf_1)
    10    0.02    0.20    0.21    2.00 ^ _202_/X (sky130_fd_sc_hd__buf_1)
                                         _095_ (net)
                  0.20    0.00    2.00 ^ _205_/A (sky130_fd_sc_hd__and3_2)
     1    0.00    0.04    0.20    2.20 ^ _205_/X (sky130_fd_sc_hd__and3_2)
                                         _098_ (net)
                  0.04    0.00    2.20 ^ _206_/A (sky130_fd_sc_hd__buf_1)
     1    0.00    0.04    0.07    2.27 ^ _206_/X (sky130_fd_sc_hd__buf_1)
                                         _021_ (net)
                  0.04    0.00    2.27 ^ _334_/D (sky130_fd_sc_hd__dfrtp_2)
                                  2.27   data arrival time

                  0.00   10.00   10.00   clock clk (rise edge)
                          0.00   10.00   clock network delay (ideal)
                          0.00   10.00   clock reconvergence pessimism
                                 10.00 ^ _334_/CLK (sky130_fd_sc_hd__dfrtp_2)
                         -0.07    9.93   library setup time
                                  9.93   data required time
-----------------------------------------------------------------------------
                                  9.93   data required time
                                 -2.27   data arrival time
-----------------------------------------------------------------------------
                                  7.66   slack (MET)


Startpoint: _342_ (rising edge-triggered flip-flop clocked by clk)
Endpoint: _336_ (rising edge-triggered flip-flop clocked by clk)
Path Group: clk
Path Type: max

Fanout     Cap    Slew   Delay    Time   Description
-----------------------------------------------------------------------------
                  0.00    0.00    0.00   clock clk (rise edge)
                          0.00    0.00   clock network delay (ideal)
                  0.00    0.00    0.00 ^ _342_/CLK (sky130_fd_sc_hd__dfrtp_2)
     5    0.01    0.07    0.40    0.40 v _342_/Q (sky130_fd_sc_hd__dfrtp_2)
                                         one_second_counter[12] (net)
                  0.07    0.00    0.40 v _180_/C (sky130_fd_sc_hd__and4_2)
     2    0.00    0.04    0.22    0.63 v _180_/X (sky130_fd_sc_hd__and4_2)
                                         _078_ (net)
                  0.04    0.00    0.63 v _181_/D (sky130_fd_sc_hd__or4_2)
     1    0.00    0.10    0.52    1.15 v _181_/X (sky130_fd_sc_hd__or4_2)
                                         _079_ (net)
                  0.10    0.00    1.15 v _184_/A3 (sky130_fd_sc_hd__o31a_2)
     1    0.00    0.06    0.30    1.45 v _184_/X (sky130_fd_sc_hd__o31a_2)
                                         _082_ (net)
                  0.06    0.00    1.45 v _186_/A2 (sky130_fd_sc_hd__o211ai_2)
     2    0.00    0.13    0.14    1.59 ^ _186_/Y (sky130_fd_sc_hd__o211ai_2)
                                         _084_ (net)
                  0.13    0.00    1.59 ^ _187_/A2 (sky130_fd_sc_hd__a21bo_2)
     9    0.02    0.10    0.20    1.79 ^ _187_/X (sky130_fd_sc_hd__a21bo_2)
                                         _085_ (net)
                  0.10    0.00    1.79 ^ _202_/A (sky130_fd_sc_hd__buf_1)
    10    0.02    0.20    0.21    2.00 ^ _202_/X (sky130_fd_sc_hd__buf_1)
                                         _095_ (net)
                  0.20    0.00    2.00 ^ _212_/A (sky130_fd_sc_hd__and3_2)
     1    0.00    0.04    0.20    2.20 ^ _212_/X (sky130_fd_sc_hd__and3_2)
                                         _103_ (net)
                  0.04    0.00    2.20 ^ _213_/A (sky130_fd_sc_hd__buf_1)
     1    0.00    0.04    0.07    2.27 ^ _213_/X (sky130_fd_sc_hd__buf_1)
                                         _023_ (net)
                  0.04    0.00    2.27 ^ _336_/D (sky130_fd_sc_hd__dfrtp_2)
                                  2.27   data arrival time

                  0.00   10.00   10.00   clock clk (rise edge)
                          0.00   10.00   clock network delay (ideal)
                          0.00   10.00   clock reconvergence pessimism
                                 10.00 ^ _336_/CLK (sky130_fd_sc_hd__dfrtp_2)
                         -0.07    9.93   library setup time
                                  9.93   data required time
-----------------------------------------------------------------------------
                                  9.93   data required time
                                 -2.27   data arrival time
-----------------------------------------------------------------------------
                                  7.66   slack (MET)


Startpoint: _342_ (rising edge-triggered flip-flop clocked by clk)
Endpoint: _340_ (rising edge-triggered flip-flop clocked by clk)
Path Group: clk
Path Type: max

Fanout     Cap    Slew   Delay    Time   Description
-----------------------------------------------------------------------------
                  0.00    0.00    0.00   clock clk (rise edge)
                          0.00    0.00   clock network delay (ideal)
                  0.00    0.00    0.00 ^ _342_/CLK (sky130_fd_sc_hd__dfrtp_2)
     5    0.01    0.07    0.40    0.40 v _342_/Q (sky130_fd_sc_hd__dfrtp_2)
                                         one_second_counter[12] (net)
                  0.07    0.00    0.40 v _180_/C (sky130_fd_sc_hd__and4_2)
     2    0.00    0.04    0.22    0.63 v _180_/X (sky130_fd_sc_hd__and4_2)
                                         _078_ (net)
                  0.04    0.00    0.63 v _181_/D (sky130_fd_sc_hd__or4_2)
     1    0.00    0.10    0.52    1.15 v _181_/X (sky130_fd_sc_hd__or4_2)
                                         _079_ (net)
                  0.10    0.00    1.15 v _184_/A3 (sky130_fd_sc_hd__o31a_2)
     1    0.00    0.06    0.30    1.45 v _184_/X (sky130_fd_sc_hd__o31a_2)
                                         _082_ (net)
                  0.06    0.00    1.45 v _186_/A2 (sky130_fd_sc_hd__o211ai_2)
     2    0.00    0.13    0.14    1.59 ^ _186_/Y (sky130_fd_sc_hd__o211ai_2)
                                         _084_ (net)
                  0.13    0.00    1.59 ^ _187_/A2 (sky130_fd_sc_hd__a21bo_2)
     9    0.02    0.10    0.20    1.79 ^ _187_/X (sky130_fd_sc_hd__a21bo_2)
                                         _085_ (net)
                  0.10    0.00    1.79 ^ _202_/A (sky130_fd_sc_hd__buf_1)
    10    0.02    0.20    0.21    2.00 ^ _202_/X (sky130_fd_sc_hd__buf_1)
                                         _095_ (net)
                  0.20    0.00    2.00 ^ _225_/A (sky130_fd_sc_hd__and3_2)
     1    0.00    0.04    0.20    2.20 ^ _225_/X (sky130_fd_sc_hd__and3_2)
                                         _112_ (net)
                  0.04    0.00    2.20 ^ _226_/A (sky130_fd_sc_hd__buf_1)
     1    0.00    0.04    0.07    2.27 ^ _226_/X (sky130_fd_sc_hd__buf_1)
                                         _001_ (net)
                  0.04    0.00    2.27 ^ _340_/D (sky130_fd_sc_hd__dfrtp_2)
                                  2.27   data arrival time

                  0.00   10.00   10.00   clock clk (rise edge)
                          0.00   10.00   clock network delay (ideal)
                          0.00   10.00   clock reconvergence pessimism
                                 10.00 ^ _340_/CLK (sky130_fd_sc_hd__dfrtp_2)
                         -0.07    9.93   library setup time
                                  9.93   data required time
-----------------------------------------------------------------------------
                                  9.93   data required time
                                 -2.27   data arrival time
-----------------------------------------------------------------------------
                                  7.66   slack (MET)


Startpoint: _342_ (rising edge-triggered flip-flop clocked by clk)
Endpoint: _342_ (rising edge-triggered flip-flop clocked by clk)
Path Group: clk
Path Type: max

Fanout     Cap    Slew   Delay    Time   Description
-----------------------------------------------------------------------------
                  0.00    0.00    0.00   clock clk (rise edge)
                          0.00    0.00   clock network delay (ideal)
                  0.00    0.00    0.00 ^ _342_/CLK (sky130_fd_sc_hd__dfrtp_2)
     5    0.01    0.07    0.40    0.40 v _342_/Q (sky130_fd_sc_hd__dfrtp_2)
                                         one_second_counter[12] (net)
                  0.07    0.00    0.40 v _180_/C (sky130_fd_sc_hd__and4_2)
     2    0.00    0.04    0.22    0.63 v _180_/X (sky130_fd_sc_hd__and4_2)
                                         _078_ (net)
                  0.04    0.00    0.63 v _181_/D (sky130_fd_sc_hd__or4_2)
     1    0.00    0.10    0.52    1.15 v _181_/X (sky130_fd_sc_hd__or4_2)
                                         _079_ (net)
                  0.10    0.00    1.15 v _184_/A3 (sky130_fd_sc_hd__o31a_2)
     1    0.00    0.06    0.30    1.45 v _184_/X (sky130_fd_sc_hd__o31a_2)
                                         _082_ (net)
                  0.06    0.00    1.45 v _186_/A2 (sky130_fd_sc_hd__o211ai_2)
     2    0.00    0.13    0.14    1.59 ^ _186_/Y (sky130_fd_sc_hd__o211ai_2)
                                         _084_ (net)
                  0.13    0.00    1.59 ^ _187_/A2 (sky130_fd_sc_hd__a21bo_2)
     9    0.02    0.10    0.20    1.79 ^ _187_/X (sky130_fd_sc_hd__a21bo_2)
                                         _085_ (net)
                  0.10    0.00    1.79 ^ _202_/A (sky130_fd_sc_hd__buf_1)
    10    0.02    0.20    0.21    2.00 ^ _202_/X (sky130_fd_sc_hd__buf_1)
                                         _095_ (net)
                  0.20    0.00    2.00 ^ _232_/A (sky130_fd_sc_hd__and3_2)
     1    0.00    0.04    0.20    2.20 ^ _232_/X (sky130_fd_sc_hd__and3_2)
                                         _117_ (net)
                  0.04    0.00    2.20 ^ _233_/A (sky130_fd_sc_hd__buf_1)
     1    0.00    0.04    0.07    2.27 ^ _233_/X (sky130_fd_sc_hd__buf_1)
                                         _003_ (net)
                  0.04    0.00    2.27 ^ _342_/D (sky130_fd_sc_hd__dfrtp_2)
                                  2.27   data arrival time

                  0.00   10.00   10.00   clock clk (rise edge)
                          0.00   10.00   clock network delay (ideal)
                          0.00   10.00   clock reconvergence pessimism
                                 10.00 ^ _342_/CLK (sky130_fd_sc_hd__dfrtp_2)
                         -0.07    9.93   library setup time
                                  9.93   data required time
-----------------------------------------------------------------------------
                                  9.93   data required time
                                 -2.27   data arrival time
-----------------------------------------------------------------------------
                                  7.66   slack (MET)


Startpoint: _342_ (rising edge-triggered flip-flop clocked by clk)
Endpoint: _343_ (rising edge-triggered flip-flop clocked by clk)
Path Group: clk
Path Type: max

Fanout     Cap    Slew   Delay    Time   Description
-----------------------------------------------------------------------------
                  0.00    0.00    0.00   clock clk (rise edge)
                          0.00    0.00   clock network delay (ideal)
                  0.00    0.00    0.00 ^ _342_/CLK (sky130_fd_sc_hd__dfrtp_2)
     5    0.01    0.07    0.40    0.40 v _342_/Q (sky130_fd_sc_hd__dfrtp_2)
                                         one_second_counter[12] (net)
                  0.07    0.00    0.40 v _180_/C (sky130_fd_sc_hd__and4_2)
     2    0.00    0.04    0.22    0.63 v _180_/X (sky130_fd_sc_hd__and4_2)
                                         _078_ (net)
                  0.04    0.00    0.63 v _181_/D (sky130_fd_sc_hd__or4_2)
     1    0.00    0.10    0.52    1.15 v _181_/X (sky130_fd_sc_hd__or4_2)
                                         _079_ (net)
                  0.10    0.00    1.15 v _184_/A3 (sky130_fd_sc_hd__o31a_2)
     1    0.00    0.06    0.30    1.45 v _184_/X (sky130_fd_sc_hd__o31a_2)
                                         _082_ (net)
                  0.06    0.00    1.45 v _186_/A2 (sky130_fd_sc_hd__o211ai_2)
     2    0.00    0.13    0.14    1.59 ^ _186_/Y (sky130_fd_sc_hd__o211ai_2)
                                         _084_ (net)
                  0.13    0.00    1.59 ^ _187_/A2 (sky130_fd_sc_hd__a21bo_2)
     9    0.02    0.10    0.20    1.79 ^ _187_/X (sky130_fd_sc_hd__a21bo_2)
                                         _085_ (net)
                  0.10    0.00    1.79 ^ _202_/A (sky130_fd_sc_hd__buf_1)
    10    0.02    0.20    0.21    2.00 ^ _202_/X (sky130_fd_sc_hd__buf_1)
                                         _095_ (net)
                  0.20    0.00    2.00 ^ _236_/A (sky130_fd_sc_hd__and3_2)
     1    0.00    0.04    0.20    2.20 ^ _236_/X (sky130_fd_sc_hd__and3_2)
                                         _120_ (net)
                  0.04    0.00    2.20 ^ _237_/A (sky130_fd_sc_hd__buf_1)
     1    0.00    0.04    0.07    2.27 ^ _237_/X (sky130_fd_sc_hd__buf_1)
                                         _004_ (net)
                  0.04    0.00    2.27 ^ _343_/D (sky130_fd_sc_hd__dfrtp_2)
                                  2.27   data arrival time

                  0.00   10.00   10.00   clock clk (rise edge)
                          0.00   10.00   clock network delay (ideal)
                          0.00   10.00   clock reconvergence pessimism
                                 10.00 ^ _343_/CLK (sky130_fd_sc_hd__dfrtp_2)
                         -0.07    9.93   library setup time
                                  9.93   data required time
-----------------------------------------------------------------------------
                                  9.93   data required time
                                 -2.27   data arrival time
-----------------------------------------------------------------------------
                                  7.66   slack (MET)


Startpoint: _342_ (rising edge-triggered flip-flop clocked by clk)
Endpoint: _344_ (rising edge-triggered flip-flop clocked by clk)
Path Group: clk
Path Type: max

Fanout     Cap    Slew   Delay    Time   Description
-----------------------------------------------------------------------------
                  0.00    0.00    0.00   clock clk (rise edge)
                          0.00    0.00   clock network delay (ideal)
                  0.00    0.00    0.00 ^ _342_/CLK (sky130_fd_sc_hd__dfrtp_2)
     5    0.01    0.07    0.40    0.40 v _342_/Q (sky130_fd_sc_hd__dfrtp_2)
                                         one_second_counter[12] (net)
                  0.07    0.00    0.40 v _180_/C (sky130_fd_sc_hd__and4_2)
     2    0.00    0.04    0.22    0.63 v _180_/X (sky130_fd_sc_hd__and4_2)
                                         _078_ (net)
                  0.04    0.00    0.63 v _181_/D (sky130_fd_sc_hd__or4_2)
     1    0.00    0.10    0.52    1.15 v _181_/X (sky130_fd_sc_hd__or4_2)
                                         _079_ (net)
                  0.10    0.00    1.15 v _184_/A3 (sky130_fd_sc_hd__o31a_2)
     1    0.00    0.06    0.30    1.45 v _184_/X (sky130_fd_sc_hd__o31a_2)
                                         _082_ (net)
                  0.06    0.00    1.45 v _186_/A2 (sky130_fd_sc_hd__o211ai_2)
     2    0.00    0.13    0.14    1.59 ^ _186_/Y (sky130_fd_sc_hd__o211ai_2)
                                         _084_ (net)
                  0.13    0.00    1.59 ^ _187_/A2 (sky130_fd_sc_hd__a21bo_2)
     9    0.02    0.10    0.20    1.79 ^ _187_/X (sky130_fd_sc_hd__a21bo_2)
                                         _085_ (net)
                  0.10    0.00    1.79 ^ _202_/A (sky130_fd_sc_hd__buf_1)
    10    0.02    0.20    0.21    2.00 ^ _202_/X (sky130_fd_sc_hd__buf_1)
                                         _095_ (net)
                  0.20    0.00    2.00 ^ _241_/A (sky130_fd_sc_hd__and3_2)
     1    0.00    0.04    0.20    2.20 ^ _241_/X (sky130_fd_sc_hd__and3_2)
                                         _124_ (net)
                  0.04    0.00    2.20 ^ _242_/A (sky130_fd_sc_hd__buf_1)
     1    0.00    0.04    0.07    2.27 ^ _242_/X (sky130_fd_sc_hd__buf_1)
                                         _005_ (net)
                  0.04    0.00    2.27 ^ _344_/D (sky130_fd_sc_hd__dfrtp_2)
                                  2.27   data arrival time

                  0.00   10.00   10.00   clock clk (rise edge)
                          0.00   10.00   clock network delay (ideal)
                          0.00   10.00   clock reconvergence pessimism
                                 10.00 ^ _344_/CLK (sky130_fd_sc_hd__dfrtp_2)
                         -0.07    9.93   library setup time
                                  9.93   data required time
-----------------------------------------------------------------------------
                                  9.93   data required time
                                 -2.27   data arrival time
-----------------------------------------------------------------------------
                                  7.66   slack (MET)


Startpoint: _342_ (rising edge-triggered flip-flop clocked by clk)
Endpoint: _346_ (rising edge-triggered flip-flop clocked by clk)
Path Group: clk
Path Type: max

Fanout     Cap    Slew   Delay    Time   Description
-----------------------------------------------------------------------------
                  0.00    0.00    0.00   clock clk (rise edge)
                          0.00    0.00   clock network delay (ideal)
                  0.00    0.00    0.00 ^ _342_/CLK (sky130_fd_sc_hd__dfrtp_2)
     5    0.01    0.07    0.40    0.40 v _342_/Q (sky130_fd_sc_hd__dfrtp_2)
                                         one_second_counter[12] (net)
                  0.07    0.00    0.40 v _180_/C (sky130_fd_sc_hd__and4_2)
     2    0.00    0.04    0.22    0.63 v _180_/X (sky130_fd_sc_hd__and4_2)
                                         _078_ (net)
                  0.04    0.00    0.63 v _181_/D (sky130_fd_sc_hd__or4_2)
     1    0.00    0.10    0.52    1.15 v _181_/X (sky130_fd_sc_hd__or4_2)
                                         _079_ (net)
                  0.10    0.00    1.15 v _184_/A3 (sky130_fd_sc_hd__o31a_2)
     1    0.00    0.06    0.30    1.45 v _184_/X (sky130_fd_sc_hd__o31a_2)
                                         _082_ (net)
                  0.06    0.00    1.45 v _186_/A2 (sky130_fd_sc_hd__o211ai_2)
     2    0.00    0.13    0.14    1.59 ^ _186_/Y (sky130_fd_sc_hd__o211ai_2)
                                         _084_ (net)
                  0.13    0.00    1.59 ^ _187_/A2 (sky130_fd_sc_hd__a21bo_2)
     9    0.02    0.10    0.20    1.79 ^ _187_/X (sky130_fd_sc_hd__a21bo_2)
                                         _085_ (net)
                  0.10    0.00    1.79 ^ _202_/A (sky130_fd_sc_hd__buf_1)
    10    0.02    0.20    0.21    2.00 ^ _202_/X (sky130_fd_sc_hd__buf_1)
                                         _095_ (net)
                  0.20    0.00    2.00 ^ _249_/A (sky130_fd_sc_hd__and3_2)
     1    0.00    0.04    0.20    2.20 ^ _249_/X (sky130_fd_sc_hd__and3_2)
                                         _130_ (net)
                  0.04    0.00    2.20 ^ _250_/A (sky130_fd_sc_hd__buf_1)
     1    0.00    0.04    0.07    2.27 ^ _250_/X (sky130_fd_sc_hd__buf_1)
                                         _007_ (net)
                  0.04    0.00    2.27 ^ _346_/D (sky130_fd_sc_hd__dfrtp_2)
                                  2.27   data arrival time

                  0.00   10.00   10.00   clock clk (rise edge)
                          0.00   10.00   clock network delay (ideal)
                          0.00   10.00   clock reconvergence pessimism
                                 10.00 ^ _346_/CLK (sky130_fd_sc_hd__dfrtp_2)
                         -0.07    9.93   library setup time
                                  9.93   data required time
-----------------------------------------------------------------------------
                                  9.93   data required time
                                 -2.27   data arrival time
-----------------------------------------------------------------------------
                                  7.66   slack (MET)


Startpoint: _342_ (rising edge-triggered flip-flop clocked by clk)
Endpoint: _349_ (rising edge-triggered flip-flop clocked by clk)
Path Group: clk
Path Type: max

Fanout     Cap    Slew   Delay    Time   Description
-----------------------------------------------------------------------------
                  0.00    0.00    0.00   clock clk (rise edge)
                          0.00    0.00   clock network delay (ideal)
                  0.00    0.00    0.00 ^ _342_/CLK (sky130_fd_sc_hd__dfrtp_2)
     5    0.01    0.07    0.40    0.40 v _342_/Q (sky130_fd_sc_hd__dfrtp_2)
                                         one_second_counter[12] (net)
                  0.07    0.00    0.40 v _180_/C (sky130_fd_sc_hd__and4_2)
     2    0.00    0.04    0.22    0.63 v _180_/X (sky130_fd_sc_hd__and4_2)
                                         _078_ (net)
                  0.04    0.00    0.63 v _181_/D (sky130_fd_sc_hd__or4_2)
     1    0.00    0.10    0.52    1.15 v _181_/X (sky130_fd_sc_hd__or4_2)
                                         _079_ (net)
                  0.10    0.00    1.15 v _184_/A3 (sky130_fd_sc_hd__o31a_2)
     1    0.00    0.06    0.30    1.45 v _184_/X (sky130_fd_sc_hd__o31a_2)
                                         _082_ (net)
                  0.06    0.00    1.45 v _186_/A2 (sky130_fd_sc_hd__o211ai_2)
     2    0.00    0.13    0.14    1.59 ^ _186_/Y (sky130_fd_sc_hd__o211ai_2)
                                         _084_ (net)
                  0.13    0.00    1.59 ^ _187_/A2 (sky130_fd_sc_hd__a21bo_2)
     9    0.02    0.10    0.20    1.79 ^ _187_/X (sky130_fd_sc_hd__a21bo_2)
                                         _085_ (net)
                  0.10    0.00    1.79 ^ _202_/A (sky130_fd_sc_hd__buf_1)
    10    0.02    0.20    0.21    2.00 ^ _202_/X (sky130_fd_sc_hd__buf_1)
                                         _095_ (net)
                  0.20    0.00    2.00 ^ _260_/A (sky130_fd_sc_hd__and3_2)
     1    0.00    0.04    0.20    2.20 ^ _260_/X (sky130_fd_sc_hd__and3_2)
                                         _138_ (net)
                  0.04    0.00    2.20 ^ _261_/A (sky130_fd_sc_hd__buf_1)
     1    0.00    0.04    0.07    2.27 ^ _261_/X (sky130_fd_sc_hd__buf_1)
                                         _010_ (net)
                  0.04    0.00    2.27 ^ _349_/D (sky130_fd_sc_hd__dfrtp_2)
                                  2.27   data arrival time

                  0.00   10.00   10.00   clock clk (rise edge)
                          0.00   10.00   clock network delay (ideal)
                          0.00   10.00   clock reconvergence pessimism
                                 10.00 ^ _349_/CLK (sky130_fd_sc_hd__dfrtp_2)
                         -0.07    9.93   library setup time
                                  9.93   data required time
-----------------------------------------------------------------------------
                                  9.93   data required time
                                 -2.27   data arrival time
-----------------------------------------------------------------------------
                                  7.66   slack (MET)


Startpoint: _330_ (rising edge-triggered flip-flop clocked by clk)
Endpoint: _352_ (rising edge-triggered flip-flop clocked by clk)
Path Group: clk
Path Type: max

Fanout     Cap    Slew   Delay    Time   Description
-----------------------------------------------------------------------------
                  0.00    0.00    0.00   clock clk (rise edge)
                          0.00    0.00   clock network delay (ideal)
                  0.00    0.00    0.00 ^ _330_/CLK (sky130_fd_sc_hd__dfrtp_2)
     7    0.02    0.08    0.42    0.42 v _330_/Q (sky130_fd_sc_hd__dfrtp_2)
                                         one_second_counter[0] (net)
                  0.08    0.00    0.42 v _177_/D (sky130_fd_sc_hd__and4_2)
     7    0.02    0.07    0.28    0.70 v _177_/X (sky130_fd_sc_hd__and4_2)
                                         _075_ (net)
                  0.07    0.00    0.70 v _221_/C (sky130_fd_sc_hd__and4_2)
     6    0.02    0.07    0.27    0.98 v _221_/X (sky130_fd_sc_hd__and4_2)
                                         _109_ (net)
                  0.07    0.00    0.98 v _244_/D (sky130_fd_sc_hd__and4_2)
     1    0.00    0.04    0.23    1.21 v _244_/X (sky130_fd_sc_hd__and4_2)
                                         _126_ (net)
                  0.04    0.00    1.21 v _245_/A (sky130_fd_sc_hd__buf_1)
    10    0.03    0.16    0.19    1.40 v _245_/X (sky130_fd_sc_hd__buf_1)
                                         _127_ (net)
                  0.16    0.00    1.40 v _267_/C (sky130_fd_sc_hd__and4_2)
     3    0.01    0.06    0.29    1.69 v _267_/X (sky130_fd_sc_hd__and4_2)
                                         _143_ (net)
                  0.06    0.00    1.69 v _269_/B (sky130_fd_sc_hd__or2_2)
     1    0.00    0.05    0.26    1.95 v _269_/X (sky130_fd_sc_hd__or2_2)
                                         _144_ (net)
                  0.05    0.00    1.95 v _271_/B (sky130_fd_sc_hd__and3_2)
     1    0.00    0.04    0.19    2.14 v _271_/X (sky130_fd_sc_hd__and3_2)
                                         _146_ (net)
                  0.04    0.00    2.14 v _272_/A (sky130_fd_sc_hd__buf_1)
     1    0.00    0.02    0.08    2.22 v _272_/X (sky130_fd_sc_hd__buf_1)
                                         _014_ (net)
                  0.02    0.00    2.22 v _352_/D (sky130_fd_sc_hd__dfrtp_2)
                                  2.22   data arrival time

                  0.00   10.00   10.00   clock clk (rise edge)
                          0.00   10.00   clock network delay (ideal)
                          0.00   10.00   clock reconvergence pessimism
                                 10.00 ^ _352_/CLK (sky130_fd_sc_hd__dfrtp_2)
                         -0.12    9.88   library setup time
                                  9.88   data required time
-----------------------------------------------------------------------------
                                  9.88   data required time
                                 -2.22   data arrival time
-----------------------------------------------------------------------------
                                  7.67   slack (MET)


Startpoint: _330_ (rising edge-triggered flip-flop clocked by clk)
Endpoint: _355_ (rising edge-triggered flip-flop clocked by clk)
Path Group: clk
Path Type: max

Fanout     Cap    Slew   Delay    Time   Description
-----------------------------------------------------------------------------
                  0.00    0.00    0.00   clock clk (rise edge)
                          0.00    0.00   clock network delay (ideal)
                  0.00    0.00    0.00 ^ _330_/CLK (sky130_fd_sc_hd__dfrtp_2)
     7    0.02    0.08    0.42    0.42 v _330_/Q (sky130_fd_sc_hd__dfrtp_2)
                                         one_second_counter[0] (net)
                  0.08    0.00    0.42 v _177_/D (sky130_fd_sc_hd__and4_2)
     7    0.02    0.07    0.28    0.70 v _177_/X (sky130_fd_sc_hd__and4_2)
                                         _075_ (net)
                  0.07    0.00    0.70 v _221_/C (sky130_fd_sc_hd__and4_2)
     6    0.02    0.07    0.27    0.98 v _221_/X (sky130_fd_sc_hd__and4_2)
                                         _109_ (net)
                  0.07    0.00    0.98 v _244_/D (sky130_fd_sc_hd__and4_2)
     1    0.00    0.04    0.23    1.21 v _244_/X (sky130_fd_sc_hd__and4_2)
                                         _126_ (net)
                  0.04    0.00    1.21 v _245_/A (sky130_fd_sc_hd__buf_1)
    10    0.03    0.16    0.19    1.40 v _245_/X (sky130_fd_sc_hd__buf_1)
                                         _127_ (net)
                  0.16    0.00    1.40 v _277_/B (sky130_fd_sc_hd__and3_2)
     4    0.01    0.06    0.27    1.67 v _277_/X (sky130_fd_sc_hd__and3_2)
                                         _150_ (net)
                  0.06    0.00    1.67 v _279_/B (sky130_fd_sc_hd__or2_2)
     1    0.00    0.05    0.26    1.93 v _279_/X (sky130_fd_sc_hd__or2_2)
                                         _151_ (net)
                  0.05    0.00    1.93 v _281_/B (sky130_fd_sc_hd__and3_2)
     1    0.00    0.04    0.19    2.12 v _281_/X (sky130_fd_sc_hd__and3_2)
                                         _153_ (net)
                  0.04    0.00    2.12 v _282_/A (sky130_fd_sc_hd__buf_1)
     1    0.00    0.02    0.08    2.19 v _282_/X (sky130_fd_sc_hd__buf_1)
                                         _017_ (net)
                  0.02    0.00    2.19 v _355_/D (sky130_fd_sc_hd__dfrtp_2)
                                  2.19   data arrival time

                  0.00   10.00   10.00   clock clk (rise edge)
                          0.00   10.00   clock network delay (ideal)
                          0.00   10.00   clock reconvergence pessimism
                                 10.00 ^ _355_/CLK (sky130_fd_sc_hd__dfrtp_2)
                         -0.12    9.88   library setup time
                                  9.88   data required time
-----------------------------------------------------------------------------
                                  9.88   data required time
                                 -2.19   data arrival time
-----------------------------------------------------------------------------
                                  7.69   slack (MET)


Startpoint: _342_ (rising edge-triggered flip-flop clocked by clk)
Endpoint: _347_ (rising edge-triggered flip-flop clocked by clk)
Path Group: clk
Path Type: max

Fanout     Cap    Slew   Delay    Time   Description
-----------------------------------------------------------------------------
                  0.00    0.00    0.00   clock clk (rise edge)
                          0.00    0.00   clock network delay (ideal)
                  0.00    0.00    0.00 ^ _342_/CLK (sky130_fd_sc_hd__dfrtp_2)
     5    0.01    0.07    0.40    0.40 v _342_/Q (sky130_fd_sc_hd__dfrtp_2)
                                         one_second_counter[12] (net)
                  0.07    0.00    0.40 v _180_/C (sky130_fd_sc_hd__and4_2)
     2    0.00    0.04    0.22    0.63 v _180_/X (sky130_fd_sc_hd__and4_2)
                                         _078_ (net)
                  0.04    0.00    0.63 v _181_/D (sky130_fd_sc_hd__or4_2)
     1    0.00    0.10    0.52    1.15 v _181_/X (sky130_fd_sc_hd__or4_2)
                                         _079_ (net)
                  0.10    0.00    1.15 v _184_/A3 (sky130_fd_sc_hd__o31a_2)
     1    0.00    0.06    0.30    1.45 v _184_/X (sky130_fd_sc_hd__o31a_2)
                                         _082_ (net)
                  0.06    0.00    1.45 v _186_/A2 (sky130_fd_sc_hd__o211ai_2)
     2    0.00    0.13    0.14    1.59 ^ _186_/Y (sky130_fd_sc_hd__o211ai_2)
                                         _084_ (net)
                  0.13    0.00    1.59 ^ _187_/A2 (sky130_fd_sc_hd__a21bo_2)
     9    0.02    0.10    0.20    1.79 ^ _187_/X (sky130_fd_sc_hd__a21bo_2)
                                         _085_ (net)
                  0.10    0.00    1.79 ^ _188_/A (sky130_fd_sc_hd__inv_2)
     2    0.01    0.03    0.05    1.84 v _188_/Y (sky130_fd_sc_hd__inv_2)
                                         _086_ (net)
                  0.03    0.00    1.84 v _189_/A (sky130_fd_sc_hd__buf_1)
    10    0.04    0.22    0.24    2.08 v _189_/X (sky130_fd_sc_hd__buf_1)
                                         _027_ (net)
                  0.22    0.00    2.08 v _252_/A (sky130_fd_sc_hd__nor2_2)
     1    0.00    0.07    0.15    2.22 ^ _252_/Y (sky130_fd_sc_hd__nor2_2)
                                         _008_ (net)
                  0.07    0.00    2.22 ^ _347_/D (sky130_fd_sc_hd__dfrtp_2)
                                  2.22   data arrival time

                  0.00   10.00   10.00   clock clk (rise edge)
                          0.00   10.00   clock network delay (ideal)
                          0.00   10.00   clock reconvergence pessimism
                                 10.00 ^ _347_/CLK (sky130_fd_sc_hd__dfrtp_2)
                         -0.08    9.92   library setup time
                                  9.92   data required time
-----------------------------------------------------------------------------
                                  9.92   data required time
                                 -2.22   data arrival time
-----------------------------------------------------------------------------
                                  7.70   slack (MET)


Startpoint: _342_ (rising edge-triggered flip-flop clocked by clk)
Endpoint: _357_ (rising edge-triggered flip-flop clocked by clk)
Path Group: clk
Path Type: max

Fanout     Cap    Slew   Delay    Time   Description
-----------------------------------------------------------------------------
                  0.00    0.00    0.00   clock clk (rise edge)
                          0.00    0.00   clock network delay (ideal)
                  0.00    0.00    0.00 ^ _342_/CLK (sky130_fd_sc_hd__dfrtp_2)
     5    0.01    0.07    0.40    0.40 v _342_/Q (sky130_fd_sc_hd__dfrtp_2)
                                         one_second_counter[12] (net)
                  0.07    0.00    0.40 v _180_/C (sky130_fd_sc_hd__and4_2)
     2    0.00    0.04    0.22    0.63 v _180_/X (sky130_fd_sc_hd__and4_2)
                                         _078_ (net)
                  0.04    0.00    0.63 v _181_/D (sky130_fd_sc_hd__or4_2)
     1    0.00    0.10    0.52    1.15 v _181_/X (sky130_fd_sc_hd__or4_2)
                                         _079_ (net)
                  0.10    0.00    1.15 v _184_/A3 (sky130_fd_sc_hd__o31a_2)
     1    0.00    0.06    0.30    1.45 v _184_/X (sky130_fd_sc_hd__o31a_2)
                                         _082_ (net)
                  0.06    0.00    1.45 v _186_/A2 (sky130_fd_sc_hd__o211ai_2)
     2    0.00    0.13    0.14    1.59 ^ _186_/Y (sky130_fd_sc_hd__o211ai_2)
                                         _084_ (net)
                  0.13    0.00    1.59 ^ _187_/A2 (sky130_fd_sc_hd__a21bo_2)
     9    0.02    0.10    0.20    1.79 ^ _187_/X (sky130_fd_sc_hd__a21bo_2)
                                         _085_ (net)
                  0.10    0.00    1.79 ^ _188_/A (sky130_fd_sc_hd__inv_2)
     2    0.01    0.03    0.05    1.84 v _188_/Y (sky130_fd_sc_hd__inv_2)
                                         _086_ (net)
                  0.03    0.00    1.84 v _189_/A (sky130_fd_sc_hd__buf_1)
    10    0.04    0.22    0.24    2.08 v _189_/X (sky130_fd_sc_hd__buf_1)
                                         _027_ (net)
                  0.22    0.00    2.08 v _357_/D (sky130_fd_sc_hd__dfrtp_2)
                                  2.08   data arrival time

                  0.00   10.00   10.00   clock clk (rise edge)
                          0.00   10.00   clock network delay (ideal)
                          0.00   10.00   clock reconvergence pessimism
                                 10.00 ^ _357_/CLK (sky130_fd_sc_hd__dfrtp_2)
                         -0.20    9.80   library setup time
                                  9.80   data required time
-----------------------------------------------------------------------------
                                  9.80   data required time
                                 -2.08   data arrival time
-----------------------------------------------------------------------------
                                  7.72   slack (MET)


Startpoint: _342_ (rising edge-triggered flip-flop clocked by clk)
Endpoint: _330_ (rising edge-triggered flip-flop clocked by clk)
Path Group: clk
Path Type: max

Fanout     Cap    Slew   Delay    Time   Description
-----------------------------------------------------------------------------
                  0.00    0.00    0.00   clock clk (rise edge)
                          0.00    0.00   clock network delay (ideal)
                  0.00    0.00    0.00 ^ _342_/CLK (sky130_fd_sc_hd__dfrtp_2)
     5    0.01    0.07    0.40    0.40 v _342_/Q (sky130_fd_sc_hd__dfrtp_2)
                                         one_second_counter[12] (net)
                  0.07    0.00    0.40 v _180_/C (sky130_fd_sc_hd__and4_2)
     2    0.00    0.04    0.22    0.63 v _180_/X (sky130_fd_sc_hd__and4_2)
                                         _078_ (net)
                  0.04    0.00    0.63 v _181_/D (sky130_fd_sc_hd__or4_2)
     1    0.00    0.10    0.52    1.15 v _181_/X (sky130_fd_sc_hd__or4_2)
                                         _079_ (net)
                  0.10    0.00    1.15 v _184_/A3 (sky130_fd_sc_hd__o31a_2)
     1    0.00    0.06    0.30    1.45 v _184_/X (sky130_fd_sc_hd__o31a_2)
                                         _082_ (net)
                  0.06    0.00    1.45 v _186_/A2 (sky130_fd_sc_hd__o211ai_2)
     2    0.00    0.13    0.14    1.59 ^ _186_/Y (sky130_fd_sc_hd__o211ai_2)
                                         _084_ (net)
                  0.13    0.00    1.59 ^ _187_/A2 (sky130_fd_sc_hd__a21bo_2)
     9    0.02    0.10    0.20    1.79 ^ _187_/X (sky130_fd_sc_hd__a21bo_2)
                                         _085_ (net)
                  0.10    0.00    1.79 ^ _188_/A (sky130_fd_sc_hd__inv_2)
     2    0.01    0.03    0.05    1.84 v _188_/Y (sky130_fd_sc_hd__inv_2)
                                         _086_ (net)
                  0.03    0.00    1.84 v _189_/A (sky130_fd_sc_hd__buf_1)
    10    0.04    0.22    0.24    2.08 v _189_/X (sky130_fd_sc_hd__buf_1)
                                         _027_ (net)
                  0.22    0.00    2.08 v _190_/B (sky130_fd_sc_hd__nor2_2)
     1    0.00    0.08    0.12    2.20 ^ _190_/Y (sky130_fd_sc_hd__nor2_2)
                                         _000_ (net)
                  0.08    0.00    2.20 ^ _330_/D (sky130_fd_sc_hd__dfrtp_2)
                                  2.20   data arrival time

                  0.00   10.00   10.00   clock clk (rise edge)
                          0.00   10.00   clock network delay (ideal)
                          0.00   10.00   clock reconvergence pessimism
                                 10.00 ^ _330_/CLK (sky130_fd_sc_hd__dfrtp_2)
                         -0.08    9.92   library setup time
                                  9.92   data required time
-----------------------------------------------------------------------------
                                  9.92   data required time
                                 -2.20   data arrival time
-----------------------------------------------------------------------------
                                  7.72   slack (MET)


Startpoint: _330_ (rising edge-triggered flip-flop clocked by clk)
Endpoint: _350_ (rising edge-triggered flip-flop clocked by clk)
Path Group: clk
Path Type: max

Fanout     Cap    Slew   Delay    Time   Description
-----------------------------------------------------------------------------
                  0.00    0.00    0.00   clock clk (rise edge)
                          0.00    0.00   clock network delay (ideal)
                  0.00    0.00    0.00 ^ _330_/CLK (sky130_fd_sc_hd__dfrtp_2)
     7    0.02    0.08    0.42    0.42 v _330_/Q (sky130_fd_sc_hd__dfrtp_2)
                                         one_second_counter[0] (net)
                  0.08    0.00    0.42 v _177_/D (sky130_fd_sc_hd__and4_2)
     7    0.02    0.07    0.28    0.70 v _177_/X (sky130_fd_sc_hd__and4_2)
                                         _075_ (net)
                  0.07    0.00    0.70 v _221_/C (sky130_fd_sc_hd__and4_2)
     6    0.02    0.07    0.27    0.98 v _221_/X (sky130_fd_sc_hd__and4_2)
                                         _109_ (net)
                  0.07    0.00    0.98 v _244_/D (sky130_fd_sc_hd__and4_2)
     1    0.00    0.04    0.23    1.21 v _244_/X (sky130_fd_sc_hd__and4_2)
                                         _126_ (net)
                  0.04    0.00    1.21 v _245_/A (sky130_fd_sc_hd__buf_1)
    10    0.03    0.16    0.19    1.40 v _245_/X (sky130_fd_sc_hd__buf_1)
                                         _127_ (net)
                  0.16    0.00    1.40 v _258_/A (sky130_fd_sc_hd__and2_2)
     3    0.01    0.05    0.24    1.63 v _258_/X (sky130_fd_sc_hd__and2_2)
                                         _136_ (net)
                  0.05    0.00    1.63 v _262_/B (sky130_fd_sc_hd__or2_2)
     1    0.00    0.05    0.26    1.89 v _262_/X (sky130_fd_sc_hd__or2_2)
                                         _139_ (net)
                  0.05    0.00    1.89 v _264_/B (sky130_fd_sc_hd__and3_2)
     1    0.00    0.04    0.19    2.08 v _264_/X (sky130_fd_sc_hd__and3_2)
                                         _141_ (net)
                  0.04    0.00    2.08 v _265_/A (sky130_fd_sc_hd__buf_1)
     1    0.00    0.02    0.08    2.16 v _265_/X (sky130_fd_sc_hd__buf_1)
                                         _012_ (net)
                  0.02    0.00    2.16 v _350_/D (sky130_fd_sc_hd__dfrtp_2)
                                  2.16   data arrival time

                  0.00   10.00   10.00   clock clk (rise edge)
                          0.00   10.00   clock network delay (ideal)
                          0.00   10.00   clock reconvergence pessimism
                                 10.00 ^ _350_/CLK (sky130_fd_sc_hd__dfrtp_2)
                         -0.12    9.88   library setup time
                                  9.88   data required time
-----------------------------------------------------------------------------
                                  9.88   data required time
                                 -2.16   data arrival time
-----------------------------------------------------------------------------
                                  7.73   slack (MET)


Startpoint: _342_ (rising edge-triggered flip-flop clocked by clk)
Endpoint: _356_ (rising edge-triggered flip-flop clocked by clk)
Path Group: clk
Path Type: max

Fanout     Cap    Slew   Delay    Time   Description
-----------------------------------------------------------------------------
                  0.00    0.00    0.00   clock clk (rise edge)
                          0.00    0.00   clock network delay (ideal)
                  0.00    0.00    0.00 ^ _342_/CLK (sky130_fd_sc_hd__dfrtp_2)
     5    0.01    0.07    0.40    0.40 v _342_/Q (sky130_fd_sc_hd__dfrtp_2)
                                         one_second_counter[12] (net)
                  0.07    0.00    0.40 v _180_/C (sky130_fd_sc_hd__and4_2)
     2    0.00    0.04    0.22    0.63 v _180_/X (sky130_fd_sc_hd__and4_2)
                                         _078_ (net)
                  0.04    0.00    0.63 v _181_/D (sky130_fd_sc_hd__or4_2)
     1    0.00    0.10    0.52    1.15 v _181_/X (sky130_fd_sc_hd__or4_2)
                                         _079_ (net)
                  0.10    0.00    1.15 v _184_/A3 (sky130_fd_sc_hd__o31a_2)
     1    0.00    0.06    0.30    1.45 v _184_/X (sky130_fd_sc_hd__o31a_2)
                                         _082_ (net)
                  0.06    0.00    1.45 v _186_/A2 (sky130_fd_sc_hd__o211ai_2)
     2    0.00    0.13    0.14    1.59 ^ _186_/Y (sky130_fd_sc_hd__o211ai_2)
                                         _084_ (net)
                  0.13    0.00    1.59 ^ _187_/A2 (sky130_fd_sc_hd__a21bo_2)
     9    0.02    0.10    0.20    1.79 ^ _187_/X (sky130_fd_sc_hd__a21bo_2)
                                         _085_ (net)
                  0.10    0.00    1.79 ^ _202_/A (sky130_fd_sc_hd__buf_1)
    10    0.02    0.20    0.21    2.00 ^ _202_/X (sky130_fd_sc_hd__buf_1)
                                         _095_ (net)
                  0.20    0.00    2.00 ^ _284_/B1 (sky130_fd_sc_hd__o211a_2)
     1    0.00    0.04    0.20    2.20 ^ _284_/X (sky130_fd_sc_hd__o211a_2)
                                         _018_ (net)
                  0.04    0.00    2.20 ^ _356_/D (sky130_fd_sc_hd__dfrtp_2)
                                  2.20   data arrival time

                  0.00   10.00   10.00   clock clk (rise edge)
                          0.00   10.00   clock network delay (ideal)
                          0.00   10.00   clock reconvergence pessimism
                                 10.00 ^ _356_/CLK (sky130_fd_sc_hd__dfrtp_2)
                         -0.07    9.93   library setup time
                                  9.93   data required time
-----------------------------------------------------------------------------
                                  9.93   data required time
                                 -2.20   data arrival time
-----------------------------------------------------------------------------
                                  7.73   slack (MET)


Startpoint: _342_ (rising edge-triggered flip-flop clocked by clk)
Endpoint: _348_ (rising edge-triggered flip-flop clocked by clk)
Path Group: clk
Path Type: max

Fanout     Cap    Slew   Delay    Time   Description
-----------------------------------------------------------------------------
                  0.00    0.00    0.00   clock clk (rise edge)
                          0.00    0.00   clock network delay (ideal)
                  0.00    0.00    0.00 ^ _342_/CLK (sky130_fd_sc_hd__dfrtp_2)
     5    0.01    0.07    0.40    0.40 v _342_/Q (sky130_fd_sc_hd__dfrtp_2)
                                         one_second_counter[12] (net)
                  0.07    0.00    0.40 v _180_/C (sky130_fd_sc_hd__and4_2)
     2    0.00    0.04    0.22    0.63 v _180_/X (sky130_fd_sc_hd__and4_2)
                                         _078_ (net)
                  0.04    0.00    0.63 v _181_/D (sky130_fd_sc_hd__or4_2)
     1    0.00    0.10    0.52    1.15 v _181_/X (sky130_fd_sc_hd__or4_2)
                                         _079_ (net)
                  0.10    0.00    1.15 v _184_/A3 (sky130_fd_sc_hd__o31a_2)
     1    0.00    0.06    0.30    1.45 v _184_/X (sky130_fd_sc_hd__o31a_2)
                                         _082_ (net)
                  0.06    0.00    1.45 v _186_/A2 (sky130_fd_sc_hd__o211ai_2)
     2    0.00    0.13    0.14    1.59 ^ _186_/Y (sky130_fd_sc_hd__o211ai_2)
                                         _084_ (net)
                  0.13    0.00    1.59 ^ _187_/A2 (sky130_fd_sc_hd__a21bo_2)
     9    0.02    0.10    0.20    1.79 ^ _187_/X (sky130_fd_sc_hd__a21bo_2)
                                         _085_ (net)
                  0.10    0.00    1.79 ^ _202_/A (sky130_fd_sc_hd__buf_1)
    10    0.02    0.20    0.21    2.00 ^ _202_/X (sky130_fd_sc_hd__buf_1)
                                         _095_ (net)
                  0.20    0.00    2.00 ^ _255_/C1 (sky130_fd_sc_hd__o211a_2)
     1    0.00    0.04    0.20    2.20 ^ _255_/X (sky130_fd_sc_hd__o211a_2)
                                         _009_ (net)
                  0.04    0.00    2.20 ^ _348_/D (sky130_fd_sc_hd__dfrtp_2)
                                  2.20   data arrival time

                  0.00   10.00   10.00   clock clk (rise edge)
                          0.00   10.00   clock network delay (ideal)
                          0.00   10.00   clock reconvergence pessimism
                                 10.00 ^ _348_/CLK (sky130_fd_sc_hd__dfrtp_2)
                         -0.07    9.93   library setup time
                                  9.93   data required time
-----------------------------------------------------------------------------
                                  9.93   data required time
                                 -2.20   data arrival time
-----------------------------------------------------------------------------
                                  7.73   slack (MET)


Startpoint: _342_ (rising edge-triggered flip-flop clocked by clk)
Endpoint: _333_ (rising edge-triggered flip-flop clocked by clk)
Path Group: clk
Path Type: max

Fanout     Cap    Slew   Delay    Time   Description
-----------------------------------------------------------------------------
                  0.00    0.00    0.00   clock clk (rise edge)
                          0.00    0.00   clock network delay (ideal)
                  0.00    0.00    0.00 ^ _342_/CLK (sky130_fd_sc_hd__dfrtp_2)
     5    0.01    0.07    0.40    0.40 v _342_/Q (sky130_fd_sc_hd__dfrtp_2)
                                         one_second_counter[12] (net)
                  0.07    0.00    0.40 v _180_/C (sky130_fd_sc_hd__and4_2)
     2    0.00    0.04    0.22    0.63 v _180_/X (sky130_fd_sc_hd__and4_2)
                                         _078_ (net)
                  0.04    0.00    0.63 v _181_/D (sky130_fd_sc_hd__or4_2)
     1    0.00    0.10    0.52    1.15 v _181_/X (sky130_fd_sc_hd__or4_2)
                                         _079_ (net)
                  0.10    0.00    1.15 v _184_/A3 (sky130_fd_sc_hd__o31a_2)
     1    0.00    0.06    0.30    1.45 v _184_/X (sky130_fd_sc_hd__o31a_2)
                                         _082_ (net)
                  0.06    0.00    1.45 v _186_/A2 (sky130_fd_sc_hd__o211ai_2)
     2    0.00    0.13    0.14    1.59 ^ _186_/Y (sky130_fd_sc_hd__o211ai_2)
                                         _084_ (net)
                  0.13    0.00    1.59 ^ _187_/A2 (sky130_fd_sc_hd__a21bo_2)
     9    0.02    0.10    0.20    1.79 ^ _187_/X (sky130_fd_sc_hd__a21bo_2)
                                         _085_ (net)
                  0.10    0.00    1.79 ^ _200_/B (sky130_fd_sc_hd__and3b_2)
     1    0.00    0.04    0.18    1.97 ^ _200_/X (sky130_fd_sc_hd__and3b_2)
                                         _094_ (net)
                  0.04    0.00    1.97 ^ _201_/A (sky130_fd_sc_hd__buf_1)
     1    0.00    0.04    0.07    2.04 ^ _201_/X (sky130_fd_sc_hd__buf_1)
                                         _020_ (net)
                  0.04    0.00    2.04 ^ _333_/D (sky130_fd_sc_hd__dfrtp_2)
                                  2.04   data arrival time

                  0.00   10.00   10.00   clock clk (rise edge)
                          0.00   10.00   clock network delay (ideal)
                          0.00   10.00   clock reconvergence pessimism
                                 10.00 ^ _333_/CLK (sky130_fd_sc_hd__dfrtp_2)
                         -0.07    9.93   library setup time
                                  9.93   data required time
-----------------------------------------------------------------------------
                                  9.93   data required time
                                 -2.04   data arrival time
-----------------------------------------------------------------------------
                                  7.89   slack (MET)


Startpoint: _342_ (rising edge-triggered flip-flop clocked by clk)
Endpoint: _331_ (rising edge-triggered flip-flop clocked by clk)
Path Group: clk
Path Type: max

Fanout     Cap    Slew   Delay    Time   Description
-----------------------------------------------------------------------------
                  0.00    0.00    0.00   clock clk (rise edge)
                          0.00    0.00   clock network delay (ideal)
                  0.00    0.00    0.00 ^ _342_/CLK (sky130_fd_sc_hd__dfrtp_2)
     5    0.01    0.07    0.40    0.40 v _342_/Q (sky130_fd_sc_hd__dfrtp_2)
                                         one_second_counter[12] (net)
                  0.07    0.00    0.40 v _180_/C (sky130_fd_sc_hd__and4_2)
     2    0.00    0.04    0.22    0.63 v _180_/X (sky130_fd_sc_hd__and4_2)
                                         _078_ (net)
                  0.04    0.00    0.63 v _181_/D (sky130_fd_sc_hd__or4_2)
     1    0.00    0.10    0.52    1.15 v _181_/X (sky130_fd_sc_hd__or4_2)
                                         _079_ (net)
                  0.10    0.00    1.15 v _184_/A3 (sky130_fd_sc_hd__o31a_2)
     1    0.00    0.06    0.30    1.45 v _184_/X (sky130_fd_sc_hd__o31a_2)
                                         _082_ (net)
                  0.06    0.00    1.45 v _186_/A2 (sky130_fd_sc_hd__o211ai_2)
     2    0.00    0.13    0.14    1.59 ^ _186_/Y (sky130_fd_sc_hd__o211ai_2)
                                         _084_ (net)
                  0.13    0.00    1.59 ^ _187_/A2 (sky130_fd_sc_hd__a21bo_2)
     9    0.02    0.10    0.20    1.79 ^ _187_/X (sky130_fd_sc_hd__a21bo_2)
                                         _085_ (net)
                  0.10    0.00    1.79 ^ _193_/B (sky130_fd_sc_hd__and3_2)
     1    0.00    0.04    0.17    1.97 ^ _193_/X (sky130_fd_sc_hd__and3_2)
                                         _089_ (net)
                  0.04    0.00    1.97 ^ _194_/A (sky130_fd_sc_hd__buf_1)
     1    0.00    0.04    0.07    2.04 ^ _194_/X (sky130_fd_sc_hd__buf_1)
                                         _011_ (net)
                  0.04    0.00    2.04 ^ _331_/D (sky130_fd_sc_hd__dfrtp_2)
                                  2.04   data arrival time

                  0.00   10.00   10.00   clock clk (rise edge)
                          0.00   10.00   clock network delay (ideal)
                          0.00   10.00   clock reconvergence pessimism
                                 10.00 ^ _331_/CLK (sky130_fd_sc_hd__dfrtp_2)
                         -0.07    9.93   library setup time
                                  9.93   data required time
-----------------------------------------------------------------------------
                                  9.93   data required time
                                 -2.04   data arrival time
-----------------------------------------------------------------------------
                                  7.89   slack (MET)


Startpoint: _342_ (rising edge-triggered flip-flop clocked by clk)
Endpoint: _332_ (rising edge-triggered flip-flop clocked by clk)
Path Group: clk
Path Type: max

Fanout     Cap    Slew   Delay    Time   Description
-----------------------------------------------------------------------------
                  0.00    0.00    0.00   clock clk (rise edge)
                          0.00    0.00   clock network delay (ideal)
                  0.00    0.00    0.00 ^ _342_/CLK (sky130_fd_sc_hd__dfrtp_2)
     5    0.01    0.07    0.40    0.40 v _342_/Q (sky130_fd_sc_hd__dfrtp_2)
                                         one_second_counter[12] (net)
                  0.07    0.00    0.40 v _180_/C (sky130_fd_sc_hd__and4_2)
     2    0.00    0.04    0.22    0.63 v _180_/X (sky130_fd_sc_hd__and4_2)
                                         _078_ (net)
                  0.04    0.00    0.63 v _181_/D (sky130_fd_sc_hd__or4_2)
     1    0.00    0.10    0.52    1.15 v _181_/X (sky130_fd_sc_hd__or4_2)
                                         _079_ (net)
                  0.10    0.00    1.15 v _184_/A3 (sky130_fd_sc_hd__o31a_2)
     1    0.00    0.06    0.30    1.45 v _184_/X (sky130_fd_sc_hd__o31a_2)
                                         _082_ (net)
                  0.06    0.00    1.45 v _186_/A2 (sky130_fd_sc_hd__o211ai_2)
     2    0.00    0.13    0.14    1.59 ^ _186_/Y (sky130_fd_sc_hd__o211ai_2)
                                         _084_ (net)
                  0.13    0.00    1.59 ^ _187_/A2 (sky130_fd_sc_hd__a21bo_2)
     9    0.02    0.10    0.20    1.79 ^ _187_/X (sky130_fd_sc_hd__a21bo_2)
                                         _085_ (net)
                  0.10    0.00    1.79 ^ _197_/B (sky130_fd_sc_hd__and3_2)
     1    0.00    0.04    0.17    1.97 ^ _197_/X (sky130_fd_sc_hd__and3_2)
                                         _092_ (net)
                  0.04    0.00    1.97 ^ _198_/A (sky130_fd_sc_hd__buf_1)
     1    0.00    0.04    0.07    2.04 ^ _198_/X (sky130_fd_sc_hd__buf_1)
                                         _019_ (net)
                  0.04    0.00    2.04 ^ _332_/D (sky130_fd_sc_hd__dfrtp_2)
                                  2.04   data arrival time

                  0.00   10.00   10.00   clock clk (rise edge)
                          0.00   10.00   clock network delay (ideal)
                          0.00   10.00   clock reconvergence pessimism
                                 10.00 ^ _332_/CLK (sky130_fd_sc_hd__dfrtp_2)
                         -0.07    9.93   library setup time
                                  9.93   data required time
-----------------------------------------------------------------------------
                                  9.93   data required time
                                 -2.04   data arrival time
-----------------------------------------------------------------------------
                                  7.89   slack (MET)


Startpoint: _342_ (rising edge-triggered flip-flop clocked by clk)
Endpoint: _338_ (rising edge-triggered flip-flop clocked by clk)
Path Group: clk
Path Type: max

Fanout     Cap    Slew   Delay    Time   Description
-----------------------------------------------------------------------------
                  0.00    0.00    0.00   clock clk (rise edge)
                          0.00    0.00   clock network delay (ideal)
                  0.00    0.00    0.00 ^ _342_/CLK (sky130_fd_sc_hd__dfrtp_2)
     5    0.01    0.07    0.40    0.40 v _342_/Q (sky130_fd_sc_hd__dfrtp_2)
                                         one_second_counter[12] (net)
                  0.07    0.00    0.40 v _180_/C (sky130_fd_sc_hd__and4_2)
     2    0.00    0.04    0.22    0.63 v _180_/X (sky130_fd_sc_hd__and4_2)
                                         _078_ (net)
                  0.04    0.00    0.63 v _181_/D (sky130_fd_sc_hd__or4_2)
     1    0.00    0.10    0.52    1.15 v _181_/X (sky130_fd_sc_hd__or4_2)
                                         _079_ (net)
                  0.10    0.00    1.15 v _184_/A3 (sky130_fd_sc_hd__o31a_2)
     1    0.00    0.06    0.30    1.45 v _184_/X (sky130_fd_sc_hd__o31a_2)
                                         _082_ (net)
                  0.06    0.00    1.45 v _186_/A2 (sky130_fd_sc_hd__o211ai_2)
     2    0.00    0.13    0.14    1.59 ^ _186_/Y (sky130_fd_sc_hd__o211ai_2)
                                         _084_ (net)
                  0.13    0.00    1.59 ^ _187_/A2 (sky130_fd_sc_hd__a21bo_2)
     9    0.02    0.10    0.20    1.79 ^ _187_/X (sky130_fd_sc_hd__a21bo_2)
                                         _085_ (net)
                  0.10    0.00    1.79 ^ _218_/B (sky130_fd_sc_hd__and3_2)
     1    0.00    0.04    0.17    1.97 ^ _218_/X (sky130_fd_sc_hd__and3_2)
                                         _107_ (net)
                  0.04    0.00    1.97 ^ _219_/A (sky130_fd_sc_hd__buf_1)
     1    0.00    0.04    0.07    2.04 ^ _219_/X (sky130_fd_sc_hd__buf_1)
                                         _025_ (net)
                  0.04    0.00    2.04 ^ _338_/D (sky130_fd_sc_hd__dfrtp_2)
                                  2.04   data arrival time

                  0.00   10.00   10.00   clock clk (rise edge)
                          0.00   10.00   clock network delay (ideal)
                          0.00   10.00   clock reconvergence pessimism
                                 10.00 ^ _338_/CLK (sky130_fd_sc_hd__dfrtp_2)
                         -0.07    9.93   library setup time
                                  9.93   data required time
-----------------------------------------------------------------------------
                                  9.93   data required time
                                 -2.04   data arrival time
-----------------------------------------------------------------------------
                                  7.89   slack (MET)


Startpoint: _342_ (rising edge-triggered flip-flop clocked by clk)
Endpoint: _337_ (rising edge-triggered flip-flop clocked by clk)
Path Group: clk
Path Type: max

Fanout     Cap    Slew   Delay    Time   Description
-----------------------------------------------------------------------------
                  0.00    0.00    0.00   clock clk (rise edge)
                          0.00    0.00   clock network delay (ideal)
                  0.00    0.00    0.00 ^ _342_/CLK (sky130_fd_sc_hd__dfrtp_2)
     5    0.01    0.07    0.40    0.40 v _342_/Q (sky130_fd_sc_hd__dfrtp_2)
                                         one_second_counter[12] (net)
                  0.07    0.00    0.40 v _180_/C (sky130_fd_sc_hd__and4_2)
     2    0.00    0.04    0.22    0.63 v _180_/X (sky130_fd_sc_hd__and4_2)
                                         _078_ (net)
                  0.04    0.00    0.63 v _181_/D (sky130_fd_sc_hd__or4_2)
     1    0.00    0.10    0.52    1.15 v _181_/X (sky130_fd_sc_hd__or4_2)
                                         _079_ (net)
                  0.10    0.00    1.15 v _184_/A3 (sky130_fd_sc_hd__o31a_2)
     1    0.00    0.06    0.30    1.45 v _184_/X (sky130_fd_sc_hd__o31a_2)
                                         _082_ (net)
                  0.06    0.00    1.45 v _186_/A2 (sky130_fd_sc_hd__o211ai_2)
     2    0.00    0.13    0.14    1.59 ^ _186_/Y (sky130_fd_sc_hd__o211ai_2)
                                         _084_ (net)
                  0.13    0.00    1.59 ^ _187_/A2 (sky130_fd_sc_hd__a21bo_2)
     9    0.02    0.10    0.20    1.79 ^ _187_/X (sky130_fd_sc_hd__a21bo_2)
                                         _085_ (net)
                  0.10    0.00    1.79 ^ _188_/A (sky130_fd_sc_hd__inv_2)
     2    0.01    0.03    0.05    1.84 v _188_/Y (sky130_fd_sc_hd__inv_2)
                                         _086_ (net)
                  0.03    0.00    1.84 v _215_/B1 (sky130_fd_sc_hd__a211oi_2)
     1    0.00    0.13    0.17    2.01 ^ _215_/Y (sky130_fd_sc_hd__a211oi_2)
                                         _024_ (net)
                  0.13    0.00    2.01 ^ _337_/D (sky130_fd_sc_hd__dfrtp_2)
                                  2.01   data arrival time

                  0.00   10.00   10.00   clock clk (rise edge)
                          0.00   10.00   clock network delay (ideal)
                          0.00   10.00   clock reconvergence pessimism
                                 10.00 ^ _337_/CLK (sky130_fd_sc_hd__dfrtp_2)
                         -0.09    9.91   library setup time
                                  9.91   data required time
-----------------------------------------------------------------------------
                                  9.91   data required time
                                 -2.01   data arrival time
-----------------------------------------------------------------------------
                                  7.90   slack (MET)


Startpoint: _361_ (rising edge-triggered flip-flop clocked by clk)
Endpoint: _360_ (rising edge-triggered flip-flop clocked by clk)
Path Group: clk
Path Type: max

Fanout     Cap    Slew   Delay    Time   Description
-----------------------------------------------------------------------------
                  0.00    0.00    0.00   clock clk (rise edge)
                          0.00    0.00   clock network delay (ideal)
                  0.00    0.00    0.00 ^ _361_/CLK (sky130_fd_sc_hd__dfrtp_2)
     6    0.02    0.09    0.42    0.42 v _361_/Q (sky130_fd_sc_hd__dfrtp_2)
                                         decoder.digit[3] (net)
                  0.09    0.00    0.42 v _165_/A (sky130_fd_sc_hd__nor2_2)
     2    0.01    0.13    0.16    0.58 ^ _165_/Y (sky130_fd_sc_hd__nor2_2)
                                         _066_ (net)
                  0.13    0.00    0.58 ^ _166_/B (sky130_fd_sc_hd__nand2_2)
     3    0.01    0.06    0.09    0.67 v _166_/Y (sky130_fd_sc_hd__nand2_2)
                                         _067_ (net)
                  0.06    0.00    0.67 v _167_/B (sky130_fd_sc_hd__nor2_2)
     3    0.01    0.12    0.12    0.79 ^ _167_/Y (sky130_fd_sc_hd__nor2_2)
                                         _068_ (net)
                  0.12    0.00    0.79 ^ _168_/A2_N (sky130_fd_sc_hd__o2bb2a_2)
     1    0.00    0.04    0.22    1.01 v _168_/X (sky130_fd_sc_hd__o2bb2a_2)
                                         _069_ (net)
                  0.04    0.00    1.01 v _169_/B (sky130_fd_sc_hd__and2_2)
     1    0.00    0.03    0.18    1.18 v _169_/X (sky130_fd_sc_hd__and2_2)
                                         _070_ (net)
                  0.03    0.00    1.18 v _170_/A (sky130_fd_sc_hd__buf_1)
     1    0.00    0.02    0.08    1.26 v _170_/X (sky130_fd_sc_hd__buf_1)
                                         _062_ (net)
                  0.02    0.00    1.26 v _360_/D (sky130_fd_sc_hd__dfrtp_2)
                                  1.26   data arrival time

                  0.00   10.00   10.00   clock clk (rise edge)
                          0.00   10.00   clock network delay (ideal)
                          0.00   10.00   clock reconvergence pessimism
                                 10.00 ^ _360_/CLK (sky130_fd_sc_hd__dfrtp_2)
                         -0.12    9.88   library setup time
                                  9.88   data required time
-----------------------------------------------------------------------------
                                  9.88   data required time
                                 -1.26   data arrival time
-----------------------------------------------------------------------------
                                  8.62   slack (MET)


Startpoint: _361_ (rising edge-triggered flip-flop clocked by clk)
Endpoint: _358_ (rising edge-triggered flip-flop clocked by clk)
Path Group: clk
Path Type: max

Fanout     Cap    Slew   Delay    Time   Description
-----------------------------------------------------------------------------
                  0.00    0.00    0.00   clock clk (rise edge)
                          0.00    0.00   clock network delay (ideal)
                  0.00    0.00    0.00 ^ _361_/CLK (sky130_fd_sc_hd__dfrtp_2)
     6    0.02    0.09    0.42    0.42 v _361_/Q (sky130_fd_sc_hd__dfrtp_2)
                                         decoder.digit[3] (net)
                  0.09    0.00    0.42 v _165_/A (sky130_fd_sc_hd__nor2_2)
     2    0.01    0.13    0.16    0.58 ^ _165_/Y (sky130_fd_sc_hd__nor2_2)
                                         _066_ (net)
                  0.13    0.00    0.58 ^ _166_/B (sky130_fd_sc_hd__nand2_2)
     3    0.01    0.06    0.09    0.67 v _166_/Y (sky130_fd_sc_hd__nand2_2)
                                         _067_ (net)
                  0.06    0.00    0.67 v _173_/A2 (sky130_fd_sc_hd__a21oi_2)
     1    0.00    0.10    0.14    0.81 ^ _173_/Y (sky130_fd_sc_hd__a21oi_2)
                                         _072_ (net)
                  0.10    0.00    0.81 ^ _174_/B1 (sky130_fd_sc_hd__a21oi_2)
     1    0.00    0.04    0.03    0.84 v _174_/Y (sky130_fd_sc_hd__a21oi_2)
                                         _060_ (net)
                  0.04    0.00    0.84 v _358_/D (sky130_fd_sc_hd__dfrtp_2)
                                  0.84   data arrival time

                  0.00   10.00   10.00   clock clk (rise edge)
                          0.00   10.00   clock network delay (ideal)
                          0.00   10.00   clock reconvergence pessimism
                                 10.00 ^ _358_/CLK (sky130_fd_sc_hd__dfrtp_2)
                         -0.12    9.88   library setup time
                                  9.88   data required time
-----------------------------------------------------------------------------
                                  9.88   data required time
                                 -0.84   data arrival time
-----------------------------------------------------------------------------
                                  9.03   slack (MET)


Startpoint: _358_ (rising edge-triggered flip-flop clocked by clk)
Endpoint: _361_ (rising edge-triggered flip-flop clocked by clk)
Path Group: clk
Path Type: max

Fanout     Cap    Slew   Delay    Time   Description
-----------------------------------------------------------------------------
                  0.00    0.00    0.00   clock clk (rise edge)
                          0.00    0.00   clock network delay (ideal)
                  0.00    0.00    0.00 ^ _358_/CLK (sky130_fd_sc_hd__dfrtp_2)
     8    0.03    0.15    0.41    0.41 ^ _358_/Q (sky130_fd_sc_hd__dfrtp_2)
                                         decoder.digit[0] (net)
                  0.15    0.00    0.41 ^ _162_/C (sky130_fd_sc_hd__and3_2)
     3    0.01    0.08    0.23    0.64 ^ _162_/X (sky130_fd_sc_hd__and3_2)
                                         _064_ (net)
                  0.08    0.00    0.64 ^ _163_/B (sky130_fd_sc_hd__nand2_2)
     2    0.01    0.06    0.07    0.72 v _163_/Y (sky130_fd_sc_hd__nand2_2)
                                         _065_ (net)
                  0.06    0.00    0.72 v _164_/B (sky130_fd_sc_hd__xnor2_2)
     1    0.00    0.04    0.12    0.84 v _164_/Y (sky130_fd_sc_hd__xnor2_2)
                                         _063_ (net)
                  0.04    0.00    0.84 v _361_/D (sky130_fd_sc_hd__dfrtp_2)
                                  0.84   data arrival time

                  0.00   10.00   10.00   clock clk (rise edge)
                          0.00   10.00   clock network delay (ideal)
                          0.00   10.00   clock reconvergence pessimism
                                 10.00 ^ _361_/CLK (sky130_fd_sc_hd__dfrtp_2)
                         -0.12    9.88   library setup time
                                  9.88   data required time
-----------------------------------------------------------------------------
                                  9.88   data required time
                                 -0.84   data arrival time
-----------------------------------------------------------------------------
                                  9.04   slack (MET)


Startpoint: _358_ (rising edge-triggered flip-flop clocked by clk)
Endpoint: _359_ (rising edge-triggered flip-flop clocked by clk)
Path Group: clk
Path Type: max

Fanout     Cap    Slew   Delay    Time   Description
-----------------------------------------------------------------------------
                  0.00    0.00    0.00   clock clk (rise edge)
                          0.00    0.00   clock network delay (ideal)
                  0.00    0.00    0.00 ^ _358_/CLK (sky130_fd_sc_hd__dfrtp_2)
     8    0.03    0.09    0.43    0.43 v _358_/Q (sky130_fd_sc_hd__dfrtp_2)
                                         decoder.digit[0] (net)
                  0.09    0.00    0.43 v _162_/C (sky130_fd_sc_hd__and3_2)
     3    0.01    0.06    0.25    0.68 v _162_/X (sky130_fd_sc_hd__and3_2)
                                         _064_ (net)
                  0.06    0.00    0.68 v _172_/A (sky130_fd_sc_hd__nor2_2)
     1    0.00    0.05    0.09    0.77 ^ _172_/Y (sky130_fd_sc_hd__nor2_2)
                                         _061_ (net)
                  0.05    0.00    0.77 ^ _359_/D (sky130_fd_sc_hd__dfrtp_2)
                                  0.77   data arrival time

                  0.00   10.00   10.00   clock clk (rise edge)
                          0.00   10.00   clock network delay (ideal)
                          0.00   10.00   clock reconvergence pessimism
                                 10.00 ^ _359_/CLK (sky130_fd_sc_hd__dfrtp_2)
                         -0.07    9.93   library setup time
                                  9.93   data required time
-----------------------------------------------------------------------------
                                  9.93   data required time
                                 -0.77   data arrival time
-----------------------------------------------------------------------------
                                  9.15   slack (MET)



worst slack corner Typical: 7.6108
