
===========================================================================
 report_power
============================================================================
======================= Fastest Corner ===================================

Group                  Internal  Switching    Leakage      Total
                          Power      Power      Power      Power (Watts)
----------------------------------------------------------------
Sequential             6.00e-03   8.58e-04   1.49e-08   6.86e-03  37.5%
Combinational          4.48e-03   3.38e-03   5.21e-08   7.86e-03  43.0%
Clock                  1.30e-03   2.27e-03   1.33e-08   3.57e-03  19.5%
Macro                  0.00e+00   0.00e+00   0.00e+00   0.00e+00   0.0%
Pad                    0.00e+00   0.00e+00   0.00e+00   0.00e+00   0.0%
----------------------------------------------------------------
Total                  1.18e-02   6.52e-03   8.02e-08   1.83e-02 100.0%
                          64.4%      35.6%       0.0%

======================= Slowest Corner ===================================

Group                  Internal  Switching    Leakage      Total
                          Power      Power      Power      Power (Watts)
----------------------------------------------------------------
Sequential             4.07e-03   5.45e-04   1.48e-05   4.63e-03  37.3%
Combinational          3.10e-03   2.23e-03   3.80e-05   5.38e-03  43.3%
Clock                  9.26e-04   1.48e-03   1.59e-06   2.40e-03  19.4%
Macro                  0.00e+00   0.00e+00   0.00e+00   0.00e+00   0.0%
Pad                    0.00e+00   0.00e+00   0.00e+00   0.00e+00   0.0%
----------------------------------------------------------------
Total                  8.10e-03   4.26e-03   5.45e-05   1.24e-02 100.0%
                          65.3%      34.3%       0.4%

======================= Typical Corner ===================================

Group                  Internal  Switching    Leakage      Total
                          Power      Power      Power      Power (Watts)
----------------------------------------------------------------
Sequential             5.20e-03   7.10e-04   8.57e-09   5.91e-03  37.5%
Combinational          3.93e-03   2.85e-03   2.62e-08   6.78e-03  43.1%
Clock                  1.13e-03   1.92e-03   9.37e-09   3.05e-03  19.4%
Macro                  0.00e+00   0.00e+00   0.00e+00   0.00e+00   0.0%
Pad                    0.00e+00   0.00e+00   0.00e+00   0.00e+00   0.0%
----------------------------------------------------------------
Total                  1.03e-02   5.48e-03   4.41e-08   1.57e-02 100.0%
                          65.2%      34.8%       0.0%

