OpenROAD b16bda7e82721d10566ff7e2b68f1ff0be9f9e38 
Features included (+) or not (-): +Charts +GPU +GUI +Python
This program is licensed under the BSD-3 license. See the LICENSE file for details.
Components of this program may be licensed under more restrictive licenses which must be honored.
[INFO ODB-0227] LEF file: /openlane/designs/project_4/runs/RUN_2025.05.30_22.17.17/tmp/merged.min.lef, created 13 layers, 25 vias, 441 library cells
[INFO ODB-0127] Reading DEF file: /openlane/designs/project_4/runs/RUN_2025.05.30_22.17.17/results/routing/top.def
[INFO ODB-0128] Design: top
[INFO ODB-0130]     Created 85 pins.
[INFO ODB-0131]     Created 26398 components and 126156 component-terminals.
[INFO ODB-0132]     Created 2 special nets and 100568 connections.
[INFO ODB-0133]     Created 6617 nets and 25512 connections.
[INFO ODB-0134] Finished DEF file: /openlane/designs/project_4/runs/RUN_2025.05.30_22.17.17/results/routing/top.def
define_corners Typical
read_liberty -corner Typical /home/openlane/volare_pdks/sky130A/libs.ref/sky130_fd_sc_hd/lib/sky130_fd_sc_hd__tt_025C_1v80.lib
Using 1e-12 for capacitance...
Using 1e+03 for resistance...
Using 1e-09 for time...
Using 1e+00 for voltage...
Using 1e-03 for current...
Using 1e-09 for power...
Using 1e-06 for distance...
Using RCX ruleset '/home/openlane/volare_pdks/sky130A/libs.tech/openlane/rules.openrcx.sky130A.min.calibre'...
[INFO RCX-0431] Defined process_corner X with ext_model_index 0
[INFO RCX-0029] Defined extraction corner X
[INFO RCX-0008] extracting parasitics of top ...
[INFO RCX-0435] Reading extraction model file /home/openlane/volare_pdks/sky130A/libs.tech/openlane/rules.openrcx.sky130A.min.calibre ...
[INFO RCX-0436] RC segment generation top (max_merge_res 50.0) ...
[INFO RCX-0040] Final 32031 rc segments
[INFO RCX-0439] Coupling Cap extraction top ...
[INFO RCX-0440] Coupling threshhold is 0.1000 fF, coupling capacitance less than 0.1000 fF will be grounded.
[INFO RCX-0043] 84239 wires to be extracted
[INFO RCX-0442] 54% completion -- 46316 wires have been extracted
[INFO RCX-0442] 100% completion -- 84239 wires have been extracted
[INFO RCX-0045] Extract 6617 nets, 38647 rsegs, 38647 caps, 101701 ccs
[INFO RCX-0015] Finished extracting top.
Writing result to /openlane/designs/project_4/runs/RUN_2025.05.30_22.17.17/results/routing/mca/process_corner_min/top.spef...
Setting global connections for newly added cells…
[WARNING] Did not save OpenROAD database!
Writing extracted parasitics to '/openlane/designs/project_4/runs/RUN_2025.05.30_22.17.17/results/routing/mca/process_corner_min/top.spef'…
[INFO RCX-0016] Writing SPEF ...
[INFO RCX-0443] 6617 nets finished
[INFO RCX-0017] Finished writing SPEF ...
