
===========================================================================
report_checks -unconstrained
===========================================================================
======================= Fastest Corner ===================================

Startpoint: in[2] (input port clocked by __VIRTUAL_CLK__)
Endpoint: out[6] (output port clocked by __VIRTUAL_CLK__)
Path Group: __VIRTUAL_CLK__
Path Type: max
Corner: Fastest

Fanout     Cap    Slew   Delay    Time   Description
-----------------------------------------------------------------------------
                  0.00    0.00    0.00   clock __VIRTUAL_CLK__ (rise edge)
                          0.00    0.00   clock network delay (ideal)
                          2.00    2.00 v input external delay
     1    0.00    0.00    0.00    2.00 v in[2] (in)
                                         in[2] (net)
                  0.00    0.00    2.00 v input3/A (sky130_fd_sc_hd__buf_1)
     3    0.01    0.04    0.07    2.07 v input3/X (sky130_fd_sc_hd__buf_1)
                                         net3 (net)
                  0.04    0.00    2.07 v _09_/B (sky130_fd_sc_hd__or4_2)
     5    0.02    0.10    0.43    2.50 v _09_/X (sky130_fd_sc_hd__or4_2)
                                         _00_ (net)
                  0.10    0.00    2.50 v _15_/D (sky130_fd_sc_hd__or4_1)
     2    0.01    0.08    0.29    2.79 v _15_/X (sky130_fd_sc_hd__or4_1)
                                         _04_ (net)
                  0.08    0.00    2.79 v _16_/B (sky130_fd_sc_hd__and2b_1)
     1    0.01    0.04    0.14    2.93 v _16_/X (sky130_fd_sc_hd__and2b_1)
                                         _05_ (net)
                  0.04    0.00    2.93 v _17_/A (sky130_fd_sc_hd__clkbuf_1)
     1    0.01    0.03    0.08    3.00 v _17_/X (sky130_fd_sc_hd__clkbuf_1)
                                         net15 (net)
                  0.03    0.00    3.01 v output15/A (sky130_fd_sc_hd__buf_2)
     1    0.03    0.06    0.13    3.13 v output15/X (sky130_fd_sc_hd__buf_2)
                                         out[6] (net)
                  0.06    0.00    3.13 v out[6] (out)
                                  3.13   data arrival time

                  0.00   10.00   10.00   clock __VIRTUAL_CLK__ (rise edge)
                          0.00   10.00   clock network delay (ideal)
                         -0.25    9.75   clock uncertainty
                          0.00    9.75   clock reconvergence pessimism
                         -2.00    7.75   output external delay
                                  7.75   data required time
-----------------------------------------------------------------------------
                                  7.75   data required time
                                 -3.13   data arrival time
-----------------------------------------------------------------------------
                                  4.62   slack (MET)



======================= Slowest Corner ===================================

Startpoint: in[2] (input port clocked by __VIRTUAL_CLK__)
Endpoint: out[6] (output port clocked by __VIRTUAL_CLK__)
Path Group: __VIRTUAL_CLK__
Path Type: max
Corner: Slowest

Fanout     Cap    Slew   Delay    Time   Description
-----------------------------------------------------------------------------
                  0.00    0.00    0.00   clock __VIRTUAL_CLK__ (rise edge)
                          0.00    0.00   clock network delay (ideal)
                          2.00    2.00 v input external delay
     1    0.00    0.02    0.01    2.01 v in[2] (in)
                                         in[2] (net)
                  0.02    0.00    2.01 v input3/A (sky130_fd_sc_hd__buf_1)
     3    0.01    0.12    0.20    2.21 v input3/X (sky130_fd_sc_hd__buf_1)
                                         net3 (net)
                  0.12    0.00    2.21 v _09_/B (sky130_fd_sc_hd__or4_2)
     5    0.01    0.30    1.78    3.99 v _09_/X (sky130_fd_sc_hd__or4_2)
                                         _00_ (net)
                  0.30    0.00    3.99 v _15_/D (sky130_fd_sc_hd__or4_1)
     2    0.01    0.25    1.21    5.21 v _15_/X (sky130_fd_sc_hd__or4_1)
                                         _04_ (net)
                  0.25    0.00    5.21 v _16_/B (sky130_fd_sc_hd__and2b_1)
     1    0.01    0.10    0.47    5.68 v _16_/X (sky130_fd_sc_hd__and2b_1)
                                         _05_ (net)
                  0.10    0.00    5.68 v _17_/A (sky130_fd_sc_hd__clkbuf_1)
     1    0.01    0.10    0.22    5.90 v _17_/X (sky130_fd_sc_hd__clkbuf_1)
                                         net15 (net)
                  0.10    0.00    5.90 v output15/A (sky130_fd_sc_hd__buf_2)
     1    0.03    0.17    0.37    6.27 v output15/X (sky130_fd_sc_hd__buf_2)
                                         out[6] (net)
                  0.17    0.00    6.28 v out[6] (out)
                                  6.28   data arrival time

                  0.00   10.00   10.00   clock __VIRTUAL_CLK__ (rise edge)
                          0.00   10.00   clock network delay (ideal)
                         -0.25    9.75   clock uncertainty
                          0.00    9.75   clock reconvergence pessimism
                         -2.00    7.75   output external delay
                                  7.75   data required time
-----------------------------------------------------------------------------
                                  7.75   data required time
                                 -6.28   data arrival time
-----------------------------------------------------------------------------
                                  1.47   slack (MET)



======================= Typical Corner ===================================

Startpoint: in[2] (input port clocked by __VIRTUAL_CLK__)
Endpoint: out[6] (output port clocked by __VIRTUAL_CLK__)
Path Group: __VIRTUAL_CLK__
Path Type: max
Corner: Typical

Fanout     Cap    Slew   Delay    Time   Description
-----------------------------------------------------------------------------
                  0.00    0.00    0.00   clock __VIRTUAL_CLK__ (rise edge)
                          0.00    0.00   clock network delay (ideal)
                          2.00    2.00 v input external delay
     1    0.00    0.01    0.00    2.00 v in[2] (in)
                                         in[2] (net)
                  0.01    0.00    2.00 v input3/A (sky130_fd_sc_hd__buf_1)
     3    0.01    0.06    0.11    2.11 v input3/X (sky130_fd_sc_hd__buf_1)
                                         net3 (net)
                  0.06    0.00    2.11 v _09_/B (sky130_fd_sc_hd__or4_2)
     5    0.02    0.15    0.75    2.87 v _09_/X (sky130_fd_sc_hd__or4_2)
                                         _00_ (net)
                  0.15    0.00    2.87 v _15_/D (sky130_fd_sc_hd__or4_1)
     2    0.01    0.13    0.51    3.37 v _15_/X (sky130_fd_sc_hd__or4_1)
                                         _04_ (net)
                  0.13    0.00    3.37 v _16_/B (sky130_fd_sc_hd__and2b_1)
     1    0.01    0.05    0.22    3.59 v _16_/X (sky130_fd_sc_hd__and2b_1)
                                         _05_ (net)
                  0.05    0.00    3.59 v _17_/A (sky130_fd_sc_hd__clkbuf_1)
     1    0.01    0.05    0.12    3.71 v _17_/X (sky130_fd_sc_hd__clkbuf_1)
                                         net15 (net)
                  0.05    0.00    3.71 v output15/A (sky130_fd_sc_hd__buf_2)
     1    0.03    0.09    0.19    3.90 v output15/X (sky130_fd_sc_hd__buf_2)
                                         out[6] (net)
                  0.09    0.00    3.90 v out[6] (out)
                                  3.90   data arrival time

                  0.00   10.00   10.00   clock __VIRTUAL_CLK__ (rise edge)
                          0.00   10.00   clock network delay (ideal)
                         -0.25    9.75   clock uncertainty
                          0.00    9.75   clock reconvergence pessimism
                         -2.00    7.75   output external delay
                                  7.75   data required time
-----------------------------------------------------------------------------
                                  7.75   data required time
                                 -3.90   data arrival time
-----------------------------------------------------------------------------
                                  3.85   slack (MET)




===========================================================================
report_checks --slack_max -0.01
============================================================================
======================= Fastest Corner ===================================

No paths found.

======================= Slowest Corner ===================================

No paths found.

======================= Typical Corner ===================================

No paths found.


===========================================================================
 report_check_types -max_slew -max_cap -max_fanout -violators
============================================================================
======================= Fastest Corner ===================================


max slew violations count Fastest: 0
max fanout violations count Fastest: 0
max cap violations count Fastest: 0
======================= Slowest Corner ===================================


max slew violations count Slowest: 0
max fanout violations count Slowest: 0
max cap violations count Slowest: 0
======================= Typical Corner ===================================


max slew violations count Typical: 0
max fanout violations count Typical: 0
max cap violations count Typical: 0

===========================================================================
report_parasitic_annotation -report_unannotated
============================================================================
Found 0 unannotated drivers.
Found 0 partially unannotated drivers.

===========================================================================
max slew violation count 0
max fanout violation count 0
max cap violation count 0
============================================================================

===========================================================================
check_setup -verbose -unconstrained_endpoints -multiple_clock -no_clock -no_input_delay -loops -generated_clocks
===========================================================================
