OpenROAD b16bda7e82721d10566ff7e2b68f1ff0be9f9e38 
Features included (+) or not (-): +Charts +GPU +GUI +Python
This program is licensed under the BSD-3 license. See the LICENSE file for details.
Components of this program may be licensed under more restrictive licenses which must be honored.
define_corners Typical
read_liberty -corner Typical /home/openlane/volare_pdks/sky130A/libs.ref/sky130_fd_sc_hd/lib/sky130_fd_sc_hd__tt_025C_1v80.lib
Using 1e-12 for capacitance...
Using 1e+03 for resistance...
Using 1e-09 for time...
Using 1e+00 for voltage...
Using 1e-03 for current...
Using 1e-09 for power...
Using 1e-06 for distance...
[INFO]: Reading ODB at '/openlane/designs/project_4/runs/RUN_2025.06.01_19.31.16/tmp/routing/19-diodes.odb'…
Reading design constraints file at '/openlane/scripts/base.sdc'…
[INFO]: Setting output delay to: 2.0
[INFO]: Setting input delay to: 2.0
[INFO]: Setting load to: 0.033442
[INFO]: Setting clock uncertainty to: 0.25
[INFO]: Setting clock transition to: 0.15
[INFO]: Setting timing derate to: 5.0 %
Placement Analysis
---------------------------------
total displacement     288487.4 u
average displacement       21.0 u
max displacement          300.1 u
original HPWL          196158.4 u
legalized HPWL         266394.2 u
delta HPWL                   36 %

[INFO DPL-0020] Mirrored 4117 instances
[INFO DPL-0021] HPWL before          266394.2 u
[INFO DPL-0022] HPWL after           260039.2 u
[INFO DPL-0023] HPWL delta               -2.4 %
Setting global connections for newly added cells…
Writing OpenROAD database to '/openlane/designs/project_4/runs/RUN_2025.06.01_19.31.16/tmp/routing/./19-diodes_legalized.odb'…
Writing netlist to '/openlane/designs/project_4/runs/RUN_2025.06.01_19.31.16/tmp/routing/./19-diodes_legalized.nl.v'…
Writing powered netlist to '/openlane/designs/project_4/runs/RUN_2025.06.01_19.31.16/tmp/routing/./19-diodes_legalized.pnl.v'…
Writing layout to '/openlane/designs/project_4/runs/RUN_2025.06.01_19.31.16/tmp/routing/./19-diodes_legalized.def'…
