
===========================================================================
 report_power
============================================================================
======================= Fastest Corner ===================================

Group                  Internal  Switching    Leakage      Total
                          Power      Power      Power      Power (Watts)
----------------------------------------------------------------
Sequential             1.51e-04   0.00e+00   2.93e-08   1.51e-04  40.1%
Combinational          2.67e-06   1.42e-05   8.30e-10   1.68e-05   4.5%
Clock                  1.33e-04   7.53e-05   1.06e-09   2.09e-04  55.5%
Macro                  0.00e+00   0.00e+00   0.00e+00   0.00e+00   0.0%
Pad                    0.00e+00   0.00e+00   0.00e+00   0.00e+00   0.0%
----------------------------------------------------------------
Total                  2.87e-04   8.95e-05   3.12e-08   3.76e-04 100.0%
                          76.2%      23.8%       0.0%

======================= Slowest Corner ===================================

Group                  Internal  Switching    Leakage      Total
                          Power      Power      Power      Power (Watts)
----------------------------------------------------------------
Sequential             9.93e-05   0.00e+00   6.05e-07   9.99e-05  38.9%
Combinational          1.77e-06   9.39e-06   7.34e-07   1.19e-05   4.6%
Clock                  9.59e-05   4.90e-05   1.26e-07   1.45e-04  56.5%
Macro                  0.00e+00   0.00e+00   0.00e+00   0.00e+00   0.0%
Pad                    0.00e+00   0.00e+00   0.00e+00   0.00e+00   0.0%
----------------------------------------------------------------
Total                  1.97e-04   5.84e-05   1.46e-06   2.57e-04 100.0%
                          76.7%      22.7%       0.6%

======================= Typical Corner ===================================

Group                  Internal  Switching    Leakage      Total
                          Power      Power      Power      Power (Watts)
----------------------------------------------------------------
Sequential             1.29e-04   0.00e+00   2.90e-08   1.29e-04  40.0%
Combinational          2.17e-06   1.21e-05   6.30e-10   1.42e-05   4.4%
Clock                  1.17e-04   6.31e-05   7.17e-10   1.80e-04  55.6%
Macro                  0.00e+00   0.00e+00   0.00e+00   0.00e+00   0.0%
Pad                    0.00e+00   0.00e+00   0.00e+00   0.00e+00   0.0%
----------------------------------------------------------------
Total                  2.48e-04   7.52e-05   3.03e-08   3.24e-04 100.0%
                          76.8%      23.2%       0.0%

