
===========================================================================
 report_power
============================================================================
======================= Fastest Corner ===================================

Group                  Internal  Switching    Leakage      Total
                          Power      Power      Power      Power (Watts)
----------------------------------------------------------------
Sequential             1.11e-04   0.00e+00   3.46e-10   1.11e-04  53.8%
Combinational          0.00e+00   0.00e+00   1.07e-09   1.07e-09   0.0%
Clock                  6.01e-05   3.56e-05   3.74e-10   9.57e-05  46.2%
Macro                  0.00e+00   0.00e+00   0.00e+00   0.00e+00   0.0%
Pad                    0.00e+00   0.00e+00   0.00e+00   0.00e+00   0.0%
----------------------------------------------------------------
Total                  1.71e-04   3.56e-05   1.79e-09   2.07e-04 100.0%
                          82.8%      17.2%       0.0%

======================= Slowest Corner ===================================

Group                  Internal  Switching    Leakage      Total
                          Power      Power      Power      Power (Watts)
----------------------------------------------------------------
Sequential             7.41e-05   0.00e+00   3.25e-07   7.44e-05  53.1%
Combinational          0.00e+00   0.00e+00   4.07e-07   4.07e-07   0.3%
Clock                  4.28e-05   2.26e-05   5.72e-08   6.54e-05  46.7%
Macro                  0.00e+00   0.00e+00   0.00e+00   0.00e+00   0.0%
Pad                    0.00e+00   0.00e+00   0.00e+00   0.00e+00   0.0%
----------------------------------------------------------------
Total                  1.17e-04   2.26e-05   7.89e-07   1.40e-04 100.0%
                          83.3%      16.1%       0.6%

======================= Typical Corner ===================================

Group                  Internal  Switching    Leakage      Total
                          Power      Power      Power      Power (Watts)
----------------------------------------------------------------
Sequential             9.56e-05   0.00e+00   1.93e-10   9.56e-05  53.7%
Combinational          0.00e+00   0.00e+00   4.61e-10   4.61e-10   0.0%
Clock                  5.25e-05   2.98e-05   2.19e-10   8.23e-05  46.3%
Macro                  0.00e+00   0.00e+00   0.00e+00   0.00e+00   0.0%
Pad                    0.00e+00   0.00e+00   0.00e+00   0.00e+00   0.0%
----------------------------------------------------------------
Total                  1.48e-04   2.98e-05   8.73e-10   1.78e-04 100.0%
                          83.2%      16.8%       0.0%

