
===========================================================================
report_checks -path_delay max (Setup)
============================================================================
======================= Fastest Corner ===================================

Startpoint: B[0] (input port clocked by __VIRTUAL_CLK__)
Endpoint: OUT[7] (output port clocked by __VIRTUAL_CLK__)
Path Group: __VIRTUAL_CLK__
Path Type: max
Corner: Fastest

Fanout     Cap    Slew   Delay    Time   Description
-----------------------------------------------------------------------------
                  0.00    0.00    0.00   clock __VIRTUAL_CLK__ (rise edge)
                          0.00    0.00   clock network delay (ideal)
                          2.00    2.00 v input external delay
     1    0.00    0.01    0.00    2.00 v B[0] (in)
                                         B[0] (net)
                  0.01    0.00    2.00 v input9/A (sky130_fd_sc_hd__buf_4)
     6    0.07    0.07    0.13    2.13 v input9/X (sky130_fd_sc_hd__buf_4)
                                         net9 (net)
                  0.07    0.01    2.14 v _251_/A (sky130_fd_sc_hd__buf_12)
     5    0.06    0.04    0.12    2.26 v _251_/X (sky130_fd_sc_hd__buf_12)
                                         _182_ (net)
                  0.04    0.00    2.26 v _252_/A (sky130_fd_sc_hd__buf_4)
    10    0.08    0.08    0.15    2.41 v _252_/X (sky130_fd_sc_hd__buf_4)
                                         _183_ (net)
                  0.08    0.00    2.41 v _298_/A1 (sky130_fd_sc_hd__o21a_2)
     3    0.05    0.09    0.23    2.64 v _298_/X (sky130_fd_sc_hd__o21a_2)
                                         _227_ (net)
                  0.09    0.00    2.64 v _361_/A3 (sky130_fd_sc_hd__o31a_2)
     2    0.04    0.10    0.28    2.92 v _361_/X (sky130_fd_sc_hd__o31a_2)
                                         _040_ (net)
                  0.10    0.00    2.92 v _376_/B1 (sky130_fd_sc_hd__a21o_4)
     2    0.04    0.05    0.15    3.07 v _376_/X (sky130_fd_sc_hd__a21o_4)
                                         _054_ (net)
                  0.05    0.00    3.07 v _377_/B (sky130_fd_sc_hd__xnor2_2)
     3    0.04    0.38    0.32    3.39 ^ _377_/Y (sky130_fd_sc_hd__xnor2_2)
                                         _055_ (net)
                  0.38    0.00    3.39 ^ _378_/B (sky130_fd_sc_hd__and2_2)
     2    0.05    0.18    0.25    3.64 ^ _378_/X (sky130_fd_sc_hd__and2_2)
                                         _056_ (net)
                  0.18    0.00    3.64 ^ _380_/A (sky130_fd_sc_hd__nor2_2)
     2    0.03    0.08    0.08    3.72 v _380_/Y (sky130_fd_sc_hd__nor2_2)
                                         _058_ (net)
                  0.08    0.00    3.72 v _442_/A2 (sky130_fd_sc_hd__a21o_2)
     4    0.04    0.08    0.22    3.95 v _442_/X (sky130_fd_sc_hd__a21o_2)
                                         _119_ (net)
                  0.08    0.00    3.95 v _463_/A1 (sky130_fd_sc_hd__a211o_4)
     2    0.04    0.07    0.27    4.22 v _463_/X (sky130_fd_sc_hd__a211o_4)
                                         _139_ (net)
                  0.07    0.00    4.22 v _464_/B1 (sky130_fd_sc_hd__o311a_1)
     1    0.01    0.07    0.12    4.34 v _464_/X (sky130_fd_sc_hd__o311a_1)
                                         _140_ (net)
                  0.07    0.00    4.34 v _503_/A1 (sky130_fd_sc_hd__o32a_4)
     1    0.02    0.05    0.27    4.61 v _503_/X (sky130_fd_sc_hd__o32a_4)
                                         net27 (net)
                  0.05    0.00    4.61 v output27/A (sky130_fd_sc_hd__buf_8)
     1    0.03    0.03    0.10    4.72 v output27/X (sky130_fd_sc_hd__buf_8)
                                         OUT[7] (net)
                  0.03    0.00    4.72 v OUT[7] (out)
                                  4.72   data arrival time

                  0.00   10.00   10.00   clock __VIRTUAL_CLK__ (rise edge)
                          0.00   10.00   clock network delay (ideal)
                         -0.25    9.75   clock uncertainty
                          0.00    9.75   clock reconvergence pessimism
                         -2.00    7.75   output external delay
                                  7.75   data required time
-----------------------------------------------------------------------------
                                  7.75   data required time
                                 -4.72   data arrival time
-----------------------------------------------------------------------------
                                  3.03   slack (MET)


Startpoint: B[2] (input port clocked by __VIRTUAL_CLK__)
Endpoint: OUT[6] (output port clocked by __VIRTUAL_CLK__)
Path Group: __VIRTUAL_CLK__
Path Type: max
Corner: Fastest

Fanout     Cap    Slew   Delay    Time   Description
-----------------------------------------------------------------------------
                  0.00    0.00    0.00   clock __VIRTUAL_CLK__ (rise edge)
                          0.00    0.00   clock network delay (ideal)
                          2.00    2.00 ^ input external delay
     1    0.00    0.01    0.01    2.01 ^ B[2] (in)
                                         B[2] (net)
                  0.01    0.00    2.01 ^ input11/A (sky130_fd_sc_hd__buf_2)
     5    0.05    0.19    0.18    2.19 ^ input11/X (sky130_fd_sc_hd__buf_2)
                                         net11 (net)
                  0.19    0.00    2.19 ^ _289_/A (sky130_fd_sc_hd__buf_6)
    10    0.09    0.13    0.16    2.35 ^ _289_/X (sky130_fd_sc_hd__buf_6)
                                         _218_ (net)
                  0.13    0.00    2.36 ^ _322_/B (sky130_fd_sc_hd__nand2_2)
     3    0.02    0.08    0.08    2.44 v _322_/Y (sky130_fd_sc_hd__nand2_2)
                                         _002_ (net)
                  0.08    0.00    2.44 v _351_/A1 (sky130_fd_sc_hd__o21bai_2)
     2    0.03    0.25    0.25    2.69 ^ _351_/Y (sky130_fd_sc_hd__o21bai_2)
                                         _030_ (net)
                  0.25    0.00    2.69 ^ _352_/C (sky130_fd_sc_hd__and3_1)
     2    0.02    0.12    0.19    2.88 ^ _352_/X (sky130_fd_sc_hd__and3_1)
                                         _031_ (net)
                  0.12    0.00    2.88 ^ _397_/B1 (sky130_fd_sc_hd__a21o_4)
     3    0.03    0.08    0.11    2.99 ^ _397_/X (sky130_fd_sc_hd__a21o_4)
                                         _075_ (net)
                  0.08    0.00    2.99 ^ rebuffer14/A (sky130_fd_sc_hd__buf_6)
     1    0.01    0.03    0.08    3.07 ^ rebuffer14/X (sky130_fd_sc_hd__buf_6)
                                         net41 (net)
                  0.03    0.00    3.07 ^ _399_/B1 (sky130_fd_sc_hd__a21oi_2)
     2    0.02    0.05    0.04    3.11 v _399_/Y (sky130_fd_sc_hd__a21oi_2)
                                         _077_ (net)
                  0.05    0.00    3.11 v _401_/B (sky130_fd_sc_hd__or3_4)
     4    0.03    0.07    0.27    3.38 v _401_/X (sky130_fd_sc_hd__or3_4)
                                         _079_ (net)
                  0.07    0.00    3.38 v rebuffer2/A (sky130_fd_sc_hd__dlymetal6s2s_1)
     1    0.01    0.05    0.13    3.51 v rebuffer2/X (sky130_fd_sc_hd__dlymetal6s2s_1)
                                         net29 (net)
                  0.05    0.00    3.51 v _436_/A1 (sky130_fd_sc_hd__a211oi_4)
     2    0.05    0.40    0.38    3.89 ^ _436_/Y (sky130_fd_sc_hd__a211oi_4)
                                         _113_ (net)
                  0.40    0.00    3.89 ^ _439_/A (sky130_fd_sc_hd__or2_1)
     1    0.02    0.14    0.17    4.06 ^ _439_/X (sky130_fd_sc_hd__or2_1)
                                         _116_ (net)
                  0.14    0.00    4.06 ^ _440_/A2 (sky130_fd_sc_hd__a21bo_1)
     1    0.01    0.08    0.12    4.18 ^ _440_/X (sky130_fd_sc_hd__a21bo_1)
                                         _117_ (net)
                  0.08    0.00    4.18 ^ _441_/B (sky130_fd_sc_hd__or2_1)
     1    0.03    0.20    0.20    4.38 ^ _441_/X (sky130_fd_sc_hd__or2_1)
                                         _118_ (net)
                  0.20    0.00    4.38 ^ _453_/B1 (sky130_fd_sc_hd__a22oi_1)
     1    0.00    0.06    0.05    4.43 v _453_/Y (sky130_fd_sc_hd__a22oi_1)
                                         net26 (net)
                  0.06    0.00    4.43 v output26/A (sky130_fd_sc_hd__buf_2)
     1    0.03    0.06    0.14    4.57 v output26/X (sky130_fd_sc_hd__buf_2)
                                         OUT[6] (net)
                  0.06    0.00    4.57 v OUT[6] (out)
                                  4.57   data arrival time

                  0.00   10.00   10.00   clock __VIRTUAL_CLK__ (rise edge)
                          0.00   10.00   clock network delay (ideal)
                         -0.25    9.75   clock uncertainty
                          0.00    9.75   clock reconvergence pessimism
                         -2.00    7.75   output external delay
                                  7.75   data required time
-----------------------------------------------------------------------------
                                  7.75   data required time
                                 -4.57   data arrival time
-----------------------------------------------------------------------------
                                  3.18   slack (MET)


Startpoint: B[2] (input port clocked by __VIRTUAL_CLK__)
Endpoint: OUT[5] (output port clocked by __VIRTUAL_CLK__)
Path Group: __VIRTUAL_CLK__
Path Type: max
Corner: Fastest

Fanout     Cap    Slew   Delay    Time   Description
-----------------------------------------------------------------------------
                  0.00    0.00    0.00   clock __VIRTUAL_CLK__ (rise edge)
                          0.00    0.00   clock network delay (ideal)
                          2.00    2.00 ^ input external delay
     1    0.00    0.01    0.01    2.01 ^ B[2] (in)
                                         B[2] (net)
                  0.01    0.00    2.01 ^ input11/A (sky130_fd_sc_hd__buf_2)
     5    0.05    0.19    0.18    2.19 ^ input11/X (sky130_fd_sc_hd__buf_2)
                                         net11 (net)
                  0.19    0.00    2.19 ^ _289_/A (sky130_fd_sc_hd__buf_6)
    10    0.09    0.13    0.16    2.35 ^ _289_/X (sky130_fd_sc_hd__buf_6)
                                         _218_ (net)
                  0.13    0.00    2.36 ^ _322_/B (sky130_fd_sc_hd__nand2_2)
     3    0.02    0.08    0.08    2.44 v _322_/Y (sky130_fd_sc_hd__nand2_2)
                                         _002_ (net)
                  0.08    0.00    2.44 v _351_/A1 (sky130_fd_sc_hd__o21bai_2)
     2    0.03    0.25    0.25    2.69 ^ _351_/Y (sky130_fd_sc_hd__o21bai_2)
                                         _030_ (net)
                  0.25    0.00    2.69 ^ _352_/C (sky130_fd_sc_hd__and3_1)
     2    0.02    0.12    0.19    2.88 ^ _352_/X (sky130_fd_sc_hd__and3_1)
                                         _031_ (net)
                  0.12    0.00    2.88 ^ _397_/B1 (sky130_fd_sc_hd__a21o_4)
     3    0.03    0.08    0.11    2.99 ^ _397_/X (sky130_fd_sc_hd__a21o_4)
                                         _075_ (net)
                  0.08    0.00    2.99 ^ rebuffer14/A (sky130_fd_sc_hd__buf_6)
     1    0.01    0.03    0.08    3.07 ^ rebuffer14/X (sky130_fd_sc_hd__buf_6)
                                         net41 (net)
                  0.03    0.00    3.07 ^ _399_/B1 (sky130_fd_sc_hd__a21oi_2)
     2    0.02    0.05    0.04    3.11 v _399_/Y (sky130_fd_sc_hd__a21oi_2)
                                         _077_ (net)
                  0.05    0.00    3.11 v _401_/B (sky130_fd_sc_hd__or3_4)
     4    0.03    0.07    0.27    3.38 v _401_/X (sky130_fd_sc_hd__or3_4)
                                         _079_ (net)
                  0.07    0.00    3.38 v rebuffer1/A (sky130_fd_sc_hd__dlymetal6s4s_1)
     1    0.01    0.05    0.20    3.58 v rebuffer1/X (sky130_fd_sc_hd__dlymetal6s4s_1)
                                         net28 (net)
                  0.05    0.00    3.58 v _402_/B (sky130_fd_sc_hd__nand2_4)
     3    0.05    0.12    0.12    3.70 ^ _402_/Y (sky130_fd_sc_hd__nand2_4)
                                         _080_ (net)
                  0.12    0.00    3.70 ^ _403_/B1 (sky130_fd_sc_hd__a21o_1)
     2    0.03    0.17    0.16    3.86 ^ _403_/X (sky130_fd_sc_hd__a21o_1)
                                         _081_ (net)
                  0.17    0.00    3.86 ^ _408_/A2 (sky130_fd_sc_hd__a31o_1)
     1    0.03    0.21    0.23    4.09 ^ _408_/X (sky130_fd_sc_hd__a31o_1)
                                         _086_ (net)
                  0.21    0.00    4.09 ^ _409_/B1 (sky130_fd_sc_hd__a21oi_1)
     1    0.01    0.08    0.06    4.15 v _409_/Y (sky130_fd_sc_hd__a21oi_1)
                                         _087_ (net)
                  0.08    0.00    4.15 v _410_/B1 (sky130_fd_sc_hd__a21oi_1)
     1    0.02    0.34    0.22    4.37 ^ _410_/Y (sky130_fd_sc_hd__a21oi_1)
                                         net25 (net)
                  0.34    0.00    4.37 ^ output25/A (sky130_fd_sc_hd__buf_2)
     1    0.03    0.13    0.19    4.56 ^ output25/X (sky130_fd_sc_hd__buf_2)
                                         OUT[5] (net)
                  0.13    0.00    4.56 ^ OUT[5] (out)
                                  4.56   data arrival time

                  0.00   10.00   10.00   clock __VIRTUAL_CLK__ (rise edge)
                          0.00   10.00   clock network delay (ideal)
                         -0.25    9.75   clock uncertainty
                          0.00    9.75   clock reconvergence pessimism
                         -2.00    7.75   output external delay
                                  7.75   data required time
-----------------------------------------------------------------------------
                                  7.75   data required time
                                 -4.56   data arrival time
-----------------------------------------------------------------------------
                                  3.19   slack (MET)


Startpoint: B[0] (input port clocked by __VIRTUAL_CLK__)
Endpoint: OUT[4] (output port clocked by __VIRTUAL_CLK__)
Path Group: __VIRTUAL_CLK__
Path Type: max
Corner: Fastest

Fanout     Cap    Slew   Delay    Time   Description
-----------------------------------------------------------------------------
                  0.00    0.00    0.00   clock __VIRTUAL_CLK__ (rise edge)
                          0.00    0.00   clock network delay (ideal)
                          2.00    2.00 v input external delay
     1    0.00    0.01    0.00    2.00 v B[0] (in)
                                         B[0] (net)
                  0.01    0.00    2.00 v input9/A (sky130_fd_sc_hd__buf_4)
     6    0.07    0.07    0.13    2.13 v input9/X (sky130_fd_sc_hd__buf_4)
                                         net9 (net)
                  0.07    0.01    2.14 v _251_/A (sky130_fd_sc_hd__buf_12)
     5    0.06    0.04    0.12    2.26 v _251_/X (sky130_fd_sc_hd__buf_12)
                                         _182_ (net)
                  0.04    0.00    2.26 v _252_/A (sky130_fd_sc_hd__buf_4)
    10    0.08    0.08    0.15    2.41 v _252_/X (sky130_fd_sc_hd__buf_4)
                                         _183_ (net)
                  0.08    0.00    2.41 v _298_/A1 (sky130_fd_sc_hd__o21a_2)
     3    0.05    0.09    0.23    2.64 v _298_/X (sky130_fd_sc_hd__o21a_2)
                                         _227_ (net)
                  0.09    0.00    2.64 v _361_/A3 (sky130_fd_sc_hd__o31a_2)
     2    0.04    0.10    0.28    2.92 v _361_/X (sky130_fd_sc_hd__o31a_2)
                                         _040_ (net)
                  0.10    0.00    2.92 v _362_/B (sky130_fd_sc_hd__xnor2_2)
     2    0.02    0.22    0.22    3.14 ^ _362_/Y (sky130_fd_sc_hd__xnor2_2)
                                         _041_ (net)
                  0.22    0.00    3.14 ^ _363_/B (sky130_fd_sc_hd__and2_1)
     2    0.02    0.14    0.18    3.32 ^ _363_/X (sky130_fd_sc_hd__and2_1)
                                         _042_ (net)
                  0.14    0.00    3.32 ^ _365_/A (sky130_fd_sc_hd__nor2_1)
     3    0.02    0.09    0.10    3.42 v _365_/Y (sky130_fd_sc_hd__nor2_1)
                                         _044_ (net)
                  0.09    0.00    3.43 v _368_/A (sky130_fd_sc_hd__or2_1)
     2    0.03    0.11    0.25    3.67 v _368_/X (sky130_fd_sc_hd__or2_1)
                                         _047_ (net)
                  0.11    0.00    3.67 v _372_/A3 (sky130_fd_sc_hd__a31o_1)
     1    0.03    0.10    0.25    3.92 v _372_/X (sky130_fd_sc_hd__a31o_1)
                                         _051_ (net)
                  0.10    0.00    3.92 v _373_/B2 (sky130_fd_sc_hd__o2bb2a_1)
     1    0.02    0.08    0.25    4.17 v _373_/X (sky130_fd_sc_hd__o2bb2a_1)
                                         net24 (net)
                  0.08    0.00    4.17 v output24/A (sky130_fd_sc_hd__buf_2)
     1    0.03    0.06    0.15    4.32 v output24/X (sky130_fd_sc_hd__buf_2)
                                         OUT[4] (net)
                  0.06    0.00    4.32 v OUT[4] (out)
                                  4.32   data arrival time

                  0.00   10.00   10.00   clock __VIRTUAL_CLK__ (rise edge)
                          0.00   10.00   clock network delay (ideal)
                         -0.25    9.75   clock uncertainty
                          0.00    9.75   clock reconvergence pessimism
                         -2.00    7.75   output external delay
                                  7.75   data required time
-----------------------------------------------------------------------------
                                  7.75   data required time
                                 -4.32   data arrival time
-----------------------------------------------------------------------------
                                  3.43   slack (MET)


Startpoint: A[2] (input port clocked by __VIRTUAL_CLK__)
Endpoint: OUT[3] (output port clocked by __VIRTUAL_CLK__)
Path Group: __VIRTUAL_CLK__
Path Type: max
Corner: Fastest

Fanout     Cap    Slew   Delay    Time   Description
-----------------------------------------------------------------------------
                  0.00    0.00    0.00   clock __VIRTUAL_CLK__ (rise edge)
                          0.00    0.00   clock network delay (ideal)
                          2.00    2.00 ^ input external delay
     1    0.00    0.02    0.01    2.01 ^ A[2] (in)
                                         A[2] (net)
                  0.02    0.00    2.01 ^ input3/A (sky130_fd_sc_hd__buf_4)
     8    0.07    0.15    0.16    2.17 ^ input3/X (sky130_fd_sc_hd__buf_4)
                                         net3 (net)
                  0.15    0.01    2.18 ^ _288_/A (sky130_fd_sc_hd__buf_4)
    10    0.08    0.16    0.19    2.37 ^ _288_/X (sky130_fd_sc_hd__buf_4)
                                         _217_ (net)
                  0.16    0.00    2.37 ^ _292_/B1 (sky130_fd_sc_hd__a22o_1)
     2    0.03    0.18    0.20    2.57 ^ _292_/X (sky130_fd_sc_hd__a22o_1)
                                         _221_ (net)
                  0.18    0.00    2.57 ^ _328_/A3 (sky130_fd_sc_hd__a31o_1)
     2    0.02    0.13    0.18    2.75 ^ _328_/X (sky130_fd_sc_hd__a31o_1)
                                         _008_ (net)
                  0.13    0.00    2.75 ^ _329_/C (sky130_fd_sc_hd__and3_1)
     2    0.02    0.14    0.19    2.94 ^ _329_/X (sky130_fd_sc_hd__and3_1)
                                         _009_ (net)
                  0.14    0.00    2.94 ^ _331_/A_N (sky130_fd_sc_hd__and2b_1)
     1    0.02    0.07    0.17    3.11 v _331_/X (sky130_fd_sc_hd__and2b_1)
                                         _011_ (net)
                  0.07    0.00    3.11 v _332_/B (sky130_fd_sc_hd__xnor2_2)
     2    0.02    0.21    0.20    3.31 ^ _332_/Y (sky130_fd_sc_hd__xnor2_2)
                                         _012_ (net)
                  0.21    0.00    3.31 ^ _333_/B (sky130_fd_sc_hd__nand2_2)
     3    0.04    0.13    0.14    3.45 v _333_/Y (sky130_fd_sc_hd__nand2_2)
                                         _013_ (net)
                  0.13    0.00    3.45 v _338_/A2 (sky130_fd_sc_hd__a31o_1)
     1    0.02    0.08    0.23    3.68 v _338_/X (sky130_fd_sc_hd__a31o_1)
                                         _018_ (net)
                  0.08    0.00    3.68 v _339_/B2 (sky130_fd_sc_hd__o2bb2a_1)
     1    0.01    0.07    0.23    3.92 v _339_/X (sky130_fd_sc_hd__o2bb2a_1)
                                         net23 (net)
                  0.07    0.00    3.92 v output23/A (sky130_fd_sc_hd__buf_2)
     1    0.03    0.06    0.14    4.06 v output23/X (sky130_fd_sc_hd__buf_2)
                                         OUT[3] (net)
                  0.06    0.00    4.06 v OUT[3] (out)
                                  4.06   data arrival time

                  0.00   10.00   10.00   clock __VIRTUAL_CLK__ (rise edge)
                          0.00   10.00   clock network delay (ideal)
                         -0.25    9.75   clock uncertainty
                          0.00    9.75   clock reconvergence pessimism
                         -2.00    7.75   output external delay
                                  7.75   data required time
-----------------------------------------------------------------------------
                                  7.75   data required time
                                 -4.06   data arrival time
-----------------------------------------------------------------------------
                                  3.69   slack (MET)


Startpoint: B[0] (input port clocked by __VIRTUAL_CLK__)
Endpoint: OUT[2] (output port clocked by __VIRTUAL_CLK__)
Path Group: __VIRTUAL_CLK__
Path Type: max
Corner: Fastest

Fanout     Cap    Slew   Delay    Time   Description
-----------------------------------------------------------------------------
                  0.00    0.00    0.00   clock __VIRTUAL_CLK__ (rise edge)
                          0.00    0.00   clock network delay (ideal)
                          2.00    2.00 v input external delay
     1    0.00    0.01    0.00    2.00 v B[0] (in)
                                         B[0] (net)
                  0.01    0.00    2.00 v input9/A (sky130_fd_sc_hd__buf_4)
     6    0.07    0.07    0.13    2.13 v input9/X (sky130_fd_sc_hd__buf_4)
                                         net9 (net)
                  0.07    0.01    2.14 v _251_/A (sky130_fd_sc_hd__buf_12)
     5    0.06    0.04    0.12    2.26 v _251_/X (sky130_fd_sc_hd__buf_12)
                                         _182_ (net)
                  0.04    0.00    2.26 v _252_/A (sky130_fd_sc_hd__buf_4)
    10    0.08    0.08    0.15    2.41 v _252_/X (sky130_fd_sc_hd__buf_4)
                                         _183_ (net)
                  0.08    0.01    2.42 v _276_/A1 (sky130_fd_sc_hd__a21oi_2)
     2    0.04    0.33    0.31    2.72 ^ _276_/Y (sky130_fd_sc_hd__a21oi_2)
                                         _206_ (net)
                  0.33    0.00    2.72 ^ _278_/A1 (sky130_fd_sc_hd__o21a_1)
     2    0.02    0.12    0.17    2.89 ^ _278_/X (sky130_fd_sc_hd__o21a_1)
                                         _208_ (net)
                  0.12    0.00    2.90 ^ _301_/B1 (sky130_fd_sc_hd__a21o_1)
     2    0.00    0.04    0.07    2.96 ^ _301_/X (sky130_fd_sc_hd__a21o_1)
                                         _230_ (net)
                  0.04    0.00    2.96 ^ rebuffer23/A (sky130_fd_sc_hd__dlygate4sd1_1)
     2    0.02    0.12    0.20    3.16 ^ rebuffer23/X (sky130_fd_sc_hd__dlygate4sd1_1)
                                         net50 (net)
                  0.12    0.00    3.16 ^ rebuffer24/A (sky130_fd_sc_hd__dlygate4sd1_1)
     1    0.00    0.04    0.15    3.31 ^ rebuffer24/X (sky130_fd_sc_hd__dlygate4sd1_1)
                                         net51 (net)
                  0.04    0.00    3.31 ^ _302_/B (sky130_fd_sc_hd__nand2_1)
     1    0.01    0.06    0.04    3.35 v _302_/Y (sky130_fd_sc_hd__nand2_1)
                                         _231_ (net)
                  0.06    0.00    3.35 v _308_/A1 (sky130_fd_sc_hd__a211o_1)
     1    0.01    0.05    0.20    3.54 v _308_/X (sky130_fd_sc_hd__a211o_1)
                                         _237_ (net)
                  0.05    0.00    3.55 v _309_/B2 (sky130_fd_sc_hd__o2bb2a_1)
     1    0.02    0.09    0.24    3.79 v _309_/X (sky130_fd_sc_hd__o2bb2a_1)
                                         net22 (net)
                  0.09    0.00    3.79 v output22/A (sky130_fd_sc_hd__buf_2)
     1    0.03    0.06    0.15    3.94 v output22/X (sky130_fd_sc_hd__buf_2)
                                         OUT[2] (net)
                  0.06    0.00    3.94 v OUT[2] (out)
                                  3.94   data arrival time

                  0.00   10.00   10.00   clock __VIRTUAL_CLK__ (rise edge)
                          0.00   10.00   clock network delay (ideal)
                         -0.25    9.75   clock uncertainty
                          0.00    9.75   clock reconvergence pessimism
                         -2.00    7.75   output external delay
                                  7.75   data required time
-----------------------------------------------------------------------------
                                  7.75   data required time
                                 -3.94   data arrival time
-----------------------------------------------------------------------------
                                  3.81   slack (MET)


Startpoint: B[0] (input port clocked by __VIRTUAL_CLK__)
Endpoint: OUT[1] (output port clocked by __VIRTUAL_CLK__)
Path Group: __VIRTUAL_CLK__
Path Type: max
Corner: Fastest

Fanout     Cap    Slew   Delay    Time   Description
-----------------------------------------------------------------------------
                  0.00    0.00    0.00   clock __VIRTUAL_CLK__ (rise edge)
                          0.00    0.00   clock network delay (ideal)
                          2.00    2.00 v input external delay
     1    0.00    0.01    0.00    2.00 v B[0] (in)
                                         B[0] (net)
                  0.01    0.00    2.00 v input9/A (sky130_fd_sc_hd__buf_4)
     6    0.07    0.07    0.13    2.13 v input9/X (sky130_fd_sc_hd__buf_4)
                                         net9 (net)
                  0.07    0.01    2.14 v _251_/A (sky130_fd_sc_hd__buf_12)
     5    0.06    0.04    0.12    2.26 v _251_/X (sky130_fd_sc_hd__buf_12)
                                         _182_ (net)
                  0.04    0.00    2.26 v _252_/A (sky130_fd_sc_hd__buf_4)
    10    0.08    0.08    0.15    2.41 v _252_/X (sky130_fd_sc_hd__buf_4)
                                         _183_ (net)
                  0.08    0.01    2.42 v _276_/A1 (sky130_fd_sc_hd__a21oi_2)
     2    0.04    0.33    0.31    2.72 ^ _276_/Y (sky130_fd_sc_hd__a21oi_2)
                                         _206_ (net)
                  0.33    0.00    2.72 ^ _279_/B (sky130_fd_sc_hd__or3_4)
     2    0.02    0.06    0.15    2.87 ^ _279_/X (sky130_fd_sc_hd__or3_4)
                                         _209_ (net)
                  0.06    0.00    2.87 ^ _280_/B_N (sky130_fd_sc_hd__or2b_1)
     1    0.01    0.05    0.16    3.03 v _280_/X (sky130_fd_sc_hd__or2b_1)
                                         _210_ (net)
                  0.05    0.00    3.03 v _281_/B (sky130_fd_sc_hd__xnor2_1)
     1    0.01    0.08    0.12    3.16 v _281_/Y (sky130_fd_sc_hd__xnor2_1)
                                         _211_ (net)
                  0.08    0.00    3.16 v _286_/A2 (sky130_fd_sc_hd__a211o_1)
     1    0.01    0.05    0.23    3.38 v _286_/X (sky130_fd_sc_hd__a211o_1)
                                         _216_ (net)
                  0.05    0.00    3.38 v _287_/B2 (sky130_fd_sc_hd__o2bb2a_1)
     1    0.02    0.08    0.23    3.61 v _287_/X (sky130_fd_sc_hd__o2bb2a_1)
                                         net21 (net)
                  0.08    0.00    3.61 v output21/A (sky130_fd_sc_hd__buf_2)
     1    0.03    0.06    0.14    3.76 v output21/X (sky130_fd_sc_hd__buf_2)
                                         OUT[1] (net)
                  0.06    0.00    3.76 v OUT[1] (out)
                                  3.76   data arrival time

                  0.00   10.00   10.00   clock __VIRTUAL_CLK__ (rise edge)
                          0.00   10.00   clock network delay (ideal)
                         -0.25    9.75   clock uncertainty
                          0.00    9.75   clock reconvergence pessimism
                         -2.00    7.75   output external delay
                                  7.75   data required time
-----------------------------------------------------------------------------
                                  7.75   data required time
                                 -3.76   data arrival time
-----------------------------------------------------------------------------
                                  3.99   slack (MET)


Startpoint: opcode[1] (input port clocked by __VIRTUAL_CLK__)
Endpoint: OUT[0] (output port clocked by __VIRTUAL_CLK__)
Path Group: __VIRTUAL_CLK__
Path Type: max
Corner: Fastest

Fanout     Cap    Slew   Delay    Time   Description
-----------------------------------------------------------------------------
                  0.00    0.00    0.00   clock __VIRTUAL_CLK__ (rise edge)
                          0.00    0.00   clock network delay (ideal)
                          2.00    2.00 v input external delay
     1    0.00    0.00    0.00    2.00 v opcode[1] (in)
                                         opcode[1] (net)
                  0.00    0.00    2.00 v input18/A (sky130_fd_sc_hd__clkbuf_4)
     5    0.06    0.09    0.15    2.15 v input18/X (sky130_fd_sc_hd__clkbuf_4)
                                         net18 (net)
                  0.09    0.00    2.15 v _249_/B (sky130_fd_sc_hd__or2_4)
     5    0.05    0.07    0.22    2.37 v _249_/X (sky130_fd_sc_hd__or2_4)
                                         _180_ (net)
                  0.07    0.00    2.38 v _258_/B (sky130_fd_sc_hd__nor2_4)
     8    0.06    0.26    0.24    2.61 ^ _258_/Y (sky130_fd_sc_hd__nor2_4)
                                         _189_ (net)
                  0.26    0.00    2.61 ^ _260_/A1 (sky130_fd_sc_hd__o211a_1)
     1    0.02    0.13    0.19    2.81 ^ _260_/X (sky130_fd_sc_hd__o211a_1)
                                         _191_ (net)
                  0.13    0.00    2.81 ^ _261_/B1 (sky130_fd_sc_hd__a31o_1)
     1    0.01    0.11    0.12    2.93 ^ _261_/X (sky130_fd_sc_hd__a31o_1)
                                         _192_ (net)
                  0.11    0.00    2.93 ^ _262_/B2 (sky130_fd_sc_hd__a2bb2o_1)
     2    0.02    0.17    0.20    3.13 ^ _262_/X (sky130_fd_sc_hd__a2bb2o_1)
                                         net20 (net)
                  0.17    0.00    3.13 ^ output20/A (sky130_fd_sc_hd__buf_2)
     1    0.03    0.13    0.17    3.31 ^ output20/X (sky130_fd_sc_hd__buf_2)
                                         OUT[0] (net)
                  0.13    0.00    3.31 ^ OUT[0] (out)
                                  3.31   data arrival time

                  0.00   10.00   10.00   clock __VIRTUAL_CLK__ (rise edge)
                          0.00   10.00   clock network delay (ideal)
                         -0.25    9.75   clock uncertainty
                          0.00    9.75   clock reconvergence pessimism
                         -2.00    7.75   output external delay
                                  7.75   data required time
-----------------------------------------------------------------------------
                                  7.75   data required time
                                 -3.31   data arrival time
-----------------------------------------------------------------------------
                                  4.44   slack (MET)



worst slack corner Fastest: 3.0307
======================= Slowest Corner ===================================

Startpoint: B[0] (input port clocked by __VIRTUAL_CLK__)
Endpoint: OUT[7] (output port clocked by __VIRTUAL_CLK__)
Path Group: __VIRTUAL_CLK__
Path Type: max
Corner: Slowest

Fanout     Cap    Slew   Delay    Time   Description
-----------------------------------------------------------------------------
                  0.00    0.00    0.00   clock __VIRTUAL_CLK__ (rise edge)
                          0.00    0.00   clock network delay (ideal)
                          2.00    2.00 v input external delay
     1    0.00    0.02    0.01    2.01 v B[0] (in)
                                         B[0] (net)
                  0.02    0.00    2.01 v input9/A (sky130_fd_sc_hd__buf_4)
     6    0.07    0.17    0.35    2.37 v input9/X (sky130_fd_sc_hd__buf_4)
                                         net9 (net)
                  0.17    0.01    2.37 v _251_/A (sky130_fd_sc_hd__buf_12)
     5    0.06    0.08    0.33    2.70 v _251_/X (sky130_fd_sc_hd__buf_12)
                                         _182_ (net)
                  0.08    0.00    2.70 v _252_/A (sky130_fd_sc_hd__buf_4)
    10    0.08    0.19    0.41    3.10 v _252_/X (sky130_fd_sc_hd__buf_4)
                                         _183_ (net)
                  0.19    0.00    3.11 v _298_/A1 (sky130_fd_sc_hd__o21a_2)
     3    0.05    0.25    0.65    3.76 v _298_/X (sky130_fd_sc_hd__o21a_2)
                                         _227_ (net)
                  0.25    0.00    3.76 v _361_/A3 (sky130_fd_sc_hd__o31a_2)
     2    0.04    0.25    0.85    4.62 v _361_/X (sky130_fd_sc_hd__o31a_2)
                                         _040_ (net)
                  0.25    0.00    4.62 v _376_/B1 (sky130_fd_sc_hd__a21o_4)
     2    0.04    0.13    0.51    5.13 v _376_/X (sky130_fd_sc_hd__a21o_4)
                                         _054_ (net)
                  0.13    0.00    5.13 v _377_/B (sky130_fd_sc_hd__xnor2_2)
     3    0.04    0.39    0.50    5.63 v _377_/Y (sky130_fd_sc_hd__xnor2_2)
                                         _055_ (net)
                  0.39    0.00    5.63 v _378_/B (sky130_fd_sc_hd__and2_2)
     2    0.05    0.24    0.77    6.40 v _378_/X (sky130_fd_sc_hd__and2_2)
                                         _056_ (net)
                  0.24    0.00    6.41 v _380_/A (sky130_fd_sc_hd__nor2_2)
     2    0.03    0.53    0.58    6.99 ^ _380_/Y (sky130_fd_sc_hd__nor2_2)
                                         _058_ (net)
                  0.53    0.00    6.99 ^ _442_/A2 (sky130_fd_sc_hd__a21o_2)
     4    0.04    0.32    0.65    7.64 ^ _442_/X (sky130_fd_sc_hd__a21o_2)
                                         _119_ (net)
                  0.32    0.00    7.64 ^ _455_/A1 (sky130_fd_sc_hd__a21oi_1)
     1    0.01    0.20    0.31    7.95 v _455_/Y (sky130_fd_sc_hd__a21oi_1)
                                         _131_ (net)
                  0.20    0.00    7.95 v _464_/A1 (sky130_fd_sc_hd__o311a_1)
     1    0.01    0.18    0.86    8.81 v _464_/X (sky130_fd_sc_hd__o311a_1)
                                         _140_ (net)
                  0.18    0.00    8.81 v _503_/A1 (sky130_fd_sc_hd__o32a_4)
     1    0.02    0.15    0.81    9.62 v _503_/X (sky130_fd_sc_hd__o32a_4)
                                         net27 (net)
                  0.15    0.00    9.62 v output27/A (sky130_fd_sc_hd__buf_8)
     1    0.03    0.07    0.29    9.91 v output27/X (sky130_fd_sc_hd__buf_8)
                                         OUT[7] (net)
                  0.07    0.00    9.91 v OUT[7] (out)
                                  9.91   data arrival time

                  0.00   10.00   10.00   clock __VIRTUAL_CLK__ (rise edge)
                          0.00   10.00   clock network delay (ideal)
                         -0.25    9.75   clock uncertainty
                          0.00    9.75   clock reconvergence pessimism
                         -2.00    7.75   output external delay
                                  7.75   data required time
-----------------------------------------------------------------------------
                                  7.75   data required time
                                 -9.91   data arrival time
-----------------------------------------------------------------------------
                                 -2.16   slack (VIOLATED)


Startpoint: B[0] (input port clocked by __VIRTUAL_CLK__)
Endpoint: OUT[5] (output port clocked by __VIRTUAL_CLK__)
Path Group: __VIRTUAL_CLK__
Path Type: max
Corner: Slowest

Fanout     Cap    Slew   Delay    Time   Description
-----------------------------------------------------------------------------
                  0.00    0.00    0.00   clock __VIRTUAL_CLK__ (rise edge)
                          0.00    0.00   clock network delay (ideal)
                          2.00    2.00 ^ input external delay
     1    0.00    0.04    0.02    2.02 ^ B[0] (in)
                                         B[0] (net)
                  0.04    0.00    2.02 ^ input9/A (sky130_fd_sc_hd__buf_4)
     6    0.07    0.32    0.39    2.41 ^ input9/X (sky130_fd_sc_hd__buf_4)
                                         net9 (net)
                  0.32    0.00    2.42 ^ _347_/D (sky130_fd_sc_hd__and4_4)
     3    0.03    0.20    0.74    3.16 ^ _347_/X (sky130_fd_sc_hd__and4_4)
                                         _026_ (net)
                  0.20    0.00    3.16 ^ rebuffer19/A (sky130_fd_sc_hd__dlymetal6s2s_1)
     1    0.01    0.22    0.35    3.51 ^ rebuffer19/X (sky130_fd_sc_hd__dlymetal6s2s_1)
                                         net46 (net)
                  0.22    0.00    3.51 ^ _350_/A1 (sky130_fd_sc_hd__o21ai_2)
     2    0.03    0.25    0.32    3.82 v _350_/Y (sky130_fd_sc_hd__o21ai_2)
                                         _029_ (net)
                  0.25    0.00    3.83 v _353_/A2 (sky130_fd_sc_hd__a21o_1)
     2    0.02    0.16    0.52    4.34 v _353_/X (sky130_fd_sc_hd__a21o_1)
                                         _032_ (net)
                  0.16    0.00    4.34 v _397_/A1 (sky130_fd_sc_hd__a21o_4)
     3    0.03    0.12    0.50    4.85 v _397_/X (sky130_fd_sc_hd__a21o_4)
                                         _075_ (net)
                  0.12    0.00    4.85 v _398_/A (sky130_fd_sc_hd__and3_1)
     2    0.02    0.20    0.46    5.31 v _398_/X (sky130_fd_sc_hd__and3_1)
                                         _076_ (net)
                  0.20    0.00    5.31 v _401_/C (sky130_fd_sc_hd__or3_4)
     4    0.03    0.18    0.84    6.15 v _401_/X (sky130_fd_sc_hd__or3_4)
                                         _079_ (net)
                  0.18    0.00    6.15 v rebuffer1/A (sky130_fd_sc_hd__dlymetal6s4s_1)
     1    0.01    0.12    0.66    6.81 v rebuffer1/X (sky130_fd_sc_hd__dlymetal6s4s_1)
                                         net28 (net)
                  0.12    0.00    6.81 v _402_/B (sky130_fd_sc_hd__nand2_4)
     3    0.05    0.26    0.28    7.09 ^ _402_/Y (sky130_fd_sc_hd__nand2_4)
                                         _080_ (net)
                  0.26    0.00    7.09 ^ _403_/B1 (sky130_fd_sc_hd__a21o_1)
     2    0.03    0.35    0.44    7.53 ^ _403_/X (sky130_fd_sc_hd__a21o_1)
                                         _081_ (net)
                  0.35    0.00    7.53 ^ _408_/A2 (sky130_fd_sc_hd__a31o_1)
     1    0.03    0.45    0.70    8.23 ^ _408_/X (sky130_fd_sc_hd__a31o_1)
                                         _086_ (net)
                  0.45    0.00    8.23 ^ _409_/B1 (sky130_fd_sc_hd__a21oi_1)
     1    0.01    0.20    0.27    8.50 v _409_/Y (sky130_fd_sc_hd__a21oi_1)
                                         _087_ (net)
                  0.20    0.00    8.50 v _410_/B1 (sky130_fd_sc_hd__a21oi_1)
     1    0.02    0.74    0.71    9.20 ^ _410_/Y (sky130_fd_sc_hd__a21oi_1)
                                         net25 (net)
                  0.74    0.00    9.20 ^ output25/A (sky130_fd_sc_hd__buf_2)
     1    0.03    0.28    0.63    9.84 ^ output25/X (sky130_fd_sc_hd__buf_2)
                                         OUT[5] (net)
                  0.28    0.00    9.84 ^ OUT[5] (out)
                                  9.84   data arrival time

                  0.00   10.00   10.00   clock __VIRTUAL_CLK__ (rise edge)
                          0.00   10.00   clock network delay (ideal)
                         -0.25    9.75   clock uncertainty
                          0.00    9.75   clock reconvergence pessimism
                         -2.00    7.75   output external delay
                                  7.75   data required time
-----------------------------------------------------------------------------
                                  7.75   data required time
                                 -9.84   data arrival time
-----------------------------------------------------------------------------
                                 -2.09   slack (VIOLATED)


Startpoint: B[0] (input port clocked by __VIRTUAL_CLK__)
Endpoint: OUT[6] (output port clocked by __VIRTUAL_CLK__)
Path Group: __VIRTUAL_CLK__
Path Type: max
Corner: Slowest

Fanout     Cap    Slew   Delay    Time   Description
-----------------------------------------------------------------------------
                  0.00    0.00    0.00   clock __VIRTUAL_CLK__ (rise edge)
                          0.00    0.00   clock network delay (ideal)
                          2.00    2.00 ^ input external delay
     1    0.00    0.04    0.02    2.02 ^ B[0] (in)
                                         B[0] (net)
                  0.04    0.00    2.02 ^ input9/A (sky130_fd_sc_hd__buf_4)
     6    0.07    0.32    0.39    2.41 ^ input9/X (sky130_fd_sc_hd__buf_4)
                                         net9 (net)
                  0.32    0.00    2.42 ^ _347_/D (sky130_fd_sc_hd__and4_4)
     3    0.03    0.20    0.74    3.16 ^ _347_/X (sky130_fd_sc_hd__and4_4)
                                         _026_ (net)
                  0.20    0.00    3.16 ^ rebuffer19/A (sky130_fd_sc_hd__dlymetal6s2s_1)
     1    0.01    0.22    0.35    3.51 ^ rebuffer19/X (sky130_fd_sc_hd__dlymetal6s2s_1)
                                         net46 (net)
                  0.22    0.00    3.51 ^ _350_/A1 (sky130_fd_sc_hd__o21ai_2)
     2    0.03    0.25    0.32    3.82 v _350_/Y (sky130_fd_sc_hd__o21ai_2)
                                         _029_ (net)
                  0.25    0.00    3.83 v _353_/A2 (sky130_fd_sc_hd__a21o_1)
     2    0.02    0.16    0.52    4.34 v _353_/X (sky130_fd_sc_hd__a21o_1)
                                         _032_ (net)
                  0.16    0.00    4.34 v _397_/A1 (sky130_fd_sc_hd__a21o_4)
     3    0.03    0.12    0.50    4.85 v _397_/X (sky130_fd_sc_hd__a21o_4)
                                         _075_ (net)
                  0.12    0.00    4.85 v _398_/A (sky130_fd_sc_hd__and3_1)
     2    0.02    0.20    0.46    5.31 v _398_/X (sky130_fd_sc_hd__and3_1)
                                         _076_ (net)
                  0.20    0.00    5.31 v _401_/C (sky130_fd_sc_hd__or3_4)
     4    0.03    0.18    0.84    6.15 v _401_/X (sky130_fd_sc_hd__or3_4)
                                         _079_ (net)
                  0.18    0.00    6.15 v rebuffer2/A (sky130_fd_sc_hd__dlymetal6s2s_1)
     1    0.01    0.14    0.42    6.57 v rebuffer2/X (sky130_fd_sc_hd__dlymetal6s2s_1)
                                         net29 (net)
                  0.14    0.00    6.57 v _436_/A1 (sky130_fd_sc_hd__a211oi_4)
     2    0.05    0.88    0.91    7.48 ^ _436_/Y (sky130_fd_sc_hd__a211oi_4)
                                         _113_ (net)
                  0.88    0.00    7.48 ^ _439_/A (sky130_fd_sc_hd__or2_1)
     1    0.02    0.30    0.62    8.10 ^ _439_/X (sky130_fd_sc_hd__or2_1)
                                         _116_ (net)
                  0.30    0.00    8.10 ^ _440_/A2 (sky130_fd_sc_hd__a21bo_1)
     1    0.01    0.16    0.39    8.48 ^ _440_/X (sky130_fd_sc_hd__a21bo_1)
                                         _117_ (net)
                  0.16    0.00    8.48 ^ _441_/B (sky130_fd_sc_hd__or2_1)
     1    0.03    0.42    0.48    8.96 ^ _441_/X (sky130_fd_sc_hd__or2_1)
                                         _118_ (net)
                  0.42    0.00    8.96 ^ _453_/B1 (sky130_fd_sc_hd__a22oi_1)
     1    0.00    0.17    0.26    9.22 v _453_/Y (sky130_fd_sc_hd__a22oi_1)
                                         net26 (net)
                  0.17    0.00    9.22 v output26/A (sky130_fd_sc_hd__buf_2)
     1    0.03    0.17    0.42    9.64 v output26/X (sky130_fd_sc_hd__buf_2)
                                         OUT[6] (net)
                  0.17    0.00    9.64 v OUT[6] (out)
                                  9.64   data arrival time

                  0.00   10.00   10.00   clock __VIRTUAL_CLK__ (rise edge)
                          0.00   10.00   clock network delay (ideal)
                         -0.25    9.75   clock uncertainty
                          0.00    9.75   clock reconvergence pessimism
                         -2.00    7.75   output external delay
                                  7.75   data required time
-----------------------------------------------------------------------------
                                  7.75   data required time
                                 -9.64   data arrival time
-----------------------------------------------------------------------------
                                 -1.89   slack (VIOLATED)


Startpoint: B[0] (input port clocked by __VIRTUAL_CLK__)
Endpoint: OUT[4] (output port clocked by __VIRTUAL_CLK__)
Path Group: __VIRTUAL_CLK__
Path Type: max
Corner: Slowest

Fanout     Cap    Slew   Delay    Time   Description
-----------------------------------------------------------------------------
                  0.00    0.00    0.00   clock __VIRTUAL_CLK__ (rise edge)
                          0.00    0.00   clock network delay (ideal)
                          2.00    2.00 ^ input external delay
     1    0.00    0.04    0.02    2.02 ^ B[0] (in)
                                         B[0] (net)
                  0.04    0.00    2.02 ^ input9/A (sky130_fd_sc_hd__buf_4)
     6    0.07    0.32    0.39    2.41 ^ input9/X (sky130_fd_sc_hd__buf_4)
                                         net9 (net)
                  0.32    0.01    2.42 ^ _251_/A (sky130_fd_sc_hd__buf_12)
     5    0.07    0.14    0.35    2.77 ^ _251_/X (sky130_fd_sc_hd__buf_12)
                                         _182_ (net)
                  0.14    0.00    2.77 ^ _252_/A (sky130_fd_sc_hd__buf_4)
    10    0.08    0.36    0.47    3.25 ^ _252_/X (sky130_fd_sc_hd__buf_4)
                                         _183_ (net)
                  0.36    0.00    3.25 ^ _298_/A1 (sky130_fd_sc_hd__o21a_2)
     3    0.05    0.41    0.67    3.92 ^ _298_/X (sky130_fd_sc_hd__o21a_2)
                                         _227_ (net)
                  0.41    0.00    3.92 ^ _314_/B1 (sky130_fd_sc_hd__a211oi_2)
     2    0.02    0.19    0.26    4.18 v _314_/Y (sky130_fd_sc_hd__a211oi_2)
                                         _242_ (net)
                  0.19    0.00    4.18 v _317_/B (sky130_fd_sc_hd__or3_2)
     3    0.02    0.27    1.34    5.52 v _317_/X (sky130_fd_sc_hd__or3_2)
                                         _245_ (net)
                  0.27    0.00    5.52 v _366_/A2 (sky130_fd_sc_hd__a21bo_1)
     3    0.03    0.28    0.65    6.16 v _366_/X (sky130_fd_sc_hd__a21bo_1)
                                         _045_ (net)
                  0.28    0.00    6.16 v _368_/B (sky130_fd_sc_hd__or2_1)
     2    0.03    0.33    0.82    6.99 v _368_/X (sky130_fd_sc_hd__or2_1)
                                         _047_ (net)
                  0.33    0.00    6.99 v _372_/A3 (sky130_fd_sc_hd__a31o_1)
     1    0.03    0.25    0.71    7.70 v _372_/X (sky130_fd_sc_hd__a31o_1)
                                         _051_ (net)
                  0.25    0.00    7.70 v _373_/B2 (sky130_fd_sc_hd__o2bb2a_1)
     1    0.02    0.23    0.88    8.58 v _373_/X (sky130_fd_sc_hd__o2bb2a_1)
                                         net24 (net)
                  0.23    0.00    8.58 v output24/A (sky130_fd_sc_hd__buf_2)
     1    0.03    0.17    0.44    9.02 v output24/X (sky130_fd_sc_hd__buf_2)
                                         OUT[4] (net)
                  0.17    0.00    9.02 v OUT[4] (out)
                                  9.02   data arrival time

                  0.00   10.00   10.00   clock __VIRTUAL_CLK__ (rise edge)
                          0.00   10.00   clock network delay (ideal)
                         -0.25    9.75   clock uncertainty
                          0.00    9.75   clock reconvergence pessimism
                         -2.00    7.75   output external delay
                                  7.75   data required time
-----------------------------------------------------------------------------
                                  7.75   data required time
                                 -9.02   data arrival time
-----------------------------------------------------------------------------
                                 -1.27   slack (VIOLATED)


Startpoint: A[2] (input port clocked by __VIRTUAL_CLK__)
Endpoint: OUT[3] (output port clocked by __VIRTUAL_CLK__)
Path Group: __VIRTUAL_CLK__
Path Type: max
Corner: Slowest

Fanout     Cap    Slew   Delay    Time   Description
-----------------------------------------------------------------------------
                  0.00    0.00    0.00   clock __VIRTUAL_CLK__ (rise edge)
                          0.00    0.00   clock network delay (ideal)
                          2.00    2.00 ^ input external delay
     1    0.00    0.04    0.02    2.02 ^ A[2] (in)
                                         A[2] (net)
                  0.04    0.00    2.02 ^ input3/A (sky130_fd_sc_hd__buf_4)
     8    0.07    0.32    0.39    2.41 ^ input3/X (sky130_fd_sc_hd__buf_4)
                                         net3 (net)
                  0.32    0.01    2.42 ^ _288_/A (sky130_fd_sc_hd__buf_4)
    10    0.08    0.34    0.54    2.96 ^ _288_/X (sky130_fd_sc_hd__buf_4)
                                         _217_ (net)
                  0.34    0.00    2.96 ^ _292_/B1 (sky130_fd_sc_hd__a22o_1)
     2    0.02    0.39    0.61    3.57 ^ _292_/X (sky130_fd_sc_hd__a22o_1)
                                         _221_ (net)
                  0.39    0.00    3.57 ^ _328_/A3 (sky130_fd_sc_hd__a31o_1)
     2    0.02    0.28    0.59    4.16 ^ _328_/X (sky130_fd_sc_hd__a31o_1)
                                         _008_ (net)
                  0.28    0.00    4.16 ^ _329_/C (sky130_fd_sc_hd__and3_1)
     2    0.02    0.29    0.57    4.73 ^ _329_/X (sky130_fd_sc_hd__and3_1)
                                         _009_ (net)
                  0.29    0.00    4.73 ^ _331_/A_N (sky130_fd_sc_hd__and2b_1)
     1    0.02    0.20    0.60    5.33 v _331_/X (sky130_fd_sc_hd__and2b_1)
                                         _011_ (net)
                  0.20    0.00    5.33 v _332_/B (sky130_fd_sc_hd__xnor2_2)
     2    0.02    0.21    0.40    5.73 v _332_/Y (sky130_fd_sc_hd__xnor2_2)
                                         _012_ (net)
                  0.21    0.00    5.73 v _334_/B (sky130_fd_sc_hd__or2_1)
     1    0.01    0.19    0.66    6.39 v _334_/X (sky130_fd_sc_hd__or2_1)
                                         _014_ (net)
                  0.19    0.00    6.39 v _338_/A3 (sky130_fd_sc_hd__a31o_1)
     1    0.02    0.21    0.60    6.99 v _338_/X (sky130_fd_sc_hd__a31o_1)
                                         _018_ (net)
                  0.21    0.00    7.00 v _339_/B2 (sky130_fd_sc_hd__o2bb2a_1)
     1    0.01    0.19    0.82    7.82 v _339_/X (sky130_fd_sc_hd__o2bb2a_1)
                                         net23 (net)
                  0.19    0.00    7.82 v output23/A (sky130_fd_sc_hd__buf_2)
     1    0.03    0.17    0.43    8.24 v output23/X (sky130_fd_sc_hd__buf_2)
                                         OUT[3] (net)
                  0.17    0.00    8.24 v OUT[3] (out)
                                  8.24   data arrival time

                  0.00   10.00   10.00   clock __VIRTUAL_CLK__ (rise edge)
                          0.00   10.00   clock network delay (ideal)
                         -0.25    9.75   clock uncertainty
                          0.00    9.75   clock reconvergence pessimism
                         -2.00    7.75   output external delay
                                  7.75   data required time
-----------------------------------------------------------------------------
                                  7.75   data required time
                                 -8.24   data arrival time
-----------------------------------------------------------------------------
                                 -0.49   slack (VIOLATED)


Startpoint: B[0] (input port clocked by __VIRTUAL_CLK__)
Endpoint: OUT[2] (output port clocked by __VIRTUAL_CLK__)
Path Group: __VIRTUAL_CLK__
Path Type: max
Corner: Slowest

Fanout     Cap    Slew   Delay    Time   Description
-----------------------------------------------------------------------------
                  0.00    0.00    0.00   clock __VIRTUAL_CLK__ (rise edge)
                          0.00    0.00   clock network delay (ideal)
                          2.00    2.00 ^ input external delay
     1    0.00    0.04    0.02    2.02 ^ B[0] (in)
                                         B[0] (net)
                  0.04    0.00    2.02 ^ input9/A (sky130_fd_sc_hd__buf_4)
     6    0.07    0.32    0.39    2.41 ^ input9/X (sky130_fd_sc_hd__buf_4)
                                         net9 (net)
                  0.32    0.01    2.42 ^ _251_/A (sky130_fd_sc_hd__buf_12)
     5    0.07    0.14    0.35    2.77 ^ _251_/X (sky130_fd_sc_hd__buf_12)
                                         _182_ (net)
                  0.14    0.00    2.77 ^ _252_/A (sky130_fd_sc_hd__buf_4)
    10    0.08    0.36    0.47    3.25 ^ _252_/X (sky130_fd_sc_hd__buf_4)
                                         _183_ (net)
                  0.36    0.01    3.25 ^ _276_/A1 (sky130_fd_sc_hd__a21oi_2)
     2    0.04    0.30    0.42    3.67 v _276_/Y (sky130_fd_sc_hd__a21oi_2)
                                         _206_ (net)
                  0.30    0.00    3.67 v _279_/B (sky130_fd_sc_hd__or3_4)
     2    0.02    0.17    0.94    4.61 v _279_/X (sky130_fd_sc_hd__or3_4)
                                         _209_ (net)
                  0.17    0.00    4.61 v _301_/A1 (sky130_fd_sc_hd__a21o_1)
     2    0.00    0.08    0.36    4.97 v _301_/X (sky130_fd_sc_hd__a21o_1)
                                         _230_ (net)
                  0.08    0.00    4.97 v rebuffer23/A (sky130_fd_sc_hd__dlygate4sd1_1)
     2    0.01    0.16    0.60    5.57 v rebuffer23/X (sky130_fd_sc_hd__dlygate4sd1_1)
                                         net50 (net)
                  0.16    0.00    5.57 v _303_/A2 (sky130_fd_sc_hd__o21a_1)
     1    0.00    0.07    0.37    5.94 v _303_/X (sky130_fd_sc_hd__o21a_1)
                                         _232_ (net)
                  0.07    0.00    5.94 v _308_/A2 (sky130_fd_sc_hd__a211o_1)
     1    0.01    0.13    0.62    6.56 v _308_/X (sky130_fd_sc_hd__a211o_1)
                                         _237_ (net)
                  0.13    0.00    6.56 v _309_/B2 (sky130_fd_sc_hd__o2bb2a_1)
     1    0.02    0.25    0.85    7.41 v _309_/X (sky130_fd_sc_hd__o2bb2a_1)
                                         net22 (net)
                  0.25    0.00    7.41 v output22/A (sky130_fd_sc_hd__buf_2)
     1    0.03    0.17    0.45    7.86 v output22/X (sky130_fd_sc_hd__buf_2)
                                         OUT[2] (net)
                  0.17    0.00    7.86 v OUT[2] (out)
                                  7.86   data arrival time

                  0.00   10.00   10.00   clock __VIRTUAL_CLK__ (rise edge)
                          0.00   10.00   clock network delay (ideal)
                         -0.25    9.75   clock uncertainty
                          0.00    9.75   clock reconvergence pessimism
                         -2.00    7.75   output external delay
                                  7.75   data required time
-----------------------------------------------------------------------------
                                  7.75   data required time
                                 -7.86   data arrival time
-----------------------------------------------------------------------------
                                 -0.11   slack (VIOLATED)


Startpoint: B[0] (input port clocked by __VIRTUAL_CLK__)
Endpoint: OUT[1] (output port clocked by __VIRTUAL_CLK__)
Path Group: __VIRTUAL_CLK__
Path Type: max
Corner: Slowest

Fanout     Cap    Slew   Delay    Time   Description
-----------------------------------------------------------------------------
                  0.00    0.00    0.00   clock __VIRTUAL_CLK__ (rise edge)
                          0.00    0.00   clock network delay (ideal)
                          2.00    2.00 v input external delay
     1    0.00    0.02    0.01    2.01 v B[0] (in)
                                         B[0] (net)
                  0.02    0.00    2.01 v input9/A (sky130_fd_sc_hd__buf_4)
     6    0.07    0.17    0.35    2.37 v input9/X (sky130_fd_sc_hd__buf_4)
                                         net9 (net)
                  0.17    0.01    2.37 v _251_/A (sky130_fd_sc_hd__buf_12)
     5    0.06    0.08    0.33    2.70 v _251_/X (sky130_fd_sc_hd__buf_12)
                                         _182_ (net)
                  0.08    0.00    2.70 v _252_/A (sky130_fd_sc_hd__buf_4)
    10    0.08    0.19    0.41    3.10 v _252_/X (sky130_fd_sc_hd__buf_4)
                                         _183_ (net)
                  0.19    0.01    3.11 v _276_/A1 (sky130_fd_sc_hd__a21oi_2)
     2    0.04    0.73    0.73    3.84 ^ _276_/Y (sky130_fd_sc_hd__a21oi_2)
                                         _206_ (net)
                  0.73    0.00    3.84 ^ _279_/B (sky130_fd_sc_hd__or3_4)
     2    0.02    0.13    0.56    4.41 ^ _279_/X (sky130_fd_sc_hd__or3_4)
                                         _209_ (net)
                  0.13    0.00    4.41 ^ _280_/B_N (sky130_fd_sc_hd__or2b_1)
     1    0.01    0.14    0.61    5.01 v _280_/X (sky130_fd_sc_hd__or2b_1)
                                         _210_ (net)
                  0.14    0.00    5.01 v _281_/B (sky130_fd_sc_hd__xnor2_1)
     1    0.01    0.24    0.37    5.38 v _281_/Y (sky130_fd_sc_hd__xnor2_1)
                                         _211_ (net)
                  0.24    0.00    5.38 v _286_/A2 (sky130_fd_sc_hd__a211o_1)
     1    0.01    0.13    0.70    6.08 v _286_/X (sky130_fd_sc_hd__a211o_1)
                                         _216_ (net)
                  0.13    0.00    6.08 v _287_/B2 (sky130_fd_sc_hd__o2bb2a_1)
     1    0.02    0.21    0.81    6.89 v _287_/X (sky130_fd_sc_hd__o2bb2a_1)
                                         net21 (net)
                  0.21    0.00    6.89 v output21/A (sky130_fd_sc_hd__buf_2)
     1    0.03    0.17    0.44    7.32 v output21/X (sky130_fd_sc_hd__buf_2)
                                         OUT[1] (net)
                  0.17    0.00    7.32 v OUT[1] (out)
                                  7.32   data arrival time

                  0.00   10.00   10.00   clock __VIRTUAL_CLK__ (rise edge)
                          0.00   10.00   clock network delay (ideal)
                         -0.25    9.75   clock uncertainty
                          0.00    9.75   clock reconvergence pessimism
                         -2.00    7.75   output external delay
                                  7.75   data required time
-----------------------------------------------------------------------------
                                  7.75   data required time
                                 -7.32   data arrival time
-----------------------------------------------------------------------------
                                  0.43   slack (MET)


Startpoint: opcode[1] (input port clocked by __VIRTUAL_CLK__)
Endpoint: OUT[0] (output port clocked by __VIRTUAL_CLK__)
Path Group: __VIRTUAL_CLK__
Path Type: max
Corner: Slowest

Fanout     Cap    Slew   Delay    Time   Description
-----------------------------------------------------------------------------
                  0.00    0.00    0.00   clock __VIRTUAL_CLK__ (rise edge)
                          0.00    0.00   clock network delay (ideal)
                          2.00    2.00 v input external delay
     1    0.00    0.02    0.01    2.01 v opcode[1] (in)
                                         opcode[1] (net)
                  0.02    0.00    2.01 v input18/A (sky130_fd_sc_hd__clkbuf_4)
     5    0.06    0.23    0.39    2.40 v input18/X (sky130_fd_sc_hd__clkbuf_4)
                                         net18 (net)
                  0.23    0.00    2.40 v _249_/B (sky130_fd_sc_hd__or2_4)
     5    0.05    0.18    0.66    3.06 v _249_/X (sky130_fd_sc_hd__or2_4)
                                         _180_ (net)
                  0.18    0.00    3.07 v _258_/B (sky130_fd_sc_hd__nor2_4)
     8    0.06    0.58    0.56    3.62 ^ _258_/Y (sky130_fd_sc_hd__nor2_4)
                                         _189_ (net)
                  0.58    0.00    3.62 ^ _260_/A1 (sky130_fd_sc_hd__o211a_1)
     1    0.02    0.27    0.69    4.31 ^ _260_/X (sky130_fd_sc_hd__o211a_1)
                                         _191_ (net)
                  0.27    0.00    4.31 ^ _261_/B1 (sky130_fd_sc_hd__a31o_1)
     1    0.01    0.24    0.39    4.70 ^ _261_/X (sky130_fd_sc_hd__a31o_1)
                                         _192_ (net)
                  0.24    0.00    4.70 ^ _262_/B2 (sky130_fd_sc_hd__a2bb2o_1)
     2    0.02    0.35    0.54    5.24 ^ _262_/X (sky130_fd_sc_hd__a2bb2o_1)
                                         net20 (net)
                  0.35    0.00    5.24 ^ output20/A (sky130_fd_sc_hd__buf_2)
     1    0.03    0.27    0.49    5.73 ^ output20/X (sky130_fd_sc_hd__buf_2)
                                         OUT[0] (net)
                  0.27    0.00    5.73 ^ OUT[0] (out)
                                  5.73   data arrival time

                  0.00   10.00   10.00   clock __VIRTUAL_CLK__ (rise edge)
                          0.00   10.00   clock network delay (ideal)
                         -0.25    9.75   clock uncertainty
                          0.00    9.75   clock reconvergence pessimism
                         -2.00    7.75   output external delay
                                  7.75   data required time
-----------------------------------------------------------------------------
                                  7.75   data required time
                                 -5.73   data arrival time
-----------------------------------------------------------------------------
                                  2.02   slack (MET)



worst slack corner Slowest: -2.1592
======================= Typical Corner ===================================

Startpoint: B[0] (input port clocked by __VIRTUAL_CLK__)
Endpoint: OUT[7] (output port clocked by __VIRTUAL_CLK__)
Path Group: __VIRTUAL_CLK__
Path Type: max
Corner: Typical

Fanout     Cap    Slew   Delay    Time   Description
-----------------------------------------------------------------------------
                  0.00    0.00    0.00   clock __VIRTUAL_CLK__ (rise edge)
                          0.00    0.00   clock network delay (ideal)
                          2.00    2.00 v input external delay
     1    0.00    0.01    0.01    2.01 v B[0] (in)
                                         B[0] (net)
                  0.01    0.00    2.01 v input9/A (sky130_fd_sc_hd__buf_4)
     6    0.07    0.09    0.19    2.20 v input9/X (sky130_fd_sc_hd__buf_4)
                                         net9 (net)
                  0.09    0.01    2.20 v _251_/A (sky130_fd_sc_hd__buf_12)
     5    0.06    0.05    0.18    2.38 v _251_/X (sky130_fd_sc_hd__buf_12)
                                         _182_ (net)
                  0.05    0.00    2.38 v _252_/A (sky130_fd_sc_hd__buf_4)
    10    0.08    0.11    0.22    2.61 v _252_/X (sky130_fd_sc_hd__buf_4)
                                         _183_ (net)
                  0.11    0.00    2.61 v _298_/A1 (sky130_fd_sc_hd__o21a_2)
     3    0.05    0.13    0.35    2.95 v _298_/X (sky130_fd_sc_hd__o21a_2)
                                         _227_ (net)
                  0.13    0.00    2.96 v _361_/A3 (sky130_fd_sc_hd__o31a_2)
     2    0.04    0.13    0.44    3.40 v _361_/X (sky130_fd_sc_hd__o31a_2)
                                         _040_ (net)
                  0.13    0.00    3.40 v _376_/B1 (sky130_fd_sc_hd__a21o_4)
     2    0.04    0.07    0.27    3.67 v _376_/X (sky130_fd_sc_hd__a21o_4)
                                         _054_ (net)
                  0.07    0.00    3.67 v _377_/B (sky130_fd_sc_hd__xnor2_2)
     3    0.04    0.51    0.44    4.11 ^ _377_/Y (sky130_fd_sc_hd__xnor2_2)
                                         _055_ (net)
                  0.51    0.00    4.11 ^ _378_/B (sky130_fd_sc_hd__and2_2)
     2    0.05    0.24    0.41    4.52 ^ _378_/X (sky130_fd_sc_hd__and2_2)
                                         _056_ (net)
                  0.24    0.00    4.52 ^ _380_/A (sky130_fd_sc_hd__nor2_2)
     2    0.03    0.10    0.15    4.67 v _380_/Y (sky130_fd_sc_hd__nor2_2)
                                         _058_ (net)
                  0.10    0.00    4.67 v _442_/A2 (sky130_fd_sc_hd__a21o_2)
     4    0.04    0.11    0.33    5.01 v _442_/X (sky130_fd_sc_hd__a21o_2)
                                         _119_ (net)
                  0.11    0.00    5.01 v _463_/A1 (sky130_fd_sc_hd__a211o_4)
     2    0.04    0.09    0.42    5.43 v _463_/X (sky130_fd_sc_hd__a211o_4)
                                         _139_ (net)
                  0.10    0.00    5.43 v _464_/B1 (sky130_fd_sc_hd__o311a_1)
     1    0.01    0.10    0.19    5.63 v _464_/X (sky130_fd_sc_hd__o311a_1)
                                         _140_ (net)
                  0.10    0.00    5.63 v _503_/A1 (sky130_fd_sc_hd__o32a_4)
     1    0.02    0.07    0.45    6.07 v _503_/X (sky130_fd_sc_hd__o32a_4)
                                         net27 (net)
                  0.07    0.00    6.07 v output27/A (sky130_fd_sc_hd__buf_8)
     1    0.03    0.04    0.15    6.23 v output27/X (sky130_fd_sc_hd__buf_8)
                                         OUT[7] (net)
                  0.04    0.00    6.23 v OUT[7] (out)
                                  6.23   data arrival time

                  0.00   10.00   10.00   clock __VIRTUAL_CLK__ (rise edge)
                          0.00   10.00   clock network delay (ideal)
                         -0.25    9.75   clock uncertainty
                          0.00    9.75   clock reconvergence pessimism
                         -2.00    7.75   output external delay
                                  7.75   data required time
-----------------------------------------------------------------------------
                                  7.75   data required time
                                 -6.23   data arrival time
-----------------------------------------------------------------------------
                                  1.52   slack (MET)


Startpoint: B[2] (input port clocked by __VIRTUAL_CLK__)
Endpoint: OUT[5] (output port clocked by __VIRTUAL_CLK__)
Path Group: __VIRTUAL_CLK__
Path Type: max
Corner: Typical

Fanout     Cap    Slew   Delay    Time   Description
-----------------------------------------------------------------------------
                  0.00    0.00    0.00   clock __VIRTUAL_CLK__ (rise edge)
                          0.00    0.00   clock network delay (ideal)
                          2.00    2.00 ^ input external delay
     1    0.00    0.02    0.01    2.01 ^ B[2] (in)
                                         B[2] (net)
                  0.02    0.00    2.01 ^ input11/A (sky130_fd_sc_hd__buf_2)
     5    0.05    0.25    0.25    2.26 ^ input11/X (sky130_fd_sc_hd__buf_2)
                                         net11 (net)
                  0.25    0.00    2.27 ^ _289_/A (sky130_fd_sc_hd__buf_6)
    10    0.09    0.18    0.26    2.52 ^ _289_/X (sky130_fd_sc_hd__buf_6)
                                         _218_ (net)
                  0.18    0.00    2.53 ^ _322_/B (sky130_fd_sc_hd__nand2_2)
     3    0.02    0.12    0.14    2.67 v _322_/Y (sky130_fd_sc_hd__nand2_2)
                                         _002_ (net)
                  0.12    0.00    2.67 v _351_/A1 (sky130_fd_sc_hd__o21bai_2)
     2    0.03    0.34    0.36    3.03 ^ _351_/Y (sky130_fd_sc_hd__o21bai_2)
                                         _030_ (net)
                  0.34    0.00    3.03 ^ _352_/C (sky130_fd_sc_hd__and3_1)
     2    0.02    0.16    0.31    3.34 ^ _352_/X (sky130_fd_sc_hd__and3_1)
                                         _031_ (net)
                  0.16    0.00    3.34 ^ _397_/B1 (sky130_fd_sc_hd__a21o_4)
     3    0.03    0.10    0.18    3.52 ^ _397_/X (sky130_fd_sc_hd__a21o_4)
                                         _075_ (net)
                  0.10    0.00    3.52 ^ rebuffer14/A (sky130_fd_sc_hd__buf_6)
     1    0.01    0.04    0.12    3.64 ^ rebuffer14/X (sky130_fd_sc_hd__buf_6)
                                         net41 (net)
                  0.04    0.00    3.64 ^ _399_/B1 (sky130_fd_sc_hd__a21oi_2)
     2    0.02    0.08    0.06    3.70 v _399_/Y (sky130_fd_sc_hd__a21oi_2)
                                         _077_ (net)
                  0.08    0.00    3.70 v _401_/B (sky130_fd_sc_hd__or3_4)
     4    0.03    0.10    0.45    4.15 v _401_/X (sky130_fd_sc_hd__or3_4)
                                         _079_ (net)
                  0.10    0.00    4.15 v rebuffer1/A (sky130_fd_sc_hd__dlymetal6s4s_1)
     1    0.01    0.06    0.31    4.46 v rebuffer1/X (sky130_fd_sc_hd__dlymetal6s4s_1)
                                         net28 (net)
                  0.06    0.00    4.46 v _402_/B (sky130_fd_sc_hd__nand2_4)
     3    0.05    0.16    0.16    4.62 ^ _402_/Y (sky130_fd_sc_hd__nand2_4)
                                         _080_ (net)
                  0.16    0.00    4.63 ^ _403_/B1 (sky130_fd_sc_hd__a21o_1)
     2    0.03    0.22    0.25    4.87 ^ _403_/X (sky130_fd_sc_hd__a21o_1)
                                         _081_ (net)
                  0.22    0.00    4.87 ^ _408_/A2 (sky130_fd_sc_hd__a31o_1)
     1    0.03    0.28    0.36    5.24 ^ _408_/X (sky130_fd_sc_hd__a31o_1)
                                         _086_ (net)
                  0.28    0.00    5.24 ^ _409_/B1 (sky130_fd_sc_hd__a21oi_1)
     1    0.01    0.11    0.12    5.35 v _409_/Y (sky130_fd_sc_hd__a21oi_1)
                                         _087_ (net)
                  0.11    0.00    5.36 v _410_/B1 (sky130_fd_sc_hd__a21oi_1)
     1    0.02    0.46    0.42    5.77 ^ _410_/Y (sky130_fd_sc_hd__a21oi_1)
                                         net25 (net)
                  0.46    0.00    5.78 ^ output25/A (sky130_fd_sc_hd__buf_2)
     1    0.03    0.17    0.31    6.09 ^ output25/X (sky130_fd_sc_hd__buf_2)
                                         OUT[5] (net)
                  0.17    0.00    6.09 ^ OUT[5] (out)
                                  6.09   data arrival time

                  0.00   10.00   10.00   clock __VIRTUAL_CLK__ (rise edge)
                          0.00   10.00   clock network delay (ideal)
                         -0.25    9.75   clock uncertainty
                          0.00    9.75   clock reconvergence pessimism
                         -2.00    7.75   output external delay
                                  7.75   data required time
-----------------------------------------------------------------------------
                                  7.75   data required time
                                 -6.09   data arrival time
-----------------------------------------------------------------------------
                                  1.66   slack (MET)


Startpoint: B[2] (input port clocked by __VIRTUAL_CLK__)
Endpoint: OUT[6] (output port clocked by __VIRTUAL_CLK__)
Path Group: __VIRTUAL_CLK__
Path Type: max
Corner: Typical

Fanout     Cap    Slew   Delay    Time   Description
-----------------------------------------------------------------------------
                  0.00    0.00    0.00   clock __VIRTUAL_CLK__ (rise edge)
                          0.00    0.00   clock network delay (ideal)
                          2.00    2.00 ^ input external delay
     1    0.00    0.02    0.01    2.01 ^ B[2] (in)
                                         B[2] (net)
                  0.02    0.00    2.01 ^ input11/A (sky130_fd_sc_hd__buf_2)
     5    0.05    0.25    0.25    2.26 ^ input11/X (sky130_fd_sc_hd__buf_2)
                                         net11 (net)
                  0.25    0.00    2.27 ^ _289_/A (sky130_fd_sc_hd__buf_6)
    10    0.09    0.18    0.26    2.52 ^ _289_/X (sky130_fd_sc_hd__buf_6)
                                         _218_ (net)
                  0.18    0.00    2.53 ^ _322_/B (sky130_fd_sc_hd__nand2_2)
     3    0.02    0.12    0.14    2.67 v _322_/Y (sky130_fd_sc_hd__nand2_2)
                                         _002_ (net)
                  0.12    0.00    2.67 v _351_/A1 (sky130_fd_sc_hd__o21bai_2)
     2    0.03    0.34    0.36    3.03 ^ _351_/Y (sky130_fd_sc_hd__o21bai_2)
                                         _030_ (net)
                  0.34    0.00    3.03 ^ _352_/C (sky130_fd_sc_hd__and3_1)
     2    0.02    0.16    0.31    3.34 ^ _352_/X (sky130_fd_sc_hd__and3_1)
                                         _031_ (net)
                  0.16    0.00    3.34 ^ _397_/B1 (sky130_fd_sc_hd__a21o_4)
     3    0.03    0.10    0.18    3.52 ^ _397_/X (sky130_fd_sc_hd__a21o_4)
                                         _075_ (net)
                  0.10    0.00    3.52 ^ rebuffer14/A (sky130_fd_sc_hd__buf_6)
     1    0.01    0.04    0.12    3.64 ^ rebuffer14/X (sky130_fd_sc_hd__buf_6)
                                         net41 (net)
                  0.04    0.00    3.64 ^ _399_/B1 (sky130_fd_sc_hd__a21oi_2)
     2    0.02    0.08    0.06    3.70 v _399_/Y (sky130_fd_sc_hd__a21oi_2)
                                         _077_ (net)
                  0.08    0.00    3.70 v _401_/B (sky130_fd_sc_hd__or3_4)
     4    0.03    0.10    0.45    4.15 v _401_/X (sky130_fd_sc_hd__or3_4)
                                         _079_ (net)
                  0.10    0.00    4.15 v rebuffer2/A (sky130_fd_sc_hd__dlymetal6s2s_1)
     1    0.01    0.07    0.20    4.35 v rebuffer2/X (sky130_fd_sc_hd__dlymetal6s2s_1)
                                         net29 (net)
                  0.07    0.00    4.35 v _436_/A1 (sky130_fd_sc_hd__a211oi_4)
     2    0.05    0.55    0.54    4.89 ^ _436_/Y (sky130_fd_sc_hd__a211oi_4)
                                         _113_ (net)
                  0.55    0.00    4.89 ^ _439_/A (sky130_fd_sc_hd__or2_1)
     1    0.02    0.19    0.30    5.19 ^ _439_/X (sky130_fd_sc_hd__or2_1)
                                         _116_ (net)
                  0.19    0.00    5.19 ^ _440_/A2 (sky130_fd_sc_hd__a21bo_1)
     1    0.01    0.10    0.19    5.39 ^ _440_/X (sky130_fd_sc_hd__a21bo_1)
                                         _117_ (net)
                  0.10    0.00    5.39 ^ _441_/B (sky130_fd_sc_hd__or2_1)
     1    0.03    0.26    0.28    5.67 ^ _441_/X (sky130_fd_sc_hd__or2_1)
                                         _118_ (net)
                  0.26    0.00    5.67 ^ _453_/B1 (sky130_fd_sc_hd__a22oi_1)
     1    0.00    0.10    0.11    5.78 v _453_/Y (sky130_fd_sc_hd__a22oi_1)
                                         net26 (net)
                  0.10    0.00    5.78 v output26/A (sky130_fd_sc_hd__buf_2)
     1    0.03    0.09    0.21    5.99 v output26/X (sky130_fd_sc_hd__buf_2)
                                         OUT[6] (net)
                  0.09    0.00    5.99 v OUT[6] (out)
                                  5.99   data arrival time

                  0.00   10.00   10.00   clock __VIRTUAL_CLK__ (rise edge)
                          0.00   10.00   clock network delay (ideal)
                         -0.25    9.75   clock uncertainty
                          0.00    9.75   clock reconvergence pessimism
                         -2.00    7.75   output external delay
                                  7.75   data required time
-----------------------------------------------------------------------------
                                  7.75   data required time
                                 -5.99   data arrival time
-----------------------------------------------------------------------------
                                  1.76   slack (MET)


Startpoint: B[0] (input port clocked by __VIRTUAL_CLK__)
Endpoint: OUT[4] (output port clocked by __VIRTUAL_CLK__)
Path Group: __VIRTUAL_CLK__
Path Type: max
Corner: Typical

Fanout     Cap    Slew   Delay    Time   Description
-----------------------------------------------------------------------------
                  0.00    0.00    0.00   clock __VIRTUAL_CLK__ (rise edge)
                          0.00    0.00   clock network delay (ideal)
                          2.00    2.00 v input external delay
     1    0.00    0.01    0.01    2.01 v B[0] (in)
                                         B[0] (net)
                  0.01    0.00    2.01 v input9/A (sky130_fd_sc_hd__buf_4)
     6    0.07    0.09    0.19    2.20 v input9/X (sky130_fd_sc_hd__buf_4)
                                         net9 (net)
                  0.09    0.01    2.20 v _251_/A (sky130_fd_sc_hd__buf_12)
     5    0.06    0.05    0.18    2.38 v _251_/X (sky130_fd_sc_hd__buf_12)
                                         _182_ (net)
                  0.05    0.00    2.38 v _252_/A (sky130_fd_sc_hd__buf_4)
    10    0.08    0.11    0.22    2.61 v _252_/X (sky130_fd_sc_hd__buf_4)
                                         _183_ (net)
                  0.11    0.00    2.61 v _298_/A1 (sky130_fd_sc_hd__o21a_2)
     3    0.05    0.13    0.35    2.95 v _298_/X (sky130_fd_sc_hd__o21a_2)
                                         _227_ (net)
                  0.13    0.00    2.96 v _361_/A3 (sky130_fd_sc_hd__o31a_2)
     2    0.04    0.13    0.44    3.40 v _361_/X (sky130_fd_sc_hd__o31a_2)
                                         _040_ (net)
                  0.13    0.00    3.40 v _362_/B (sky130_fd_sc_hd__xnor2_2)
     2    0.02    0.29    0.30    3.70 ^ _362_/Y (sky130_fd_sc_hd__xnor2_2)
                                         _041_ (net)
                  0.29    0.00    3.70 ^ _363_/B (sky130_fd_sc_hd__and2_1)
     2    0.02    0.18    0.29    3.99 ^ _363_/X (sky130_fd_sc_hd__and2_1)
                                         _042_ (net)
                  0.18    0.00    3.99 ^ _365_/A (sky130_fd_sc_hd__nor2_1)
     3    0.02    0.12    0.16    4.15 v _365_/Y (sky130_fd_sc_hd__nor2_1)
                                         _044_ (net)
                  0.12    0.00    4.15 v _368_/A (sky130_fd_sc_hd__or2_1)
     2    0.03    0.17    0.39    4.54 v _368_/X (sky130_fd_sc_hd__or2_1)
                                         _047_ (net)
                  0.17    0.00    4.54 v _372_/A3 (sky130_fd_sc_hd__a31o_1)
     1    0.03    0.13    0.38    4.92 v _372_/X (sky130_fd_sc_hd__a31o_1)
                                         _051_ (net)
                  0.13    0.00    4.92 v _373_/B2 (sky130_fd_sc_hd__o2bb2a_1)
     1    0.02    0.12    0.41    5.33 v _373_/X (sky130_fd_sc_hd__o2bb2a_1)
                                         net24 (net)
                  0.12    0.00    5.33 v output24/A (sky130_fd_sc_hd__buf_2)
     1    0.03    0.09    0.23    5.56 v output24/X (sky130_fd_sc_hd__buf_2)
                                         OUT[4] (net)
                  0.09    0.00    5.56 v OUT[4] (out)
                                  5.56   data arrival time

                  0.00   10.00   10.00   clock __VIRTUAL_CLK__ (rise edge)
                          0.00   10.00   clock network delay (ideal)
                         -0.25    9.75   clock uncertainty
                          0.00    9.75   clock reconvergence pessimism
                         -2.00    7.75   output external delay
                                  7.75   data required time
-----------------------------------------------------------------------------
                                  7.75   data required time
                                 -5.56   data arrival time
-----------------------------------------------------------------------------
                                  2.19   slack (MET)


Startpoint: A[2] (input port clocked by __VIRTUAL_CLK__)
Endpoint: OUT[3] (output port clocked by __VIRTUAL_CLK__)
Path Group: __VIRTUAL_CLK__
Path Type: max
Corner: Typical

Fanout     Cap    Slew   Delay    Time   Description
-----------------------------------------------------------------------------
                  0.00    0.00    0.00   clock __VIRTUAL_CLK__ (rise edge)
                          0.00    0.00   clock network delay (ideal)
                          2.00    2.00 ^ input external delay
     1    0.00    0.02    0.01    2.01 ^ A[2] (in)
                                         A[2] (net)
                  0.02    0.00    2.01 ^ input3/A (sky130_fd_sc_hd__buf_4)
     8    0.07    0.20    0.23    2.24 ^ input3/X (sky130_fd_sc_hd__buf_4)
                                         net3 (net)
                  0.20    0.01    2.24 ^ _288_/A (sky130_fd_sc_hd__buf_4)
    10    0.08    0.21    0.30    2.54 ^ _288_/X (sky130_fd_sc_hd__buf_4)
                                         _217_ (net)
                  0.21    0.00    2.54 ^ _292_/B1 (sky130_fd_sc_hd__a22o_1)
     2    0.02    0.24    0.32    2.87 ^ _292_/X (sky130_fd_sc_hd__a22o_1)
                                         _221_ (net)
                  0.24    0.00    2.87 ^ _328_/A3 (sky130_fd_sc_hd__a31o_1)
     2    0.02    0.17    0.29    3.15 ^ _328_/X (sky130_fd_sc_hd__a31o_1)
                                         _008_ (net)
                  0.17    0.00    3.15 ^ _329_/C (sky130_fd_sc_hd__and3_1)
     2    0.02    0.19    0.29    3.45 ^ _329_/X (sky130_fd_sc_hd__and3_1)
                                         _009_ (net)
                  0.19    0.00    3.45 ^ _331_/A_N (sky130_fd_sc_hd__and2b_1)
     1    0.02    0.10    0.28    3.73 v _331_/X (sky130_fd_sc_hd__and2b_1)
                                         _011_ (net)
                  0.10    0.00    3.73 v _332_/B (sky130_fd_sc_hd__xnor2_2)
     2    0.02    0.28    0.28    4.02 ^ _332_/Y (sky130_fd_sc_hd__xnor2_2)
                                         _012_ (net)
                  0.28    0.00    4.02 ^ _333_/B (sky130_fd_sc_hd__nand2_2)
     3    0.04    0.18    0.23    4.25 v _333_/Y (sky130_fd_sc_hd__nand2_2)
                                         _013_ (net)
                  0.18    0.00    4.25 v _338_/A2 (sky130_fd_sc_hd__a31o_1)
     1    0.02    0.11    0.35    4.60 v _338_/X (sky130_fd_sc_hd__a31o_1)
                                         _018_ (net)
                  0.11    0.00    4.60 v _339_/B2 (sky130_fd_sc_hd__o2bb2a_1)
     1    0.01    0.10    0.38    4.97 v _339_/X (sky130_fd_sc_hd__o2bb2a_1)
                                         net23 (net)
                  0.10    0.00    4.97 v output23/A (sky130_fd_sc_hd__buf_2)
     1    0.03    0.09    0.22    5.19 v output23/X (sky130_fd_sc_hd__buf_2)
                                         OUT[3] (net)
                  0.09    0.00    5.19 v OUT[3] (out)
                                  5.19   data arrival time

                  0.00   10.00   10.00   clock __VIRTUAL_CLK__ (rise edge)
                          0.00   10.00   clock network delay (ideal)
                         -0.25    9.75   clock uncertainty
                          0.00    9.75   clock reconvergence pessimism
                         -2.00    7.75   output external delay
                                  7.75   data required time
-----------------------------------------------------------------------------
                                  7.75   data required time
                                 -5.19   data arrival time
-----------------------------------------------------------------------------
                                  2.56   slack (MET)


Startpoint: B[0] (input port clocked by __VIRTUAL_CLK__)
Endpoint: OUT[2] (output port clocked by __VIRTUAL_CLK__)
Path Group: __VIRTUAL_CLK__
Path Type: max
Corner: Typical

Fanout     Cap    Slew   Delay    Time   Description
-----------------------------------------------------------------------------
                  0.00    0.00    0.00   clock __VIRTUAL_CLK__ (rise edge)
                          0.00    0.00   clock network delay (ideal)
                          2.00    2.00 v input external delay
     1    0.00    0.01    0.01    2.01 v B[0] (in)
                                         B[0] (net)
                  0.01    0.00    2.01 v input9/A (sky130_fd_sc_hd__buf_4)
     6    0.07    0.09    0.19    2.20 v input9/X (sky130_fd_sc_hd__buf_4)
                                         net9 (net)
                  0.09    0.01    2.20 v _251_/A (sky130_fd_sc_hd__buf_12)
     5    0.06    0.05    0.18    2.38 v _251_/X (sky130_fd_sc_hd__buf_12)
                                         _182_ (net)
                  0.05    0.00    2.38 v _252_/A (sky130_fd_sc_hd__buf_4)
    10    0.08    0.11    0.22    2.61 v _252_/X (sky130_fd_sc_hd__buf_4)
                                         _183_ (net)
                  0.11    0.01    2.61 v _276_/A1 (sky130_fd_sc_hd__a21oi_2)
     2    0.04    0.45    0.43    3.04 ^ _276_/Y (sky130_fd_sc_hd__a21oi_2)
                                         _206_ (net)
                  0.45    0.00    3.05 ^ _278_/A1 (sky130_fd_sc_hd__o21a_1)
     2    0.02    0.17    0.30    3.35 ^ _278_/X (sky130_fd_sc_hd__o21a_1)
                                         _208_ (net)
                  0.17    0.00    3.35 ^ _301_/B1 (sky130_fd_sc_hd__a21o_1)
     2    0.00    0.06    0.12    3.47 ^ _301_/X (sky130_fd_sc_hd__a21o_1)
                                         _230_ (net)
                  0.06    0.00    3.47 ^ rebuffer23/A (sky130_fd_sc_hd__dlygate4sd1_1)
     2    0.02    0.15    0.29    3.76 ^ rebuffer23/X (sky130_fd_sc_hd__dlygate4sd1_1)
                                         net50 (net)
                  0.15    0.00    3.76 ^ rebuffer24/A (sky130_fd_sc_hd__dlygate4sd1_1)
     1    0.00    0.05    0.24    3.99 ^ rebuffer24/X (sky130_fd_sc_hd__dlygate4sd1_1)
                                         net51 (net)
                  0.05    0.00    3.99 ^ _302_/B (sky130_fd_sc_hd__nand2_1)
     1    0.01    0.09    0.07    4.06 v _302_/Y (sky130_fd_sc_hd__nand2_1)
                                         _231_ (net)
                  0.09    0.00    4.06 v _308_/A1 (sky130_fd_sc_hd__a211o_1)
     1    0.01    0.07    0.31    4.38 v _308_/X (sky130_fd_sc_hd__a211o_1)
                                         _237_ (net)
                  0.07    0.00    4.38 v _309_/B2 (sky130_fd_sc_hd__o2bb2a_1)
     1    0.02    0.13    0.40    4.77 v _309_/X (sky130_fd_sc_hd__o2bb2a_1)
                                         net22 (net)
                  0.13    0.00    4.78 v output22/A (sky130_fd_sc_hd__buf_2)
     1    0.03    0.09    0.23    5.01 v output22/X (sky130_fd_sc_hd__buf_2)
                                         OUT[2] (net)
                  0.09    0.00    5.01 v OUT[2] (out)
                                  5.01   data arrival time

                  0.00   10.00   10.00   clock __VIRTUAL_CLK__ (rise edge)
                          0.00   10.00   clock network delay (ideal)
                         -0.25    9.75   clock uncertainty
                          0.00    9.75   clock reconvergence pessimism
                         -2.00    7.75   output external delay
                                  7.75   data required time
-----------------------------------------------------------------------------
                                  7.75   data required time
                                 -5.01   data arrival time
-----------------------------------------------------------------------------
                                  2.74   slack (MET)


Startpoint: B[0] (input port clocked by __VIRTUAL_CLK__)
Endpoint: OUT[1] (output port clocked by __VIRTUAL_CLK__)
Path Group: __VIRTUAL_CLK__
Path Type: max
Corner: Typical

Fanout     Cap    Slew   Delay    Time   Description
-----------------------------------------------------------------------------
                  0.00    0.00    0.00   clock __VIRTUAL_CLK__ (rise edge)
                          0.00    0.00   clock network delay (ideal)
                          2.00    2.00 v input external delay
     1    0.00    0.01    0.01    2.01 v B[0] (in)
                                         B[0] (net)
                  0.01    0.00    2.01 v input9/A (sky130_fd_sc_hd__buf_4)
     6    0.07    0.09    0.19    2.20 v input9/X (sky130_fd_sc_hd__buf_4)
                                         net9 (net)
                  0.09    0.01    2.20 v _251_/A (sky130_fd_sc_hd__buf_12)
     5    0.06    0.05    0.18    2.38 v _251_/X (sky130_fd_sc_hd__buf_12)
                                         _182_ (net)
                  0.05    0.00    2.38 v _252_/A (sky130_fd_sc_hd__buf_4)
    10    0.08    0.11    0.22    2.61 v _252_/X (sky130_fd_sc_hd__buf_4)
                                         _183_ (net)
                  0.11    0.01    2.61 v _276_/A1 (sky130_fd_sc_hd__a21oi_2)
     2    0.04    0.45    0.43    3.04 ^ _276_/Y (sky130_fd_sc_hd__a21oi_2)
                                         _206_ (net)
                  0.45    0.00    3.04 ^ _279_/B (sky130_fd_sc_hd__or3_4)
     2    0.02    0.08    0.26    3.31 ^ _279_/X (sky130_fd_sc_hd__or3_4)
                                         _209_ (net)
                  0.08    0.00    3.31 ^ _280_/B_N (sky130_fd_sc_hd__or2b_1)
     1    0.01    0.07    0.27    3.58 v _280_/X (sky130_fd_sc_hd__or2b_1)
                                         _210_ (net)
                  0.07    0.00    3.58 v _281_/B (sky130_fd_sc_hd__xnor2_1)
     1    0.01    0.12    0.19    3.78 v _281_/Y (sky130_fd_sc_hd__xnor2_1)
                                         _211_ (net)
                  0.12    0.00    3.78 v _286_/A2 (sky130_fd_sc_hd__a211o_1)
     1    0.01    0.08    0.36    4.14 v _286_/X (sky130_fd_sc_hd__a211o_1)
                                         _216_ (net)
                  0.08    0.00    4.14 v _287_/B2 (sky130_fd_sc_hd__o2bb2a_1)
     1    0.02    0.11    0.37    4.51 v _287_/X (sky130_fd_sc_hd__o2bb2a_1)
                                         net21 (net)
                  0.11    0.00    4.51 v output21/A (sky130_fd_sc_hd__buf_2)
     1    0.03    0.09    0.22    4.74 v output21/X (sky130_fd_sc_hd__buf_2)
                                         OUT[1] (net)
                  0.09    0.00    4.74 v OUT[1] (out)
                                  4.74   data arrival time

                  0.00   10.00   10.00   clock __VIRTUAL_CLK__ (rise edge)
                          0.00   10.00   clock network delay (ideal)
                         -0.25    9.75   clock uncertainty
                          0.00    9.75   clock reconvergence pessimism
                         -2.00    7.75   output external delay
                                  7.75   data required time
-----------------------------------------------------------------------------
                                  7.75   data required time
                                 -4.74   data arrival time
-----------------------------------------------------------------------------
                                  3.01   slack (MET)


Startpoint: opcode[1] (input port clocked by __VIRTUAL_CLK__)
Endpoint: OUT[0] (output port clocked by __VIRTUAL_CLK__)
Path Group: __VIRTUAL_CLK__
Path Type: max
Corner: Typical

Fanout     Cap    Slew   Delay    Time   Description
-----------------------------------------------------------------------------
                  0.00    0.00    0.00   clock __VIRTUAL_CLK__ (rise edge)
                          0.00    0.00   clock network delay (ideal)
                          2.00    2.00 v input external delay
     1    0.00    0.01    0.00    2.00 v opcode[1] (in)
                                         opcode[1] (net)
                  0.01    0.00    2.00 v input18/A (sky130_fd_sc_hd__clkbuf_4)
     5    0.06    0.13    0.22    2.22 v input18/X (sky130_fd_sc_hd__clkbuf_4)
                                         net18 (net)
                  0.13    0.00    2.22 v _249_/B (sky130_fd_sc_hd__or2_4)
     5    0.05    0.11    0.35    2.57 v _249_/X (sky130_fd_sc_hd__or2_4)
                                         _180_ (net)
                  0.11    0.00    2.58 v _258_/B (sky130_fd_sc_hd__nor2_4)
     8    0.06    0.36    0.33    2.91 ^ _258_/Y (sky130_fd_sc_hd__nor2_4)
                                         _189_ (net)
                  0.36    0.00    2.91 ^ _260_/A1 (sky130_fd_sc_hd__o211a_1)
     1    0.02    0.17    0.33    3.23 ^ _260_/X (sky130_fd_sc_hd__o211a_1)
                                         _191_ (net)
                  0.17    0.00    3.23 ^ _261_/B1 (sky130_fd_sc_hd__a31o_1)
     1    0.01    0.15    0.21    3.44 ^ _261_/X (sky130_fd_sc_hd__a31o_1)
                                         _192_ (net)
                  0.15    0.00    3.44 ^ _262_/B2 (sky130_fd_sc_hd__a2bb2o_1)
     2    0.02    0.23    0.30    3.74 ^ _262_/X (sky130_fd_sc_hd__a2bb2o_1)
                                         net20 (net)
                  0.23    0.00    3.74 ^ output20/A (sky130_fd_sc_hd__buf_2)
     1    0.03    0.17    0.27    4.01 ^ output20/X (sky130_fd_sc_hd__buf_2)
                                         OUT[0] (net)
                  0.17    0.00    4.01 ^ OUT[0] (out)
                                  4.01   data arrival time

                  0.00   10.00   10.00   clock __VIRTUAL_CLK__ (rise edge)
                          0.00   10.00   clock network delay (ideal)
                         -0.25    9.75   clock uncertainty
                          0.00    9.75   clock reconvergence pessimism
                         -2.00    7.75   output external delay
                                  7.75   data required time
-----------------------------------------------------------------------------
                                  7.75   data required time
                                 -4.01   data arrival time
-----------------------------------------------------------------------------
                                  3.74   slack (MET)



worst slack corner Typical: 1.5217
