
===========================================================================
 report_power
============================================================================
======================= Fastest Corner ===================================

Group                  Internal  Switching    Leakage      Total
                          Power      Power      Power      Power (Watts)
----------------------------------------------------------------
Sequential             0.00e+00   0.00e+00   0.00e+00   0.00e+00   0.0%
Combinational          1.15e-04   2.88e-04   3.44e-09   4.03e-04 100.0%
Clock                 -2.66e-10   0.00e+00   1.22e-09   9.52e-10   0.0%
Macro                  0.00e+00   0.00e+00   0.00e+00   0.00e+00   0.0%
Pad                    0.00e+00   0.00e+00   0.00e+00   0.00e+00   0.0%
----------------------------------------------------------------
Total                  1.15e-04   2.88e-04   4.66e-09   4.03e-04 100.0%
                          28.5%      71.5%       0.0%

======================= Slowest Corner ===================================

Group                  Internal  Switching    Leakage      Total
                          Power      Power      Power      Power (Watts)
----------------------------------------------------------------
Sequential             0.00e+00   0.00e+00   0.00e+00   0.00e+00   0.0%
Combinational          8.36e-05   1.93e-04   1.86e-06   2.79e-04 100.0%
Clock                 -1.25e-10   0.00e+00   1.23e-09   1.11e-09   0.0%
Macro                  0.00e+00   0.00e+00   0.00e+00   0.00e+00   0.0%
Pad                    0.00e+00   0.00e+00   0.00e+00   0.00e+00   0.0%
----------------------------------------------------------------
Total                  8.36e-05   1.93e-04   1.86e-06   2.79e-04 100.0%
                          30.0%      69.3%       0.7%

======================= Typical Corner ===================================

Group                  Internal  Switching    Leakage      Total
                          Power      Power      Power      Power (Watts)
----------------------------------------------------------------
Sequential             0.00e+00   0.00e+00   0.00e+00   0.00e+00   0.0%
Combinational          1.04e-04   2.45e-04   1.43e-09   3.49e-04 100.0%
Clock                  1.73e-11   0.00e+00   1.22e-09   1.24e-09   0.0%
Macro                  0.00e+00   0.00e+00   0.00e+00   0.00e+00   0.0%
Pad                    0.00e+00   0.00e+00   0.00e+00   0.00e+00   0.0%
----------------------------------------------------------------
Total                  1.04e-04   2.45e-04   2.65e-09   3.49e-04 100.0%
                          29.8%      70.2%       0.0%

