
===========================================================================
 report_power
============================================================================
======================= Fastest Corner ===================================

Group                  Internal  Switching    Leakage      Total
                          Power      Power      Power      Power (Watts)
----------------------------------------------------------------
Sequential             6.01e-03   9.06e-04   1.49e-08   6.91e-03  36.9%
Combinational          4.48e-03   3.62e-03   5.21e-08   8.10e-03  43.3%
Clock                  1.30e-03   2.40e-03   1.33e-08   3.70e-03  19.8%
Macro                  0.00e+00   0.00e+00   0.00e+00   0.00e+00   0.0%
Pad                    0.00e+00   0.00e+00   0.00e+00   0.00e+00   0.0%
----------------------------------------------------------------
Total                  1.18e-02   6.92e-03   8.02e-08   1.87e-02 100.0%
                          63.0%      37.0%       0.0%

======================= Slowest Corner ===================================

Group                  Internal  Switching    Leakage      Total
                          Power      Power      Power      Power (Watts)
----------------------------------------------------------------
Sequential             4.07e-03   5.78e-04   1.48e-05   4.66e-03  36.7%
Combinational          3.11e-03   2.39e-03   3.80e-05   5.54e-03  43.7%
Clock                  9.24e-04   1.56e-03   1.59e-06   2.48e-03  19.6%
Macro                  0.00e+00   0.00e+00   0.00e+00   0.00e+00   0.0%
Pad                    0.00e+00   0.00e+00   0.00e+00   0.00e+00   0.0%
----------------------------------------------------------------
Total                  8.10e-03   4.53e-03   5.45e-05   1.27e-02 100.0%
                          63.9%      35.7%       0.4%

======================= Typical Corner ===================================

Group                  Internal  Switching    Leakage      Total
                          Power      Power      Power      Power (Watts)
----------------------------------------------------------------
Sequential             5.20e-03   7.51e-04   8.57e-09   5.95e-03  37.0%
Combinational          3.94e-03   3.05e-03   2.62e-08   6.98e-03  43.4%
Clock                  1.13e-03   2.02e-03   9.37e-09   3.15e-03  19.6%
Macro                  0.00e+00   0.00e+00   0.00e+00   0.00e+00   0.0%
Pad                    0.00e+00   0.00e+00   0.00e+00   0.00e+00   0.0%
----------------------------------------------------------------
Total                  1.03e-02   5.82e-03   4.41e-08   1.61e-02 100.0%
                          63.8%      36.2%       0.0%

