
===========================================================================
report_checks -unconstrained
===========================================================================
======================= Fastest Corner ===================================

Startpoint: _4596_ (rising edge-triggered flip-flop clocked by core_clock)
Endpoint: _4432_ (rising edge-triggered flip-flop clocked by core_clock)
Path Group: core_clock
Path Type: max
Corner: Fastest

Fanout     Cap    Slew   Delay    Time   Description
-----------------------------------------------------------------------------
                          0.00    0.00   clock core_clock (rise edge)
                          0.00    0.00   clock source latency
     2    0.16    0.00    0.00    0.00 ^ clk (in)
                                         clk (net)
                  0.02    0.01    0.01 ^ clkbuf_0_clk/A (sky130_fd_sc_hd__clkbuf_16)
    16    0.18    0.15    0.17    0.18 ^ clkbuf_0_clk/X (sky130_fd_sc_hd__clkbuf_16)
                                         clknet_0_clk (net)
                  0.15    0.00    0.18 ^ clkbuf_3_2__f_clk/A (sky130_fd_sc_hd__clkbuf_16)
    18    0.09    0.08    0.15    0.33 ^ clkbuf_3_2__f_clk/X (sky130_fd_sc_hd__clkbuf_16)
                                         clknet_3_2__leaf_clk (net)
                  0.08    0.00    0.34 ^ clkbuf_leaf_12_clk/A (sky130_fd_sc_hd__clkbuf_8)
     7    0.02    0.04    0.11    0.44 ^ clkbuf_leaf_12_clk/X (sky130_fd_sc_hd__clkbuf_8)
                                         clknet_leaf_12_clk (net)
                  0.04    0.00    0.44 ^ _4596_/CLK (sky130_fd_sc_hd__dfrtp_4)
     7    0.03    0.06    0.32    0.77 v _4596_/Q (sky130_fd_sc_hd__dfrtp_4)
                                         IM.address[0] (net)
                  0.06    0.00    0.77 v rebuffer35/A (sky130_fd_sc_hd__dlygate4sd1_1)
     2    0.01    0.03    0.16    0.93 v rebuffer35/X (sky130_fd_sc_hd__dlygate4sd1_1)
                                         net69 (net)
                  0.03    0.00    0.93 v _2190_/B_N (sky130_fd_sc_hd__or2b_4)
     4    0.04    0.10    0.19    1.12 ^ _2190_/X (sky130_fd_sc_hd__or2b_4)
                                         _0446_ (net)
                  0.10    0.00    1.12 ^ _2204_/A2 (sky130_fd_sc_hd__a21o_1)
     2    0.01    0.10    0.13    1.25 ^ _2204_/X (sky130_fd_sc_hd__a21o_1)
                                         _0460_ (net)
                  0.10    0.00    1.25 ^ _2206_/B (sky130_fd_sc_hd__and3_4)
     3    0.02    0.07    0.15    1.40 ^ _2206_/X (sky130_fd_sc_hd__and3_4)
                                         _0462_ (net)
                  0.07    0.00    1.40 ^ _2216_/A (sky130_fd_sc_hd__buf_12)
    16    0.10    0.09    0.12    1.52 ^ _2216_/X (sky130_fd_sc_hd__buf_12)
                                         _0472_ (net)
                  0.09    0.01    1.53 ^ _2217_/A (sky130_fd_sc_hd__buf_12)
    20    0.12    0.11    0.13    1.66 ^ _2217_/X (sky130_fd_sc_hd__buf_12)
                                         _0473_ (net)
                  0.11    0.01    1.67 ^ _2299_/A (sky130_fd_sc_hd__buf_6)
    20    0.07    0.11    0.13    1.80 ^ _2299_/X (sky130_fd_sc_hd__buf_6)
                                         _0555_ (net)
                  0.11    0.00    1.81 ^ _2300_/A (sky130_fd_sc_hd__buf_4)
    20    0.07    0.15    0.18    1.98 ^ _2300_/X (sky130_fd_sc_hd__buf_4)
                                         _0556_ (net)
                  0.15    0.00    1.99 ^ _2301_/A (sky130_fd_sc_hd__buf_4)
    20    0.08    0.17    0.19    2.18 ^ _2301_/X (sky130_fd_sc_hd__buf_4)
                                         _0557_ (net)
                  0.17    0.00    2.18 ^ _2394_/A (sky130_fd_sc_hd__buf_4)
    20    0.08    0.17    0.19    2.37 ^ _2394_/X (sky130_fd_sc_hd__buf_4)
                                         _0650_ (net)
                  0.17    0.00    2.37 ^ _2583_/S (sky130_fd_sc_hd__mux2_1)
     1    0.01    0.05    0.20    2.58 v _2583_/X (sky130_fd_sc_hd__mux2_1)
                                         _0839_ (net)
                  0.05    0.00    2.58 v _2586_/A2 (sky130_fd_sc_hd__a211o_1)
     1    0.01    0.05    0.20    2.78 v _2586_/X (sky130_fd_sc_hd__a211o_1)
                                         _0842_ (net)
                  0.05    0.00    2.78 v _2587_/B1 (sky130_fd_sc_hd__o211a_1)
     2    0.02    0.08    0.13    2.91 v _2587_/X (sky130_fd_sc_hd__o211a_1)
                                         _0843_ (net)
                  0.08    0.00    2.91 v _2588_/B1 (sky130_fd_sc_hd__a21oi_4)
    10    0.04    0.24    0.16    3.07 ^ _2588_/Y (sky130_fd_sc_hd__a21oi_4)
                                         _0844_ (net)
                  0.24    0.00    3.07 ^ _2946_/B (sky130_fd_sc_hd__and4_1)
     1    0.01    0.08    0.16    3.24 ^ _2946_/X (sky130_fd_sc_hd__and4_1)
                                         _1197_ (net)
                  0.08    0.00    3.24 ^ _2954_/B (sky130_fd_sc_hd__and3_2)
    14    0.05    0.18    0.22    3.46 ^ _2954_/X (sky130_fd_sc_hd__and3_2)
                                         _1205_ (net)
                  0.18    0.00    3.46 ^ _2955_/A (sky130_fd_sc_hd__buf_2)
    20    0.05    0.20    0.22    3.68 ^ _2955_/X (sky130_fd_sc_hd__buf_2)
                                         _1206_ (net)
                  0.20    0.00    3.68 ^ _2956_/A (sky130_fd_sc_hd__buf_2)
    20    0.05    0.20    0.21    3.90 ^ _2956_/X (sky130_fd_sc_hd__buf_2)
                                         _1207_ (net)
                  0.20    0.00    3.90 ^ _2957_/A (sky130_fd_sc_hd__buf_2)
    20    0.05    0.19    0.21    4.11 ^ _2957_/X (sky130_fd_sc_hd__buf_2)
                                         _1208_ (net)
                  0.19    0.00    4.11 ^ _3319_/A (sky130_fd_sc_hd__and2_1)
     2    0.01    0.10    0.14    4.25 ^ _3319_/X (sky130_fd_sc_hd__and2_1)
                                         _1550_ (net)
                  0.10    0.00    4.25 ^ _3320_/A1 (sky130_fd_sc_hd__mux2_1)
     2    0.01    0.05    0.10    4.35 ^ _3320_/X (sky130_fd_sc_hd__mux2_1)
                                         _1551_ (net)
                  0.05    0.00    4.35 ^ _3459_/B (sky130_fd_sc_hd__nor2_1)
     1    0.00    0.05    0.03    4.38 v _3459_/Y (sky130_fd_sc_hd__nor2_1)
                                         _1682_ (net)
                  0.05    0.00    4.38 v _3465_/A2 (sky130_fd_sc_hd__o41a_2)
     2    0.03    0.10    0.35    4.73 v _3465_/X (sky130_fd_sc_hd__o41a_2)
                                         _1688_ (net)
                  0.10    0.00    4.73 v _3466_/B1 (sky130_fd_sc_hd__o21ai_4)
    14    0.11    0.58    0.23    4.96 ^ _3466_/Y (sky130_fd_sc_hd__o21ai_4)
                                         net23 (net)
                  0.58    0.02    4.98 ^ _3772_/A0 (sky130_fd_sc_hd__mux2_1)
     1    0.00    0.04    0.10    5.09 ^ _3772_/X (sky130_fd_sc_hd__mux2_1)
                                         _1867_ (net)
                  0.04    0.00    5.09 ^ _3773_/A (sky130_fd_sc_hd__clkbuf_1)
     1    0.00    0.03    0.05    5.14 ^ _3773_/X (sky130_fd_sc_hd__clkbuf_1)
                                         _0129_ (net)
                  0.03    0.00    5.14 ^ _4432_/D (sky130_fd_sc_hd__dfxtp_1)
                                  5.14   data arrival time

                         10.00   10.00   clock core_clock (rise edge)
                          0.00   10.00   clock source latency
     2    0.16    0.00    0.00   10.00 ^ clk (in)
                                         clk (net)
                  0.02    0.01   10.01 ^ clkbuf_0_clk/A (sky130_fd_sc_hd__clkbuf_16)
    16    0.18    0.15    0.17   10.18 ^ clkbuf_0_clk/X (sky130_fd_sc_hd__clkbuf_16)
                                         clknet_0_clk (net)
                  0.15    0.00   10.18 ^ clkbuf_3_5__f_clk/A (sky130_fd_sc_hd__clkbuf_16)
    22    0.10    0.09    0.16   10.34 ^ clkbuf_3_5__f_clk/X (sky130_fd_sc_hd__clkbuf_16)
                                         clknet_3_5__leaf_clk (net)
                  0.09    0.00   10.34 ^ clkbuf_leaf_45_clk/A (sky130_fd_sc_hd__clkbuf_8)
     6    0.02    0.04    0.10   10.44 ^ clkbuf_leaf_45_clk/X (sky130_fd_sc_hd__clkbuf_8)
                                         clknet_leaf_45_clk (net)
                  0.04    0.00   10.44 ^ _4432_/CLK (sky130_fd_sc_hd__dfxtp_1)
                          0.00   10.44   clock reconvergence pessimism
                         -0.03   10.42   library setup time
                                 10.42   data required time
-----------------------------------------------------------------------------
                                 10.42   data required time
                                 -5.14   data arrival time
-----------------------------------------------------------------------------
                                  5.27   slack (MET)



======================= Slowest Corner ===================================

Startpoint: _4599_ (rising edge-triggered flip-flop clocked by core_clock)
Endpoint: _4432_ (rising edge-triggered flip-flop clocked by core_clock)
Path Group: core_clock
Path Type: max
Corner: Slowest

Fanout     Cap    Slew   Delay    Time   Description
-----------------------------------------------------------------------------
                          0.00    0.00   clock core_clock (rise edge)
                          0.00    0.00   clock source latency
     2    0.16    0.00    0.00    0.00 ^ clk (in)
                                         clk (net)
                  0.02    0.01    0.01 ^ clkbuf_0_clk/A (sky130_fd_sc_hd__clkbuf_16)
    16    0.18    0.29    0.38    0.39 ^ clkbuf_0_clk/X (sky130_fd_sc_hd__clkbuf_16)
                                         clknet_0_clk (net)
                  0.29    0.00    0.39 ^ clkbuf_3_2__f_clk/A (sky130_fd_sc_hd__clkbuf_16)
    18    0.09    0.17    0.40    0.80 ^ clkbuf_3_2__f_clk/X (sky130_fd_sc_hd__clkbuf_16)
                                         clknet_3_2__leaf_clk (net)
                  0.17    0.00    0.80 ^ clkbuf_leaf_12_clk/A (sky130_fd_sc_hd__clkbuf_8)
     7    0.02    0.09    0.29    1.09 ^ clkbuf_leaf_12_clk/X (sky130_fd_sc_hd__clkbuf_8)
                                         clknet_leaf_12_clk (net)
                  0.09    0.00    1.09 ^ _4599_/CLK (sky130_fd_sc_hd__dfrtp_4)
     4    0.02    0.16    1.07    2.16 v _4599_/Q (sky130_fd_sc_hd__dfrtp_4)
                                         IM.address[3] (net)
                  0.16    0.00    2.16 v _2155_/A (sky130_fd_sc_hd__or4b_4)
     3    0.02    0.20    1.17    3.33 v _2155_/X (sky130_fd_sc_hd__or4b_4)
                                         _0411_ (net)
                  0.20    0.00    3.33 v _2203_/A2_N (sky130_fd_sc_hd__o2bb2a_4)
     2    0.01    0.07    0.43    3.76 ^ _2203_/X (sky130_fd_sc_hd__o2bb2a_4)
                                         _0459_ (net)
                  0.07    0.00    3.76 ^ _2206_/A (sky130_fd_sc_hd__and3_4)
     3    0.02    0.17    0.46    4.22 ^ _2206_/X (sky130_fd_sc_hd__and3_4)
                                         _0462_ (net)
                  0.17    0.00    4.22 ^ _2216_/A (sky130_fd_sc_hd__buf_12)
    16    0.10    0.19    0.31    4.54 ^ _2216_/X (sky130_fd_sc_hd__buf_12)
                                         _0472_ (net)
                  0.19    0.01    4.55 ^ _2217_/A (sky130_fd_sc_hd__buf_12)
    20    0.12    0.22    0.35    4.90 ^ _2217_/X (sky130_fd_sc_hd__buf_12)
                                         _0473_ (net)
                  0.22    0.01    4.90 ^ _2299_/A (sky130_fd_sc_hd__buf_6)
    20    0.07    0.23    0.37    5.27 ^ _2299_/X (sky130_fd_sc_hd__buf_6)
                                         _0555_ (net)
                  0.23    0.00    5.27 ^ _2300_/A (sky130_fd_sc_hd__buf_4)
    20    0.07    0.32    0.46    5.74 ^ _2300_/X (sky130_fd_sc_hd__buf_4)
                                         _0556_ (net)
                  0.32    0.00    5.74 ^ _2301_/A (sky130_fd_sc_hd__buf_4)
    20    0.08    0.36    0.53    6.27 ^ _2301_/X (sky130_fd_sc_hd__buf_4)
                                         _0557_ (net)
                  0.36    0.00    6.27 ^ _2394_/A (sky130_fd_sc_hd__buf_4)
    20    0.08    0.35    0.54    6.81 ^ _2394_/X (sky130_fd_sc_hd__buf_4)
                                         _0650_ (net)
                  0.35    0.00    6.81 ^ _2583_/S (sky130_fd_sc_hd__mux2_1)
     1    0.01    0.13    0.83    7.63 v _2583_/X (sky130_fd_sc_hd__mux2_1)
                                         _0839_ (net)
                  0.13    0.00    7.63 v _2586_/A2 (sky130_fd_sc_hd__a211o_1)
     1    0.01    0.13    0.62    8.25 v _2586_/X (sky130_fd_sc_hd__a211o_1)
                                         _0842_ (net)
                  0.13    0.00    8.25 v _2587_/B1 (sky130_fd_sc_hd__o211a_1)
     2    0.02    0.23    0.40    8.65 v _2587_/X (sky130_fd_sc_hd__o211a_1)
                                         _0843_ (net)
                  0.23    0.00    8.65 v _2588_/B1 (sky130_fd_sc_hd__a21oi_4)
    10    0.04    0.51    0.52    9.17 ^ _2588_/Y (sky130_fd_sc_hd__a21oi_4)
                                         _0844_ (net)
                  0.51    0.00    9.17 ^ _2946_/B (sky130_fd_sc_hd__and4_1)
     1    0.01    0.18    0.59    9.76 ^ _2946_/X (sky130_fd_sc_hd__and4_1)
                                         _1197_ (net)
                  0.18    0.00    9.76 ^ _2954_/B (sky130_fd_sc_hd__and3_2)
    14    0.05    0.40    0.67   10.43 ^ _2954_/X (sky130_fd_sc_hd__and3_2)
                                         _1205_ (net)
                  0.40    0.00   10.43 ^ _2955_/A (sky130_fd_sc_hd__buf_2)
    20    0.06    0.43    0.60   11.03 ^ _2955_/X (sky130_fd_sc_hd__buf_2)
                                         _1206_ (net)
                  0.43    0.00   11.03 ^ _2956_/A (sky130_fd_sc_hd__buf_2)
    20    0.06    0.43    0.60   11.64 ^ _2956_/X (sky130_fd_sc_hd__buf_2)
                                         _1207_ (net)
                  0.43    0.00   11.64 ^ _3024_/B (sky130_fd_sc_hd__nand3_1)
     3    0.01    0.38    0.48   12.12 v _3024_/Y (sky130_fd_sc_hd__nand3_1)
                                         _1271_ (net)
                  0.38    0.00   12.12 v _3031_/A0 (sky130_fd_sc_hd__mux2_1)
     3    0.02    0.22    0.91   13.03 v _3031_/X (sky130_fd_sc_hd__mux2_1)
                                         _1278_ (net)
                  0.22    0.00   13.03 v _3173_/A0 (sky130_fd_sc_hd__mux2_1)
     2    0.01    0.14    0.73   13.76 v _3173_/X (sky130_fd_sc_hd__mux2_1)
                                         _1412_ (net)
                  0.14    0.00   13.76 v _3464_/A (sky130_fd_sc_hd__or2_1)
     1    0.00    0.10    0.53   14.29 v _3464_/X (sky130_fd_sc_hd__or2_1)
                                         _1687_ (net)
                  0.10    0.00   14.29 v _3465_/B1 (sky130_fd_sc_hd__o41a_2)
     2    0.03    0.26    0.36   14.66 v _3465_/X (sky130_fd_sc_hd__o41a_2)
                                         _1688_ (net)
                  0.26    0.00   14.66 v _3466_/B1 (sky130_fd_sc_hd__o21ai_4)
    14    0.12    1.25    0.53   15.19 ^ _3466_/Y (sky130_fd_sc_hd__o21ai_4)
                                         net23 (net)
                  1.25    0.02   15.21 ^ _3772_/A0 (sky130_fd_sc_hd__mux2_1)
     1    0.00    0.12    0.57   15.78 ^ _3772_/X (sky130_fd_sc_hd__mux2_1)
                                         _1867_ (net)
                  0.12    0.00   15.78 ^ _3773_/A (sky130_fd_sc_hd__clkbuf_1)
     1    0.00    0.07    0.16   15.95 ^ _3773_/X (sky130_fd_sc_hd__clkbuf_1)
                                         _0129_ (net)
                  0.07    0.00   15.95 ^ _4432_/D (sky130_fd_sc_hd__dfxtp_1)
                                 15.95   data arrival time

                         10.00   10.00   clock core_clock (rise edge)
                          0.00   10.00   clock source latency
     2    0.16    0.00    0.00   10.00 ^ clk (in)
                                         clk (net)
                  0.02    0.01   10.01 ^ clkbuf_0_clk/A (sky130_fd_sc_hd__clkbuf_16)
    16    0.18    0.29    0.38   10.39 ^ clkbuf_0_clk/X (sky130_fd_sc_hd__clkbuf_16)
                                         clknet_0_clk (net)
                  0.29    0.00   10.39 ^ clkbuf_3_5__f_clk/A (sky130_fd_sc_hd__clkbuf_16)
    22    0.10    0.18    0.41   10.80 ^ clkbuf_3_5__f_clk/X (sky130_fd_sc_hd__clkbuf_16)
                                         clknet_3_5__leaf_clk (net)
                  0.18    0.00   10.81 ^ clkbuf_leaf_45_clk/A (sky130_fd_sc_hd__clkbuf_8)
     6    0.02    0.08    0.28   11.09 ^ clkbuf_leaf_45_clk/X (sky130_fd_sc_hd__clkbuf_8)
                                         clknet_leaf_45_clk (net)
                  0.08    0.00   11.09 ^ _4432_/CLK (sky130_fd_sc_hd__dfxtp_1)
                          0.00   11.09   clock reconvergence pessimism
                         -0.13   10.96   library setup time
                                 10.96   data required time
-----------------------------------------------------------------------------
                                 10.96   data required time
                                -15.95   data arrival time
-----------------------------------------------------------------------------
                                 -4.99   slack (VIOLATED)



======================= Typical Corner ===================================

Startpoint: _4599_ (rising edge-triggered flip-flop clocked by core_clock)
Endpoint: _4432_ (rising edge-triggered flip-flop clocked by core_clock)
Path Group: core_clock
Path Type: max
Corner: Typical

Fanout     Cap    Slew   Delay    Time   Description
-----------------------------------------------------------------------------
                          0.00    0.00   clock core_clock (rise edge)
                          0.00    0.00   clock source latency
     2    0.16    0.00    0.00    0.00 ^ clk (in)
                                         clk (net)
                  0.02    0.01    0.01 ^ clkbuf_0_clk/A (sky130_fd_sc_hd__clkbuf_16)
    16    0.18    0.19    0.23    0.24 ^ clkbuf_0_clk/X (sky130_fd_sc_hd__clkbuf_16)
                                         clknet_0_clk (net)
                  0.19    0.00    0.24 ^ clkbuf_3_2__f_clk/A (sky130_fd_sc_hd__clkbuf_16)
    18    0.09    0.11    0.23    0.47 ^ clkbuf_3_2__f_clk/X (sky130_fd_sc_hd__clkbuf_16)
                                         clknet_3_2__leaf_clk (net)
                  0.11    0.00    0.47 ^ clkbuf_leaf_12_clk/A (sky130_fd_sc_hd__clkbuf_8)
     7    0.02    0.06    0.16    0.63 ^ clkbuf_leaf_12_clk/X (sky130_fd_sc_hd__clkbuf_8)
                                         clknet_leaf_12_clk (net)
                  0.06    0.00    0.64 ^ _4599_/CLK (sky130_fd_sc_hd__dfrtp_4)
     4    0.02    0.08    0.51    1.14 v _4599_/Q (sky130_fd_sc_hd__dfrtp_4)
                                         IM.address[3] (net)
                  0.08    0.00    1.14 v _2155_/A (sky130_fd_sc_hd__or4b_4)
     3    0.02    0.11    0.59    1.73 v _2155_/X (sky130_fd_sc_hd__or4b_4)
                                         _0411_ (net)
                  0.11    0.00    1.73 v _2203_/A2_N (sky130_fd_sc_hd__o2bb2a_4)
     2    0.01    0.04    0.22    1.96 ^ _2203_/X (sky130_fd_sc_hd__o2bb2a_4)
                                         _0459_ (net)
                  0.04    0.00    1.96 ^ _2206_/A (sky130_fd_sc_hd__and3_4)
     3    0.02    0.09    0.21    2.17 ^ _2206_/X (sky130_fd_sc_hd__and3_4)
                                         _0462_ (net)
                  0.09    0.00    2.17 ^ _2216_/A (sky130_fd_sc_hd__buf_12)
    16    0.10    0.12    0.17    2.34 ^ _2216_/X (sky130_fd_sc_hd__buf_12)
                                         _0472_ (net)
                  0.12    0.01    2.35 ^ _2217_/A (sky130_fd_sc_hd__buf_12)
    20    0.12    0.14    0.19    2.55 ^ _2217_/X (sky130_fd_sc_hd__buf_12)
                                         _0473_ (net)
                  0.14    0.01    2.56 ^ _2299_/A (sky130_fd_sc_hd__buf_6)
    20    0.07    0.14    0.20    2.76 ^ _2299_/X (sky130_fd_sc_hd__buf_6)
                                         _0555_ (net)
                  0.14    0.00    2.76 ^ _2300_/A (sky130_fd_sc_hd__buf_4)
    20    0.07    0.20    0.26    3.02 ^ _2300_/X (sky130_fd_sc_hd__buf_4)
                                         _0556_ (net)
                  0.20    0.00    3.03 ^ _2301_/A (sky130_fd_sc_hd__buf_4)
    20    0.08    0.22    0.29    3.32 ^ _2301_/X (sky130_fd_sc_hd__buf_4)
                                         _0557_ (net)
                  0.22    0.00    3.32 ^ _2394_/A (sky130_fd_sc_hd__buf_4)
    20    0.08    0.22    0.29    3.61 ^ _2394_/X (sky130_fd_sc_hd__buf_4)
                                         _0650_ (net)
                  0.22    0.00    3.61 ^ _2583_/S (sky130_fd_sc_hd__mux2_1)
     1    0.01    0.07    0.36    3.97 v _2583_/X (sky130_fd_sc_hd__mux2_1)
                                         _0839_ (net)
                  0.07    0.00    3.97 v _2586_/A2 (sky130_fd_sc_hd__a211o_1)
     1    0.01    0.07    0.32    4.29 v _2586_/X (sky130_fd_sc_hd__a211o_1)
                                         _0842_ (net)
                  0.07    0.00    4.29 v _2587_/B1 (sky130_fd_sc_hd__o211a_1)
     2    0.02    0.12    0.21    4.50 v _2587_/X (sky130_fd_sc_hd__o211a_1)
                                         _0843_ (net)
                  0.12    0.00    4.50 v _2588_/B1 (sky130_fd_sc_hd__a21oi_4)
    10    0.04    0.32    0.31    4.81 ^ _2588_/Y (sky130_fd_sc_hd__a21oi_4)
                                         _0844_ (net)
                  0.32    0.00    4.81 ^ _2946_/B (sky130_fd_sc_hd__and4_1)
     1    0.01    0.11    0.29    5.10 ^ _2946_/X (sky130_fd_sc_hd__and4_1)
                                         _1197_ (net)
                  0.11    0.00    5.10 ^ _2954_/B (sky130_fd_sc_hd__and3_2)
    14    0.05    0.24    0.35    5.44 ^ _2954_/X (sky130_fd_sc_hd__and3_2)
                                         _1205_ (net)
                  0.24    0.00    5.45 ^ _2955_/A (sky130_fd_sc_hd__buf_2)
    20    0.06    0.27    0.33    5.77 ^ _2955_/X (sky130_fd_sc_hd__buf_2)
                                         _1206_ (net)
                  0.27    0.00    5.77 ^ _2956_/A (sky130_fd_sc_hd__buf_2)
    20    0.05    0.27    0.33    6.11 ^ _2956_/X (sky130_fd_sc_hd__buf_2)
                                         _1207_ (net)
                  0.27    0.00    6.11 ^ _3024_/B (sky130_fd_sc_hd__nand3_1)
     3    0.01    0.17    0.21    6.32 v _3024_/Y (sky130_fd_sc_hd__nand3_1)
                                         _1271_ (net)
                  0.17    0.00    6.32 v _3031_/A0 (sky130_fd_sc_hd__mux2_1)
     3    0.02    0.11    0.40    6.72 v _3031_/X (sky130_fd_sc_hd__mux2_1)
                                         _1278_ (net)
                  0.11    0.00    6.72 v _3173_/A0 (sky130_fd_sc_hd__mux2_1)
     2    0.01    0.07    0.32    7.04 v _3173_/X (sky130_fd_sc_hd__mux2_1)
                                         _1412_ (net)
                  0.07    0.00    7.04 v _3464_/A (sky130_fd_sc_hd__or2_1)
     1    0.00    0.05    0.23    7.27 v _3464_/X (sky130_fd_sc_hd__or2_1)
                                         _1687_ (net)
                  0.05    0.00    7.27 v _3465_/B1 (sky130_fd_sc_hd__o41a_2)
     2    0.03    0.14    0.18    7.46 v _3465_/X (sky130_fd_sc_hd__o41a_2)
                                         _1688_ (net)
                  0.14    0.00    7.46 v _3466_/B1 (sky130_fd_sc_hd__o21ai_4)
    14    0.12    0.78    0.32    7.78 ^ _3466_/Y (sky130_fd_sc_hd__o21ai_4)
                                         net23 (net)
                  0.78    0.02    7.80 ^ _3772_/A0 (sky130_fd_sc_hd__mux2_1)
     1    0.00    0.07    0.24    8.04 ^ _3772_/X (sky130_fd_sc_hd__mux2_1)
                                         _1867_ (net)
                  0.07    0.00    8.04 ^ _3773_/A (sky130_fd_sc_hd__clkbuf_1)
     1    0.00    0.04    0.08    8.12 ^ _3773_/X (sky130_fd_sc_hd__clkbuf_1)
                                         _0129_ (net)
                  0.04    0.00    8.12 ^ _4432_/D (sky130_fd_sc_hd__dfxtp_1)
                                  8.12   data arrival time

                         10.00   10.00   clock core_clock (rise edge)
                          0.00   10.00   clock source latency
     2    0.16    0.00    0.00   10.00 ^ clk (in)
                                         clk (net)
                  0.02    0.01   10.01 ^ clkbuf_0_clk/A (sky130_fd_sc_hd__clkbuf_16)
    16    0.18    0.19    0.23   10.24 ^ clkbuf_0_clk/X (sky130_fd_sc_hd__clkbuf_16)
                                         clknet_0_clk (net)
                  0.19    0.00   10.24 ^ clkbuf_3_5__f_clk/A (sky130_fd_sc_hd__clkbuf_16)
    22    0.10    0.11    0.23   10.48 ^ clkbuf_3_5__f_clk/X (sky130_fd_sc_hd__clkbuf_16)
                                         clknet_3_5__leaf_clk (net)
                  0.11    0.00   10.48 ^ clkbuf_leaf_45_clk/A (sky130_fd_sc_hd__clkbuf_8)
     6    0.02    0.05    0.16   10.64 ^ clkbuf_leaf_45_clk/X (sky130_fd_sc_hd__clkbuf_8)
                                         clknet_leaf_45_clk (net)
                  0.05    0.00   10.64 ^ _4432_/CLK (sky130_fd_sc_hd__dfxtp_1)
                          0.00   10.64   clock reconvergence pessimism
                         -0.05   10.58   library setup time
                                 10.58   data required time
-----------------------------------------------------------------------------
                                 10.58   data required time
                                 -8.12   data arrival time
-----------------------------------------------------------------------------
                                  2.46   slack (MET)




===========================================================================
report_checks --slack_max -0.01
============================================================================
======================= Fastest Corner ===================================

No paths found.

======================= Slowest Corner ===================================

Startpoint: _4599_ (rising edge-triggered flip-flop clocked by core_clock)
Endpoint: _4432_ (rising edge-triggered flip-flop clocked by core_clock)
Path Group: core_clock
Path Type: max
Corner: Slowest

Fanout     Cap    Slew   Delay    Time   Description
-----------------------------------------------------------------------------
                          0.00    0.00   clock core_clock (rise edge)
                          0.00    0.00   clock source latency
     2    0.16    0.00    0.00    0.00 ^ clk (in)
                                         clk (net)
                  0.02    0.01    0.01 ^ clkbuf_0_clk/A (sky130_fd_sc_hd__clkbuf_16)
    16    0.18    0.29    0.38    0.39 ^ clkbuf_0_clk/X (sky130_fd_sc_hd__clkbuf_16)
                                         clknet_0_clk (net)
                  0.29    0.00    0.39 ^ clkbuf_3_2__f_clk/A (sky130_fd_sc_hd__clkbuf_16)
    18    0.09    0.17    0.40    0.80 ^ clkbuf_3_2__f_clk/X (sky130_fd_sc_hd__clkbuf_16)
                                         clknet_3_2__leaf_clk (net)
                  0.17    0.00    0.80 ^ clkbuf_leaf_12_clk/A (sky130_fd_sc_hd__clkbuf_8)
     7    0.02    0.09    0.29    1.09 ^ clkbuf_leaf_12_clk/X (sky130_fd_sc_hd__clkbuf_8)
                                         clknet_leaf_12_clk (net)
                  0.09    0.00    1.09 ^ _4599_/CLK (sky130_fd_sc_hd__dfrtp_4)
     4    0.02    0.16    1.07    2.16 v _4599_/Q (sky130_fd_sc_hd__dfrtp_4)
                                         IM.address[3] (net)
                  0.16    0.00    2.16 v _2155_/A (sky130_fd_sc_hd__or4b_4)
     3    0.02    0.20    1.17    3.33 v _2155_/X (sky130_fd_sc_hd__or4b_4)
                                         _0411_ (net)
                  0.20    0.00    3.33 v _2203_/A2_N (sky130_fd_sc_hd__o2bb2a_4)
     2    0.01    0.07    0.43    3.76 ^ _2203_/X (sky130_fd_sc_hd__o2bb2a_4)
                                         _0459_ (net)
                  0.07    0.00    3.76 ^ _2206_/A (sky130_fd_sc_hd__and3_4)
     3    0.02    0.17    0.46    4.22 ^ _2206_/X (sky130_fd_sc_hd__and3_4)
                                         _0462_ (net)
                  0.17    0.00    4.22 ^ _2216_/A (sky130_fd_sc_hd__buf_12)
    16    0.10    0.19    0.31    4.54 ^ _2216_/X (sky130_fd_sc_hd__buf_12)
                                         _0472_ (net)
                  0.19    0.01    4.55 ^ _2217_/A (sky130_fd_sc_hd__buf_12)
    20    0.12    0.22    0.35    4.90 ^ _2217_/X (sky130_fd_sc_hd__buf_12)
                                         _0473_ (net)
                  0.22    0.01    4.90 ^ _2299_/A (sky130_fd_sc_hd__buf_6)
    20    0.07    0.23    0.37    5.27 ^ _2299_/X (sky130_fd_sc_hd__buf_6)
                                         _0555_ (net)
                  0.23    0.00    5.27 ^ _2300_/A (sky130_fd_sc_hd__buf_4)
    20    0.07    0.32    0.46    5.74 ^ _2300_/X (sky130_fd_sc_hd__buf_4)
                                         _0556_ (net)
                  0.32    0.00    5.74 ^ _2301_/A (sky130_fd_sc_hd__buf_4)
    20    0.08    0.36    0.53    6.27 ^ _2301_/X (sky130_fd_sc_hd__buf_4)
                                         _0557_ (net)
                  0.36    0.00    6.27 ^ _2394_/A (sky130_fd_sc_hd__buf_4)
    20    0.08    0.35    0.54    6.81 ^ _2394_/X (sky130_fd_sc_hd__buf_4)
                                         _0650_ (net)
                  0.35    0.00    6.81 ^ _2583_/S (sky130_fd_sc_hd__mux2_1)
     1    0.01    0.13    0.83    7.63 v _2583_/X (sky130_fd_sc_hd__mux2_1)
                                         _0839_ (net)
                  0.13    0.00    7.63 v _2586_/A2 (sky130_fd_sc_hd__a211o_1)
     1    0.01    0.13    0.62    8.25 v _2586_/X (sky130_fd_sc_hd__a211o_1)
                                         _0842_ (net)
                  0.13    0.00    8.25 v _2587_/B1 (sky130_fd_sc_hd__o211a_1)
     2    0.02    0.23    0.40    8.65 v _2587_/X (sky130_fd_sc_hd__o211a_1)
                                         _0843_ (net)
                  0.23    0.00    8.65 v _2588_/B1 (sky130_fd_sc_hd__a21oi_4)
    10    0.04    0.51    0.52    9.17 ^ _2588_/Y (sky130_fd_sc_hd__a21oi_4)
                                         _0844_ (net)
                  0.51    0.00    9.17 ^ _2946_/B (sky130_fd_sc_hd__and4_1)
     1    0.01    0.18    0.59    9.76 ^ _2946_/X (sky130_fd_sc_hd__and4_1)
                                         _1197_ (net)
                  0.18    0.00    9.76 ^ _2954_/B (sky130_fd_sc_hd__and3_2)
    14    0.05    0.40    0.67   10.43 ^ _2954_/X (sky130_fd_sc_hd__and3_2)
                                         _1205_ (net)
                  0.40    0.00   10.43 ^ _2955_/A (sky130_fd_sc_hd__buf_2)
    20    0.06    0.43    0.60   11.03 ^ _2955_/X (sky130_fd_sc_hd__buf_2)
                                         _1206_ (net)
                  0.43    0.00   11.03 ^ _2956_/A (sky130_fd_sc_hd__buf_2)
    20    0.06    0.43    0.60   11.64 ^ _2956_/X (sky130_fd_sc_hd__buf_2)
                                         _1207_ (net)
                  0.43    0.00   11.64 ^ _3024_/B (sky130_fd_sc_hd__nand3_1)
     3    0.01    0.38    0.48   12.12 v _3024_/Y (sky130_fd_sc_hd__nand3_1)
                                         _1271_ (net)
                  0.38    0.00   12.12 v _3031_/A0 (sky130_fd_sc_hd__mux2_1)
     3    0.02    0.22    0.91   13.03 v _3031_/X (sky130_fd_sc_hd__mux2_1)
                                         _1278_ (net)
                  0.22    0.00   13.03 v _3173_/A0 (sky130_fd_sc_hd__mux2_1)
     2    0.01    0.14    0.73   13.76 v _3173_/X (sky130_fd_sc_hd__mux2_1)
                                         _1412_ (net)
                  0.14    0.00   13.76 v _3464_/A (sky130_fd_sc_hd__or2_1)
     1    0.00    0.10    0.53   14.29 v _3464_/X (sky130_fd_sc_hd__or2_1)
                                         _1687_ (net)
                  0.10    0.00   14.29 v _3465_/B1 (sky130_fd_sc_hd__o41a_2)
     2    0.03    0.26    0.36   14.66 v _3465_/X (sky130_fd_sc_hd__o41a_2)
                                         _1688_ (net)
                  0.26    0.00   14.66 v _3466_/B1 (sky130_fd_sc_hd__o21ai_4)
    14    0.12    1.25    0.53   15.19 ^ _3466_/Y (sky130_fd_sc_hd__o21ai_4)
                                         net23 (net)
                  1.25    0.02   15.21 ^ _3772_/A0 (sky130_fd_sc_hd__mux2_1)
     1    0.00    0.12    0.57   15.78 ^ _3772_/X (sky130_fd_sc_hd__mux2_1)
                                         _1867_ (net)
                  0.12    0.00   15.78 ^ _3773_/A (sky130_fd_sc_hd__clkbuf_1)
     1    0.00    0.07    0.16   15.95 ^ _3773_/X (sky130_fd_sc_hd__clkbuf_1)
                                         _0129_ (net)
                  0.07    0.00   15.95 ^ _4432_/D (sky130_fd_sc_hd__dfxtp_1)
                                 15.95   data arrival time

                         10.00   10.00   clock core_clock (rise edge)
                          0.00   10.00   clock source latency
     2    0.16    0.00    0.00   10.00 ^ clk (in)
                                         clk (net)
                  0.02    0.01   10.01 ^ clkbuf_0_clk/A (sky130_fd_sc_hd__clkbuf_16)
    16    0.18    0.29    0.38   10.39 ^ clkbuf_0_clk/X (sky130_fd_sc_hd__clkbuf_16)
                                         clknet_0_clk (net)
                  0.29    0.00   10.39 ^ clkbuf_3_5__f_clk/A (sky130_fd_sc_hd__clkbuf_16)
    22    0.10    0.18    0.41   10.80 ^ clkbuf_3_5__f_clk/X (sky130_fd_sc_hd__clkbuf_16)
                                         clknet_3_5__leaf_clk (net)
                  0.18    0.00   10.81 ^ clkbuf_leaf_45_clk/A (sky130_fd_sc_hd__clkbuf_8)
     6    0.02    0.08    0.28   11.09 ^ clkbuf_leaf_45_clk/X (sky130_fd_sc_hd__clkbuf_8)
                                         clknet_leaf_45_clk (net)
                  0.08    0.00   11.09 ^ _4432_/CLK (sky130_fd_sc_hd__dfxtp_1)
                          0.00   11.09   clock reconvergence pessimism
                         -0.13   10.96   library setup time
                                 10.96   data required time
-----------------------------------------------------------------------------
                                 10.96   data required time
                                -15.95   data arrival time
-----------------------------------------------------------------------------
                                 -4.99   slack (VIOLATED)



======================= Typical Corner ===================================

No paths found.


===========================================================================
 report_check_types -max_slew -max_cap -max_fanout -violators
============================================================================
======================= Fastest Corner ===================================


max slew violations count Fastest: 0
max fanout violations count Fastest: 0
max cap violations count Fastest: 0
======================= Slowest Corner ===================================

max capacitance

Pin                                    Limit     Cap   Slack
------------------------------------------------------------
_3014_/Y                                0.14    0.14   -0.00 (VIOLATED)


max slew violations count Slowest: 0
max fanout violations count Slowest: 0
max cap violations count Slowest: 1
======================= Typical Corner ===================================


max slew violations count Typical: 0
max fanout violations count Typical: 0
max cap violations count Typical: 0

===========================================================================
report_parasitic_annotation -report_unannotated
============================================================================
Found 72 unannotated drivers.
 clkload0/Y
 clkload1/Y
 clkload10/Y
 clkload11/Y
 clkload12/Y
 clkload13/Y
 clkload14/Y
 clkload15/Y
 clkload16/Y
 clkload17/Y
 clkload18/Y
 clkload19/Y
 clkload2/Y
 clkload20/Y
 clkload21/Y
 clkload22/Y
 clkload23/Y
 clkload24/X
 clkload25/X
 clkload26/Y
 clkload27/Y
 clkload28/X
 clkload29/Y
 clkload3/X
 clkload30/Y
 clkload31/Y
 clkload32/Y
 clkload33/Y
 clkload34/X
 clkload35/Y
 clkload36/Y
 clkload37/Y
 clkload38/Y
 clkload39/Y
 clkload4/Y
 clkload40/Y
 clkload41/Y
 clkload42/Y
 clkload43/X
 clkload44/Y
 clkload45/Y
 clkload46/Y
 clkload47/Y
 clkload48/Y
 clkload49/Y
 clkload5/Y
 clkload50/Y
 clkload51/Y
 clkload52/Y
 clkload53/Y
 clkload54/Y
 clkload55/Y
 clkload56/Y
 clkload57/Y
 clkload58/Y
 clkload59/Y
 clkload6/Y
 clkload60/Y
 clkload61/Y
 clkload62/Y
 clkload63/Y
 clkload64/Y
 clkload65/Y
 clkload66/Y
 clkload67/Y
 clkload68/Y
 clkload69/X
 clkload7/Y
 clkload70/Y
 clkload71/X
 clkload8/Y
 clkload9/Y
Found 0 partially unannotated drivers.

===========================================================================
max slew violation count 0
max fanout violation count 0
max cap violation count 1
============================================================================

===========================================================================
check_setup -verbose -unconstrained_endpoints -multiple_clock -no_clock -no_input_delay -loops -generated_clocks
===========================================================================
Warning: There are 2 input ports missing set_input_delay.
  control
  reset
Warning: There are 32 unconstrained endpoints.
  ALUresult[0]
  ALUresult[10]
  ALUresult[11]
  ALUresult[12]
  ALUresult[13]
  ALUresult[14]
  ALUresult[15]
  ALUresult[16]
  ALUresult[17]
  ALUresult[18]
  ALUresult[19]
  ALUresult[1]
  ALUresult[20]
  ALUresult[21]
  ALUresult[22]
  ALUresult[23]
  ALUresult[24]
  ALUresult[25]
  ALUresult[26]
  ALUresult[27]
  ALUresult[28]
  ALUresult[29]
  ALUresult[2]
  ALUresult[30]
  ALUresult[31]
  ALUresult[3]
  ALUresult[4]
  ALUresult[5]
  ALUresult[6]
  ALUresult[7]
  ALUresult[8]
  ALUresult[9]
