
===========================================================================
 report_power
============================================================================
======================= Fastest Corner ===================================

Group                  Internal  Switching    Leakage      Total
                          Power      Power      Power      Power (Watts)
----------------------------------------------------------------
Sequential             2.28e-03   3.49e-04   3.66e-08   2.63e-03  15.3%
Combinational          4.60e-03   7.40e-03   1.47e-08   1.20e-02  69.8%
Clock                  1.52e-03   1.05e-03   1.35e-07   2.57e-03  14.9%
Macro                  0.00e+00   0.00e+00   0.00e+00   0.00e+00   0.0%
Pad                    0.00e+00   0.00e+00   0.00e+00   0.00e+00   0.0%
----------------------------------------------------------------
Total                  8.40e-03   8.80e-03   1.87e-07   1.72e-02 100.0%
                          48.8%      51.2%       0.0%

======================= Slowest Corner ===================================

Group                  Internal  Switching    Leakage      Total
                          Power      Power      Power      Power (Watts)
----------------------------------------------------------------
Sequential             1.55e-03   2.28e-04   5.35e-06   1.78e-03  14.9%
Combinational          3.39e-03   4.95e-03   1.28e-05   8.36e-03  70.2%
Clock                  1.09e-03   6.85e-04   1.72e-06   1.78e-03  14.9%
Macro                  0.00e+00   0.00e+00   0.00e+00   0.00e+00   0.0%
Pad                    0.00e+00   0.00e+00   0.00e+00   0.00e+00   0.0%
----------------------------------------------------------------
Total                  6.02e-03   5.87e-03   1.98e-05   1.19e-02 100.0%
                          50.6%      49.3%       0.2%

======================= Typical Corner ===================================

Group                  Internal  Switching    Leakage      Total
                          Power      Power      Power      Power (Watts)
----------------------------------------------------------------
Sequential             1.97e-03   2.92e-04   3.42e-08   2.27e-03  15.2%
Combinational          4.15e-03   6.28e-03   9.21e-09   1.04e-02  69.9%
Clock                  1.33e-03   8.85e-04   1.32e-07   2.22e-03  14.9%
Macro                  0.00e+00   0.00e+00   0.00e+00   0.00e+00   0.0%
Pad                    0.00e+00   0.00e+00   0.00e+00   0.00e+00   0.0%
----------------------------------------------------------------
Total                  7.46e-03   7.46e-03   1.75e-07   1.49e-02 100.0%
                          50.0%      50.0%       0.0%

